[2025-08-31T14:25:56.001+0000] {taskinstance.py:1083} INFO - Dependencies all met for <TaskInstance: airbyte_dynamic_connection.trigger_airbyte_sync manual__2025-08-31T14:24:26+00:00 [queued]>
[2025-08-31T14:25:56.008+0000] {taskinstance.py:1083} INFO - Dependencies all met for <TaskInstance: airbyte_dynamic_connection.trigger_airbyte_sync manual__2025-08-31T14:24:26+00:00 [queued]>
[2025-08-31T14:25:56.008+0000] {taskinstance.py:1279} INFO - 
--------------------------------------------------------------------------------
[2025-08-31T14:25:56.009+0000] {taskinstance.py:1280} INFO - Starting attempt 1 of 1
[2025-08-31T14:25:56.009+0000] {taskinstance.py:1281} INFO - 
--------------------------------------------------------------------------------
[2025-08-31T14:25:56.015+0000] {taskinstance.py:1300} INFO - Executing <Task(AirbyteTriggerSyncOperator): trigger_airbyte_sync> on 2025-08-31 14:24:26+00:00
[2025-08-31T14:25:56.017+0000] {standard_task_runner.py:55} INFO - Started process 1690 to run task
[2025-08-31T14:25:56.020+0000] {standard_task_runner.py:82} INFO - Running: ['***', 'tasks', 'run', 'airbyte_dynamic_connection', 'trigger_airbyte_sync', 'manual__2025-08-31T14:24:26+00:00', '--job-id', '188', '--raw', '--subdir', 'DAGS_FOLDER/dynamic-airbyte-with-***.py', '--cfg-path', '/tmp/tmp3t3kuzs1']
[2025-08-31T14:25:56.020+0000] {standard_task_runner.py:83} INFO - Job 188: Subtask trigger_airbyte_sync
[2025-08-31T14:25:56.057+0000] {task_command.py:388} INFO - Running <TaskInstance: airbyte_dynamic_connection.trigger_airbyte_sync manual__2025-08-31T14:24:26+00:00 [running]> on host 966b32814b47
[2025-08-31T14:25:56.096+0000] {taskinstance.py:1509} INFO - Exporting the following env vars:
AIRFLOW_CTX_DAG_OWNER=***
AIRFLOW_CTX_DAG_ID=airbyte_dynamic_connection
AIRFLOW_CTX_TASK_ID=trigger_airbyte_sync
AIRFLOW_CTX_EXECUTION_DATE=2025-08-31T14:24:26+00:00
AIRFLOW_CTX_TRY_NUMBER=1
AIRFLOW_CTX_DAG_RUN_ID=manual__2025-08-31T14:24:26+00:00
[2025-08-31T14:25:56.100+0000] {base.py:73} INFO - Using connection ID 'test-dynamic-airbyte-with-***' for task execution.
[2025-08-31T14:25:56.325+0000] {airbyte.py:77} INFO - Job 145 was submitted to Airbyte Server
[2025-08-31T14:25:56.325+0000] {airbyte.py:79} INFO - Waiting for job 145 to complete
[2025-08-31T14:26:26.333+0000] {base.py:73} INFO - Using connection ID 'test-dynamic-airbyte-with-***' for task execution.
[2025-08-31T14:26:26.361+0000] {airbyte.py:81} INFO - Job 145 completed successfully
[2025-08-31T14:26:26.371+0000] {taskinstance.py:1323} INFO - Marking task as SUCCESS. dag_id=airbyte_dynamic_connection, task_id=trigger_airbyte_sync, execution_date=20250831T142426, start_date=20250831T142556, end_date=20250831T142626
[2025-08-31T14:26:26.389+0000] {local_task_job.py:208} INFO - Task exited with return code 0
[2025-08-31T14:26:26.396+0000] {taskinstance.py:2578} INFO - 0 downstream tasks scheduled from follow-on schedule check
