{"timestamp":"2025-10-07T17:06:01.626407","level":"info","event":"DAG bundles loaded: dags-folder, example_dags","logger":"airflow.dag_processing.bundles.manager.DagBundlesManager"}
{"timestamp":"2025-10-07T17:06:01.626949","level":"info","event":"Filling up the DagBag from /opt/airflow/dags/airbyte-and-dbt-with-airflow.py","logger":"airflow.models.dagbag.DagBag"}
{"timestamp":"2025-10-07T17:06:01.648045","level":"info","event":"Trying to parse the dbt project using dbt ls cache cosmos_cache__airbyte_dynamic_connection__dbt_dynamic_alias...","logger":"cosmos.dbt.graph"}
{"timestamp":"2025-10-07T17:06:01.711427","level":"info","event":"Cosmos performance: time to calculate cache identifier cosmos_cache__airbyte_dynamic_connection__dbt_dynamic_alias for current version: 0.05524425000021438","logger":"cosmos.cache"}
{"timestamp":"2025-10-07T17:06:01.711563","level":"info","event":"Cosmos performance [5db252634e93|3928]: The cache size for cosmos_cache__airbyte_dynamic_connection__dbt_dynamic_alias is 4058","logger":"cosmos.dbt.graph"}
{"timestamp":"2025-10-07T17:06:01.712268","level":"info","event":"Cosmos performance: Cache hit for cosmos_cache__airbyte_dynamic_connection__dbt_dynamic_alias - 7f6c90e7b7fbd54d95119723ba858828,d41d8cd98f00b204e9800998ecf8427e","logger":"cosmos.dbt.graph"}
{"timestamp":"2025-10-07T17:06:01.712769","level":"info","event":"Total nodes: 5","logger":"cosmos.dbt.graph"}
{"timestamp":"2025-10-07T17:06:01.712837","level":"info","event":"Total filtered nodes: 5","logger":"cosmos.dbt.graph"}
{"timestamp":"2025-10-07T17:06:01.712931","level":"info","event":"Cosmos performance (airbyte_dynamic_connection__dbt_dynamic_alias) -  [5db252634e93|3928]: It took 0.065s to parse the dbt project for DAG using LoadMode.DBT_LS_CACHE","logger":"cosmos.converter"}
{"timestamp":"2025-10-07T17:06:01.713469","level":"info","event":"Project /opt/airflow/dbt/my_project_dbt does not have {'dependencies.yml', 'packages.yml'}","logger":"cosmos.dbt.project"}
{"timestamp":"2025-10-07T17:06:01.714850","level":"info","event":"Project /opt/airflow/dbt/my_project_dbt does not have {'dependencies.yml', 'packages.yml'}","logger":"cosmos.dbt.project"}
{"timestamp":"2025-10-07T17:06:01.716456","level":"info","event":"Project /opt/airflow/dbt/my_project_dbt does not have {'dependencies.yml', 'packages.yml'}","logger":"cosmos.dbt.project"}
{"timestamp":"2025-10-07T17:06:01.717545","level":"info","event":"Project /opt/airflow/dbt/my_project_dbt does not have {'dependencies.yml', 'packages.yml'}","logger":"cosmos.dbt.project"}
{"timestamp":"2025-10-07T17:06:01.718966","level":"info","event":"Project /opt/airflow/dbt/my_project_dbt does not have {'dependencies.yml', 'packages.yml'}","logger":"cosmos.dbt.project"}
{"timestamp":"2025-10-07T17:06:01.720562","level":"info","event":"Project /opt/airflow/dbt/my_project_dbt does not have {'dependencies.yml', 'packages.yml'}","logger":"cosmos.dbt.project"}
{"timestamp":"2025-10-07T17:06:01.724536","level":"info","event":"Cosmos performance (airbyte_dynamic_connection__dbt_dynamic_alias) - [5db252634e93|3928]: It took 0.0115s to build the Airflow DAG.","logger":"cosmos.converter"}
{"timestamp":"2025-10-07T17:06:01.725944","level":"warning","event":"/home/airflow/.local/lib/python3.12/site-packages/pydantic/main.py:463: UserWarning: Pydantic serializer warnings:\n  PydanticSerializationUnexpectedValue(Expected `str` - serialized value may not be as expected [input_value={'version': '7f6c90e7b7fb...d': 'dbt_dynamic_alias'}, input_type=dict])\n  return self.__pydantic_serializer__.to_python(\n","logger":"py.warnings"}
{"timestamp":"2025-10-07T17:06:01.749953Z","level":"info","event":"Task instance is in running state","chan":"stdout","logger":"task"}
{"timestamp":"2025-10-07T17:06:01.750101Z","level":"info","event":" Previous state of the Task instance: TaskInstanceState.QUEUED","chan":"stdout","logger":"task"}
{"timestamp":"2025-10-07T17:06:01.751485Z","level":"info","event":"Current task name:dbt_dynamic_alias.user_conversion_mart_run","chan":"stdout","logger":"task"}
{"timestamp":"2025-10-07T17:06:01.752154Z","level":"info","event":"Dag name:airbyte_dynamic_connection","chan":"stdout","logger":"task"}
{"timestamp":"2025-10-07T17:06:02.687275","level":"info","event":"dbtRunner is available. Using dbtRunner for invoking dbt.","logger":"cosmos.operators.base"}
{"timestamp":"2025-10-07T17:06:02.687734","level":"info","event":"Cloning project to writable temp directory /tmp/tmpo53tp94e from /opt/airflow/dbt/my_project_dbt","logger":"cosmos.operators.base"}
{"timestamp":"2025-10-07T17:06:02.689528","level":"info","event":"Partial parse is enabled and the latest partial parse file is /tmp/cosmos/airbyte_dynamic_connection__dbt_dynamic_alias/target/partial_parse.msgpack","logger":"cosmos.operators.base"}
{"timestamp":"2025-10-07T17:06:02.693122","level":"info","event":"Profile caching is enable.","logger":"cosmos.config"}
{"timestamp":"2025-10-07T17:06:02.698811","level":"info","event":"Connection Retrieved 'test-airbyte-and-dbt-with-airflow'","logger":"airflow.hooks.base"}
{"timestamp":"2025-10-07T17:06:02.699050","level":"info","event":"Profile found in cache using profile: /tmp/cosmos/profile/2a376c19ef40c3750992fe5768e4b9f3d630cca0747e23a4e93687cdf8a5749c/profiles.yml.","logger":"cosmos.config"}
{"timestamp":"2025-10-07T17:06:02.699342","level":"info","event":"Trying to run dbtRunner with:\n ['run', '--select', 'user_conversion_mart', '--vars', 'source_name: airbyte\\ntable_name: October_7th_weekly_split_with_full_refresh_test\\n', '--project-dir', '/tmp/tmpo53tp94e', '--profiles-dir', '/tmp/cosmos/profile/2a376c19ef40c3750992fe5768e4b9f3d630cca0747e23a4e93687cdf8a5749c', '--profile', 'dbt_postgres_profile', '--target', 'dev', '--no-static-parser']\n in /tmp/tmpo53tp94e","logger":"cosmos.dbt.runner"}
{"timestamp":"2025-10-07T17:06:02.721909Z","level":"info","event":"\u001b[0m17:06:02  Running with dbt=1.8.2","chan":"stdout","logger":"task"}
{"timestamp":"2025-10-07T17:06:02.866646Z","level":"info","event":"\u001b[0m17:06:02  Registered adapter: postgres=1.8.2","chan":"stdout","logger":"task"}
{"timestamp":"2025-10-07T17:06:03.235652Z","level":"info","event":"\u001b[0m17:06:03  Found 5 models, 428 macros","chan":"stdout","logger":"task"}
{"timestamp":"2025-10-07T17:06:03.236922Z","level":"info","event":"\u001b[0m17:06:03","chan":"stdout","logger":"task"}
{"timestamp":"2025-10-07T17:06:03.316143Z","level":"info","event":"\u001b[0m17:06:03  Concurrency: 1 threads (target='dev')","chan":"stdout","logger":"task"}
{"timestamp":"2025-10-07T17:06:03.316360Z","level":"info","event":"\u001b[0m17:06:03","chan":"stdout","logger":"task"}
{"timestamp":"2025-10-07T17:06:03.318175Z","level":"info","event":"\u001b[0m17:06:03  1 of 1 START sql table model dbt.user_conversion_mart .......................... [RUN]","chan":"stdout","logger":"task"}
{"timestamp":"2025-10-07T17:06:03.398340Z","level":"info","event":"\u001b[0m17:06:03  1 of 1 OK created sql table model dbt.user_conversion_mart ..................... [\u001b[32mSELECT 8\u001b[0m in 0.08s]","chan":"stdout","logger":"task"}
{"timestamp":"2025-10-07T17:06:03.416341Z","level":"info","event":"\u001b[0m17:06:03","chan":"stdout","logger":"task"}
{"timestamp":"2025-10-07T17:06:03.417021Z","level":"info","event":"\u001b[0m17:06:03  Finished running 1 table model in 0 hours 0 minutes and 0.18 seconds (0.18s).","chan":"stdout","logger":"task"}
{"timestamp":"2025-10-07T17:06:03.429004Z","level":"info","event":"\u001b[0m17:06:03","chan":"stdout","logger":"task"}
{"timestamp":"2025-10-07T17:06:03.429241Z","level":"info","event":"\u001b[0m17:06:03  \u001b[32mCompleted successfully\u001b[0m","chan":"stdout","logger":"task"}
{"timestamp":"2025-10-07T17:06:03.429448Z","level":"info","event":"\u001b[0m17:06:03","chan":"stdout","logger":"task"}
{"timestamp":"2025-10-07T17:06:03.429593Z","level":"info","event":"\u001b[0m17:06:03  Done. PASS=1 WARN=0 ERROR=0 SKIP=0 TOTAL=1","chan":"stdout","logger":"task"}
{"timestamp":"2025-10-07T17:06:04.372161","level":"warning","event":"\n                Airflow 3.0.0 Asset (Dataset) URIs validation rules changed and OpenLineage URIs (standard used by Cosmos) are no longer accepted.\n                Therefore, if using Cosmos with Airflow 3, the Airflow Asset (Dataset) URI is now <postgres://host.docker.internal:5432/postgres/dbt/airbyte>.\n                Before, with Airflow 2.x, the URI used to be <postgres://host.docker.internal:5432/postgres.dbt.airbyte>.\n                Please, change any DAGs that were scheduled using the old standard to the new one.\n                ","logger":"cosmos.operators.local"}
{"timestamp":"2025-10-07T17:06:04.511484","level":"warning","event":"\n                Airflow 3.0.0 Asset (Dataset) URIs validation rules changed and OpenLineage URIs (standard used by Cosmos) are no longer accepted.\n                Therefore, if using Cosmos with Airflow 3, the Airflow Asset (Dataset) URI is now <postgres://host.docker.internal:5432/postgres/dbt/user_conversion_mart>.\n                Before, with Airflow 2.x, the URI used to be <postgres://host.docker.internal:5432/postgres.dbt.user_conversion_mart>.\n                Please, change any DAGs that were scheduled using the old standard to the new one.\n                ","logger":"cosmos.operators.local"}
{"timestamp":"2025-10-07T17:06:04.512096","level":"info","event":"Inlets: [Asset(name='postgres://host.docker.internal:5432/postgres/dbt/airbyte', uri='postgres://host.docker.internal:5432/postgres/dbt/airbyte', group='asset', extra={}, watchers=[])]","logger":"cosmos.operators.base"}
{"timestamp":"2025-10-07T17:06:04.512255","level":"info","event":"Outlets: [Asset(name='postgres://host.docker.internal:5432/postgres/dbt/user_conversion_mart', uri='postgres://host.docker.internal:5432/postgres/dbt/user_conversion_mart', group='asset', extra={}, watchers=[])]","logger":"cosmos.operators.base"}
{"timestamp":"2025-10-07T17:06:04.512764","level":"info","event":"Assigning outlets with DatasetAlias in Airflow 3","logger":"cosmos.operators.local"}
{"timestamp":"2025-10-07T17:06:04.676221Z","level":"info","event":"Task instance in success state","chan":"stdout","logger":"task"}
{"timestamp":"2025-10-07T17:06:04.676397Z","level":"info","event":" Previous state of the Task instance: TaskInstanceState.RUNNING","chan":"stdout","logger":"task"}
{"timestamp":"2025-10-07T17:06:04.680188Z","level":"info","event":"Task operator:<Task(DbtRunLocalOperator): dbt_dynamic_alias.user_conversion_mart_run>","chan":"stdout","logger":"task"}
{"timestamp":"2025-10-07T17:06:04.703264Z","level":"error","event":"/usr/local/lib/python3.12/multiprocessing/resource_tracker.py:279: UserWarning: resource_tracker: There appear to be 2 leaked semaphore objects to clean up at shutdown","chan":"stderr","logger":"task"}
{"timestamp":"2025-10-07T17:06:04.703756Z","level":"error","event":"  warnings.warn('resource_tracker: There appear to be %d '","chan":"stderr","logger":"task"}
