[2025-09-03T18:57:31.497+0000] {taskinstance.py:1083} INFO - Dependencies all met for <TaskInstance: airbyte_dynamic_connection.create_airbyte_connection manual__2025-09-03T18:56:59+00:00 [queued]>
[2025-09-03T18:57:31.502+0000] {taskinstance.py:1083} INFO - Dependencies all met for <TaskInstance: airbyte_dynamic_connection.create_airbyte_connection manual__2025-09-03T18:56:59+00:00 [queued]>
[2025-09-03T18:57:31.502+0000] {taskinstance.py:1279} INFO - 
--------------------------------------------------------------------------------
[2025-09-03T18:57:31.502+0000] {taskinstance.py:1280} INFO - Starting attempt 1 of 1
[2025-09-03T18:57:31.502+0000] {taskinstance.py:1281} INFO - 
--------------------------------------------------------------------------------
[2025-09-03T18:57:31.507+0000] {taskinstance.py:1300} INFO - Executing <Task(AirbyteConnectionCreator): create_airbyte_connection> on 2025-09-03 18:56:59+00:00
[2025-09-03T18:57:31.510+0000] {standard_task_runner.py:55} INFO - Started process 1551 to run task
[2025-09-03T18:57:31.512+0000] {standard_task_runner.py:82} INFO - Running: ['***', 'tasks', 'run', 'airbyte_dynamic_connection', 'create_airbyte_connection', 'manual__2025-09-03T18:56:59+00:00', '--job-id', '203', '--raw', '--subdir', 'DAGS_FOLDER/dynamic-airbyte-with-***.py', '--cfg-path', '/tmp/tmp4zdfgz4e']
[2025-09-03T18:57:31.512+0000] {standard_task_runner.py:83} INFO - Job 203: Subtask create_airbyte_connection
[2025-09-03T18:57:31.540+0000] {task_command.py:388} INFO - Running <TaskInstance: airbyte_dynamic_connection.create_airbyte_connection manual__2025-09-03T18:56:59+00:00 [running]> on host 966b32814b47
[2025-09-03T18:57:31.566+0000] {taskinstance.py:1509} INFO - Exporting the following env vars:
AIRFLOW_CTX_DAG_OWNER=***
AIRFLOW_CTX_DAG_ID=airbyte_dynamic_connection
AIRFLOW_CTX_TASK_ID=create_airbyte_connection
AIRFLOW_CTX_EXECUTION_DATE=2025-09-03T18:56:59+00:00
AIRFLOW_CTX_TRY_NUMBER=1
AIRFLOW_CTX_DAG_RUN_ID=manual__2025-09-03T18:56:59+00:00
[2025-09-03T18:57:31.719+0000] {dynamic-airbyte-with-airflow.py:115} INFO - ✅ Created Airbyte connection: 1410c4d8-b135-44c7-a647-1af91cb60e0f
[2025-09-03T18:57:51.737+0000] {dynamic-airbyte-with-airflow.py:122} INFO - Airbyte connection already created: 1410c4d8-b135-44c7-a647-1af91cb60e0f
[2025-09-03T18:57:51.782+0000] {dynamic-airbyte-with-airflow.py:139} INFO - Job(s) still running for connection 1410c4d8-b135-44c7-a647-1af91cb60e0f
[2025-09-03T18:58:11.795+0000] {dynamic-airbyte-with-airflow.py:122} INFO - Airbyte connection already created: 1410c4d8-b135-44c7-a647-1af91cb60e0f
[2025-09-03T18:58:11.874+0000] {dynamic-airbyte-with-airflow.py:142} INFO - No running jobs for connection 1410c4d8-b135-44c7-a647-1af91cb60e0f. Proceeding.
[2025-09-03T18:58:11.875+0000] {base.py:228} INFO - Success criteria met. Exiting.
[2025-09-03T18:58:11.899+0000] {taskinstance.py:1323} INFO - Marking task as SUCCESS. dag_id=airbyte_dynamic_connection, task_id=create_airbyte_connection, execution_date=20250903T185659, start_date=20250903T185731, end_date=20250903T185811
[2025-09-03T18:58:11.955+0000] {local_task_job.py:208} INFO - Task exited with return code 0
[2025-09-03T18:58:11.979+0000] {taskinstance.py:2578} INFO - 1 downstream tasks scheduled from follow-on schedule check
