{"timestamp":"2025-09-04T13:24:35.142144","level":"info","event":"DAG bundles loaded: dags-folder, example_dags","logger":"airflow.dag_processing.bundles.manager.DagBundlesManager"}
{"timestamp":"2025-09-04T13:24:35.142500","level":"info","event":"Filling up the DagBag from /opt/airflow/dags/dynamic-airbyte-with-airflow.py","logger":"airflow.models.dagbag.DagBag"}
{"timestamp":"2025-09-04T13:24:35.155807","level":"info","event":"Trying to parse the dbt project using dbt ls cache cosmos_cache__airbyte_dynamic_connection__my_project_dbt_group_11...","logger":"cosmos.dbt.graph"}
{"timestamp":"2025-09-04T13:24:35.192671","level":"info","event":"Cosmos performance: time to calculate cache identifier cosmos_cache__airbyte_dynamic_connection__my_project_dbt_group_11 for current version: 0.027406625013099983","logger":"cosmos.cache"}
{"timestamp":"2025-09-04T13:24:35.192828","level":"info","event":"Cosmos performance [5f5c1e41ce68|117]: The cache size for cosmos_cache__airbyte_dynamic_connection__my_project_dbt_group_11 is 4337","logger":"cosmos.dbt.graph"}
{"timestamp":"2025-09-04T13:24:35.193110","level":"info","event":"Cosmos performance: Cache hit for cosmos_cache__airbyte_dynamic_connection__my_project_dbt_group_11 - 2499a7507d070b7bbbbe009f3f50a3a8,d41d8cd98f00b204e9800998ecf8427e","logger":"cosmos.dbt.graph"}
{"timestamp":"2025-09-04T13:24:35.193580","level":"info","event":"Total nodes: 6","logger":"cosmos.dbt.graph"}
{"timestamp":"2025-09-04T13:24:35.193688","level":"info","event":"Total filtered nodes: 6","logger":"cosmos.dbt.graph"}
{"timestamp":"2025-09-04T13:24:35.193809","level":"info","event":"Cosmos performance (airbyte_dynamic_connection__my_project_dbt_group_11) -  [5f5c1e41ce68|117]: It took 0.0381s to parse the dbt project for DAG using LoadMode.DBT_LS_CACHE","logger":"cosmos.converter"}
{"timestamp":"2025-09-04T13:24:35.194271","level":"info","event":"Project /opt/airflow/dbt/my_project_dbt does not have {'packages.yml', 'dependencies.yml'}","logger":"cosmos.dbt.project"}
{"timestamp":"2025-09-04T13:24:35.195727","level":"info","event":"Project /opt/airflow/dbt/my_project_dbt does not have {'packages.yml', 'dependencies.yml'}","logger":"cosmos.dbt.project"}
{"timestamp":"2025-09-04T13:24:35.196611","level":"info","event":"Project /opt/airflow/dbt/my_project_dbt does not have {'packages.yml', 'dependencies.yml'}","logger":"cosmos.dbt.project"}
{"timestamp":"2025-09-04T13:24:35.197169","level":"info","event":"Project /opt/airflow/dbt/my_project_dbt does not have {'packages.yml', 'dependencies.yml'}","logger":"cosmos.dbt.project"}
{"timestamp":"2025-09-04T13:24:35.197625","level":"info","event":"Project /opt/airflow/dbt/my_project_dbt does not have {'packages.yml', 'dependencies.yml'}","logger":"cosmos.dbt.project"}
{"timestamp":"2025-09-04T13:24:35.197999","level":"info","event":"Project /opt/airflow/dbt/my_project_dbt does not have {'packages.yml', 'dependencies.yml'}","logger":"cosmos.dbt.project"}
{"timestamp":"2025-09-04T13:24:35.199180","level":"info","event":"Cosmos performance (airbyte_dynamic_connection__my_project_dbt_group_11) - [5f5c1e41ce68|117]: It took 0.00538s to build the Airflow DAG.","logger":"cosmos.converter"}
{"timestamp":"2025-09-04T13:24:35.200735","level":"warning","event":"/home/airflow/.local/lib/python3.12/site-packages/pydantic/main.py:463: UserWarning: Pydantic serializer warnings:\n  PydanticSerializationUnexpectedValue(Expected `str` - serialized value may not be as expected [input_value={'version': '2499a7507d07...y_project_dbt_group_11'}, input_type=dict])\n  return self.__pydantic_serializer__.to_python(\n","logger":"py.warnings"}
{"timestamp":"2025-09-04T13:24:35.204537Z","level":"info","event":"Task instance is in running state","chan":"stdout","logger":"task"}
{"timestamp":"2025-09-04T13:24:35.204688Z","level":"info","event":" Previous state of the Task instance: TaskInstanceState.QUEUED","chan":"stdout","logger":"task"}
{"timestamp":"2025-09-04T13:24:35.205414Z","level":"info","event":"Current task name:create_airbyte_connection","chan":"stdout","logger":"task"}
{"timestamp":"2025-09-04T13:24:35.205472Z","level":"info","event":"Dag name:airbyte_dynamic_connection","chan":"stdout","logger":"task"}
{"timestamp":"2025-09-04T13:24:35.326733","level":"info","event":"✅ Created Airbyte connection: 020526c9-a8f9-4cb8-806c-5aa1164c3585","logger":"airflow.task.operators.unusual_prefix_e151c28edc61cde2512bcf1342da210082e12749_dynamic_airbyte_with_airflow.AirbyteConnectionCreator"}
{"timestamp":"2025-09-04T13:24:55.330313","level":"info","event":"Airbyte connection already created: 020526c9-a8f9-4cb8-806c-5aa1164c3585","logger":"airflow.task.operators.unusual_prefix_e151c28edc61cde2512bcf1342da210082e12749_dynamic_airbyte_with_airflow.AirbyteConnectionCreator"}
{"timestamp":"2025-09-04T13:24:55.387290","level":"info","event":"Job(s) still running for connection 020526c9-a8f9-4cb8-806c-5aa1164c3585","logger":"airflow.task.operators.unusual_prefix_e151c28edc61cde2512bcf1342da210082e12749_dynamic_airbyte_with_airflow.AirbyteConnectionCreator"}
{"timestamp":"2025-09-04T13:25:15.390847","level":"info","event":"Airbyte connection already created: 020526c9-a8f9-4cb8-806c-5aa1164c3585","logger":"airflow.task.operators.unusual_prefix_e151c28edc61cde2512bcf1342da210082e12749_dynamic_airbyte_with_airflow.AirbyteConnectionCreator"}
{"timestamp":"2025-09-04T13:25:15.540504","level":"info","event":"Job(s) still running for connection 020526c9-a8f9-4cb8-806c-5aa1164c3585","logger":"airflow.task.operators.unusual_prefix_e151c28edc61cde2512bcf1342da210082e12749_dynamic_airbyte_with_airflow.AirbyteConnectionCreator"}
{"timestamp":"2025-09-04T13:25:35.543146","level":"info","event":"Airbyte connection already created: 020526c9-a8f9-4cb8-806c-5aa1164c3585","logger":"airflow.task.operators.unusual_prefix_e151c28edc61cde2512bcf1342da210082e12749_dynamic_airbyte_with_airflow.AirbyteConnectionCreator"}
{"timestamp":"2025-09-04T13:25:35.588680","level":"info","event":"No running jobs for connection 020526c9-a8f9-4cb8-806c-5aa1164c3585. Proceeding.","logger":"airflow.task.operators.unusual_prefix_e151c28edc61cde2512bcf1342da210082e12749_dynamic_airbyte_with_airflow.AirbyteConnectionCreator"}
{"timestamp":"2025-09-04T13:25:35.588993","level":"info","event":"Success criteria met. Exiting.","logger":"airflow.task.operators.unusual_prefix_e151c28edc61cde2512bcf1342da210082e12749_dynamic_airbyte_with_airflow.AirbyteConnectionCreator"}
{"timestamp":"2025-09-04T13:25:35.607267Z","level":"info","event":"Task instance in success state","chan":"stdout","logger":"task"}
{"timestamp":"2025-09-04T13:25:35.607498Z","level":"info","event":" Previous state of the Task instance: TaskInstanceState.RUNNING","chan":"stdout","logger":"task"}
{"timestamp":"2025-09-04T13:25:35.612372Z","level":"info","event":"Task operator:<Task(AirbyteConnectionCreator): create_airbyte_connection>","chan":"stdout","logger":"task"}
