{"timestamp":"2025-10-07T14:26:24.736687","level":"info","event":"DAG bundles loaded: dags-folder, example_dags","logger":"airflow.dag_processing.bundles.manager.DagBundlesManager"}
{"timestamp":"2025-10-07T14:26:24.736986","level":"info","event":"Filling up the DagBag from /opt/airflow/dags/airbyte-and-dbt-with-airflow.py","logger":"airflow.models.dagbag.DagBag"}
{"timestamp":"2025-10-07T14:26:24.747672","level":"info","event":"Trying to parse the dbt project using dbt ls cache cosmos_cache__airbyte_dynamic_connection__dbt_dynamic_alias...","logger":"cosmos.dbt.graph"}
{"timestamp":"2025-10-07T14:26:24.783955","level":"info","event":"Cosmos performance: time to calculate cache identifier cosmos_cache__airbyte_dynamic_connection__dbt_dynamic_alias for current version: 0.03077250000001186","logger":"cosmos.cache"}
{"timestamp":"2025-10-07T14:26:24.784061","level":"info","event":"Cosmos performance [5db252634e93|217]: The cache size for cosmos_cache__airbyte_dynamic_connection__dbt_dynamic_alias is 4058","logger":"cosmos.dbt.graph"}
{"timestamp":"2025-10-07T14:26:24.784254","level":"info","event":"Cosmos performance: Cache hit for cosmos_cache__airbyte_dynamic_connection__dbt_dynamic_alias - 7f6c90e7b7fbd54d95119723ba858828,d41d8cd98f00b204e9800998ecf8427e","logger":"cosmos.dbt.graph"}
{"timestamp":"2025-10-07T14:26:24.784537","level":"info","event":"Total nodes: 5","logger":"cosmos.dbt.graph"}
{"timestamp":"2025-10-07T14:26:24.784579","level":"info","event":"Total filtered nodes: 5","logger":"cosmos.dbt.graph"}
{"timestamp":"2025-10-07T14:26:24.784626","level":"info","event":"Cosmos performance (airbyte_dynamic_connection__dbt_dynamic_alias) -  [5db252634e93|217]: It took 0.037s to parse the dbt project for DAG using LoadMode.DBT_LS_CACHE","logger":"cosmos.converter"}
{"timestamp":"2025-10-07T14:26:24.784863","level":"info","event":"Project /opt/airflow/dbt/my_project_dbt does not have {'dependencies.yml', 'packages.yml'}","logger":"cosmos.dbt.project"}
{"timestamp":"2025-10-07T14:26:24.785454","level":"info","event":"Project /opt/airflow/dbt/my_project_dbt does not have {'dependencies.yml', 'packages.yml'}","logger":"cosmos.dbt.project"}
{"timestamp":"2025-10-07T14:26:24.786039","level":"info","event":"Project /opt/airflow/dbt/my_project_dbt does not have {'dependencies.yml', 'packages.yml'}","logger":"cosmos.dbt.project"}
{"timestamp":"2025-10-07T14:26:24.786387","level":"info","event":"Project /opt/airflow/dbt/my_project_dbt does not have {'dependencies.yml', 'packages.yml'}","logger":"cosmos.dbt.project"}
{"timestamp":"2025-10-07T14:26:24.786765","level":"info","event":"Project /opt/airflow/dbt/my_project_dbt does not have {'dependencies.yml', 'packages.yml'}","logger":"cosmos.dbt.project"}
{"timestamp":"2025-10-07T14:26:24.787099","level":"info","event":"Project /opt/airflow/dbt/my_project_dbt does not have {'dependencies.yml', 'packages.yml'}","logger":"cosmos.dbt.project"}
{"timestamp":"2025-10-07T14:26:24.787634","level":"info","event":"Cosmos performance (airbyte_dynamic_connection__dbt_dynamic_alias) - [5db252634e93|217]: It took 0.00302s to build the Airflow DAG.","logger":"cosmos.converter"}
{"timestamp":"2025-10-07T14:26:24.788155","level":"warning","event":"/home/airflow/.local/lib/python3.12/site-packages/pydantic/main.py:463: UserWarning: Pydantic serializer warnings:\n  PydanticSerializationUnexpectedValue(Expected `str` - serialized value may not be as expected [input_value={'version': '7f6c90e7b7fb...d': 'dbt_dynamic_alias'}, input_type=dict])\n  return self.__pydantic_serializer__.to_python(\n","logger":"py.warnings"}
{"timestamp":"2025-10-07T14:26:24.801528Z","level":"info","event":"Task instance is in running state","chan":"stdout","logger":"task"}
{"timestamp":"2025-10-07T14:26:24.801652Z","level":"info","event":" Previous state of the Task instance: TaskInstanceState.QUEUED","chan":"stdout","logger":"task"}
{"timestamp":"2025-10-07T14:26:24.802672Z","level":"info","event":"Current task name:dbt_dynamic_alias.airbyte_run","chan":"stdout","logger":"task"}
{"timestamp":"2025-10-07T14:26:24.802751Z","level":"info","event":"Dag name:airbyte_dynamic_connection","chan":"stdout","logger":"task"}
{"timestamp":"2025-10-07T14:26:25.639153","level":"info","event":"dbtRunner is available. Using dbtRunner for invoking dbt.","logger":"cosmos.operators.base"}
{"timestamp":"2025-10-07T14:26:25.639703","level":"info","event":"Cloning project to writable temp directory /tmp/tmp6iz2nvx7 from /opt/airflow/dbt/my_project_dbt","logger":"cosmos.operators.base"}
{"timestamp":"2025-10-07T14:26:25.641235","level":"info","event":"Partial parse is enabled and the latest partial parse file is /tmp/cosmos/airbyte_dynamic_connection__dbt_dynamic_alias/target/partial_parse.msgpack","logger":"cosmos.operators.base"}
{"timestamp":"2025-10-07T14:26:25.644879","level":"info","event":"Profile caching is enable.","logger":"cosmos.config"}
{"timestamp":"2025-10-07T14:26:25.649881","level":"info","event":"Connection Retrieved 'test-airbyte-and-dbt-with-airflow'","logger":"airflow.hooks.base"}
{"timestamp":"2025-10-07T14:26:25.650605","level":"info","event":"Profile found in cache using profile: /tmp/cosmos/profile/2a376c19ef40c3750992fe5768e4b9f3d630cca0747e23a4e93687cdf8a5749c/profiles.yml.","logger":"cosmos.config"}
{"timestamp":"2025-10-07T14:26:25.650821","level":"info","event":"Trying to run dbtRunner with:\n ['run', '--select', 'airbyte', '--vars', 'source_name: airbyte\\ntable_name: October_7th_weekly_split_with_full_refresh_test\\n', '--project-dir', '/tmp/tmp6iz2nvx7', '--profiles-dir', '/tmp/cosmos/profile/2a376c19ef40c3750992fe5768e4b9f3d630cca0747e23a4e93687cdf8a5749c', '--profile', 'dbt_postgres_profile', '--target', 'dev', '--no-static-parser']\n in /tmp/tmp6iz2nvx7","logger":"cosmos.dbt.runner"}
{"timestamp":"2025-10-07T14:26:25.670317Z","level":"info","event":"\u001b[0m14:26:25  Running with dbt=1.8.2","chan":"stdout","logger":"task"}
{"timestamp":"2025-10-07T14:26:25.819184Z","level":"info","event":"\u001b[0m14:26:25  Registered adapter: postgres=1.8.2","chan":"stdout","logger":"task"}
{"timestamp":"2025-10-07T14:26:25.992455Z","level":"info","event":"\u001b[0m14:26:25  Unable to do partial parsing because config vars, config profile, or config target have changed","chan":"stdout","logger":"task"}
{"timestamp":"2025-10-07T14:26:26.397829Z","level":"info","event":"\u001b[0m14:26:26  Found 5 models, 428 macros","chan":"stdout","logger":"task"}
{"timestamp":"2025-10-07T14:26:26.398683Z","level":"info","event":"\u001b[0m14:26:26","chan":"stdout","logger":"task"}
{"timestamp":"2025-10-07T14:26:26.481603Z","level":"info","event":"\u001b[0m14:26:26  Concurrency: 1 threads (target='dev')","chan":"stdout","logger":"task"}
{"timestamp":"2025-10-07T14:26:26.481764Z","level":"info","event":"\u001b[0m14:26:26","chan":"stdout","logger":"task"}
{"timestamp":"2025-10-07T14:26:26.482837Z","level":"info","event":"\u001b[0m14:26:26  1 of 1 START sql view model dbt.airbyte ........................................ [RUN]","chan":"stdout","logger":"task"}
{"timestamp":"2025-10-07T14:26:26.541351Z","level":"info","event":"\u001b[0m14:26:26  1 of 1 OK created sql view model dbt.airbyte ................................... [\u001b[32mCREATE VIEW\u001b[0m in 0.06s]","chan":"stdout","logger":"task"}
{"timestamp":"2025-10-07T14:26:26.553323Z","level":"info","event":"\u001b[0m14:26:26","chan":"stdout","logger":"task"}
{"timestamp":"2025-10-07T14:26:26.555633Z","level":"info","event":"\u001b[0m14:26:26  Finished running 1 view model in 0 hours 0 minutes and 0.15 seconds (0.15s).","chan":"stdout","logger":"task"}
{"timestamp":"2025-10-07T14:26:26.564265Z","level":"info","event":"\u001b[0m14:26:26","chan":"stdout","logger":"task"}
{"timestamp":"2025-10-07T14:26:26.564449Z","level":"info","event":"\u001b[0m14:26:26  \u001b[32mCompleted successfully\u001b[0m","chan":"stdout","logger":"task"}
{"timestamp":"2025-10-07T14:26:26.564596Z","level":"info","event":"\u001b[0m14:26:26","chan":"stdout","logger":"task"}
{"timestamp":"2025-10-07T14:26:26.564739Z","level":"info","event":"\u001b[0m14:26:26  Done. PASS=1 WARN=0 ERROR=0 SKIP=0 TOTAL=1","chan":"stdout","logger":"task"}
{"timestamp":"2025-10-07T14:26:27.442380","level":"warning","event":"\n                Airflow 3.0.0 Asset (Dataset) URIs validation rules changed and OpenLineage URIs (standard used by Cosmos) are no longer accepted.\n                Therefore, if using Cosmos with Airflow 3, the Airflow Asset (Dataset) URI is now <postgres://host.docker.internal:5432/postgres/dbt/airbyte>.\n                Before, with Airflow 2.x, the URI used to be <postgres://host.docker.internal:5432/postgres.dbt.airbyte>.\n                Please, change any DAGs that were scheduled using the old standard to the new one.\n                ","logger":"cosmos.operators.local"}
{"timestamp":"2025-10-07T14:26:27.506540","level":"info","event":"Inlets: []","logger":"cosmos.operators.base"}
{"timestamp":"2025-10-07T14:26:27.506622","level":"info","event":"Outlets: [Asset(name='postgres://host.docker.internal:5432/postgres/dbt/airbyte', uri='postgres://host.docker.internal:5432/postgres/dbt/airbyte', group='asset', extra={}, watchers=[])]","logger":"cosmos.operators.base"}
{"timestamp":"2025-10-07T14:26:27.506681","level":"info","event":"Assigning outlets with DatasetAlias in Airflow 3","logger":"cosmos.operators.local"}
{"timestamp":"2025-10-07T14:26:27.675054Z","level":"info","event":"Task instance in success state","chan":"stdout","logger":"task"}
{"timestamp":"2025-10-07T14:26:27.675183Z","level":"info","event":" Previous state of the Task instance: TaskInstanceState.RUNNING","chan":"stdout","logger":"task"}
{"timestamp":"2025-10-07T14:26:27.676501Z","level":"info","event":"Task operator:<Task(DbtRunLocalOperator): dbt_dynamic_alias.airbyte_run>","chan":"stdout","logger":"task"}
{"timestamp":"2025-10-07T14:26:27.688722Z","level":"error","event":"/usr/local/lib/python3.12/multiprocessing/resource_tracker.py:279: UserWarning: resource_tracker: There appear to be 2 leaked semaphore objects to clean up at shutdown","chan":"stderr","logger":"task"}
{"timestamp":"2025-10-07T14:26:27.688847Z","level":"error","event":"  warnings.warn('resource_tracker: There appear to be %d '","chan":"stderr","logger":"task"}
