[2025-08-27T00:46:29.743+0000] {processor.py:153} INFO - Started process (PID=19508) to work on /home/airflow/.local/lib/python3.7/site-packages/airflow/example_dags/example_latest_only_with_trigger.py
[2025-08-27T00:46:29.747+0000] {processor.py:743} INFO - Processing file /home/airflow/.local/lib/python3.7/site-packages/airflow/example_dags/example_latest_only_with_trigger.py for tasks to queue
[2025-08-27T00:46:29.747+0000] {logging_mixin.py:137} INFO - [2025-08-27T00:46:29.747+0000] {dagbag.py:538} INFO - Filling up the DagBag from /home/airflow/.local/lib/python3.7/site-packages/airflow/example_dags/example_latest_only_with_trigger.py
[2025-08-27T00:46:29.754+0000] {processor.py:753} INFO - DAG(s) dict_keys(['latest_only_with_trigger']) retrieved from /home/airflow/.local/lib/python3.7/site-packages/airflow/example_dags/example_latest_only_with_trigger.py
[2025-08-27T00:46:29.768+0000] {logging_mixin.py:137} INFO - [2025-08-27T00:46:29.768+0000] {dag.py:2690} INFO - Sync 1 DAGs
[2025-08-27T00:46:29.781+0000] {logging_mixin.py:137} INFO - [2025-08-27T00:46:29.781+0000] {dag.py:3441} INFO - Setting next_dagrun for latest_only_with_trigger to 2025-08-26T20:46:29.781032+00:00, run_after=2025-08-27T00:46:29.781032+00:00
[2025-08-27T00:46:29.791+0000] {processor.py:175} INFO - Processing /home/airflow/.local/lib/python3.7/site-packages/airflow/example_dags/example_latest_only_with_trigger.py took 0.049 seconds
[2025-08-27T02:21:51.549+0000] {processor.py:153} INFO - Started process (PID=19588) to work on /home/airflow/.local/lib/python3.7/site-packages/airflow/example_dags/example_latest_only_with_trigger.py
[2025-08-27T02:21:51.550+0000] {processor.py:743} INFO - Processing file /home/airflow/.local/lib/python3.7/site-packages/airflow/example_dags/example_latest_only_with_trigger.py for tasks to queue
[2025-08-27T02:21:51.550+0000] {logging_mixin.py:137} INFO - [2025-08-27T02:21:51.550+0000] {dagbag.py:538} INFO - Filling up the DagBag from /home/airflow/.local/lib/python3.7/site-packages/airflow/example_dags/example_latest_only_with_trigger.py
[2025-08-27T02:21:51.557+0000] {processor.py:753} INFO - DAG(s) dict_keys(['latest_only_with_trigger']) retrieved from /home/airflow/.local/lib/python3.7/site-packages/airflow/example_dags/example_latest_only_with_trigger.py
[2025-08-27T02:21:51.568+0000] {logging_mixin.py:137} INFO - [2025-08-27T02:21:51.568+0000] {dag.py:2690} INFO - Sync 1 DAGs
[2025-08-27T02:21:51.578+0000] {logging_mixin.py:137} INFO - [2025-08-27T02:21:51.578+0000] {dag.py:3441} INFO - Setting next_dagrun for latest_only_with_trigger to 2025-08-26T22:21:51.578466+00:00, run_after=2025-08-27T02:21:51.578466+00:00
[2025-08-27T02:21:51.590+0000] {processor.py:175} INFO - Processing /home/airflow/.local/lib/python3.7/site-packages/airflow/example_dags/example_latest_only_with_trigger.py took 0.042 seconds
[2025-08-27T02:37:30.412+0000] {processor.py:153} INFO - Started process (PID=19688) to work on /home/airflow/.local/lib/python3.7/site-packages/airflow/example_dags/example_latest_only_with_trigger.py
[2025-08-27T02:37:30.413+0000] {processor.py:743} INFO - Processing file /home/airflow/.local/lib/python3.7/site-packages/airflow/example_dags/example_latest_only_with_trigger.py for tasks to queue
[2025-08-27T02:37:30.413+0000] {logging_mixin.py:137} INFO - [2025-08-27T02:37:30.413+0000] {dagbag.py:538} INFO - Filling up the DagBag from /home/airflow/.local/lib/python3.7/site-packages/airflow/example_dags/example_latest_only_with_trigger.py
[2025-08-27T02:37:30.426+0000] {processor.py:753} INFO - DAG(s) dict_keys(['latest_only_with_trigger']) retrieved from /home/airflow/.local/lib/python3.7/site-packages/airflow/example_dags/example_latest_only_with_trigger.py
[2025-08-27T02:37:30.443+0000] {logging_mixin.py:137} INFO - [2025-08-27T02:37:30.443+0000] {dag.py:2690} INFO - Sync 1 DAGs
[2025-08-27T02:37:30.455+0000] {logging_mixin.py:137} INFO - [2025-08-27T02:37:30.454+0000] {dag.py:3441} INFO - Setting next_dagrun for latest_only_with_trigger to 2025-08-26T22:37:30.454778+00:00, run_after=2025-08-27T02:37:30.454778+00:00
[2025-08-27T02:37:30.466+0000] {processor.py:175} INFO - Processing /home/airflow/.local/lib/python3.7/site-packages/airflow/example_dags/example_latest_only_with_trigger.py took 0.056 seconds
[2025-08-27T03:02:26.588+0000] {processor.py:153} INFO - Started process (PID=19788) to work on /home/airflow/.local/lib/python3.7/site-packages/airflow/example_dags/example_latest_only_with_trigger.py
[2025-08-27T03:02:26.588+0000] {processor.py:743} INFO - Processing file /home/airflow/.local/lib/python3.7/site-packages/airflow/example_dags/example_latest_only_with_trigger.py for tasks to queue
[2025-08-27T03:02:26.589+0000] {logging_mixin.py:137} INFO - [2025-08-27T03:02:26.589+0000] {dagbag.py:538} INFO - Filling up the DagBag from /home/airflow/.local/lib/python3.7/site-packages/airflow/example_dags/example_latest_only_with_trigger.py
[2025-08-27T03:02:26.595+0000] {processor.py:753} INFO - DAG(s) dict_keys(['latest_only_with_trigger']) retrieved from /home/airflow/.local/lib/python3.7/site-packages/airflow/example_dags/example_latest_only_with_trigger.py
[2025-08-27T03:02:26.604+0000] {logging_mixin.py:137} INFO - [2025-08-27T03:02:26.604+0000] {dag.py:2690} INFO - Sync 1 DAGs
[2025-08-27T03:02:26.613+0000] {logging_mixin.py:137} INFO - [2025-08-27T03:02:26.613+0000] {dag.py:3441} INFO - Setting next_dagrun for latest_only_with_trigger to 2025-08-26T23:02:26.613599+00:00, run_after=2025-08-27T03:02:26.613599+00:00
[2025-08-27T03:02:26.620+0000] {processor.py:175} INFO - Processing /home/airflow/.local/lib/python3.7/site-packages/airflow/example_dags/example_latest_only_with_trigger.py took 0.033 seconds
[2025-08-27T03:13:53.913+0000] {processor.py:153} INFO - Started process (PID=19887) to work on /home/airflow/.local/lib/python3.7/site-packages/airflow/example_dags/example_latest_only_with_trigger.py
[2025-08-27T03:13:53.913+0000] {processor.py:743} INFO - Processing file /home/airflow/.local/lib/python3.7/site-packages/airflow/example_dags/example_latest_only_with_trigger.py for tasks to queue
[2025-08-27T03:13:53.914+0000] {logging_mixin.py:137} INFO - [2025-08-27T03:13:53.914+0000] {dagbag.py:538} INFO - Filling up the DagBag from /home/airflow/.local/lib/python3.7/site-packages/airflow/example_dags/example_latest_only_with_trigger.py
[2025-08-27T03:13:53.920+0000] {processor.py:753} INFO - DAG(s) dict_keys(['latest_only_with_trigger']) retrieved from /home/airflow/.local/lib/python3.7/site-packages/airflow/example_dags/example_latest_only_with_trigger.py
[2025-08-27T03:13:53.931+0000] {logging_mixin.py:137} INFO - [2025-08-27T03:13:53.931+0000] {dag.py:2690} INFO - Sync 1 DAGs
[2025-08-27T03:13:53.941+0000] {logging_mixin.py:137} INFO - [2025-08-27T03:13:53.941+0000] {dag.py:3441} INFO - Setting next_dagrun for latest_only_with_trigger to 2025-08-26T23:13:53.941187+00:00, run_after=2025-08-27T03:13:53.941187+00:00
[2025-08-27T03:13:53.948+0000] {processor.py:175} INFO - Processing /home/airflow/.local/lib/python3.7/site-packages/airflow/example_dags/example_latest_only_with_trigger.py took 0.036 seconds
[2025-08-27T03:33:09.707+0000] {processor.py:153} INFO - Started process (PID=19967) to work on /home/airflow/.local/lib/python3.7/site-packages/airflow/example_dags/example_latest_only_with_trigger.py
[2025-08-27T03:33:09.709+0000] {processor.py:743} INFO - Processing file /home/airflow/.local/lib/python3.7/site-packages/airflow/example_dags/example_latest_only_with_trigger.py for tasks to queue
[2025-08-27T03:33:09.711+0000] {logging_mixin.py:137} INFO - [2025-08-27T03:33:09.711+0000] {dagbag.py:538} INFO - Filling up the DagBag from /home/airflow/.local/lib/python3.7/site-packages/airflow/example_dags/example_latest_only_with_trigger.py
[2025-08-27T03:33:09.719+0000] {processor.py:753} INFO - DAG(s) dict_keys(['latest_only_with_trigger']) retrieved from /home/airflow/.local/lib/python3.7/site-packages/airflow/example_dags/example_latest_only_with_trigger.py
[2025-08-27T03:33:09.737+0000] {logging_mixin.py:137} INFO - [2025-08-27T03:33:09.737+0000] {dag.py:2690} INFO - Sync 1 DAGs
[2025-08-27T03:33:09.750+0000] {logging_mixin.py:137} INFO - [2025-08-27T03:33:09.750+0000] {dag.py:3441} INFO - Setting next_dagrun for latest_only_with_trigger to 2025-08-26T23:33:09.750092+00:00, run_after=2025-08-27T03:33:09.750092+00:00
[2025-08-27T03:33:09.765+0000] {processor.py:175} INFO - Processing /home/airflow/.local/lib/python3.7/site-packages/airflow/example_dags/example_latest_only_with_trigger.py took 0.060 seconds
[2025-08-27T04:45:10.682+0000] {processor.py:153} INFO - Started process (PID=20067) to work on /home/airflow/.local/lib/python3.7/site-packages/airflow/example_dags/example_latest_only_with_trigger.py
[2025-08-27T04:45:10.683+0000] {processor.py:743} INFO - Processing file /home/airflow/.local/lib/python3.7/site-packages/airflow/example_dags/example_latest_only_with_trigger.py for tasks to queue
[2025-08-27T04:45:10.683+0000] {logging_mixin.py:137} INFO - [2025-08-27T04:45:10.683+0000] {dagbag.py:538} INFO - Filling up the DagBag from /home/airflow/.local/lib/python3.7/site-packages/airflow/example_dags/example_latest_only_with_trigger.py
[2025-08-27T04:45:10.693+0000] {processor.py:753} INFO - DAG(s) dict_keys(['latest_only_with_trigger']) retrieved from /home/airflow/.local/lib/python3.7/site-packages/airflow/example_dags/example_latest_only_with_trigger.py
[2025-08-27T04:45:10.704+0000] {logging_mixin.py:137} INFO - [2025-08-27T04:45:10.704+0000] {dag.py:2690} INFO - Sync 1 DAGs
[2025-08-27T04:45:10.714+0000] {logging_mixin.py:137} INFO - [2025-08-27T04:45:10.714+0000] {dag.py:3441} INFO - Setting next_dagrun for latest_only_with_trigger to 2025-08-27T00:45:10.714501+00:00, run_after=2025-08-27T04:45:10.714501+00:00
[2025-08-27T04:45:10.723+0000] {processor.py:175} INFO - Processing /home/airflow/.local/lib/python3.7/site-packages/airflow/example_dags/example_latest_only_with_trigger.py took 0.043 seconds
[2025-08-27T04:49:56.175+0000] {processor.py:153} INFO - Started process (PID=20167) to work on /home/airflow/.local/lib/python3.7/site-packages/airflow/example_dags/example_latest_only_with_trigger.py
[2025-08-27T04:49:56.175+0000] {processor.py:743} INFO - Processing file /home/airflow/.local/lib/python3.7/site-packages/airflow/example_dags/example_latest_only_with_trigger.py for tasks to queue
[2025-08-27T04:49:56.175+0000] {logging_mixin.py:137} INFO - [2025-08-27T04:49:56.175+0000] {dagbag.py:538} INFO - Filling up the DagBag from /home/airflow/.local/lib/python3.7/site-packages/airflow/example_dags/example_latest_only_with_trigger.py
[2025-08-27T04:49:56.181+0000] {processor.py:753} INFO - DAG(s) dict_keys(['latest_only_with_trigger']) retrieved from /home/airflow/.local/lib/python3.7/site-packages/airflow/example_dags/example_latest_only_with_trigger.py
[2025-08-27T04:49:56.193+0000] {logging_mixin.py:137} INFO - [2025-08-27T04:49:56.193+0000] {dag.py:2690} INFO - Sync 1 DAGs
[2025-08-27T04:49:56.202+0000] {logging_mixin.py:137} INFO - [2025-08-27T04:49:56.202+0000] {dag.py:3441} INFO - Setting next_dagrun for latest_only_with_trigger to 2025-08-27T00:49:56.202713+00:00, run_after=2025-08-27T04:49:56.202713+00:00
[2025-08-27T04:49:56.209+0000] {processor.py:175} INFO - Processing /home/airflow/.local/lib/python3.7/site-packages/airflow/example_dags/example_latest_only_with_trigger.py took 0.037 seconds
[2025-08-27T05:35:09.411+0000] {processor.py:153} INFO - Started process (PID=20247) to work on /home/airflow/.local/lib/python3.7/site-packages/airflow/example_dags/example_latest_only_with_trigger.py
[2025-08-27T05:35:09.412+0000] {processor.py:743} INFO - Processing file /home/airflow/.local/lib/python3.7/site-packages/airflow/example_dags/example_latest_only_with_trigger.py for tasks to queue
[2025-08-27T05:35:09.412+0000] {logging_mixin.py:137} INFO - [2025-08-27T05:35:09.412+0000] {dagbag.py:538} INFO - Filling up the DagBag from /home/airflow/.local/lib/python3.7/site-packages/airflow/example_dags/example_latest_only_with_trigger.py
[2025-08-27T05:35:09.419+0000] {processor.py:753} INFO - DAG(s) dict_keys(['latest_only_with_trigger']) retrieved from /home/airflow/.local/lib/python3.7/site-packages/airflow/example_dags/example_latest_only_with_trigger.py
[2025-08-27T05:35:09.430+0000] {logging_mixin.py:137} INFO - [2025-08-27T05:35:09.430+0000] {dag.py:2690} INFO - Sync 1 DAGs
[2025-08-27T05:35:09.442+0000] {logging_mixin.py:137} INFO - [2025-08-27T05:35:09.442+0000] {dag.py:3441} INFO - Setting next_dagrun for latest_only_with_trigger to 2025-08-27T01:35:09.442226+00:00, run_after=2025-08-27T05:35:09.442226+00:00
[2025-08-27T05:35:09.450+0000] {processor.py:175} INFO - Processing /home/airflow/.local/lib/python3.7/site-packages/airflow/example_dags/example_latest_only_with_trigger.py took 0.041 seconds
[2025-08-27T06:12:37.631+0000] {processor.py:153} INFO - Started process (PID=20347) to work on /home/airflow/.local/lib/python3.7/site-packages/airflow/example_dags/example_latest_only_with_trigger.py
[2025-08-27T06:12:37.632+0000] {processor.py:743} INFO - Processing file /home/airflow/.local/lib/python3.7/site-packages/airflow/example_dags/example_latest_only_with_trigger.py for tasks to queue
[2025-08-27T06:12:37.633+0000] {logging_mixin.py:137} INFO - [2025-08-27T06:12:37.633+0000] {dagbag.py:538} INFO - Filling up the DagBag from /home/airflow/.local/lib/python3.7/site-packages/airflow/example_dags/example_latest_only_with_trigger.py
[2025-08-27T06:12:37.643+0000] {processor.py:753} INFO - DAG(s) dict_keys(['latest_only_with_trigger']) retrieved from /home/airflow/.local/lib/python3.7/site-packages/airflow/example_dags/example_latest_only_with_trigger.py
[2025-08-27T06:12:37.653+0000] {logging_mixin.py:137} INFO - [2025-08-27T06:12:37.653+0000] {dag.py:2690} INFO - Sync 1 DAGs
[2025-08-27T06:12:37.665+0000] {logging_mixin.py:137} INFO - [2025-08-27T06:12:37.664+0000] {dag.py:3441} INFO - Setting next_dagrun for latest_only_with_trigger to 2025-08-27T02:12:37.664848+00:00, run_after=2025-08-27T06:12:37.664848+00:00
[2025-08-27T06:12:37.676+0000] {processor.py:175} INFO - Processing /home/airflow/.local/lib/python3.7/site-packages/airflow/example_dags/example_latest_only_with_trigger.py took 0.046 seconds
[2025-08-27T06:55:19.108+0000] {processor.py:153} INFO - Started process (PID=20447) to work on /home/airflow/.local/lib/python3.7/site-packages/airflow/example_dags/example_latest_only_with_trigger.py
[2025-08-27T06:55:19.108+0000] {processor.py:743} INFO - Processing file /home/airflow/.local/lib/python3.7/site-packages/airflow/example_dags/example_latest_only_with_trigger.py for tasks to queue
[2025-08-27T06:55:19.108+0000] {logging_mixin.py:137} INFO - [2025-08-27T06:55:19.108+0000] {dagbag.py:538} INFO - Filling up the DagBag from /home/airflow/.local/lib/python3.7/site-packages/airflow/example_dags/example_latest_only_with_trigger.py
[2025-08-27T06:55:19.114+0000] {processor.py:753} INFO - DAG(s) dict_keys(['latest_only_with_trigger']) retrieved from /home/airflow/.local/lib/python3.7/site-packages/airflow/example_dags/example_latest_only_with_trigger.py
[2025-08-27T06:55:19.126+0000] {logging_mixin.py:137} INFO - [2025-08-27T06:55:19.126+0000] {dag.py:2690} INFO - Sync 1 DAGs
[2025-08-27T06:55:19.138+0000] {logging_mixin.py:137} INFO - [2025-08-27T06:55:19.138+0000] {dag.py:3441} INFO - Setting next_dagrun for latest_only_with_trigger to 2025-08-27T02:55:19.137978+00:00, run_after=2025-08-27T06:55:19.137978+00:00
[2025-08-27T06:55:19.145+0000] {processor.py:175} INFO - Processing /home/airflow/.local/lib/python3.7/site-packages/airflow/example_dags/example_latest_only_with_trigger.py took 0.039 seconds
[2025-08-27T07:53:52.565+0000] {processor.py:153} INFO - Started process (PID=20547) to work on /home/airflow/.local/lib/python3.7/site-packages/airflow/example_dags/example_latest_only_with_trigger.py
[2025-08-27T07:53:52.565+0000] {processor.py:743} INFO - Processing file /home/airflow/.local/lib/python3.7/site-packages/airflow/example_dags/example_latest_only_with_trigger.py for tasks to queue
[2025-08-27T07:53:52.566+0000] {logging_mixin.py:137} INFO - [2025-08-27T07:53:52.566+0000] {dagbag.py:538} INFO - Filling up the DagBag from /home/airflow/.local/lib/python3.7/site-packages/airflow/example_dags/example_latest_only_with_trigger.py
[2025-08-27T07:53:52.573+0000] {processor.py:753} INFO - DAG(s) dict_keys(['latest_only_with_trigger']) retrieved from /home/airflow/.local/lib/python3.7/site-packages/airflow/example_dags/example_latest_only_with_trigger.py
[2025-08-27T07:53:52.584+0000] {logging_mixin.py:137} INFO - [2025-08-27T07:53:52.584+0000] {dag.py:2690} INFO - Sync 1 DAGs
[2025-08-27T07:53:52.595+0000] {logging_mixin.py:137} INFO - [2025-08-27T07:53:52.595+0000] {dag.py:3441} INFO - Setting next_dagrun for latest_only_with_trigger to 2025-08-27T03:53:52.595146+00:00, run_after=2025-08-27T07:53:52.595146+00:00
[2025-08-27T07:53:52.603+0000] {processor.py:175} INFO - Processing /home/airflow/.local/lib/python3.7/site-packages/airflow/example_dags/example_latest_only_with_trigger.py took 0.040 seconds
[2025-08-27T08:23:39.824+0000] {processor.py:153} INFO - Started process (PID=20627) to work on /home/airflow/.local/lib/python3.7/site-packages/airflow/example_dags/example_latest_only_with_trigger.py
[2025-08-27T08:23:39.824+0000] {processor.py:743} INFO - Processing file /home/airflow/.local/lib/python3.7/site-packages/airflow/example_dags/example_latest_only_with_trigger.py for tasks to queue
[2025-08-27T08:23:39.824+0000] {logging_mixin.py:137} INFO - [2025-08-27T08:23:39.824+0000] {dagbag.py:538} INFO - Filling up the DagBag from /home/airflow/.local/lib/python3.7/site-packages/airflow/example_dags/example_latest_only_with_trigger.py
[2025-08-27T08:23:39.831+0000] {processor.py:753} INFO - DAG(s) dict_keys(['latest_only_with_trigger']) retrieved from /home/airflow/.local/lib/python3.7/site-packages/airflow/example_dags/example_latest_only_with_trigger.py
[2025-08-27T08:23:39.842+0000] {logging_mixin.py:137} INFO - [2025-08-27T08:23:39.842+0000] {dag.py:2690} INFO - Sync 1 DAGs
[2025-08-27T08:23:39.852+0000] {logging_mixin.py:137} INFO - [2025-08-27T08:23:39.852+0000] {dag.py:3441} INFO - Setting next_dagrun for latest_only_with_trigger to 2025-08-27T04:23:39.852674+00:00, run_after=2025-08-27T08:23:39.852674+00:00
[2025-08-27T08:23:39.860+0000] {processor.py:175} INFO - Processing /home/airflow/.local/lib/python3.7/site-packages/airflow/example_dags/example_latest_only_with_trigger.py took 0.038 seconds
[2025-08-27T09:35:50.964+0000] {processor.py:153} INFO - Started process (PID=20727) to work on /home/airflow/.local/lib/python3.7/site-packages/airflow/example_dags/example_latest_only_with_trigger.py
[2025-08-27T09:35:50.965+0000] {processor.py:743} INFO - Processing file /home/airflow/.local/lib/python3.7/site-packages/airflow/example_dags/example_latest_only_with_trigger.py for tasks to queue
[2025-08-27T09:35:50.965+0000] {logging_mixin.py:137} INFO - [2025-08-27T09:35:50.965+0000] {dagbag.py:538} INFO - Filling up the DagBag from /home/airflow/.local/lib/python3.7/site-packages/airflow/example_dags/example_latest_only_with_trigger.py
[2025-08-27T09:35:50.971+0000] {processor.py:753} INFO - DAG(s) dict_keys(['latest_only_with_trigger']) retrieved from /home/airflow/.local/lib/python3.7/site-packages/airflow/example_dags/example_latest_only_with_trigger.py
[2025-08-27T09:35:50.982+0000] {logging_mixin.py:137} INFO - [2025-08-27T09:35:50.982+0000] {dag.py:2690} INFO - Sync 1 DAGs
[2025-08-27T09:35:50.992+0000] {logging_mixin.py:137} INFO - [2025-08-27T09:35:50.992+0000] {dag.py:3441} INFO - Setting next_dagrun for latest_only_with_trigger to 2025-08-27T05:35:50.992760+00:00, run_after=2025-08-27T09:35:50.992760+00:00
[2025-08-27T09:35:51.000+0000] {processor.py:175} INFO - Processing /home/airflow/.local/lib/python3.7/site-packages/airflow/example_dags/example_latest_only_with_trigger.py took 0.037 seconds
[2025-08-27T09:36:49.928+0000] {processor.py:153} INFO - Started process (PID=20827) to work on /home/airflow/.local/lib/python3.7/site-packages/airflow/example_dags/example_latest_only_with_trigger.py
[2025-08-27T09:36:49.929+0000] {processor.py:743} INFO - Processing file /home/airflow/.local/lib/python3.7/site-packages/airflow/example_dags/example_latest_only_with_trigger.py for tasks to queue
[2025-08-27T09:36:49.929+0000] {logging_mixin.py:137} INFO - [2025-08-27T09:36:49.929+0000] {dagbag.py:538} INFO - Filling up the DagBag from /home/airflow/.local/lib/python3.7/site-packages/airflow/example_dags/example_latest_only_with_trigger.py
[2025-08-27T09:36:49.936+0000] {processor.py:753} INFO - DAG(s) dict_keys(['latest_only_with_trigger']) retrieved from /home/airflow/.local/lib/python3.7/site-packages/airflow/example_dags/example_latest_only_with_trigger.py
[2025-08-27T09:36:49.948+0000] {logging_mixin.py:137} INFO - [2025-08-27T09:36:49.947+0000] {dag.py:2690} INFO - Sync 1 DAGs
[2025-08-27T09:36:49.957+0000] {logging_mixin.py:137} INFO - [2025-08-27T09:36:49.957+0000] {dag.py:3441} INFO - Setting next_dagrun for latest_only_with_trigger to 2025-08-27T05:36:49.957711+00:00, run_after=2025-08-27T09:36:49.957711+00:00
[2025-08-27T09:36:49.965+0000] {processor.py:175} INFO - Processing /home/airflow/.local/lib/python3.7/site-packages/airflow/example_dags/example_latest_only_with_trigger.py took 0.038 seconds
[2025-08-27T09:38:53.146+0000] {processor.py:153} INFO - Started process (PID=20927) to work on /home/airflow/.local/lib/python3.7/site-packages/airflow/example_dags/example_latest_only_with_trigger.py
[2025-08-27T09:38:53.147+0000] {processor.py:743} INFO - Processing file /home/airflow/.local/lib/python3.7/site-packages/airflow/example_dags/example_latest_only_with_trigger.py for tasks to queue
[2025-08-27T09:38:53.147+0000] {logging_mixin.py:137} INFO - [2025-08-27T09:38:53.147+0000] {dagbag.py:538} INFO - Filling up the DagBag from /home/airflow/.local/lib/python3.7/site-packages/airflow/example_dags/example_latest_only_with_trigger.py
[2025-08-27T09:38:53.153+0000] {processor.py:753} INFO - DAG(s) dict_keys(['latest_only_with_trigger']) retrieved from /home/airflow/.local/lib/python3.7/site-packages/airflow/example_dags/example_latest_only_with_trigger.py
[2025-08-27T09:38:53.163+0000] {logging_mixin.py:137} INFO - [2025-08-27T09:38:53.163+0000] {dag.py:2690} INFO - Sync 1 DAGs
[2025-08-27T09:38:53.173+0000] {logging_mixin.py:137} INFO - [2025-08-27T09:38:53.173+0000] {dag.py:3441} INFO - Setting next_dagrun for latest_only_with_trigger to 2025-08-27T05:38:53.173233+00:00, run_after=2025-08-27T09:38:53.173233+00:00
[2025-08-27T09:38:53.180+0000] {processor.py:175} INFO - Processing /home/airflow/.local/lib/python3.7/site-packages/airflow/example_dags/example_latest_only_with_trigger.py took 0.036 seconds
[2025-08-27T09:39:39.229+0000] {processor.py:153} INFO - Started process (PID=21007) to work on /home/airflow/.local/lib/python3.7/site-packages/airflow/example_dags/example_latest_only_with_trigger.py
[2025-08-27T09:39:39.229+0000] {processor.py:743} INFO - Processing file /home/airflow/.local/lib/python3.7/site-packages/airflow/example_dags/example_latest_only_with_trigger.py for tasks to queue
[2025-08-27T09:39:39.230+0000] {logging_mixin.py:137} INFO - [2025-08-27T09:39:39.230+0000] {dagbag.py:538} INFO - Filling up the DagBag from /home/airflow/.local/lib/python3.7/site-packages/airflow/example_dags/example_latest_only_with_trigger.py
[2025-08-27T09:39:39.236+0000] {processor.py:753} INFO - DAG(s) dict_keys(['latest_only_with_trigger']) retrieved from /home/airflow/.local/lib/python3.7/site-packages/airflow/example_dags/example_latest_only_with_trigger.py
[2025-08-27T09:39:39.247+0000] {logging_mixin.py:137} INFO - [2025-08-27T09:39:39.247+0000] {dag.py:2690} INFO - Sync 1 DAGs
[2025-08-27T09:39:39.257+0000] {logging_mixin.py:137} INFO - [2025-08-27T09:39:39.257+0000] {dag.py:3441} INFO - Setting next_dagrun for latest_only_with_trigger to 2025-08-27T05:39:39.257038+00:00, run_after=2025-08-27T09:39:39.257038+00:00
[2025-08-27T09:39:39.264+0000] {processor.py:175} INFO - Processing /home/airflow/.local/lib/python3.7/site-packages/airflow/example_dags/example_latest_only_with_trigger.py took 0.036 seconds
[2025-08-27T09:50:06.800+0000] {processor.py:153} INFO - Started process (PID=21107) to work on /home/airflow/.local/lib/python3.7/site-packages/airflow/example_dags/example_latest_only_with_trigger.py
[2025-08-27T09:50:06.801+0000] {processor.py:743} INFO - Processing file /home/airflow/.local/lib/python3.7/site-packages/airflow/example_dags/example_latest_only_with_trigger.py for tasks to queue
[2025-08-27T09:50:06.801+0000] {logging_mixin.py:137} INFO - [2025-08-27T09:50:06.801+0000] {dagbag.py:538} INFO - Filling up the DagBag from /home/airflow/.local/lib/python3.7/site-packages/airflow/example_dags/example_latest_only_with_trigger.py
[2025-08-27T09:50:06.809+0000] {processor.py:753} INFO - DAG(s) dict_keys(['latest_only_with_trigger']) retrieved from /home/airflow/.local/lib/python3.7/site-packages/airflow/example_dags/example_latest_only_with_trigger.py
[2025-08-27T09:50:06.824+0000] {logging_mixin.py:137} INFO - [2025-08-27T09:50:06.824+0000] {dag.py:2690} INFO - Sync 1 DAGs
[2025-08-27T09:50:06.837+0000] {logging_mixin.py:137} INFO - [2025-08-27T09:50:06.837+0000] {dag.py:3441} INFO - Setting next_dagrun for latest_only_with_trigger to 2025-08-27T05:50:06.837459+00:00, run_after=2025-08-27T09:50:06.837459+00:00
[2025-08-27T09:50:06.847+0000] {processor.py:175} INFO - Processing /home/airflow/.local/lib/python3.7/site-packages/airflow/example_dags/example_latest_only_with_trigger.py took 0.049 seconds
[2025-08-27T11:12:46.657+0000] {processor.py:153} INFO - Started process (PID=21207) to work on /home/airflow/.local/lib/python3.7/site-packages/airflow/example_dags/example_latest_only_with_trigger.py
[2025-08-27T11:12:46.659+0000] {processor.py:743} INFO - Processing file /home/airflow/.local/lib/python3.7/site-packages/airflow/example_dags/example_latest_only_with_trigger.py for tasks to queue
[2025-08-27T11:12:46.660+0000] {logging_mixin.py:137} INFO - [2025-08-27T11:12:46.660+0000] {dagbag.py:538} INFO - Filling up the DagBag from /home/airflow/.local/lib/python3.7/site-packages/airflow/example_dags/example_latest_only_with_trigger.py
[2025-08-27T11:12:46.668+0000] {processor.py:753} INFO - DAG(s) dict_keys(['latest_only_with_trigger']) retrieved from /home/airflow/.local/lib/python3.7/site-packages/airflow/example_dags/example_latest_only_with_trigger.py
[2025-08-27T11:12:46.681+0000] {logging_mixin.py:137} INFO - [2025-08-27T11:12:46.680+0000] {dag.py:2690} INFO - Sync 1 DAGs
[2025-08-27T11:12:46.690+0000] {logging_mixin.py:137} INFO - [2025-08-27T11:12:46.690+0000] {dag.py:3441} INFO - Setting next_dagrun for latest_only_with_trigger to 2025-08-27T07:12:46.690734+00:00, run_after=2025-08-27T11:12:46.690734+00:00
[2025-08-27T11:12:46.699+0000] {processor.py:175} INFO - Processing /home/airflow/.local/lib/python3.7/site-packages/airflow/example_dags/example_latest_only_with_trigger.py took 0.044 seconds
[2025-08-27T11:34:31.521+0000] {processor.py:153} INFO - Started process (PID=21287) to work on /home/airflow/.local/lib/python3.7/site-packages/airflow/example_dags/example_latest_only_with_trigger.py
[2025-08-27T11:34:31.522+0000] {processor.py:743} INFO - Processing file /home/airflow/.local/lib/python3.7/site-packages/airflow/example_dags/example_latest_only_with_trigger.py for tasks to queue
[2025-08-27T11:34:31.522+0000] {logging_mixin.py:137} INFO - [2025-08-27T11:34:31.522+0000] {dagbag.py:538} INFO - Filling up the DagBag from /home/airflow/.local/lib/python3.7/site-packages/airflow/example_dags/example_latest_only_with_trigger.py
[2025-08-27T11:34:31.530+0000] {processor.py:753} INFO - DAG(s) dict_keys(['latest_only_with_trigger']) retrieved from /home/airflow/.local/lib/python3.7/site-packages/airflow/example_dags/example_latest_only_with_trigger.py
[2025-08-27T11:34:31.541+0000] {logging_mixin.py:137} INFO - [2025-08-27T11:34:31.541+0000] {dag.py:2690} INFO - Sync 1 DAGs
[2025-08-27T11:34:31.551+0000] {logging_mixin.py:137} INFO - [2025-08-27T11:34:31.551+0000] {dag.py:3441} INFO - Setting next_dagrun for latest_only_with_trigger to 2025-08-27T07:34:31.551388+00:00, run_after=2025-08-27T11:34:31.551388+00:00
[2025-08-27T11:34:31.559+0000] {processor.py:175} INFO - Processing /home/airflow/.local/lib/python3.7/site-packages/airflow/example_dags/example_latest_only_with_trigger.py took 0.039 seconds
[2025-08-27T11:51:13.550+0000] {processor.py:153} INFO - Started process (PID=21387) to work on /home/airflow/.local/lib/python3.7/site-packages/airflow/example_dags/example_latest_only_with_trigger.py
[2025-08-27T11:51:13.550+0000] {processor.py:743} INFO - Processing file /home/airflow/.local/lib/python3.7/site-packages/airflow/example_dags/example_latest_only_with_trigger.py for tasks to queue
[2025-08-27T11:51:13.551+0000] {logging_mixin.py:137} INFO - [2025-08-27T11:51:13.551+0000] {dagbag.py:538} INFO - Filling up the DagBag from /home/airflow/.local/lib/python3.7/site-packages/airflow/example_dags/example_latest_only_with_trigger.py
[2025-08-27T11:51:13.564+0000] {processor.py:753} INFO - DAG(s) dict_keys(['latest_only_with_trigger']) retrieved from /home/airflow/.local/lib/python3.7/site-packages/airflow/example_dags/example_latest_only_with_trigger.py
[2025-08-27T11:51:13.585+0000] {logging_mixin.py:137} INFO - [2025-08-27T11:51:13.585+0000] {dag.py:2690} INFO - Sync 1 DAGs
[2025-08-27T11:51:13.602+0000] {logging_mixin.py:137} INFO - [2025-08-27T11:51:13.602+0000] {dag.py:3441} INFO - Setting next_dagrun for latest_only_with_trigger to 2025-08-27T07:51:13.601646+00:00, run_after=2025-08-27T11:51:13.601646+00:00
[2025-08-27T11:51:13.613+0000] {processor.py:175} INFO - Processing /home/airflow/.local/lib/python3.7/site-packages/airflow/example_dags/example_latest_only_with_trigger.py took 0.065 seconds
[2025-08-27T11:53:12.075+0000] {processor.py:153} INFO - Started process (PID=21487) to work on /home/airflow/.local/lib/python3.7/site-packages/airflow/example_dags/example_latest_only_with_trigger.py
[2025-08-27T11:53:12.075+0000] {processor.py:743} INFO - Processing file /home/airflow/.local/lib/python3.7/site-packages/airflow/example_dags/example_latest_only_with_trigger.py for tasks to queue
[2025-08-27T11:53:12.076+0000] {logging_mixin.py:137} INFO - [2025-08-27T11:53:12.075+0000] {dagbag.py:538} INFO - Filling up the DagBag from /home/airflow/.local/lib/python3.7/site-packages/airflow/example_dags/example_latest_only_with_trigger.py
[2025-08-27T11:53:12.082+0000] {processor.py:753} INFO - DAG(s) dict_keys(['latest_only_with_trigger']) retrieved from /home/airflow/.local/lib/python3.7/site-packages/airflow/example_dags/example_latest_only_with_trigger.py
[2025-08-27T11:53:12.094+0000] {logging_mixin.py:137} INFO - [2025-08-27T11:53:12.094+0000] {dag.py:2690} INFO - Sync 1 DAGs
[2025-08-27T11:53:12.106+0000] {logging_mixin.py:137} INFO - [2025-08-27T11:53:12.106+0000] {dag.py:3441} INFO - Setting next_dagrun for latest_only_with_trigger to 2025-08-27T07:53:12.106173+00:00, run_after=2025-08-27T11:53:12.106173+00:00
[2025-08-27T11:53:12.115+0000] {processor.py:175} INFO - Processing /home/airflow/.local/lib/python3.7/site-packages/airflow/example_dags/example_latest_only_with_trigger.py took 0.042 seconds
[2025-08-27T11:58:53.678+0000] {processor.py:153} INFO - Started process (PID=21587) to work on /home/airflow/.local/lib/python3.7/site-packages/airflow/example_dags/example_latest_only_with_trigger.py
[2025-08-27T11:58:53.679+0000] {processor.py:743} INFO - Processing file /home/airflow/.local/lib/python3.7/site-packages/airflow/example_dags/example_latest_only_with_trigger.py for tasks to queue
[2025-08-27T11:58:53.679+0000] {logging_mixin.py:137} INFO - [2025-08-27T11:58:53.679+0000] {dagbag.py:538} INFO - Filling up the DagBag from /home/airflow/.local/lib/python3.7/site-packages/airflow/example_dags/example_latest_only_with_trigger.py
[2025-08-27T11:58:53.688+0000] {processor.py:753} INFO - DAG(s) dict_keys(['latest_only_with_trigger']) retrieved from /home/airflow/.local/lib/python3.7/site-packages/airflow/example_dags/example_latest_only_with_trigger.py
[2025-08-27T11:58:53.702+0000] {logging_mixin.py:137} INFO - [2025-08-27T11:58:53.702+0000] {dag.py:2690} INFO - Sync 1 DAGs
[2025-08-27T11:58:53.715+0000] {logging_mixin.py:137} INFO - [2025-08-27T11:58:53.715+0000] {dag.py:3441} INFO - Setting next_dagrun for latest_only_with_trigger to 2025-08-27T07:58:53.715022+00:00, run_after=2025-08-27T11:58:53.715022+00:00
[2025-08-27T11:58:53.727+0000] {processor.py:175} INFO - Processing /home/airflow/.local/lib/python3.7/site-packages/airflow/example_dags/example_latest_only_with_trigger.py took 0.051 seconds
[2025-08-27T12:11:20.745+0000] {processor.py:153} INFO - Started process (PID=21667) to work on /home/airflow/.local/lib/python3.7/site-packages/airflow/example_dags/example_latest_only_with_trigger.py
[2025-08-27T12:11:20.745+0000] {processor.py:743} INFO - Processing file /home/airflow/.local/lib/python3.7/site-packages/airflow/example_dags/example_latest_only_with_trigger.py for tasks to queue
[2025-08-27T12:11:20.745+0000] {logging_mixin.py:137} INFO - [2025-08-27T12:11:20.745+0000] {dagbag.py:538} INFO - Filling up the DagBag from /home/airflow/.local/lib/python3.7/site-packages/airflow/example_dags/example_latest_only_with_trigger.py
[2025-08-27T12:11:20.753+0000] {processor.py:753} INFO - DAG(s) dict_keys(['latest_only_with_trigger']) retrieved from /home/airflow/.local/lib/python3.7/site-packages/airflow/example_dags/example_latest_only_with_trigger.py
[2025-08-27T12:11:20.764+0000] {logging_mixin.py:137} INFO - [2025-08-27T12:11:20.764+0000] {dag.py:2690} INFO - Sync 1 DAGs
[2025-08-27T12:11:20.777+0000] {logging_mixin.py:137} INFO - [2025-08-27T12:11:20.777+0000] {dag.py:3441} INFO - Setting next_dagrun for latest_only_with_trigger to 2025-08-27T08:11:20.776912+00:00, run_after=2025-08-27T12:11:20.776912+00:00
[2025-08-27T12:11:20.785+0000] {processor.py:175} INFO - Processing /home/airflow/.local/lib/python3.7/site-packages/airflow/example_dags/example_latest_only_with_trigger.py took 0.041 seconds
[2025-08-27T12:14:24.999+0000] {processor.py:153} INFO - Started process (PID=21767) to work on /home/airflow/.local/lib/python3.7/site-packages/airflow/example_dags/example_latest_only_with_trigger.py
[2025-08-27T12:14:25.000+0000] {processor.py:743} INFO - Processing file /home/airflow/.local/lib/python3.7/site-packages/airflow/example_dags/example_latest_only_with_trigger.py for tasks to queue
[2025-08-27T12:14:25.000+0000] {logging_mixin.py:137} INFO - [2025-08-27T12:14:25.000+0000] {dagbag.py:538} INFO - Filling up the DagBag from /home/airflow/.local/lib/python3.7/site-packages/airflow/example_dags/example_latest_only_with_trigger.py
[2025-08-27T12:14:25.006+0000] {processor.py:753} INFO - DAG(s) dict_keys(['latest_only_with_trigger']) retrieved from /home/airflow/.local/lib/python3.7/site-packages/airflow/example_dags/example_latest_only_with_trigger.py
[2025-08-27T12:14:25.017+0000] {logging_mixin.py:137} INFO - [2025-08-27T12:14:25.017+0000] {dag.py:2690} INFO - Sync 1 DAGs
[2025-08-27T12:14:25.026+0000] {logging_mixin.py:137} INFO - [2025-08-27T12:14:25.026+0000] {dag.py:3441} INFO - Setting next_dagrun for latest_only_with_trigger to 2025-08-27T08:14:25.026697+00:00, run_after=2025-08-27T12:14:25.026697+00:00
[2025-08-27T12:14:25.033+0000] {processor.py:175} INFO - Processing /home/airflow/.local/lib/python3.7/site-packages/airflow/example_dags/example_latest_only_with_trigger.py took 0.036 seconds
[2025-08-27T12:27:57.744+0000] {processor.py:153} INFO - Started process (PID=21867) to work on /home/airflow/.local/lib/python3.7/site-packages/airflow/example_dags/example_latest_only_with_trigger.py
[2025-08-27T12:27:57.745+0000] {processor.py:743} INFO - Processing file /home/airflow/.local/lib/python3.7/site-packages/airflow/example_dags/example_latest_only_with_trigger.py for tasks to queue
[2025-08-27T12:27:57.746+0000] {logging_mixin.py:137} INFO - [2025-08-27T12:27:57.746+0000] {dagbag.py:538} INFO - Filling up the DagBag from /home/airflow/.local/lib/python3.7/site-packages/airflow/example_dags/example_latest_only_with_trigger.py
[2025-08-27T12:27:57.759+0000] {processor.py:753} INFO - DAG(s) dict_keys(['latest_only_with_trigger']) retrieved from /home/airflow/.local/lib/python3.7/site-packages/airflow/example_dags/example_latest_only_with_trigger.py
[2025-08-27T12:27:57.784+0000] {logging_mixin.py:137} INFO - [2025-08-27T12:27:57.784+0000] {dag.py:2690} INFO - Sync 1 DAGs
[2025-08-27T12:27:57.800+0000] {logging_mixin.py:137} INFO - [2025-08-27T12:27:57.800+0000] {dag.py:3441} INFO - Setting next_dagrun for latest_only_with_trigger to 2025-08-27T08:27:57.799813+00:00, run_after=2025-08-27T12:27:57.799813+00:00
[2025-08-27T12:27:57.812+0000] {processor.py:175} INFO - Processing /home/airflow/.local/lib/python3.7/site-packages/airflow/example_dags/example_latest_only_with_trigger.py took 0.070 seconds
[2025-08-27T12:38:25.744+0000] {processor.py:153} INFO - Started process (PID=21947) to work on /home/airflow/.local/lib/python3.7/site-packages/airflow/example_dags/example_latest_only_with_trigger.py
[2025-08-27T12:38:25.745+0000] {processor.py:743} INFO - Processing file /home/airflow/.local/lib/python3.7/site-packages/airflow/example_dags/example_latest_only_with_trigger.py for tasks to queue
[2025-08-27T12:38:25.745+0000] {logging_mixin.py:137} INFO - [2025-08-27T12:38:25.745+0000] {dagbag.py:538} INFO - Filling up the DagBag from /home/airflow/.local/lib/python3.7/site-packages/airflow/example_dags/example_latest_only_with_trigger.py
[2025-08-27T12:38:25.752+0000] {processor.py:753} INFO - DAG(s) dict_keys(['latest_only_with_trigger']) retrieved from /home/airflow/.local/lib/python3.7/site-packages/airflow/example_dags/example_latest_only_with_trigger.py
[2025-08-27T12:38:25.765+0000] {logging_mixin.py:137} INFO - [2025-08-27T12:38:25.765+0000] {dag.py:2690} INFO - Sync 1 DAGs
[2025-08-27T12:38:25.776+0000] {logging_mixin.py:137} INFO - [2025-08-27T12:38:25.776+0000] {dag.py:3441} INFO - Setting next_dagrun for latest_only_with_trigger to 2025-08-27T08:38:25.776354+00:00, run_after=2025-08-27T12:38:25.776354+00:00
[2025-08-27T12:38:25.784+0000] {processor.py:175} INFO - Processing /home/airflow/.local/lib/python3.7/site-packages/airflow/example_dags/example_latest_only_with_trigger.py took 0.041 seconds
[2025-08-27T12:57:12.670+0000] {processor.py:153} INFO - Started process (PID=22047) to work on /home/airflow/.local/lib/python3.7/site-packages/airflow/example_dags/example_latest_only_with_trigger.py
[2025-08-27T12:57:12.672+0000] {processor.py:743} INFO - Processing file /home/airflow/.local/lib/python3.7/site-packages/airflow/example_dags/example_latest_only_with_trigger.py for tasks to queue
[2025-08-27T12:57:12.673+0000] {logging_mixin.py:137} INFO - [2025-08-27T12:57:12.672+0000] {dagbag.py:538} INFO - Filling up the DagBag from /home/airflow/.local/lib/python3.7/site-packages/airflow/example_dags/example_latest_only_with_trigger.py
[2025-08-27T12:57:12.681+0000] {processor.py:753} INFO - DAG(s) dict_keys(['latest_only_with_trigger']) retrieved from /home/airflow/.local/lib/python3.7/site-packages/airflow/example_dags/example_latest_only_with_trigger.py
[2025-08-27T12:57:12.703+0000] {logging_mixin.py:137} INFO - [2025-08-27T12:57:12.702+0000] {dag.py:2690} INFO - Sync 1 DAGs
[2025-08-27T12:57:12.714+0000] {logging_mixin.py:137} INFO - [2025-08-27T12:57:12.714+0000] {dag.py:3441} INFO - Setting next_dagrun for latest_only_with_trigger to 2025-08-27T08:57:12.714570+00:00, run_after=2025-08-27T12:57:12.714570+00:00
[2025-08-27T12:57:12.724+0000] {processor.py:175} INFO - Processing /home/airflow/.local/lib/python3.7/site-packages/airflow/example_dags/example_latest_only_with_trigger.py took 0.056 seconds
[2025-08-27T12:57:43.136+0000] {processor.py:153} INFO - Started process (PID=22147) to work on /home/airflow/.local/lib/python3.7/site-packages/airflow/example_dags/example_latest_only_with_trigger.py
[2025-08-27T12:57:43.137+0000] {processor.py:743} INFO - Processing file /home/airflow/.local/lib/python3.7/site-packages/airflow/example_dags/example_latest_only_with_trigger.py for tasks to queue
[2025-08-27T12:57:43.137+0000] {logging_mixin.py:137} INFO - [2025-08-27T12:57:43.137+0000] {dagbag.py:538} INFO - Filling up the DagBag from /home/airflow/.local/lib/python3.7/site-packages/airflow/example_dags/example_latest_only_with_trigger.py
[2025-08-27T12:57:43.144+0000] {processor.py:753} INFO - DAG(s) dict_keys(['latest_only_with_trigger']) retrieved from /home/airflow/.local/lib/python3.7/site-packages/airflow/example_dags/example_latest_only_with_trigger.py
[2025-08-27T12:57:43.155+0000] {logging_mixin.py:137} INFO - [2025-08-27T12:57:43.155+0000] {dag.py:2690} INFO - Sync 1 DAGs
[2025-08-27T12:57:43.164+0000] {logging_mixin.py:137} INFO - [2025-08-27T12:57:43.164+0000] {dag.py:3441} INFO - Setting next_dagrun for latest_only_with_trigger to 2025-08-27T08:57:43.164581+00:00, run_after=2025-08-27T12:57:43.164581+00:00
[2025-08-27T12:57:43.172+0000] {processor.py:175} INFO - Processing /home/airflow/.local/lib/python3.7/site-packages/airflow/example_dags/example_latest_only_with_trigger.py took 0.037 seconds
[2025-08-27T13:27:10.983+0000] {processor.py:153} INFO - Started process (PID=22247) to work on /home/airflow/.local/lib/python3.7/site-packages/airflow/example_dags/example_latest_only_with_trigger.py
[2025-08-27T13:27:10.984+0000] {processor.py:743} INFO - Processing file /home/airflow/.local/lib/python3.7/site-packages/airflow/example_dags/example_latest_only_with_trigger.py for tasks to queue
[2025-08-27T13:27:10.984+0000] {logging_mixin.py:137} INFO - [2025-08-27T13:27:10.984+0000] {dagbag.py:538} INFO - Filling up the DagBag from /home/airflow/.local/lib/python3.7/site-packages/airflow/example_dags/example_latest_only_with_trigger.py
[2025-08-27T13:27:10.991+0000] {processor.py:753} INFO - DAG(s) dict_keys(['latest_only_with_trigger']) retrieved from /home/airflow/.local/lib/python3.7/site-packages/airflow/example_dags/example_latest_only_with_trigger.py
[2025-08-27T13:27:11.006+0000] {logging_mixin.py:137} INFO - [2025-08-27T13:27:11.005+0000] {dag.py:2690} INFO - Sync 1 DAGs
[2025-08-27T13:27:11.019+0000] {logging_mixin.py:137} INFO - [2025-08-27T13:27:11.018+0000] {dag.py:3441} INFO - Setting next_dagrun for latest_only_with_trigger to 2025-08-27T09:27:11.018802+00:00, run_after=2025-08-27T13:27:11.018802+00:00
[2025-08-27T13:27:11.028+0000] {processor.py:175} INFO - Processing /home/airflow/.local/lib/python3.7/site-packages/airflow/example_dags/example_latest_only_with_trigger.py took 0.048 seconds
[2025-08-27T13:30:13.055+0000] {processor.py:153} INFO - Started process (PID=22327) to work on /home/airflow/.local/lib/python3.7/site-packages/airflow/example_dags/example_latest_only_with_trigger.py
[2025-08-27T13:30:13.056+0000] {processor.py:743} INFO - Processing file /home/airflow/.local/lib/python3.7/site-packages/airflow/example_dags/example_latest_only_with_trigger.py for tasks to queue
[2025-08-27T13:30:13.057+0000] {logging_mixin.py:137} INFO - [2025-08-27T13:30:13.057+0000] {dagbag.py:538} INFO - Filling up the DagBag from /home/airflow/.local/lib/python3.7/site-packages/airflow/example_dags/example_latest_only_with_trigger.py
[2025-08-27T13:30:13.064+0000] {processor.py:753} INFO - DAG(s) dict_keys(['latest_only_with_trigger']) retrieved from /home/airflow/.local/lib/python3.7/site-packages/airflow/example_dags/example_latest_only_with_trigger.py
[2025-08-27T13:30:13.076+0000] {logging_mixin.py:137} INFO - [2025-08-27T13:30:13.076+0000] {dag.py:2690} INFO - Sync 1 DAGs
[2025-08-27T13:30:13.089+0000] {logging_mixin.py:137} INFO - [2025-08-27T13:30:13.089+0000] {dag.py:3441} INFO - Setting next_dagrun for latest_only_with_trigger to 2025-08-27T09:30:13.089499+00:00, run_after=2025-08-27T13:30:13.089499+00:00
[2025-08-27T13:30:13.097+0000] {processor.py:175} INFO - Processing /home/airflow/.local/lib/python3.7/site-packages/airflow/example_dags/example_latest_only_with_trigger.py took 0.043 seconds
[2025-08-27T13:37:07.158+0000] {processor.py:153} INFO - Started process (PID=22427) to work on /home/airflow/.local/lib/python3.7/site-packages/airflow/example_dags/example_latest_only_with_trigger.py
[2025-08-27T13:37:07.159+0000] {processor.py:743} INFO - Processing file /home/airflow/.local/lib/python3.7/site-packages/airflow/example_dags/example_latest_only_with_trigger.py for tasks to queue
[2025-08-27T13:37:07.160+0000] {logging_mixin.py:137} INFO - [2025-08-27T13:37:07.160+0000] {dagbag.py:538} INFO - Filling up the DagBag from /home/airflow/.local/lib/python3.7/site-packages/airflow/example_dags/example_latest_only_with_trigger.py
[2025-08-27T13:37:07.169+0000] {processor.py:753} INFO - DAG(s) dict_keys(['latest_only_with_trigger']) retrieved from /home/airflow/.local/lib/python3.7/site-packages/airflow/example_dags/example_latest_only_with_trigger.py
[2025-08-27T13:37:07.183+0000] {logging_mixin.py:137} INFO - [2025-08-27T13:37:07.183+0000] {dag.py:2690} INFO - Sync 1 DAGs
[2025-08-27T13:37:07.195+0000] {logging_mixin.py:137} INFO - [2025-08-27T13:37:07.195+0000] {dag.py:3441} INFO - Setting next_dagrun for latest_only_with_trigger to 2025-08-27T09:37:07.195812+00:00, run_after=2025-08-27T13:37:07.195812+00:00
[2025-08-27T13:37:07.203+0000] {processor.py:175} INFO - Processing /home/airflow/.local/lib/python3.7/site-packages/airflow/example_dags/example_latest_only_with_trigger.py took 0.048 seconds
[2025-08-27T13:51:01.692+0000] {processor.py:153} INFO - Started process (PID=22527) to work on /home/airflow/.local/lib/python3.7/site-packages/airflow/example_dags/example_latest_only_with_trigger.py
[2025-08-27T13:51:01.693+0000] {processor.py:743} INFO - Processing file /home/airflow/.local/lib/python3.7/site-packages/airflow/example_dags/example_latest_only_with_trigger.py for tasks to queue
[2025-08-27T13:51:01.693+0000] {logging_mixin.py:137} INFO - [2025-08-27T13:51:01.693+0000] {dagbag.py:538} INFO - Filling up the DagBag from /home/airflow/.local/lib/python3.7/site-packages/airflow/example_dags/example_latest_only_with_trigger.py
[2025-08-27T13:51:01.699+0000] {processor.py:753} INFO - DAG(s) dict_keys(['latest_only_with_trigger']) retrieved from /home/airflow/.local/lib/python3.7/site-packages/airflow/example_dags/example_latest_only_with_trigger.py
[2025-08-27T13:51:01.710+0000] {logging_mixin.py:137} INFO - [2025-08-27T13:51:01.710+0000] {dag.py:2690} INFO - Sync 1 DAGs
[2025-08-27T13:51:01.721+0000] {logging_mixin.py:137} INFO - [2025-08-27T13:51:01.721+0000] {dag.py:3441} INFO - Setting next_dagrun for latest_only_with_trigger to 2025-08-27T09:51:01.721364+00:00, run_after=2025-08-27T13:51:01.721364+00:00
[2025-08-27T13:51:01.729+0000] {processor.py:175} INFO - Processing /home/airflow/.local/lib/python3.7/site-packages/airflow/example_dags/example_latest_only_with_trigger.py took 0.038 seconds
[2025-08-27T14:01:06.355+0000] {processor.py:153} INFO - Started process (PID=22616) to work on /home/airflow/.local/lib/python3.7/site-packages/airflow/example_dags/example_latest_only_with_trigger.py
[2025-08-27T14:01:06.355+0000] {processor.py:743} INFO - Processing file /home/airflow/.local/lib/python3.7/site-packages/airflow/example_dags/example_latest_only_with_trigger.py for tasks to queue
[2025-08-27T14:01:06.356+0000] {logging_mixin.py:137} INFO - [2025-08-27T14:01:06.356+0000] {dagbag.py:538} INFO - Filling up the DagBag from /home/airflow/.local/lib/python3.7/site-packages/airflow/example_dags/example_latest_only_with_trigger.py
[2025-08-27T14:01:06.362+0000] {processor.py:753} INFO - DAG(s) dict_keys(['latest_only_with_trigger']) retrieved from /home/airflow/.local/lib/python3.7/site-packages/airflow/example_dags/example_latest_only_with_trigger.py
[2025-08-27T14:01:06.375+0000] {logging_mixin.py:137} INFO - [2025-08-27T14:01:06.374+0000] {dag.py:2690} INFO - Sync 1 DAGs
[2025-08-27T14:01:06.384+0000] {logging_mixin.py:137} INFO - [2025-08-27T14:01:06.384+0000] {dag.py:3441} INFO - Setting next_dagrun for latest_only_with_trigger to 2025-08-27T10:01:06.384552+00:00, run_after=2025-08-27T14:01:06.384552+00:00
[2025-08-27T14:01:06.392+0000] {processor.py:175} INFO - Processing /home/airflow/.local/lib/python3.7/site-packages/airflow/example_dags/example_latest_only_with_trigger.py took 0.039 seconds
[2025-08-27T14:41:12.745+0000] {processor.py:153} INFO - Started process (PID=22707) to work on /home/airflow/.local/lib/python3.7/site-packages/airflow/example_dags/example_latest_only_with_trigger.py
[2025-08-27T14:41:12.746+0000] {processor.py:743} INFO - Processing file /home/airflow/.local/lib/python3.7/site-packages/airflow/example_dags/example_latest_only_with_trigger.py for tasks to queue
[2025-08-27T14:41:12.746+0000] {logging_mixin.py:137} INFO - [2025-08-27T14:41:12.746+0000] {dagbag.py:538} INFO - Filling up the DagBag from /home/airflow/.local/lib/python3.7/site-packages/airflow/example_dags/example_latest_only_with_trigger.py
[2025-08-27T14:41:12.754+0000] {processor.py:753} INFO - DAG(s) dict_keys(['latest_only_with_trigger']) retrieved from /home/airflow/.local/lib/python3.7/site-packages/airflow/example_dags/example_latest_only_with_trigger.py
[2025-08-27T14:41:12.770+0000] {logging_mixin.py:137} INFO - [2025-08-27T14:41:12.770+0000] {dag.py:2690} INFO - Sync 1 DAGs
[2025-08-27T14:41:12.781+0000] {logging_mixin.py:137} INFO - [2025-08-27T14:41:12.781+0000] {dag.py:3441} INFO - Setting next_dagrun for latest_only_with_trigger to 2025-08-27T10:41:12.780890+00:00, run_after=2025-08-27T14:41:12.780890+00:00
[2025-08-27T14:41:12.792+0000] {processor.py:175} INFO - Processing /home/airflow/.local/lib/python3.7/site-packages/airflow/example_dags/example_latest_only_with_trigger.py took 0.049 seconds
[2025-08-27T14:43:54.754+0000] {processor.py:153} INFO - Started process (PID=22807) to work on /home/airflow/.local/lib/python3.7/site-packages/airflow/example_dags/example_latest_only_with_trigger.py
[2025-08-27T14:43:54.754+0000] {processor.py:743} INFO - Processing file /home/airflow/.local/lib/python3.7/site-packages/airflow/example_dags/example_latest_only_with_trigger.py for tasks to queue
[2025-08-27T14:43:54.756+0000] {logging_mixin.py:137} INFO - [2025-08-27T14:43:54.756+0000] {dagbag.py:538} INFO - Filling up the DagBag from /home/airflow/.local/lib/python3.7/site-packages/airflow/example_dags/example_latest_only_with_trigger.py
[2025-08-27T14:43:54.762+0000] {processor.py:753} INFO - DAG(s) dict_keys(['latest_only_with_trigger']) retrieved from /home/airflow/.local/lib/python3.7/site-packages/airflow/example_dags/example_latest_only_with_trigger.py
[2025-08-27T14:43:54.773+0000] {logging_mixin.py:137} INFO - [2025-08-27T14:43:54.773+0000] {dag.py:2690} INFO - Sync 1 DAGs
[2025-08-27T14:43:54.784+0000] {logging_mixin.py:137} INFO - [2025-08-27T14:43:54.784+0000] {dag.py:3441} INFO - Setting next_dagrun for latest_only_with_trigger to 2025-08-27T10:43:54.784094+00:00, run_after=2025-08-27T14:43:54.784094+00:00
[2025-08-27T14:43:54.792+0000] {processor.py:175} INFO - Processing /home/airflow/.local/lib/python3.7/site-packages/airflow/example_dags/example_latest_only_with_trigger.py took 0.040 seconds
[2025-08-27T14:54:31.897+0000] {processor.py:153} INFO - Started process (PID=22907) to work on /home/airflow/.local/lib/python3.7/site-packages/airflow/example_dags/example_latest_only_with_trigger.py
[2025-08-27T14:54:31.901+0000] {processor.py:743} INFO - Processing file /home/airflow/.local/lib/python3.7/site-packages/airflow/example_dags/example_latest_only_with_trigger.py for tasks to queue
[2025-08-27T14:54:31.901+0000] {logging_mixin.py:137} INFO - [2025-08-27T14:54:31.901+0000] {dagbag.py:538} INFO - Filling up the DagBag from /home/airflow/.local/lib/python3.7/site-packages/airflow/example_dags/example_latest_only_with_trigger.py
[2025-08-27T14:54:31.907+0000] {processor.py:753} INFO - DAG(s) dict_keys(['latest_only_with_trigger']) retrieved from /home/airflow/.local/lib/python3.7/site-packages/airflow/example_dags/example_latest_only_with_trigger.py
[2025-08-27T14:54:31.919+0000] {logging_mixin.py:137} INFO - [2025-08-27T14:54:31.919+0000] {dag.py:2690} INFO - Sync 1 DAGs
[2025-08-27T14:54:31.929+0000] {logging_mixin.py:137} INFO - [2025-08-27T14:54:31.928+0000] {dag.py:3441} INFO - Setting next_dagrun for latest_only_with_trigger to 2025-08-27T10:54:31.928886+00:00, run_after=2025-08-27T14:54:31.928886+00:00
[2025-08-27T14:54:31.936+0000] {processor.py:175} INFO - Processing /home/airflow/.local/lib/python3.7/site-packages/airflow/example_dags/example_latest_only_with_trigger.py took 0.040 seconds
[2025-08-27T15:01:39.446+0000] {processor.py:153} INFO - Started process (PID=22987) to work on /home/airflow/.local/lib/python3.7/site-packages/airflow/example_dags/example_latest_only_with_trigger.py
[2025-08-27T15:01:39.446+0000] {processor.py:743} INFO - Processing file /home/airflow/.local/lib/python3.7/site-packages/airflow/example_dags/example_latest_only_with_trigger.py for tasks to queue
[2025-08-27T15:01:39.447+0000] {logging_mixin.py:137} INFO - [2025-08-27T15:01:39.447+0000] {dagbag.py:538} INFO - Filling up the DagBag from /home/airflow/.local/lib/python3.7/site-packages/airflow/example_dags/example_latest_only_with_trigger.py
[2025-08-27T15:01:39.453+0000] {processor.py:753} INFO - DAG(s) dict_keys(['latest_only_with_trigger']) retrieved from /home/airflow/.local/lib/python3.7/site-packages/airflow/example_dags/example_latest_only_with_trigger.py
[2025-08-27T15:01:39.465+0000] {logging_mixin.py:137} INFO - [2025-08-27T15:01:39.465+0000] {dag.py:2690} INFO - Sync 1 DAGs
[2025-08-27T15:01:39.478+0000] {logging_mixin.py:137} INFO - [2025-08-27T15:01:39.478+0000] {dag.py:3441} INFO - Setting next_dagrun for latest_only_with_trigger to 2025-08-27T11:01:39.478660+00:00, run_after=2025-08-27T15:01:39.478660+00:00
[2025-08-27T15:01:39.486+0000] {processor.py:175} INFO - Processing /home/airflow/.local/lib/python3.7/site-packages/airflow/example_dags/example_latest_only_with_trigger.py took 0.041 seconds
[2025-08-27T15:08:09.937+0000] {processor.py:153} INFO - Started process (PID=23087) to work on /home/airflow/.local/lib/python3.7/site-packages/airflow/example_dags/example_latest_only_with_trigger.py
[2025-08-27T15:08:09.940+0000] {processor.py:743} INFO - Processing file /home/airflow/.local/lib/python3.7/site-packages/airflow/example_dags/example_latest_only_with_trigger.py for tasks to queue
[2025-08-27T15:08:09.941+0000] {logging_mixin.py:137} INFO - [2025-08-27T15:08:09.941+0000] {dagbag.py:538} INFO - Filling up the DagBag from /home/airflow/.local/lib/python3.7/site-packages/airflow/example_dags/example_latest_only_with_trigger.py
[2025-08-27T15:08:09.951+0000] {processor.py:753} INFO - DAG(s) dict_keys(['latest_only_with_trigger']) retrieved from /home/airflow/.local/lib/python3.7/site-packages/airflow/example_dags/example_latest_only_with_trigger.py
[2025-08-27T15:08:09.963+0000] {logging_mixin.py:137} INFO - [2025-08-27T15:08:09.963+0000] {dag.py:2690} INFO - Sync 1 DAGs
[2025-08-27T15:08:09.988+0000] {logging_mixin.py:137} INFO - [2025-08-27T15:08:09.988+0000] {dag.py:3441} INFO - Setting next_dagrun for latest_only_with_trigger to 2025-08-27T11:08:09.988006+00:00, run_after=2025-08-27T15:08:09.988006+00:00
[2025-08-27T15:08:09.998+0000] {processor.py:175} INFO - Processing /home/airflow/.local/lib/python3.7/site-packages/airflow/example_dags/example_latest_only_with_trigger.py took 0.063 seconds
[2025-08-27T15:18:52.596+0000] {processor.py:153} INFO - Started process (PID=23187) to work on /home/airflow/.local/lib/python3.7/site-packages/airflow/example_dags/example_latest_only_with_trigger.py
[2025-08-27T15:18:52.597+0000] {processor.py:743} INFO - Processing file /home/airflow/.local/lib/python3.7/site-packages/airflow/example_dags/example_latest_only_with_trigger.py for tasks to queue
[2025-08-27T15:18:52.597+0000] {logging_mixin.py:137} INFO - [2025-08-27T15:18:52.597+0000] {dagbag.py:538} INFO - Filling up the DagBag from /home/airflow/.local/lib/python3.7/site-packages/airflow/example_dags/example_latest_only_with_trigger.py
[2025-08-27T15:18:52.607+0000] {processor.py:753} INFO - DAG(s) dict_keys(['latest_only_with_trigger']) retrieved from /home/airflow/.local/lib/python3.7/site-packages/airflow/example_dags/example_latest_only_with_trigger.py
[2025-08-27T15:18:52.623+0000] {logging_mixin.py:137} INFO - [2025-08-27T15:18:52.623+0000] {dag.py:2690} INFO - Sync 1 DAGs
[2025-08-27T15:18:52.637+0000] {logging_mixin.py:137} INFO - [2025-08-27T15:18:52.637+0000] {dag.py:3441} INFO - Setting next_dagrun for latest_only_with_trigger to 2025-08-27T11:18:52.636997+00:00, run_after=2025-08-27T15:18:52.636997+00:00
[2025-08-27T15:18:52.649+0000] {processor.py:175} INFO - Processing /home/airflow/.local/lib/python3.7/site-packages/airflow/example_dags/example_latest_only_with_trigger.py took 0.055 seconds
[2025-08-27T15:19:37.038+0000] {processor.py:153} INFO - Started process (PID=23267) to work on /home/airflow/.local/lib/python3.7/site-packages/airflow/example_dags/example_latest_only_with_trigger.py
[2025-08-27T15:19:37.038+0000] {processor.py:743} INFO - Processing file /home/airflow/.local/lib/python3.7/site-packages/airflow/example_dags/example_latest_only_with_trigger.py for tasks to queue
[2025-08-27T15:19:37.038+0000] {logging_mixin.py:137} INFO - [2025-08-27T15:19:37.038+0000] {dagbag.py:538} INFO - Filling up the DagBag from /home/airflow/.local/lib/python3.7/site-packages/airflow/example_dags/example_latest_only_with_trigger.py
[2025-08-27T15:19:37.045+0000] {processor.py:753} INFO - DAG(s) dict_keys(['latest_only_with_trigger']) retrieved from /home/airflow/.local/lib/python3.7/site-packages/airflow/example_dags/example_latest_only_with_trigger.py
[2025-08-27T15:19:37.056+0000] {logging_mixin.py:137} INFO - [2025-08-27T15:19:37.056+0000] {dag.py:2690} INFO - Sync 1 DAGs
[2025-08-27T15:19:37.066+0000] {logging_mixin.py:137} INFO - [2025-08-27T15:19:37.066+0000] {dag.py:3441} INFO - Setting next_dagrun for latest_only_with_trigger to 2025-08-27T11:19:37.066392+00:00, run_after=2025-08-27T15:19:37.066392+00:00
[2025-08-27T15:19:37.074+0000] {processor.py:175} INFO - Processing /home/airflow/.local/lib/python3.7/site-packages/airflow/example_dags/example_latest_only_with_trigger.py took 0.039 seconds
[2025-08-27T15:21:53.095+0000] {processor.py:153} INFO - Started process (PID=23367) to work on /home/airflow/.local/lib/python3.7/site-packages/airflow/example_dags/example_latest_only_with_trigger.py
[2025-08-27T15:21:53.095+0000] {processor.py:743} INFO - Processing file /home/airflow/.local/lib/python3.7/site-packages/airflow/example_dags/example_latest_only_with_trigger.py for tasks to queue
[2025-08-27T15:21:53.095+0000] {logging_mixin.py:137} INFO - [2025-08-27T15:21:53.095+0000] {dagbag.py:538} INFO - Filling up the DagBag from /home/airflow/.local/lib/python3.7/site-packages/airflow/example_dags/example_latest_only_with_trigger.py
[2025-08-27T15:21:53.102+0000] {processor.py:753} INFO - DAG(s) dict_keys(['latest_only_with_trigger']) retrieved from /home/airflow/.local/lib/python3.7/site-packages/airflow/example_dags/example_latest_only_with_trigger.py
[2025-08-27T15:21:53.113+0000] {logging_mixin.py:137} INFO - [2025-08-27T15:21:53.113+0000] {dag.py:2690} INFO - Sync 1 DAGs
[2025-08-27T15:21:53.122+0000] {logging_mixin.py:137} INFO - [2025-08-27T15:21:53.122+0000] {dag.py:3441} INFO - Setting next_dagrun for latest_only_with_trigger to 2025-08-27T11:21:53.122369+00:00, run_after=2025-08-27T15:21:53.122369+00:00
[2025-08-27T15:21:53.129+0000] {processor.py:175} INFO - Processing /home/airflow/.local/lib/python3.7/site-packages/airflow/example_dags/example_latest_only_with_trigger.py took 0.036 seconds
[2025-08-27T15:25:59.225+0000] {processor.py:153} INFO - Started process (PID=23467) to work on /home/airflow/.local/lib/python3.7/site-packages/airflow/example_dags/example_latest_only_with_trigger.py
[2025-08-27T15:25:59.226+0000] {processor.py:743} INFO - Processing file /home/airflow/.local/lib/python3.7/site-packages/airflow/example_dags/example_latest_only_with_trigger.py for tasks to queue
[2025-08-27T15:25:59.226+0000] {logging_mixin.py:137} INFO - [2025-08-27T15:25:59.226+0000] {dagbag.py:538} INFO - Filling up the DagBag from /home/airflow/.local/lib/python3.7/site-packages/airflow/example_dags/example_latest_only_with_trigger.py
[2025-08-27T15:25:59.245+0000] {processor.py:753} INFO - DAG(s) dict_keys(['latest_only_with_trigger']) retrieved from /home/airflow/.local/lib/python3.7/site-packages/airflow/example_dags/example_latest_only_with_trigger.py
[2025-08-27T15:25:59.274+0000] {logging_mixin.py:137} INFO - [2025-08-27T15:25:59.274+0000] {dag.py:2690} INFO - Sync 1 DAGs
[2025-08-27T15:25:59.286+0000] {logging_mixin.py:137} INFO - [2025-08-27T15:25:59.286+0000] {dag.py:3441} INFO - Setting next_dagrun for latest_only_with_trigger to 2025-08-27T11:25:59.286079+00:00, run_after=2025-08-27T15:25:59.286079+00:00
[2025-08-27T15:25:59.293+0000] {processor.py:175} INFO - Processing /home/airflow/.local/lib/python3.7/site-packages/airflow/example_dags/example_latest_only_with_trigger.py took 0.071 seconds
[2025-08-27T16:00:40.392+0000] {processor.py:153} INFO - Started process (PID=23567) to work on /home/airflow/.local/lib/python3.7/site-packages/airflow/example_dags/example_latest_only_with_trigger.py
[2025-08-27T16:00:40.392+0000] {processor.py:743} INFO - Processing file /home/airflow/.local/lib/python3.7/site-packages/airflow/example_dags/example_latest_only_with_trigger.py for tasks to queue
[2025-08-27T16:00:40.393+0000] {logging_mixin.py:137} INFO - [2025-08-27T16:00:40.393+0000] {dagbag.py:538} INFO - Filling up the DagBag from /home/airflow/.local/lib/python3.7/site-packages/airflow/example_dags/example_latest_only_with_trigger.py
[2025-08-27T16:00:40.404+0000] {processor.py:753} INFO - DAG(s) dict_keys(['latest_only_with_trigger']) retrieved from /home/airflow/.local/lib/python3.7/site-packages/airflow/example_dags/example_latest_only_with_trigger.py
[2025-08-27T16:00:40.424+0000] {logging_mixin.py:137} INFO - [2025-08-27T16:00:40.424+0000] {dag.py:2690} INFO - Sync 1 DAGs
[2025-08-27T16:00:40.445+0000] {logging_mixin.py:137} INFO - [2025-08-27T16:00:40.445+0000] {dag.py:3441} INFO - Setting next_dagrun for latest_only_with_trigger to 2025-08-27T12:00:40.444961+00:00, run_after=2025-08-27T16:00:40.444961+00:00
[2025-08-27T16:00:40.463+0000] {processor.py:175} INFO - Processing /home/airflow/.local/lib/python3.7/site-packages/airflow/example_dags/example_latest_only_with_trigger.py took 0.073 seconds
[2025-08-27T16:14:53.242+0000] {processor.py:153} INFO - Started process (PID=23647) to work on /home/airflow/.local/lib/python3.7/site-packages/airflow/example_dags/example_latest_only_with_trigger.py
[2025-08-27T16:14:53.243+0000] {processor.py:743} INFO - Processing file /home/airflow/.local/lib/python3.7/site-packages/airflow/example_dags/example_latest_only_with_trigger.py for tasks to queue
[2025-08-27T16:14:53.243+0000] {logging_mixin.py:137} INFO - [2025-08-27T16:14:53.243+0000] {dagbag.py:538} INFO - Filling up the DagBag from /home/airflow/.local/lib/python3.7/site-packages/airflow/example_dags/example_latest_only_with_trigger.py
[2025-08-27T16:14:53.251+0000] {processor.py:753} INFO - DAG(s) dict_keys(['latest_only_with_trigger']) retrieved from /home/airflow/.local/lib/python3.7/site-packages/airflow/example_dags/example_latest_only_with_trigger.py
[2025-08-27T16:14:53.261+0000] {logging_mixin.py:137} INFO - [2025-08-27T16:14:53.261+0000] {dag.py:2690} INFO - Sync 1 DAGs
[2025-08-27T16:14:53.271+0000] {logging_mixin.py:137} INFO - [2025-08-27T16:14:53.271+0000] {dag.py:3441} INFO - Setting next_dagrun for latest_only_with_trigger to 2025-08-27T12:14:53.271720+00:00, run_after=2025-08-27T16:14:53.271720+00:00
[2025-08-27T16:14:53.279+0000] {processor.py:175} INFO - Processing /home/airflow/.local/lib/python3.7/site-packages/airflow/example_dags/example_latest_only_with_trigger.py took 0.039 seconds
[2025-08-27T16:23:10.581+0000] {processor.py:153} INFO - Started process (PID=23747) to work on /home/airflow/.local/lib/python3.7/site-packages/airflow/example_dags/example_latest_only_with_trigger.py
[2025-08-27T16:23:10.581+0000] {processor.py:743} INFO - Processing file /home/airflow/.local/lib/python3.7/site-packages/airflow/example_dags/example_latest_only_with_trigger.py for tasks to queue
[2025-08-27T16:23:10.581+0000] {logging_mixin.py:137} INFO - [2025-08-27T16:23:10.581+0000] {dagbag.py:538} INFO - Filling up the DagBag from /home/airflow/.local/lib/python3.7/site-packages/airflow/example_dags/example_latest_only_with_trigger.py
[2025-08-27T16:23:10.588+0000] {processor.py:753} INFO - DAG(s) dict_keys(['latest_only_with_trigger']) retrieved from /home/airflow/.local/lib/python3.7/site-packages/airflow/example_dags/example_latest_only_with_trigger.py
[2025-08-27T16:23:10.599+0000] {logging_mixin.py:137} INFO - [2025-08-27T16:23:10.599+0000] {dag.py:2690} INFO - Sync 1 DAGs
[2025-08-27T16:23:10.610+0000] {logging_mixin.py:137} INFO - [2025-08-27T16:23:10.610+0000] {dag.py:3441} INFO - Setting next_dagrun for latest_only_with_trigger to 2025-08-27T12:23:10.609949+00:00, run_after=2025-08-27T16:23:10.609949+00:00
[2025-08-27T16:23:10.618+0000] {processor.py:175} INFO - Processing /home/airflow/.local/lib/python3.7/site-packages/airflow/example_dags/example_latest_only_with_trigger.py took 0.039 seconds
[2025-08-27T16:24:54.188+0000] {processor.py:153} INFO - Started process (PID=23847) to work on /home/airflow/.local/lib/python3.7/site-packages/airflow/example_dags/example_latest_only_with_trigger.py
[2025-08-27T16:24:54.188+0000] {processor.py:743} INFO - Processing file /home/airflow/.local/lib/python3.7/site-packages/airflow/example_dags/example_latest_only_with_trigger.py for tasks to queue
[2025-08-27T16:24:54.189+0000] {logging_mixin.py:137} INFO - [2025-08-27T16:24:54.189+0000] {dagbag.py:538} INFO - Filling up the DagBag from /home/airflow/.local/lib/python3.7/site-packages/airflow/example_dags/example_latest_only_with_trigger.py
[2025-08-27T16:24:54.194+0000] {processor.py:753} INFO - DAG(s) dict_keys(['latest_only_with_trigger']) retrieved from /home/airflow/.local/lib/python3.7/site-packages/airflow/example_dags/example_latest_only_with_trigger.py
[2025-08-27T16:24:54.206+0000] {logging_mixin.py:137} INFO - [2025-08-27T16:24:54.206+0000] {dag.py:2690} INFO - Sync 1 DAGs
[2025-08-27T16:24:54.218+0000] {logging_mixin.py:137} INFO - [2025-08-27T16:24:54.218+0000] {dag.py:3441} INFO - Setting next_dagrun for latest_only_with_trigger to 2025-08-27T12:24:54.218076+00:00, run_after=2025-08-27T16:24:54.218076+00:00
[2025-08-27T16:24:54.225+0000] {processor.py:175} INFO - Processing /home/airflow/.local/lib/python3.7/site-packages/airflow/example_dags/example_latest_only_with_trigger.py took 0.039 seconds
[2025-08-27T16:30:07.801+0000] {processor.py:153} INFO - Started process (PID=23947) to work on /home/airflow/.local/lib/python3.7/site-packages/airflow/example_dags/example_latest_only_with_trigger.py
[2025-08-27T16:30:07.801+0000] {processor.py:743} INFO - Processing file /home/airflow/.local/lib/python3.7/site-packages/airflow/example_dags/example_latest_only_with_trigger.py for tasks to queue
[2025-08-27T16:30:07.801+0000] {logging_mixin.py:137} INFO - [2025-08-27T16:30:07.801+0000] {dagbag.py:538} INFO - Filling up the DagBag from /home/airflow/.local/lib/python3.7/site-packages/airflow/example_dags/example_latest_only_with_trigger.py
[2025-08-27T16:30:07.808+0000] {processor.py:753} INFO - DAG(s) dict_keys(['latest_only_with_trigger']) retrieved from /home/airflow/.local/lib/python3.7/site-packages/airflow/example_dags/example_latest_only_with_trigger.py
[2025-08-27T16:30:07.821+0000] {logging_mixin.py:137} INFO - [2025-08-27T16:30:07.821+0000] {dag.py:2690} INFO - Sync 1 DAGs
[2025-08-27T16:30:07.832+0000] {logging_mixin.py:137} INFO - [2025-08-27T16:30:07.832+0000] {dag.py:3441} INFO - Setting next_dagrun for latest_only_with_trigger to 2025-08-27T12:30:07.832147+00:00, run_after=2025-08-27T16:30:07.832147+00:00
[2025-08-27T16:30:07.839+0000] {processor.py:175} INFO - Processing /home/airflow/.local/lib/python3.7/site-packages/airflow/example_dags/example_latest_only_with_trigger.py took 0.040 seconds
[2025-08-27T16:44:03.202+0000] {processor.py:153} INFO - Started process (PID=24027) to work on /home/airflow/.local/lib/python3.7/site-packages/airflow/example_dags/example_latest_only_with_trigger.py
[2025-08-27T16:44:03.203+0000] {processor.py:743} INFO - Processing file /home/airflow/.local/lib/python3.7/site-packages/airflow/example_dags/example_latest_only_with_trigger.py for tasks to queue
[2025-08-27T16:44:03.203+0000] {logging_mixin.py:137} INFO - [2025-08-27T16:44:03.203+0000] {dagbag.py:538} INFO - Filling up the DagBag from /home/airflow/.local/lib/python3.7/site-packages/airflow/example_dags/example_latest_only_with_trigger.py
[2025-08-27T16:44:03.212+0000] {processor.py:753} INFO - DAG(s) dict_keys(['latest_only_with_trigger']) retrieved from /home/airflow/.local/lib/python3.7/site-packages/airflow/example_dags/example_latest_only_with_trigger.py
[2025-08-27T16:44:03.227+0000] {logging_mixin.py:137} INFO - [2025-08-27T16:44:03.227+0000] {dag.py:2690} INFO - Sync 1 DAGs
[2025-08-27T16:44:03.246+0000] {logging_mixin.py:137} INFO - [2025-08-27T16:44:03.246+0000] {dag.py:3441} INFO - Setting next_dagrun for latest_only_with_trigger to 2025-08-27T12:44:03.246477+00:00, run_after=2025-08-27T16:44:03.246477+00:00
[2025-08-27T16:44:03.256+0000] {processor.py:175} INFO - Processing /home/airflow/.local/lib/python3.7/site-packages/airflow/example_dags/example_latest_only_with_trigger.py took 0.056 seconds
[2025-08-27T18:19:17.666+0000] {processor.py:153} INFO - Started process (PID=24127) to work on /home/airflow/.local/lib/python3.7/site-packages/airflow/example_dags/example_latest_only_with_trigger.py
[2025-08-27T18:19:17.667+0000] {processor.py:743} INFO - Processing file /home/airflow/.local/lib/python3.7/site-packages/airflow/example_dags/example_latest_only_with_trigger.py for tasks to queue
[2025-08-27T18:19:17.667+0000] {logging_mixin.py:137} INFO - [2025-08-27T18:19:17.667+0000] {dagbag.py:538} INFO - Filling up the DagBag from /home/airflow/.local/lib/python3.7/site-packages/airflow/example_dags/example_latest_only_with_trigger.py
[2025-08-27T18:19:17.674+0000] {processor.py:753} INFO - DAG(s) dict_keys(['latest_only_with_trigger']) retrieved from /home/airflow/.local/lib/python3.7/site-packages/airflow/example_dags/example_latest_only_with_trigger.py
[2025-08-27T18:19:17.687+0000] {logging_mixin.py:137} INFO - [2025-08-27T18:19:17.687+0000] {dag.py:2690} INFO - Sync 1 DAGs
[2025-08-27T18:19:17.696+0000] {logging_mixin.py:137} INFO - [2025-08-27T18:19:17.696+0000] {dag.py:3441} INFO - Setting next_dagrun for latest_only_with_trigger to 2025-08-27T14:19:17.696506+00:00, run_after=2025-08-27T18:19:17.696506+00:00
[2025-08-27T18:19:17.704+0000] {processor.py:175} INFO - Processing /home/airflow/.local/lib/python3.7/site-packages/airflow/example_dags/example_latest_only_with_trigger.py took 0.041 seconds
[2025-08-27T19:39:50.270+0000] {processor.py:153} INFO - Started process (PID=24227) to work on /home/airflow/.local/lib/python3.7/site-packages/airflow/example_dags/example_latest_only_with_trigger.py
[2025-08-27T19:39:50.271+0000] {processor.py:743} INFO - Processing file /home/airflow/.local/lib/python3.7/site-packages/airflow/example_dags/example_latest_only_with_trigger.py for tasks to queue
[2025-08-27T19:39:50.271+0000] {logging_mixin.py:137} INFO - [2025-08-27T19:39:50.271+0000] {dagbag.py:538} INFO - Filling up the DagBag from /home/airflow/.local/lib/python3.7/site-packages/airflow/example_dags/example_latest_only_with_trigger.py
[2025-08-27T19:39:50.277+0000] {processor.py:753} INFO - DAG(s) dict_keys(['latest_only_with_trigger']) retrieved from /home/airflow/.local/lib/python3.7/site-packages/airflow/example_dags/example_latest_only_with_trigger.py
[2025-08-27T19:39:50.289+0000] {logging_mixin.py:137} INFO - [2025-08-27T19:39:50.289+0000] {dag.py:2690} INFO - Sync 1 DAGs
[2025-08-27T19:39:50.300+0000] {logging_mixin.py:137} INFO - [2025-08-27T19:39:50.300+0000] {dag.py:3441} INFO - Setting next_dagrun for latest_only_with_trigger to 2025-08-27T15:39:50.300301+00:00, run_after=2025-08-27T19:39:50.300301+00:00
[2025-08-27T19:39:50.310+0000] {processor.py:175} INFO - Processing /home/airflow/.local/lib/python3.7/site-packages/airflow/example_dags/example_latest_only_with_trigger.py took 0.042 seconds
[2025-08-27T21:01:25.126+0000] {processor.py:153} INFO - Started process (PID=24307) to work on /home/airflow/.local/lib/python3.7/site-packages/airflow/example_dags/example_latest_only_with_trigger.py
[2025-08-27T21:01:25.126+0000] {processor.py:743} INFO - Processing file /home/airflow/.local/lib/python3.7/site-packages/airflow/example_dags/example_latest_only_with_trigger.py for tasks to queue
[2025-08-27T21:01:25.127+0000] {logging_mixin.py:137} INFO - [2025-08-27T21:01:25.127+0000] {dagbag.py:538} INFO - Filling up the DagBag from /home/airflow/.local/lib/python3.7/site-packages/airflow/example_dags/example_latest_only_with_trigger.py
[2025-08-27T21:01:25.139+0000] {processor.py:753} INFO - DAG(s) dict_keys(['latest_only_with_trigger']) retrieved from /home/airflow/.local/lib/python3.7/site-packages/airflow/example_dags/example_latest_only_with_trigger.py
[2025-08-27T21:01:25.159+0000] {logging_mixin.py:137} INFO - [2025-08-27T21:01:25.159+0000] {dag.py:2690} INFO - Sync 1 DAGs
[2025-08-27T21:01:25.172+0000] {logging_mixin.py:137} INFO - [2025-08-27T21:01:25.172+0000] {dag.py:3441} INFO - Setting next_dagrun for latest_only_with_trigger to 2025-08-27T17:01:25.172695+00:00, run_after=2025-08-27T21:01:25.172695+00:00
[2025-08-27T21:01:25.183+0000] {processor.py:175} INFO - Processing /home/airflow/.local/lib/python3.7/site-packages/airflow/example_dags/example_latest_only_with_trigger.py took 0.060 seconds
[2025-08-27T21:51:50.169+0000] {processor.py:153} INFO - Started process (PID=24407) to work on /home/airflow/.local/lib/python3.7/site-packages/airflow/example_dags/example_latest_only_with_trigger.py
[2025-08-27T21:51:50.170+0000] {processor.py:743} INFO - Processing file /home/airflow/.local/lib/python3.7/site-packages/airflow/example_dags/example_latest_only_with_trigger.py for tasks to queue
[2025-08-27T21:51:50.170+0000] {logging_mixin.py:137} INFO - [2025-08-27T21:51:50.170+0000] {dagbag.py:538} INFO - Filling up the DagBag from /home/airflow/.local/lib/python3.7/site-packages/airflow/example_dags/example_latest_only_with_trigger.py
[2025-08-27T21:51:50.176+0000] {processor.py:753} INFO - DAG(s) dict_keys(['latest_only_with_trigger']) retrieved from /home/airflow/.local/lib/python3.7/site-packages/airflow/example_dags/example_latest_only_with_trigger.py
[2025-08-27T21:51:50.189+0000] {logging_mixin.py:137} INFO - [2025-08-27T21:51:50.189+0000] {dag.py:2690} INFO - Sync 1 DAGs
[2025-08-27T21:51:50.198+0000] {logging_mixin.py:137} INFO - [2025-08-27T21:51:50.198+0000] {dag.py:3441} INFO - Setting next_dagrun for latest_only_with_trigger to 2025-08-27T17:51:50.198601+00:00, run_after=2025-08-27T21:51:50.198601+00:00
[2025-08-27T21:51:50.206+0000] {processor.py:175} INFO - Processing /home/airflow/.local/lib/python3.7/site-packages/airflow/example_dags/example_latest_only_with_trigger.py took 0.038 seconds
[2025-08-27T23:29:06.103+0000] {processor.py:153} INFO - Started process (PID=24507) to work on /home/airflow/.local/lib/python3.7/site-packages/airflow/example_dags/example_latest_only_with_trigger.py
[2025-08-27T23:29:06.103+0000] {processor.py:743} INFO - Processing file /home/airflow/.local/lib/python3.7/site-packages/airflow/example_dags/example_latest_only_with_trigger.py for tasks to queue
[2025-08-27T23:29:06.103+0000] {logging_mixin.py:137} INFO - [2025-08-27T23:29:06.103+0000] {dagbag.py:538} INFO - Filling up the DagBag from /home/airflow/.local/lib/python3.7/site-packages/airflow/example_dags/example_latest_only_with_trigger.py
[2025-08-27T23:29:06.112+0000] {processor.py:753} INFO - DAG(s) dict_keys(['latest_only_with_trigger']) retrieved from /home/airflow/.local/lib/python3.7/site-packages/airflow/example_dags/example_latest_only_with_trigger.py
[2025-08-27T23:29:06.128+0000] {logging_mixin.py:137} INFO - [2025-08-27T23:29:06.128+0000] {dag.py:2690} INFO - Sync 1 DAGs
[2025-08-27T23:29:06.140+0000] {logging_mixin.py:137} INFO - [2025-08-27T23:29:06.140+0000] {dag.py:3441} INFO - Setting next_dagrun for latest_only_with_trigger to 2025-08-27T19:29:06.140671+00:00, run_after=2025-08-27T23:29:06.140671+00:00
[2025-08-27T23:29:06.152+0000] {processor.py:175} INFO - Processing /home/airflow/.local/lib/python3.7/site-packages/airflow/example_dags/example_latest_only_with_trigger.py took 0.052 seconds
