[2025-08-27T00:46:29.269+0000] {processor.py:153} INFO - Started process (PID=19496) to work on /home/airflow/.local/lib/python3.7/site-packages/airflow/example_dags/example_skip_dag.py
[2025-08-27T00:46:29.269+0000] {processor.py:743} INFO - Processing file /home/airflow/.local/lib/python3.7/site-packages/airflow/example_dags/example_skip_dag.py for tasks to queue
[2025-08-27T00:46:29.269+0000] {logging_mixin.py:137} INFO - [2025-08-27T00:46:29.269+0000] {dagbag.py:538} INFO - Filling up the DagBag from /home/airflow/.local/lib/python3.7/site-packages/airflow/example_dags/example_skip_dag.py
[2025-08-27T00:46:29.276+0000] {processor.py:753} INFO - DAG(s) dict_keys(['example_skip_dag']) retrieved from /home/airflow/.local/lib/python3.7/site-packages/airflow/example_dags/example_skip_dag.py
[2025-08-27T00:46:29.292+0000] {logging_mixin.py:137} INFO - [2025-08-27T00:46:29.292+0000] {dag.py:2690} INFO - Sync 1 DAGs
[2025-08-27T00:46:29.304+0000] {logging_mixin.py:137} INFO - [2025-08-27T00:46:29.304+0000] {dag.py:3441} INFO - Setting next_dagrun for example_skip_dag to 2025-08-26T00:46:29.304369+00:00, run_after=2025-08-27T00:46:29.304369+00:00
[2025-08-27T00:46:29.320+0000] {processor.py:175} INFO - Processing /home/airflow/.local/lib/python3.7/site-packages/airflow/example_dags/example_skip_dag.py took 0.052 seconds
[2025-08-27T02:21:51.168+0000] {processor.py:153} INFO - Started process (PID=19576) to work on /home/airflow/.local/lib/python3.7/site-packages/airflow/example_dags/example_skip_dag.py
[2025-08-27T02:21:51.169+0000] {processor.py:743} INFO - Processing file /home/airflow/.local/lib/python3.7/site-packages/airflow/example_dags/example_skip_dag.py for tasks to queue
[2025-08-27T02:21:51.169+0000] {logging_mixin.py:137} INFO - [2025-08-27T02:21:51.169+0000] {dagbag.py:538} INFO - Filling up the DagBag from /home/airflow/.local/lib/python3.7/site-packages/airflow/example_dags/example_skip_dag.py
[2025-08-27T02:21:51.175+0000] {processor.py:753} INFO - DAG(s) dict_keys(['example_skip_dag']) retrieved from /home/airflow/.local/lib/python3.7/site-packages/airflow/example_dags/example_skip_dag.py
[2025-08-27T02:21:51.185+0000] {logging_mixin.py:137} INFO - [2025-08-27T02:21:51.185+0000] {dag.py:2690} INFO - Sync 1 DAGs
[2025-08-27T02:21:51.196+0000] {logging_mixin.py:137} INFO - [2025-08-27T02:21:51.196+0000] {dag.py:3441} INFO - Setting next_dagrun for example_skip_dag to 2025-08-26T02:21:51.195987+00:00, run_after=2025-08-27T02:21:51.195987+00:00
[2025-08-27T02:21:51.203+0000] {processor.py:175} INFO - Processing /home/airflow/.local/lib/python3.7/site-packages/airflow/example_dags/example_skip_dag.py took 0.036 seconds
[2025-08-27T02:37:29.853+0000] {processor.py:153} INFO - Started process (PID=19676) to work on /home/airflow/.local/lib/python3.7/site-packages/airflow/example_dags/example_skip_dag.py
[2025-08-27T02:37:29.853+0000] {processor.py:743} INFO - Processing file /home/airflow/.local/lib/python3.7/site-packages/airflow/example_dags/example_skip_dag.py for tasks to queue
[2025-08-27T02:37:29.853+0000] {logging_mixin.py:137} INFO - [2025-08-27T02:37:29.853+0000] {dagbag.py:538} INFO - Filling up the DagBag from /home/airflow/.local/lib/python3.7/site-packages/airflow/example_dags/example_skip_dag.py
[2025-08-27T02:37:29.860+0000] {processor.py:753} INFO - DAG(s) dict_keys(['example_skip_dag']) retrieved from /home/airflow/.local/lib/python3.7/site-packages/airflow/example_dags/example_skip_dag.py
[2025-08-27T02:37:29.869+0000] {logging_mixin.py:137} INFO - [2025-08-27T02:37:29.869+0000] {dag.py:2690} INFO - Sync 1 DAGs
[2025-08-27T02:37:29.879+0000] {logging_mixin.py:137} INFO - [2025-08-27T02:37:29.879+0000] {dag.py:3441} INFO - Setting next_dagrun for example_skip_dag to 2025-08-26T02:37:29.878939+00:00, run_after=2025-08-27T02:37:29.878939+00:00
[2025-08-27T02:37:29.886+0000] {processor.py:175} INFO - Processing /home/airflow/.local/lib/python3.7/site-packages/airflow/example_dags/example_skip_dag.py took 0.035 seconds
[2025-08-27T03:02:26.222+0000] {processor.py:153} INFO - Started process (PID=19776) to work on /home/airflow/.local/lib/python3.7/site-packages/airflow/example_dags/example_skip_dag.py
[2025-08-27T03:02:26.222+0000] {processor.py:743} INFO - Processing file /home/airflow/.local/lib/python3.7/site-packages/airflow/example_dags/example_skip_dag.py for tasks to queue
[2025-08-27T03:02:26.223+0000] {logging_mixin.py:137} INFO - [2025-08-27T03:02:26.223+0000] {dagbag.py:538} INFO - Filling up the DagBag from /home/airflow/.local/lib/python3.7/site-packages/airflow/example_dags/example_skip_dag.py
[2025-08-27T03:02:26.229+0000] {processor.py:753} INFO - DAG(s) dict_keys(['example_skip_dag']) retrieved from /home/airflow/.local/lib/python3.7/site-packages/airflow/example_dags/example_skip_dag.py
[2025-08-27T03:02:26.239+0000] {logging_mixin.py:137} INFO - [2025-08-27T03:02:26.239+0000] {dag.py:2690} INFO - Sync 1 DAGs
[2025-08-27T03:02:26.248+0000] {logging_mixin.py:137} INFO - [2025-08-27T03:02:26.248+0000] {dag.py:3441} INFO - Setting next_dagrun for example_skip_dag to 2025-08-26T03:02:26.248655+00:00, run_after=2025-08-27T03:02:26.248655+00:00
[2025-08-27T03:02:26.256+0000] {processor.py:175} INFO - Processing /home/airflow/.local/lib/python3.7/site-packages/airflow/example_dags/example_skip_dag.py took 0.035 seconds
[2025-08-27T03:13:53.593+0000] {processor.py:153} INFO - Started process (PID=19875) to work on /home/airflow/.local/lib/python3.7/site-packages/airflow/example_dags/example_skip_dag.py
[2025-08-27T03:13:53.593+0000] {processor.py:743} INFO - Processing file /home/airflow/.local/lib/python3.7/site-packages/airflow/example_dags/example_skip_dag.py for tasks to queue
[2025-08-27T03:13:53.594+0000] {logging_mixin.py:137} INFO - [2025-08-27T03:13:53.594+0000] {dagbag.py:538} INFO - Filling up the DagBag from /home/airflow/.local/lib/python3.7/site-packages/airflow/example_dags/example_skip_dag.py
[2025-08-27T03:13:53.601+0000] {processor.py:753} INFO - DAG(s) dict_keys(['example_skip_dag']) retrieved from /home/airflow/.local/lib/python3.7/site-packages/airflow/example_dags/example_skip_dag.py
[2025-08-27T03:13:53.612+0000] {logging_mixin.py:137} INFO - [2025-08-27T03:13:53.612+0000] {dag.py:2690} INFO - Sync 1 DAGs
[2025-08-27T03:13:53.624+0000] {logging_mixin.py:137} INFO - [2025-08-27T03:13:53.624+0000] {dag.py:3441} INFO - Setting next_dagrun for example_skip_dag to 2025-08-26T03:13:53.624544+00:00, run_after=2025-08-27T03:13:53.624544+00:00
[2025-08-27T03:13:53.633+0000] {processor.py:175} INFO - Processing /home/airflow/.local/lib/python3.7/site-packages/airflow/example_dags/example_skip_dag.py took 0.042 seconds
[2025-08-27T03:33:09.129+0000] {processor.py:153} INFO - Started process (PID=19955) to work on /home/airflow/.local/lib/python3.7/site-packages/airflow/example_dags/example_skip_dag.py
[2025-08-27T03:33:09.130+0000] {processor.py:743} INFO - Processing file /home/airflow/.local/lib/python3.7/site-packages/airflow/example_dags/example_skip_dag.py for tasks to queue
[2025-08-27T03:33:09.131+0000] {logging_mixin.py:137} INFO - [2025-08-27T03:33:09.131+0000] {dagbag.py:538} INFO - Filling up the DagBag from /home/airflow/.local/lib/python3.7/site-packages/airflow/example_dags/example_skip_dag.py
[2025-08-27T03:33:09.147+0000] {processor.py:753} INFO - DAG(s) dict_keys(['example_skip_dag']) retrieved from /home/airflow/.local/lib/python3.7/site-packages/airflow/example_dags/example_skip_dag.py
[2025-08-27T03:33:09.177+0000] {logging_mixin.py:137} INFO - [2025-08-27T03:33:09.176+0000] {dag.py:2690} INFO - Sync 1 DAGs
[2025-08-27T03:33:09.205+0000] {logging_mixin.py:137} INFO - [2025-08-27T03:33:09.205+0000] {dag.py:3441} INFO - Setting next_dagrun for example_skip_dag to 2025-08-26T03:33:09.203914+00:00, run_after=2025-08-27T03:33:09.203914+00:00
[2025-08-27T03:33:09.229+0000] {processor.py:175} INFO - Processing /home/airflow/.local/lib/python3.7/site-packages/airflow/example_dags/example_skip_dag.py took 0.102 seconds
[2025-08-27T04:45:10.161+0000] {processor.py:153} INFO - Started process (PID=20055) to work on /home/airflow/.local/lib/python3.7/site-packages/airflow/example_dags/example_skip_dag.py
[2025-08-27T04:45:10.162+0000] {processor.py:743} INFO - Processing file /home/airflow/.local/lib/python3.7/site-packages/airflow/example_dags/example_skip_dag.py for tasks to queue
[2025-08-27T04:45:10.163+0000] {logging_mixin.py:137} INFO - [2025-08-27T04:45:10.163+0000] {dagbag.py:538} INFO - Filling up the DagBag from /home/airflow/.local/lib/python3.7/site-packages/airflow/example_dags/example_skip_dag.py
[2025-08-27T04:45:10.175+0000] {processor.py:753} INFO - DAG(s) dict_keys(['example_skip_dag']) retrieved from /home/airflow/.local/lib/python3.7/site-packages/airflow/example_dags/example_skip_dag.py
[2025-08-27T04:45:10.203+0000] {logging_mixin.py:137} INFO - [2025-08-27T04:45:10.203+0000] {dag.py:2690} INFO - Sync 1 DAGs
[2025-08-27T04:45:10.222+0000] {logging_mixin.py:137} INFO - [2025-08-27T04:45:10.222+0000] {dag.py:3441} INFO - Setting next_dagrun for example_skip_dag to 2025-08-26T04:45:10.222556+00:00, run_after=2025-08-27T04:45:10.222556+00:00
[2025-08-27T04:45:10.235+0000] {processor.py:175} INFO - Processing /home/airflow/.local/lib/python3.7/site-packages/airflow/example_dags/example_skip_dag.py took 0.078 seconds
[2025-08-27T04:49:55.768+0000] {processor.py:153} INFO - Started process (PID=20155) to work on /home/airflow/.local/lib/python3.7/site-packages/airflow/example_dags/example_skip_dag.py
[2025-08-27T04:49:55.769+0000] {processor.py:743} INFO - Processing file /home/airflow/.local/lib/python3.7/site-packages/airflow/example_dags/example_skip_dag.py for tasks to queue
[2025-08-27T04:49:55.769+0000] {logging_mixin.py:137} INFO - [2025-08-27T04:49:55.769+0000] {dagbag.py:538} INFO - Filling up the DagBag from /home/airflow/.local/lib/python3.7/site-packages/airflow/example_dags/example_skip_dag.py
[2025-08-27T04:49:55.780+0000] {processor.py:753} INFO - DAG(s) dict_keys(['example_skip_dag']) retrieved from /home/airflow/.local/lib/python3.7/site-packages/airflow/example_dags/example_skip_dag.py
[2025-08-27T04:49:55.798+0000] {logging_mixin.py:137} INFO - [2025-08-27T04:49:55.797+0000] {dag.py:2690} INFO - Sync 1 DAGs
[2025-08-27T04:49:55.809+0000] {logging_mixin.py:137} INFO - [2025-08-27T04:49:55.809+0000] {dag.py:3441} INFO - Setting next_dagrun for example_skip_dag to 2025-08-26T04:49:55.809519+00:00, run_after=2025-08-27T04:49:55.809519+00:00
[2025-08-27T04:49:55.818+0000] {processor.py:175} INFO - Processing /home/airflow/.local/lib/python3.7/site-packages/airflow/example_dags/example_skip_dag.py took 0.052 seconds
[2025-08-27T05:35:09.076+0000] {processor.py:153} INFO - Started process (PID=20235) to work on /home/airflow/.local/lib/python3.7/site-packages/airflow/example_dags/example_skip_dag.py
[2025-08-27T05:35:09.077+0000] {processor.py:743} INFO - Processing file /home/airflow/.local/lib/python3.7/site-packages/airflow/example_dags/example_skip_dag.py for tasks to queue
[2025-08-27T05:35:09.077+0000] {logging_mixin.py:137} INFO - [2025-08-27T05:35:09.077+0000] {dagbag.py:538} INFO - Filling up the DagBag from /home/airflow/.local/lib/python3.7/site-packages/airflow/example_dags/example_skip_dag.py
[2025-08-27T05:35:09.084+0000] {processor.py:753} INFO - DAG(s) dict_keys(['example_skip_dag']) retrieved from /home/airflow/.local/lib/python3.7/site-packages/airflow/example_dags/example_skip_dag.py
[2025-08-27T05:35:09.096+0000] {logging_mixin.py:137} INFO - [2025-08-27T05:35:09.096+0000] {dag.py:2690} INFO - Sync 1 DAGs
[2025-08-27T05:35:09.106+0000] {logging_mixin.py:137} INFO - [2025-08-27T05:35:09.106+0000] {dag.py:3441} INFO - Setting next_dagrun for example_skip_dag to 2025-08-26T05:35:09.106602+00:00, run_after=2025-08-27T05:35:09.106602+00:00
[2025-08-27T05:35:09.114+0000] {processor.py:175} INFO - Processing /home/airflow/.local/lib/python3.7/site-packages/airflow/example_dags/example_skip_dag.py took 0.039 seconds
[2025-08-27T06:12:37.141+0000] {processor.py:153} INFO - Started process (PID=20335) to work on /home/airflow/.local/lib/python3.7/site-packages/airflow/example_dags/example_skip_dag.py
[2025-08-27T06:12:37.141+0000] {processor.py:743} INFO - Processing file /home/airflow/.local/lib/python3.7/site-packages/airflow/example_dags/example_skip_dag.py for tasks to queue
[2025-08-27T06:12:37.142+0000] {logging_mixin.py:137} INFO - [2025-08-27T06:12:37.142+0000] {dagbag.py:538} INFO - Filling up the DagBag from /home/airflow/.local/lib/python3.7/site-packages/airflow/example_dags/example_skip_dag.py
[2025-08-27T06:12:37.156+0000] {processor.py:753} INFO - DAG(s) dict_keys(['example_skip_dag']) retrieved from /home/airflow/.local/lib/python3.7/site-packages/airflow/example_dags/example_skip_dag.py
[2025-08-27T06:12:37.174+0000] {logging_mixin.py:137} INFO - [2025-08-27T06:12:37.174+0000] {dag.py:2690} INFO - Sync 1 DAGs
[2025-08-27T06:12:37.191+0000] {logging_mixin.py:137} INFO - [2025-08-27T06:12:37.191+0000] {dag.py:3441} INFO - Setting next_dagrun for example_skip_dag to 2025-08-26T06:12:37.191136+00:00, run_after=2025-08-27T06:12:37.191136+00:00
[2025-08-27T06:12:37.203+0000] {processor.py:175} INFO - Processing /home/airflow/.local/lib/python3.7/site-packages/airflow/example_dags/example_skip_dag.py took 0.064 seconds
[2025-08-27T06:55:18.790+0000] {processor.py:153} INFO - Started process (PID=20435) to work on /home/airflow/.local/lib/python3.7/site-packages/airflow/example_dags/example_skip_dag.py
[2025-08-27T06:55:18.790+0000] {processor.py:743} INFO - Processing file /home/airflow/.local/lib/python3.7/site-packages/airflow/example_dags/example_skip_dag.py for tasks to queue
[2025-08-27T06:55:18.791+0000] {logging_mixin.py:137} INFO - [2025-08-27T06:55:18.790+0000] {dagbag.py:538} INFO - Filling up the DagBag from /home/airflow/.local/lib/python3.7/site-packages/airflow/example_dags/example_skip_dag.py
[2025-08-27T06:55:18.797+0000] {processor.py:753} INFO - DAG(s) dict_keys(['example_skip_dag']) retrieved from /home/airflow/.local/lib/python3.7/site-packages/airflow/example_dags/example_skip_dag.py
[2025-08-27T06:55:18.806+0000] {logging_mixin.py:137} INFO - [2025-08-27T06:55:18.806+0000] {dag.py:2690} INFO - Sync 1 DAGs
[2025-08-27T06:55:18.815+0000] {logging_mixin.py:137} INFO - [2025-08-27T06:55:18.815+0000] {dag.py:3441} INFO - Setting next_dagrun for example_skip_dag to 2025-08-26T06:55:18.815085+00:00, run_after=2025-08-27T06:55:18.815085+00:00
[2025-08-27T06:55:18.821+0000] {processor.py:175} INFO - Processing /home/airflow/.local/lib/python3.7/site-packages/airflow/example_dags/example_skip_dag.py took 0.033 seconds
[2025-08-27T07:53:52.148+0000] {processor.py:153} INFO - Started process (PID=20535) to work on /home/airflow/.local/lib/python3.7/site-packages/airflow/example_dags/example_skip_dag.py
[2025-08-27T07:53:52.149+0000] {processor.py:743} INFO - Processing file /home/airflow/.local/lib/python3.7/site-packages/airflow/example_dags/example_skip_dag.py for tasks to queue
[2025-08-27T07:53:52.149+0000] {logging_mixin.py:137} INFO - [2025-08-27T07:53:52.149+0000] {dagbag.py:538} INFO - Filling up the DagBag from /home/airflow/.local/lib/python3.7/site-packages/airflow/example_dags/example_skip_dag.py
[2025-08-27T07:53:52.156+0000] {processor.py:753} INFO - DAG(s) dict_keys(['example_skip_dag']) retrieved from /home/airflow/.local/lib/python3.7/site-packages/airflow/example_dags/example_skip_dag.py
[2025-08-27T07:53:52.169+0000] {logging_mixin.py:137} INFO - [2025-08-27T07:53:52.169+0000] {dag.py:2690} INFO - Sync 1 DAGs
[2025-08-27T07:53:52.179+0000] {logging_mixin.py:137} INFO - [2025-08-27T07:53:52.179+0000] {dag.py:3441} INFO - Setting next_dagrun for example_skip_dag to 2025-08-26T07:53:52.179398+00:00, run_after=2025-08-27T07:53:52.179398+00:00
[2025-08-27T07:53:52.187+0000] {processor.py:175} INFO - Processing /home/airflow/.local/lib/python3.7/site-packages/airflow/example_dags/example_skip_dag.py took 0.040 seconds
[2025-08-27T08:23:39.407+0000] {processor.py:153} INFO - Started process (PID=20615) to work on /home/airflow/.local/lib/python3.7/site-packages/airflow/example_dags/example_skip_dag.py
[2025-08-27T08:23:39.407+0000] {processor.py:743} INFO - Processing file /home/airflow/.local/lib/python3.7/site-packages/airflow/example_dags/example_skip_dag.py for tasks to queue
[2025-08-27T08:23:39.408+0000] {logging_mixin.py:137} INFO - [2025-08-27T08:23:39.408+0000] {dagbag.py:538} INFO - Filling up the DagBag from /home/airflow/.local/lib/python3.7/site-packages/airflow/example_dags/example_skip_dag.py
[2025-08-27T08:23:39.414+0000] {processor.py:753} INFO - DAG(s) dict_keys(['example_skip_dag']) retrieved from /home/airflow/.local/lib/python3.7/site-packages/airflow/example_dags/example_skip_dag.py
[2025-08-27T08:23:39.423+0000] {logging_mixin.py:137} INFO - [2025-08-27T08:23:39.423+0000] {dag.py:2690} INFO - Sync 1 DAGs
[2025-08-27T08:23:39.432+0000] {logging_mixin.py:137} INFO - [2025-08-27T08:23:39.432+0000] {dag.py:3441} INFO - Setting next_dagrun for example_skip_dag to 2025-08-26T08:23:39.432855+00:00, run_after=2025-08-27T08:23:39.432855+00:00
[2025-08-27T08:23:39.440+0000] {processor.py:175} INFO - Processing /home/airflow/.local/lib/python3.7/site-packages/airflow/example_dags/example_skip_dag.py took 0.034 seconds
[2025-08-27T09:35:50.665+0000] {processor.py:153} INFO - Started process (PID=20715) to work on /home/airflow/.local/lib/python3.7/site-packages/airflow/example_dags/example_skip_dag.py
[2025-08-27T09:35:50.665+0000] {processor.py:743} INFO - Processing file /home/airflow/.local/lib/python3.7/site-packages/airflow/example_dags/example_skip_dag.py for tasks to queue
[2025-08-27T09:35:50.666+0000] {logging_mixin.py:137} INFO - [2025-08-27T09:35:50.666+0000] {dagbag.py:538} INFO - Filling up the DagBag from /home/airflow/.local/lib/python3.7/site-packages/airflow/example_dags/example_skip_dag.py
[2025-08-27T09:35:50.672+0000] {processor.py:753} INFO - DAG(s) dict_keys(['example_skip_dag']) retrieved from /home/airflow/.local/lib/python3.7/site-packages/airflow/example_dags/example_skip_dag.py
[2025-08-27T09:35:50.682+0000] {logging_mixin.py:137} INFO - [2025-08-27T09:35:50.682+0000] {dag.py:2690} INFO - Sync 1 DAGs
[2025-08-27T09:35:50.692+0000] {logging_mixin.py:137} INFO - [2025-08-27T09:35:50.692+0000] {dag.py:3441} INFO - Setting next_dagrun for example_skip_dag to 2025-08-26T09:35:50.692703+00:00, run_after=2025-08-27T09:35:50.692703+00:00
[2025-08-27T09:35:50.701+0000] {processor.py:175} INFO - Processing /home/airflow/.local/lib/python3.7/site-packages/airflow/example_dags/example_skip_dag.py took 0.038 seconds
[2025-08-27T09:36:49.531+0000] {processor.py:153} INFO - Started process (PID=20815) to work on /home/airflow/.local/lib/python3.7/site-packages/airflow/example_dags/example_skip_dag.py
[2025-08-27T09:36:49.531+0000] {processor.py:743} INFO - Processing file /home/airflow/.local/lib/python3.7/site-packages/airflow/example_dags/example_skip_dag.py for tasks to queue
[2025-08-27T09:36:49.532+0000] {logging_mixin.py:137} INFO - [2025-08-27T09:36:49.532+0000] {dagbag.py:538} INFO - Filling up the DagBag from /home/airflow/.local/lib/python3.7/site-packages/airflow/example_dags/example_skip_dag.py
[2025-08-27T09:36:49.538+0000] {processor.py:753} INFO - DAG(s) dict_keys(['example_skip_dag']) retrieved from /home/airflow/.local/lib/python3.7/site-packages/airflow/example_dags/example_skip_dag.py
[2025-08-27T09:36:49.547+0000] {logging_mixin.py:137} INFO - [2025-08-27T09:36:49.547+0000] {dag.py:2690} INFO - Sync 1 DAGs
[2025-08-27T09:36:49.557+0000] {logging_mixin.py:137} INFO - [2025-08-27T09:36:49.557+0000] {dag.py:3441} INFO - Setting next_dagrun for example_skip_dag to 2025-08-26T09:36:49.557043+00:00, run_after=2025-08-27T09:36:49.557043+00:00
[2025-08-27T09:36:49.564+0000] {processor.py:175} INFO - Processing /home/airflow/.local/lib/python3.7/site-packages/airflow/example_dags/example_skip_dag.py took 0.034 seconds
[2025-08-27T09:38:52.801+0000] {processor.py:153} INFO - Started process (PID=20915) to work on /home/airflow/.local/lib/python3.7/site-packages/airflow/example_dags/example_skip_dag.py
[2025-08-27T09:38:52.802+0000] {processor.py:743} INFO - Processing file /home/airflow/.local/lib/python3.7/site-packages/airflow/example_dags/example_skip_dag.py for tasks to queue
[2025-08-27T09:38:52.802+0000] {logging_mixin.py:137} INFO - [2025-08-27T09:38:52.802+0000] {dagbag.py:538} INFO - Filling up the DagBag from /home/airflow/.local/lib/python3.7/site-packages/airflow/example_dags/example_skip_dag.py
[2025-08-27T09:38:52.809+0000] {processor.py:753} INFO - DAG(s) dict_keys(['example_skip_dag']) retrieved from /home/airflow/.local/lib/python3.7/site-packages/airflow/example_dags/example_skip_dag.py
[2025-08-27T09:38:52.824+0000] {logging_mixin.py:137} INFO - [2025-08-27T09:38:52.824+0000] {dag.py:2690} INFO - Sync 1 DAGs
[2025-08-27T09:38:52.836+0000] {logging_mixin.py:137} INFO - [2025-08-27T09:38:52.836+0000] {dag.py:3441} INFO - Setting next_dagrun for example_skip_dag to 2025-08-26T09:38:52.836160+00:00, run_after=2025-08-27T09:38:52.836160+00:00
[2025-08-27T09:38:52.845+0000] {processor.py:175} INFO - Processing /home/airflow/.local/lib/python3.7/site-packages/airflow/example_dags/example_skip_dag.py took 0.046 seconds
[2025-08-27T09:39:38.867+0000] {processor.py:153} INFO - Started process (PID=20995) to work on /home/airflow/.local/lib/python3.7/site-packages/airflow/example_dags/example_skip_dag.py
[2025-08-27T09:39:38.867+0000] {processor.py:743} INFO - Processing file /home/airflow/.local/lib/python3.7/site-packages/airflow/example_dags/example_skip_dag.py for tasks to queue
[2025-08-27T09:39:38.868+0000] {logging_mixin.py:137} INFO - [2025-08-27T09:39:38.868+0000] {dagbag.py:538} INFO - Filling up the DagBag from /home/airflow/.local/lib/python3.7/site-packages/airflow/example_dags/example_skip_dag.py
[2025-08-27T09:39:38.874+0000] {processor.py:753} INFO - DAG(s) dict_keys(['example_skip_dag']) retrieved from /home/airflow/.local/lib/python3.7/site-packages/airflow/example_dags/example_skip_dag.py
[2025-08-27T09:39:38.884+0000] {logging_mixin.py:137} INFO - [2025-08-27T09:39:38.883+0000] {dag.py:2690} INFO - Sync 1 DAGs
[2025-08-27T09:39:38.893+0000] {logging_mixin.py:137} INFO - [2025-08-27T09:39:38.893+0000] {dag.py:3441} INFO - Setting next_dagrun for example_skip_dag to 2025-08-26T09:39:38.893064+00:00, run_after=2025-08-27T09:39:38.893064+00:00
[2025-08-27T09:39:38.899+0000] {processor.py:175} INFO - Processing /home/airflow/.local/lib/python3.7/site-packages/airflow/example_dags/example_skip_dag.py took 0.034 seconds
[2025-08-27T09:50:06.482+0000] {processor.py:153} INFO - Started process (PID=21095) to work on /home/airflow/.local/lib/python3.7/site-packages/airflow/example_dags/example_skip_dag.py
[2025-08-27T09:50:06.483+0000] {processor.py:743} INFO - Processing file /home/airflow/.local/lib/python3.7/site-packages/airflow/example_dags/example_skip_dag.py for tasks to queue
[2025-08-27T09:50:06.483+0000] {logging_mixin.py:137} INFO - [2025-08-27T09:50:06.483+0000] {dagbag.py:538} INFO - Filling up the DagBag from /home/airflow/.local/lib/python3.7/site-packages/airflow/example_dags/example_skip_dag.py
[2025-08-27T09:50:06.490+0000] {processor.py:753} INFO - DAG(s) dict_keys(['example_skip_dag']) retrieved from /home/airflow/.local/lib/python3.7/site-packages/airflow/example_dags/example_skip_dag.py
[2025-08-27T09:50:06.501+0000] {logging_mixin.py:137} INFO - [2025-08-27T09:50:06.501+0000] {dag.py:2690} INFO - Sync 1 DAGs
[2025-08-27T09:50:06.511+0000] {logging_mixin.py:137} INFO - [2025-08-27T09:50:06.511+0000] {dag.py:3441} INFO - Setting next_dagrun for example_skip_dag to 2025-08-26T09:50:06.511340+00:00, run_after=2025-08-27T09:50:06.511340+00:00
[2025-08-27T09:50:06.519+0000] {processor.py:175} INFO - Processing /home/airflow/.local/lib/python3.7/site-packages/airflow/example_dags/example_skip_dag.py took 0.039 seconds
[2025-08-27T11:12:45.818+0000] {processor.py:153} INFO - Started process (PID=21195) to work on /home/airflow/.local/lib/python3.7/site-packages/airflow/example_dags/example_skip_dag.py
[2025-08-27T11:12:45.821+0000] {processor.py:743} INFO - Processing file /home/airflow/.local/lib/python3.7/site-packages/airflow/example_dags/example_skip_dag.py for tasks to queue
[2025-08-27T11:12:45.824+0000] {logging_mixin.py:137} INFO - [2025-08-27T11:12:45.824+0000] {dagbag.py:538} INFO - Filling up the DagBag from /home/airflow/.local/lib/python3.7/site-packages/airflow/example_dags/example_skip_dag.py
[2025-08-27T11:12:45.830+0000] {processor.py:753} INFO - DAG(s) dict_keys(['example_skip_dag']) retrieved from /home/airflow/.local/lib/python3.7/site-packages/airflow/example_dags/example_skip_dag.py
[2025-08-27T11:12:45.839+0000] {logging_mixin.py:137} INFO - [2025-08-27T11:12:45.839+0000] {dag.py:2690} INFO - Sync 1 DAGs
[2025-08-27T11:12:45.968+0000] {logging_mixin.py:137} INFO - [2025-08-27T11:12:45.968+0000] {dag.py:3441} INFO - Setting next_dagrun for example_skip_dag to 2025-08-26T11:12:45.968448+00:00, run_after=2025-08-27T11:12:45.968448+00:00
[2025-08-27T11:12:46.106+0000] {processor.py:175} INFO - Processing /home/airflow/.local/lib/python3.7/site-packages/airflow/example_dags/example_skip_dag.py took 0.289 seconds
[2025-08-27T11:34:31.139+0000] {processor.py:153} INFO - Started process (PID=21275) to work on /home/airflow/.local/lib/python3.7/site-packages/airflow/example_dags/example_skip_dag.py
[2025-08-27T11:34:31.139+0000] {processor.py:743} INFO - Processing file /home/airflow/.local/lib/python3.7/site-packages/airflow/example_dags/example_skip_dag.py for tasks to queue
[2025-08-27T11:34:31.140+0000] {logging_mixin.py:137} INFO - [2025-08-27T11:34:31.140+0000] {dagbag.py:538} INFO - Filling up the DagBag from /home/airflow/.local/lib/python3.7/site-packages/airflow/example_dags/example_skip_dag.py
[2025-08-27T11:34:31.147+0000] {processor.py:753} INFO - DAG(s) dict_keys(['example_skip_dag']) retrieved from /home/airflow/.local/lib/python3.7/site-packages/airflow/example_dags/example_skip_dag.py
[2025-08-27T11:34:31.158+0000] {logging_mixin.py:137} INFO - [2025-08-27T11:34:31.158+0000] {dag.py:2690} INFO - Sync 1 DAGs
[2025-08-27T11:34:31.169+0000] {logging_mixin.py:137} INFO - [2025-08-27T11:34:31.169+0000] {dag.py:3441} INFO - Setting next_dagrun for example_skip_dag to 2025-08-26T11:34:31.169270+00:00, run_after=2025-08-27T11:34:31.169270+00:00
[2025-08-27T11:34:31.176+0000] {processor.py:175} INFO - Processing /home/airflow/.local/lib/python3.7/site-packages/airflow/example_dags/example_skip_dag.py took 0.039 seconds
[2025-08-27T11:51:13.034+0000] {processor.py:153} INFO - Started process (PID=21375) to work on /home/airflow/.local/lib/python3.7/site-packages/airflow/example_dags/example_skip_dag.py
[2025-08-27T11:51:13.034+0000] {processor.py:743} INFO - Processing file /home/airflow/.local/lib/python3.7/site-packages/airflow/example_dags/example_skip_dag.py for tasks to queue
[2025-08-27T11:51:13.035+0000] {logging_mixin.py:137} INFO - [2025-08-27T11:51:13.035+0000] {dagbag.py:538} INFO - Filling up the DagBag from /home/airflow/.local/lib/python3.7/site-packages/airflow/example_dags/example_skip_dag.py
[2025-08-27T11:51:13.044+0000] {processor.py:753} INFO - DAG(s) dict_keys(['example_skip_dag']) retrieved from /home/airflow/.local/lib/python3.7/site-packages/airflow/example_dags/example_skip_dag.py
[2025-08-27T11:51:13.061+0000] {logging_mixin.py:137} INFO - [2025-08-27T11:51:13.061+0000] {dag.py:2690} INFO - Sync 1 DAGs
[2025-08-27T11:51:13.075+0000] {logging_mixin.py:137} INFO - [2025-08-27T11:51:13.075+0000] {dag.py:3441} INFO - Setting next_dagrun for example_skip_dag to 2025-08-26T11:51:13.075427+00:00, run_after=2025-08-27T11:51:13.075427+00:00
[2025-08-27T11:51:13.085+0000] {processor.py:175} INFO - Processing /home/airflow/.local/lib/python3.7/site-packages/airflow/example_dags/example_skip_dag.py took 0.054 seconds
[2025-08-27T11:53:11.692+0000] {processor.py:153} INFO - Started process (PID=21475) to work on /home/airflow/.local/lib/python3.7/site-packages/airflow/example_dags/example_skip_dag.py
[2025-08-27T11:53:11.693+0000] {processor.py:743} INFO - Processing file /home/airflow/.local/lib/python3.7/site-packages/airflow/example_dags/example_skip_dag.py for tasks to queue
[2025-08-27T11:53:11.693+0000] {logging_mixin.py:137} INFO - [2025-08-27T11:53:11.693+0000] {dagbag.py:538} INFO - Filling up the DagBag from /home/airflow/.local/lib/python3.7/site-packages/airflow/example_dags/example_skip_dag.py
[2025-08-27T11:53:11.699+0000] {processor.py:753} INFO - DAG(s) dict_keys(['example_skip_dag']) retrieved from /home/airflow/.local/lib/python3.7/site-packages/airflow/example_dags/example_skip_dag.py
[2025-08-27T11:53:11.709+0000] {logging_mixin.py:137} INFO - [2025-08-27T11:53:11.709+0000] {dag.py:2690} INFO - Sync 1 DAGs
[2025-08-27T11:53:11.718+0000] {logging_mixin.py:137} INFO - [2025-08-27T11:53:11.718+0000] {dag.py:3441} INFO - Setting next_dagrun for example_skip_dag to 2025-08-26T11:53:11.717907+00:00, run_after=2025-08-27T11:53:11.717907+00:00
[2025-08-27T11:53:11.724+0000] {processor.py:175} INFO - Processing /home/airflow/.local/lib/python3.7/site-packages/airflow/example_dags/example_skip_dag.py took 0.033 seconds
[2025-08-27T11:58:53.107+0000] {processor.py:153} INFO - Started process (PID=21575) to work on /home/airflow/.local/lib/python3.7/site-packages/airflow/example_dags/example_skip_dag.py
[2025-08-27T11:58:53.108+0000] {processor.py:743} INFO - Processing file /home/airflow/.local/lib/python3.7/site-packages/airflow/example_dags/example_skip_dag.py for tasks to queue
[2025-08-27T11:58:53.108+0000] {logging_mixin.py:137} INFO - [2025-08-27T11:58:53.108+0000] {dagbag.py:538} INFO - Filling up the DagBag from /home/airflow/.local/lib/python3.7/site-packages/airflow/example_dags/example_skip_dag.py
[2025-08-27T11:58:53.117+0000] {processor.py:753} INFO - DAG(s) dict_keys(['example_skip_dag']) retrieved from /home/airflow/.local/lib/python3.7/site-packages/airflow/example_dags/example_skip_dag.py
[2025-08-27T11:58:53.135+0000] {logging_mixin.py:137} INFO - [2025-08-27T11:58:53.135+0000] {dag.py:2690} INFO - Sync 1 DAGs
[2025-08-27T11:58:53.154+0000] {logging_mixin.py:137} INFO - [2025-08-27T11:58:53.154+0000] {dag.py:3441} INFO - Setting next_dagrun for example_skip_dag to 2025-08-26T11:58:53.154294+00:00, run_after=2025-08-27T11:58:53.154294+00:00
[2025-08-27T11:58:53.171+0000] {processor.py:175} INFO - Processing /home/airflow/.local/lib/python3.7/site-packages/airflow/example_dags/example_skip_dag.py took 0.066 seconds
[2025-08-27T12:11:20.358+0000] {processor.py:153} INFO - Started process (PID=21655) to work on /home/airflow/.local/lib/python3.7/site-packages/airflow/example_dags/example_skip_dag.py
[2025-08-27T12:11:20.359+0000] {processor.py:743} INFO - Processing file /home/airflow/.local/lib/python3.7/site-packages/airflow/example_dags/example_skip_dag.py for tasks to queue
[2025-08-27T12:11:20.359+0000] {logging_mixin.py:137} INFO - [2025-08-27T12:11:20.359+0000] {dagbag.py:538} INFO - Filling up the DagBag from /home/airflow/.local/lib/python3.7/site-packages/airflow/example_dags/example_skip_dag.py
[2025-08-27T12:11:20.366+0000] {processor.py:753} INFO - DAG(s) dict_keys(['example_skip_dag']) retrieved from /home/airflow/.local/lib/python3.7/site-packages/airflow/example_dags/example_skip_dag.py
[2025-08-27T12:11:20.377+0000] {logging_mixin.py:137} INFO - [2025-08-27T12:11:20.377+0000] {dag.py:2690} INFO - Sync 1 DAGs
[2025-08-27T12:11:20.388+0000] {logging_mixin.py:137} INFO - [2025-08-27T12:11:20.387+0000] {dag.py:3441} INFO - Setting next_dagrun for example_skip_dag to 2025-08-26T12:11:20.387848+00:00, run_after=2025-08-27T12:11:20.387848+00:00
[2025-08-27T12:11:20.395+0000] {processor.py:175} INFO - Processing /home/airflow/.local/lib/python3.7/site-packages/airflow/example_dags/example_skip_dag.py took 0.039 seconds
[2025-08-27T12:14:24.494+0000] {processor.py:153} INFO - Started process (PID=21755) to work on /home/airflow/.local/lib/python3.7/site-packages/airflow/example_dags/example_skip_dag.py
[2025-08-27T12:14:24.494+0000] {processor.py:743} INFO - Processing file /home/airflow/.local/lib/python3.7/site-packages/airflow/example_dags/example_skip_dag.py for tasks to queue
[2025-08-27T12:14:24.495+0000] {logging_mixin.py:137} INFO - [2025-08-27T12:14:24.495+0000] {dagbag.py:538} INFO - Filling up the DagBag from /home/airflow/.local/lib/python3.7/site-packages/airflow/example_dags/example_skip_dag.py
[2025-08-27T12:14:24.502+0000] {processor.py:753} INFO - DAG(s) dict_keys(['example_skip_dag']) retrieved from /home/airflow/.local/lib/python3.7/site-packages/airflow/example_dags/example_skip_dag.py
[2025-08-27T12:14:24.518+0000] {logging_mixin.py:137} INFO - [2025-08-27T12:14:24.517+0000] {dag.py:2690} INFO - Sync 1 DAGs
[2025-08-27T12:14:24.532+0000] {logging_mixin.py:137} INFO - [2025-08-27T12:14:24.532+0000] {dag.py:3441} INFO - Setting next_dagrun for example_skip_dag to 2025-08-26T12:14:24.532503+00:00, run_after=2025-08-27T12:14:24.532503+00:00
[2025-08-27T12:14:24.544+0000] {processor.py:175} INFO - Processing /home/airflow/.local/lib/python3.7/site-packages/airflow/example_dags/example_skip_dag.py took 0.052 seconds
[2025-08-27T12:27:57.143+0000] {processor.py:153} INFO - Started process (PID=21855) to work on /home/airflow/.local/lib/python3.7/site-packages/airflow/example_dags/example_skip_dag.py
[2025-08-27T12:27:57.144+0000] {processor.py:743} INFO - Processing file /home/airflow/.local/lib/python3.7/site-packages/airflow/example_dags/example_skip_dag.py for tasks to queue
[2025-08-27T12:27:57.144+0000] {logging_mixin.py:137} INFO - [2025-08-27T12:27:57.144+0000] {dagbag.py:538} INFO - Filling up the DagBag from /home/airflow/.local/lib/python3.7/site-packages/airflow/example_dags/example_skip_dag.py
[2025-08-27T12:27:57.152+0000] {processor.py:753} INFO - DAG(s) dict_keys(['example_skip_dag']) retrieved from /home/airflow/.local/lib/python3.7/site-packages/airflow/example_dags/example_skip_dag.py
[2025-08-27T12:27:57.165+0000] {logging_mixin.py:137} INFO - [2025-08-27T12:27:57.165+0000] {dag.py:2690} INFO - Sync 1 DAGs
[2025-08-27T12:27:57.176+0000] {logging_mixin.py:137} INFO - [2025-08-27T12:27:57.176+0000] {dag.py:3441} INFO - Setting next_dagrun for example_skip_dag to 2025-08-26T12:27:57.176597+00:00, run_after=2025-08-27T12:27:57.176597+00:00
[2025-08-27T12:27:57.184+0000] {processor.py:175} INFO - Processing /home/airflow/.local/lib/python3.7/site-packages/airflow/example_dags/example_skip_dag.py took 0.043 seconds
[2025-08-27T12:38:25.362+0000] {processor.py:153} INFO - Started process (PID=21935) to work on /home/airflow/.local/lib/python3.7/site-packages/airflow/example_dags/example_skip_dag.py
[2025-08-27T12:38:25.363+0000] {processor.py:743} INFO - Processing file /home/airflow/.local/lib/python3.7/site-packages/airflow/example_dags/example_skip_dag.py for tasks to queue
[2025-08-27T12:38:25.363+0000] {logging_mixin.py:137} INFO - [2025-08-27T12:38:25.363+0000] {dagbag.py:538} INFO - Filling up the DagBag from /home/airflow/.local/lib/python3.7/site-packages/airflow/example_dags/example_skip_dag.py
[2025-08-27T12:38:25.376+0000] {processor.py:753} INFO - DAG(s) dict_keys(['example_skip_dag']) retrieved from /home/airflow/.local/lib/python3.7/site-packages/airflow/example_dags/example_skip_dag.py
[2025-08-27T12:38:25.396+0000] {logging_mixin.py:137} INFO - [2025-08-27T12:38:25.396+0000] {dag.py:2690} INFO - Sync 1 DAGs
[2025-08-27T12:38:25.409+0000] {logging_mixin.py:137} INFO - [2025-08-27T12:38:25.409+0000] {dag.py:3441} INFO - Setting next_dagrun for example_skip_dag to 2025-08-26T12:38:25.409298+00:00, run_after=2025-08-27T12:38:25.409298+00:00
[2025-08-27T12:38:25.418+0000] {processor.py:175} INFO - Processing /home/airflow/.local/lib/python3.7/site-packages/airflow/example_dags/example_skip_dag.py took 0.059 seconds
[2025-08-27T12:57:12.208+0000] {processor.py:153} INFO - Started process (PID=22035) to work on /home/airflow/.local/lib/python3.7/site-packages/airflow/example_dags/example_skip_dag.py
[2025-08-27T12:57:12.209+0000] {processor.py:743} INFO - Processing file /home/airflow/.local/lib/python3.7/site-packages/airflow/example_dags/example_skip_dag.py for tasks to queue
[2025-08-27T12:57:12.210+0000] {logging_mixin.py:137} INFO - [2025-08-27T12:57:12.210+0000] {dagbag.py:538} INFO - Filling up the DagBag from /home/airflow/.local/lib/python3.7/site-packages/airflow/example_dags/example_skip_dag.py
[2025-08-27T12:57:12.227+0000] {processor.py:753} INFO - DAG(s) dict_keys(['example_skip_dag']) retrieved from /home/airflow/.local/lib/python3.7/site-packages/airflow/example_dags/example_skip_dag.py
[2025-08-27T12:57:12.246+0000] {logging_mixin.py:137} INFO - [2025-08-27T12:57:12.245+0000] {dag.py:2690} INFO - Sync 1 DAGs
[2025-08-27T12:57:12.261+0000] {logging_mixin.py:137} INFO - [2025-08-27T12:57:12.260+0000] {dag.py:3441} INFO - Setting next_dagrun for example_skip_dag to 2025-08-26T12:57:12.260786+00:00, run_after=2025-08-27T12:57:12.260786+00:00
[2025-08-27T12:57:12.271+0000] {processor.py:175} INFO - Processing /home/airflow/.local/lib/python3.7/site-packages/airflow/example_dags/example_skip_dag.py took 0.067 seconds
[2025-08-27T12:57:42.731+0000] {processor.py:153} INFO - Started process (PID=22135) to work on /home/airflow/.local/lib/python3.7/site-packages/airflow/example_dags/example_skip_dag.py
[2025-08-27T12:57:42.732+0000] {processor.py:743} INFO - Processing file /home/airflow/.local/lib/python3.7/site-packages/airflow/example_dags/example_skip_dag.py for tasks to queue
[2025-08-27T12:57:42.732+0000] {logging_mixin.py:137} INFO - [2025-08-27T12:57:42.732+0000] {dagbag.py:538} INFO - Filling up the DagBag from /home/airflow/.local/lib/python3.7/site-packages/airflow/example_dags/example_skip_dag.py
[2025-08-27T12:57:42.739+0000] {processor.py:753} INFO - DAG(s) dict_keys(['example_skip_dag']) retrieved from /home/airflow/.local/lib/python3.7/site-packages/airflow/example_dags/example_skip_dag.py
[2025-08-27T12:57:42.749+0000] {logging_mixin.py:137} INFO - [2025-08-27T12:57:42.749+0000] {dag.py:2690} INFO - Sync 1 DAGs
[2025-08-27T12:57:42.758+0000] {logging_mixin.py:137} INFO - [2025-08-27T12:57:42.758+0000] {dag.py:3441} INFO - Setting next_dagrun for example_skip_dag to 2025-08-26T12:57:42.758310+00:00, run_after=2025-08-27T12:57:42.758310+00:00
[2025-08-27T12:57:42.765+0000] {processor.py:175} INFO - Processing /home/airflow/.local/lib/python3.7/site-packages/airflow/example_dags/example_skip_dag.py took 0.035 seconds
[2025-08-27T13:27:10.538+0000] {processor.py:153} INFO - Started process (PID=22235) to work on /home/airflow/.local/lib/python3.7/site-packages/airflow/example_dags/example_skip_dag.py
[2025-08-27T13:27:10.539+0000] {processor.py:743} INFO - Processing file /home/airflow/.local/lib/python3.7/site-packages/airflow/example_dags/example_skip_dag.py for tasks to queue
[2025-08-27T13:27:10.539+0000] {logging_mixin.py:137} INFO - [2025-08-27T13:27:10.539+0000] {dagbag.py:538} INFO - Filling up the DagBag from /home/airflow/.local/lib/python3.7/site-packages/airflow/example_dags/example_skip_dag.py
[2025-08-27T13:27:10.547+0000] {processor.py:753} INFO - DAG(s) dict_keys(['example_skip_dag']) retrieved from /home/airflow/.local/lib/python3.7/site-packages/airflow/example_dags/example_skip_dag.py
[2025-08-27T13:27:10.557+0000] {logging_mixin.py:137} INFO - [2025-08-27T13:27:10.557+0000] {dag.py:2690} INFO - Sync 1 DAGs
[2025-08-27T13:27:10.569+0000] {logging_mixin.py:137} INFO - [2025-08-27T13:27:10.569+0000] {dag.py:3441} INFO - Setting next_dagrun for example_skip_dag to 2025-08-26T13:27:10.569192+00:00, run_after=2025-08-27T13:27:10.569192+00:00
[2025-08-27T13:27:10.576+0000] {processor.py:175} INFO - Processing /home/airflow/.local/lib/python3.7/site-packages/airflow/example_dags/example_skip_dag.py took 0.040 seconds
[2025-08-27T13:30:12.696+0000] {processor.py:153} INFO - Started process (PID=22315) to work on /home/airflow/.local/lib/python3.7/site-packages/airflow/example_dags/example_skip_dag.py
[2025-08-27T13:30:12.697+0000] {processor.py:743} INFO - Processing file /home/airflow/.local/lib/python3.7/site-packages/airflow/example_dags/example_skip_dag.py for tasks to queue
[2025-08-27T13:30:12.699+0000] {logging_mixin.py:137} INFO - [2025-08-27T13:30:12.699+0000] {dagbag.py:538} INFO - Filling up the DagBag from /home/airflow/.local/lib/python3.7/site-packages/airflow/example_dags/example_skip_dag.py
[2025-08-27T13:30:12.715+0000] {processor.py:753} INFO - DAG(s) dict_keys(['example_skip_dag']) retrieved from /home/airflow/.local/lib/python3.7/site-packages/airflow/example_dags/example_skip_dag.py
[2025-08-27T13:30:12.739+0000] {logging_mixin.py:137} INFO - [2025-08-27T13:30:12.739+0000] {dag.py:2690} INFO - Sync 1 DAGs
[2025-08-27T13:30:12.758+0000] {logging_mixin.py:137} INFO - [2025-08-27T13:30:12.758+0000] {dag.py:3441} INFO - Setting next_dagrun for example_skip_dag to 2025-08-26T13:30:12.757885+00:00, run_after=2025-08-27T13:30:12.757885+00:00
[2025-08-27T13:30:12.768+0000] {processor.py:175} INFO - Processing /home/airflow/.local/lib/python3.7/site-packages/airflow/example_dags/example_skip_dag.py took 0.081 seconds
[2025-08-27T13:37:06.406+0000] {processor.py:153} INFO - Started process (PID=22415) to work on /home/airflow/.local/lib/python3.7/site-packages/airflow/example_dags/example_skip_dag.py
[2025-08-27T13:37:06.407+0000] {processor.py:743} INFO - Processing file /home/airflow/.local/lib/python3.7/site-packages/airflow/example_dags/example_skip_dag.py for tasks to queue
[2025-08-27T13:37:06.407+0000] {logging_mixin.py:137} INFO - [2025-08-27T13:37:06.407+0000] {dagbag.py:538} INFO - Filling up the DagBag from /home/airflow/.local/lib/python3.7/site-packages/airflow/example_dags/example_skip_dag.py
[2025-08-27T13:37:06.417+0000] {processor.py:753} INFO - DAG(s) dict_keys(['example_skip_dag']) retrieved from /home/airflow/.local/lib/python3.7/site-packages/airflow/example_dags/example_skip_dag.py
[2025-08-27T13:37:06.432+0000] {logging_mixin.py:137} INFO - [2025-08-27T13:37:06.432+0000] {dag.py:2690} INFO - Sync 1 DAGs
[2025-08-27T13:37:06.446+0000] {logging_mixin.py:137} INFO - [2025-08-27T13:37:06.446+0000] {dag.py:3441} INFO - Setting next_dagrun for example_skip_dag to 2025-08-26T13:37:06.446445+00:00, run_after=2025-08-27T13:37:06.446445+00:00
[2025-08-27T13:37:06.456+0000] {processor.py:175} INFO - Processing /home/airflow/.local/lib/python3.7/site-packages/airflow/example_dags/example_skip_dag.py took 0.052 seconds
[2025-08-27T13:51:01.343+0000] {processor.py:153} INFO - Started process (PID=22515) to work on /home/airflow/.local/lib/python3.7/site-packages/airflow/example_dags/example_skip_dag.py
[2025-08-27T13:51:01.343+0000] {processor.py:743} INFO - Processing file /home/airflow/.local/lib/python3.7/site-packages/airflow/example_dags/example_skip_dag.py for tasks to queue
[2025-08-27T13:51:01.343+0000] {logging_mixin.py:137} INFO - [2025-08-27T13:51:01.343+0000] {dagbag.py:538} INFO - Filling up the DagBag from /home/airflow/.local/lib/python3.7/site-packages/airflow/example_dags/example_skip_dag.py
[2025-08-27T13:51:01.351+0000] {processor.py:753} INFO - DAG(s) dict_keys(['example_skip_dag']) retrieved from /home/airflow/.local/lib/python3.7/site-packages/airflow/example_dags/example_skip_dag.py
[2025-08-27T13:51:01.362+0000] {logging_mixin.py:137} INFO - [2025-08-27T13:51:01.362+0000] {dag.py:2690} INFO - Sync 1 DAGs
[2025-08-27T13:51:01.372+0000] {logging_mixin.py:137} INFO - [2025-08-27T13:51:01.372+0000] {dag.py:3441} INFO - Setting next_dagrun for example_skip_dag to 2025-08-26T13:51:01.372380+00:00, run_after=2025-08-27T13:51:01.372380+00:00
[2025-08-27T13:51:01.379+0000] {processor.py:175} INFO - Processing /home/airflow/.local/lib/python3.7/site-packages/airflow/example_dags/example_skip_dag.py took 0.038 seconds
[2025-08-27T14:01:05.861+0000] {processor.py:153} INFO - Started process (PID=22595) to work on /home/airflow/.local/lib/python3.7/site-packages/airflow/example_dags/example_skip_dag.py
[2025-08-27T14:01:05.861+0000] {processor.py:743} INFO - Processing file /home/airflow/.local/lib/python3.7/site-packages/airflow/example_dags/example_skip_dag.py for tasks to queue
[2025-08-27T14:01:05.862+0000] {logging_mixin.py:137} INFO - [2025-08-27T14:01:05.862+0000] {dagbag.py:538} INFO - Filling up the DagBag from /home/airflow/.local/lib/python3.7/site-packages/airflow/example_dags/example_skip_dag.py
[2025-08-27T14:01:05.869+0000] {processor.py:753} INFO - DAG(s) dict_keys(['example_skip_dag']) retrieved from /home/airflow/.local/lib/python3.7/site-packages/airflow/example_dags/example_skip_dag.py
[2025-08-27T14:01:05.886+0000] {logging_mixin.py:137} INFO - [2025-08-27T14:01:05.886+0000] {dag.py:2690} INFO - Sync 1 DAGs
[2025-08-27T14:01:05.903+0000] {logging_mixin.py:137} INFO - [2025-08-27T14:01:05.903+0000] {dag.py:3441} INFO - Setting next_dagrun for example_skip_dag to 2025-08-26T14:01:05.903634+00:00, run_after=2025-08-27T14:01:05.903634+00:00
[2025-08-27T14:01:05.913+0000] {processor.py:175} INFO - Processing /home/airflow/.local/lib/python3.7/site-packages/airflow/example_dags/example_skip_dag.py took 0.054 seconds
[2025-08-27T14:41:12.393+0000] {processor.py:153} INFO - Started process (PID=22695) to work on /home/airflow/.local/lib/python3.7/site-packages/airflow/example_dags/example_skip_dag.py
[2025-08-27T14:41:12.394+0000] {processor.py:743} INFO - Processing file /home/airflow/.local/lib/python3.7/site-packages/airflow/example_dags/example_skip_dag.py for tasks to queue
[2025-08-27T14:41:12.394+0000] {logging_mixin.py:137} INFO - [2025-08-27T14:41:12.394+0000] {dagbag.py:538} INFO - Filling up the DagBag from /home/airflow/.local/lib/python3.7/site-packages/airflow/example_dags/example_skip_dag.py
[2025-08-27T14:41:12.401+0000] {processor.py:753} INFO - DAG(s) dict_keys(['example_skip_dag']) retrieved from /home/airflow/.local/lib/python3.7/site-packages/airflow/example_dags/example_skip_dag.py
[2025-08-27T14:41:12.413+0000] {logging_mixin.py:137} INFO - [2025-08-27T14:41:12.413+0000] {dag.py:2690} INFO - Sync 1 DAGs
[2025-08-27T14:41:12.424+0000] {logging_mixin.py:137} INFO - [2025-08-27T14:41:12.424+0000] {dag.py:3441} INFO - Setting next_dagrun for example_skip_dag to 2025-08-26T14:41:12.424037+00:00, run_after=2025-08-27T14:41:12.424037+00:00
[2025-08-27T14:41:12.432+0000] {processor.py:175} INFO - Processing /home/airflow/.local/lib/python3.7/site-packages/airflow/example_dags/example_skip_dag.py took 0.041 seconds
[2025-08-27T14:43:54.249+0000] {processor.py:153} INFO - Started process (PID=22795) to work on /home/airflow/.local/lib/python3.7/site-packages/airflow/example_dags/example_skip_dag.py
[2025-08-27T14:43:54.250+0000] {processor.py:743} INFO - Processing file /home/airflow/.local/lib/python3.7/site-packages/airflow/example_dags/example_skip_dag.py for tasks to queue
[2025-08-27T14:43:54.250+0000] {logging_mixin.py:137} INFO - [2025-08-27T14:43:54.250+0000] {dagbag.py:538} INFO - Filling up the DagBag from /home/airflow/.local/lib/python3.7/site-packages/airflow/example_dags/example_skip_dag.py
[2025-08-27T14:43:54.258+0000] {processor.py:753} INFO - DAG(s) dict_keys(['example_skip_dag']) retrieved from /home/airflow/.local/lib/python3.7/site-packages/airflow/example_dags/example_skip_dag.py
[2025-08-27T14:43:54.273+0000] {logging_mixin.py:137} INFO - [2025-08-27T14:43:54.273+0000] {dag.py:2690} INFO - Sync 1 DAGs
[2025-08-27T14:43:54.285+0000] {logging_mixin.py:137} INFO - [2025-08-27T14:43:54.285+0000] {dag.py:3441} INFO - Setting next_dagrun for example_skip_dag to 2025-08-26T14:43:54.284953+00:00, run_after=2025-08-27T14:43:54.284953+00:00
[2025-08-27T14:43:54.294+0000] {processor.py:175} INFO - Processing /home/airflow/.local/lib/python3.7/site-packages/airflow/example_dags/example_skip_dag.py took 0.047 seconds
[2025-08-27T14:54:31.543+0000] {processor.py:153} INFO - Started process (PID=22895) to work on /home/airflow/.local/lib/python3.7/site-packages/airflow/example_dags/example_skip_dag.py
[2025-08-27T14:54:31.544+0000] {processor.py:743} INFO - Processing file /home/airflow/.local/lib/python3.7/site-packages/airflow/example_dags/example_skip_dag.py for tasks to queue
[2025-08-27T14:54:31.544+0000] {logging_mixin.py:137} INFO - [2025-08-27T14:54:31.544+0000] {dagbag.py:538} INFO - Filling up the DagBag from /home/airflow/.local/lib/python3.7/site-packages/airflow/example_dags/example_skip_dag.py
[2025-08-27T14:54:31.554+0000] {processor.py:753} INFO - DAG(s) dict_keys(['example_skip_dag']) retrieved from /home/airflow/.local/lib/python3.7/site-packages/airflow/example_dags/example_skip_dag.py
[2025-08-27T14:54:31.566+0000] {logging_mixin.py:137} INFO - [2025-08-27T14:54:31.565+0000] {dag.py:2690} INFO - Sync 1 DAGs
[2025-08-27T14:54:31.577+0000] {logging_mixin.py:137} INFO - [2025-08-27T14:54:31.577+0000] {dag.py:3441} INFO - Setting next_dagrun for example_skip_dag to 2025-08-26T14:54:31.577128+00:00, run_after=2025-08-27T14:54:31.577128+00:00
[2025-08-27T14:54:31.586+0000] {processor.py:175} INFO - Processing /home/airflow/.local/lib/python3.7/site-packages/airflow/example_dags/example_skip_dag.py took 0.045 seconds
[2025-08-27T15:01:38.948+0000] {processor.py:153} INFO - Started process (PID=22975) to work on /home/airflow/.local/lib/python3.7/site-packages/airflow/example_dags/example_skip_dag.py
[2025-08-27T15:01:38.949+0000] {processor.py:743} INFO - Processing file /home/airflow/.local/lib/python3.7/site-packages/airflow/example_dags/example_skip_dag.py for tasks to queue
[2025-08-27T15:01:38.950+0000] {logging_mixin.py:137} INFO - [2025-08-27T15:01:38.950+0000] {dagbag.py:538} INFO - Filling up the DagBag from /home/airflow/.local/lib/python3.7/site-packages/airflow/example_dags/example_skip_dag.py
[2025-08-27T15:01:38.968+0000] {processor.py:753} INFO - DAG(s) dict_keys(['example_skip_dag']) retrieved from /home/airflow/.local/lib/python3.7/site-packages/airflow/example_dags/example_skip_dag.py
[2025-08-27T15:01:39.001+0000] {logging_mixin.py:137} INFO - [2025-08-27T15:01:39.000+0000] {dag.py:2690} INFO - Sync 1 DAGs
[2025-08-27T15:01:39.019+0000] {logging_mixin.py:137} INFO - [2025-08-27T15:01:39.019+0000] {dag.py:3441} INFO - Setting next_dagrun for example_skip_dag to 2025-08-26T15:01:39.019121+00:00, run_after=2025-08-27T15:01:39.019121+00:00
[2025-08-27T15:01:39.030+0000] {processor.py:175} INFO - Processing /home/airflow/.local/lib/python3.7/site-packages/airflow/example_dags/example_skip_dag.py took 0.086 seconds
[2025-08-27T15:08:09.417+0000] {processor.py:153} INFO - Started process (PID=23075) to work on /home/airflow/.local/lib/python3.7/site-packages/airflow/example_dags/example_skip_dag.py
[2025-08-27T15:08:09.418+0000] {processor.py:743} INFO - Processing file /home/airflow/.local/lib/python3.7/site-packages/airflow/example_dags/example_skip_dag.py for tasks to queue
[2025-08-27T15:08:09.418+0000] {logging_mixin.py:137} INFO - [2025-08-27T15:08:09.418+0000] {dagbag.py:538} INFO - Filling up the DagBag from /home/airflow/.local/lib/python3.7/site-packages/airflow/example_dags/example_skip_dag.py
[2025-08-27T15:08:09.424+0000] {processor.py:753} INFO - DAG(s) dict_keys(['example_skip_dag']) retrieved from /home/airflow/.local/lib/python3.7/site-packages/airflow/example_dags/example_skip_dag.py
[2025-08-27T15:08:09.434+0000] {logging_mixin.py:137} INFO - [2025-08-27T15:08:09.434+0000] {dag.py:2690} INFO - Sync 1 DAGs
[2025-08-27T15:08:09.443+0000] {logging_mixin.py:137} INFO - [2025-08-27T15:08:09.443+0000] {dag.py:3441} INFO - Setting next_dagrun for example_skip_dag to 2025-08-26T15:08:09.443826+00:00, run_after=2025-08-27T15:08:09.443826+00:00
[2025-08-27T15:08:09.453+0000] {processor.py:175} INFO - Processing /home/airflow/.local/lib/python3.7/site-packages/airflow/example_dags/example_skip_dag.py took 0.038 seconds
[2025-08-27T15:18:52.055+0000] {processor.py:153} INFO - Started process (PID=23175) to work on /home/airflow/.local/lib/python3.7/site-packages/airflow/example_dags/example_skip_dag.py
[2025-08-27T15:18:52.056+0000] {processor.py:743} INFO - Processing file /home/airflow/.local/lib/python3.7/site-packages/airflow/example_dags/example_skip_dag.py for tasks to queue
[2025-08-27T15:18:52.056+0000] {logging_mixin.py:137} INFO - [2025-08-27T15:18:52.056+0000] {dagbag.py:538} INFO - Filling up the DagBag from /home/airflow/.local/lib/python3.7/site-packages/airflow/example_dags/example_skip_dag.py
[2025-08-27T15:18:52.063+0000] {processor.py:753} INFO - DAG(s) dict_keys(['example_skip_dag']) retrieved from /home/airflow/.local/lib/python3.7/site-packages/airflow/example_dags/example_skip_dag.py
[2025-08-27T15:18:52.074+0000] {logging_mixin.py:137} INFO - [2025-08-27T15:18:52.074+0000] {dag.py:2690} INFO - Sync 1 DAGs
[2025-08-27T15:18:52.084+0000] {logging_mixin.py:137} INFO - [2025-08-27T15:18:52.084+0000] {dag.py:3441} INFO - Setting next_dagrun for example_skip_dag to 2025-08-26T15:18:52.084258+00:00, run_after=2025-08-27T15:18:52.084258+00:00
[2025-08-27T15:18:52.092+0000] {processor.py:175} INFO - Processing /home/airflow/.local/lib/python3.7/site-packages/airflow/example_dags/example_skip_dag.py took 0.038 seconds
[2025-08-27T15:19:36.746+0000] {processor.py:153} INFO - Started process (PID=23255) to work on /home/airflow/.local/lib/python3.7/site-packages/airflow/example_dags/example_skip_dag.py
[2025-08-27T15:19:36.746+0000] {processor.py:743} INFO - Processing file /home/airflow/.local/lib/python3.7/site-packages/airflow/example_dags/example_skip_dag.py for tasks to queue
[2025-08-27T15:19:36.747+0000] {logging_mixin.py:137} INFO - [2025-08-27T15:19:36.747+0000] {dagbag.py:538} INFO - Filling up the DagBag from /home/airflow/.local/lib/python3.7/site-packages/airflow/example_dags/example_skip_dag.py
[2025-08-27T15:19:36.753+0000] {processor.py:753} INFO - DAG(s) dict_keys(['example_skip_dag']) retrieved from /home/airflow/.local/lib/python3.7/site-packages/airflow/example_dags/example_skip_dag.py
[2025-08-27T15:19:36.764+0000] {logging_mixin.py:137} INFO - [2025-08-27T15:19:36.764+0000] {dag.py:2690} INFO - Sync 1 DAGs
[2025-08-27T15:19:36.773+0000] {logging_mixin.py:137} INFO - [2025-08-27T15:19:36.773+0000] {dag.py:3441} INFO - Setting next_dagrun for example_skip_dag to 2025-08-26T15:19:36.773781+00:00, run_after=2025-08-27T15:19:36.773781+00:00
[2025-08-27T15:19:36.780+0000] {processor.py:175} INFO - Processing /home/airflow/.local/lib/python3.7/site-packages/airflow/example_dags/example_skip_dag.py took 0.036 seconds
[2025-08-27T15:21:52.715+0000] {processor.py:153} INFO - Started process (PID=23355) to work on /home/airflow/.local/lib/python3.7/site-packages/airflow/example_dags/example_skip_dag.py
[2025-08-27T15:21:52.715+0000] {processor.py:743} INFO - Processing file /home/airflow/.local/lib/python3.7/site-packages/airflow/example_dags/example_skip_dag.py for tasks to queue
[2025-08-27T15:21:52.716+0000] {logging_mixin.py:137} INFO - [2025-08-27T15:21:52.716+0000] {dagbag.py:538} INFO - Filling up the DagBag from /home/airflow/.local/lib/python3.7/site-packages/airflow/example_dags/example_skip_dag.py
[2025-08-27T15:21:52.722+0000] {processor.py:753} INFO - DAG(s) dict_keys(['example_skip_dag']) retrieved from /home/airflow/.local/lib/python3.7/site-packages/airflow/example_dags/example_skip_dag.py
[2025-08-27T15:21:52.731+0000] {logging_mixin.py:137} INFO - [2025-08-27T15:21:52.731+0000] {dag.py:2690} INFO - Sync 1 DAGs
[2025-08-27T15:21:52.740+0000] {logging_mixin.py:137} INFO - [2025-08-27T15:21:52.740+0000] {dag.py:3441} INFO - Setting next_dagrun for example_skip_dag to 2025-08-26T15:21:52.740321+00:00, run_after=2025-08-27T15:21:52.740321+00:00
[2025-08-27T15:21:52.747+0000] {processor.py:175} INFO - Processing /home/airflow/.local/lib/python3.7/site-packages/airflow/example_dags/example_skip_dag.py took 0.034 seconds
[2025-08-27T15:25:58.575+0000] {processor.py:153} INFO - Started process (PID=23455) to work on /home/airflow/.local/lib/python3.7/site-packages/airflow/example_dags/example_skip_dag.py
[2025-08-27T15:25:58.575+0000] {processor.py:743} INFO - Processing file /home/airflow/.local/lib/python3.7/site-packages/airflow/example_dags/example_skip_dag.py for tasks to queue
[2025-08-27T15:25:58.576+0000] {logging_mixin.py:137} INFO - [2025-08-27T15:25:58.576+0000] {dagbag.py:538} INFO - Filling up the DagBag from /home/airflow/.local/lib/python3.7/site-packages/airflow/example_dags/example_skip_dag.py
[2025-08-27T15:25:58.584+0000] {processor.py:753} INFO - DAG(s) dict_keys(['example_skip_dag']) retrieved from /home/airflow/.local/lib/python3.7/site-packages/airflow/example_dags/example_skip_dag.py
[2025-08-27T15:25:58.603+0000] {logging_mixin.py:137} INFO - [2025-08-27T15:25:58.603+0000] {dag.py:2690} INFO - Sync 1 DAGs
[2025-08-27T15:25:58.645+0000] {logging_mixin.py:137} INFO - [2025-08-27T15:25:58.644+0000] {dag.py:3441} INFO - Setting next_dagrun for example_skip_dag to 2025-08-26T15:25:58.644260+00:00, run_after=2025-08-27T15:25:58.644260+00:00
[2025-08-27T15:25:58.661+0000] {processor.py:175} INFO - Processing /home/airflow/.local/lib/python3.7/site-packages/airflow/example_dags/example_skip_dag.py took 0.089 seconds
[2025-08-27T16:00:39.865+0000] {processor.py:153} INFO - Started process (PID=23555) to work on /home/airflow/.local/lib/python3.7/site-packages/airflow/example_dags/example_skip_dag.py
[2025-08-27T16:00:39.866+0000] {processor.py:743} INFO - Processing file /home/airflow/.local/lib/python3.7/site-packages/airflow/example_dags/example_skip_dag.py for tasks to queue
[2025-08-27T16:00:39.867+0000] {logging_mixin.py:137} INFO - [2025-08-27T16:00:39.867+0000] {dagbag.py:538} INFO - Filling up the DagBag from /home/airflow/.local/lib/python3.7/site-packages/airflow/example_dags/example_skip_dag.py
[2025-08-27T16:00:39.888+0000] {processor.py:753} INFO - DAG(s) dict_keys(['example_skip_dag']) retrieved from /home/airflow/.local/lib/python3.7/site-packages/airflow/example_dags/example_skip_dag.py
[2025-08-27T16:00:39.919+0000] {logging_mixin.py:137} INFO - [2025-08-27T16:00:39.919+0000] {dag.py:2690} INFO - Sync 1 DAGs
[2025-08-27T16:00:39.933+0000] {logging_mixin.py:137} INFO - [2025-08-27T16:00:39.933+0000] {dag.py:3441} INFO - Setting next_dagrun for example_skip_dag to 2025-08-26T16:00:39.932805+00:00, run_after=2025-08-27T16:00:39.932805+00:00
[2025-08-27T16:00:39.946+0000] {processor.py:175} INFO - Processing /home/airflow/.local/lib/python3.7/site-packages/airflow/example_dags/example_skip_dag.py took 0.083 seconds
[2025-08-27T16:14:52.888+0000] {processor.py:153} INFO - Started process (PID=23635) to work on /home/airflow/.local/lib/python3.7/site-packages/airflow/example_dags/example_skip_dag.py
[2025-08-27T16:14:52.889+0000] {processor.py:743} INFO - Processing file /home/airflow/.local/lib/python3.7/site-packages/airflow/example_dags/example_skip_dag.py for tasks to queue
[2025-08-27T16:14:52.889+0000] {logging_mixin.py:137} INFO - [2025-08-27T16:14:52.889+0000] {dagbag.py:538} INFO - Filling up the DagBag from /home/airflow/.local/lib/python3.7/site-packages/airflow/example_dags/example_skip_dag.py
[2025-08-27T16:14:52.895+0000] {processor.py:753} INFO - DAG(s) dict_keys(['example_skip_dag']) retrieved from /home/airflow/.local/lib/python3.7/site-packages/airflow/example_dags/example_skip_dag.py
[2025-08-27T16:14:52.905+0000] {logging_mixin.py:137} INFO - [2025-08-27T16:14:52.904+0000] {dag.py:2690} INFO - Sync 1 DAGs
[2025-08-27T16:14:52.916+0000] {logging_mixin.py:137} INFO - [2025-08-27T16:14:52.916+0000] {dag.py:3441} INFO - Setting next_dagrun for example_skip_dag to 2025-08-26T16:14:52.916684+00:00, run_after=2025-08-27T16:14:52.916684+00:00
[2025-08-27T16:14:52.923+0000] {processor.py:175} INFO - Processing /home/airflow/.local/lib/python3.7/site-packages/airflow/example_dags/example_skip_dag.py took 0.037 seconds
[2025-08-27T16:23:10.134+0000] {processor.py:153} INFO - Started process (PID=23735) to work on /home/airflow/.local/lib/python3.7/site-packages/airflow/example_dags/example_skip_dag.py
[2025-08-27T16:23:10.134+0000] {processor.py:743} INFO - Processing file /home/airflow/.local/lib/python3.7/site-packages/airflow/example_dags/example_skip_dag.py for tasks to queue
[2025-08-27T16:23:10.135+0000] {logging_mixin.py:137} INFO - [2025-08-27T16:23:10.135+0000] {dagbag.py:538} INFO - Filling up the DagBag from /home/airflow/.local/lib/python3.7/site-packages/airflow/example_dags/example_skip_dag.py
[2025-08-27T16:23:10.145+0000] {processor.py:753} INFO - DAG(s) dict_keys(['example_skip_dag']) retrieved from /home/airflow/.local/lib/python3.7/site-packages/airflow/example_dags/example_skip_dag.py
[2025-08-27T16:23:10.163+0000] {logging_mixin.py:137} INFO - [2025-08-27T16:23:10.163+0000] {dag.py:2690} INFO - Sync 1 DAGs
[2025-08-27T16:23:10.176+0000] {logging_mixin.py:137} INFO - [2025-08-27T16:23:10.176+0000] {dag.py:3441} INFO - Setting next_dagrun for example_skip_dag to 2025-08-26T16:23:10.176423+00:00, run_after=2025-08-27T16:23:10.176423+00:00
[2025-08-27T16:23:10.187+0000] {processor.py:175} INFO - Processing /home/airflow/.local/lib/python3.7/site-packages/airflow/example_dags/example_skip_dag.py took 0.055 seconds
[2025-08-27T16:24:53.880+0000] {processor.py:153} INFO - Started process (PID=23835) to work on /home/airflow/.local/lib/python3.7/site-packages/airflow/example_dags/example_skip_dag.py
[2025-08-27T16:24:53.880+0000] {processor.py:743} INFO - Processing file /home/airflow/.local/lib/python3.7/site-packages/airflow/example_dags/example_skip_dag.py for tasks to queue
[2025-08-27T16:24:53.882+0000] {logging_mixin.py:137} INFO - [2025-08-27T16:24:53.882+0000] {dagbag.py:538} INFO - Filling up the DagBag from /home/airflow/.local/lib/python3.7/site-packages/airflow/example_dags/example_skip_dag.py
[2025-08-27T16:24:53.889+0000] {processor.py:753} INFO - DAG(s) dict_keys(['example_skip_dag']) retrieved from /home/airflow/.local/lib/python3.7/site-packages/airflow/example_dags/example_skip_dag.py
[2025-08-27T16:24:53.900+0000] {logging_mixin.py:137} INFO - [2025-08-27T16:24:53.900+0000] {dag.py:2690} INFO - Sync 1 DAGs
[2025-08-27T16:24:53.910+0000] {logging_mixin.py:137} INFO - [2025-08-27T16:24:53.910+0000] {dag.py:3441} INFO - Setting next_dagrun for example_skip_dag to 2025-08-26T16:24:53.910204+00:00, run_after=2025-08-27T16:24:53.910204+00:00
[2025-08-27T16:24:53.918+0000] {processor.py:175} INFO - Processing /home/airflow/.local/lib/python3.7/site-packages/airflow/example_dags/example_skip_dag.py took 0.039 seconds
[2025-08-27T16:30:07.093+0000] {processor.py:153} INFO - Started process (PID=23935) to work on /home/airflow/.local/lib/python3.7/site-packages/airflow/example_dags/example_skip_dag.py
[2025-08-27T16:30:07.094+0000] {processor.py:743} INFO - Processing file /home/airflow/.local/lib/python3.7/site-packages/airflow/example_dags/example_skip_dag.py for tasks to queue
[2025-08-27T16:30:07.096+0000] {logging_mixin.py:137} INFO - [2025-08-27T16:30:07.095+0000] {dagbag.py:538} INFO - Filling up the DagBag from /home/airflow/.local/lib/python3.7/site-packages/airflow/example_dags/example_skip_dag.py
[2025-08-27T16:30:07.117+0000] {processor.py:753} INFO - DAG(s) dict_keys(['example_skip_dag']) retrieved from /home/airflow/.local/lib/python3.7/site-packages/airflow/example_dags/example_skip_dag.py
[2025-08-27T16:30:07.144+0000] {logging_mixin.py:137} INFO - [2025-08-27T16:30:07.144+0000] {dag.py:2690} INFO - Sync 1 DAGs
[2025-08-27T16:30:07.166+0000] {logging_mixin.py:137} INFO - [2025-08-27T16:30:07.166+0000] {dag.py:3441} INFO - Setting next_dagrun for example_skip_dag to 2025-08-26T16:30:07.166106+00:00, run_after=2025-08-27T16:30:07.166106+00:00
[2025-08-27T16:30:07.202+0000] {processor.py:175} INFO - Processing /home/airflow/.local/lib/python3.7/site-packages/airflow/example_dags/example_skip_dag.py took 0.111 seconds
[2025-08-27T16:44:02.691+0000] {processor.py:153} INFO - Started process (PID=24015) to work on /home/airflow/.local/lib/python3.7/site-packages/airflow/example_dags/example_skip_dag.py
[2025-08-27T16:44:02.692+0000] {processor.py:743} INFO - Processing file /home/airflow/.local/lib/python3.7/site-packages/airflow/example_dags/example_skip_dag.py for tasks to queue
[2025-08-27T16:44:02.692+0000] {logging_mixin.py:137} INFO - [2025-08-27T16:44:02.692+0000] {dagbag.py:538} INFO - Filling up the DagBag from /home/airflow/.local/lib/python3.7/site-packages/airflow/example_dags/example_skip_dag.py
[2025-08-27T16:44:02.702+0000] {processor.py:753} INFO - DAG(s) dict_keys(['example_skip_dag']) retrieved from /home/airflow/.local/lib/python3.7/site-packages/airflow/example_dags/example_skip_dag.py
[2025-08-27T16:44:02.728+0000] {logging_mixin.py:137} INFO - [2025-08-27T16:44:02.728+0000] {dag.py:2690} INFO - Sync 1 DAGs
[2025-08-27T16:44:02.743+0000] {logging_mixin.py:137} INFO - [2025-08-27T16:44:02.743+0000] {dag.py:3441} INFO - Setting next_dagrun for example_skip_dag to 2025-08-26T16:44:02.743726+00:00, run_after=2025-08-27T16:44:02.743726+00:00
[2025-08-27T16:44:02.752+0000] {processor.py:175} INFO - Processing /home/airflow/.local/lib/python3.7/site-packages/airflow/example_dags/example_skip_dag.py took 0.064 seconds
[2025-08-27T18:19:17.238+0000] {processor.py:153} INFO - Started process (PID=24115) to work on /home/airflow/.local/lib/python3.7/site-packages/airflow/example_dags/example_skip_dag.py
[2025-08-27T18:19:17.240+0000] {processor.py:743} INFO - Processing file /home/airflow/.local/lib/python3.7/site-packages/airflow/example_dags/example_skip_dag.py for tasks to queue
[2025-08-27T18:19:17.241+0000] {logging_mixin.py:137} INFO - [2025-08-27T18:19:17.241+0000] {dagbag.py:538} INFO - Filling up the DagBag from /home/airflow/.local/lib/python3.7/site-packages/airflow/example_dags/example_skip_dag.py
[2025-08-27T18:19:17.250+0000] {processor.py:753} INFO - DAG(s) dict_keys(['example_skip_dag']) retrieved from /home/airflow/.local/lib/python3.7/site-packages/airflow/example_dags/example_skip_dag.py
[2025-08-27T18:19:17.267+0000] {logging_mixin.py:137} INFO - [2025-08-27T18:19:17.266+0000] {dag.py:2690} INFO - Sync 1 DAGs
[2025-08-27T18:19:17.284+0000] {logging_mixin.py:137} INFO - [2025-08-27T18:19:17.283+0000] {dag.py:3441} INFO - Setting next_dagrun for example_skip_dag to 2025-08-26T18:19:17.283549+00:00, run_after=2025-08-27T18:19:17.283549+00:00
[2025-08-27T18:19:17.294+0000] {processor.py:175} INFO - Processing /home/airflow/.local/lib/python3.7/site-packages/airflow/example_dags/example_skip_dag.py took 0.058 seconds
[2025-08-27T19:39:49.873+0000] {processor.py:153} INFO - Started process (PID=24215) to work on /home/airflow/.local/lib/python3.7/site-packages/airflow/example_dags/example_skip_dag.py
[2025-08-27T19:39:49.873+0000] {processor.py:743} INFO - Processing file /home/airflow/.local/lib/python3.7/site-packages/airflow/example_dags/example_skip_dag.py for tasks to queue
[2025-08-27T19:39:49.873+0000] {logging_mixin.py:137} INFO - [2025-08-27T19:39:49.873+0000] {dagbag.py:538} INFO - Filling up the DagBag from /home/airflow/.local/lib/python3.7/site-packages/airflow/example_dags/example_skip_dag.py
[2025-08-27T19:39:49.880+0000] {processor.py:753} INFO - DAG(s) dict_keys(['example_skip_dag']) retrieved from /home/airflow/.local/lib/python3.7/site-packages/airflow/example_dags/example_skip_dag.py
[2025-08-27T19:39:49.893+0000] {logging_mixin.py:137} INFO - [2025-08-27T19:39:49.893+0000] {dag.py:2690} INFO - Sync 1 DAGs
[2025-08-27T19:39:49.905+0000] {logging_mixin.py:137} INFO - [2025-08-27T19:39:49.905+0000] {dag.py:3441} INFO - Setting next_dagrun for example_skip_dag to 2025-08-26T19:39:49.905510+00:00, run_after=2025-08-27T19:39:49.905510+00:00
[2025-08-27T19:39:49.914+0000] {processor.py:175} INFO - Processing /home/airflow/.local/lib/python3.7/site-packages/airflow/example_dags/example_skip_dag.py took 0.043 seconds
[2025-08-27T21:01:24.337+0000] {processor.py:153} INFO - Started process (PID=24295) to work on /home/airflow/.local/lib/python3.7/site-packages/airflow/example_dags/example_skip_dag.py
[2025-08-27T21:01:24.337+0000] {processor.py:743} INFO - Processing file /home/airflow/.local/lib/python3.7/site-packages/airflow/example_dags/example_skip_dag.py for tasks to queue
[2025-08-27T21:01:24.338+0000] {logging_mixin.py:137} INFO - [2025-08-27T21:01:24.338+0000] {dagbag.py:538} INFO - Filling up the DagBag from /home/airflow/.local/lib/python3.7/site-packages/airflow/example_dags/example_skip_dag.py
[2025-08-27T21:01:24.347+0000] {processor.py:753} INFO - DAG(s) dict_keys(['example_skip_dag']) retrieved from /home/airflow/.local/lib/python3.7/site-packages/airflow/example_dags/example_skip_dag.py
[2025-08-27T21:01:24.363+0000] {logging_mixin.py:137} INFO - [2025-08-27T21:01:24.363+0000] {dag.py:2690} INFO - Sync 1 DAGs
[2025-08-27T21:01:24.376+0000] {logging_mixin.py:137} INFO - [2025-08-27T21:01:24.376+0000] {dag.py:3441} INFO - Setting next_dagrun for example_skip_dag to 2025-08-26T21:01:24.376214+00:00, run_after=2025-08-27T21:01:24.376214+00:00
[2025-08-27T21:01:24.385+0000] {processor.py:175} INFO - Processing /home/airflow/.local/lib/python3.7/site-packages/airflow/example_dags/example_skip_dag.py took 0.050 seconds
[2025-08-27T21:51:49.666+0000] {processor.py:153} INFO - Started process (PID=24395) to work on /home/airflow/.local/lib/python3.7/site-packages/airflow/example_dags/example_skip_dag.py
[2025-08-27T21:51:49.666+0000] {processor.py:743} INFO - Processing file /home/airflow/.local/lib/python3.7/site-packages/airflow/example_dags/example_skip_dag.py for tasks to queue
[2025-08-27T21:51:49.667+0000] {logging_mixin.py:137} INFO - [2025-08-27T21:51:49.667+0000] {dagbag.py:538} INFO - Filling up the DagBag from /home/airflow/.local/lib/python3.7/site-packages/airflow/example_dags/example_skip_dag.py
[2025-08-27T21:51:49.675+0000] {processor.py:753} INFO - DAG(s) dict_keys(['example_skip_dag']) retrieved from /home/airflow/.local/lib/python3.7/site-packages/airflow/example_dags/example_skip_dag.py
[2025-08-27T21:51:49.691+0000] {logging_mixin.py:137} INFO - [2025-08-27T21:51:49.691+0000] {dag.py:2690} INFO - Sync 1 DAGs
[2025-08-27T21:51:49.705+0000] {logging_mixin.py:137} INFO - [2025-08-27T21:51:49.705+0000] {dag.py:3441} INFO - Setting next_dagrun for example_skip_dag to 2025-08-26T21:51:49.705052+00:00, run_after=2025-08-27T21:51:49.705052+00:00
[2025-08-27T21:51:49.717+0000] {processor.py:175} INFO - Processing /home/airflow/.local/lib/python3.7/site-packages/airflow/example_dags/example_skip_dag.py took 0.053 seconds
[2025-08-27T23:29:05.669+0000] {processor.py:153} INFO - Started process (PID=24495) to work on /home/airflow/.local/lib/python3.7/site-packages/airflow/example_dags/example_skip_dag.py
[2025-08-27T23:29:05.670+0000] {processor.py:743} INFO - Processing file /home/airflow/.local/lib/python3.7/site-packages/airflow/example_dags/example_skip_dag.py for tasks to queue
[2025-08-27T23:29:05.670+0000] {logging_mixin.py:137} INFO - [2025-08-27T23:29:05.670+0000] {dagbag.py:538} INFO - Filling up the DagBag from /home/airflow/.local/lib/python3.7/site-packages/airflow/example_dags/example_skip_dag.py
[2025-08-27T23:29:05.677+0000] {processor.py:753} INFO - DAG(s) dict_keys(['example_skip_dag']) retrieved from /home/airflow/.local/lib/python3.7/site-packages/airflow/example_dags/example_skip_dag.py
[2025-08-27T23:29:05.689+0000] {logging_mixin.py:137} INFO - [2025-08-27T23:29:05.688+0000] {dag.py:2690} INFO - Sync 1 DAGs
[2025-08-27T23:29:05.699+0000] {logging_mixin.py:137} INFO - [2025-08-27T23:29:05.698+0000] {dag.py:3441} INFO - Setting next_dagrun for example_skip_dag to 2025-08-26T23:29:05.698854+00:00, run_after=2025-08-27T23:29:05.698854+00:00
[2025-08-27T23:29:05.705+0000] {processor.py:175} INFO - Processing /home/airflow/.local/lib/python3.7/site-packages/airflow/example_dags/example_skip_dag.py took 0.038 seconds
