[2025-08-27T00:46:29.426+0000] {processor.py:153} INFO - Started process (PID=19499) to work on /home/airflow/.local/lib/python3.7/site-packages/airflow/example_dags/example_bash_operator.py
[2025-08-27T00:46:29.426+0000] {processor.py:743} INFO - Processing file /home/airflow/.local/lib/python3.7/site-packages/airflow/example_dags/example_bash_operator.py for tasks to queue
[2025-08-27T00:46:29.427+0000] {logging_mixin.py:137} INFO - [2025-08-27T00:46:29.427+0000] {dagbag.py:538} INFO - Filling up the DagBag from /home/airflow/.local/lib/python3.7/site-packages/airflow/example_dags/example_bash_operator.py
[2025-08-27T00:46:29.441+0000] {processor.py:753} INFO - DAG(s) dict_keys(['example_bash_operator']) retrieved from /home/airflow/.local/lib/python3.7/site-packages/airflow/example_dags/example_bash_operator.py
[2025-08-27T00:46:29.459+0000] {logging_mixin.py:137} INFO - [2025-08-27T00:46:29.459+0000] {dag.py:2690} INFO - Sync 1 DAGs
[2025-08-27T00:46:29.474+0000] {logging_mixin.py:137} INFO - [2025-08-27T00:46:29.474+0000] {dag.py:3441} INFO - Setting next_dagrun for example_bash_operator to 2025-08-26T00:00:00+00:00, run_after=2025-08-27T00:00:00+00:00
[2025-08-27T00:46:29.484+0000] {processor.py:175} INFO - Processing /home/airflow/.local/lib/python3.7/site-packages/airflow/example_dags/example_bash_operator.py took 0.060 seconds
[2025-08-27T02:21:51.251+0000] {processor.py:153} INFO - Started process (PID=19579) to work on /home/airflow/.local/lib/python3.7/site-packages/airflow/example_dags/example_bash_operator.py
[2025-08-27T02:21:51.251+0000] {processor.py:743} INFO - Processing file /home/airflow/.local/lib/python3.7/site-packages/airflow/example_dags/example_bash_operator.py for tasks to queue
[2025-08-27T02:21:51.252+0000] {logging_mixin.py:137} INFO - [2025-08-27T02:21:51.252+0000] {dagbag.py:538} INFO - Filling up the DagBag from /home/airflow/.local/lib/python3.7/site-packages/airflow/example_dags/example_bash_operator.py
[2025-08-27T02:21:51.261+0000] {processor.py:753} INFO - DAG(s) dict_keys(['example_bash_operator']) retrieved from /home/airflow/.local/lib/python3.7/site-packages/airflow/example_dags/example_bash_operator.py
[2025-08-27T02:21:51.276+0000] {logging_mixin.py:137} INFO - [2025-08-27T02:21:51.276+0000] {dag.py:2690} INFO - Sync 1 DAGs
[2025-08-27T02:21:51.286+0000] {logging_mixin.py:137} INFO - [2025-08-27T02:21:51.286+0000] {dag.py:3441} INFO - Setting next_dagrun for example_bash_operator to 2025-08-26T00:00:00+00:00, run_after=2025-08-27T00:00:00+00:00
[2025-08-27T02:21:51.293+0000] {processor.py:175} INFO - Processing /home/airflow/.local/lib/python3.7/site-packages/airflow/example_dags/example_bash_operator.py took 0.043 seconds
[2025-08-27T02:37:29.986+0000] {processor.py:153} INFO - Started process (PID=19679) to work on /home/airflow/.local/lib/python3.7/site-packages/airflow/example_dags/example_bash_operator.py
[2025-08-27T02:37:29.987+0000] {processor.py:743} INFO - Processing file /home/airflow/.local/lib/python3.7/site-packages/airflow/example_dags/example_bash_operator.py for tasks to queue
[2025-08-27T02:37:29.988+0000] {logging_mixin.py:137} INFO - [2025-08-27T02:37:29.988+0000] {dagbag.py:538} INFO - Filling up the DagBag from /home/airflow/.local/lib/python3.7/site-packages/airflow/example_dags/example_bash_operator.py
[2025-08-27T02:37:30.003+0000] {processor.py:753} INFO - DAG(s) dict_keys(['example_bash_operator']) retrieved from /home/airflow/.local/lib/python3.7/site-packages/airflow/example_dags/example_bash_operator.py
[2025-08-27T02:37:30.025+0000] {logging_mixin.py:137} INFO - [2025-08-27T02:37:30.025+0000] {dag.py:2690} INFO - Sync 1 DAGs
[2025-08-27T02:37:30.039+0000] {logging_mixin.py:137} INFO - [2025-08-27T02:37:30.039+0000] {dag.py:3441} INFO - Setting next_dagrun for example_bash_operator to 2025-08-26T00:00:00+00:00, run_after=2025-08-27T00:00:00+00:00
[2025-08-27T02:37:30.049+0000] {processor.py:175} INFO - Processing /home/airflow/.local/lib/python3.7/site-packages/airflow/example_dags/example_bash_operator.py took 0.066 seconds
[2025-08-27T03:02:26.309+0000] {processor.py:153} INFO - Started process (PID=19779) to work on /home/airflow/.local/lib/python3.7/site-packages/airflow/example_dags/example_bash_operator.py
[2025-08-27T03:02:26.309+0000] {processor.py:743} INFO - Processing file /home/airflow/.local/lib/python3.7/site-packages/airflow/example_dags/example_bash_operator.py for tasks to queue
[2025-08-27T03:02:26.309+0000] {logging_mixin.py:137} INFO - [2025-08-27T03:02:26.309+0000] {dagbag.py:538} INFO - Filling up the DagBag from /home/airflow/.local/lib/python3.7/site-packages/airflow/example_dags/example_bash_operator.py
[2025-08-27T03:02:26.318+0000] {processor.py:753} INFO - DAG(s) dict_keys(['example_bash_operator']) retrieved from /home/airflow/.local/lib/python3.7/site-packages/airflow/example_dags/example_bash_operator.py
[2025-08-27T03:02:26.332+0000] {logging_mixin.py:137} INFO - [2025-08-27T03:02:26.332+0000] {dag.py:2690} INFO - Sync 1 DAGs
[2025-08-27T03:02:26.342+0000] {logging_mixin.py:137} INFO - [2025-08-27T03:02:26.342+0000] {dag.py:3441} INFO - Setting next_dagrun for example_bash_operator to 2025-08-26T00:00:00+00:00, run_after=2025-08-27T00:00:00+00:00
[2025-08-27T03:02:26.348+0000] {processor.py:175} INFO - Processing /home/airflow/.local/lib/python3.7/site-packages/airflow/example_dags/example_bash_operator.py took 0.041 seconds
[2025-08-27T03:13:53.648+0000] {processor.py:153} INFO - Started process (PID=19878) to work on /home/airflow/.local/lib/python3.7/site-packages/airflow/example_dags/example_bash_operator.py
[2025-08-27T03:13:53.649+0000] {processor.py:743} INFO - Processing file /home/airflow/.local/lib/python3.7/site-packages/airflow/example_dags/example_bash_operator.py for tasks to queue
[2025-08-27T03:13:53.651+0000] {logging_mixin.py:137} INFO - [2025-08-27T03:13:53.651+0000] {dagbag.py:538} INFO - Filling up the DagBag from /home/airflow/.local/lib/python3.7/site-packages/airflow/example_dags/example_bash_operator.py
[2025-08-27T03:13:53.661+0000] {processor.py:753} INFO - DAG(s) dict_keys(['example_bash_operator']) retrieved from /home/airflow/.local/lib/python3.7/site-packages/airflow/example_dags/example_bash_operator.py
[2025-08-27T03:13:53.677+0000] {logging_mixin.py:137} INFO - [2025-08-27T03:13:53.677+0000] {dag.py:2690} INFO - Sync 1 DAGs
[2025-08-27T03:13:53.690+0000] {logging_mixin.py:137} INFO - [2025-08-27T03:13:53.690+0000] {dag.py:3441} INFO - Setting next_dagrun for example_bash_operator to 2025-08-26T00:00:00+00:00, run_after=2025-08-27T00:00:00+00:00
[2025-08-27T03:13:53.701+0000] {processor.py:175} INFO - Processing /home/airflow/.local/lib/python3.7/site-packages/airflow/example_dags/example_bash_operator.py took 0.054 seconds
[2025-08-27T03:33:09.259+0000] {processor.py:153} INFO - Started process (PID=19958) to work on /home/airflow/.local/lib/python3.7/site-packages/airflow/example_dags/example_bash_operator.py
[2025-08-27T03:33:09.261+0000] {processor.py:743} INFO - Processing file /home/airflow/.local/lib/python3.7/site-packages/airflow/example_dags/example_bash_operator.py for tasks to queue
[2025-08-27T03:33:09.261+0000] {logging_mixin.py:137} INFO - [2025-08-27T03:33:09.261+0000] {dagbag.py:538} INFO - Filling up the DagBag from /home/airflow/.local/lib/python3.7/site-packages/airflow/example_dags/example_bash_operator.py
[2025-08-27T03:33:09.282+0000] {processor.py:753} INFO - DAG(s) dict_keys(['example_bash_operator']) retrieved from /home/airflow/.local/lib/python3.7/site-packages/airflow/example_dags/example_bash_operator.py
[2025-08-27T03:33:09.311+0000] {logging_mixin.py:137} INFO - [2025-08-27T03:33:09.310+0000] {dag.py:2690} INFO - Sync 1 DAGs
[2025-08-27T03:33:09.342+0000] {logging_mixin.py:137} INFO - [2025-08-27T03:33:09.342+0000] {dag.py:3441} INFO - Setting next_dagrun for example_bash_operator to 2025-08-26T00:00:00+00:00, run_after=2025-08-27T00:00:00+00:00
[2025-08-27T03:33:09.386+0000] {processor.py:175} INFO - Processing /home/airflow/.local/lib/python3.7/site-packages/airflow/example_dags/example_bash_operator.py took 0.128 seconds
[2025-08-27T04:45:10.320+0000] {processor.py:153} INFO - Started process (PID=20058) to work on /home/airflow/.local/lib/python3.7/site-packages/airflow/example_dags/example_bash_operator.py
[2025-08-27T04:45:10.320+0000] {processor.py:743} INFO - Processing file /home/airflow/.local/lib/python3.7/site-packages/airflow/example_dags/example_bash_operator.py for tasks to queue
[2025-08-27T04:45:10.320+0000] {logging_mixin.py:137} INFO - [2025-08-27T04:45:10.320+0000] {dagbag.py:538} INFO - Filling up the DagBag from /home/airflow/.local/lib/python3.7/site-packages/airflow/example_dags/example_bash_operator.py
[2025-08-27T04:45:10.331+0000] {processor.py:753} INFO - DAG(s) dict_keys(['example_bash_operator']) retrieved from /home/airflow/.local/lib/python3.7/site-packages/airflow/example_dags/example_bash_operator.py
[2025-08-27T04:45:10.347+0000] {logging_mixin.py:137} INFO - [2025-08-27T04:45:10.347+0000] {dag.py:2690} INFO - Sync 1 DAGs
[2025-08-27T04:45:10.363+0000] {logging_mixin.py:137} INFO - [2025-08-27T04:45:10.363+0000] {dag.py:3441} INFO - Setting next_dagrun for example_bash_operator to 2025-08-26T00:00:00+00:00, run_after=2025-08-27T00:00:00+00:00
[2025-08-27T04:45:10.370+0000] {processor.py:175} INFO - Processing /home/airflow/.local/lib/python3.7/site-packages/airflow/example_dags/example_bash_operator.py took 0.052 seconds
[2025-08-27T04:49:55.839+0000] {processor.py:153} INFO - Started process (PID=20158) to work on /home/airflow/.local/lib/python3.7/site-packages/airflow/example_dags/example_bash_operator.py
[2025-08-27T04:49:55.842+0000] {processor.py:743} INFO - Processing file /home/airflow/.local/lib/python3.7/site-packages/airflow/example_dags/example_bash_operator.py for tasks to queue
[2025-08-27T04:49:55.842+0000] {logging_mixin.py:137} INFO - [2025-08-27T04:49:55.842+0000] {dagbag.py:538} INFO - Filling up the DagBag from /home/airflow/.local/lib/python3.7/site-packages/airflow/example_dags/example_bash_operator.py
[2025-08-27T04:49:55.855+0000] {processor.py:753} INFO - DAG(s) dict_keys(['example_bash_operator']) retrieved from /home/airflow/.local/lib/python3.7/site-packages/airflow/example_dags/example_bash_operator.py
[2025-08-27T04:49:55.876+0000] {logging_mixin.py:137} INFO - [2025-08-27T04:49:55.876+0000] {dag.py:2690} INFO - Sync 1 DAGs
[2025-08-27T04:49:55.890+0000] {logging_mixin.py:137} INFO - [2025-08-27T04:49:55.890+0000] {dag.py:3441} INFO - Setting next_dagrun for example_bash_operator to 2025-08-26T00:00:00+00:00, run_after=2025-08-27T00:00:00+00:00
[2025-08-27T04:49:55.900+0000] {processor.py:175} INFO - Processing /home/airflow/.local/lib/python3.7/site-packages/airflow/example_dags/example_bash_operator.py took 0.062 seconds
[2025-08-27T05:35:09.172+0000] {processor.py:153} INFO - Started process (PID=20238) to work on /home/airflow/.local/lib/python3.7/site-packages/airflow/example_dags/example_bash_operator.py
[2025-08-27T05:35:09.172+0000] {processor.py:743} INFO - Processing file /home/airflow/.local/lib/python3.7/site-packages/airflow/example_dags/example_bash_operator.py for tasks to queue
[2025-08-27T05:35:09.172+0000] {logging_mixin.py:137} INFO - [2025-08-27T05:35:09.172+0000] {dagbag.py:538} INFO - Filling up the DagBag from /home/airflow/.local/lib/python3.7/site-packages/airflow/example_dags/example_bash_operator.py
[2025-08-27T05:35:09.182+0000] {processor.py:753} INFO - DAG(s) dict_keys(['example_bash_operator']) retrieved from /home/airflow/.local/lib/python3.7/site-packages/airflow/example_dags/example_bash_operator.py
[2025-08-27T05:35:09.197+0000] {logging_mixin.py:137} INFO - [2025-08-27T05:35:09.197+0000] {dag.py:2690} INFO - Sync 1 DAGs
[2025-08-27T05:35:09.208+0000] {logging_mixin.py:137} INFO - [2025-08-27T05:35:09.208+0000] {dag.py:3441} INFO - Setting next_dagrun for example_bash_operator to 2025-08-26T00:00:00+00:00, run_after=2025-08-27T00:00:00+00:00
[2025-08-27T05:35:09.215+0000] {processor.py:175} INFO - Processing /home/airflow/.local/lib/python3.7/site-packages/airflow/example_dags/example_bash_operator.py took 0.045 seconds
[2025-08-27T06:12:37.225+0000] {processor.py:153} INFO - Started process (PID=20338) to work on /home/airflow/.local/lib/python3.7/site-packages/airflow/example_dags/example_bash_operator.py
[2025-08-27T06:12:37.226+0000] {processor.py:743} INFO - Processing file /home/airflow/.local/lib/python3.7/site-packages/airflow/example_dags/example_bash_operator.py for tasks to queue
[2025-08-27T06:12:37.226+0000] {logging_mixin.py:137} INFO - [2025-08-27T06:12:37.226+0000] {dagbag.py:538} INFO - Filling up the DagBag from /home/airflow/.local/lib/python3.7/site-packages/airflow/example_dags/example_bash_operator.py
[2025-08-27T06:12:37.241+0000] {processor.py:753} INFO - DAG(s) dict_keys(['example_bash_operator']) retrieved from /home/airflow/.local/lib/python3.7/site-packages/airflow/example_dags/example_bash_operator.py
[2025-08-27T06:12:37.259+0000] {logging_mixin.py:137} INFO - [2025-08-27T06:12:37.259+0000] {dag.py:2690} INFO - Sync 1 DAGs
[2025-08-27T06:12:37.273+0000] {logging_mixin.py:137} INFO - [2025-08-27T06:12:37.273+0000] {dag.py:3441} INFO - Setting next_dagrun for example_bash_operator to 2025-08-26T00:00:00+00:00, run_after=2025-08-27T00:00:00+00:00
[2025-08-27T06:12:37.288+0000] {processor.py:175} INFO - Processing /home/airflow/.local/lib/python3.7/site-packages/airflow/example_dags/example_bash_operator.py took 0.065 seconds
[2025-08-27T06:55:18.871+0000] {processor.py:153} INFO - Started process (PID=20438) to work on /home/airflow/.local/lib/python3.7/site-packages/airflow/example_dags/example_bash_operator.py
[2025-08-27T06:55:18.871+0000] {processor.py:743} INFO - Processing file /home/airflow/.local/lib/python3.7/site-packages/airflow/example_dags/example_bash_operator.py for tasks to queue
[2025-08-27T06:55:18.871+0000] {logging_mixin.py:137} INFO - [2025-08-27T06:55:18.871+0000] {dagbag.py:538} INFO - Filling up the DagBag from /home/airflow/.local/lib/python3.7/site-packages/airflow/example_dags/example_bash_operator.py
[2025-08-27T06:55:18.880+0000] {processor.py:753} INFO - DAG(s) dict_keys(['example_bash_operator']) retrieved from /home/airflow/.local/lib/python3.7/site-packages/airflow/example_dags/example_bash_operator.py
[2025-08-27T06:55:18.894+0000] {logging_mixin.py:137} INFO - [2025-08-27T06:55:18.894+0000] {dag.py:2690} INFO - Sync 1 DAGs
[2025-08-27T06:55:18.903+0000] {logging_mixin.py:137} INFO - [2025-08-27T06:55:18.903+0000] {dag.py:3441} INFO - Setting next_dagrun for example_bash_operator to 2025-08-26T00:00:00+00:00, run_after=2025-08-27T00:00:00+00:00
[2025-08-27T06:55:18.911+0000] {processor.py:175} INFO - Processing /home/airflow/.local/lib/python3.7/site-packages/airflow/example_dags/example_bash_operator.py took 0.042 seconds
[2025-08-27T07:53:52.246+0000] {processor.py:153} INFO - Started process (PID=20538) to work on /home/airflow/.local/lib/python3.7/site-packages/airflow/example_dags/example_bash_operator.py
[2025-08-27T07:53:52.247+0000] {processor.py:743} INFO - Processing file /home/airflow/.local/lib/python3.7/site-packages/airflow/example_dags/example_bash_operator.py for tasks to queue
[2025-08-27T07:53:52.247+0000] {logging_mixin.py:137} INFO - [2025-08-27T07:53:52.247+0000] {dagbag.py:538} INFO - Filling up the DagBag from /home/airflow/.local/lib/python3.7/site-packages/airflow/example_dags/example_bash_operator.py
[2025-08-27T07:53:52.256+0000] {processor.py:753} INFO - DAG(s) dict_keys(['example_bash_operator']) retrieved from /home/airflow/.local/lib/python3.7/site-packages/airflow/example_dags/example_bash_operator.py
[2025-08-27T07:53:52.271+0000] {logging_mixin.py:137} INFO - [2025-08-27T07:53:52.271+0000] {dag.py:2690} INFO - Sync 1 DAGs
[2025-08-27T07:53:52.282+0000] {logging_mixin.py:137} INFO - [2025-08-27T07:53:52.282+0000] {dag.py:3441} INFO - Setting next_dagrun for example_bash_operator to 2025-08-26T00:00:00+00:00, run_after=2025-08-27T00:00:00+00:00
[2025-08-27T07:53:52.290+0000] {processor.py:175} INFO - Processing /home/airflow/.local/lib/python3.7/site-packages/airflow/example_dags/example_bash_operator.py took 0.045 seconds
[2025-08-27T08:23:39.494+0000] {processor.py:153} INFO - Started process (PID=20618) to work on /home/airflow/.local/lib/python3.7/site-packages/airflow/example_dags/example_bash_operator.py
[2025-08-27T08:23:39.494+0000] {processor.py:743} INFO - Processing file /home/airflow/.local/lib/python3.7/site-packages/airflow/example_dags/example_bash_operator.py for tasks to queue
[2025-08-27T08:23:39.495+0000] {logging_mixin.py:137} INFO - [2025-08-27T08:23:39.495+0000] {dagbag.py:538} INFO - Filling up the DagBag from /home/airflow/.local/lib/python3.7/site-packages/airflow/example_dags/example_bash_operator.py
[2025-08-27T08:23:39.503+0000] {processor.py:753} INFO - DAG(s) dict_keys(['example_bash_operator']) retrieved from /home/airflow/.local/lib/python3.7/site-packages/airflow/example_dags/example_bash_operator.py
[2025-08-27T08:23:39.519+0000] {logging_mixin.py:137} INFO - [2025-08-27T08:23:39.519+0000] {dag.py:2690} INFO - Sync 1 DAGs
[2025-08-27T08:23:39.533+0000] {logging_mixin.py:137} INFO - [2025-08-27T08:23:39.533+0000] {dag.py:3441} INFO - Setting next_dagrun for example_bash_operator to 2025-08-26T00:00:00+00:00, run_after=2025-08-27T00:00:00+00:00
[2025-08-27T08:23:39.542+0000] {processor.py:175} INFO - Processing /home/airflow/.local/lib/python3.7/site-packages/airflow/example_dags/example_bash_operator.py took 0.050 seconds
[2025-08-27T09:35:50.752+0000] {processor.py:153} INFO - Started process (PID=20718) to work on /home/airflow/.local/lib/python3.7/site-packages/airflow/example_dags/example_bash_operator.py
[2025-08-27T09:35:50.752+0000] {processor.py:743} INFO - Processing file /home/airflow/.local/lib/python3.7/site-packages/airflow/example_dags/example_bash_operator.py for tasks to queue
[2025-08-27T09:35:50.753+0000] {logging_mixin.py:137} INFO - [2025-08-27T09:35:50.753+0000] {dagbag.py:538} INFO - Filling up the DagBag from /home/airflow/.local/lib/python3.7/site-packages/airflow/example_dags/example_bash_operator.py
[2025-08-27T09:35:50.762+0000] {processor.py:753} INFO - DAG(s) dict_keys(['example_bash_operator']) retrieved from /home/airflow/.local/lib/python3.7/site-packages/airflow/example_dags/example_bash_operator.py
[2025-08-27T09:35:50.777+0000] {logging_mixin.py:137} INFO - [2025-08-27T09:35:50.777+0000] {dag.py:2690} INFO - Sync 1 DAGs
[2025-08-27T09:35:50.788+0000] {logging_mixin.py:137} INFO - [2025-08-27T09:35:50.788+0000] {dag.py:3441} INFO - Setting next_dagrun for example_bash_operator to 2025-08-26T00:00:00+00:00, run_after=2025-08-27T00:00:00+00:00
[2025-08-27T09:35:50.795+0000] {processor.py:175} INFO - Processing /home/airflow/.local/lib/python3.7/site-packages/airflow/example_dags/example_bash_operator.py took 0.045 seconds
[2025-08-27T09:36:49.615+0000] {processor.py:153} INFO - Started process (PID=20818) to work on /home/airflow/.local/lib/python3.7/site-packages/airflow/example_dags/example_bash_operator.py
[2025-08-27T09:36:49.615+0000] {processor.py:743} INFO - Processing file /home/airflow/.local/lib/python3.7/site-packages/airflow/example_dags/example_bash_operator.py for tasks to queue
[2025-08-27T09:36:49.616+0000] {logging_mixin.py:137} INFO - [2025-08-27T09:36:49.616+0000] {dagbag.py:538} INFO - Filling up the DagBag from /home/airflow/.local/lib/python3.7/site-packages/airflow/example_dags/example_bash_operator.py
[2025-08-27T09:36:49.626+0000] {processor.py:753} INFO - DAG(s) dict_keys(['example_bash_operator']) retrieved from /home/airflow/.local/lib/python3.7/site-packages/airflow/example_dags/example_bash_operator.py
[2025-08-27T09:36:49.641+0000] {logging_mixin.py:137} INFO - [2025-08-27T09:36:49.641+0000] {dag.py:2690} INFO - Sync 1 DAGs
[2025-08-27T09:36:49.653+0000] {logging_mixin.py:137} INFO - [2025-08-27T09:36:49.653+0000] {dag.py:3441} INFO - Setting next_dagrun for example_bash_operator to 2025-08-26T00:00:00+00:00, run_after=2025-08-27T00:00:00+00:00
[2025-08-27T09:36:49.660+0000] {processor.py:175} INFO - Processing /home/airflow/.local/lib/python3.7/site-packages/airflow/example_dags/example_bash_operator.py took 0.047 seconds
[2025-08-27T09:38:52.921+0000] {processor.py:153} INFO - Started process (PID=20918) to work on /home/airflow/.local/lib/python3.7/site-packages/airflow/example_dags/example_bash_operator.py
[2025-08-27T09:38:52.922+0000] {processor.py:743} INFO - Processing file /home/airflow/.local/lib/python3.7/site-packages/airflow/example_dags/example_bash_operator.py for tasks to queue
[2025-08-27T09:38:52.922+0000] {logging_mixin.py:137} INFO - [2025-08-27T09:38:52.922+0000] {dagbag.py:538} INFO - Filling up the DagBag from /home/airflow/.local/lib/python3.7/site-packages/airflow/example_dags/example_bash_operator.py
[2025-08-27T09:38:52.933+0000] {processor.py:753} INFO - DAG(s) dict_keys(['example_bash_operator']) retrieved from /home/airflow/.local/lib/python3.7/site-packages/airflow/example_dags/example_bash_operator.py
[2025-08-27T09:38:52.949+0000] {logging_mixin.py:137} INFO - [2025-08-27T09:38:52.949+0000] {dag.py:2690} INFO - Sync 1 DAGs
[2025-08-27T09:38:52.961+0000] {logging_mixin.py:137} INFO - [2025-08-27T09:38:52.961+0000] {dag.py:3441} INFO - Setting next_dagrun for example_bash_operator to 2025-08-26T00:00:00+00:00, run_after=2025-08-27T00:00:00+00:00
[2025-08-27T09:38:52.970+0000] {processor.py:175} INFO - Processing /home/airflow/.local/lib/python3.7/site-packages/airflow/example_dags/example_bash_operator.py took 0.051 seconds
[2025-08-27T09:39:38.949+0000] {processor.py:153} INFO - Started process (PID=20998) to work on /home/airflow/.local/lib/python3.7/site-packages/airflow/example_dags/example_bash_operator.py
[2025-08-27T09:39:38.949+0000] {processor.py:743} INFO - Processing file /home/airflow/.local/lib/python3.7/site-packages/airflow/example_dags/example_bash_operator.py for tasks to queue
[2025-08-27T09:39:38.949+0000] {logging_mixin.py:137} INFO - [2025-08-27T09:39:38.949+0000] {dagbag.py:538} INFO - Filling up the DagBag from /home/airflow/.local/lib/python3.7/site-packages/airflow/example_dags/example_bash_operator.py
[2025-08-27T09:39:38.958+0000] {processor.py:753} INFO - DAG(s) dict_keys(['example_bash_operator']) retrieved from /home/airflow/.local/lib/python3.7/site-packages/airflow/example_dags/example_bash_operator.py
[2025-08-27T09:39:38.972+0000] {logging_mixin.py:137} INFO - [2025-08-27T09:39:38.972+0000] {dag.py:2690} INFO - Sync 1 DAGs
[2025-08-27T09:39:38.982+0000] {logging_mixin.py:137} INFO - [2025-08-27T09:39:38.982+0000] {dag.py:3441} INFO - Setting next_dagrun for example_bash_operator to 2025-08-26T00:00:00+00:00, run_after=2025-08-27T00:00:00+00:00
[2025-08-27T09:39:38.988+0000] {processor.py:175} INFO - Processing /home/airflow/.local/lib/python3.7/site-packages/airflow/example_dags/example_bash_operator.py took 0.041 seconds
[2025-08-27T09:50:06.538+0000] {processor.py:153} INFO - Started process (PID=21098) to work on /home/airflow/.local/lib/python3.7/site-packages/airflow/example_dags/example_bash_operator.py
[2025-08-27T09:50:06.539+0000] {processor.py:743} INFO - Processing file /home/airflow/.local/lib/python3.7/site-packages/airflow/example_dags/example_bash_operator.py for tasks to queue
[2025-08-27T09:50:06.539+0000] {logging_mixin.py:137} INFO - [2025-08-27T09:50:06.539+0000] {dagbag.py:538} INFO - Filling up the DagBag from /home/airflow/.local/lib/python3.7/site-packages/airflow/example_dags/example_bash_operator.py
[2025-08-27T09:50:06.548+0000] {processor.py:753} INFO - DAG(s) dict_keys(['example_bash_operator']) retrieved from /home/airflow/.local/lib/python3.7/site-packages/airflow/example_dags/example_bash_operator.py
[2025-08-27T09:50:06.563+0000] {logging_mixin.py:137} INFO - [2025-08-27T09:50:06.563+0000] {dag.py:2690} INFO - Sync 1 DAGs
[2025-08-27T09:50:06.573+0000] {logging_mixin.py:137} INFO - [2025-08-27T09:50:06.573+0000] {dag.py:3441} INFO - Setting next_dagrun for example_bash_operator to 2025-08-26T00:00:00+00:00, run_after=2025-08-27T00:00:00+00:00
[2025-08-27T09:50:06.580+0000] {processor.py:175} INFO - Processing /home/airflow/.local/lib/python3.7/site-packages/airflow/example_dags/example_bash_operator.py took 0.043 seconds
[2025-08-27T11:12:46.250+0000] {processor.py:153} INFO - Started process (PID=21198) to work on /home/airflow/.local/lib/python3.7/site-packages/airflow/example_dags/example_bash_operator.py
[2025-08-27T11:12:46.251+0000] {processor.py:743} INFO - Processing file /home/airflow/.local/lib/python3.7/site-packages/airflow/example_dags/example_bash_operator.py for tasks to queue
[2025-08-27T11:12:46.251+0000] {logging_mixin.py:137} INFO - [2025-08-27T11:12:46.251+0000] {dagbag.py:538} INFO - Filling up the DagBag from /home/airflow/.local/lib/python3.7/site-packages/airflow/example_dags/example_bash_operator.py
[2025-08-27T11:12:46.270+0000] {processor.py:753} INFO - DAG(s) dict_keys(['example_bash_operator']) retrieved from /home/airflow/.local/lib/python3.7/site-packages/airflow/example_dags/example_bash_operator.py
[2025-08-27T11:12:46.289+0000] {logging_mixin.py:137} INFO - [2025-08-27T11:12:46.289+0000] {dag.py:2690} INFO - Sync 1 DAGs
[2025-08-27T11:12:46.305+0000] {logging_mixin.py:137} INFO - [2025-08-27T11:12:46.305+0000] {dag.py:3441} INFO - Setting next_dagrun for example_bash_operator to 2025-08-26T00:00:00+00:00, run_after=2025-08-27T00:00:00+00:00
[2025-08-27T11:12:46.314+0000] {processor.py:175} INFO - Processing /home/airflow/.local/lib/python3.7/site-packages/airflow/example_dags/example_bash_operator.py took 0.067 seconds
[2025-08-27T11:34:31.223+0000] {processor.py:153} INFO - Started process (PID=21278) to work on /home/airflow/.local/lib/python3.7/site-packages/airflow/example_dags/example_bash_operator.py
[2025-08-27T11:34:31.224+0000] {processor.py:743} INFO - Processing file /home/airflow/.local/lib/python3.7/site-packages/airflow/example_dags/example_bash_operator.py for tasks to queue
[2025-08-27T11:34:31.224+0000] {logging_mixin.py:137} INFO - [2025-08-27T11:34:31.224+0000] {dagbag.py:538} INFO - Filling up the DagBag from /home/airflow/.local/lib/python3.7/site-packages/airflow/example_dags/example_bash_operator.py
[2025-08-27T11:34:31.234+0000] {processor.py:753} INFO - DAG(s) dict_keys(['example_bash_operator']) retrieved from /home/airflow/.local/lib/python3.7/site-packages/airflow/example_dags/example_bash_operator.py
[2025-08-27T11:34:31.248+0000] {logging_mixin.py:137} INFO - [2025-08-27T11:34:31.248+0000] {dag.py:2690} INFO - Sync 1 DAGs
[2025-08-27T11:34:31.259+0000] {logging_mixin.py:137} INFO - [2025-08-27T11:34:31.259+0000] {dag.py:3441} INFO - Setting next_dagrun for example_bash_operator to 2025-08-26T00:00:00+00:00, run_after=2025-08-27T00:00:00+00:00
[2025-08-27T11:34:31.265+0000] {processor.py:175} INFO - Processing /home/airflow/.local/lib/python3.7/site-packages/airflow/example_dags/example_bash_operator.py took 0.044 seconds
[2025-08-27T11:51:13.160+0000] {processor.py:153} INFO - Started process (PID=21378) to work on /home/airflow/.local/lib/python3.7/site-packages/airflow/example_dags/example_bash_operator.py
[2025-08-27T11:51:13.160+0000] {processor.py:743} INFO - Processing file /home/airflow/.local/lib/python3.7/site-packages/airflow/example_dags/example_bash_operator.py for tasks to queue
[2025-08-27T11:51:13.161+0000] {logging_mixin.py:137} INFO - [2025-08-27T11:51:13.161+0000] {dagbag.py:538} INFO - Filling up the DagBag from /home/airflow/.local/lib/python3.7/site-packages/airflow/example_dags/example_bash_operator.py
[2025-08-27T11:51:13.175+0000] {processor.py:753} INFO - DAG(s) dict_keys(['example_bash_operator']) retrieved from /home/airflow/.local/lib/python3.7/site-packages/airflow/example_dags/example_bash_operator.py
[2025-08-27T11:51:13.195+0000] {logging_mixin.py:137} INFO - [2025-08-27T11:51:13.194+0000] {dag.py:2690} INFO - Sync 1 DAGs
[2025-08-27T11:51:13.208+0000] {logging_mixin.py:137} INFO - [2025-08-27T11:51:13.208+0000] {dag.py:3441} INFO - Setting next_dagrun for example_bash_operator to 2025-08-26T00:00:00+00:00, run_after=2025-08-27T00:00:00+00:00
[2025-08-27T11:51:13.218+0000] {processor.py:175} INFO - Processing /home/airflow/.local/lib/python3.7/site-packages/airflow/example_dags/example_bash_operator.py took 0.060 seconds
[2025-08-27T11:53:11.781+0000] {processor.py:153} INFO - Started process (PID=21478) to work on /home/airflow/.local/lib/python3.7/site-packages/airflow/example_dags/example_bash_operator.py
[2025-08-27T11:53:11.782+0000] {processor.py:743} INFO - Processing file /home/airflow/.local/lib/python3.7/site-packages/airflow/example_dags/example_bash_operator.py for tasks to queue
[2025-08-27T11:53:11.782+0000] {logging_mixin.py:137} INFO - [2025-08-27T11:53:11.782+0000] {dagbag.py:538} INFO - Filling up the DagBag from /home/airflow/.local/lib/python3.7/site-packages/airflow/example_dags/example_bash_operator.py
[2025-08-27T11:53:11.793+0000] {processor.py:753} INFO - DAG(s) dict_keys(['example_bash_operator']) retrieved from /home/airflow/.local/lib/python3.7/site-packages/airflow/example_dags/example_bash_operator.py
[2025-08-27T11:53:11.808+0000] {logging_mixin.py:137} INFO - [2025-08-27T11:53:11.808+0000] {dag.py:2690} INFO - Sync 1 DAGs
[2025-08-27T11:53:11.818+0000] {logging_mixin.py:137} INFO - [2025-08-27T11:53:11.818+0000] {dag.py:3441} INFO - Setting next_dagrun for example_bash_operator to 2025-08-26T00:00:00+00:00, run_after=2025-08-27T00:00:00+00:00
[2025-08-27T11:53:11.824+0000] {processor.py:175} INFO - Processing /home/airflow/.local/lib/python3.7/site-packages/airflow/example_dags/example_bash_operator.py took 0.045 seconds
[2025-08-27T11:58:53.279+0000] {processor.py:153} INFO - Started process (PID=21578) to work on /home/airflow/.local/lib/python3.7/site-packages/airflow/example_dags/example_bash_operator.py
[2025-08-27T11:58:53.280+0000] {processor.py:743} INFO - Processing file /home/airflow/.local/lib/python3.7/site-packages/airflow/example_dags/example_bash_operator.py for tasks to queue
[2025-08-27T11:58:53.280+0000] {logging_mixin.py:137} INFO - [2025-08-27T11:58:53.280+0000] {dagbag.py:538} INFO - Filling up the DagBag from /home/airflow/.local/lib/python3.7/site-packages/airflow/example_dags/example_bash_operator.py
[2025-08-27T11:58:53.297+0000] {processor.py:753} INFO - DAG(s) dict_keys(['example_bash_operator']) retrieved from /home/airflow/.local/lib/python3.7/site-packages/airflow/example_dags/example_bash_operator.py
[2025-08-27T11:58:53.314+0000] {logging_mixin.py:137} INFO - [2025-08-27T11:58:53.314+0000] {dag.py:2690} INFO - Sync 1 DAGs
[2025-08-27T11:58:53.330+0000] {logging_mixin.py:137} INFO - [2025-08-27T11:58:53.330+0000] {dag.py:3441} INFO - Setting next_dagrun for example_bash_operator to 2025-08-26T00:00:00+00:00, run_after=2025-08-27T00:00:00+00:00
[2025-08-27T11:58:53.340+0000] {processor.py:175} INFO - Processing /home/airflow/.local/lib/python3.7/site-packages/airflow/example_dags/example_bash_operator.py took 0.063 seconds
[2025-08-27T12:11:20.454+0000] {processor.py:153} INFO - Started process (PID=21658) to work on /home/airflow/.local/lib/python3.7/site-packages/airflow/example_dags/example_bash_operator.py
[2025-08-27T12:11:20.455+0000] {processor.py:743} INFO - Processing file /home/airflow/.local/lib/python3.7/site-packages/airflow/example_dags/example_bash_operator.py for tasks to queue
[2025-08-27T12:11:20.455+0000] {logging_mixin.py:137} INFO - [2025-08-27T12:11:20.455+0000] {dagbag.py:538} INFO - Filling up the DagBag from /home/airflow/.local/lib/python3.7/site-packages/airflow/example_dags/example_bash_operator.py
[2025-08-27T12:11:20.465+0000] {processor.py:753} INFO - DAG(s) dict_keys(['example_bash_operator']) retrieved from /home/airflow/.local/lib/python3.7/site-packages/airflow/example_dags/example_bash_operator.py
[2025-08-27T12:11:20.480+0000] {logging_mixin.py:137} INFO - [2025-08-27T12:11:20.480+0000] {dag.py:2690} INFO - Sync 1 DAGs
[2025-08-27T12:11:20.490+0000] {logging_mixin.py:137} INFO - [2025-08-27T12:11:20.490+0000] {dag.py:3441} INFO - Setting next_dagrun for example_bash_operator to 2025-08-26T00:00:00+00:00, run_after=2025-08-27T00:00:00+00:00
[2025-08-27T12:11:20.497+0000] {processor.py:175} INFO - Processing /home/airflow/.local/lib/python3.7/site-packages/airflow/example_dags/example_bash_operator.py took 0.044 seconds
[2025-08-27T12:14:24.613+0000] {processor.py:153} INFO - Started process (PID=21758) to work on /home/airflow/.local/lib/python3.7/site-packages/airflow/example_dags/example_bash_operator.py
[2025-08-27T12:14:24.613+0000] {processor.py:743} INFO - Processing file /home/airflow/.local/lib/python3.7/site-packages/airflow/example_dags/example_bash_operator.py for tasks to queue
[2025-08-27T12:14:24.613+0000] {logging_mixin.py:137} INFO - [2025-08-27T12:14:24.613+0000] {dagbag.py:538} INFO - Filling up the DagBag from /home/airflow/.local/lib/python3.7/site-packages/airflow/example_dags/example_bash_operator.py
[2025-08-27T12:14:24.626+0000] {processor.py:753} INFO - DAG(s) dict_keys(['example_bash_operator']) retrieved from /home/airflow/.local/lib/python3.7/site-packages/airflow/example_dags/example_bash_operator.py
[2025-08-27T12:14:24.643+0000] {logging_mixin.py:137} INFO - [2025-08-27T12:14:24.643+0000] {dag.py:2690} INFO - Sync 1 DAGs
[2025-08-27T12:14:24.655+0000] {logging_mixin.py:137} INFO - [2025-08-27T12:14:24.655+0000] {dag.py:3441} INFO - Setting next_dagrun for example_bash_operator to 2025-08-26T00:00:00+00:00, run_after=2025-08-27T00:00:00+00:00
[2025-08-27T12:14:24.664+0000] {processor.py:175} INFO - Processing /home/airflow/.local/lib/python3.7/site-packages/airflow/example_dags/example_bash_operator.py took 0.054 seconds
[2025-08-27T12:27:57.197+0000] {processor.py:153} INFO - Started process (PID=21858) to work on /home/airflow/.local/lib/python3.7/site-packages/airflow/example_dags/example_bash_operator.py
[2025-08-27T12:27:57.197+0000] {processor.py:743} INFO - Processing file /home/airflow/.local/lib/python3.7/site-packages/airflow/example_dags/example_bash_operator.py for tasks to queue
[2025-08-27T12:27:57.198+0000] {logging_mixin.py:137} INFO - [2025-08-27T12:27:57.198+0000] {dagbag.py:538} INFO - Filling up the DagBag from /home/airflow/.local/lib/python3.7/site-packages/airflow/example_dags/example_bash_operator.py
[2025-08-27T12:27:57.211+0000] {processor.py:753} INFO - DAG(s) dict_keys(['example_bash_operator']) retrieved from /home/airflow/.local/lib/python3.7/site-packages/airflow/example_dags/example_bash_operator.py
[2025-08-27T12:27:57.227+0000] {logging_mixin.py:137} INFO - [2025-08-27T12:27:57.227+0000] {dag.py:2690} INFO - Sync 1 DAGs
[2025-08-27T12:27:57.239+0000] {logging_mixin.py:137} INFO - [2025-08-27T12:27:57.239+0000] {dag.py:3441} INFO - Setting next_dagrun for example_bash_operator to 2025-08-26T00:00:00+00:00, run_after=2025-08-27T00:00:00+00:00
[2025-08-27T12:27:57.246+0000] {processor.py:175} INFO - Processing /home/airflow/.local/lib/python3.7/site-packages/airflow/example_dags/example_bash_operator.py took 0.051 seconds
[2025-08-27T12:38:25.481+0000] {processor.py:153} INFO - Started process (PID=21938) to work on /home/airflow/.local/lib/python3.7/site-packages/airflow/example_dags/example_bash_operator.py
[2025-08-27T12:38:25.481+0000] {processor.py:743} INFO - Processing file /home/airflow/.local/lib/python3.7/site-packages/airflow/example_dags/example_bash_operator.py for tasks to queue
[2025-08-27T12:38:25.485+0000] {logging_mixin.py:137} INFO - [2025-08-27T12:38:25.485+0000] {dagbag.py:538} INFO - Filling up the DagBag from /home/airflow/.local/lib/python3.7/site-packages/airflow/example_dags/example_bash_operator.py
[2025-08-27T12:38:25.496+0000] {processor.py:753} INFO - DAG(s) dict_keys(['example_bash_operator']) retrieved from /home/airflow/.local/lib/python3.7/site-packages/airflow/example_dags/example_bash_operator.py
[2025-08-27T12:38:25.510+0000] {logging_mixin.py:137} INFO - [2025-08-27T12:38:25.510+0000] {dag.py:2690} INFO - Sync 1 DAGs
[2025-08-27T12:38:25.522+0000] {logging_mixin.py:137} INFO - [2025-08-27T12:38:25.522+0000] {dag.py:3441} INFO - Setting next_dagrun for example_bash_operator to 2025-08-26T00:00:00+00:00, run_after=2025-08-27T00:00:00+00:00
[2025-08-27T12:38:25.535+0000] {processor.py:175} INFO - Processing /home/airflow/.local/lib/python3.7/site-packages/airflow/example_dags/example_bash_operator.py took 0.056 seconds
[2025-08-27T12:57:12.332+0000] {processor.py:153} INFO - Started process (PID=22038) to work on /home/airflow/.local/lib/python3.7/site-packages/airflow/example_dags/example_bash_operator.py
[2025-08-27T12:57:12.333+0000] {processor.py:743} INFO - Processing file /home/airflow/.local/lib/python3.7/site-packages/airflow/example_dags/example_bash_operator.py for tasks to queue
[2025-08-27T12:57:12.333+0000] {logging_mixin.py:137} INFO - [2025-08-27T12:57:12.333+0000] {dagbag.py:538} INFO - Filling up the DagBag from /home/airflow/.local/lib/python3.7/site-packages/airflow/example_dags/example_bash_operator.py
[2025-08-27T12:57:12.348+0000] {processor.py:753} INFO - DAG(s) dict_keys(['example_bash_operator']) retrieved from /home/airflow/.local/lib/python3.7/site-packages/airflow/example_dags/example_bash_operator.py
[2025-08-27T12:57:12.365+0000] {logging_mixin.py:137} INFO - [2025-08-27T12:57:12.365+0000] {dag.py:2690} INFO - Sync 1 DAGs
[2025-08-27T12:57:12.378+0000] {logging_mixin.py:137} INFO - [2025-08-27T12:57:12.378+0000] {dag.py:3441} INFO - Setting next_dagrun for example_bash_operator to 2025-08-26T00:00:00+00:00, run_after=2025-08-27T00:00:00+00:00
[2025-08-27T12:57:12.388+0000] {processor.py:175} INFO - Processing /home/airflow/.local/lib/python3.7/site-packages/airflow/example_dags/example_bash_operator.py took 0.058 seconds
[2025-08-27T12:57:42.831+0000] {processor.py:153} INFO - Started process (PID=22138) to work on /home/airflow/.local/lib/python3.7/site-packages/airflow/example_dags/example_bash_operator.py
[2025-08-27T12:57:42.832+0000] {processor.py:743} INFO - Processing file /home/airflow/.local/lib/python3.7/site-packages/airflow/example_dags/example_bash_operator.py for tasks to queue
[2025-08-27T12:57:42.832+0000] {logging_mixin.py:137} INFO - [2025-08-27T12:57:42.832+0000] {dagbag.py:538} INFO - Filling up the DagBag from /home/airflow/.local/lib/python3.7/site-packages/airflow/example_dags/example_bash_operator.py
[2025-08-27T12:57:42.843+0000] {processor.py:753} INFO - DAG(s) dict_keys(['example_bash_operator']) retrieved from /home/airflow/.local/lib/python3.7/site-packages/airflow/example_dags/example_bash_operator.py
[2025-08-27T12:57:42.860+0000] {logging_mixin.py:137} INFO - [2025-08-27T12:57:42.860+0000] {dag.py:2690} INFO - Sync 1 DAGs
[2025-08-27T12:57:42.873+0000] {logging_mixin.py:137} INFO - [2025-08-27T12:57:42.873+0000] {dag.py:3441} INFO - Setting next_dagrun for example_bash_operator to 2025-08-26T00:00:00+00:00, run_after=2025-08-27T00:00:00+00:00
[2025-08-27T12:57:42.882+0000] {processor.py:175} INFO - Processing /home/airflow/.local/lib/python3.7/site-packages/airflow/example_dags/example_bash_operator.py took 0.053 seconds
[2025-08-27T13:27:10.643+0000] {processor.py:153} INFO - Started process (PID=22238) to work on /home/airflow/.local/lib/python3.7/site-packages/airflow/example_dags/example_bash_operator.py
[2025-08-27T13:27:10.646+0000] {processor.py:743} INFO - Processing file /home/airflow/.local/lib/python3.7/site-packages/airflow/example_dags/example_bash_operator.py for tasks to queue
[2025-08-27T13:27:10.647+0000] {logging_mixin.py:137} INFO - [2025-08-27T13:27:10.647+0000] {dagbag.py:538} INFO - Filling up the DagBag from /home/airflow/.local/lib/python3.7/site-packages/airflow/example_dags/example_bash_operator.py
[2025-08-27T13:27:10.659+0000] {processor.py:753} INFO - DAG(s) dict_keys(['example_bash_operator']) retrieved from /home/airflow/.local/lib/python3.7/site-packages/airflow/example_dags/example_bash_operator.py
[2025-08-27T13:27:10.673+0000] {logging_mixin.py:137} INFO - [2025-08-27T13:27:10.673+0000] {dag.py:2690} INFO - Sync 1 DAGs
[2025-08-27T13:27:10.686+0000] {logging_mixin.py:137} INFO - [2025-08-27T13:27:10.686+0000] {dag.py:3441} INFO - Setting next_dagrun for example_bash_operator to 2025-08-26T00:00:00+00:00, run_after=2025-08-27T00:00:00+00:00
[2025-08-27T13:27:10.697+0000] {processor.py:175} INFO - Processing /home/airflow/.local/lib/python3.7/site-packages/airflow/example_dags/example_bash_operator.py took 0.056 seconds
[2025-08-27T13:30:12.781+0000] {processor.py:153} INFO - Started process (PID=22318) to work on /home/airflow/.local/lib/python3.7/site-packages/airflow/example_dags/example_bash_operator.py
[2025-08-27T13:30:12.782+0000] {processor.py:743} INFO - Processing file /home/airflow/.local/lib/python3.7/site-packages/airflow/example_dags/example_bash_operator.py for tasks to queue
[2025-08-27T13:30:12.782+0000] {logging_mixin.py:137} INFO - [2025-08-27T13:30:12.782+0000] {dagbag.py:538} INFO - Filling up the DagBag from /home/airflow/.local/lib/python3.7/site-packages/airflow/example_dags/example_bash_operator.py
[2025-08-27T13:30:12.792+0000] {processor.py:753} INFO - DAG(s) dict_keys(['example_bash_operator']) retrieved from /home/airflow/.local/lib/python3.7/site-packages/airflow/example_dags/example_bash_operator.py
[2025-08-27T13:30:12.809+0000] {logging_mixin.py:137} INFO - [2025-08-27T13:30:12.809+0000] {dag.py:2690} INFO - Sync 1 DAGs
[2025-08-27T13:30:12.821+0000] {logging_mixin.py:137} INFO - [2025-08-27T13:30:12.821+0000] {dag.py:3441} INFO - Setting next_dagrun for example_bash_operator to 2025-08-26T00:00:00+00:00, run_after=2025-08-27T00:00:00+00:00
[2025-08-27T13:30:12.830+0000] {processor.py:175} INFO - Processing /home/airflow/.local/lib/python3.7/site-packages/airflow/example_dags/example_bash_operator.py took 0.051 seconds
[2025-08-27T13:37:06.770+0000] {processor.py:153} INFO - Started process (PID=22418) to work on /home/airflow/.local/lib/python3.7/site-packages/airflow/example_dags/example_bash_operator.py
[2025-08-27T13:37:06.771+0000] {processor.py:743} INFO - Processing file /home/airflow/.local/lib/python3.7/site-packages/airflow/example_dags/example_bash_operator.py for tasks to queue
[2025-08-27T13:37:06.771+0000] {logging_mixin.py:137} INFO - [2025-08-27T13:37:06.771+0000] {dagbag.py:538} INFO - Filling up the DagBag from /home/airflow/.local/lib/python3.7/site-packages/airflow/example_dags/example_bash_operator.py
[2025-08-27T13:37:06.789+0000] {processor.py:753} INFO - DAG(s) dict_keys(['example_bash_operator']) retrieved from /home/airflow/.local/lib/python3.7/site-packages/airflow/example_dags/example_bash_operator.py
[2025-08-27T13:37:06.810+0000] {logging_mixin.py:137} INFO - [2025-08-27T13:37:06.810+0000] {dag.py:2690} INFO - Sync 1 DAGs
[2025-08-27T13:37:06.825+0000] {logging_mixin.py:137} INFO - [2025-08-27T13:37:06.825+0000] {dag.py:3441} INFO - Setting next_dagrun for example_bash_operator to 2025-08-26T00:00:00+00:00, run_after=2025-08-27T00:00:00+00:00
[2025-08-27T13:37:06.839+0000] {processor.py:175} INFO - Processing /home/airflow/.local/lib/python3.7/site-packages/airflow/example_dags/example_bash_operator.py took 0.072 seconds
[2025-08-27T13:51:01.436+0000] {processor.py:153} INFO - Started process (PID=22518) to work on /home/airflow/.local/lib/python3.7/site-packages/airflow/example_dags/example_bash_operator.py
[2025-08-27T13:51:01.436+0000] {processor.py:743} INFO - Processing file /home/airflow/.local/lib/python3.7/site-packages/airflow/example_dags/example_bash_operator.py for tasks to queue
[2025-08-27T13:51:01.436+0000] {logging_mixin.py:137} INFO - [2025-08-27T13:51:01.436+0000] {dagbag.py:538} INFO - Filling up the DagBag from /home/airflow/.local/lib/python3.7/site-packages/airflow/example_dags/example_bash_operator.py
[2025-08-27T13:51:01.446+0000] {processor.py:753} INFO - DAG(s) dict_keys(['example_bash_operator']) retrieved from /home/airflow/.local/lib/python3.7/site-packages/airflow/example_dags/example_bash_operator.py
[2025-08-27T13:51:01.460+0000] {logging_mixin.py:137} INFO - [2025-08-27T13:51:01.460+0000] {dag.py:2690} INFO - Sync 1 DAGs
[2025-08-27T13:51:01.471+0000] {logging_mixin.py:137} INFO - [2025-08-27T13:51:01.471+0000] {dag.py:3441} INFO - Setting next_dagrun for example_bash_operator to 2025-08-26T00:00:00+00:00, run_after=2025-08-27T00:00:00+00:00
[2025-08-27T13:51:01.480+0000] {processor.py:175} INFO - Processing /home/airflow/.local/lib/python3.7/site-packages/airflow/example_dags/example_bash_operator.py took 0.046 seconds
[2025-08-27T14:01:05.987+0000] {processor.py:153} INFO - Started process (PID=22598) to work on /home/airflow/.local/lib/python3.7/site-packages/airflow/example_dags/example_bash_operator.py
[2025-08-27T14:01:05.990+0000] {processor.py:743} INFO - Processing file /home/airflow/.local/lib/python3.7/site-packages/airflow/example_dags/example_bash_operator.py for tasks to queue
[2025-08-27T14:01:05.991+0000] {logging_mixin.py:137} INFO - [2025-08-27T14:01:05.991+0000] {dagbag.py:538} INFO - Filling up the DagBag from /home/airflow/.local/lib/python3.7/site-packages/airflow/example_dags/example_bash_operator.py
[2025-08-27T14:01:06.004+0000] {processor.py:753} INFO - DAG(s) dict_keys(['example_bash_operator']) retrieved from /home/airflow/.local/lib/python3.7/site-packages/airflow/example_dags/example_bash_operator.py
[2025-08-27T14:01:06.021+0000] {logging_mixin.py:137} INFO - [2025-08-27T14:01:06.021+0000] {dag.py:2690} INFO - Sync 1 DAGs
[2025-08-27T14:01:06.034+0000] {logging_mixin.py:137} INFO - [2025-08-27T14:01:06.034+0000] {dag.py:3441} INFO - Setting next_dagrun for example_bash_operator to 2025-08-26T00:00:00+00:00, run_after=2025-08-27T00:00:00+00:00
[2025-08-27T14:01:06.042+0000] {processor.py:175} INFO - Processing /home/airflow/.local/lib/python3.7/site-packages/airflow/example_dags/example_bash_operator.py took 0.057 seconds
[2025-08-27T14:41:12.475+0000] {processor.py:153} INFO - Started process (PID=22698) to work on /home/airflow/.local/lib/python3.7/site-packages/airflow/example_dags/example_bash_operator.py
[2025-08-27T14:41:12.475+0000] {processor.py:743} INFO - Processing file /home/airflow/.local/lib/python3.7/site-packages/airflow/example_dags/example_bash_operator.py for tasks to queue
[2025-08-27T14:41:12.476+0000] {logging_mixin.py:137} INFO - [2025-08-27T14:41:12.476+0000] {dagbag.py:538} INFO - Filling up the DagBag from /home/airflow/.local/lib/python3.7/site-packages/airflow/example_dags/example_bash_operator.py
[2025-08-27T14:41:12.487+0000] {processor.py:753} INFO - DAG(s) dict_keys(['example_bash_operator']) retrieved from /home/airflow/.local/lib/python3.7/site-packages/airflow/example_dags/example_bash_operator.py
[2025-08-27T14:41:12.502+0000] {logging_mixin.py:137} INFO - [2025-08-27T14:41:12.502+0000] {dag.py:2690} INFO - Sync 1 DAGs
[2025-08-27T14:41:12.513+0000] {logging_mixin.py:137} INFO - [2025-08-27T14:41:12.512+0000] {dag.py:3441} INFO - Setting next_dagrun for example_bash_operator to 2025-08-26T00:00:00+00:00, run_after=2025-08-27T00:00:00+00:00
[2025-08-27T14:41:12.521+0000] {processor.py:175} INFO - Processing /home/airflow/.local/lib/python3.7/site-packages/airflow/example_dags/example_bash_operator.py took 0.048 seconds
[2025-08-27T14:43:54.324+0000] {processor.py:153} INFO - Started process (PID=22798) to work on /home/airflow/.local/lib/python3.7/site-packages/airflow/example_dags/example_bash_operator.py
[2025-08-27T14:43:54.325+0000] {processor.py:743} INFO - Processing file /home/airflow/.local/lib/python3.7/site-packages/airflow/example_dags/example_bash_operator.py for tasks to queue
[2025-08-27T14:43:54.325+0000] {logging_mixin.py:137} INFO - [2025-08-27T14:43:54.325+0000] {dagbag.py:538} INFO - Filling up the DagBag from /home/airflow/.local/lib/python3.7/site-packages/airflow/example_dags/example_bash_operator.py
[2025-08-27T14:43:54.337+0000] {processor.py:753} INFO - DAG(s) dict_keys(['example_bash_operator']) retrieved from /home/airflow/.local/lib/python3.7/site-packages/airflow/example_dags/example_bash_operator.py
[2025-08-27T14:43:54.353+0000] {logging_mixin.py:137} INFO - [2025-08-27T14:43:54.353+0000] {dag.py:2690} INFO - Sync 1 DAGs
[2025-08-27T14:43:54.368+0000] {logging_mixin.py:137} INFO - [2025-08-27T14:43:54.368+0000] {dag.py:3441} INFO - Setting next_dagrun for example_bash_operator to 2025-08-26T00:00:00+00:00, run_after=2025-08-27T00:00:00+00:00
[2025-08-27T14:43:54.381+0000] {processor.py:175} INFO - Processing /home/airflow/.local/lib/python3.7/site-packages/airflow/example_dags/example_bash_operator.py took 0.058 seconds
[2025-08-27T14:54:31.636+0000] {processor.py:153} INFO - Started process (PID=22898) to work on /home/airflow/.local/lib/python3.7/site-packages/airflow/example_dags/example_bash_operator.py
[2025-08-27T14:54:31.637+0000] {processor.py:743} INFO - Processing file /home/airflow/.local/lib/python3.7/site-packages/airflow/example_dags/example_bash_operator.py for tasks to queue
[2025-08-27T14:54:31.638+0000] {logging_mixin.py:137} INFO - [2025-08-27T14:54:31.638+0000] {dagbag.py:538} INFO - Filling up the DagBag from /home/airflow/.local/lib/python3.7/site-packages/airflow/example_dags/example_bash_operator.py
[2025-08-27T14:54:31.649+0000] {processor.py:753} INFO - DAG(s) dict_keys(['example_bash_operator']) retrieved from /home/airflow/.local/lib/python3.7/site-packages/airflow/example_dags/example_bash_operator.py
[2025-08-27T14:54:31.665+0000] {logging_mixin.py:137} INFO - [2025-08-27T14:54:31.664+0000] {dag.py:2690} INFO - Sync 1 DAGs
[2025-08-27T14:54:31.676+0000] {logging_mixin.py:137} INFO - [2025-08-27T14:54:31.676+0000] {dag.py:3441} INFO - Setting next_dagrun for example_bash_operator to 2025-08-26T00:00:00+00:00, run_after=2025-08-27T00:00:00+00:00
[2025-08-27T14:54:31.684+0000] {processor.py:175} INFO - Processing /home/airflow/.local/lib/python3.7/site-packages/airflow/example_dags/example_bash_operator.py took 0.050 seconds
[2025-08-27T15:01:39.066+0000] {processor.py:153} INFO - Started process (PID=22978) to work on /home/airflow/.local/lib/python3.7/site-packages/airflow/example_dags/example_bash_operator.py
[2025-08-27T15:01:39.067+0000] {processor.py:743} INFO - Processing file /home/airflow/.local/lib/python3.7/site-packages/airflow/example_dags/example_bash_operator.py for tasks to queue
[2025-08-27T15:01:39.068+0000] {logging_mixin.py:137} INFO - [2025-08-27T15:01:39.068+0000] {dagbag.py:538} INFO - Filling up the DagBag from /home/airflow/.local/lib/python3.7/site-packages/airflow/example_dags/example_bash_operator.py
[2025-08-27T15:01:39.079+0000] {processor.py:753} INFO - DAG(s) dict_keys(['example_bash_operator']) retrieved from /home/airflow/.local/lib/python3.7/site-packages/airflow/example_dags/example_bash_operator.py
[2025-08-27T15:01:39.098+0000] {logging_mixin.py:137} INFO - [2025-08-27T15:01:39.098+0000] {dag.py:2690} INFO - Sync 1 DAGs
[2025-08-27T15:01:39.111+0000] {logging_mixin.py:137} INFO - [2025-08-27T15:01:39.111+0000] {dag.py:3441} INFO - Setting next_dagrun for example_bash_operator to 2025-08-26T00:00:00+00:00, run_after=2025-08-27T00:00:00+00:00
[2025-08-27T15:01:39.119+0000] {processor.py:175} INFO - Processing /home/airflow/.local/lib/python3.7/site-packages/airflow/example_dags/example_bash_operator.py took 0.056 seconds
[2025-08-27T15:08:09.552+0000] {processor.py:153} INFO - Started process (PID=23078) to work on /home/airflow/.local/lib/python3.7/site-packages/airflow/example_dags/example_bash_operator.py
[2025-08-27T15:08:09.552+0000] {processor.py:743} INFO - Processing file /home/airflow/.local/lib/python3.7/site-packages/airflow/example_dags/example_bash_operator.py for tasks to queue
[2025-08-27T15:08:09.552+0000] {logging_mixin.py:137} INFO - [2025-08-27T15:08:09.552+0000] {dagbag.py:538} INFO - Filling up the DagBag from /home/airflow/.local/lib/python3.7/site-packages/airflow/example_dags/example_bash_operator.py
[2025-08-27T15:08:09.569+0000] {processor.py:753} INFO - DAG(s) dict_keys(['example_bash_operator']) retrieved from /home/airflow/.local/lib/python3.7/site-packages/airflow/example_dags/example_bash_operator.py
[2025-08-27T15:08:09.588+0000] {logging_mixin.py:137} INFO - [2025-08-27T15:08:09.588+0000] {dag.py:2690} INFO - Sync 1 DAGs
[2025-08-27T15:08:09.602+0000] {logging_mixin.py:137} INFO - [2025-08-27T15:08:09.602+0000] {dag.py:3441} INFO - Setting next_dagrun for example_bash_operator to 2025-08-26T00:00:00+00:00, run_after=2025-08-27T00:00:00+00:00
[2025-08-27T15:08:09.610+0000] {processor.py:175} INFO - Processing /home/airflow/.local/lib/python3.7/site-packages/airflow/example_dags/example_bash_operator.py took 0.060 seconds
[2025-08-27T15:18:52.152+0000] {processor.py:153} INFO - Started process (PID=23178) to work on /home/airflow/.local/lib/python3.7/site-packages/airflow/example_dags/example_bash_operator.py
[2025-08-27T15:18:52.152+0000] {processor.py:743} INFO - Processing file /home/airflow/.local/lib/python3.7/site-packages/airflow/example_dags/example_bash_operator.py for tasks to queue
[2025-08-27T15:18:52.153+0000] {logging_mixin.py:137} INFO - [2025-08-27T15:18:52.153+0000] {dagbag.py:538} INFO - Filling up the DagBag from /home/airflow/.local/lib/python3.7/site-packages/airflow/example_dags/example_bash_operator.py
[2025-08-27T15:18:52.163+0000] {processor.py:753} INFO - DAG(s) dict_keys(['example_bash_operator']) retrieved from /home/airflow/.local/lib/python3.7/site-packages/airflow/example_dags/example_bash_operator.py
[2025-08-27T15:18:52.179+0000] {logging_mixin.py:137} INFO - [2025-08-27T15:18:52.179+0000] {dag.py:2690} INFO - Sync 1 DAGs
[2025-08-27T15:18:52.189+0000] {logging_mixin.py:137} INFO - [2025-08-27T15:18:52.189+0000] {dag.py:3441} INFO - Setting next_dagrun for example_bash_operator to 2025-08-26T00:00:00+00:00, run_after=2025-08-27T00:00:00+00:00
[2025-08-27T15:18:52.196+0000] {processor.py:175} INFO - Processing /home/airflow/.local/lib/python3.7/site-packages/airflow/example_dags/example_bash_operator.py took 0.047 seconds
[2025-08-27T15:19:36.798+0000] {processor.py:153} INFO - Started process (PID=23258) to work on /home/airflow/.local/lib/python3.7/site-packages/airflow/example_dags/example_bash_operator.py
[2025-08-27T15:19:36.799+0000] {processor.py:743} INFO - Processing file /home/airflow/.local/lib/python3.7/site-packages/airflow/example_dags/example_bash_operator.py for tasks to queue
[2025-08-27T15:19:36.799+0000] {logging_mixin.py:137} INFO - [2025-08-27T15:19:36.799+0000] {dagbag.py:538} INFO - Filling up the DagBag from /home/airflow/.local/lib/python3.7/site-packages/airflow/example_dags/example_bash_operator.py
[2025-08-27T15:19:36.808+0000] {processor.py:753} INFO - DAG(s) dict_keys(['example_bash_operator']) retrieved from /home/airflow/.local/lib/python3.7/site-packages/airflow/example_dags/example_bash_operator.py
[2025-08-27T15:19:36.822+0000] {logging_mixin.py:137} INFO - [2025-08-27T15:19:36.822+0000] {dag.py:2690} INFO - Sync 1 DAGs
[2025-08-27T15:19:36.833+0000] {logging_mixin.py:137} INFO - [2025-08-27T15:19:36.832+0000] {dag.py:3441} INFO - Setting next_dagrun for example_bash_operator to 2025-08-26T00:00:00+00:00, run_after=2025-08-27T00:00:00+00:00
[2025-08-27T15:19:36.840+0000] {processor.py:175} INFO - Processing /home/airflow/.local/lib/python3.7/site-packages/airflow/example_dags/example_bash_operator.py took 0.043 seconds
[2025-08-27T15:21:52.802+0000] {processor.py:153} INFO - Started process (PID=23358) to work on /home/airflow/.local/lib/python3.7/site-packages/airflow/example_dags/example_bash_operator.py
[2025-08-27T15:21:52.803+0000] {processor.py:743} INFO - Processing file /home/airflow/.local/lib/python3.7/site-packages/airflow/example_dags/example_bash_operator.py for tasks to queue
[2025-08-27T15:21:52.803+0000] {logging_mixin.py:137} INFO - [2025-08-27T15:21:52.803+0000] {dagbag.py:538} INFO - Filling up the DagBag from /home/airflow/.local/lib/python3.7/site-packages/airflow/example_dags/example_bash_operator.py
[2025-08-27T15:21:52.812+0000] {processor.py:753} INFO - DAG(s) dict_keys(['example_bash_operator']) retrieved from /home/airflow/.local/lib/python3.7/site-packages/airflow/example_dags/example_bash_operator.py
[2025-08-27T15:21:52.825+0000] {logging_mixin.py:137} INFO - [2025-08-27T15:21:52.825+0000] {dag.py:2690} INFO - Sync 1 DAGs
[2025-08-27T15:21:52.834+0000] {logging_mixin.py:137} INFO - [2025-08-27T15:21:52.834+0000] {dag.py:3441} INFO - Setting next_dagrun for example_bash_operator to 2025-08-26T00:00:00+00:00, run_after=2025-08-27T00:00:00+00:00
[2025-08-27T15:21:52.840+0000] {processor.py:175} INFO - Processing /home/airflow/.local/lib/python3.7/site-packages/airflow/example_dags/example_bash_operator.py took 0.040 seconds
[2025-08-27T15:25:58.746+0000] {processor.py:153} INFO - Started process (PID=23458) to work on /home/airflow/.local/lib/python3.7/site-packages/airflow/example_dags/example_bash_operator.py
[2025-08-27T15:25:58.747+0000] {processor.py:743} INFO - Processing file /home/airflow/.local/lib/python3.7/site-packages/airflow/example_dags/example_bash_operator.py for tasks to queue
[2025-08-27T15:25:58.747+0000] {logging_mixin.py:137} INFO - [2025-08-27T15:25:58.747+0000] {dagbag.py:538} INFO - Filling up the DagBag from /home/airflow/.local/lib/python3.7/site-packages/airflow/example_dags/example_bash_operator.py
[2025-08-27T15:25:58.763+0000] {processor.py:753} INFO - DAG(s) dict_keys(['example_bash_operator']) retrieved from /home/airflow/.local/lib/python3.7/site-packages/airflow/example_dags/example_bash_operator.py
[2025-08-27T15:25:58.806+0000] {logging_mixin.py:137} INFO - [2025-08-27T15:25:58.806+0000] {dag.py:2690} INFO - Sync 1 DAGs
[2025-08-27T15:25:58.828+0000] {logging_mixin.py:137} INFO - [2025-08-27T15:25:58.828+0000] {dag.py:3441} INFO - Setting next_dagrun for example_bash_operator to 2025-08-26T00:00:00+00:00, run_after=2025-08-27T00:00:00+00:00
[2025-08-27T15:25:58.842+0000] {processor.py:175} INFO - Processing /home/airflow/.local/lib/python3.7/site-packages/airflow/example_dags/example_bash_operator.py took 0.097 seconds
[2025-08-27T16:00:40.024+0000] {processor.py:153} INFO - Started process (PID=23558) to work on /home/airflow/.local/lib/python3.7/site-packages/airflow/example_dags/example_bash_operator.py
[2025-08-27T16:00:40.026+0000] {processor.py:743} INFO - Processing file /home/airflow/.local/lib/python3.7/site-packages/airflow/example_dags/example_bash_operator.py for tasks to queue
[2025-08-27T16:00:40.027+0000] {logging_mixin.py:137} INFO - [2025-08-27T16:00:40.027+0000] {dagbag.py:538} INFO - Filling up the DagBag from /home/airflow/.local/lib/python3.7/site-packages/airflow/example_dags/example_bash_operator.py
[2025-08-27T16:00:40.047+0000] {processor.py:753} INFO - DAG(s) dict_keys(['example_bash_operator']) retrieved from /home/airflow/.local/lib/python3.7/site-packages/airflow/example_dags/example_bash_operator.py
[2025-08-27T16:00:40.067+0000] {logging_mixin.py:137} INFO - [2025-08-27T16:00:40.067+0000] {dag.py:2690} INFO - Sync 1 DAGs
[2025-08-27T16:00:40.082+0000] {logging_mixin.py:137} INFO - [2025-08-27T16:00:40.082+0000] {dag.py:3441} INFO - Setting next_dagrun for example_bash_operator to 2025-08-26T00:00:00+00:00, run_after=2025-08-27T00:00:00+00:00
[2025-08-27T16:00:40.091+0000] {processor.py:175} INFO - Processing /home/airflow/.local/lib/python3.7/site-packages/airflow/example_dags/example_bash_operator.py took 0.070 seconds
[2025-08-27T16:14:52.985+0000] {processor.py:153} INFO - Started process (PID=23638) to work on /home/airflow/.local/lib/python3.7/site-packages/airflow/example_dags/example_bash_operator.py
[2025-08-27T16:14:52.987+0000] {processor.py:743} INFO - Processing file /home/airflow/.local/lib/python3.7/site-packages/airflow/example_dags/example_bash_operator.py for tasks to queue
[2025-08-27T16:14:52.988+0000] {logging_mixin.py:137} INFO - [2025-08-27T16:14:52.988+0000] {dagbag.py:538} INFO - Filling up the DagBag from /home/airflow/.local/lib/python3.7/site-packages/airflow/example_dags/example_bash_operator.py
[2025-08-27T16:14:52.997+0000] {processor.py:753} INFO - DAG(s) dict_keys(['example_bash_operator']) retrieved from /home/airflow/.local/lib/python3.7/site-packages/airflow/example_dags/example_bash_operator.py
[2025-08-27T16:14:53.010+0000] {logging_mixin.py:137} INFO - [2025-08-27T16:14:53.010+0000] {dag.py:2690} INFO - Sync 1 DAGs
[2025-08-27T16:14:53.020+0000] {logging_mixin.py:137} INFO - [2025-08-27T16:14:53.020+0000] {dag.py:3441} INFO - Setting next_dagrun for example_bash_operator to 2025-08-26T00:00:00+00:00, run_after=2025-08-27T00:00:00+00:00
[2025-08-27T16:14:53.028+0000] {processor.py:175} INFO - Processing /home/airflow/.local/lib/python3.7/site-packages/airflow/example_dags/example_bash_operator.py took 0.045 seconds
[2025-08-27T16:23:10.200+0000] {processor.py:153} INFO - Started process (PID=23738) to work on /home/airflow/.local/lib/python3.7/site-packages/airflow/example_dags/example_bash_operator.py
[2025-08-27T16:23:10.200+0000] {processor.py:743} INFO - Processing file /home/airflow/.local/lib/python3.7/site-packages/airflow/example_dags/example_bash_operator.py for tasks to queue
[2025-08-27T16:23:10.201+0000] {logging_mixin.py:137} INFO - [2025-08-27T16:23:10.201+0000] {dagbag.py:538} INFO - Filling up the DagBag from /home/airflow/.local/lib/python3.7/site-packages/airflow/example_dags/example_bash_operator.py
[2025-08-27T16:23:10.211+0000] {processor.py:753} INFO - DAG(s) dict_keys(['example_bash_operator']) retrieved from /home/airflow/.local/lib/python3.7/site-packages/airflow/example_dags/example_bash_operator.py
[2025-08-27T16:23:10.228+0000] {logging_mixin.py:137} INFO - [2025-08-27T16:23:10.228+0000] {dag.py:2690} INFO - Sync 1 DAGs
[2025-08-27T16:23:10.241+0000] {logging_mixin.py:137} INFO - [2025-08-27T16:23:10.241+0000] {dag.py:3441} INFO - Setting next_dagrun for example_bash_operator to 2025-08-26T00:00:00+00:00, run_after=2025-08-27T00:00:00+00:00
[2025-08-27T16:23:10.250+0000] {processor.py:175} INFO - Processing /home/airflow/.local/lib/python3.7/site-packages/airflow/example_dags/example_bash_operator.py took 0.052 seconds
[2025-08-27T16:24:53.954+0000] {processor.py:153} INFO - Started process (PID=23838) to work on /home/airflow/.local/lib/python3.7/site-packages/airflow/example_dags/example_bash_operator.py
[2025-08-27T16:24:53.956+0000] {processor.py:743} INFO - Processing file /home/airflow/.local/lib/python3.7/site-packages/airflow/example_dags/example_bash_operator.py for tasks to queue
[2025-08-27T16:24:53.957+0000] {logging_mixin.py:137} INFO - [2025-08-27T16:24:53.957+0000] {dagbag.py:538} INFO - Filling up the DagBag from /home/airflow/.local/lib/python3.7/site-packages/airflow/example_dags/example_bash_operator.py
[2025-08-27T16:24:53.966+0000] {processor.py:753} INFO - DAG(s) dict_keys(['example_bash_operator']) retrieved from /home/airflow/.local/lib/python3.7/site-packages/airflow/example_dags/example_bash_operator.py
[2025-08-27T16:24:53.983+0000] {logging_mixin.py:137} INFO - [2025-08-27T16:24:53.983+0000] {dag.py:2690} INFO - Sync 1 DAGs
[2025-08-27T16:24:53.996+0000] {logging_mixin.py:137} INFO - [2025-08-27T16:24:53.996+0000] {dag.py:3441} INFO - Setting next_dagrun for example_bash_operator to 2025-08-26T00:00:00+00:00, run_after=2025-08-27T00:00:00+00:00
[2025-08-27T16:24:54.004+0000] {processor.py:175} INFO - Processing /home/airflow/.local/lib/python3.7/site-packages/airflow/example_dags/example_bash_operator.py took 0.052 seconds
[2025-08-27T16:30:07.236+0000] {processor.py:153} INFO - Started process (PID=23938) to work on /home/airflow/.local/lib/python3.7/site-packages/airflow/example_dags/example_bash_operator.py
[2025-08-27T16:30:07.237+0000] {processor.py:743} INFO - Processing file /home/airflow/.local/lib/python3.7/site-packages/airflow/example_dags/example_bash_operator.py for tasks to queue
[2025-08-27T16:30:07.238+0000] {logging_mixin.py:137} INFO - [2025-08-27T16:30:07.238+0000] {dagbag.py:538} INFO - Filling up the DagBag from /home/airflow/.local/lib/python3.7/site-packages/airflow/example_dags/example_bash_operator.py
[2025-08-27T16:30:07.315+0000] {processor.py:753} INFO - DAG(s) dict_keys(['example_bash_operator']) retrieved from /home/airflow/.local/lib/python3.7/site-packages/airflow/example_dags/example_bash_operator.py
[2025-08-27T16:30:07.486+0000] {logging_mixin.py:137} INFO - [2025-08-27T16:30:07.486+0000] {dag.py:2690} INFO - Sync 1 DAGs
[2025-08-27T16:30:07.503+0000] {logging_mixin.py:137} INFO - [2025-08-27T16:30:07.503+0000] {dag.py:3441} INFO - Setting next_dagrun for example_bash_operator to 2025-08-26T00:00:00+00:00, run_after=2025-08-27T00:00:00+00:00
[2025-08-27T16:30:07.517+0000] {processor.py:175} INFO - Processing /home/airflow/.local/lib/python3.7/site-packages/airflow/example_dags/example_bash_operator.py took 0.284 seconds
[2025-08-27T16:44:02.825+0000] {processor.py:153} INFO - Started process (PID=24018) to work on /home/airflow/.local/lib/python3.7/site-packages/airflow/example_dags/example_bash_operator.py
[2025-08-27T16:44:02.825+0000] {processor.py:743} INFO - Processing file /home/airflow/.local/lib/python3.7/site-packages/airflow/example_dags/example_bash_operator.py for tasks to queue
[2025-08-27T16:44:02.826+0000] {logging_mixin.py:137} INFO - [2025-08-27T16:44:02.826+0000] {dagbag.py:538} INFO - Filling up the DagBag from /home/airflow/.local/lib/python3.7/site-packages/airflow/example_dags/example_bash_operator.py
[2025-08-27T16:44:02.839+0000] {processor.py:753} INFO - DAG(s) dict_keys(['example_bash_operator']) retrieved from /home/airflow/.local/lib/python3.7/site-packages/airflow/example_dags/example_bash_operator.py
[2025-08-27T16:44:02.857+0000] {logging_mixin.py:137} INFO - [2025-08-27T16:44:02.857+0000] {dag.py:2690} INFO - Sync 1 DAGs
[2025-08-27T16:44:02.871+0000] {logging_mixin.py:137} INFO - [2025-08-27T16:44:02.871+0000] {dag.py:3441} INFO - Setting next_dagrun for example_bash_operator to 2025-08-26T00:00:00+00:00, run_after=2025-08-27T00:00:00+00:00
[2025-08-27T16:44:02.882+0000] {processor.py:175} INFO - Processing /home/airflow/.local/lib/python3.7/site-packages/airflow/example_dags/example_bash_operator.py took 0.059 seconds
[2025-08-27T18:19:17.362+0000] {processor.py:153} INFO - Started process (PID=24118) to work on /home/airflow/.local/lib/python3.7/site-packages/airflow/example_dags/example_bash_operator.py
[2025-08-27T18:19:17.362+0000] {processor.py:743} INFO - Processing file /home/airflow/.local/lib/python3.7/site-packages/airflow/example_dags/example_bash_operator.py for tasks to queue
[2025-08-27T18:19:17.363+0000] {logging_mixin.py:137} INFO - [2025-08-27T18:19:17.363+0000] {dagbag.py:538} INFO - Filling up the DagBag from /home/airflow/.local/lib/python3.7/site-packages/airflow/example_dags/example_bash_operator.py
[2025-08-27T18:19:17.376+0000] {processor.py:753} INFO - DAG(s) dict_keys(['example_bash_operator']) retrieved from /home/airflow/.local/lib/python3.7/site-packages/airflow/example_dags/example_bash_operator.py
[2025-08-27T18:19:17.397+0000] {logging_mixin.py:137} INFO - [2025-08-27T18:19:17.397+0000] {dag.py:2690} INFO - Sync 1 DAGs
[2025-08-27T18:19:17.414+0000] {logging_mixin.py:137} INFO - [2025-08-27T18:19:17.413+0000] {dag.py:3441} INFO - Setting next_dagrun for example_bash_operator to 2025-08-26T00:00:00+00:00, run_after=2025-08-27T00:00:00+00:00
[2025-08-27T18:19:17.422+0000] {processor.py:175} INFO - Processing /home/airflow/.local/lib/python3.7/site-packages/airflow/example_dags/example_bash_operator.py took 0.062 seconds
[2025-08-27T19:39:49.941+0000] {processor.py:153} INFO - Started process (PID=24218) to work on /home/airflow/.local/lib/python3.7/site-packages/airflow/example_dags/example_bash_operator.py
[2025-08-27T19:39:49.942+0000] {processor.py:743} INFO - Processing file /home/airflow/.local/lib/python3.7/site-packages/airflow/example_dags/example_bash_operator.py for tasks to queue
[2025-08-27T19:39:49.942+0000] {logging_mixin.py:137} INFO - [2025-08-27T19:39:49.942+0000] {dagbag.py:538} INFO - Filling up the DagBag from /home/airflow/.local/lib/python3.7/site-packages/airflow/example_dags/example_bash_operator.py
[2025-08-27T19:39:49.953+0000] {processor.py:753} INFO - DAG(s) dict_keys(['example_bash_operator']) retrieved from /home/airflow/.local/lib/python3.7/site-packages/airflow/example_dags/example_bash_operator.py
[2025-08-27T19:39:49.968+0000] {logging_mixin.py:137} INFO - [2025-08-27T19:39:49.968+0000] {dag.py:2690} INFO - Sync 1 DAGs
[2025-08-27T19:39:49.979+0000] {logging_mixin.py:137} INFO - [2025-08-27T19:39:49.979+0000] {dag.py:3441} INFO - Setting next_dagrun for example_bash_operator to 2025-08-26T00:00:00+00:00, run_after=2025-08-27T00:00:00+00:00
[2025-08-27T19:39:49.988+0000] {processor.py:175} INFO - Processing /home/airflow/.local/lib/python3.7/site-packages/airflow/example_dags/example_bash_operator.py took 0.048 seconds
[2025-08-27T21:01:24.463+0000] {processor.py:153} INFO - Started process (PID=24298) to work on /home/airflow/.local/lib/python3.7/site-packages/airflow/example_dags/example_bash_operator.py
[2025-08-27T21:01:24.464+0000] {processor.py:743} INFO - Processing file /home/airflow/.local/lib/python3.7/site-packages/airflow/example_dags/example_bash_operator.py for tasks to queue
[2025-08-27T21:01:24.464+0000] {logging_mixin.py:137} INFO - [2025-08-27T21:01:24.464+0000] {dagbag.py:538} INFO - Filling up the DagBag from /home/airflow/.local/lib/python3.7/site-packages/airflow/example_dags/example_bash_operator.py
[2025-08-27T21:01:24.483+0000] {processor.py:753} INFO - DAG(s) dict_keys(['example_bash_operator']) retrieved from /home/airflow/.local/lib/python3.7/site-packages/airflow/example_dags/example_bash_operator.py
[2025-08-27T21:01:24.505+0000] {logging_mixin.py:137} INFO - [2025-08-27T21:01:24.504+0000] {dag.py:2690} INFO - Sync 1 DAGs
[2025-08-27T21:01:24.520+0000] {logging_mixin.py:137} INFO - [2025-08-27T21:01:24.519+0000] {dag.py:3441} INFO - Setting next_dagrun for example_bash_operator to 2025-08-26T00:00:00+00:00, run_after=2025-08-27T00:00:00+00:00
[2025-08-27T21:01:24.529+0000] {processor.py:175} INFO - Processing /home/airflow/.local/lib/python3.7/site-packages/airflow/example_dags/example_bash_operator.py took 0.068 seconds
[2025-08-27T21:51:49.797+0000] {processor.py:153} INFO - Started process (PID=24398) to work on /home/airflow/.local/lib/python3.7/site-packages/airflow/example_dags/example_bash_operator.py
[2025-08-27T21:51:49.797+0000] {processor.py:743} INFO - Processing file /home/airflow/.local/lib/python3.7/site-packages/airflow/example_dags/example_bash_operator.py for tasks to queue
[2025-08-27T21:51:49.798+0000] {logging_mixin.py:137} INFO - [2025-08-27T21:51:49.798+0000] {dagbag.py:538} INFO - Filling up the DagBag from /home/airflow/.local/lib/python3.7/site-packages/airflow/example_dags/example_bash_operator.py
[2025-08-27T21:51:49.813+0000] {processor.py:753} INFO - DAG(s) dict_keys(['example_bash_operator']) retrieved from /home/airflow/.local/lib/python3.7/site-packages/airflow/example_dags/example_bash_operator.py
[2025-08-27T21:51:49.842+0000] {logging_mixin.py:137} INFO - [2025-08-27T21:51:49.842+0000] {dag.py:2690} INFO - Sync 1 DAGs
[2025-08-27T21:51:49.861+0000] {logging_mixin.py:137} INFO - [2025-08-27T21:51:49.861+0000] {dag.py:3441} INFO - Setting next_dagrun for example_bash_operator to 2025-08-26T00:00:00+00:00, run_after=2025-08-27T00:00:00+00:00
[2025-08-27T21:51:49.891+0000] {processor.py:175} INFO - Processing /home/airflow/.local/lib/python3.7/site-packages/airflow/example_dags/example_bash_operator.py took 0.096 seconds
[2025-08-27T23:29:05.730+0000] {processor.py:153} INFO - Started process (PID=24498) to work on /home/airflow/.local/lib/python3.7/site-packages/airflow/example_dags/example_bash_operator.py
[2025-08-27T23:29:05.731+0000] {processor.py:743} INFO - Processing file /home/airflow/.local/lib/python3.7/site-packages/airflow/example_dags/example_bash_operator.py for tasks to queue
[2025-08-27T23:29:05.731+0000] {logging_mixin.py:137} INFO - [2025-08-27T23:29:05.731+0000] {dagbag.py:538} INFO - Filling up the DagBag from /home/airflow/.local/lib/python3.7/site-packages/airflow/example_dags/example_bash_operator.py
[2025-08-27T23:29:05.743+0000] {processor.py:753} INFO - DAG(s) dict_keys(['example_bash_operator']) retrieved from /home/airflow/.local/lib/python3.7/site-packages/airflow/example_dags/example_bash_operator.py
[2025-08-27T23:29:05.760+0000] {logging_mixin.py:137} INFO - [2025-08-27T23:29:05.760+0000] {dag.py:2690} INFO - Sync 1 DAGs
[2025-08-27T23:29:05.774+0000] {logging_mixin.py:137} INFO - [2025-08-27T23:29:05.774+0000] {dag.py:3441} INFO - Setting next_dagrun for example_bash_operator to 2025-08-26T00:00:00+00:00, run_after=2025-08-27T00:00:00+00:00
[2025-08-27T23:29:05.785+0000] {processor.py:175} INFO - Processing /home/airflow/.local/lib/python3.7/site-packages/airflow/example_dags/example_bash_operator.py took 0.057 seconds
