[2025-08-27T00:46:29.166+0000] {processor.py:153} INFO - Started process (PID=19492) to work on /home/airflow/.local/lib/python3.7/site-packages/airflow/example_dags/example_task_group.py
[2025-08-27T00:46:29.166+0000] {processor.py:743} INFO - Processing file /home/airflow/.local/lib/python3.7/site-packages/airflow/example_dags/example_task_group.py for tasks to queue
[2025-08-27T00:46:29.166+0000] {logging_mixin.py:137} INFO - [2025-08-27T00:46:29.166+0000] {dagbag.py:538} INFO - Filling up the DagBag from /home/airflow/.local/lib/python3.7/site-packages/airflow/example_dags/example_task_group.py
[2025-08-27T00:46:29.174+0000] {processor.py:753} INFO - DAG(s) dict_keys(['example_task_group']) retrieved from /home/airflow/.local/lib/python3.7/site-packages/airflow/example_dags/example_task_group.py
[2025-08-27T00:46:29.186+0000] {logging_mixin.py:137} INFO - [2025-08-27T00:46:29.186+0000] {dag.py:2690} INFO - Sync 1 DAGs
[2025-08-27T00:46:29.197+0000] {logging_mixin.py:137} INFO - [2025-08-27T00:46:29.197+0000] {dag.py:3441} INFO - Setting next_dagrun for example_task_group to 2025-08-26T00:46:29.197351+00:00, run_after=2025-08-27T00:46:29.197351+00:00
[2025-08-27T00:46:29.205+0000] {processor.py:175} INFO - Processing /home/airflow/.local/lib/python3.7/site-packages/airflow/example_dags/example_task_group.py took 0.042 seconds
[2025-08-27T02:21:51.077+0000] {processor.py:153} INFO - Started process (PID=19572) to work on /home/airflow/.local/lib/python3.7/site-packages/airflow/example_dags/example_task_group.py
[2025-08-27T02:21:51.077+0000] {processor.py:743} INFO - Processing file /home/airflow/.local/lib/python3.7/site-packages/airflow/example_dags/example_task_group.py for tasks to queue
[2025-08-27T02:21:51.078+0000] {logging_mixin.py:137} INFO - [2025-08-27T02:21:51.078+0000] {dagbag.py:538} INFO - Filling up the DagBag from /home/airflow/.local/lib/python3.7/site-packages/airflow/example_dags/example_task_group.py
[2025-08-27T02:21:51.085+0000] {processor.py:753} INFO - DAG(s) dict_keys(['example_task_group']) retrieved from /home/airflow/.local/lib/python3.7/site-packages/airflow/example_dags/example_task_group.py
[2025-08-27T02:21:51.096+0000] {logging_mixin.py:137} INFO - [2025-08-27T02:21:51.096+0000] {dag.py:2690} INFO - Sync 1 DAGs
[2025-08-27T02:21:51.106+0000] {logging_mixin.py:137} INFO - [2025-08-27T02:21:51.106+0000] {dag.py:3441} INFO - Setting next_dagrun for example_task_group to 2025-08-26T02:21:51.106040+00:00, run_after=2025-08-27T02:21:51.106040+00:00
[2025-08-27T02:21:51.113+0000] {processor.py:175} INFO - Processing /home/airflow/.local/lib/python3.7/site-packages/airflow/example_dags/example_task_group.py took 0.038 seconds
[2025-08-27T02:37:29.763+0000] {processor.py:153} INFO - Started process (PID=19672) to work on /home/airflow/.local/lib/python3.7/site-packages/airflow/example_dags/example_task_group.py
[2025-08-27T02:37:29.764+0000] {processor.py:743} INFO - Processing file /home/airflow/.local/lib/python3.7/site-packages/airflow/example_dags/example_task_group.py for tasks to queue
[2025-08-27T02:37:29.764+0000] {logging_mixin.py:137} INFO - [2025-08-27T02:37:29.764+0000] {dagbag.py:538} INFO - Filling up the DagBag from /home/airflow/.local/lib/python3.7/site-packages/airflow/example_dags/example_task_group.py
[2025-08-27T02:37:29.771+0000] {processor.py:753} INFO - DAG(s) dict_keys(['example_task_group']) retrieved from /home/airflow/.local/lib/python3.7/site-packages/airflow/example_dags/example_task_group.py
[2025-08-27T02:37:29.782+0000] {logging_mixin.py:137} INFO - [2025-08-27T02:37:29.782+0000] {dag.py:2690} INFO - Sync 1 DAGs
[2025-08-27T02:37:29.792+0000] {logging_mixin.py:137} INFO - [2025-08-27T02:37:29.792+0000] {dag.py:3441} INFO - Setting next_dagrun for example_task_group to 2025-08-26T02:37:29.791973+00:00, run_after=2025-08-27T02:37:29.791973+00:00
[2025-08-27T02:37:29.799+0000] {processor.py:175} INFO - Processing /home/airflow/.local/lib/python3.7/site-packages/airflow/example_dags/example_task_group.py took 0.037 seconds
[2025-08-27T03:02:26.135+0000] {processor.py:153} INFO - Started process (PID=19772) to work on /home/airflow/.local/lib/python3.7/site-packages/airflow/example_dags/example_task_group.py
[2025-08-27T03:02:26.135+0000] {processor.py:743} INFO - Processing file /home/airflow/.local/lib/python3.7/site-packages/airflow/example_dags/example_task_group.py for tasks to queue
[2025-08-27T03:02:26.136+0000] {logging_mixin.py:137} INFO - [2025-08-27T03:02:26.135+0000] {dagbag.py:538} INFO - Filling up the DagBag from /home/airflow/.local/lib/python3.7/site-packages/airflow/example_dags/example_task_group.py
[2025-08-27T03:02:26.142+0000] {processor.py:753} INFO - DAG(s) dict_keys(['example_task_group']) retrieved from /home/airflow/.local/lib/python3.7/site-packages/airflow/example_dags/example_task_group.py
[2025-08-27T03:02:26.152+0000] {logging_mixin.py:137} INFO - [2025-08-27T03:02:26.152+0000] {dag.py:2690} INFO - Sync 1 DAGs
[2025-08-27T03:02:26.162+0000] {logging_mixin.py:137} INFO - [2025-08-27T03:02:26.162+0000] {dag.py:3441} INFO - Setting next_dagrun for example_task_group to 2025-08-26T03:02:26.161973+00:00, run_after=2025-08-27T03:02:26.161973+00:00
[2025-08-27T03:02:26.169+0000] {processor.py:175} INFO - Processing /home/airflow/.local/lib/python3.7/site-packages/airflow/example_dags/example_task_group.py took 0.036 seconds
[2025-08-27T03:13:53.424+0000] {processor.py:153} INFO - Started process (PID=19871) to work on /home/airflow/.local/lib/python3.7/site-packages/airflow/example_dags/example_task_group.py
[2025-08-27T03:13:53.425+0000] {processor.py:743} INFO - Processing file /home/airflow/.local/lib/python3.7/site-packages/airflow/example_dags/example_task_group.py for tasks to queue
[2025-08-27T03:13:53.425+0000] {logging_mixin.py:137} INFO - [2025-08-27T03:13:53.425+0000] {dagbag.py:538} INFO - Filling up the DagBag from /home/airflow/.local/lib/python3.7/site-packages/airflow/example_dags/example_task_group.py
[2025-08-27T03:13:53.433+0000] {processor.py:753} INFO - DAG(s) dict_keys(['example_task_group']) retrieved from /home/airflow/.local/lib/python3.7/site-packages/airflow/example_dags/example_task_group.py
[2025-08-27T03:13:53.447+0000] {logging_mixin.py:137} INFO - [2025-08-27T03:13:53.447+0000] {dag.py:2690} INFO - Sync 1 DAGs
[2025-08-27T03:13:53.459+0000] {logging_mixin.py:137} INFO - [2025-08-27T03:13:53.459+0000] {dag.py:3441} INFO - Setting next_dagrun for example_task_group to 2025-08-26T03:13:53.459332+00:00, run_after=2025-08-27T03:13:53.459332+00:00
[2025-08-27T03:13:53.468+0000] {processor.py:175} INFO - Processing /home/airflow/.local/lib/python3.7/site-packages/airflow/example_dags/example_task_group.py took 0.045 seconds
[2025-08-27T03:33:08.835+0000] {processor.py:153} INFO - Started process (PID=19951) to work on /home/airflow/.local/lib/python3.7/site-packages/airflow/example_dags/example_task_group.py
[2025-08-27T03:33:08.837+0000] {processor.py:743} INFO - Processing file /home/airflow/.local/lib/python3.7/site-packages/airflow/example_dags/example_task_group.py for tasks to queue
[2025-08-27T03:33:08.838+0000] {logging_mixin.py:137} INFO - [2025-08-27T03:33:08.837+0000] {dagbag.py:538} INFO - Filling up the DagBag from /home/airflow/.local/lib/python3.7/site-packages/airflow/example_dags/example_task_group.py
[2025-08-27T03:33:08.855+0000] {processor.py:753} INFO - DAG(s) dict_keys(['example_task_group']) retrieved from /home/airflow/.local/lib/python3.7/site-packages/airflow/example_dags/example_task_group.py
[2025-08-27T03:33:08.881+0000] {logging_mixin.py:137} INFO - [2025-08-27T03:33:08.881+0000] {dag.py:2690} INFO - Sync 1 DAGs
[2025-08-27T03:33:08.902+0000] {logging_mixin.py:137} INFO - [2025-08-27T03:33:08.902+0000] {dag.py:3441} INFO - Setting next_dagrun for example_task_group to 2025-08-26T03:33:08.902178+00:00, run_after=2025-08-27T03:33:08.902178+00:00
[2025-08-27T03:33:08.916+0000] {processor.py:175} INFO - Processing /home/airflow/.local/lib/python3.7/site-packages/airflow/example_dags/example_task_group.py took 0.082 seconds
[2025-08-27T04:45:10.006+0000] {processor.py:153} INFO - Started process (PID=20051) to work on /home/airflow/.local/lib/python3.7/site-packages/airflow/example_dags/example_task_group.py
[2025-08-27T04:45:10.007+0000] {processor.py:743} INFO - Processing file /home/airflow/.local/lib/python3.7/site-packages/airflow/example_dags/example_task_group.py for tasks to queue
[2025-08-27T04:45:10.008+0000] {logging_mixin.py:137} INFO - [2025-08-27T04:45:10.008+0000] {dagbag.py:538} INFO - Filling up the DagBag from /home/airflow/.local/lib/python3.7/site-packages/airflow/example_dags/example_task_group.py
[2025-08-27T04:45:10.017+0000] {processor.py:753} INFO - DAG(s) dict_keys(['example_task_group']) retrieved from /home/airflow/.local/lib/python3.7/site-packages/airflow/example_dags/example_task_group.py
[2025-08-27T04:45:10.032+0000] {logging_mixin.py:137} INFO - [2025-08-27T04:45:10.032+0000] {dag.py:2690} INFO - Sync 1 DAGs
[2025-08-27T04:45:10.046+0000] {logging_mixin.py:137} INFO - [2025-08-27T04:45:10.046+0000] {dag.py:3441} INFO - Setting next_dagrun for example_task_group to 2025-08-26T04:45:10.046560+00:00, run_after=2025-08-27T04:45:10.046560+00:00
[2025-08-27T04:45:10.057+0000] {processor.py:175} INFO - Processing /home/airflow/.local/lib/python3.7/site-packages/airflow/example_dags/example_task_group.py took 0.054 seconds
[2025-08-27T04:49:55.578+0000] {processor.py:153} INFO - Started process (PID=20151) to work on /home/airflow/.local/lib/python3.7/site-packages/airflow/example_dags/example_task_group.py
[2025-08-27T04:49:55.578+0000] {processor.py:743} INFO - Processing file /home/airflow/.local/lib/python3.7/site-packages/airflow/example_dags/example_task_group.py for tasks to queue
[2025-08-27T04:49:55.578+0000] {logging_mixin.py:137} INFO - [2025-08-27T04:49:55.578+0000] {dagbag.py:538} INFO - Filling up the DagBag from /home/airflow/.local/lib/python3.7/site-packages/airflow/example_dags/example_task_group.py
[2025-08-27T04:49:55.590+0000] {processor.py:753} INFO - DAG(s) dict_keys(['example_task_group']) retrieved from /home/airflow/.local/lib/python3.7/site-packages/airflow/example_dags/example_task_group.py
[2025-08-27T04:49:55.606+0000] {logging_mixin.py:137} INFO - [2025-08-27T04:49:55.606+0000] {dag.py:2690} INFO - Sync 1 DAGs
[2025-08-27T04:49:55.619+0000] {logging_mixin.py:137} INFO - [2025-08-27T04:49:55.619+0000] {dag.py:3441} INFO - Setting next_dagrun for example_task_group to 2025-08-26T04:49:55.619221+00:00, run_after=2025-08-27T04:49:55.619221+00:00
[2025-08-27T04:49:55.632+0000] {processor.py:175} INFO - Processing /home/airflow/.local/lib/python3.7/site-packages/airflow/example_dags/example_task_group.py took 0.056 seconds
[2025-08-27T05:35:08.922+0000] {processor.py:153} INFO - Started process (PID=20231) to work on /home/airflow/.local/lib/python3.7/site-packages/airflow/example_dags/example_task_group.py
[2025-08-27T05:35:08.923+0000] {processor.py:743} INFO - Processing file /home/airflow/.local/lib/python3.7/site-packages/airflow/example_dags/example_task_group.py for tasks to queue
[2025-08-27T05:35:08.923+0000] {logging_mixin.py:137} INFO - [2025-08-27T05:35:08.923+0000] {dagbag.py:538} INFO - Filling up the DagBag from /home/airflow/.local/lib/python3.7/site-packages/airflow/example_dags/example_task_group.py
[2025-08-27T05:35:08.931+0000] {processor.py:753} INFO - DAG(s) dict_keys(['example_task_group']) retrieved from /home/airflow/.local/lib/python3.7/site-packages/airflow/example_dags/example_task_group.py
[2025-08-27T05:35:08.945+0000] {logging_mixin.py:137} INFO - [2025-08-27T05:35:08.945+0000] {dag.py:2690} INFO - Sync 1 DAGs
[2025-08-27T05:35:08.958+0000] {logging_mixin.py:137} INFO - [2025-08-27T05:35:08.958+0000] {dag.py:3441} INFO - Setting next_dagrun for example_task_group to 2025-08-26T05:35:08.958686+00:00, run_after=2025-08-27T05:35:08.958686+00:00
[2025-08-27T05:35:08.966+0000] {processor.py:175} INFO - Processing /home/airflow/.local/lib/python3.7/site-packages/airflow/example_dags/example_task_group.py took 0.045 seconds
[2025-08-27T06:12:36.866+0000] {processor.py:153} INFO - Started process (PID=20331) to work on /home/airflow/.local/lib/python3.7/site-packages/airflow/example_dags/example_task_group.py
[2025-08-27T06:12:36.866+0000] {processor.py:743} INFO - Processing file /home/airflow/.local/lib/python3.7/site-packages/airflow/example_dags/example_task_group.py for tasks to queue
[2025-08-27T06:12:36.868+0000] {logging_mixin.py:137} INFO - [2025-08-27T06:12:36.868+0000] {dagbag.py:538} INFO - Filling up the DagBag from /home/airflow/.local/lib/python3.7/site-packages/airflow/example_dags/example_task_group.py
[2025-08-27T06:12:36.880+0000] {processor.py:753} INFO - DAG(s) dict_keys(['example_task_group']) retrieved from /home/airflow/.local/lib/python3.7/site-packages/airflow/example_dags/example_task_group.py
[2025-08-27T06:12:36.899+0000] {logging_mixin.py:137} INFO - [2025-08-27T06:12:36.899+0000] {dag.py:2690} INFO - Sync 1 DAGs
[2025-08-27T06:12:36.912+0000] {logging_mixin.py:137} INFO - [2025-08-27T06:12:36.912+0000] {dag.py:3441} INFO - Setting next_dagrun for example_task_group to 2025-08-26T06:12:36.912446+00:00, run_after=2025-08-27T06:12:36.912446+00:00
[2025-08-27T06:12:36.925+0000] {processor.py:175} INFO - Processing /home/airflow/.local/lib/python3.7/site-packages/airflow/example_dags/example_task_group.py took 0.061 seconds
[2025-08-27T06:55:18.701+0000] {processor.py:153} INFO - Started process (PID=20431) to work on /home/airflow/.local/lib/python3.7/site-packages/airflow/example_dags/example_task_group.py
[2025-08-27T06:55:18.702+0000] {processor.py:743} INFO - Processing file /home/airflow/.local/lib/python3.7/site-packages/airflow/example_dags/example_task_group.py for tasks to queue
[2025-08-27T06:55:18.702+0000] {logging_mixin.py:137} INFO - [2025-08-27T06:55:18.702+0000] {dagbag.py:538} INFO - Filling up the DagBag from /home/airflow/.local/lib/python3.7/site-packages/airflow/example_dags/example_task_group.py
[2025-08-27T06:55:18.709+0000] {processor.py:753} INFO - DAG(s) dict_keys(['example_task_group']) retrieved from /home/airflow/.local/lib/python3.7/site-packages/airflow/example_dags/example_task_group.py
[2025-08-27T06:55:18.720+0000] {logging_mixin.py:137} INFO - [2025-08-27T06:55:18.720+0000] {dag.py:2690} INFO - Sync 1 DAGs
[2025-08-27T06:55:18.730+0000] {logging_mixin.py:137} INFO - [2025-08-27T06:55:18.730+0000] {dag.py:3441} INFO - Setting next_dagrun for example_task_group to 2025-08-26T06:55:18.730351+00:00, run_after=2025-08-27T06:55:18.730351+00:00
[2025-08-27T06:55:18.737+0000] {processor.py:175} INFO - Processing /home/airflow/.local/lib/python3.7/site-packages/airflow/example_dags/example_task_group.py took 0.038 seconds
[2025-08-27T07:53:52.045+0000] {processor.py:153} INFO - Started process (PID=20531) to work on /home/airflow/.local/lib/python3.7/site-packages/airflow/example_dags/example_task_group.py
[2025-08-27T07:53:52.046+0000] {processor.py:743} INFO - Processing file /home/airflow/.local/lib/python3.7/site-packages/airflow/example_dags/example_task_group.py for tasks to queue
[2025-08-27T07:53:52.046+0000] {logging_mixin.py:137} INFO - [2025-08-27T07:53:52.046+0000] {dagbag.py:538} INFO - Filling up the DagBag from /home/airflow/.local/lib/python3.7/site-packages/airflow/example_dags/example_task_group.py
[2025-08-27T07:53:52.053+0000] {processor.py:753} INFO - DAG(s) dict_keys(['example_task_group']) retrieved from /home/airflow/.local/lib/python3.7/site-packages/airflow/example_dags/example_task_group.py
[2025-08-27T07:53:52.064+0000] {logging_mixin.py:137} INFO - [2025-08-27T07:53:52.064+0000] {dag.py:2690} INFO - Sync 1 DAGs
[2025-08-27T07:53:52.074+0000] {logging_mixin.py:137} INFO - [2025-08-27T07:53:52.074+0000] {dag.py:3441} INFO - Setting next_dagrun for example_task_group to 2025-08-26T07:53:52.074785+00:00, run_after=2025-08-27T07:53:52.074785+00:00
[2025-08-27T07:53:52.082+0000] {processor.py:175} INFO - Processing /home/airflow/.local/lib/python3.7/site-packages/airflow/example_dags/example_task_group.py took 0.039 seconds
[2025-08-27T08:23:39.319+0000] {processor.py:153} INFO - Started process (PID=20611) to work on /home/airflow/.local/lib/python3.7/site-packages/airflow/example_dags/example_task_group.py
[2025-08-27T08:23:39.319+0000] {processor.py:743} INFO - Processing file /home/airflow/.local/lib/python3.7/site-packages/airflow/example_dags/example_task_group.py for tasks to queue
[2025-08-27T08:23:39.319+0000] {logging_mixin.py:137} INFO - [2025-08-27T08:23:39.319+0000] {dagbag.py:538} INFO - Filling up the DagBag from /home/airflow/.local/lib/python3.7/site-packages/airflow/example_dags/example_task_group.py
[2025-08-27T08:23:39.326+0000] {processor.py:753} INFO - DAG(s) dict_keys(['example_task_group']) retrieved from /home/airflow/.local/lib/python3.7/site-packages/airflow/example_dags/example_task_group.py
[2025-08-27T08:23:39.337+0000] {logging_mixin.py:137} INFO - [2025-08-27T08:23:39.337+0000] {dag.py:2690} INFO - Sync 1 DAGs
[2025-08-27T08:23:39.347+0000] {logging_mixin.py:137} INFO - [2025-08-27T08:23:39.347+0000] {dag.py:3441} INFO - Setting next_dagrun for example_task_group to 2025-08-26T08:23:39.347287+00:00, run_after=2025-08-27T08:23:39.347287+00:00
[2025-08-27T08:23:39.355+0000] {processor.py:175} INFO - Processing /home/airflow/.local/lib/python3.7/site-packages/airflow/example_dags/example_task_group.py took 0.038 seconds
[2025-08-27T09:35:50.575+0000] {processor.py:153} INFO - Started process (PID=20711) to work on /home/airflow/.local/lib/python3.7/site-packages/airflow/example_dags/example_task_group.py
[2025-08-27T09:35:50.575+0000] {processor.py:743} INFO - Processing file /home/airflow/.local/lib/python3.7/site-packages/airflow/example_dags/example_task_group.py for tasks to queue
[2025-08-27T09:35:50.575+0000] {logging_mixin.py:137} INFO - [2025-08-27T09:35:50.575+0000] {dagbag.py:538} INFO - Filling up the DagBag from /home/airflow/.local/lib/python3.7/site-packages/airflow/example_dags/example_task_group.py
[2025-08-27T09:35:50.582+0000] {processor.py:753} INFO - DAG(s) dict_keys(['example_task_group']) retrieved from /home/airflow/.local/lib/python3.7/site-packages/airflow/example_dags/example_task_group.py
[2025-08-27T09:35:50.592+0000] {logging_mixin.py:137} INFO - [2025-08-27T09:35:50.592+0000] {dag.py:2690} INFO - Sync 1 DAGs
[2025-08-27T09:35:50.602+0000] {logging_mixin.py:137} INFO - [2025-08-27T09:35:50.602+0000] {dag.py:3441} INFO - Setting next_dagrun for example_task_group to 2025-08-26T09:35:50.602515+00:00, run_after=2025-08-27T09:35:50.602515+00:00
[2025-08-27T09:35:50.610+0000] {processor.py:175} INFO - Processing /home/airflow/.local/lib/python3.7/site-packages/airflow/example_dags/example_task_group.py took 0.036 seconds
[2025-08-27T09:36:49.442+0000] {processor.py:153} INFO - Started process (PID=20811) to work on /home/airflow/.local/lib/python3.7/site-packages/airflow/example_dags/example_task_group.py
[2025-08-27T09:36:49.442+0000] {processor.py:743} INFO - Processing file /home/airflow/.local/lib/python3.7/site-packages/airflow/example_dags/example_task_group.py for tasks to queue
[2025-08-27T09:36:49.443+0000] {logging_mixin.py:137} INFO - [2025-08-27T09:36:49.443+0000] {dagbag.py:538} INFO - Filling up the DagBag from /home/airflow/.local/lib/python3.7/site-packages/airflow/example_dags/example_task_group.py
[2025-08-27T09:36:49.450+0000] {processor.py:753} INFO - DAG(s) dict_keys(['example_task_group']) retrieved from /home/airflow/.local/lib/python3.7/site-packages/airflow/example_dags/example_task_group.py
[2025-08-27T09:36:49.461+0000] {logging_mixin.py:137} INFO - [2025-08-27T09:36:49.461+0000] {dag.py:2690} INFO - Sync 1 DAGs
[2025-08-27T09:36:49.471+0000] {logging_mixin.py:137} INFO - [2025-08-27T09:36:49.471+0000] {dag.py:3441} INFO - Setting next_dagrun for example_task_group to 2025-08-26T09:36:49.471477+00:00, run_after=2025-08-27T09:36:49.471477+00:00
[2025-08-27T09:36:49.478+0000] {processor.py:175} INFO - Processing /home/airflow/.local/lib/python3.7/site-packages/airflow/example_dags/example_task_group.py took 0.038 seconds
[2025-08-27T09:38:52.701+0000] {processor.py:153} INFO - Started process (PID=20911) to work on /home/airflow/.local/lib/python3.7/site-packages/airflow/example_dags/example_task_group.py
[2025-08-27T09:38:52.702+0000] {processor.py:743} INFO - Processing file /home/airflow/.local/lib/python3.7/site-packages/airflow/example_dags/example_task_group.py for tasks to queue
[2025-08-27T09:38:52.702+0000] {logging_mixin.py:137} INFO - [2025-08-27T09:38:52.702+0000] {dagbag.py:538} INFO - Filling up the DagBag from /home/airflow/.local/lib/python3.7/site-packages/airflow/example_dags/example_task_group.py
[2025-08-27T09:38:52.710+0000] {processor.py:753} INFO - DAG(s) dict_keys(['example_task_group']) retrieved from /home/airflow/.local/lib/python3.7/site-packages/airflow/example_dags/example_task_group.py
[2025-08-27T09:38:52.721+0000] {logging_mixin.py:137} INFO - [2025-08-27T09:38:52.721+0000] {dag.py:2690} INFO - Sync 1 DAGs
[2025-08-27T09:38:52.732+0000] {logging_mixin.py:137} INFO - [2025-08-27T09:38:52.732+0000] {dag.py:3441} INFO - Setting next_dagrun for example_task_group to 2025-08-26T09:38:52.732089+00:00, run_after=2025-08-27T09:38:52.732089+00:00
[2025-08-27T09:38:52.739+0000] {processor.py:175} INFO - Processing /home/airflow/.local/lib/python3.7/site-packages/airflow/example_dags/example_task_group.py took 0.040 seconds
[2025-08-27T09:39:38.780+0000] {processor.py:153} INFO - Started process (PID=20991) to work on /home/airflow/.local/lib/python3.7/site-packages/airflow/example_dags/example_task_group.py
[2025-08-27T09:39:38.781+0000] {processor.py:743} INFO - Processing file /home/airflow/.local/lib/python3.7/site-packages/airflow/example_dags/example_task_group.py for tasks to queue
[2025-08-27T09:39:38.781+0000] {logging_mixin.py:137} INFO - [2025-08-27T09:39:38.781+0000] {dagbag.py:538} INFO - Filling up the DagBag from /home/airflow/.local/lib/python3.7/site-packages/airflow/example_dags/example_task_group.py
[2025-08-27T09:39:38.788+0000] {processor.py:753} INFO - DAG(s) dict_keys(['example_task_group']) retrieved from /home/airflow/.local/lib/python3.7/site-packages/airflow/example_dags/example_task_group.py
[2025-08-27T09:39:38.798+0000] {logging_mixin.py:137} INFO - [2025-08-27T09:39:38.798+0000] {dag.py:2690} INFO - Sync 1 DAGs
[2025-08-27T09:39:38.808+0000] {logging_mixin.py:137} INFO - [2025-08-27T09:39:38.808+0000] {dag.py:3441} INFO - Setting next_dagrun for example_task_group to 2025-08-26T09:39:38.808453+00:00, run_after=2025-08-27T09:39:38.808453+00:00
[2025-08-27T09:39:38.815+0000] {processor.py:175} INFO - Processing /home/airflow/.local/lib/python3.7/site-packages/airflow/example_dags/example_task_group.py took 0.036 seconds
[2025-08-27T09:50:06.200+0000] {processor.py:153} INFO - Started process (PID=21091) to work on /home/airflow/.local/lib/python3.7/site-packages/airflow/example_dags/example_task_group.py
[2025-08-27T09:50:06.201+0000] {processor.py:743} INFO - Processing file /home/airflow/.local/lib/python3.7/site-packages/airflow/example_dags/example_task_group.py for tasks to queue
[2025-08-27T09:50:06.201+0000] {logging_mixin.py:137} INFO - [2025-08-27T09:50:06.201+0000] {dagbag.py:538} INFO - Filling up the DagBag from /home/airflow/.local/lib/python3.7/site-packages/airflow/example_dags/example_task_group.py
[2025-08-27T09:50:06.212+0000] {processor.py:753} INFO - DAG(s) dict_keys(['example_task_group']) retrieved from /home/airflow/.local/lib/python3.7/site-packages/airflow/example_dags/example_task_group.py
[2025-08-27T09:50:06.237+0000] {logging_mixin.py:137} INFO - [2025-08-27T09:50:06.237+0000] {dag.py:2690} INFO - Sync 1 DAGs
[2025-08-27T09:50:06.257+0000] {logging_mixin.py:137} INFO - [2025-08-27T09:50:06.257+0000] {dag.py:3441} INFO - Setting next_dagrun for example_task_group to 2025-08-26T09:50:06.256920+00:00, run_after=2025-08-27T09:50:06.256920+00:00
[2025-08-27T09:50:06.269+0000] {processor.py:175} INFO - Processing /home/airflow/.local/lib/python3.7/site-packages/airflow/example_dags/example_task_group.py took 0.071 seconds
[2025-08-27T11:12:45.721+0000] {processor.py:153} INFO - Started process (PID=21191) to work on /home/airflow/.local/lib/python3.7/site-packages/airflow/example_dags/example_task_group.py
[2025-08-27T11:12:45.721+0000] {processor.py:743} INFO - Processing file /home/airflow/.local/lib/python3.7/site-packages/airflow/example_dags/example_task_group.py for tasks to queue
[2025-08-27T11:12:45.721+0000] {logging_mixin.py:137} INFO - [2025-08-27T11:12:45.721+0000] {dagbag.py:538} INFO - Filling up the DagBag from /home/airflow/.local/lib/python3.7/site-packages/airflow/example_dags/example_task_group.py
[2025-08-27T11:12:45.728+0000] {processor.py:753} INFO - DAG(s) dict_keys(['example_task_group']) retrieved from /home/airflow/.local/lib/python3.7/site-packages/airflow/example_dags/example_task_group.py
[2025-08-27T11:12:45.739+0000] {logging_mixin.py:137} INFO - [2025-08-27T11:12:45.739+0000] {dag.py:2690} INFO - Sync 1 DAGs
[2025-08-27T11:12:45.749+0000] {logging_mixin.py:137} INFO - [2025-08-27T11:12:45.749+0000] {dag.py:3441} INFO - Setting next_dagrun for example_task_group to 2025-08-26T11:12:45.749052+00:00, run_after=2025-08-27T11:12:45.749052+00:00
[2025-08-27T11:12:45.756+0000] {processor.py:175} INFO - Processing /home/airflow/.local/lib/python3.7/site-packages/airflow/example_dags/example_task_group.py took 0.037 seconds
[2025-08-27T11:34:31.042+0000] {processor.py:153} INFO - Started process (PID=21271) to work on /home/airflow/.local/lib/python3.7/site-packages/airflow/example_dags/example_task_group.py
[2025-08-27T11:34:31.042+0000] {processor.py:743} INFO - Processing file /home/airflow/.local/lib/python3.7/site-packages/airflow/example_dags/example_task_group.py for tasks to queue
[2025-08-27T11:34:31.043+0000] {logging_mixin.py:137} INFO - [2025-08-27T11:34:31.043+0000] {dagbag.py:538} INFO - Filling up the DagBag from /home/airflow/.local/lib/python3.7/site-packages/airflow/example_dags/example_task_group.py
[2025-08-27T11:34:31.050+0000] {processor.py:753} INFO - DAG(s) dict_keys(['example_task_group']) retrieved from /home/airflow/.local/lib/python3.7/site-packages/airflow/example_dags/example_task_group.py
[2025-08-27T11:34:31.062+0000] {logging_mixin.py:137} INFO - [2025-08-27T11:34:31.062+0000] {dag.py:2690} INFO - Sync 1 DAGs
[2025-08-27T11:34:31.073+0000] {logging_mixin.py:137} INFO - [2025-08-27T11:34:31.073+0000] {dag.py:3441} INFO - Setting next_dagrun for example_task_group to 2025-08-26T11:34:31.073178+00:00, run_after=2025-08-27T11:34:31.073178+00:00
[2025-08-27T11:34:31.080+0000] {processor.py:175} INFO - Processing /home/airflow/.local/lib/python3.7/site-packages/airflow/example_dags/example_task_group.py took 0.041 seconds
[2025-08-27T11:51:12.904+0000] {processor.py:153} INFO - Started process (PID=21371) to work on /home/airflow/.local/lib/python3.7/site-packages/airflow/example_dags/example_task_group.py
[2025-08-27T11:51:12.904+0000] {processor.py:743} INFO - Processing file /home/airflow/.local/lib/python3.7/site-packages/airflow/example_dags/example_task_group.py for tasks to queue
[2025-08-27T11:51:12.905+0000] {logging_mixin.py:137} INFO - [2025-08-27T11:51:12.905+0000] {dagbag.py:538} INFO - Filling up the DagBag from /home/airflow/.local/lib/python3.7/site-packages/airflow/example_dags/example_task_group.py
[2025-08-27T11:51:12.912+0000] {processor.py:753} INFO - DAG(s) dict_keys(['example_task_group']) retrieved from /home/airflow/.local/lib/python3.7/site-packages/airflow/example_dags/example_task_group.py
[2025-08-27T11:51:12.923+0000] {logging_mixin.py:137} INFO - [2025-08-27T11:51:12.923+0000] {dag.py:2690} INFO - Sync 1 DAGs
[2025-08-27T11:51:12.933+0000] {logging_mixin.py:137} INFO - [2025-08-27T11:51:12.933+0000] {dag.py:3441} INFO - Setting next_dagrun for example_task_group to 2025-08-26T11:51:12.933089+00:00, run_after=2025-08-27T11:51:12.933089+00:00
[2025-08-27T11:51:12.942+0000] {processor.py:175} INFO - Processing /home/airflow/.local/lib/python3.7/site-packages/airflow/example_dags/example_task_group.py took 0.040 seconds
[2025-08-27T11:53:11.599+0000] {processor.py:153} INFO - Started process (PID=21471) to work on /home/airflow/.local/lib/python3.7/site-packages/airflow/example_dags/example_task_group.py
[2025-08-27T11:53:11.599+0000] {processor.py:743} INFO - Processing file /home/airflow/.local/lib/python3.7/site-packages/airflow/example_dags/example_task_group.py for tasks to queue
[2025-08-27T11:53:11.600+0000] {logging_mixin.py:137} INFO - [2025-08-27T11:53:11.600+0000] {dagbag.py:538} INFO - Filling up the DagBag from /home/airflow/.local/lib/python3.7/site-packages/airflow/example_dags/example_task_group.py
[2025-08-27T11:53:11.607+0000] {processor.py:753} INFO - DAG(s) dict_keys(['example_task_group']) retrieved from /home/airflow/.local/lib/python3.7/site-packages/airflow/example_dags/example_task_group.py
[2025-08-27T11:53:11.619+0000] {logging_mixin.py:137} INFO - [2025-08-27T11:53:11.619+0000] {dag.py:2690} INFO - Sync 1 DAGs
[2025-08-27T11:53:11.629+0000] {logging_mixin.py:137} INFO - [2025-08-27T11:53:11.629+0000] {dag.py:3441} INFO - Setting next_dagrun for example_task_group to 2025-08-26T11:53:11.628994+00:00, run_after=2025-08-27T11:53:11.628994+00:00
[2025-08-27T11:53:11.636+0000] {processor.py:175} INFO - Processing /home/airflow/.local/lib/python3.7/site-packages/airflow/example_dags/example_task_group.py took 0.040 seconds
[2025-08-27T11:58:53.007+0000] {processor.py:153} INFO - Started process (PID=21571) to work on /home/airflow/.local/lib/python3.7/site-packages/airflow/example_dags/example_task_group.py
[2025-08-27T11:58:53.007+0000] {processor.py:743} INFO - Processing file /home/airflow/.local/lib/python3.7/site-packages/airflow/example_dags/example_task_group.py for tasks to queue
[2025-08-27T11:58:53.008+0000] {logging_mixin.py:137} INFO - [2025-08-27T11:58:53.008+0000] {dagbag.py:538} INFO - Filling up the DagBag from /home/airflow/.local/lib/python3.7/site-packages/airflow/example_dags/example_task_group.py
[2025-08-27T11:58:53.015+0000] {processor.py:753} INFO - DAG(s) dict_keys(['example_task_group']) retrieved from /home/airflow/.local/lib/python3.7/site-packages/airflow/example_dags/example_task_group.py
[2025-08-27T11:58:53.027+0000] {logging_mixin.py:137} INFO - [2025-08-27T11:58:53.027+0000] {dag.py:2690} INFO - Sync 1 DAGs
[2025-08-27T11:58:53.037+0000] {logging_mixin.py:137} INFO - [2025-08-27T11:58:53.037+0000] {dag.py:3441} INFO - Setting next_dagrun for example_task_group to 2025-08-26T11:58:53.037587+00:00, run_after=2025-08-27T11:58:53.037587+00:00
[2025-08-27T11:58:53.045+0000] {processor.py:175} INFO - Processing /home/airflow/.local/lib/python3.7/site-packages/airflow/example_dags/example_task_group.py took 0.040 seconds
[2025-08-27T12:11:20.179+0000] {processor.py:153} INFO - Started process (PID=21651) to work on /home/airflow/.local/lib/python3.7/site-packages/airflow/example_dags/example_task_group.py
[2025-08-27T12:11:20.180+0000] {processor.py:743} INFO - Processing file /home/airflow/.local/lib/python3.7/site-packages/airflow/example_dags/example_task_group.py for tasks to queue
[2025-08-27T12:11:20.180+0000] {logging_mixin.py:137} INFO - [2025-08-27T12:11:20.180+0000] {dagbag.py:538} INFO - Filling up the DagBag from /home/airflow/.local/lib/python3.7/site-packages/airflow/example_dags/example_task_group.py
[2025-08-27T12:11:20.192+0000] {processor.py:753} INFO - DAG(s) dict_keys(['example_task_group']) retrieved from /home/airflow/.local/lib/python3.7/site-packages/airflow/example_dags/example_task_group.py
[2025-08-27T12:11:20.208+0000] {logging_mixin.py:137} INFO - [2025-08-27T12:11:20.208+0000] {dag.py:2690} INFO - Sync 1 DAGs
[2025-08-27T12:11:20.219+0000] {logging_mixin.py:137} INFO - [2025-08-27T12:11:20.219+0000] {dag.py:3441} INFO - Setting next_dagrun for example_task_group to 2025-08-26T12:11:20.219741+00:00, run_after=2025-08-27T12:11:20.219741+00:00
[2025-08-27T12:11:20.230+0000] {processor.py:175} INFO - Processing /home/airflow/.local/lib/python3.7/site-packages/airflow/example_dags/example_task_group.py took 0.053 seconds
[2025-08-27T12:14:24.380+0000] {processor.py:153} INFO - Started process (PID=21751) to work on /home/airflow/.local/lib/python3.7/site-packages/airflow/example_dags/example_task_group.py
[2025-08-27T12:14:24.380+0000] {processor.py:743} INFO - Processing file /home/airflow/.local/lib/python3.7/site-packages/airflow/example_dags/example_task_group.py for tasks to queue
[2025-08-27T12:14:24.381+0000] {logging_mixin.py:137} INFO - [2025-08-27T12:14:24.381+0000] {dagbag.py:538} INFO - Filling up the DagBag from /home/airflow/.local/lib/python3.7/site-packages/airflow/example_dags/example_task_group.py
[2025-08-27T12:14:24.389+0000] {processor.py:753} INFO - DAG(s) dict_keys(['example_task_group']) retrieved from /home/airflow/.local/lib/python3.7/site-packages/airflow/example_dags/example_task_group.py
[2025-08-27T12:14:24.403+0000] {logging_mixin.py:137} INFO - [2025-08-27T12:14:24.402+0000] {dag.py:2690} INFO - Sync 1 DAGs
[2025-08-27T12:14:24.415+0000] {logging_mixin.py:137} INFO - [2025-08-27T12:14:24.415+0000] {dag.py:3441} INFO - Setting next_dagrun for example_task_group to 2025-08-26T12:14:24.415018+00:00, run_after=2025-08-27T12:14:24.415018+00:00
[2025-08-27T12:14:24.424+0000] {processor.py:175} INFO - Processing /home/airflow/.local/lib/python3.7/site-packages/airflow/example_dags/example_task_group.py took 0.046 seconds
[2025-08-27T12:27:56.968+0000] {processor.py:153} INFO - Started process (PID=21851) to work on /home/airflow/.local/lib/python3.7/site-packages/airflow/example_dags/example_task_group.py
[2025-08-27T12:27:56.969+0000] {processor.py:743} INFO - Processing file /home/airflow/.local/lib/python3.7/site-packages/airflow/example_dags/example_task_group.py for tasks to queue
[2025-08-27T12:27:56.970+0000] {logging_mixin.py:137} INFO - [2025-08-27T12:27:56.970+0000] {dagbag.py:538} INFO - Filling up the DagBag from /home/airflow/.local/lib/python3.7/site-packages/airflow/example_dags/example_task_group.py
[2025-08-27T12:27:56.989+0000] {processor.py:753} INFO - DAG(s) dict_keys(['example_task_group']) retrieved from /home/airflow/.local/lib/python3.7/site-packages/airflow/example_dags/example_task_group.py
[2025-08-27T12:27:57.007+0000] {logging_mixin.py:137} INFO - [2025-08-27T12:27:57.007+0000] {dag.py:2690} INFO - Sync 1 DAGs
[2025-08-27T12:27:57.020+0000] {logging_mixin.py:137} INFO - [2025-08-27T12:27:57.020+0000] {dag.py:3441} INFO - Setting next_dagrun for example_task_group to 2025-08-26T12:27:57.020561+00:00, run_after=2025-08-27T12:27:57.020561+00:00
[2025-08-27T12:27:57.031+0000] {processor.py:175} INFO - Processing /home/airflow/.local/lib/python3.7/site-packages/airflow/example_dags/example_task_group.py took 0.066 seconds
[2025-08-27T12:38:25.208+0000] {processor.py:153} INFO - Started process (PID=21931) to work on /home/airflow/.local/lib/python3.7/site-packages/airflow/example_dags/example_task_group.py
[2025-08-27T12:38:25.209+0000] {processor.py:743} INFO - Processing file /home/airflow/.local/lib/python3.7/site-packages/airflow/example_dags/example_task_group.py for tasks to queue
[2025-08-27T12:38:25.210+0000] {logging_mixin.py:137} INFO - [2025-08-27T12:38:25.210+0000] {dagbag.py:538} INFO - Filling up the DagBag from /home/airflow/.local/lib/python3.7/site-packages/airflow/example_dags/example_task_group.py
[2025-08-27T12:38:25.219+0000] {processor.py:753} INFO - DAG(s) dict_keys(['example_task_group']) retrieved from /home/airflow/.local/lib/python3.7/site-packages/airflow/example_dags/example_task_group.py
[2025-08-27T12:38:25.234+0000] {logging_mixin.py:137} INFO - [2025-08-27T12:38:25.234+0000] {dag.py:2690} INFO - Sync 1 DAGs
[2025-08-27T12:38:25.247+0000] {logging_mixin.py:137} INFO - [2025-08-27T12:38:25.247+0000] {dag.py:3441} INFO - Setting next_dagrun for example_task_group to 2025-08-26T12:38:25.247338+00:00, run_after=2025-08-27T12:38:25.247338+00:00
[2025-08-27T12:38:25.260+0000] {processor.py:175} INFO - Processing /home/airflow/.local/lib/python3.7/site-packages/airflow/example_dags/example_task_group.py took 0.054 seconds
[2025-08-27T12:57:12.082+0000] {processor.py:153} INFO - Started process (PID=22031) to work on /home/airflow/.local/lib/python3.7/site-packages/airflow/example_dags/example_task_group.py
[2025-08-27T12:57:12.086+0000] {processor.py:743} INFO - Processing file /home/airflow/.local/lib/python3.7/site-packages/airflow/example_dags/example_task_group.py for tasks to queue
[2025-08-27T12:57:12.086+0000] {logging_mixin.py:137} INFO - [2025-08-27T12:57:12.086+0000] {dagbag.py:538} INFO - Filling up the DagBag from /home/airflow/.local/lib/python3.7/site-packages/airflow/example_dags/example_task_group.py
[2025-08-27T12:57:12.094+0000] {processor.py:753} INFO - DAG(s) dict_keys(['example_task_group']) retrieved from /home/airflow/.local/lib/python3.7/site-packages/airflow/example_dags/example_task_group.py
[2025-08-27T12:57:12.105+0000] {logging_mixin.py:137} INFO - [2025-08-27T12:57:12.105+0000] {dag.py:2690} INFO - Sync 1 DAGs
[2025-08-27T12:57:12.115+0000] {logging_mixin.py:137} INFO - [2025-08-27T12:57:12.115+0000] {dag.py:3441} INFO - Setting next_dagrun for example_task_group to 2025-08-26T12:57:12.115063+00:00, run_after=2025-08-27T12:57:12.115063+00:00
[2025-08-27T12:57:12.122+0000] {processor.py:175} INFO - Processing /home/airflow/.local/lib/python3.7/site-packages/airflow/example_dags/example_task_group.py took 0.042 seconds
[2025-08-27T12:57:42.638+0000] {processor.py:153} INFO - Started process (PID=22131) to work on /home/airflow/.local/lib/python3.7/site-packages/airflow/example_dags/example_task_group.py
[2025-08-27T12:57:42.638+0000] {processor.py:743} INFO - Processing file /home/airflow/.local/lib/python3.7/site-packages/airflow/example_dags/example_task_group.py for tasks to queue
[2025-08-27T12:57:42.639+0000] {logging_mixin.py:137} INFO - [2025-08-27T12:57:42.639+0000] {dagbag.py:538} INFO - Filling up the DagBag from /home/airflow/.local/lib/python3.7/site-packages/airflow/example_dags/example_task_group.py
[2025-08-27T12:57:42.646+0000] {processor.py:753} INFO - DAG(s) dict_keys(['example_task_group']) retrieved from /home/airflow/.local/lib/python3.7/site-packages/airflow/example_dags/example_task_group.py
[2025-08-27T12:57:42.657+0000] {logging_mixin.py:137} INFO - [2025-08-27T12:57:42.657+0000] {dag.py:2690} INFO - Sync 1 DAGs
[2025-08-27T12:57:42.668+0000] {logging_mixin.py:137} INFO - [2025-08-27T12:57:42.668+0000] {dag.py:3441} INFO - Setting next_dagrun for example_task_group to 2025-08-26T12:57:42.667910+00:00, run_after=2025-08-27T12:57:42.667910+00:00
[2025-08-27T12:57:42.674+0000] {processor.py:175} INFO - Processing /home/airflow/.local/lib/python3.7/site-packages/airflow/example_dags/example_task_group.py took 0.038 seconds
[2025-08-27T13:27:10.431+0000] {processor.py:153} INFO - Started process (PID=22231) to work on /home/airflow/.local/lib/python3.7/site-packages/airflow/example_dags/example_task_group.py
[2025-08-27T13:27:10.432+0000] {processor.py:743} INFO - Processing file /home/airflow/.local/lib/python3.7/site-packages/airflow/example_dags/example_task_group.py for tasks to queue
[2025-08-27T13:27:10.432+0000] {logging_mixin.py:137} INFO - [2025-08-27T13:27:10.432+0000] {dagbag.py:538} INFO - Filling up the DagBag from /home/airflow/.local/lib/python3.7/site-packages/airflow/example_dags/example_task_group.py
[2025-08-27T13:27:10.439+0000] {processor.py:753} INFO - DAG(s) dict_keys(['example_task_group']) retrieved from /home/airflow/.local/lib/python3.7/site-packages/airflow/example_dags/example_task_group.py
[2025-08-27T13:27:10.451+0000] {logging_mixin.py:137} INFO - [2025-08-27T13:27:10.451+0000] {dag.py:2690} INFO - Sync 1 DAGs
[2025-08-27T13:27:10.461+0000] {logging_mixin.py:137} INFO - [2025-08-27T13:27:10.461+0000] {dag.py:3441} INFO - Setting next_dagrun for example_task_group to 2025-08-26T13:27:10.461775+00:00, run_after=2025-08-27T13:27:10.461775+00:00
[2025-08-27T13:27:10.469+0000] {processor.py:175} INFO - Processing /home/airflow/.local/lib/python3.7/site-packages/airflow/example_dags/example_task_group.py took 0.039 seconds
[2025-08-27T13:30:12.447+0000] {processor.py:153} INFO - Started process (PID=22311) to work on /home/airflow/.local/lib/python3.7/site-packages/airflow/example_dags/example_task_group.py
[2025-08-27T13:30:12.447+0000] {processor.py:743} INFO - Processing file /home/airflow/.local/lib/python3.7/site-packages/airflow/example_dags/example_task_group.py for tasks to queue
[2025-08-27T13:30:12.449+0000] {logging_mixin.py:137} INFO - [2025-08-27T13:30:12.449+0000] {dagbag.py:538} INFO - Filling up the DagBag from /home/airflow/.local/lib/python3.7/site-packages/airflow/example_dags/example_task_group.py
[2025-08-27T13:30:12.461+0000] {processor.py:753} INFO - DAG(s) dict_keys(['example_task_group']) retrieved from /home/airflow/.local/lib/python3.7/site-packages/airflow/example_dags/example_task_group.py
[2025-08-27T13:30:12.481+0000] {logging_mixin.py:137} INFO - [2025-08-27T13:30:12.481+0000] {dag.py:2690} INFO - Sync 1 DAGs
[2025-08-27T13:30:12.496+0000] {logging_mixin.py:137} INFO - [2025-08-27T13:30:12.496+0000] {dag.py:3441} INFO - Setting next_dagrun for example_task_group to 2025-08-26T13:30:12.496102+00:00, run_after=2025-08-27T13:30:12.496102+00:00
[2025-08-27T13:30:12.515+0000] {processor.py:175} INFO - Processing /home/airflow/.local/lib/python3.7/site-packages/airflow/example_dags/example_task_group.py took 0.071 seconds
[2025-08-27T13:37:06.256+0000] {processor.py:153} INFO - Started process (PID=22411) to work on /home/airflow/.local/lib/python3.7/site-packages/airflow/example_dags/example_task_group.py
[2025-08-27T13:37:06.257+0000] {processor.py:743} INFO - Processing file /home/airflow/.local/lib/python3.7/site-packages/airflow/example_dags/example_task_group.py for tasks to queue
[2025-08-27T13:37:06.257+0000] {logging_mixin.py:137} INFO - [2025-08-27T13:37:06.257+0000] {dagbag.py:538} INFO - Filling up the DagBag from /home/airflow/.local/lib/python3.7/site-packages/airflow/example_dags/example_task_group.py
[2025-08-27T13:37:06.264+0000] {processor.py:753} INFO - DAG(s) dict_keys(['example_task_group']) retrieved from /home/airflow/.local/lib/python3.7/site-packages/airflow/example_dags/example_task_group.py
[2025-08-27T13:37:06.279+0000] {logging_mixin.py:137} INFO - [2025-08-27T13:37:06.279+0000] {dag.py:2690} INFO - Sync 1 DAGs
[2025-08-27T13:37:06.291+0000] {logging_mixin.py:137} INFO - [2025-08-27T13:37:06.291+0000] {dag.py:3441} INFO - Setting next_dagrun for example_task_group to 2025-08-26T13:37:06.291215+00:00, run_after=2025-08-27T13:37:06.291215+00:00
[2025-08-27T13:37:06.303+0000] {processor.py:175} INFO - Processing /home/airflow/.local/lib/python3.7/site-packages/airflow/example_dags/example_task_group.py took 0.049 seconds
[2025-08-27T13:51:01.162+0000] {processor.py:153} INFO - Started process (PID=22511) to work on /home/airflow/.local/lib/python3.7/site-packages/airflow/example_dags/example_task_group.py
[2025-08-27T13:51:01.162+0000] {processor.py:743} INFO - Processing file /home/airflow/.local/lib/python3.7/site-packages/airflow/example_dags/example_task_group.py for tasks to queue
[2025-08-27T13:51:01.163+0000] {logging_mixin.py:137} INFO - [2025-08-27T13:51:01.163+0000] {dagbag.py:538} INFO - Filling up the DagBag from /home/airflow/.local/lib/python3.7/site-packages/airflow/example_dags/example_task_group.py
[2025-08-27T13:51:01.173+0000] {processor.py:753} INFO - DAG(s) dict_keys(['example_task_group']) retrieved from /home/airflow/.local/lib/python3.7/site-packages/airflow/example_dags/example_task_group.py
[2025-08-27T13:51:01.189+0000] {logging_mixin.py:137} INFO - [2025-08-27T13:51:01.189+0000] {dag.py:2690} INFO - Sync 1 DAGs
[2025-08-27T13:51:01.206+0000] {logging_mixin.py:137} INFO - [2025-08-27T13:51:01.206+0000] {dag.py:3441} INFO - Setting next_dagrun for example_task_group to 2025-08-26T13:51:01.205847+00:00, run_after=2025-08-27T13:51:01.205847+00:00
[2025-08-27T13:51:01.218+0000] {processor.py:175} INFO - Processing /home/airflow/.local/lib/python3.7/site-packages/airflow/example_dags/example_task_group.py took 0.059 seconds
[2025-08-27T14:01:05.692+0000] {processor.py:153} INFO - Started process (PID=22591) to work on /home/airflow/.local/lib/python3.7/site-packages/airflow/example_dags/example_task_group.py
[2025-08-27T14:01:05.692+0000] {processor.py:743} INFO - Processing file /home/airflow/.local/lib/python3.7/site-packages/airflow/example_dags/example_task_group.py for tasks to queue
[2025-08-27T14:01:05.693+0000] {logging_mixin.py:137} INFO - [2025-08-27T14:01:05.693+0000] {dagbag.py:538} INFO - Filling up the DagBag from /home/airflow/.local/lib/python3.7/site-packages/airflow/example_dags/example_task_group.py
[2025-08-27T14:01:05.702+0000] {processor.py:753} INFO - DAG(s) dict_keys(['example_task_group']) retrieved from /home/airflow/.local/lib/python3.7/site-packages/airflow/example_dags/example_task_group.py
[2025-08-27T14:01:05.715+0000] {logging_mixin.py:137} INFO - [2025-08-27T14:01:05.714+0000] {dag.py:2690} INFO - Sync 1 DAGs
[2025-08-27T14:01:05.724+0000] {logging_mixin.py:137} INFO - [2025-08-27T14:01:05.724+0000] {dag.py:3441} INFO - Setting next_dagrun for example_task_group to 2025-08-26T14:01:05.724581+00:00, run_after=2025-08-27T14:01:05.724581+00:00
[2025-08-27T14:01:05.733+0000] {processor.py:175} INFO - Processing /home/airflow/.local/lib/python3.7/site-packages/airflow/example_dags/example_task_group.py took 0.044 seconds
[2025-08-27T14:41:12.284+0000] {processor.py:153} INFO - Started process (PID=22691) to work on /home/airflow/.local/lib/python3.7/site-packages/airflow/example_dags/example_task_group.py
[2025-08-27T14:41:12.285+0000] {processor.py:743} INFO - Processing file /home/airflow/.local/lib/python3.7/site-packages/airflow/example_dags/example_task_group.py for tasks to queue
[2025-08-27T14:41:12.285+0000] {logging_mixin.py:137} INFO - [2025-08-27T14:41:12.285+0000] {dagbag.py:538} INFO - Filling up the DagBag from /home/airflow/.local/lib/python3.7/site-packages/airflow/example_dags/example_task_group.py
[2025-08-27T14:41:12.296+0000] {processor.py:753} INFO - DAG(s) dict_keys(['example_task_group']) retrieved from /home/airflow/.local/lib/python3.7/site-packages/airflow/example_dags/example_task_group.py
[2025-08-27T14:41:12.307+0000] {logging_mixin.py:137} INFO - [2025-08-27T14:41:12.307+0000] {dag.py:2690} INFO - Sync 1 DAGs
[2025-08-27T14:41:12.317+0000] {logging_mixin.py:137} INFO - [2025-08-27T14:41:12.317+0000] {dag.py:3441} INFO - Setting next_dagrun for example_task_group to 2025-08-26T14:41:12.317233+00:00, run_after=2025-08-27T14:41:12.317233+00:00
[2025-08-27T14:41:12.325+0000] {processor.py:175} INFO - Processing /home/airflow/.local/lib/python3.7/site-packages/airflow/example_dags/example_task_group.py took 0.043 seconds
[2025-08-27T14:43:54.035+0000] {processor.py:153} INFO - Started process (PID=22791) to work on /home/airflow/.local/lib/python3.7/site-packages/airflow/example_dags/example_task_group.py
[2025-08-27T14:43:54.036+0000] {processor.py:743} INFO - Processing file /home/airflow/.local/lib/python3.7/site-packages/airflow/example_dags/example_task_group.py for tasks to queue
[2025-08-27T14:43:54.036+0000] {logging_mixin.py:137} INFO - [2025-08-27T14:43:54.036+0000] {dagbag.py:538} INFO - Filling up the DagBag from /home/airflow/.local/lib/python3.7/site-packages/airflow/example_dags/example_task_group.py
[2025-08-27T14:43:54.045+0000] {processor.py:753} INFO - DAG(s) dict_keys(['example_task_group']) retrieved from /home/airflow/.local/lib/python3.7/site-packages/airflow/example_dags/example_task_group.py
[2025-08-27T14:43:54.059+0000] {logging_mixin.py:137} INFO - [2025-08-27T14:43:54.059+0000] {dag.py:2690} INFO - Sync 1 DAGs
[2025-08-27T14:43:54.074+0000] {logging_mixin.py:137} INFO - [2025-08-27T14:43:54.074+0000] {dag.py:3441} INFO - Setting next_dagrun for example_task_group to 2025-08-26T14:43:54.073936+00:00, run_after=2025-08-27T14:43:54.073936+00:00
[2025-08-27T14:43:54.085+0000] {processor.py:175} INFO - Processing /home/airflow/.local/lib/python3.7/site-packages/airflow/example_dags/example_task_group.py took 0.052 seconds
[2025-08-27T14:54:31.442+0000] {processor.py:153} INFO - Started process (PID=22891) to work on /home/airflow/.local/lib/python3.7/site-packages/airflow/example_dags/example_task_group.py
[2025-08-27T14:54:31.443+0000] {processor.py:743} INFO - Processing file /home/airflow/.local/lib/python3.7/site-packages/airflow/example_dags/example_task_group.py for tasks to queue
[2025-08-27T14:54:31.443+0000] {logging_mixin.py:137} INFO - [2025-08-27T14:54:31.443+0000] {dagbag.py:538} INFO - Filling up the DagBag from /home/airflow/.local/lib/python3.7/site-packages/airflow/example_dags/example_task_group.py
[2025-08-27T14:54:31.451+0000] {processor.py:753} INFO - DAG(s) dict_keys(['example_task_group']) retrieved from /home/airflow/.local/lib/python3.7/site-packages/airflow/example_dags/example_task_group.py
[2025-08-27T14:54:31.463+0000] {logging_mixin.py:137} INFO - [2025-08-27T14:54:31.463+0000] {dag.py:2690} INFO - Sync 1 DAGs
[2025-08-27T14:54:31.474+0000] {logging_mixin.py:137} INFO - [2025-08-27T14:54:31.474+0000] {dag.py:3441} INFO - Setting next_dagrun for example_task_group to 2025-08-26T14:54:31.474543+00:00, run_after=2025-08-27T14:54:31.474543+00:00
[2025-08-27T14:54:31.484+0000] {processor.py:175} INFO - Processing /home/airflow/.local/lib/python3.7/site-packages/airflow/example_dags/example_task_group.py took 0.044 seconds
[2025-08-27T15:01:38.732+0000] {processor.py:153} INFO - Started process (PID=22971) to work on /home/airflow/.local/lib/python3.7/site-packages/airflow/example_dags/example_task_group.py
[2025-08-27T15:01:38.733+0000] {processor.py:743} INFO - Processing file /home/airflow/.local/lib/python3.7/site-packages/airflow/example_dags/example_task_group.py for tasks to queue
[2025-08-27T15:01:38.733+0000] {logging_mixin.py:137} INFO - [2025-08-27T15:01:38.733+0000] {dagbag.py:538} INFO - Filling up the DagBag from /home/airflow/.local/lib/python3.7/site-packages/airflow/example_dags/example_task_group.py
[2025-08-27T15:01:38.742+0000] {processor.py:753} INFO - DAG(s) dict_keys(['example_task_group']) retrieved from /home/airflow/.local/lib/python3.7/site-packages/airflow/example_dags/example_task_group.py
[2025-08-27T15:01:38.756+0000] {logging_mixin.py:137} INFO - [2025-08-27T15:01:38.756+0000] {dag.py:2690} INFO - Sync 1 DAGs
[2025-08-27T15:01:38.771+0000] {logging_mixin.py:137} INFO - [2025-08-27T15:01:38.771+0000] {dag.py:3441} INFO - Setting next_dagrun for example_task_group to 2025-08-26T15:01:38.771727+00:00, run_after=2025-08-27T15:01:38.771727+00:00
[2025-08-27T15:01:38.782+0000] {processor.py:175} INFO - Processing /home/airflow/.local/lib/python3.7/site-packages/airflow/example_dags/example_task_group.py took 0.052 seconds
[2025-08-27T15:08:09.317+0000] {processor.py:153} INFO - Started process (PID=23071) to work on /home/airflow/.local/lib/python3.7/site-packages/airflow/example_dags/example_task_group.py
[2025-08-27T15:08:09.318+0000] {processor.py:743} INFO - Processing file /home/airflow/.local/lib/python3.7/site-packages/airflow/example_dags/example_task_group.py for tasks to queue
[2025-08-27T15:08:09.318+0000] {logging_mixin.py:137} INFO - [2025-08-27T15:08:09.318+0000] {dagbag.py:538} INFO - Filling up the DagBag from /home/airflow/.local/lib/python3.7/site-packages/airflow/example_dags/example_task_group.py
[2025-08-27T15:08:09.326+0000] {processor.py:753} INFO - DAG(s) dict_keys(['example_task_group']) retrieved from /home/airflow/.local/lib/python3.7/site-packages/airflow/example_dags/example_task_group.py
[2025-08-27T15:08:09.336+0000] {logging_mixin.py:137} INFO - [2025-08-27T15:08:09.336+0000] {dag.py:2690} INFO - Sync 1 DAGs
[2025-08-27T15:08:09.345+0000] {logging_mixin.py:137} INFO - [2025-08-27T15:08:09.344+0000] {dag.py:3441} INFO - Setting next_dagrun for example_task_group to 2025-08-26T15:08:09.344870+00:00, run_after=2025-08-27T15:08:09.344870+00:00
[2025-08-27T15:08:09.354+0000] {processor.py:175} INFO - Processing /home/airflow/.local/lib/python3.7/site-packages/airflow/example_dags/example_task_group.py took 0.039 seconds
[2025-08-27T15:18:51.911+0000] {processor.py:153} INFO - Started process (PID=23171) to work on /home/airflow/.local/lib/python3.7/site-packages/airflow/example_dags/example_task_group.py
[2025-08-27T15:18:51.911+0000] {processor.py:743} INFO - Processing file /home/airflow/.local/lib/python3.7/site-packages/airflow/example_dags/example_task_group.py for tasks to queue
[2025-08-27T15:18:51.911+0000] {logging_mixin.py:137} INFO - [2025-08-27T15:18:51.911+0000] {dagbag.py:538} INFO - Filling up the DagBag from /home/airflow/.local/lib/python3.7/site-packages/airflow/example_dags/example_task_group.py
[2025-08-27T15:18:51.918+0000] {processor.py:753} INFO - DAG(s) dict_keys(['example_task_group']) retrieved from /home/airflow/.local/lib/python3.7/site-packages/airflow/example_dags/example_task_group.py
[2025-08-27T15:18:51.929+0000] {logging_mixin.py:137} INFO - [2025-08-27T15:18:51.928+0000] {dag.py:2690} INFO - Sync 1 DAGs
[2025-08-27T15:18:51.938+0000] {logging_mixin.py:137} INFO - [2025-08-27T15:18:51.938+0000] {dag.py:3441} INFO - Setting next_dagrun for example_task_group to 2025-08-26T15:18:51.938588+00:00, run_after=2025-08-27T15:18:51.938588+00:00
[2025-08-27T15:18:51.946+0000] {processor.py:175} INFO - Processing /home/airflow/.local/lib/python3.7/site-packages/airflow/example_dags/example_task_group.py took 0.037 seconds
[2025-08-27T15:19:36.657+0000] {processor.py:153} INFO - Started process (PID=23251) to work on /home/airflow/.local/lib/python3.7/site-packages/airflow/example_dags/example_task_group.py
[2025-08-27T15:19:36.657+0000] {processor.py:743} INFO - Processing file /home/airflow/.local/lib/python3.7/site-packages/airflow/example_dags/example_task_group.py for tasks to queue
[2025-08-27T15:19:36.658+0000] {logging_mixin.py:137} INFO - [2025-08-27T15:19:36.658+0000] {dagbag.py:538} INFO - Filling up the DagBag from /home/airflow/.local/lib/python3.7/site-packages/airflow/example_dags/example_task_group.py
[2025-08-27T15:19:36.665+0000] {processor.py:753} INFO - DAG(s) dict_keys(['example_task_group']) retrieved from /home/airflow/.local/lib/python3.7/site-packages/airflow/example_dags/example_task_group.py
[2025-08-27T15:19:36.676+0000] {logging_mixin.py:137} INFO - [2025-08-27T15:19:36.676+0000] {dag.py:2690} INFO - Sync 1 DAGs
[2025-08-27T15:19:36.685+0000] {logging_mixin.py:137} INFO - [2025-08-27T15:19:36.685+0000] {dag.py:3441} INFO - Setting next_dagrun for example_task_group to 2025-08-26T15:19:36.685676+00:00, run_after=2025-08-27T15:19:36.685676+00:00
[2025-08-27T15:19:36.693+0000] {processor.py:175} INFO - Processing /home/airflow/.local/lib/python3.7/site-packages/airflow/example_dags/example_task_group.py took 0.038 seconds
[2025-08-27T15:21:52.625+0000] {processor.py:153} INFO - Started process (PID=23351) to work on /home/airflow/.local/lib/python3.7/site-packages/airflow/example_dags/example_task_group.py
[2025-08-27T15:21:52.625+0000] {processor.py:743} INFO - Processing file /home/airflow/.local/lib/python3.7/site-packages/airflow/example_dags/example_task_group.py for tasks to queue
[2025-08-27T15:21:52.626+0000] {logging_mixin.py:137} INFO - [2025-08-27T15:21:52.626+0000] {dagbag.py:538} INFO - Filling up the DagBag from /home/airflow/.local/lib/python3.7/site-packages/airflow/example_dags/example_task_group.py
[2025-08-27T15:21:52.633+0000] {processor.py:753} INFO - DAG(s) dict_keys(['example_task_group']) retrieved from /home/airflow/.local/lib/python3.7/site-packages/airflow/example_dags/example_task_group.py
[2025-08-27T15:21:52.643+0000] {logging_mixin.py:137} INFO - [2025-08-27T15:21:52.643+0000] {dag.py:2690} INFO - Sync 1 DAGs
[2025-08-27T15:21:52.653+0000] {logging_mixin.py:137} INFO - [2025-08-27T15:21:52.653+0000] {dag.py:3441} INFO - Setting next_dagrun for example_task_group to 2025-08-26T15:21:52.653447+00:00, run_after=2025-08-27T15:21:52.653447+00:00
[2025-08-27T15:21:52.660+0000] {processor.py:175} INFO - Processing /home/airflow/.local/lib/python3.7/site-packages/airflow/example_dags/example_task_group.py took 0.036 seconds
[2025-08-27T15:25:58.319+0000] {processor.py:153} INFO - Started process (PID=23451) to work on /home/airflow/.local/lib/python3.7/site-packages/airflow/example_dags/example_task_group.py
[2025-08-27T15:25:58.320+0000] {processor.py:743} INFO - Processing file /home/airflow/.local/lib/python3.7/site-packages/airflow/example_dags/example_task_group.py for tasks to queue
[2025-08-27T15:25:58.320+0000] {logging_mixin.py:137} INFO - [2025-08-27T15:25:58.320+0000] {dagbag.py:538} INFO - Filling up the DagBag from /home/airflow/.local/lib/python3.7/site-packages/airflow/example_dags/example_task_group.py
[2025-08-27T15:25:58.328+0000] {processor.py:753} INFO - DAG(s) dict_keys(['example_task_group']) retrieved from /home/airflow/.local/lib/python3.7/site-packages/airflow/example_dags/example_task_group.py
[2025-08-27T15:25:58.339+0000] {logging_mixin.py:137} INFO - [2025-08-27T15:25:58.339+0000] {dag.py:2690} INFO - Sync 1 DAGs
[2025-08-27T15:25:58.356+0000] {logging_mixin.py:137} INFO - [2025-08-27T15:25:58.356+0000] {dag.py:3441} INFO - Setting next_dagrun for example_task_group to 2025-08-26T15:25:58.356308+00:00, run_after=2025-08-27T15:25:58.356308+00:00
[2025-08-27T15:25:58.370+0000] {processor.py:175} INFO - Processing /home/airflow/.local/lib/python3.7/site-packages/airflow/example_dags/example_task_group.py took 0.052 seconds
[2025-08-27T16:00:39.717+0000] {processor.py:153} INFO - Started process (PID=23551) to work on /home/airflow/.local/lib/python3.7/site-packages/airflow/example_dags/example_task_group.py
[2025-08-27T16:00:39.717+0000] {processor.py:743} INFO - Processing file /home/airflow/.local/lib/python3.7/site-packages/airflow/example_dags/example_task_group.py for tasks to queue
[2025-08-27T16:00:39.718+0000] {logging_mixin.py:137} INFO - [2025-08-27T16:00:39.718+0000] {dagbag.py:538} INFO - Filling up the DagBag from /home/airflow/.local/lib/python3.7/site-packages/airflow/example_dags/example_task_group.py
[2025-08-27T16:00:39.725+0000] {processor.py:753} INFO - DAG(s) dict_keys(['example_task_group']) retrieved from /home/airflow/.local/lib/python3.7/site-packages/airflow/example_dags/example_task_group.py
[2025-08-27T16:00:39.740+0000] {logging_mixin.py:137} INFO - [2025-08-27T16:00:39.740+0000] {dag.py:2690} INFO - Sync 1 DAGs
[2025-08-27T16:00:39.750+0000] {logging_mixin.py:137} INFO - [2025-08-27T16:00:39.750+0000] {dag.py:3441} INFO - Setting next_dagrun for example_task_group to 2025-08-26T16:00:39.749954+00:00, run_after=2025-08-27T16:00:39.749954+00:00
[2025-08-27T16:00:39.759+0000] {processor.py:175} INFO - Processing /home/airflow/.local/lib/python3.7/site-packages/airflow/example_dags/example_task_group.py took 0.043 seconds
[2025-08-27T16:14:52.782+0000] {processor.py:153} INFO - Started process (PID=23631) to work on /home/airflow/.local/lib/python3.7/site-packages/airflow/example_dags/example_task_group.py
[2025-08-27T16:14:52.783+0000] {processor.py:743} INFO - Processing file /home/airflow/.local/lib/python3.7/site-packages/airflow/example_dags/example_task_group.py for tasks to queue
[2025-08-27T16:14:52.783+0000] {logging_mixin.py:137} INFO - [2025-08-27T16:14:52.783+0000] {dagbag.py:538} INFO - Filling up the DagBag from /home/airflow/.local/lib/python3.7/site-packages/airflow/example_dags/example_task_group.py
[2025-08-27T16:14:52.793+0000] {processor.py:753} INFO - DAG(s) dict_keys(['example_task_group']) retrieved from /home/airflow/.local/lib/python3.7/site-packages/airflow/example_dags/example_task_group.py
[2025-08-27T16:14:52.804+0000] {logging_mixin.py:137} INFO - [2025-08-27T16:14:52.804+0000] {dag.py:2690} INFO - Sync 1 DAGs
[2025-08-27T16:14:52.815+0000] {logging_mixin.py:137} INFO - [2025-08-27T16:14:52.815+0000] {dag.py:3441} INFO - Setting next_dagrun for example_task_group to 2025-08-26T16:14:52.814927+00:00, run_after=2025-08-27T16:14:52.814927+00:00
[2025-08-27T16:14:52.827+0000] {processor.py:175} INFO - Processing /home/airflow/.local/lib/python3.7/site-packages/airflow/example_dags/example_task_group.py took 0.047 seconds
[2025-08-27T16:23:09.944+0000] {processor.py:153} INFO - Started process (PID=23731) to work on /home/airflow/.local/lib/python3.7/site-packages/airflow/example_dags/example_task_group.py
[2025-08-27T16:23:09.945+0000] {processor.py:743} INFO - Processing file /home/airflow/.local/lib/python3.7/site-packages/airflow/example_dags/example_task_group.py for tasks to queue
[2025-08-27T16:23:09.946+0000] {logging_mixin.py:137} INFO - [2025-08-27T16:23:09.945+0000] {dagbag.py:538} INFO - Filling up the DagBag from /home/airflow/.local/lib/python3.7/site-packages/airflow/example_dags/example_task_group.py
[2025-08-27T16:23:09.955+0000] {processor.py:753} INFO - DAG(s) dict_keys(['example_task_group']) retrieved from /home/airflow/.local/lib/python3.7/site-packages/airflow/example_dags/example_task_group.py
[2025-08-27T16:23:09.969+0000] {logging_mixin.py:137} INFO - [2025-08-27T16:23:09.969+0000] {dag.py:2690} INFO - Sync 1 DAGs
[2025-08-27T16:23:09.983+0000] {logging_mixin.py:137} INFO - [2025-08-27T16:23:09.983+0000] {dag.py:3441} INFO - Setting next_dagrun for example_task_group to 2025-08-26T16:23:09.982870+00:00, run_after=2025-08-27T16:23:09.982870+00:00
[2025-08-27T16:23:09.994+0000] {processor.py:175} INFO - Processing /home/airflow/.local/lib/python3.7/site-packages/airflow/example_dags/example_task_group.py took 0.052 seconds
[2025-08-27T16:24:53.790+0000] {processor.py:153} INFO - Started process (PID=23831) to work on /home/airflow/.local/lib/python3.7/site-packages/airflow/example_dags/example_task_group.py
[2025-08-27T16:24:53.791+0000] {processor.py:743} INFO - Processing file /home/airflow/.local/lib/python3.7/site-packages/airflow/example_dags/example_task_group.py for tasks to queue
[2025-08-27T16:24:53.791+0000] {logging_mixin.py:137} INFO - [2025-08-27T16:24:53.791+0000] {dagbag.py:538} INFO - Filling up the DagBag from /home/airflow/.local/lib/python3.7/site-packages/airflow/example_dags/example_task_group.py
[2025-08-27T16:24:53.799+0000] {processor.py:753} INFO - DAG(s) dict_keys(['example_task_group']) retrieved from /home/airflow/.local/lib/python3.7/site-packages/airflow/example_dags/example_task_group.py
[2025-08-27T16:24:53.810+0000] {logging_mixin.py:137} INFO - [2025-08-27T16:24:53.810+0000] {dag.py:2690} INFO - Sync 1 DAGs
[2025-08-27T16:24:53.819+0000] {logging_mixin.py:137} INFO - [2025-08-27T16:24:53.819+0000] {dag.py:3441} INFO - Setting next_dagrun for example_task_group to 2025-08-26T16:24:53.819548+00:00, run_after=2025-08-27T16:24:53.819548+00:00
[2025-08-27T16:24:53.826+0000] {processor.py:175} INFO - Processing /home/airflow/.local/lib/python3.7/site-packages/airflow/example_dags/example_task_group.py took 0.038 seconds
[2025-08-27T16:30:06.839+0000] {processor.py:153} INFO - Started process (PID=23931) to work on /home/airflow/.local/lib/python3.7/site-packages/airflow/example_dags/example_task_group.py
[2025-08-27T16:30:06.839+0000] {processor.py:743} INFO - Processing file /home/airflow/.local/lib/python3.7/site-packages/airflow/example_dags/example_task_group.py for tasks to queue
[2025-08-27T16:30:06.840+0000] {logging_mixin.py:137} INFO - [2025-08-27T16:30:06.840+0000] {dagbag.py:538} INFO - Filling up the DagBag from /home/airflow/.local/lib/python3.7/site-packages/airflow/example_dags/example_task_group.py
[2025-08-27T16:30:06.856+0000] {processor.py:753} INFO - DAG(s) dict_keys(['example_task_group']) retrieved from /home/airflow/.local/lib/python3.7/site-packages/airflow/example_dags/example_task_group.py
[2025-08-27T16:30:06.876+0000] {logging_mixin.py:137} INFO - [2025-08-27T16:30:06.876+0000] {dag.py:2690} INFO - Sync 1 DAGs
[2025-08-27T16:30:06.892+0000] {logging_mixin.py:137} INFO - [2025-08-27T16:30:06.892+0000] {dag.py:3441} INFO - Setting next_dagrun for example_task_group to 2025-08-26T16:30:06.892308+00:00, run_after=2025-08-27T16:30:06.892308+00:00
[2025-08-27T16:30:06.905+0000] {processor.py:175} INFO - Processing /home/airflow/.local/lib/python3.7/site-packages/airflow/example_dags/example_task_group.py took 0.068 seconds
[2025-08-27T16:44:02.490+0000] {processor.py:153} INFO - Started process (PID=24011) to work on /home/airflow/.local/lib/python3.7/site-packages/airflow/example_dags/example_task_group.py
[2025-08-27T16:44:02.491+0000] {processor.py:743} INFO - Processing file /home/airflow/.local/lib/python3.7/site-packages/airflow/example_dags/example_task_group.py for tasks to queue
[2025-08-27T16:44:02.492+0000] {logging_mixin.py:137} INFO - [2025-08-27T16:44:02.492+0000] {dagbag.py:538} INFO - Filling up the DagBag from /home/airflow/.local/lib/python3.7/site-packages/airflow/example_dags/example_task_group.py
[2025-08-27T16:44:02.502+0000] {processor.py:753} INFO - DAG(s) dict_keys(['example_task_group']) retrieved from /home/airflow/.local/lib/python3.7/site-packages/airflow/example_dags/example_task_group.py
[2025-08-27T16:44:02.518+0000] {logging_mixin.py:137} INFO - [2025-08-27T16:44:02.518+0000] {dag.py:2690} INFO - Sync 1 DAGs
[2025-08-27T16:44:02.535+0000] {logging_mixin.py:137} INFO - [2025-08-27T16:44:02.535+0000] {dag.py:3441} INFO - Setting next_dagrun for example_task_group to 2025-08-26T16:44:02.535255+00:00, run_after=2025-08-27T16:44:02.535255+00:00
[2025-08-27T16:44:02.547+0000] {processor.py:175} INFO - Processing /home/airflow/.local/lib/python3.7/site-packages/airflow/example_dags/example_task_group.py took 0.059 seconds
[2025-08-27T18:19:17.077+0000] {processor.py:153} INFO - Started process (PID=24111) to work on /home/airflow/.local/lib/python3.7/site-packages/airflow/example_dags/example_task_group.py
[2025-08-27T18:19:17.078+0000] {processor.py:743} INFO - Processing file /home/airflow/.local/lib/python3.7/site-packages/airflow/example_dags/example_task_group.py for tasks to queue
[2025-08-27T18:19:17.079+0000] {logging_mixin.py:137} INFO - [2025-08-27T18:19:17.079+0000] {dagbag.py:538} INFO - Filling up the DagBag from /home/airflow/.local/lib/python3.7/site-packages/airflow/example_dags/example_task_group.py
[2025-08-27T18:19:17.090+0000] {processor.py:753} INFO - DAG(s) dict_keys(['example_task_group']) retrieved from /home/airflow/.local/lib/python3.7/site-packages/airflow/example_dags/example_task_group.py
[2025-08-27T18:19:17.104+0000] {logging_mixin.py:137} INFO - [2025-08-27T18:19:17.104+0000] {dag.py:2690} INFO - Sync 1 DAGs
[2025-08-27T18:19:17.118+0000] {logging_mixin.py:137} INFO - [2025-08-27T18:19:17.118+0000] {dag.py:3441} INFO - Setting next_dagrun for example_task_group to 2025-08-26T18:19:17.117577+00:00, run_after=2025-08-27T18:19:17.117577+00:00
[2025-08-27T18:19:17.136+0000] {processor.py:175} INFO - Processing /home/airflow/.local/lib/python3.7/site-packages/airflow/example_dags/example_task_group.py took 0.061 seconds
[2025-08-27T19:39:49.549+0000] {processor.py:153} INFO - Started process (PID=24211) to work on /home/airflow/.local/lib/python3.7/site-packages/airflow/example_dags/example_task_group.py
[2025-08-27T19:39:49.553+0000] {processor.py:743} INFO - Processing file /home/airflow/.local/lib/python3.7/site-packages/airflow/example_dags/example_task_group.py for tasks to queue
[2025-08-27T19:39:49.553+0000] {logging_mixin.py:137} INFO - [2025-08-27T19:39:49.553+0000] {dagbag.py:538} INFO - Filling up the DagBag from /home/airflow/.local/lib/python3.7/site-packages/airflow/example_dags/example_task_group.py
[2025-08-27T19:39:49.563+0000] {processor.py:753} INFO - DAG(s) dict_keys(['example_task_group']) retrieved from /home/airflow/.local/lib/python3.7/site-packages/airflow/example_dags/example_task_group.py
[2025-08-27T19:39:49.579+0000] {logging_mixin.py:137} INFO - [2025-08-27T19:39:49.579+0000] {dag.py:2690} INFO - Sync 1 DAGs
[2025-08-27T19:39:49.593+0000] {logging_mixin.py:137} INFO - [2025-08-27T19:39:49.593+0000] {dag.py:3441} INFO - Setting next_dagrun for example_task_group to 2025-08-26T19:39:49.592912+00:00, run_after=2025-08-27T19:39:49.592912+00:00
[2025-08-27T19:39:49.607+0000] {processor.py:175} INFO - Processing /home/airflow/.local/lib/python3.7/site-packages/airflow/example_dags/example_task_group.py took 0.060 seconds
[2025-08-27T21:01:24.105+0000] {processor.py:153} INFO - Started process (PID=24291) to work on /home/airflow/.local/lib/python3.7/site-packages/airflow/example_dags/example_task_group.py
[2025-08-27T21:01:24.106+0000] {processor.py:743} INFO - Processing file /home/airflow/.local/lib/python3.7/site-packages/airflow/example_dags/example_task_group.py for tasks to queue
[2025-08-27T21:01:24.106+0000] {logging_mixin.py:137} INFO - [2025-08-27T21:01:24.106+0000] {dagbag.py:538} INFO - Filling up the DagBag from /home/airflow/.local/lib/python3.7/site-packages/airflow/example_dags/example_task_group.py
[2025-08-27T21:01:24.124+0000] {processor.py:753} INFO - DAG(s) dict_keys(['example_task_group']) retrieved from /home/airflow/.local/lib/python3.7/site-packages/airflow/example_dags/example_task_group.py
[2025-08-27T21:01:24.148+0000] {logging_mixin.py:137} INFO - [2025-08-27T21:01:24.148+0000] {dag.py:2690} INFO - Sync 1 DAGs
[2025-08-27T21:01:24.169+0000] {logging_mixin.py:137} INFO - [2025-08-27T21:01:24.169+0000] {dag.py:3441} INFO - Setting next_dagrun for example_task_group to 2025-08-26T21:01:24.168942+00:00, run_after=2025-08-27T21:01:24.168942+00:00
[2025-08-27T21:01:24.181+0000] {processor.py:175} INFO - Processing /home/airflow/.local/lib/python3.7/site-packages/airflow/example_dags/example_task_group.py took 0.079 seconds
[2025-08-27T21:51:49.475+0000] {processor.py:153} INFO - Started process (PID=24391) to work on /home/airflow/.local/lib/python3.7/site-packages/airflow/example_dags/example_task_group.py
[2025-08-27T21:51:49.476+0000] {processor.py:743} INFO - Processing file /home/airflow/.local/lib/python3.7/site-packages/airflow/example_dags/example_task_group.py for tasks to queue
[2025-08-27T21:51:49.478+0000] {logging_mixin.py:137} INFO - [2025-08-27T21:51:49.478+0000] {dagbag.py:538} INFO - Filling up the DagBag from /home/airflow/.local/lib/python3.7/site-packages/airflow/example_dags/example_task_group.py
[2025-08-27T21:51:49.487+0000] {processor.py:753} INFO - DAG(s) dict_keys(['example_task_group']) retrieved from /home/airflow/.local/lib/python3.7/site-packages/airflow/example_dags/example_task_group.py
[2025-08-27T21:51:49.501+0000] {logging_mixin.py:137} INFO - [2025-08-27T21:51:49.501+0000] {dag.py:2690} INFO - Sync 1 DAGs
[2025-08-27T21:51:49.512+0000] {logging_mixin.py:137} INFO - [2025-08-27T21:51:49.512+0000] {dag.py:3441} INFO - Setting next_dagrun for example_task_group to 2025-08-26T21:51:49.512358+00:00, run_after=2025-08-27T21:51:49.512358+00:00
[2025-08-27T21:51:49.523+0000] {processor.py:175} INFO - Processing /home/airflow/.local/lib/python3.7/site-packages/airflow/example_dags/example_task_group.py took 0.050 seconds
[2025-08-27T23:29:05.579+0000] {processor.py:153} INFO - Started process (PID=24491) to work on /home/airflow/.local/lib/python3.7/site-packages/airflow/example_dags/example_task_group.py
[2025-08-27T23:29:05.580+0000] {processor.py:743} INFO - Processing file /home/airflow/.local/lib/python3.7/site-packages/airflow/example_dags/example_task_group.py for tasks to queue
[2025-08-27T23:29:05.580+0000] {logging_mixin.py:137} INFO - [2025-08-27T23:29:05.580+0000] {dagbag.py:538} INFO - Filling up the DagBag from /home/airflow/.local/lib/python3.7/site-packages/airflow/example_dags/example_task_group.py
[2025-08-27T23:29:05.587+0000] {processor.py:753} INFO - DAG(s) dict_keys(['example_task_group']) retrieved from /home/airflow/.local/lib/python3.7/site-packages/airflow/example_dags/example_task_group.py
[2025-08-27T23:29:05.598+0000] {logging_mixin.py:137} INFO - [2025-08-27T23:29:05.598+0000] {dag.py:2690} INFO - Sync 1 DAGs
[2025-08-27T23:29:05.608+0000] {logging_mixin.py:137} INFO - [2025-08-27T23:29:05.608+0000] {dag.py:3441} INFO - Setting next_dagrun for example_task_group to 2025-08-26T23:29:05.607881+00:00, run_after=2025-08-27T23:29:05.607881+00:00
[2025-08-27T23:29:05.615+0000] {processor.py:175} INFO - Processing /home/airflow/.local/lib/python3.7/site-packages/airflow/example_dags/example_task_group.py took 0.037 seconds
