[2025-08-27T00:46:29.624+0000] {processor.py:153} INFO - Started process (PID=19504) to work on /home/airflow/.local/lib/python3.7/site-packages/airflow/example_dags/example_nested_branch_dag.py
[2025-08-27T00:46:29.625+0000] {processor.py:743} INFO - Processing file /home/airflow/.local/lib/python3.7/site-packages/airflow/example_dags/example_nested_branch_dag.py for tasks to queue
[2025-08-27T00:46:29.625+0000] {logging_mixin.py:137} INFO - [2025-08-27T00:46:29.625+0000] {dagbag.py:538} INFO - Filling up the DagBag from /home/airflow/.local/lib/python3.7/site-packages/airflow/example_dags/example_nested_branch_dag.py
[2025-08-27T00:46:29.638+0000] {processor.py:753} INFO - DAG(s) dict_keys(['example_nested_branch_dag']) retrieved from /home/airflow/.local/lib/python3.7/site-packages/airflow/example_dags/example_nested_branch_dag.py
[2025-08-27T00:46:29.650+0000] {logging_mixin.py:137} INFO - [2025-08-27T00:46:29.650+0000] {dag.py:2690} INFO - Sync 1 DAGs
[2025-08-27T00:46:29.664+0000] {logging_mixin.py:137} INFO - [2025-08-27T00:46:29.664+0000] {dag.py:3441} INFO - Setting next_dagrun for example_nested_branch_dag to 2025-08-26T00:00:00+00:00, run_after=2025-08-27T00:00:00+00:00
[2025-08-27T00:46:29.674+0000] {processor.py:175} INFO - Processing /home/airflow/.local/lib/python3.7/site-packages/airflow/example_dags/example_nested_branch_dag.py took 0.052 seconds
[2025-08-27T02:21:51.403+0000] {processor.py:153} INFO - Started process (PID=19584) to work on /home/airflow/.local/lib/python3.7/site-packages/airflow/example_dags/example_nested_branch_dag.py
[2025-08-27T02:21:51.403+0000] {processor.py:743} INFO - Processing file /home/airflow/.local/lib/python3.7/site-packages/airflow/example_dags/example_nested_branch_dag.py for tasks to queue
[2025-08-27T02:21:51.404+0000] {logging_mixin.py:137} INFO - [2025-08-27T02:21:51.404+0000] {dagbag.py:538} INFO - Filling up the DagBag from /home/airflow/.local/lib/python3.7/site-packages/airflow/example_dags/example_nested_branch_dag.py
[2025-08-27T02:21:51.414+0000] {processor.py:753} INFO - DAG(s) dict_keys(['example_nested_branch_dag']) retrieved from /home/airflow/.local/lib/python3.7/site-packages/airflow/example_dags/example_nested_branch_dag.py
[2025-08-27T02:21:51.425+0000] {logging_mixin.py:137} INFO - [2025-08-27T02:21:51.425+0000] {dag.py:2690} INFO - Sync 1 DAGs
[2025-08-27T02:21:51.434+0000] {logging_mixin.py:137} INFO - [2025-08-27T02:21:51.434+0000] {dag.py:3441} INFO - Setting next_dagrun for example_nested_branch_dag to 2025-08-26T00:00:00+00:00, run_after=2025-08-27T00:00:00+00:00
[2025-08-27T02:21:51.441+0000] {processor.py:175} INFO - Processing /home/airflow/.local/lib/python3.7/site-packages/airflow/example_dags/example_nested_branch_dag.py took 0.039 seconds
[2025-08-27T02:37:30.209+0000] {processor.py:153} INFO - Started process (PID=19684) to work on /home/airflow/.local/lib/python3.7/site-packages/airflow/example_dags/example_nested_branch_dag.py
[2025-08-27T02:37:30.210+0000] {processor.py:743} INFO - Processing file /home/airflow/.local/lib/python3.7/site-packages/airflow/example_dags/example_nested_branch_dag.py for tasks to queue
[2025-08-27T02:37:30.210+0000] {logging_mixin.py:137} INFO - [2025-08-27T02:37:30.210+0000] {dagbag.py:538} INFO - Filling up the DagBag from /home/airflow/.local/lib/python3.7/site-packages/airflow/example_dags/example_nested_branch_dag.py
[2025-08-27T02:37:30.223+0000] {processor.py:753} INFO - DAG(s) dict_keys(['example_nested_branch_dag']) retrieved from /home/airflow/.local/lib/python3.7/site-packages/airflow/example_dags/example_nested_branch_dag.py
[2025-08-27T02:37:30.237+0000] {logging_mixin.py:137} INFO - [2025-08-27T02:37:30.237+0000] {dag.py:2690} INFO - Sync 1 DAGs
[2025-08-27T02:37:30.256+0000] {logging_mixin.py:137} INFO - [2025-08-27T02:37:30.256+0000] {dag.py:3441} INFO - Setting next_dagrun for example_nested_branch_dag to 2025-08-26T00:00:00+00:00, run_after=2025-08-27T00:00:00+00:00
[2025-08-27T02:37:30.272+0000] {processor.py:175} INFO - Processing /home/airflow/.local/lib/python3.7/site-packages/airflow/example_dags/example_nested_branch_dag.py took 0.064 seconds
[2025-08-27T03:02:26.451+0000] {processor.py:153} INFO - Started process (PID=19784) to work on /home/airflow/.local/lib/python3.7/site-packages/airflow/example_dags/example_nested_branch_dag.py
[2025-08-27T03:02:26.451+0000] {processor.py:743} INFO - Processing file /home/airflow/.local/lib/python3.7/site-packages/airflow/example_dags/example_nested_branch_dag.py for tasks to queue
[2025-08-27T03:02:26.451+0000] {logging_mixin.py:137} INFO - [2025-08-27T03:02:26.451+0000] {dagbag.py:538} INFO - Filling up the DagBag from /home/airflow/.local/lib/python3.7/site-packages/airflow/example_dags/example_nested_branch_dag.py
[2025-08-27T03:02:26.461+0000] {processor.py:753} INFO - DAG(s) dict_keys(['example_nested_branch_dag']) retrieved from /home/airflow/.local/lib/python3.7/site-packages/airflow/example_dags/example_nested_branch_dag.py
[2025-08-27T03:02:26.471+0000] {logging_mixin.py:137} INFO - [2025-08-27T03:02:26.471+0000] {dag.py:2690} INFO - Sync 1 DAGs
[2025-08-27T03:02:26.482+0000] {logging_mixin.py:137} INFO - [2025-08-27T03:02:26.482+0000] {dag.py:3441} INFO - Setting next_dagrun for example_nested_branch_dag to 2025-08-26T00:00:00+00:00, run_after=2025-08-27T00:00:00+00:00
[2025-08-27T03:02:26.489+0000] {processor.py:175} INFO - Processing /home/airflow/.local/lib/python3.7/site-packages/airflow/example_dags/example_nested_branch_dag.py took 0.039 seconds
[2025-08-27T03:13:53.813+0000] {processor.py:153} INFO - Started process (PID=19883) to work on /home/airflow/.local/lib/python3.7/site-packages/airflow/example_dags/example_nested_branch_dag.py
[2025-08-27T03:13:53.814+0000] {processor.py:743} INFO - Processing file /home/airflow/.local/lib/python3.7/site-packages/airflow/example_dags/example_nested_branch_dag.py for tasks to queue
[2025-08-27T03:13:53.814+0000] {logging_mixin.py:137} INFO - [2025-08-27T03:13:53.814+0000] {dagbag.py:538} INFO - Filling up the DagBag from /home/airflow/.local/lib/python3.7/site-packages/airflow/example_dags/example_nested_branch_dag.py
[2025-08-27T03:13:53.825+0000] {processor.py:753} INFO - DAG(s) dict_keys(['example_nested_branch_dag']) retrieved from /home/airflow/.local/lib/python3.7/site-packages/airflow/example_dags/example_nested_branch_dag.py
[2025-08-27T03:13:53.835+0000] {logging_mixin.py:137} INFO - [2025-08-27T03:13:53.835+0000] {dag.py:2690} INFO - Sync 1 DAGs
[2025-08-27T03:13:53.845+0000] {logging_mixin.py:137} INFO - [2025-08-27T03:13:53.845+0000] {dag.py:3441} INFO - Setting next_dagrun for example_nested_branch_dag to 2025-08-26T00:00:00+00:00, run_after=2025-08-27T00:00:00+00:00
[2025-08-27T03:13:53.852+0000] {processor.py:175} INFO - Processing /home/airflow/.local/lib/python3.7/site-packages/airflow/example_dags/example_nested_branch_dag.py took 0.041 seconds
[2025-08-27T03:33:09.576+0000] {processor.py:153} INFO - Started process (PID=19963) to work on /home/airflow/.local/lib/python3.7/site-packages/airflow/example_dags/example_nested_branch_dag.py
[2025-08-27T03:33:09.576+0000] {processor.py:743} INFO - Processing file /home/airflow/.local/lib/python3.7/site-packages/airflow/example_dags/example_nested_branch_dag.py for tasks to queue
[2025-08-27T03:33:09.576+0000] {logging_mixin.py:137} INFO - [2025-08-27T03:33:09.576+0000] {dagbag.py:538} INFO - Filling up the DagBag from /home/airflow/.local/lib/python3.7/site-packages/airflow/example_dags/example_nested_branch_dag.py
[2025-08-27T03:33:09.588+0000] {processor.py:753} INFO - DAG(s) dict_keys(['example_nested_branch_dag']) retrieved from /home/airflow/.local/lib/python3.7/site-packages/airflow/example_dags/example_nested_branch_dag.py
[2025-08-27T03:33:09.600+0000] {logging_mixin.py:137} INFO - [2025-08-27T03:33:09.600+0000] {dag.py:2690} INFO - Sync 1 DAGs
[2025-08-27T03:33:09.611+0000] {logging_mixin.py:137} INFO - [2025-08-27T03:33:09.611+0000] {dag.py:3441} INFO - Setting next_dagrun for example_nested_branch_dag to 2025-08-26T00:00:00+00:00, run_after=2025-08-27T00:00:00+00:00
[2025-08-27T03:33:09.618+0000] {processor.py:175} INFO - Processing /home/airflow/.local/lib/python3.7/site-packages/airflow/example_dags/example_nested_branch_dag.py took 0.045 seconds
[2025-08-27T04:45:10.525+0000] {processor.py:153} INFO - Started process (PID=20063) to work on /home/airflow/.local/lib/python3.7/site-packages/airflow/example_dags/example_nested_branch_dag.py
[2025-08-27T04:45:10.525+0000] {processor.py:743} INFO - Processing file /home/airflow/.local/lib/python3.7/site-packages/airflow/example_dags/example_nested_branch_dag.py for tasks to queue
[2025-08-27T04:45:10.527+0000] {logging_mixin.py:137} INFO - [2025-08-27T04:45:10.527+0000] {dagbag.py:538} INFO - Filling up the DagBag from /home/airflow/.local/lib/python3.7/site-packages/airflow/example_dags/example_nested_branch_dag.py
[2025-08-27T04:45:10.537+0000] {processor.py:753} INFO - DAG(s) dict_keys(['example_nested_branch_dag']) retrieved from /home/airflow/.local/lib/python3.7/site-packages/airflow/example_dags/example_nested_branch_dag.py
[2025-08-27T04:45:10.549+0000] {logging_mixin.py:137} INFO - [2025-08-27T04:45:10.548+0000] {dag.py:2690} INFO - Sync 1 DAGs
[2025-08-27T04:45:10.560+0000] {logging_mixin.py:137} INFO - [2025-08-27T04:45:10.560+0000] {dag.py:3441} INFO - Setting next_dagrun for example_nested_branch_dag to 2025-08-26T00:00:00+00:00, run_after=2025-08-27T00:00:00+00:00
[2025-08-27T04:45:10.569+0000] {processor.py:175} INFO - Processing /home/airflow/.local/lib/python3.7/site-packages/airflow/example_dags/example_nested_branch_dag.py took 0.046 seconds
[2025-08-27T04:49:56.063+0000] {processor.py:153} INFO - Started process (PID=20163) to work on /home/airflow/.local/lib/python3.7/site-packages/airflow/example_dags/example_nested_branch_dag.py
[2025-08-27T04:49:56.064+0000] {processor.py:743} INFO - Processing file /home/airflow/.local/lib/python3.7/site-packages/airflow/example_dags/example_nested_branch_dag.py for tasks to queue
[2025-08-27T04:49:56.064+0000] {logging_mixin.py:137} INFO - [2025-08-27T04:49:56.064+0000] {dagbag.py:538} INFO - Filling up the DagBag from /home/airflow/.local/lib/python3.7/site-packages/airflow/example_dags/example_nested_branch_dag.py
[2025-08-27T04:49:56.085+0000] {processor.py:753} INFO - DAG(s) dict_keys(['example_nested_branch_dag']) retrieved from /home/airflow/.local/lib/python3.7/site-packages/airflow/example_dags/example_nested_branch_dag.py
[2025-08-27T04:49:56.100+0000] {logging_mixin.py:137} INFO - [2025-08-27T04:49:56.100+0000] {dag.py:2690} INFO - Sync 1 DAGs
[2025-08-27T04:49:56.112+0000] {logging_mixin.py:137} INFO - [2025-08-27T04:49:56.112+0000] {dag.py:3441} INFO - Setting next_dagrun for example_nested_branch_dag to 2025-08-26T00:00:00+00:00, run_after=2025-08-27T00:00:00+00:00
[2025-08-27T04:49:56.119+0000] {processor.py:175} INFO - Processing /home/airflow/.local/lib/python3.7/site-packages/airflow/example_dags/example_nested_branch_dag.py took 0.057 seconds
[2025-08-27T05:35:09.297+0000] {processor.py:153} INFO - Started process (PID=20243) to work on /home/airflow/.local/lib/python3.7/site-packages/airflow/example_dags/example_nested_branch_dag.py
[2025-08-27T05:35:09.297+0000] {processor.py:743} INFO - Processing file /home/airflow/.local/lib/python3.7/site-packages/airflow/example_dags/example_nested_branch_dag.py for tasks to queue
[2025-08-27T05:35:09.297+0000] {logging_mixin.py:137} INFO - [2025-08-27T05:35:09.297+0000] {dagbag.py:538} INFO - Filling up the DagBag from /home/airflow/.local/lib/python3.7/site-packages/airflow/example_dags/example_nested_branch_dag.py
[2025-08-27T05:35:09.310+0000] {processor.py:753} INFO - DAG(s) dict_keys(['example_nested_branch_dag']) retrieved from /home/airflow/.local/lib/python3.7/site-packages/airflow/example_dags/example_nested_branch_dag.py
[2025-08-27T05:35:09.323+0000] {logging_mixin.py:137} INFO - [2025-08-27T05:35:09.323+0000] {dag.py:2690} INFO - Sync 1 DAGs
[2025-08-27T05:35:09.333+0000] {logging_mixin.py:137} INFO - [2025-08-27T05:35:09.333+0000] {dag.py:3441} INFO - Setting next_dagrun for example_nested_branch_dag to 2025-08-26T00:00:00+00:00, run_after=2025-08-27T00:00:00+00:00
[2025-08-27T05:35:09.340+0000] {processor.py:175} INFO - Processing /home/airflow/.local/lib/python3.7/site-packages/airflow/example_dags/example_nested_branch_dag.py took 0.046 seconds
[2025-08-27T06:12:37.520+0000] {processor.py:153} INFO - Started process (PID=20343) to work on /home/airflow/.local/lib/python3.7/site-packages/airflow/example_dags/example_nested_branch_dag.py
[2025-08-27T06:12:37.520+0000] {processor.py:743} INFO - Processing file /home/airflow/.local/lib/python3.7/site-packages/airflow/example_dags/example_nested_branch_dag.py for tasks to queue
[2025-08-27T06:12:37.520+0000] {logging_mixin.py:137} INFO - [2025-08-27T06:12:37.520+0000] {dagbag.py:538} INFO - Filling up the DagBag from /home/airflow/.local/lib/python3.7/site-packages/airflow/example_dags/example_nested_branch_dag.py
[2025-08-27T06:12:37.536+0000] {processor.py:753} INFO - DAG(s) dict_keys(['example_nested_branch_dag']) retrieved from /home/airflow/.local/lib/python3.7/site-packages/airflow/example_dags/example_nested_branch_dag.py
[2025-08-27T06:12:37.547+0000] {logging_mixin.py:137} INFO - [2025-08-27T06:12:37.547+0000] {dag.py:2690} INFO - Sync 1 DAGs
[2025-08-27T06:12:37.559+0000] {logging_mixin.py:137} INFO - [2025-08-27T06:12:37.559+0000] {dag.py:3441} INFO - Setting next_dagrun for example_nested_branch_dag to 2025-08-26T00:00:00+00:00, run_after=2025-08-27T00:00:00+00:00
[2025-08-27T06:12:37.567+0000] {processor.py:175} INFO - Processing /home/airflow/.local/lib/python3.7/site-packages/airflow/example_dags/example_nested_branch_dag.py took 0.049 seconds
[2025-08-27T06:55:19.016+0000] {processor.py:153} INFO - Started process (PID=20443) to work on /home/airflow/.local/lib/python3.7/site-packages/airflow/example_dags/example_nested_branch_dag.py
[2025-08-27T06:55:19.016+0000] {processor.py:743} INFO - Processing file /home/airflow/.local/lib/python3.7/site-packages/airflow/example_dags/example_nested_branch_dag.py for tasks to queue
[2025-08-27T06:55:19.016+0000] {logging_mixin.py:137} INFO - [2025-08-27T06:55:19.016+0000] {dagbag.py:538} INFO - Filling up the DagBag from /home/airflow/.local/lib/python3.7/site-packages/airflow/example_dags/example_nested_branch_dag.py
[2025-08-27T06:55:19.026+0000] {processor.py:753} INFO - DAG(s) dict_keys(['example_nested_branch_dag']) retrieved from /home/airflow/.local/lib/python3.7/site-packages/airflow/example_dags/example_nested_branch_dag.py
[2025-08-27T06:55:19.037+0000] {logging_mixin.py:137} INFO - [2025-08-27T06:55:19.037+0000] {dag.py:2690} INFO - Sync 1 DAGs
[2025-08-27T06:55:19.046+0000] {logging_mixin.py:137} INFO - [2025-08-27T06:55:19.046+0000] {dag.py:3441} INFO - Setting next_dagrun for example_nested_branch_dag to 2025-08-26T00:00:00+00:00, run_after=2025-08-27T00:00:00+00:00
[2025-08-27T06:55:19.052+0000] {processor.py:175} INFO - Processing /home/airflow/.local/lib/python3.7/site-packages/airflow/example_dags/example_nested_branch_dag.py took 0.038 seconds
[2025-08-27T07:53:52.403+0000] {processor.py:153} INFO - Started process (PID=20543) to work on /home/airflow/.local/lib/python3.7/site-packages/airflow/example_dags/example_nested_branch_dag.py
[2025-08-27T07:53:52.403+0000] {processor.py:743} INFO - Processing file /home/airflow/.local/lib/python3.7/site-packages/airflow/example_dags/example_nested_branch_dag.py for tasks to queue
[2025-08-27T07:53:52.404+0000] {logging_mixin.py:137} INFO - [2025-08-27T07:53:52.404+0000] {dagbag.py:538} INFO - Filling up the DagBag from /home/airflow/.local/lib/python3.7/site-packages/airflow/example_dags/example_nested_branch_dag.py
[2025-08-27T07:53:52.414+0000] {processor.py:753} INFO - DAG(s) dict_keys(['example_nested_branch_dag']) retrieved from /home/airflow/.local/lib/python3.7/site-packages/airflow/example_dags/example_nested_branch_dag.py
[2025-08-27T07:53:52.426+0000] {logging_mixin.py:137} INFO - [2025-08-27T07:53:52.426+0000] {dag.py:2690} INFO - Sync 1 DAGs
[2025-08-27T07:53:52.437+0000] {logging_mixin.py:137} INFO - [2025-08-27T07:53:52.437+0000] {dag.py:3441} INFO - Setting next_dagrun for example_nested_branch_dag to 2025-08-26T00:00:00+00:00, run_after=2025-08-27T00:00:00+00:00
[2025-08-27T07:53:52.445+0000] {processor.py:175} INFO - Processing /home/airflow/.local/lib/python3.7/site-packages/airflow/example_dags/example_nested_branch_dag.py took 0.043 seconds
[2025-08-27T08:23:39.664+0000] {processor.py:153} INFO - Started process (PID=20623) to work on /home/airflow/.local/lib/python3.7/site-packages/airflow/example_dags/example_nested_branch_dag.py
[2025-08-27T08:23:39.665+0000] {processor.py:743} INFO - Processing file /home/airflow/.local/lib/python3.7/site-packages/airflow/example_dags/example_nested_branch_dag.py for tasks to queue
[2025-08-27T08:23:39.665+0000] {logging_mixin.py:137} INFO - [2025-08-27T08:23:39.665+0000] {dagbag.py:538} INFO - Filling up the DagBag from /home/airflow/.local/lib/python3.7/site-packages/airflow/example_dags/example_nested_branch_dag.py
[2025-08-27T08:23:39.676+0000] {processor.py:753} INFO - DAG(s) dict_keys(['example_nested_branch_dag']) retrieved from /home/airflow/.local/lib/python3.7/site-packages/airflow/example_dags/example_nested_branch_dag.py
[2025-08-27T08:23:39.688+0000] {logging_mixin.py:137} INFO - [2025-08-27T08:23:39.688+0000] {dag.py:2690} INFO - Sync 1 DAGs
[2025-08-27T08:23:39.700+0000] {logging_mixin.py:137} INFO - [2025-08-27T08:23:39.700+0000] {dag.py:3441} INFO - Setting next_dagrun for example_nested_branch_dag to 2025-08-26T00:00:00+00:00, run_after=2025-08-27T00:00:00+00:00
[2025-08-27T08:23:39.708+0000] {processor.py:175} INFO - Processing /home/airflow/.local/lib/python3.7/site-packages/airflow/example_dags/example_nested_branch_dag.py took 0.045 seconds
[2025-08-27T09:35:50.867+0000] {processor.py:153} INFO - Started process (PID=20723) to work on /home/airflow/.local/lib/python3.7/site-packages/airflow/example_dags/example_nested_branch_dag.py
[2025-08-27T09:35:50.868+0000] {processor.py:743} INFO - Processing file /home/airflow/.local/lib/python3.7/site-packages/airflow/example_dags/example_nested_branch_dag.py for tasks to queue
[2025-08-27T09:35:50.868+0000] {logging_mixin.py:137} INFO - [2025-08-27T09:35:50.868+0000] {dagbag.py:538} INFO - Filling up the DagBag from /home/airflow/.local/lib/python3.7/site-packages/airflow/example_dags/example_nested_branch_dag.py
[2025-08-27T09:35:50.878+0000] {processor.py:753} INFO - DAG(s) dict_keys(['example_nested_branch_dag']) retrieved from /home/airflow/.local/lib/python3.7/site-packages/airflow/example_dags/example_nested_branch_dag.py
[2025-08-27T09:35:50.890+0000] {logging_mixin.py:137} INFO - [2025-08-27T09:35:50.890+0000] {dag.py:2690} INFO - Sync 1 DAGs
[2025-08-27T09:35:50.900+0000] {logging_mixin.py:137} INFO - [2025-08-27T09:35:50.900+0000] {dag.py:3441} INFO - Setting next_dagrun for example_nested_branch_dag to 2025-08-26T00:00:00+00:00, run_after=2025-08-27T00:00:00+00:00
[2025-08-27T09:35:50.907+0000] {processor.py:175} INFO - Processing /home/airflow/.local/lib/python3.7/site-packages/airflow/example_dags/example_nested_branch_dag.py took 0.042 seconds
[2025-08-27T09:36:49.786+0000] {processor.py:153} INFO - Started process (PID=20823) to work on /home/airflow/.local/lib/python3.7/site-packages/airflow/example_dags/example_nested_branch_dag.py
[2025-08-27T09:36:49.787+0000] {processor.py:743} INFO - Processing file /home/airflow/.local/lib/python3.7/site-packages/airflow/example_dags/example_nested_branch_dag.py for tasks to queue
[2025-08-27T09:36:49.787+0000] {logging_mixin.py:137} INFO - [2025-08-27T09:36:49.787+0000] {dagbag.py:538} INFO - Filling up the DagBag from /home/airflow/.local/lib/python3.7/site-packages/airflow/example_dags/example_nested_branch_dag.py
[2025-08-27T09:36:49.799+0000] {processor.py:753} INFO - DAG(s) dict_keys(['example_nested_branch_dag']) retrieved from /home/airflow/.local/lib/python3.7/site-packages/airflow/example_dags/example_nested_branch_dag.py
[2025-08-27T09:36:49.810+0000] {logging_mixin.py:137} INFO - [2025-08-27T09:36:49.810+0000] {dag.py:2690} INFO - Sync 1 DAGs
[2025-08-27T09:36:49.820+0000] {logging_mixin.py:137} INFO - [2025-08-27T09:36:49.820+0000] {dag.py:3441} INFO - Setting next_dagrun for example_nested_branch_dag to 2025-08-26T00:00:00+00:00, run_after=2025-08-27T00:00:00+00:00
[2025-08-27T09:36:49.826+0000] {processor.py:175} INFO - Processing /home/airflow/.local/lib/python3.7/site-packages/airflow/example_dags/example_nested_branch_dag.py took 0.042 seconds
[2025-08-27T09:38:53.050+0000] {processor.py:153} INFO - Started process (PID=20923) to work on /home/airflow/.local/lib/python3.7/site-packages/airflow/example_dags/example_nested_branch_dag.py
[2025-08-27T09:38:53.051+0000] {processor.py:743} INFO - Processing file /home/airflow/.local/lib/python3.7/site-packages/airflow/example_dags/example_nested_branch_dag.py for tasks to queue
[2025-08-27T09:38:53.051+0000] {logging_mixin.py:137} INFO - [2025-08-27T09:38:53.051+0000] {dagbag.py:538} INFO - Filling up the DagBag from /home/airflow/.local/lib/python3.7/site-packages/airflow/example_dags/example_nested_branch_dag.py
[2025-08-27T09:38:53.061+0000] {processor.py:753} INFO - DAG(s) dict_keys(['example_nested_branch_dag']) retrieved from /home/airflow/.local/lib/python3.7/site-packages/airflow/example_dags/example_nested_branch_dag.py
[2025-08-27T09:38:53.072+0000] {logging_mixin.py:137} INFO - [2025-08-27T09:38:53.072+0000] {dag.py:2690} INFO - Sync 1 DAGs
[2025-08-27T09:38:53.083+0000] {logging_mixin.py:137} INFO - [2025-08-27T09:38:53.083+0000] {dag.py:3441} INFO - Setting next_dagrun for example_nested_branch_dag to 2025-08-26T00:00:00+00:00, run_after=2025-08-27T00:00:00+00:00
[2025-08-27T09:38:53.090+0000] {processor.py:175} INFO - Processing /home/airflow/.local/lib/python3.7/site-packages/airflow/example_dags/example_nested_branch_dag.py took 0.042 seconds
[2025-08-27T09:39:39.139+0000] {processor.py:153} INFO - Started process (PID=21003) to work on /home/airflow/.local/lib/python3.7/site-packages/airflow/example_dags/example_nested_branch_dag.py
[2025-08-27T09:39:39.139+0000] {processor.py:743} INFO - Processing file /home/airflow/.local/lib/python3.7/site-packages/airflow/example_dags/example_nested_branch_dag.py for tasks to queue
[2025-08-27T09:39:39.139+0000] {logging_mixin.py:137} INFO - [2025-08-27T09:39:39.139+0000] {dagbag.py:538} INFO - Filling up the DagBag from /home/airflow/.local/lib/python3.7/site-packages/airflow/example_dags/example_nested_branch_dag.py
[2025-08-27T09:39:39.149+0000] {processor.py:753} INFO - DAG(s) dict_keys(['example_nested_branch_dag']) retrieved from /home/airflow/.local/lib/python3.7/site-packages/airflow/example_dags/example_nested_branch_dag.py
[2025-08-27T09:39:39.159+0000] {logging_mixin.py:137} INFO - [2025-08-27T09:39:39.159+0000] {dag.py:2690} INFO - Sync 1 DAGs
[2025-08-27T09:39:39.169+0000] {logging_mixin.py:137} INFO - [2025-08-27T09:39:39.169+0000] {dag.py:3441} INFO - Setting next_dagrun for example_nested_branch_dag to 2025-08-26T00:00:00+00:00, run_after=2025-08-27T00:00:00+00:00
[2025-08-27T09:39:39.176+0000] {processor.py:175} INFO - Processing /home/airflow/.local/lib/python3.7/site-packages/airflow/example_dags/example_nested_branch_dag.py took 0.038 seconds
[2025-08-27T09:50:06.690+0000] {processor.py:153} INFO - Started process (PID=21103) to work on /home/airflow/.local/lib/python3.7/site-packages/airflow/example_dags/example_nested_branch_dag.py
[2025-08-27T09:50:06.690+0000] {processor.py:743} INFO - Processing file /home/airflow/.local/lib/python3.7/site-packages/airflow/example_dags/example_nested_branch_dag.py for tasks to queue
[2025-08-27T09:50:06.691+0000] {logging_mixin.py:137} INFO - [2025-08-27T09:50:06.691+0000] {dagbag.py:538} INFO - Filling up the DagBag from /home/airflow/.local/lib/python3.7/site-packages/airflow/example_dags/example_nested_branch_dag.py
[2025-08-27T09:50:06.703+0000] {processor.py:753} INFO - DAG(s) dict_keys(['example_nested_branch_dag']) retrieved from /home/airflow/.local/lib/python3.7/site-packages/airflow/example_dags/example_nested_branch_dag.py
[2025-08-27T09:50:06.715+0000] {logging_mixin.py:137} INFO - [2025-08-27T09:50:06.715+0000] {dag.py:2690} INFO - Sync 1 DAGs
[2025-08-27T09:50:06.728+0000] {logging_mixin.py:137} INFO - [2025-08-27T09:50:06.727+0000] {dag.py:3441} INFO - Setting next_dagrun for example_nested_branch_dag to 2025-08-26T00:00:00+00:00, run_after=2025-08-27T00:00:00+00:00
[2025-08-27T09:50:06.737+0000] {processor.py:175} INFO - Processing /home/airflow/.local/lib/python3.7/site-packages/airflow/example_dags/example_nested_branch_dag.py took 0.048 seconds
[2025-08-27T11:12:46.467+0000] {processor.py:153} INFO - Started process (PID=21203) to work on /home/airflow/.local/lib/python3.7/site-packages/airflow/example_dags/example_nested_branch_dag.py
[2025-08-27T11:12:46.468+0000] {processor.py:743} INFO - Processing file /home/airflow/.local/lib/python3.7/site-packages/airflow/example_dags/example_nested_branch_dag.py for tasks to queue
[2025-08-27T11:12:46.468+0000] {logging_mixin.py:137} INFO - [2025-08-27T11:12:46.468+0000] {dagbag.py:538} INFO - Filling up the DagBag from /home/airflow/.local/lib/python3.7/site-packages/airflow/example_dags/example_nested_branch_dag.py
[2025-08-27T11:12:46.482+0000] {processor.py:753} INFO - DAG(s) dict_keys(['example_nested_branch_dag']) retrieved from /home/airflow/.local/lib/python3.7/site-packages/airflow/example_dags/example_nested_branch_dag.py
[2025-08-27T11:12:46.503+0000] {logging_mixin.py:137} INFO - [2025-08-27T11:12:46.503+0000] {dag.py:2690} INFO - Sync 1 DAGs
[2025-08-27T11:12:46.518+0000] {logging_mixin.py:137} INFO - [2025-08-27T11:12:46.518+0000] {dag.py:3441} INFO - Setting next_dagrun for example_nested_branch_dag to 2025-08-26T00:00:00+00:00, run_after=2025-08-27T00:00:00+00:00
[2025-08-27T11:12:46.529+0000] {processor.py:175} INFO - Processing /home/airflow/.local/lib/python3.7/site-packages/airflow/example_dags/example_nested_branch_dag.py took 0.065 seconds
[2025-08-27T11:34:31.376+0000] {processor.py:153} INFO - Started process (PID=21283) to work on /home/airflow/.local/lib/python3.7/site-packages/airflow/example_dags/example_nested_branch_dag.py
[2025-08-27T11:34:31.377+0000] {processor.py:743} INFO - Processing file /home/airflow/.local/lib/python3.7/site-packages/airflow/example_dags/example_nested_branch_dag.py for tasks to queue
[2025-08-27T11:34:31.377+0000] {logging_mixin.py:137} INFO - [2025-08-27T11:34:31.377+0000] {dagbag.py:538} INFO - Filling up the DagBag from /home/airflow/.local/lib/python3.7/site-packages/airflow/example_dags/example_nested_branch_dag.py
[2025-08-27T11:34:31.387+0000] {processor.py:753} INFO - DAG(s) dict_keys(['example_nested_branch_dag']) retrieved from /home/airflow/.local/lib/python3.7/site-packages/airflow/example_dags/example_nested_branch_dag.py
[2025-08-27T11:34:31.398+0000] {logging_mixin.py:137} INFO - [2025-08-27T11:34:31.398+0000] {dag.py:2690} INFO - Sync 1 DAGs
[2025-08-27T11:34:31.410+0000] {logging_mixin.py:137} INFO - [2025-08-27T11:34:31.409+0000] {dag.py:3441} INFO - Setting next_dagrun for example_nested_branch_dag to 2025-08-26T00:00:00+00:00, run_after=2025-08-27T00:00:00+00:00
[2025-08-27T11:34:31.416+0000] {processor.py:175} INFO - Processing /home/airflow/.local/lib/python3.7/site-packages/airflow/example_dags/example_nested_branch_dag.py took 0.041 seconds
[2025-08-27T11:51:13.373+0000] {processor.py:153} INFO - Started process (PID=21383) to work on /home/airflow/.local/lib/python3.7/site-packages/airflow/example_dags/example_nested_branch_dag.py
[2025-08-27T11:51:13.374+0000] {processor.py:743} INFO - Processing file /home/airflow/.local/lib/python3.7/site-packages/airflow/example_dags/example_nested_branch_dag.py for tasks to queue
[2025-08-27T11:51:13.374+0000] {logging_mixin.py:137} INFO - [2025-08-27T11:51:13.374+0000] {dagbag.py:538} INFO - Filling up the DagBag from /home/airflow/.local/lib/python3.7/site-packages/airflow/example_dags/example_nested_branch_dag.py
[2025-08-27T11:51:13.385+0000] {processor.py:753} INFO - DAG(s) dict_keys(['example_nested_branch_dag']) retrieved from /home/airflow/.local/lib/python3.7/site-packages/airflow/example_dags/example_nested_branch_dag.py
[2025-08-27T11:51:13.398+0000] {logging_mixin.py:137} INFO - [2025-08-27T11:51:13.398+0000] {dag.py:2690} INFO - Sync 1 DAGs
[2025-08-27T11:51:13.411+0000] {logging_mixin.py:137} INFO - [2025-08-27T11:51:13.411+0000] {dag.py:3441} INFO - Setting next_dagrun for example_nested_branch_dag to 2025-08-26T00:00:00+00:00, run_after=2025-08-27T00:00:00+00:00
[2025-08-27T11:51:13.420+0000] {processor.py:175} INFO - Processing /home/airflow/.local/lib/python3.7/site-packages/airflow/example_dags/example_nested_branch_dag.py took 0.048 seconds
[2025-08-27T11:53:11.934+0000] {processor.py:153} INFO - Started process (PID=21483) to work on /home/airflow/.local/lib/python3.7/site-packages/airflow/example_dags/example_nested_branch_dag.py
[2025-08-27T11:53:11.934+0000] {processor.py:743} INFO - Processing file /home/airflow/.local/lib/python3.7/site-packages/airflow/example_dags/example_nested_branch_dag.py for tasks to queue
[2025-08-27T11:53:11.934+0000] {logging_mixin.py:137} INFO - [2025-08-27T11:53:11.934+0000] {dagbag.py:538} INFO - Filling up the DagBag from /home/airflow/.local/lib/python3.7/site-packages/airflow/example_dags/example_nested_branch_dag.py
[2025-08-27T11:53:11.945+0000] {processor.py:753} INFO - DAG(s) dict_keys(['example_nested_branch_dag']) retrieved from /home/airflow/.local/lib/python3.7/site-packages/airflow/example_dags/example_nested_branch_dag.py
[2025-08-27T11:53:11.956+0000] {logging_mixin.py:137} INFO - [2025-08-27T11:53:11.956+0000] {dag.py:2690} INFO - Sync 1 DAGs
[2025-08-27T11:53:11.965+0000] {logging_mixin.py:137} INFO - [2025-08-27T11:53:11.965+0000] {dag.py:3441} INFO - Setting next_dagrun for example_nested_branch_dag to 2025-08-26T00:00:00+00:00, run_after=2025-08-27T00:00:00+00:00
[2025-08-27T11:53:11.972+0000] {processor.py:175} INFO - Processing /home/airflow/.local/lib/python3.7/site-packages/airflow/example_dags/example_nested_branch_dag.py took 0.040 seconds
[2025-08-27T11:58:53.533+0000] {processor.py:153} INFO - Started process (PID=21583) to work on /home/airflow/.local/lib/python3.7/site-packages/airflow/example_dags/example_nested_branch_dag.py
[2025-08-27T11:58:53.534+0000] {processor.py:743} INFO - Processing file /home/airflow/.local/lib/python3.7/site-packages/airflow/example_dags/example_nested_branch_dag.py for tasks to queue
[2025-08-27T11:58:53.535+0000] {logging_mixin.py:137} INFO - [2025-08-27T11:58:53.535+0000] {dagbag.py:538} INFO - Filling up the DagBag from /home/airflow/.local/lib/python3.7/site-packages/airflow/example_dags/example_nested_branch_dag.py
[2025-08-27T11:58:53.555+0000] {processor.py:753} INFO - DAG(s) dict_keys(['example_nested_branch_dag']) retrieved from /home/airflow/.local/lib/python3.7/site-packages/airflow/example_dags/example_nested_branch_dag.py
[2025-08-27T11:58:53.575+0000] {logging_mixin.py:137} INFO - [2025-08-27T11:58:53.575+0000] {dag.py:2690} INFO - Sync 1 DAGs
[2025-08-27T11:58:53.594+0000] {logging_mixin.py:137} INFO - [2025-08-27T11:58:53.593+0000] {dag.py:3441} INFO - Setting next_dagrun for example_nested_branch_dag to 2025-08-26T00:00:00+00:00, run_after=2025-08-27T00:00:00+00:00
[2025-08-27T11:58:53.602+0000] {processor.py:175} INFO - Processing /home/airflow/.local/lib/python3.7/site-packages/airflow/example_dags/example_nested_branch_dag.py took 0.071 seconds
[2025-08-27T12:11:20.602+0000] {processor.py:153} INFO - Started process (PID=21663) to work on /home/airflow/.local/lib/python3.7/site-packages/airflow/example_dags/example_nested_branch_dag.py
[2025-08-27T12:11:20.602+0000] {processor.py:743} INFO - Processing file /home/airflow/.local/lib/python3.7/site-packages/airflow/example_dags/example_nested_branch_dag.py for tasks to queue
[2025-08-27T12:11:20.602+0000] {logging_mixin.py:137} INFO - [2025-08-27T12:11:20.602+0000] {dagbag.py:538} INFO - Filling up the DagBag from /home/airflow/.local/lib/python3.7/site-packages/airflow/example_dags/example_nested_branch_dag.py
[2025-08-27T12:11:20.613+0000] {processor.py:753} INFO - DAG(s) dict_keys(['example_nested_branch_dag']) retrieved from /home/airflow/.local/lib/python3.7/site-packages/airflow/example_dags/example_nested_branch_dag.py
[2025-08-27T12:11:20.623+0000] {logging_mixin.py:137} INFO - [2025-08-27T12:11:20.623+0000] {dag.py:2690} INFO - Sync 1 DAGs
[2025-08-27T12:11:20.633+0000] {logging_mixin.py:137} INFO - [2025-08-27T12:11:20.633+0000] {dag.py:3441} INFO - Setting next_dagrun for example_nested_branch_dag to 2025-08-26T00:00:00+00:00, run_after=2025-08-27T00:00:00+00:00
[2025-08-27T12:11:20.639+0000] {processor.py:175} INFO - Processing /home/airflow/.local/lib/python3.7/site-packages/airflow/example_dags/example_nested_branch_dag.py took 0.039 seconds
[2025-08-27T12:14:24.839+0000] {processor.py:153} INFO - Started process (PID=21763) to work on /home/airflow/.local/lib/python3.7/site-packages/airflow/example_dags/example_nested_branch_dag.py
[2025-08-27T12:14:24.839+0000] {processor.py:743} INFO - Processing file /home/airflow/.local/lib/python3.7/site-packages/airflow/example_dags/example_nested_branch_dag.py for tasks to queue
[2025-08-27T12:14:24.840+0000] {logging_mixin.py:137} INFO - [2025-08-27T12:14:24.840+0000] {dagbag.py:538} INFO - Filling up the DagBag from /home/airflow/.local/lib/python3.7/site-packages/airflow/example_dags/example_nested_branch_dag.py
[2025-08-27T12:14:24.859+0000] {processor.py:753} INFO - DAG(s) dict_keys(['example_nested_branch_dag']) retrieved from /home/airflow/.local/lib/python3.7/site-packages/airflow/example_dags/example_nested_branch_dag.py
[2025-08-27T12:14:24.875+0000] {logging_mixin.py:137} INFO - [2025-08-27T12:14:24.875+0000] {dag.py:2690} INFO - Sync 1 DAGs
[2025-08-27T12:14:24.889+0000] {logging_mixin.py:137} INFO - [2025-08-27T12:14:24.889+0000] {dag.py:3441} INFO - Setting next_dagrun for example_nested_branch_dag to 2025-08-26T00:00:00+00:00, run_after=2025-08-27T00:00:00+00:00
[2025-08-27T12:14:24.896+0000] {processor.py:175} INFO - Processing /home/airflow/.local/lib/python3.7/site-packages/airflow/example_dags/example_nested_branch_dag.py took 0.059 seconds
[2025-08-27T12:27:57.365+0000] {processor.py:153} INFO - Started process (PID=21863) to work on /home/airflow/.local/lib/python3.7/site-packages/airflow/example_dags/example_nested_branch_dag.py
[2025-08-27T12:27:57.365+0000] {processor.py:743} INFO - Processing file /home/airflow/.local/lib/python3.7/site-packages/airflow/example_dags/example_nested_branch_dag.py for tasks to queue
[2025-08-27T12:27:57.365+0000] {logging_mixin.py:137} INFO - [2025-08-27T12:27:57.365+0000] {dagbag.py:538} INFO - Filling up the DagBag from /home/airflow/.local/lib/python3.7/site-packages/airflow/example_dags/example_nested_branch_dag.py
[2025-08-27T12:27:57.375+0000] {processor.py:753} INFO - DAG(s) dict_keys(['example_nested_branch_dag']) retrieved from /home/airflow/.local/lib/python3.7/site-packages/airflow/example_dags/example_nested_branch_dag.py
[2025-08-27T12:27:57.386+0000] {logging_mixin.py:137} INFO - [2025-08-27T12:27:57.386+0000] {dag.py:2690} INFO - Sync 1 DAGs
[2025-08-27T12:27:57.397+0000] {logging_mixin.py:137} INFO - [2025-08-27T12:27:57.397+0000] {dag.py:3441} INFO - Setting next_dagrun for example_nested_branch_dag to 2025-08-26T00:00:00+00:00, run_after=2025-08-27T00:00:00+00:00
[2025-08-27T12:27:57.405+0000] {processor.py:175} INFO - Processing /home/airflow/.local/lib/python3.7/site-packages/airflow/example_dags/example_nested_branch_dag.py took 0.041 seconds
[2025-08-27T12:38:25.646+0000] {processor.py:153} INFO - Started process (PID=21943) to work on /home/airflow/.local/lib/python3.7/site-packages/airflow/example_dags/example_nested_branch_dag.py
[2025-08-27T12:38:25.646+0000] {processor.py:743} INFO - Processing file /home/airflow/.local/lib/python3.7/site-packages/airflow/example_dags/example_nested_branch_dag.py for tasks to queue
[2025-08-27T12:38:25.646+0000] {logging_mixin.py:137} INFO - [2025-08-27T12:38:25.646+0000] {dagbag.py:538} INFO - Filling up the DagBag from /home/airflow/.local/lib/python3.7/site-packages/airflow/example_dags/example_nested_branch_dag.py
[2025-08-27T12:38:25.660+0000] {processor.py:753} INFO - DAG(s) dict_keys(['example_nested_branch_dag']) retrieved from /home/airflow/.local/lib/python3.7/site-packages/airflow/example_dags/example_nested_branch_dag.py
[2025-08-27T12:38:25.671+0000] {logging_mixin.py:137} INFO - [2025-08-27T12:38:25.670+0000] {dag.py:2690} INFO - Sync 1 DAGs
[2025-08-27T12:38:25.680+0000] {logging_mixin.py:137} INFO - [2025-08-27T12:38:25.680+0000] {dag.py:3441} INFO - Setting next_dagrun for example_nested_branch_dag to 2025-08-26T00:00:00+00:00, run_after=2025-08-27T00:00:00+00:00
[2025-08-27T12:38:25.686+0000] {processor.py:175} INFO - Processing /home/airflow/.local/lib/python3.7/site-packages/airflow/example_dags/example_nested_branch_dag.py took 0.042 seconds
[2025-08-27T12:57:12.513+0000] {processor.py:153} INFO - Started process (PID=22043) to work on /home/airflow/.local/lib/python3.7/site-packages/airflow/example_dags/example_nested_branch_dag.py
[2025-08-27T12:57:12.515+0000] {processor.py:743} INFO - Processing file /home/airflow/.local/lib/python3.7/site-packages/airflow/example_dags/example_nested_branch_dag.py for tasks to queue
[2025-08-27T12:57:12.515+0000] {logging_mixin.py:137} INFO - [2025-08-27T12:57:12.515+0000] {dagbag.py:538} INFO - Filling up the DagBag from /home/airflow/.local/lib/python3.7/site-packages/airflow/example_dags/example_nested_branch_dag.py
[2025-08-27T12:57:12.532+0000] {processor.py:753} INFO - DAG(s) dict_keys(['example_nested_branch_dag']) retrieved from /home/airflow/.local/lib/python3.7/site-packages/airflow/example_dags/example_nested_branch_dag.py
[2025-08-27T12:57:12.556+0000] {logging_mixin.py:137} INFO - [2025-08-27T12:57:12.556+0000] {dag.py:2690} INFO - Sync 1 DAGs
[2025-08-27T12:57:12.571+0000] {logging_mixin.py:137} INFO - [2025-08-27T12:57:12.571+0000] {dag.py:3441} INFO - Setting next_dagrun for example_nested_branch_dag to 2025-08-26T00:00:00+00:00, run_after=2025-08-27T00:00:00+00:00
[2025-08-27T12:57:12.580+0000] {processor.py:175} INFO - Processing /home/airflow/.local/lib/python3.7/site-packages/airflow/example_dags/example_nested_branch_dag.py took 0.069 seconds
[2025-08-27T12:57:42.997+0000] {processor.py:153} INFO - Started process (PID=22143) to work on /home/airflow/.local/lib/python3.7/site-packages/airflow/example_dags/example_nested_branch_dag.py
[2025-08-27T12:57:42.998+0000] {processor.py:743} INFO - Processing file /home/airflow/.local/lib/python3.7/site-packages/airflow/example_dags/example_nested_branch_dag.py for tasks to queue
[2025-08-27T12:57:42.998+0000] {logging_mixin.py:137} INFO - [2025-08-27T12:57:42.998+0000] {dagbag.py:538} INFO - Filling up the DagBag from /home/airflow/.local/lib/python3.7/site-packages/airflow/example_dags/example_nested_branch_dag.py
[2025-08-27T12:57:43.008+0000] {processor.py:753} INFO - DAG(s) dict_keys(['example_nested_branch_dag']) retrieved from /home/airflow/.local/lib/python3.7/site-packages/airflow/example_dags/example_nested_branch_dag.py
[2025-08-27T12:57:43.020+0000] {logging_mixin.py:137} INFO - [2025-08-27T12:57:43.020+0000] {dag.py:2690} INFO - Sync 1 DAGs
[2025-08-27T12:57:43.031+0000] {logging_mixin.py:137} INFO - [2025-08-27T12:57:43.031+0000] {dag.py:3441} INFO - Setting next_dagrun for example_nested_branch_dag to 2025-08-26T00:00:00+00:00, run_after=2025-08-27T00:00:00+00:00
[2025-08-27T12:57:43.037+0000] {processor.py:175} INFO - Processing /home/airflow/.local/lib/python3.7/site-packages/airflow/example_dags/example_nested_branch_dag.py took 0.042 seconds
[2025-08-27T13:27:10.838+0000] {processor.py:153} INFO - Started process (PID=22243) to work on /home/airflow/.local/lib/python3.7/site-packages/airflow/example_dags/example_nested_branch_dag.py
[2025-08-27T13:27:10.839+0000] {processor.py:743} INFO - Processing file /home/airflow/.local/lib/python3.7/site-packages/airflow/example_dags/example_nested_branch_dag.py for tasks to queue
[2025-08-27T13:27:10.839+0000] {logging_mixin.py:137} INFO - [2025-08-27T13:27:10.839+0000] {dagbag.py:538} INFO - Filling up the DagBag from /home/airflow/.local/lib/python3.7/site-packages/airflow/example_dags/example_nested_branch_dag.py
[2025-08-27T13:27:10.857+0000] {processor.py:753} INFO - DAG(s) dict_keys(['example_nested_branch_dag']) retrieved from /home/airflow/.local/lib/python3.7/site-packages/airflow/example_dags/example_nested_branch_dag.py
[2025-08-27T13:27:10.877+0000] {logging_mixin.py:137} INFO - [2025-08-27T13:27:10.877+0000] {dag.py:2690} INFO - Sync 1 DAGs
[2025-08-27T13:27:10.893+0000] {logging_mixin.py:137} INFO - [2025-08-27T13:27:10.893+0000] {dag.py:3441} INFO - Setting next_dagrun for example_nested_branch_dag to 2025-08-26T00:00:00+00:00, run_after=2025-08-27T00:00:00+00:00
[2025-08-27T13:27:10.907+0000] {processor.py:175} INFO - Processing /home/airflow/.local/lib/python3.7/site-packages/airflow/example_dags/example_nested_branch_dag.py took 0.071 seconds
[2025-08-27T13:30:12.950+0000] {processor.py:153} INFO - Started process (PID=22323) to work on /home/airflow/.local/lib/python3.7/site-packages/airflow/example_dags/example_nested_branch_dag.py
[2025-08-27T13:30:12.950+0000] {processor.py:743} INFO - Processing file /home/airflow/.local/lib/python3.7/site-packages/airflow/example_dags/example_nested_branch_dag.py for tasks to queue
[2025-08-27T13:30:12.951+0000] {logging_mixin.py:137} INFO - [2025-08-27T13:30:12.951+0000] {dagbag.py:538} INFO - Filling up the DagBag from /home/airflow/.local/lib/python3.7/site-packages/airflow/example_dags/example_nested_branch_dag.py
[2025-08-27T13:30:12.962+0000] {processor.py:753} INFO - DAG(s) dict_keys(['example_nested_branch_dag']) retrieved from /home/airflow/.local/lib/python3.7/site-packages/airflow/example_dags/example_nested_branch_dag.py
[2025-08-27T13:30:12.975+0000] {logging_mixin.py:137} INFO - [2025-08-27T13:30:12.975+0000] {dag.py:2690} INFO - Sync 1 DAGs
[2025-08-27T13:30:12.985+0000] {logging_mixin.py:137} INFO - [2025-08-27T13:30:12.985+0000] {dag.py:3441} INFO - Setting next_dagrun for example_nested_branch_dag to 2025-08-26T00:00:00+00:00, run_after=2025-08-27T00:00:00+00:00
[2025-08-27T13:30:12.993+0000] {processor.py:175} INFO - Processing /home/airflow/.local/lib/python3.7/site-packages/airflow/example_dags/example_nested_branch_dag.py took 0.045 seconds
[2025-08-27T13:37:06.999+0000] {processor.py:153} INFO - Started process (PID=22423) to work on /home/airflow/.local/lib/python3.7/site-packages/airflow/example_dags/example_nested_branch_dag.py
[2025-08-27T13:37:06.999+0000] {processor.py:743} INFO - Processing file /home/airflow/.local/lib/python3.7/site-packages/airflow/example_dags/example_nested_branch_dag.py for tasks to queue
[2025-08-27T13:37:07.000+0000] {logging_mixin.py:137} INFO - [2025-08-27T13:37:06.999+0000] {dagbag.py:538} INFO - Filling up the DagBag from /home/airflow/.local/lib/python3.7/site-packages/airflow/example_dags/example_nested_branch_dag.py
[2025-08-27T13:37:07.019+0000] {processor.py:753} INFO - DAG(s) dict_keys(['example_nested_branch_dag']) retrieved from /home/airflow/.local/lib/python3.7/site-packages/airflow/example_dags/example_nested_branch_dag.py
[2025-08-27T13:37:07.035+0000] {logging_mixin.py:137} INFO - [2025-08-27T13:37:07.035+0000] {dag.py:2690} INFO - Sync 1 DAGs
[2025-08-27T13:37:07.052+0000] {logging_mixin.py:137} INFO - [2025-08-27T13:37:07.052+0000] {dag.py:3441} INFO - Setting next_dagrun for example_nested_branch_dag to 2025-08-26T00:00:00+00:00, run_after=2025-08-27T00:00:00+00:00
[2025-08-27T13:37:07.065+0000] {processor.py:175} INFO - Processing /home/airflow/.local/lib/python3.7/site-packages/airflow/example_dags/example_nested_branch_dag.py took 0.069 seconds
[2025-08-27T13:51:01.586+0000] {processor.py:153} INFO - Started process (PID=22523) to work on /home/airflow/.local/lib/python3.7/site-packages/airflow/example_dags/example_nested_branch_dag.py
[2025-08-27T13:51:01.587+0000] {processor.py:743} INFO - Processing file /home/airflow/.local/lib/python3.7/site-packages/airflow/example_dags/example_nested_branch_dag.py for tasks to queue
[2025-08-27T13:51:01.587+0000] {logging_mixin.py:137} INFO - [2025-08-27T13:51:01.587+0000] {dagbag.py:538} INFO - Filling up the DagBag from /home/airflow/.local/lib/python3.7/site-packages/airflow/example_dags/example_nested_branch_dag.py
[2025-08-27T13:51:01.597+0000] {processor.py:753} INFO - DAG(s) dict_keys(['example_nested_branch_dag']) retrieved from /home/airflow/.local/lib/python3.7/site-packages/airflow/example_dags/example_nested_branch_dag.py
[2025-08-27T13:51:01.608+0000] {logging_mixin.py:137} INFO - [2025-08-27T13:51:01.608+0000] {dag.py:2690} INFO - Sync 1 DAGs
[2025-08-27T13:51:01.620+0000] {logging_mixin.py:137} INFO - [2025-08-27T13:51:01.620+0000] {dag.py:3441} INFO - Setting next_dagrun for example_nested_branch_dag to 2025-08-26T00:00:00+00:00, run_after=2025-08-27T00:00:00+00:00
[2025-08-27T13:51:01.631+0000] {processor.py:175} INFO - Processing /home/airflow/.local/lib/python3.7/site-packages/airflow/example_dags/example_nested_branch_dag.py took 0.047 seconds
[2025-08-27T14:01:06.210+0000] {processor.py:153} INFO - Started process (PID=22610) to work on /home/airflow/.local/lib/python3.7/site-packages/airflow/example_dags/example_nested_branch_dag.py
[2025-08-27T14:01:06.211+0000] {processor.py:743} INFO - Processing file /home/airflow/.local/lib/python3.7/site-packages/airflow/example_dags/example_nested_branch_dag.py for tasks to queue
[2025-08-27T14:01:06.211+0000] {logging_mixin.py:137} INFO - [2025-08-27T14:01:06.211+0000] {dagbag.py:538} INFO - Filling up the DagBag from /home/airflow/.local/lib/python3.7/site-packages/airflow/example_dags/example_nested_branch_dag.py
[2025-08-27T14:01:06.229+0000] {processor.py:753} INFO - DAG(s) dict_keys(['example_nested_branch_dag']) retrieved from /home/airflow/.local/lib/python3.7/site-packages/airflow/example_dags/example_nested_branch_dag.py
[2025-08-27T14:01:06.246+0000] {logging_mixin.py:137} INFO - [2025-08-27T14:01:06.246+0000] {dag.py:2690} INFO - Sync 1 DAGs
[2025-08-27T14:01:06.259+0000] {logging_mixin.py:137} INFO - [2025-08-27T14:01:06.259+0000] {dag.py:3441} INFO - Setting next_dagrun for example_nested_branch_dag to 2025-08-26T00:00:00+00:00, run_after=2025-08-27T00:00:00+00:00
[2025-08-27T14:01:06.269+0000] {processor.py:175} INFO - Processing /home/airflow/.local/lib/python3.7/site-packages/airflow/example_dags/example_nested_branch_dag.py took 0.061 seconds
[2025-08-27T14:41:12.634+0000] {processor.py:153} INFO - Started process (PID=22703) to work on /home/airflow/.local/lib/python3.7/site-packages/airflow/example_dags/example_nested_branch_dag.py
[2025-08-27T14:41:12.634+0000] {processor.py:743} INFO - Processing file /home/airflow/.local/lib/python3.7/site-packages/airflow/example_dags/example_nested_branch_dag.py for tasks to queue
[2025-08-27T14:41:12.634+0000] {logging_mixin.py:137} INFO - [2025-08-27T14:41:12.634+0000] {dagbag.py:538} INFO - Filling up the DagBag from /home/airflow/.local/lib/python3.7/site-packages/airflow/example_dags/example_nested_branch_dag.py
[2025-08-27T14:41:12.646+0000] {processor.py:753} INFO - DAG(s) dict_keys(['example_nested_branch_dag']) retrieved from /home/airflow/.local/lib/python3.7/site-packages/airflow/example_dags/example_nested_branch_dag.py
[2025-08-27T14:41:12.658+0000] {logging_mixin.py:137} INFO - [2025-08-27T14:41:12.658+0000] {dag.py:2690} INFO - Sync 1 DAGs
[2025-08-27T14:41:12.670+0000] {logging_mixin.py:137} INFO - [2025-08-27T14:41:12.670+0000] {dag.py:3441} INFO - Setting next_dagrun for example_nested_branch_dag to 2025-08-26T00:00:00+00:00, run_after=2025-08-27T00:00:00+00:00
[2025-08-27T14:41:12.681+0000] {processor.py:175} INFO - Processing /home/airflow/.local/lib/python3.7/site-packages/airflow/example_dags/example_nested_branch_dag.py took 0.049 seconds
[2025-08-27T14:43:54.597+0000] {processor.py:153} INFO - Started process (PID=22803) to work on /home/airflow/.local/lib/python3.7/site-packages/airflow/example_dags/example_nested_branch_dag.py
[2025-08-27T14:43:54.597+0000] {processor.py:743} INFO - Processing file /home/airflow/.local/lib/python3.7/site-packages/airflow/example_dags/example_nested_branch_dag.py for tasks to queue
[2025-08-27T14:43:54.598+0000] {logging_mixin.py:137} INFO - [2025-08-27T14:43:54.598+0000] {dagbag.py:538} INFO - Filling up the DagBag from /home/airflow/.local/lib/python3.7/site-packages/airflow/example_dags/example_nested_branch_dag.py
[2025-08-27T14:43:54.610+0000] {processor.py:753} INFO - DAG(s) dict_keys(['example_nested_branch_dag']) retrieved from /home/airflow/.local/lib/python3.7/site-packages/airflow/example_dags/example_nested_branch_dag.py
[2025-08-27T14:43:54.623+0000] {logging_mixin.py:137} INFO - [2025-08-27T14:43:54.623+0000] {dag.py:2690} INFO - Sync 1 DAGs
[2025-08-27T14:43:54.638+0000] {logging_mixin.py:137} INFO - [2025-08-27T14:43:54.638+0000] {dag.py:3441} INFO - Setting next_dagrun for example_nested_branch_dag to 2025-08-26T00:00:00+00:00, run_after=2025-08-27T00:00:00+00:00
[2025-08-27T14:43:54.645+0000] {processor.py:175} INFO - Processing /home/airflow/.local/lib/python3.7/site-packages/airflow/example_dags/example_nested_branch_dag.py took 0.050 seconds
[2025-08-27T14:54:31.792+0000] {processor.py:153} INFO - Started process (PID=22903) to work on /home/airflow/.local/lib/python3.7/site-packages/airflow/example_dags/example_nested_branch_dag.py
[2025-08-27T14:54:31.792+0000] {processor.py:743} INFO - Processing file /home/airflow/.local/lib/python3.7/site-packages/airflow/example_dags/example_nested_branch_dag.py for tasks to queue
[2025-08-27T14:54:31.792+0000] {logging_mixin.py:137} INFO - [2025-08-27T14:54:31.792+0000] {dagbag.py:538} INFO - Filling up the DagBag from /home/airflow/.local/lib/python3.7/site-packages/airflow/example_dags/example_nested_branch_dag.py
[2025-08-27T14:54:31.803+0000] {processor.py:753} INFO - DAG(s) dict_keys(['example_nested_branch_dag']) retrieved from /home/airflow/.local/lib/python3.7/site-packages/airflow/example_dags/example_nested_branch_dag.py
[2025-08-27T14:54:31.815+0000] {logging_mixin.py:137} INFO - [2025-08-27T14:54:31.815+0000] {dag.py:2690} INFO - Sync 1 DAGs
[2025-08-27T14:54:31.827+0000] {logging_mixin.py:137} INFO - [2025-08-27T14:54:31.827+0000] {dag.py:3441} INFO - Setting next_dagrun for example_nested_branch_dag to 2025-08-26T00:00:00+00:00, run_after=2025-08-27T00:00:00+00:00
[2025-08-27T14:54:31.836+0000] {processor.py:175} INFO - Processing /home/airflow/.local/lib/python3.7/site-packages/airflow/example_dags/example_nested_branch_dag.py took 0.046 seconds
[2025-08-27T15:01:39.295+0000] {processor.py:153} INFO - Started process (PID=22983) to work on /home/airflow/.local/lib/python3.7/site-packages/airflow/example_dags/example_nested_branch_dag.py
[2025-08-27T15:01:39.296+0000] {processor.py:743} INFO - Processing file /home/airflow/.local/lib/python3.7/site-packages/airflow/example_dags/example_nested_branch_dag.py for tasks to queue
[2025-08-27T15:01:39.298+0000] {logging_mixin.py:137} INFO - [2025-08-27T15:01:39.297+0000] {dagbag.py:538} INFO - Filling up the DagBag from /home/airflow/.local/lib/python3.7/site-packages/airflow/example_dags/example_nested_branch_dag.py
[2025-08-27T15:01:39.320+0000] {processor.py:753} INFO - DAG(s) dict_keys(['example_nested_branch_dag']) retrieved from /home/airflow/.local/lib/python3.7/site-packages/airflow/example_dags/example_nested_branch_dag.py
[2025-08-27T15:01:39.350+0000] {logging_mixin.py:137} INFO - [2025-08-27T15:01:39.349+0000] {dag.py:2690} INFO - Sync 1 DAGs
[2025-08-27T15:01:39.365+0000] {logging_mixin.py:137} INFO - [2025-08-27T15:01:39.365+0000] {dag.py:3441} INFO - Setting next_dagrun for example_nested_branch_dag to 2025-08-26T00:00:00+00:00, run_after=2025-08-27T00:00:00+00:00
[2025-08-27T15:01:39.377+0000] {processor.py:175} INFO - Processing /home/airflow/.local/lib/python3.7/site-packages/airflow/example_dags/example_nested_branch_dag.py took 0.085 seconds
[2025-08-27T15:08:09.753+0000] {processor.py:153} INFO - Started process (PID=23083) to work on /home/airflow/.local/lib/python3.7/site-packages/airflow/example_dags/example_nested_branch_dag.py
[2025-08-27T15:08:09.754+0000] {processor.py:743} INFO - Processing file /home/airflow/.local/lib/python3.7/site-packages/airflow/example_dags/example_nested_branch_dag.py for tasks to queue
[2025-08-27T15:08:09.754+0000] {logging_mixin.py:137} INFO - [2025-08-27T15:08:09.754+0000] {dagbag.py:538} INFO - Filling up the DagBag from /home/airflow/.local/lib/python3.7/site-packages/airflow/example_dags/example_nested_branch_dag.py
[2025-08-27T15:08:09.766+0000] {processor.py:753} INFO - DAG(s) dict_keys(['example_nested_branch_dag']) retrieved from /home/airflow/.local/lib/python3.7/site-packages/airflow/example_dags/example_nested_branch_dag.py
[2025-08-27T15:08:09.781+0000] {logging_mixin.py:137} INFO - [2025-08-27T15:08:09.780+0000] {dag.py:2690} INFO - Sync 1 DAGs
[2025-08-27T15:08:09.796+0000] {logging_mixin.py:137} INFO - [2025-08-27T15:08:09.796+0000] {dag.py:3441} INFO - Setting next_dagrun for example_nested_branch_dag to 2025-08-26T00:00:00+00:00, run_after=2025-08-27T00:00:00+00:00
[2025-08-27T15:08:09.805+0000] {processor.py:175} INFO - Processing /home/airflow/.local/lib/python3.7/site-packages/airflow/example_dags/example_nested_branch_dag.py took 0.054 seconds
[2025-08-27T15:18:52.365+0000] {processor.py:153} INFO - Started process (PID=23183) to work on /home/airflow/.local/lib/python3.7/site-packages/airflow/example_dags/example_nested_branch_dag.py
[2025-08-27T15:18:52.365+0000] {processor.py:743} INFO - Processing file /home/airflow/.local/lib/python3.7/site-packages/airflow/example_dags/example_nested_branch_dag.py for tasks to queue
[2025-08-27T15:18:52.366+0000] {logging_mixin.py:137} INFO - [2025-08-27T15:18:52.366+0000] {dagbag.py:538} INFO - Filling up the DagBag from /home/airflow/.local/lib/python3.7/site-packages/airflow/example_dags/example_nested_branch_dag.py
[2025-08-27T15:18:52.383+0000] {processor.py:753} INFO - DAG(s) dict_keys(['example_nested_branch_dag']) retrieved from /home/airflow/.local/lib/python3.7/site-packages/airflow/example_dags/example_nested_branch_dag.py
[2025-08-27T15:18:52.397+0000] {logging_mixin.py:137} INFO - [2025-08-27T15:18:52.397+0000] {dag.py:2690} INFO - Sync 1 DAGs
[2025-08-27T15:18:52.411+0000] {logging_mixin.py:137} INFO - [2025-08-27T15:18:52.411+0000] {dag.py:3441} INFO - Setting next_dagrun for example_nested_branch_dag to 2025-08-26T00:00:00+00:00, run_after=2025-08-27T00:00:00+00:00
[2025-08-27T15:18:52.431+0000] {processor.py:175} INFO - Processing /home/airflow/.local/lib/python3.7/site-packages/airflow/example_dags/example_nested_branch_dag.py took 0.068 seconds
[2025-08-27T15:19:36.941+0000] {processor.py:153} INFO - Started process (PID=23263) to work on /home/airflow/.local/lib/python3.7/site-packages/airflow/example_dags/example_nested_branch_dag.py
[2025-08-27T15:19:36.942+0000] {processor.py:743} INFO - Processing file /home/airflow/.local/lib/python3.7/site-packages/airflow/example_dags/example_nested_branch_dag.py for tasks to queue
[2025-08-27T15:19:36.942+0000] {logging_mixin.py:137} INFO - [2025-08-27T15:19:36.942+0000] {dagbag.py:538} INFO - Filling up the DagBag from /home/airflow/.local/lib/python3.7/site-packages/airflow/example_dags/example_nested_branch_dag.py
[2025-08-27T15:19:36.954+0000] {processor.py:753} INFO - DAG(s) dict_keys(['example_nested_branch_dag']) retrieved from /home/airflow/.local/lib/python3.7/site-packages/airflow/example_dags/example_nested_branch_dag.py
[2025-08-27T15:19:36.964+0000] {logging_mixin.py:137} INFO - [2025-08-27T15:19:36.964+0000] {dag.py:2690} INFO - Sync 1 DAGs
[2025-08-27T15:19:36.974+0000] {logging_mixin.py:137} INFO - [2025-08-27T15:19:36.974+0000] {dag.py:3441} INFO - Setting next_dagrun for example_nested_branch_dag to 2025-08-26T00:00:00+00:00, run_after=2025-08-27T00:00:00+00:00
[2025-08-27T15:19:36.981+0000] {processor.py:175} INFO - Processing /home/airflow/.local/lib/python3.7/site-packages/airflow/example_dags/example_nested_branch_dag.py took 0.041 seconds
[2025-08-27T15:21:52.952+0000] {processor.py:153} INFO - Started process (PID=23363) to work on /home/airflow/.local/lib/python3.7/site-packages/airflow/example_dags/example_nested_branch_dag.py
[2025-08-27T15:21:52.952+0000] {processor.py:743} INFO - Processing file /home/airflow/.local/lib/python3.7/site-packages/airflow/example_dags/example_nested_branch_dag.py for tasks to queue
[2025-08-27T15:21:52.953+0000] {logging_mixin.py:137} INFO - [2025-08-27T15:21:52.953+0000] {dagbag.py:538} INFO - Filling up the DagBag from /home/airflow/.local/lib/python3.7/site-packages/airflow/example_dags/example_nested_branch_dag.py
[2025-08-27T15:21:52.963+0000] {processor.py:753} INFO - DAG(s) dict_keys(['example_nested_branch_dag']) retrieved from /home/airflow/.local/lib/python3.7/site-packages/airflow/example_dags/example_nested_branch_dag.py
[2025-08-27T15:21:52.974+0000] {logging_mixin.py:137} INFO - [2025-08-27T15:21:52.974+0000] {dag.py:2690} INFO - Sync 1 DAGs
[2025-08-27T15:21:52.984+0000] {logging_mixin.py:137} INFO - [2025-08-27T15:21:52.984+0000] {dag.py:3441} INFO - Setting next_dagrun for example_nested_branch_dag to 2025-08-26T00:00:00+00:00, run_after=2025-08-27T00:00:00+00:00
[2025-08-27T15:21:52.991+0000] {processor.py:175} INFO - Processing /home/airflow/.local/lib/python3.7/site-packages/airflow/example_dags/example_nested_branch_dag.py took 0.040 seconds
[2025-08-27T15:25:59.050+0000] {processor.py:153} INFO - Started process (PID=23463) to work on /home/airflow/.local/lib/python3.7/site-packages/airflow/example_dags/example_nested_branch_dag.py
[2025-08-27T15:25:59.051+0000] {processor.py:743} INFO - Processing file /home/airflow/.local/lib/python3.7/site-packages/airflow/example_dags/example_nested_branch_dag.py for tasks to queue
[2025-08-27T15:25:59.051+0000] {logging_mixin.py:137} INFO - [2025-08-27T15:25:59.051+0000] {dagbag.py:538} INFO - Filling up the DagBag from /home/airflow/.local/lib/python3.7/site-packages/airflow/example_dags/example_nested_branch_dag.py
[2025-08-27T15:25:59.064+0000] {processor.py:753} INFO - DAG(s) dict_keys(['example_nested_branch_dag']) retrieved from /home/airflow/.local/lib/python3.7/site-packages/airflow/example_dags/example_nested_branch_dag.py
[2025-08-27T15:25:59.079+0000] {logging_mixin.py:137} INFO - [2025-08-27T15:25:59.079+0000] {dag.py:2690} INFO - Sync 1 DAGs
[2025-08-27T15:25:59.096+0000] {logging_mixin.py:137} INFO - [2025-08-27T15:25:59.096+0000] {dag.py:3441} INFO - Setting next_dagrun for example_nested_branch_dag to 2025-08-26T00:00:00+00:00, run_after=2025-08-27T00:00:00+00:00
[2025-08-27T15:25:59.113+0000] {processor.py:175} INFO - Processing /home/airflow/.local/lib/python3.7/site-packages/airflow/example_dags/example_nested_branch_dag.py took 0.065 seconds
[2025-08-27T16:00:40.257+0000] {processor.py:153} INFO - Started process (PID=23563) to work on /home/airflow/.local/lib/python3.7/site-packages/airflow/example_dags/example_nested_branch_dag.py
[2025-08-27T16:00:40.257+0000] {processor.py:743} INFO - Processing file /home/airflow/.local/lib/python3.7/site-packages/airflow/example_dags/example_nested_branch_dag.py for tasks to queue
[2025-08-27T16:00:40.257+0000] {logging_mixin.py:137} INFO - [2025-08-27T16:00:40.257+0000] {dagbag.py:538} INFO - Filling up the DagBag from /home/airflow/.local/lib/python3.7/site-packages/airflow/example_dags/example_nested_branch_dag.py
[2025-08-27T16:00:40.268+0000] {processor.py:753} INFO - DAG(s) dict_keys(['example_nested_branch_dag']) retrieved from /home/airflow/.local/lib/python3.7/site-packages/airflow/example_dags/example_nested_branch_dag.py
[2025-08-27T16:00:40.282+0000] {logging_mixin.py:137} INFO - [2025-08-27T16:00:40.282+0000] {dag.py:2690} INFO - Sync 1 DAGs
[2025-08-27T16:00:40.291+0000] {logging_mixin.py:137} INFO - [2025-08-27T16:00:40.291+0000] {dag.py:3441} INFO - Setting next_dagrun for example_nested_branch_dag to 2025-08-26T00:00:00+00:00, run_after=2025-08-27T00:00:00+00:00
[2025-08-27T16:00:40.299+0000] {processor.py:175} INFO - Processing /home/airflow/.local/lib/python3.7/site-packages/airflow/example_dags/example_nested_branch_dag.py took 0.044 seconds
[2025-08-27T16:14:53.140+0000] {processor.py:153} INFO - Started process (PID=23643) to work on /home/airflow/.local/lib/python3.7/site-packages/airflow/example_dags/example_nested_branch_dag.py
[2025-08-27T16:14:53.140+0000] {processor.py:743} INFO - Processing file /home/airflow/.local/lib/python3.7/site-packages/airflow/example_dags/example_nested_branch_dag.py for tasks to queue
[2025-08-27T16:14:53.140+0000] {logging_mixin.py:137} INFO - [2025-08-27T16:14:53.140+0000] {dagbag.py:538} INFO - Filling up the DagBag from /home/airflow/.local/lib/python3.7/site-packages/airflow/example_dags/example_nested_branch_dag.py
[2025-08-27T16:14:53.151+0000] {processor.py:753} INFO - DAG(s) dict_keys(['example_nested_branch_dag']) retrieved from /home/airflow/.local/lib/python3.7/site-packages/airflow/example_dags/example_nested_branch_dag.py
[2025-08-27T16:14:53.163+0000] {logging_mixin.py:137} INFO - [2025-08-27T16:14:53.162+0000] {dag.py:2690} INFO - Sync 1 DAGs
[2025-08-27T16:14:53.173+0000] {logging_mixin.py:137} INFO - [2025-08-27T16:14:53.173+0000] {dag.py:3441} INFO - Setting next_dagrun for example_nested_branch_dag to 2025-08-26T00:00:00+00:00, run_after=2025-08-27T00:00:00+00:00
[2025-08-27T16:14:53.180+0000] {processor.py:175} INFO - Processing /home/airflow/.local/lib/python3.7/site-packages/airflow/example_dags/example_nested_branch_dag.py took 0.042 seconds
[2025-08-27T16:23:10.482+0000] {processor.py:153} INFO - Started process (PID=23743) to work on /home/airflow/.local/lib/python3.7/site-packages/airflow/example_dags/example_nested_branch_dag.py
[2025-08-27T16:23:10.482+0000] {processor.py:743} INFO - Processing file /home/airflow/.local/lib/python3.7/site-packages/airflow/example_dags/example_nested_branch_dag.py for tasks to queue
[2025-08-27T16:23:10.482+0000] {logging_mixin.py:137} INFO - [2025-08-27T16:23:10.482+0000] {dagbag.py:538} INFO - Filling up the DagBag from /home/airflow/.local/lib/python3.7/site-packages/airflow/example_dags/example_nested_branch_dag.py
[2025-08-27T16:23:10.496+0000] {processor.py:753} INFO - DAG(s) dict_keys(['example_nested_branch_dag']) retrieved from /home/airflow/.local/lib/python3.7/site-packages/airflow/example_dags/example_nested_branch_dag.py
[2025-08-27T16:23:10.508+0000] {logging_mixin.py:137} INFO - [2025-08-27T16:23:10.508+0000] {dag.py:2690} INFO - Sync 1 DAGs
[2025-08-27T16:23:10.518+0000] {logging_mixin.py:137} INFO - [2025-08-27T16:23:10.518+0000] {dag.py:3441} INFO - Setting next_dagrun for example_nested_branch_dag to 2025-08-26T00:00:00+00:00, run_after=2025-08-27T00:00:00+00:00
[2025-08-27T16:23:10.525+0000] {processor.py:175} INFO - Processing /home/airflow/.local/lib/python3.7/site-packages/airflow/example_dags/example_nested_branch_dag.py took 0.045 seconds
[2025-08-27T16:24:54.088+0000] {processor.py:153} INFO - Started process (PID=23843) to work on /home/airflow/.local/lib/python3.7/site-packages/airflow/example_dags/example_nested_branch_dag.py
[2025-08-27T16:24:54.088+0000] {processor.py:743} INFO - Processing file /home/airflow/.local/lib/python3.7/site-packages/airflow/example_dags/example_nested_branch_dag.py for tasks to queue
[2025-08-27T16:24:54.089+0000] {logging_mixin.py:137} INFO - [2025-08-27T16:24:54.089+0000] {dagbag.py:538} INFO - Filling up the DagBag from /home/airflow/.local/lib/python3.7/site-packages/airflow/example_dags/example_nested_branch_dag.py
[2025-08-27T16:24:54.099+0000] {processor.py:753} INFO - DAG(s) dict_keys(['example_nested_branch_dag']) retrieved from /home/airflow/.local/lib/python3.7/site-packages/airflow/example_dags/example_nested_branch_dag.py
[2025-08-27T16:24:54.110+0000] {logging_mixin.py:137} INFO - [2025-08-27T16:24:54.110+0000] {dag.py:2690} INFO - Sync 1 DAGs
[2025-08-27T16:24:54.120+0000] {logging_mixin.py:137} INFO - [2025-08-27T16:24:54.120+0000] {dag.py:3441} INFO - Setting next_dagrun for example_nested_branch_dag to 2025-08-26T00:00:00+00:00, run_after=2025-08-27T00:00:00+00:00
[2025-08-27T16:24:54.127+0000] {processor.py:175} INFO - Processing /home/airflow/.local/lib/python3.7/site-packages/airflow/example_dags/example_nested_branch_dag.py took 0.041 seconds
[2025-08-27T16:30:07.691+0000] {processor.py:153} INFO - Started process (PID=23943) to work on /home/airflow/.local/lib/python3.7/site-packages/airflow/example_dags/example_nested_branch_dag.py
[2025-08-27T16:30:07.692+0000] {processor.py:743} INFO - Processing file /home/airflow/.local/lib/python3.7/site-packages/airflow/example_dags/example_nested_branch_dag.py for tasks to queue
[2025-08-27T16:30:07.692+0000] {logging_mixin.py:137} INFO - [2025-08-27T16:30:07.692+0000] {dagbag.py:538} INFO - Filling up the DagBag from /home/airflow/.local/lib/python3.7/site-packages/airflow/example_dags/example_nested_branch_dag.py
[2025-08-27T16:30:07.703+0000] {processor.py:753} INFO - DAG(s) dict_keys(['example_nested_branch_dag']) retrieved from /home/airflow/.local/lib/python3.7/site-packages/airflow/example_dags/example_nested_branch_dag.py
[2025-08-27T16:30:07.720+0000] {logging_mixin.py:137} INFO - [2025-08-27T16:30:07.720+0000] {dag.py:2690} INFO - Sync 1 DAGs
[2025-08-27T16:30:07.732+0000] {logging_mixin.py:137} INFO - [2025-08-27T16:30:07.732+0000] {dag.py:3441} INFO - Setting next_dagrun for example_nested_branch_dag to 2025-08-26T00:00:00+00:00, run_after=2025-08-27T00:00:00+00:00
[2025-08-27T16:30:07.739+0000] {processor.py:175} INFO - Processing /home/airflow/.local/lib/python3.7/site-packages/airflow/example_dags/example_nested_branch_dag.py took 0.050 seconds
[2025-08-27T16:44:03.044+0000] {processor.py:153} INFO - Started process (PID=24023) to work on /home/airflow/.local/lib/python3.7/site-packages/airflow/example_dags/example_nested_branch_dag.py
[2025-08-27T16:44:03.044+0000] {processor.py:743} INFO - Processing file /home/airflow/.local/lib/python3.7/site-packages/airflow/example_dags/example_nested_branch_dag.py for tasks to queue
[2025-08-27T16:44:03.044+0000] {logging_mixin.py:137} INFO - [2025-08-27T16:44:03.044+0000] {dagbag.py:538} INFO - Filling up the DagBag from /home/airflow/.local/lib/python3.7/site-packages/airflow/example_dags/example_nested_branch_dag.py
[2025-08-27T16:44:03.054+0000] {processor.py:753} INFO - DAG(s) dict_keys(['example_nested_branch_dag']) retrieved from /home/airflow/.local/lib/python3.7/site-packages/airflow/example_dags/example_nested_branch_dag.py
[2025-08-27T16:44:03.065+0000] {logging_mixin.py:137} INFO - [2025-08-27T16:44:03.065+0000] {dag.py:2690} INFO - Sync 1 DAGs
[2025-08-27T16:44:03.075+0000] {logging_mixin.py:137} INFO - [2025-08-27T16:44:03.075+0000] {dag.py:3441} INFO - Setting next_dagrun for example_nested_branch_dag to 2025-08-26T00:00:00+00:00, run_after=2025-08-27T00:00:00+00:00
[2025-08-27T16:44:03.081+0000] {processor.py:175} INFO - Processing /home/airflow/.local/lib/python3.7/site-packages/airflow/example_dags/example_nested_branch_dag.py took 0.039 seconds
[2025-08-27T18:19:17.514+0000] {processor.py:153} INFO - Started process (PID=24123) to work on /home/airflow/.local/lib/python3.7/site-packages/airflow/example_dags/example_nested_branch_dag.py
[2025-08-27T18:19:17.515+0000] {processor.py:743} INFO - Processing file /home/airflow/.local/lib/python3.7/site-packages/airflow/example_dags/example_nested_branch_dag.py for tasks to queue
[2025-08-27T18:19:17.515+0000] {logging_mixin.py:137} INFO - [2025-08-27T18:19:17.515+0000] {dagbag.py:538} INFO - Filling up the DagBag from /home/airflow/.local/lib/python3.7/site-packages/airflow/example_dags/example_nested_branch_dag.py
[2025-08-27T18:19:17.527+0000] {processor.py:753} INFO - DAG(s) dict_keys(['example_nested_branch_dag']) retrieved from /home/airflow/.local/lib/python3.7/site-packages/airflow/example_dags/example_nested_branch_dag.py
[2025-08-27T18:19:17.544+0000] {logging_mixin.py:137} INFO - [2025-08-27T18:19:17.544+0000] {dag.py:2690} INFO - Sync 1 DAGs
[2025-08-27T18:19:17.562+0000] {logging_mixin.py:137} INFO - [2025-08-27T18:19:17.562+0000] {dag.py:3441} INFO - Setting next_dagrun for example_nested_branch_dag to 2025-08-26T00:00:00+00:00, run_after=2025-08-27T00:00:00+00:00
[2025-08-27T18:19:17.574+0000] {processor.py:175} INFO - Processing /home/airflow/.local/lib/python3.7/site-packages/airflow/example_dags/example_nested_branch_dag.py took 0.062 seconds
[2025-08-27T19:39:50.123+0000] {processor.py:153} INFO - Started process (PID=24223) to work on /home/airflow/.local/lib/python3.7/site-packages/airflow/example_dags/example_nested_branch_dag.py
[2025-08-27T19:39:50.124+0000] {processor.py:743} INFO - Processing file /home/airflow/.local/lib/python3.7/site-packages/airflow/example_dags/example_nested_branch_dag.py for tasks to queue
[2025-08-27T19:39:50.124+0000] {logging_mixin.py:137} INFO - [2025-08-27T19:39:50.124+0000] {dagbag.py:538} INFO - Filling up the DagBag from /home/airflow/.local/lib/python3.7/site-packages/airflow/example_dags/example_nested_branch_dag.py
[2025-08-27T19:39:50.138+0000] {processor.py:753} INFO - DAG(s) dict_keys(['example_nested_branch_dag']) retrieved from /home/airflow/.local/lib/python3.7/site-packages/airflow/example_dags/example_nested_branch_dag.py
[2025-08-27T19:39:50.152+0000] {logging_mixin.py:137} INFO - [2025-08-27T19:39:50.152+0000] {dag.py:2690} INFO - Sync 1 DAGs
[2025-08-27T19:39:50.164+0000] {logging_mixin.py:137} INFO - [2025-08-27T19:39:50.164+0000] {dag.py:3441} INFO - Setting next_dagrun for example_nested_branch_dag to 2025-08-26T00:00:00+00:00, run_after=2025-08-27T00:00:00+00:00
[2025-08-27T19:39:50.174+0000] {processor.py:175} INFO - Processing /home/airflow/.local/lib/python3.7/site-packages/airflow/example_dags/example_nested_branch_dag.py took 0.053 seconds
[2025-08-27T21:01:24.682+0000] {processor.py:153} INFO - Started process (PID=24303) to work on /home/airflow/.local/lib/python3.7/site-packages/airflow/example_dags/example_nested_branch_dag.py
[2025-08-27T21:01:24.683+0000] {processor.py:743} INFO - Processing file /home/airflow/.local/lib/python3.7/site-packages/airflow/example_dags/example_nested_branch_dag.py for tasks to queue
[2025-08-27T21:01:24.684+0000] {logging_mixin.py:137} INFO - [2025-08-27T21:01:24.684+0000] {dagbag.py:538} INFO - Filling up the DagBag from /home/airflow/.local/lib/python3.7/site-packages/airflow/example_dags/example_nested_branch_dag.py
[2025-08-27T21:01:24.702+0000] {processor.py:753} INFO - DAG(s) dict_keys(['example_nested_branch_dag']) retrieved from /home/airflow/.local/lib/python3.7/site-packages/airflow/example_dags/example_nested_branch_dag.py
[2025-08-27T21:01:24.721+0000] {logging_mixin.py:137} INFO - [2025-08-27T21:01:24.721+0000] {dag.py:2690} INFO - Sync 1 DAGs
[2025-08-27T21:01:24.738+0000] {logging_mixin.py:137} INFO - [2025-08-27T21:01:24.738+0000] {dag.py:3441} INFO - Setting next_dagrun for example_nested_branch_dag to 2025-08-26T00:00:00+00:00, run_after=2025-08-27T00:00:00+00:00
[2025-08-27T21:01:24.754+0000] {processor.py:175} INFO - Processing /home/airflow/.local/lib/python3.7/site-packages/airflow/example_dags/example_nested_branch_dag.py took 0.075 seconds
[2025-08-27T21:51:50.069+0000] {processor.py:153} INFO - Started process (PID=24403) to work on /home/airflow/.local/lib/python3.7/site-packages/airflow/example_dags/example_nested_branch_dag.py
[2025-08-27T21:51:50.069+0000] {processor.py:743} INFO - Processing file /home/airflow/.local/lib/python3.7/site-packages/airflow/example_dags/example_nested_branch_dag.py for tasks to queue
[2025-08-27T21:51:50.070+0000] {logging_mixin.py:137} INFO - [2025-08-27T21:51:50.070+0000] {dagbag.py:538} INFO - Filling up the DagBag from /home/airflow/.local/lib/python3.7/site-packages/airflow/example_dags/example_nested_branch_dag.py
[2025-08-27T21:51:50.079+0000] {processor.py:753} INFO - DAG(s) dict_keys(['example_nested_branch_dag']) retrieved from /home/airflow/.local/lib/python3.7/site-packages/airflow/example_dags/example_nested_branch_dag.py
[2025-08-27T21:51:50.091+0000] {logging_mixin.py:137} INFO - [2025-08-27T21:51:50.091+0000] {dag.py:2690} INFO - Sync 1 DAGs
[2025-08-27T21:51:50.101+0000] {logging_mixin.py:137} INFO - [2025-08-27T21:51:50.101+0000] {dag.py:3441} INFO - Setting next_dagrun for example_nested_branch_dag to 2025-08-26T00:00:00+00:00, run_after=2025-08-27T00:00:00+00:00
[2025-08-27T21:51:50.108+0000] {processor.py:175} INFO - Processing /home/airflow/.local/lib/python3.7/site-packages/airflow/example_dags/example_nested_branch_dag.py took 0.040 seconds
[2025-08-27T23:29:05.924+0000] {processor.py:153} INFO - Started process (PID=24503) to work on /home/airflow/.local/lib/python3.7/site-packages/airflow/example_dags/example_nested_branch_dag.py
[2025-08-27T23:29:05.925+0000] {processor.py:743} INFO - Processing file /home/airflow/.local/lib/python3.7/site-packages/airflow/example_dags/example_nested_branch_dag.py for tasks to queue
[2025-08-27T23:29:05.927+0000] {logging_mixin.py:137} INFO - [2025-08-27T23:29:05.927+0000] {dagbag.py:538} INFO - Filling up the DagBag from /home/airflow/.local/lib/python3.7/site-packages/airflow/example_dags/example_nested_branch_dag.py
[2025-08-27T23:29:05.943+0000] {processor.py:753} INFO - DAG(s) dict_keys(['example_nested_branch_dag']) retrieved from /home/airflow/.local/lib/python3.7/site-packages/airflow/example_dags/example_nested_branch_dag.py
[2025-08-27T23:29:05.959+0000] {logging_mixin.py:137} INFO - [2025-08-27T23:29:05.959+0000] {dag.py:2690} INFO - Sync 1 DAGs
[2025-08-27T23:29:05.974+0000] {logging_mixin.py:137} INFO - [2025-08-27T23:29:05.973+0000] {dag.py:3441} INFO - Setting next_dagrun for example_nested_branch_dag to 2025-08-26T00:00:00+00:00, run_after=2025-08-27T00:00:00+00:00
[2025-08-27T23:29:05.985+0000] {processor.py:175} INFO - Processing /home/airflow/.local/lib/python3.7/site-packages/airflow/example_dags/example_nested_branch_dag.py took 0.063 seconds
