[2025-08-27T00:46:29.220+0000] {processor.py:153} INFO - Started process (PID=19494) to work on /home/airflow/.local/lib/python3.7/site-packages/airflow/example_dags/example_trigger_controller_dag.py
[2025-08-27T00:46:29.221+0000] {processor.py:743} INFO - Processing file /home/airflow/.local/lib/python3.7/site-packages/airflow/example_dags/example_trigger_controller_dag.py for tasks to queue
[2025-08-27T00:46:29.221+0000] {logging_mixin.py:137} INFO - [2025-08-27T00:46:29.221+0000] {dagbag.py:538} INFO - Filling up the DagBag from /home/airflow/.local/lib/python3.7/site-packages/airflow/example_dags/example_trigger_controller_dag.py
[2025-08-27T00:46:29.226+0000] {processor.py:753} INFO - DAG(s) dict_keys(['example_trigger_controller_dag']) retrieved from /home/airflow/.local/lib/python3.7/site-packages/airflow/example_dags/example_trigger_controller_dag.py
[2025-08-27T00:46:29.238+0000] {logging_mixin.py:137} INFO - [2025-08-27T00:46:29.238+0000] {dag.py:2690} INFO - Sync 1 DAGs
[2025-08-27T00:46:29.247+0000] {logging_mixin.py:137} INFO - [2025-08-27T00:46:29.247+0000] {dag.py:3441} INFO - Setting next_dagrun for example_trigger_controller_dag to 2021-01-01T00:00:00+00:00, run_after=2021-01-01T00:00:00+00:00
[2025-08-27T00:46:29.256+0000] {processor.py:175} INFO - Processing /home/airflow/.local/lib/python3.7/site-packages/airflow/example_dags/example_trigger_controller_dag.py took 0.038 seconds
[2025-08-27T02:21:51.125+0000] {processor.py:153} INFO - Started process (PID=19574) to work on /home/airflow/.local/lib/python3.7/site-packages/airflow/example_dags/example_trigger_controller_dag.py
[2025-08-27T02:21:51.125+0000] {processor.py:743} INFO - Processing file /home/airflow/.local/lib/python3.7/site-packages/airflow/example_dags/example_trigger_controller_dag.py for tasks to queue
[2025-08-27T02:21:51.126+0000] {logging_mixin.py:137} INFO - [2025-08-27T02:21:51.125+0000] {dagbag.py:538} INFO - Filling up the DagBag from /home/airflow/.local/lib/python3.7/site-packages/airflow/example_dags/example_trigger_controller_dag.py
[2025-08-27T02:21:51.130+0000] {processor.py:753} INFO - DAG(s) dict_keys(['example_trigger_controller_dag']) retrieved from /home/airflow/.local/lib/python3.7/site-packages/airflow/example_dags/example_trigger_controller_dag.py
[2025-08-27T02:21:51.141+0000] {logging_mixin.py:137} INFO - [2025-08-27T02:21:51.141+0000] {dag.py:2690} INFO - Sync 1 DAGs
[2025-08-27T02:21:51.151+0000] {logging_mixin.py:137} INFO - [2025-08-27T02:21:51.151+0000] {dag.py:3441} INFO - Setting next_dagrun for example_trigger_controller_dag to 2021-01-01T00:00:00+00:00, run_after=2021-01-01T00:00:00+00:00
[2025-08-27T02:21:51.159+0000] {processor.py:175} INFO - Processing /home/airflow/.local/lib/python3.7/site-packages/airflow/example_dags/example_trigger_controller_dag.py took 0.035 seconds
[2025-08-27T02:37:29.809+0000] {processor.py:153} INFO - Started process (PID=19674) to work on /home/airflow/.local/lib/python3.7/site-packages/airflow/example_dags/example_trigger_controller_dag.py
[2025-08-27T02:37:29.810+0000] {processor.py:743} INFO - Processing file /home/airflow/.local/lib/python3.7/site-packages/airflow/example_dags/example_trigger_controller_dag.py for tasks to queue
[2025-08-27T02:37:29.810+0000] {logging_mixin.py:137} INFO - [2025-08-27T02:37:29.810+0000] {dagbag.py:538} INFO - Filling up the DagBag from /home/airflow/.local/lib/python3.7/site-packages/airflow/example_dags/example_trigger_controller_dag.py
[2025-08-27T02:37:29.815+0000] {processor.py:753} INFO - DAG(s) dict_keys(['example_trigger_controller_dag']) retrieved from /home/airflow/.local/lib/python3.7/site-packages/airflow/example_dags/example_trigger_controller_dag.py
[2025-08-27T02:37:29.825+0000] {logging_mixin.py:137} INFO - [2025-08-27T02:37:29.825+0000] {dag.py:2690} INFO - Sync 1 DAGs
[2025-08-27T02:37:29.835+0000] {logging_mixin.py:137} INFO - [2025-08-27T02:37:29.835+0000] {dag.py:3441} INFO - Setting next_dagrun for example_trigger_controller_dag to 2021-01-01T00:00:00+00:00, run_after=2021-01-01T00:00:00+00:00
[2025-08-27T02:37:29.842+0000] {processor.py:175} INFO - Processing /home/airflow/.local/lib/python3.7/site-packages/airflow/example_dags/example_trigger_controller_dag.py took 0.035 seconds
[2025-08-27T03:02:26.178+0000] {processor.py:153} INFO - Started process (PID=19774) to work on /home/airflow/.local/lib/python3.7/site-packages/airflow/example_dags/example_trigger_controller_dag.py
[2025-08-27T03:02:26.179+0000] {processor.py:743} INFO - Processing file /home/airflow/.local/lib/python3.7/site-packages/airflow/example_dags/example_trigger_controller_dag.py for tasks to queue
[2025-08-27T03:02:26.179+0000] {logging_mixin.py:137} INFO - [2025-08-27T03:02:26.179+0000] {dagbag.py:538} INFO - Filling up the DagBag from /home/airflow/.local/lib/python3.7/site-packages/airflow/example_dags/example_trigger_controller_dag.py
[2025-08-27T03:02:26.184+0000] {processor.py:753} INFO - DAG(s) dict_keys(['example_trigger_controller_dag']) retrieved from /home/airflow/.local/lib/python3.7/site-packages/airflow/example_dags/example_trigger_controller_dag.py
[2025-08-27T03:02:26.193+0000] {logging_mixin.py:137} INFO - [2025-08-27T03:02:26.193+0000] {dag.py:2690} INFO - Sync 1 DAGs
[2025-08-27T03:02:26.202+0000] {logging_mixin.py:137} INFO - [2025-08-27T03:02:26.202+0000] {dag.py:3441} INFO - Setting next_dagrun for example_trigger_controller_dag to 2021-01-01T00:00:00+00:00, run_after=2021-01-01T00:00:00+00:00
[2025-08-27T03:02:26.209+0000] {processor.py:175} INFO - Processing /home/airflow/.local/lib/python3.7/site-packages/airflow/example_dags/example_trigger_controller_dag.py took 0.032 seconds
[2025-08-27T03:13:53.480+0000] {processor.py:153} INFO - Started process (PID=19873) to work on /home/airflow/.local/lib/python3.7/site-packages/airflow/example_dags/example_trigger_controller_dag.py
[2025-08-27T03:13:53.480+0000] {processor.py:743} INFO - Processing file /home/airflow/.local/lib/python3.7/site-packages/airflow/example_dags/example_trigger_controller_dag.py for tasks to queue
[2025-08-27T03:13:53.480+0000] {logging_mixin.py:137} INFO - [2025-08-27T03:13:53.480+0000] {dagbag.py:538} INFO - Filling up the DagBag from /home/airflow/.local/lib/python3.7/site-packages/airflow/example_dags/example_trigger_controller_dag.py
[2025-08-27T03:13:53.485+0000] {processor.py:753} INFO - DAG(s) dict_keys(['example_trigger_controller_dag']) retrieved from /home/airflow/.local/lib/python3.7/site-packages/airflow/example_dags/example_trigger_controller_dag.py
[2025-08-27T03:13:53.500+0000] {logging_mixin.py:137} INFO - [2025-08-27T03:13:53.500+0000] {dag.py:2690} INFO - Sync 1 DAGs
[2025-08-27T03:13:53.514+0000] {logging_mixin.py:137} INFO - [2025-08-27T03:13:53.514+0000] {dag.py:3441} INFO - Setting next_dagrun for example_trigger_controller_dag to 2021-01-01T00:00:00+00:00, run_after=2021-01-01T00:00:00+00:00
[2025-08-27T03:13:53.522+0000] {processor.py:175} INFO - Processing /home/airflow/.local/lib/python3.7/site-packages/airflow/example_dags/example_trigger_controller_dag.py took 0.045 seconds
[2025-08-27T03:33:08.934+0000] {processor.py:153} INFO - Started process (PID=19953) to work on /home/airflow/.local/lib/python3.7/site-packages/airflow/example_dags/example_trigger_controller_dag.py
[2025-08-27T03:33:08.935+0000] {processor.py:743} INFO - Processing file /home/airflow/.local/lib/python3.7/site-packages/airflow/example_dags/example_trigger_controller_dag.py for tasks to queue
[2025-08-27T03:33:08.936+0000] {logging_mixin.py:137} INFO - [2025-08-27T03:33:08.936+0000] {dagbag.py:538} INFO - Filling up the DagBag from /home/airflow/.local/lib/python3.7/site-packages/airflow/example_dags/example_trigger_controller_dag.py
[2025-08-27T03:33:08.949+0000] {processor.py:753} INFO - DAG(s) dict_keys(['example_trigger_controller_dag']) retrieved from /home/airflow/.local/lib/python3.7/site-packages/airflow/example_dags/example_trigger_controller_dag.py
[2025-08-27T03:33:08.973+0000] {logging_mixin.py:137} INFO - [2025-08-27T03:33:08.973+0000] {dag.py:2690} INFO - Sync 1 DAGs
[2025-08-27T03:33:09.003+0000] {logging_mixin.py:137} INFO - [2025-08-27T03:33:09.003+0000] {dag.py:3441} INFO - Setting next_dagrun for example_trigger_controller_dag to 2021-01-01T00:00:00+00:00, run_after=2021-01-01T00:00:00+00:00
[2025-08-27T03:33:09.030+0000] {processor.py:175} INFO - Processing /home/airflow/.local/lib/python3.7/site-packages/airflow/example_dags/example_trigger_controller_dag.py took 0.099 seconds
[2025-08-27T04:45:10.074+0000] {processor.py:153} INFO - Started process (PID=20053) to work on /home/airflow/.local/lib/python3.7/site-packages/airflow/example_dags/example_trigger_controller_dag.py
[2025-08-27T04:45:10.074+0000] {processor.py:743} INFO - Processing file /home/airflow/.local/lib/python3.7/site-packages/airflow/example_dags/example_trigger_controller_dag.py for tasks to queue
[2025-08-27T04:45:10.075+0000] {logging_mixin.py:137} INFO - [2025-08-27T04:45:10.075+0000] {dagbag.py:538} INFO - Filling up the DagBag from /home/airflow/.local/lib/python3.7/site-packages/airflow/example_dags/example_trigger_controller_dag.py
[2025-08-27T04:45:10.081+0000] {processor.py:753} INFO - DAG(s) dict_keys(['example_trigger_controller_dag']) retrieved from /home/airflow/.local/lib/python3.7/site-packages/airflow/example_dags/example_trigger_controller_dag.py
[2025-08-27T04:45:10.100+0000] {logging_mixin.py:137} INFO - [2025-08-27T04:45:10.100+0000] {dag.py:2690} INFO - Sync 1 DAGs
[2025-08-27T04:45:10.117+0000] {logging_mixin.py:137} INFO - [2025-08-27T04:45:10.116+0000] {dag.py:3441} INFO - Setting next_dagrun for example_trigger_controller_dag to 2021-01-01T00:00:00+00:00, run_after=2021-01-01T00:00:00+00:00
[2025-08-27T04:45:10.132+0000] {processor.py:175} INFO - Processing /home/airflow/.local/lib/python3.7/site-packages/airflow/example_dags/example_trigger_controller_dag.py took 0.061 seconds
[2025-08-27T04:49:55.648+0000] {processor.py:153} INFO - Started process (PID=20153) to work on /home/airflow/.local/lib/python3.7/site-packages/airflow/example_dags/example_trigger_controller_dag.py
[2025-08-27T04:49:55.649+0000] {processor.py:743} INFO - Processing file /home/airflow/.local/lib/python3.7/site-packages/airflow/example_dags/example_trigger_controller_dag.py for tasks to queue
[2025-08-27T04:49:55.649+0000] {logging_mixin.py:137} INFO - [2025-08-27T04:49:55.649+0000] {dagbag.py:538} INFO - Filling up the DagBag from /home/airflow/.local/lib/python3.7/site-packages/airflow/example_dags/example_trigger_controller_dag.py
[2025-08-27T04:49:55.656+0000] {processor.py:753} INFO - DAG(s) dict_keys(['example_trigger_controller_dag']) retrieved from /home/airflow/.local/lib/python3.7/site-packages/airflow/example_dags/example_trigger_controller_dag.py
[2025-08-27T04:49:55.672+0000] {logging_mixin.py:137} INFO - [2025-08-27T04:49:55.672+0000] {dag.py:2690} INFO - Sync 1 DAGs
[2025-08-27T04:49:55.684+0000] {logging_mixin.py:137} INFO - [2025-08-27T04:49:55.684+0000] {dag.py:3441} INFO - Setting next_dagrun for example_trigger_controller_dag to 2021-01-01T00:00:00+00:00, run_after=2021-01-01T00:00:00+00:00
[2025-08-27T04:49:55.692+0000] {processor.py:175} INFO - Processing /home/airflow/.local/lib/python3.7/site-packages/airflow/example_dags/example_trigger_controller_dag.py took 0.045 seconds
[2025-08-27T05:35:08.977+0000] {processor.py:153} INFO - Started process (PID=20233) to work on /home/airflow/.local/lib/python3.7/site-packages/airflow/example_dags/example_trigger_controller_dag.py
[2025-08-27T05:35:08.977+0000] {processor.py:743} INFO - Processing file /home/airflow/.local/lib/python3.7/site-packages/airflow/example_dags/example_trigger_controller_dag.py for tasks to queue
[2025-08-27T05:35:08.978+0000] {logging_mixin.py:137} INFO - [2025-08-27T05:35:08.978+0000] {dagbag.py:538} INFO - Filling up the DagBag from /home/airflow/.local/lib/python3.7/site-packages/airflow/example_dags/example_trigger_controller_dag.py
[2025-08-27T05:35:08.984+0000] {processor.py:753} INFO - DAG(s) dict_keys(['example_trigger_controller_dag']) retrieved from /home/airflow/.local/lib/python3.7/site-packages/airflow/example_dags/example_trigger_controller_dag.py
[2025-08-27T05:35:08.995+0000] {logging_mixin.py:137} INFO - [2025-08-27T05:35:08.995+0000] {dag.py:2690} INFO - Sync 1 DAGs
[2025-08-27T05:35:09.008+0000] {logging_mixin.py:137} INFO - [2025-08-27T05:35:09.008+0000] {dag.py:3441} INFO - Setting next_dagrun for example_trigger_controller_dag to 2021-01-01T00:00:00+00:00, run_after=2021-01-01T00:00:00+00:00
[2025-08-27T05:35:09.016+0000] {processor.py:175} INFO - Processing /home/airflow/.local/lib/python3.7/site-packages/airflow/example_dags/example_trigger_controller_dag.py took 0.041 seconds
[2025-08-27T06:12:36.944+0000] {processor.py:153} INFO - Started process (PID=20333) to work on /home/airflow/.local/lib/python3.7/site-packages/airflow/example_dags/example_trigger_controller_dag.py
[2025-08-27T06:12:36.945+0000] {processor.py:743} INFO - Processing file /home/airflow/.local/lib/python3.7/site-packages/airflow/example_dags/example_trigger_controller_dag.py for tasks to queue
[2025-08-27T06:12:36.947+0000] {logging_mixin.py:137} INFO - [2025-08-27T06:12:36.946+0000] {dagbag.py:538} INFO - Filling up the DagBag from /home/airflow/.local/lib/python3.7/site-packages/airflow/example_dags/example_trigger_controller_dag.py
[2025-08-27T06:12:36.963+0000] {processor.py:753} INFO - DAG(s) dict_keys(['example_trigger_controller_dag']) retrieved from /home/airflow/.local/lib/python3.7/site-packages/airflow/example_dags/example_trigger_controller_dag.py
[2025-08-27T06:12:37.006+0000] {logging_mixin.py:137} INFO - [2025-08-27T06:12:37.006+0000] {dag.py:2690} INFO - Sync 1 DAGs
[2025-08-27T06:12:37.033+0000] {logging_mixin.py:137} INFO - [2025-08-27T06:12:37.032+0000] {dag.py:3441} INFO - Setting next_dagrun for example_trigger_controller_dag to 2021-01-01T00:00:00+00:00, run_after=2021-01-01T00:00:00+00:00
[2025-08-27T06:12:37.052+0000] {processor.py:175} INFO - Processing /home/airflow/.local/lib/python3.7/site-packages/airflow/example_dags/example_trigger_controller_dag.py took 0.111 seconds
[2025-08-27T06:55:18.747+0000] {processor.py:153} INFO - Started process (PID=20433) to work on /home/airflow/.local/lib/python3.7/site-packages/airflow/example_dags/example_trigger_controller_dag.py
[2025-08-27T06:55:18.748+0000] {processor.py:743} INFO - Processing file /home/airflow/.local/lib/python3.7/site-packages/airflow/example_dags/example_trigger_controller_dag.py for tasks to queue
[2025-08-27T06:55:18.748+0000] {logging_mixin.py:137} INFO - [2025-08-27T06:55:18.748+0000] {dagbag.py:538} INFO - Filling up the DagBag from /home/airflow/.local/lib/python3.7/site-packages/airflow/example_dags/example_trigger_controller_dag.py
[2025-08-27T06:55:18.753+0000] {processor.py:753} INFO - DAG(s) dict_keys(['example_trigger_controller_dag']) retrieved from /home/airflow/.local/lib/python3.7/site-packages/airflow/example_dags/example_trigger_controller_dag.py
[2025-08-27T06:55:18.763+0000] {logging_mixin.py:137} INFO - [2025-08-27T06:55:18.763+0000] {dag.py:2690} INFO - Sync 1 DAGs
[2025-08-27T06:55:18.773+0000] {logging_mixin.py:137} INFO - [2025-08-27T06:55:18.773+0000] {dag.py:3441} INFO - Setting next_dagrun for example_trigger_controller_dag to 2021-01-01T00:00:00+00:00, run_after=2021-01-01T00:00:00+00:00
[2025-08-27T06:55:18.780+0000] {processor.py:175} INFO - Processing /home/airflow/.local/lib/python3.7/site-packages/airflow/example_dags/example_trigger_controller_dag.py took 0.034 seconds
[2025-08-27T07:53:52.095+0000] {processor.py:153} INFO - Started process (PID=20533) to work on /home/airflow/.local/lib/python3.7/site-packages/airflow/example_dags/example_trigger_controller_dag.py
[2025-08-27T07:53:52.096+0000] {processor.py:743} INFO - Processing file /home/airflow/.local/lib/python3.7/site-packages/airflow/example_dags/example_trigger_controller_dag.py for tasks to queue
[2025-08-27T07:53:52.096+0000] {logging_mixin.py:137} INFO - [2025-08-27T07:53:52.096+0000] {dagbag.py:538} INFO - Filling up the DagBag from /home/airflow/.local/lib/python3.7/site-packages/airflow/example_dags/example_trigger_controller_dag.py
[2025-08-27T07:53:52.101+0000] {processor.py:753} INFO - DAG(s) dict_keys(['example_trigger_controller_dag']) retrieved from /home/airflow/.local/lib/python3.7/site-packages/airflow/example_dags/example_trigger_controller_dag.py
[2025-08-27T07:53:52.113+0000] {logging_mixin.py:137} INFO - [2025-08-27T07:53:52.113+0000] {dag.py:2690} INFO - Sync 1 DAGs
[2025-08-27T07:53:52.124+0000] {logging_mixin.py:137} INFO - [2025-08-27T07:53:52.124+0000] {dag.py:3441} INFO - Setting next_dagrun for example_trigger_controller_dag to 2021-01-01T00:00:00+00:00, run_after=2021-01-01T00:00:00+00:00
[2025-08-27T07:53:52.133+0000] {processor.py:175} INFO - Processing /home/airflow/.local/lib/python3.7/site-packages/airflow/example_dags/example_trigger_controller_dag.py took 0.039 seconds
[2025-08-27T08:23:39.365+0000] {processor.py:153} INFO - Started process (PID=20613) to work on /home/airflow/.local/lib/python3.7/site-packages/airflow/example_dags/example_trigger_controller_dag.py
[2025-08-27T08:23:39.365+0000] {processor.py:743} INFO - Processing file /home/airflow/.local/lib/python3.7/site-packages/airflow/example_dags/example_trigger_controller_dag.py for tasks to queue
[2025-08-27T08:23:39.366+0000] {logging_mixin.py:137} INFO - [2025-08-27T08:23:39.365+0000] {dagbag.py:538} INFO - Filling up the DagBag from /home/airflow/.local/lib/python3.7/site-packages/airflow/example_dags/example_trigger_controller_dag.py
[2025-08-27T08:23:39.371+0000] {processor.py:753} INFO - DAG(s) dict_keys(['example_trigger_controller_dag']) retrieved from /home/airflow/.local/lib/python3.7/site-packages/airflow/example_dags/example_trigger_controller_dag.py
[2025-08-27T08:23:39.381+0000] {logging_mixin.py:137} INFO - [2025-08-27T08:23:39.381+0000] {dag.py:2690} INFO - Sync 1 DAGs
[2025-08-27T08:23:39.390+0000] {logging_mixin.py:137} INFO - [2025-08-27T08:23:39.390+0000] {dag.py:3441} INFO - Setting next_dagrun for example_trigger_controller_dag to 2021-01-01T00:00:00+00:00, run_after=2021-01-01T00:00:00+00:00
[2025-08-27T08:23:39.397+0000] {processor.py:175} INFO - Processing /home/airflow/.local/lib/python3.7/site-packages/airflow/example_dags/example_trigger_controller_dag.py took 0.034 seconds
[2025-08-27T09:35:50.620+0000] {processor.py:153} INFO - Started process (PID=20713) to work on /home/airflow/.local/lib/python3.7/site-packages/airflow/example_dags/example_trigger_controller_dag.py
[2025-08-27T09:35:50.620+0000] {processor.py:743} INFO - Processing file /home/airflow/.local/lib/python3.7/site-packages/airflow/example_dags/example_trigger_controller_dag.py for tasks to queue
[2025-08-27T09:35:50.621+0000] {logging_mixin.py:137} INFO - [2025-08-27T09:35:50.621+0000] {dagbag.py:538} INFO - Filling up the DagBag from /home/airflow/.local/lib/python3.7/site-packages/airflow/example_dags/example_trigger_controller_dag.py
[2025-08-27T09:35:50.626+0000] {processor.py:753} INFO - DAG(s) dict_keys(['example_trigger_controller_dag']) retrieved from /home/airflow/.local/lib/python3.7/site-packages/airflow/example_dags/example_trigger_controller_dag.py
[2025-08-27T09:35:50.637+0000] {logging_mixin.py:137} INFO - [2025-08-27T09:35:50.637+0000] {dag.py:2690} INFO - Sync 1 DAGs
[2025-08-27T09:35:50.647+0000] {logging_mixin.py:137} INFO - [2025-08-27T09:35:50.647+0000] {dag.py:3441} INFO - Setting next_dagrun for example_trigger_controller_dag to 2021-01-01T00:00:00+00:00, run_after=2021-01-01T00:00:00+00:00
[2025-08-27T09:35:50.654+0000] {processor.py:175} INFO - Processing /home/airflow/.local/lib/python3.7/site-packages/airflow/example_dags/example_trigger_controller_dag.py took 0.036 seconds
[2025-08-27T09:36:49.488+0000] {processor.py:153} INFO - Started process (PID=20813) to work on /home/airflow/.local/lib/python3.7/site-packages/airflow/example_dags/example_trigger_controller_dag.py
[2025-08-27T09:36:49.488+0000] {processor.py:743} INFO - Processing file /home/airflow/.local/lib/python3.7/site-packages/airflow/example_dags/example_trigger_controller_dag.py for tasks to queue
[2025-08-27T09:36:49.489+0000] {logging_mixin.py:137} INFO - [2025-08-27T09:36:49.489+0000] {dagbag.py:538} INFO - Filling up the DagBag from /home/airflow/.local/lib/python3.7/site-packages/airflow/example_dags/example_trigger_controller_dag.py
[2025-08-27T09:36:49.494+0000] {processor.py:753} INFO - DAG(s) dict_keys(['example_trigger_controller_dag']) retrieved from /home/airflow/.local/lib/python3.7/site-packages/airflow/example_dags/example_trigger_controller_dag.py
[2025-08-27T09:36:49.505+0000] {logging_mixin.py:137} INFO - [2025-08-27T09:36:49.505+0000] {dag.py:2690} INFO - Sync 1 DAGs
[2025-08-27T09:36:49.515+0000] {logging_mixin.py:137} INFO - [2025-08-27T09:36:49.515+0000] {dag.py:3441} INFO - Setting next_dagrun for example_trigger_controller_dag to 2021-01-01T00:00:00+00:00, run_after=2021-01-01T00:00:00+00:00
[2025-08-27T09:36:49.521+0000] {processor.py:175} INFO - Processing /home/airflow/.local/lib/python3.7/site-packages/airflow/example_dags/example_trigger_controller_dag.py took 0.035 seconds
[2025-08-27T09:38:52.751+0000] {processor.py:153} INFO - Started process (PID=20913) to work on /home/airflow/.local/lib/python3.7/site-packages/airflow/example_dags/example_trigger_controller_dag.py
[2025-08-27T09:38:52.752+0000] {processor.py:743} INFO - Processing file /home/airflow/.local/lib/python3.7/site-packages/airflow/example_dags/example_trigger_controller_dag.py for tasks to queue
[2025-08-27T09:38:52.752+0000] {logging_mixin.py:137} INFO - [2025-08-27T09:38:52.752+0000] {dagbag.py:538} INFO - Filling up the DagBag from /home/airflow/.local/lib/python3.7/site-packages/airflow/example_dags/example_trigger_controller_dag.py
[2025-08-27T09:38:52.757+0000] {processor.py:753} INFO - DAG(s) dict_keys(['example_trigger_controller_dag']) retrieved from /home/airflow/.local/lib/python3.7/site-packages/airflow/example_dags/example_trigger_controller_dag.py
[2025-08-27T09:38:52.771+0000] {logging_mixin.py:137} INFO - [2025-08-27T09:38:52.771+0000] {dag.py:2690} INFO - Sync 1 DAGs
[2025-08-27T09:38:52.782+0000] {logging_mixin.py:137} INFO - [2025-08-27T09:38:52.782+0000] {dag.py:3441} INFO - Setting next_dagrun for example_trigger_controller_dag to 2021-01-01T00:00:00+00:00, run_after=2021-01-01T00:00:00+00:00
[2025-08-27T09:38:52.791+0000] {processor.py:175} INFO - Processing /home/airflow/.local/lib/python3.7/site-packages/airflow/example_dags/example_trigger_controller_dag.py took 0.041 seconds
[2025-08-27T09:39:38.825+0000] {processor.py:153} INFO - Started process (PID=20993) to work on /home/airflow/.local/lib/python3.7/site-packages/airflow/example_dags/example_trigger_controller_dag.py
[2025-08-27T09:39:38.826+0000] {processor.py:743} INFO - Processing file /home/airflow/.local/lib/python3.7/site-packages/airflow/example_dags/example_trigger_controller_dag.py for tasks to queue
[2025-08-27T09:39:38.826+0000] {logging_mixin.py:137} INFO - [2025-08-27T09:39:38.826+0000] {dagbag.py:538} INFO - Filling up the DagBag from /home/airflow/.local/lib/python3.7/site-packages/airflow/example_dags/example_trigger_controller_dag.py
[2025-08-27T09:39:38.831+0000] {processor.py:753} INFO - DAG(s) dict_keys(['example_trigger_controller_dag']) retrieved from /home/airflow/.local/lib/python3.7/site-packages/airflow/example_dags/example_trigger_controller_dag.py
[2025-08-27T09:39:38.841+0000] {logging_mixin.py:137} INFO - [2025-08-27T09:39:38.841+0000] {dag.py:2690} INFO - Sync 1 DAGs
[2025-08-27T09:39:38.850+0000] {logging_mixin.py:137} INFO - [2025-08-27T09:39:38.850+0000] {dag.py:3441} INFO - Setting next_dagrun for example_trigger_controller_dag to 2021-01-01T00:00:00+00:00, run_after=2021-01-01T00:00:00+00:00
[2025-08-27T09:39:38.858+0000] {processor.py:175} INFO - Processing /home/airflow/.local/lib/python3.7/site-packages/airflow/example_dags/example_trigger_controller_dag.py took 0.034 seconds
[2025-08-27T09:50:06.413+0000] {processor.py:153} INFO - Started process (PID=21093) to work on /home/airflow/.local/lib/python3.7/site-packages/airflow/example_dags/example_trigger_controller_dag.py
[2025-08-27T09:50:06.413+0000] {processor.py:743} INFO - Processing file /home/airflow/.local/lib/python3.7/site-packages/airflow/example_dags/example_trigger_controller_dag.py for tasks to queue
[2025-08-27T09:50:06.414+0000] {logging_mixin.py:137} INFO - [2025-08-27T09:50:06.414+0000] {dagbag.py:538} INFO - Filling up the DagBag from /home/airflow/.local/lib/python3.7/site-packages/airflow/example_dags/example_trigger_controller_dag.py
[2025-08-27T09:50:06.425+0000] {processor.py:753} INFO - DAG(s) dict_keys(['example_trigger_controller_dag']) retrieved from /home/airflow/.local/lib/python3.7/site-packages/airflow/example_dags/example_trigger_controller_dag.py
[2025-08-27T09:50:06.443+0000] {logging_mixin.py:137} INFO - [2025-08-27T09:50:06.443+0000] {dag.py:2690} INFO - Sync 1 DAGs
[2025-08-27T09:50:06.455+0000] {logging_mixin.py:137} INFO - [2025-08-27T09:50:06.455+0000] {dag.py:3441} INFO - Setting next_dagrun for example_trigger_controller_dag to 2021-01-01T00:00:00+00:00, run_after=2021-01-01T00:00:00+00:00
[2025-08-27T09:50:06.468+0000] {processor.py:175} INFO - Processing /home/airflow/.local/lib/python3.7/site-packages/airflow/example_dags/example_trigger_controller_dag.py took 0.057 seconds
[2025-08-27T11:12:45.768+0000] {processor.py:153} INFO - Started process (PID=21193) to work on /home/airflow/.local/lib/python3.7/site-packages/airflow/example_dags/example_trigger_controller_dag.py
[2025-08-27T11:12:45.768+0000] {processor.py:743} INFO - Processing file /home/airflow/.local/lib/python3.7/site-packages/airflow/example_dags/example_trigger_controller_dag.py for tasks to queue
[2025-08-27T11:12:45.769+0000] {logging_mixin.py:137} INFO - [2025-08-27T11:12:45.769+0000] {dagbag.py:538} INFO - Filling up the DagBag from /home/airflow/.local/lib/python3.7/site-packages/airflow/example_dags/example_trigger_controller_dag.py
[2025-08-27T11:12:45.774+0000] {processor.py:753} INFO - DAG(s) dict_keys(['example_trigger_controller_dag']) retrieved from /home/airflow/.local/lib/python3.7/site-packages/airflow/example_dags/example_trigger_controller_dag.py
[2025-08-27T11:12:45.785+0000] {logging_mixin.py:137} INFO - [2025-08-27T11:12:45.785+0000] {dag.py:2690} INFO - Sync 1 DAGs
[2025-08-27T11:12:45.796+0000] {logging_mixin.py:137} INFO - [2025-08-27T11:12:45.796+0000] {dag.py:3441} INFO - Setting next_dagrun for example_trigger_controller_dag to 2021-01-01T00:00:00+00:00, run_after=2021-01-01T00:00:00+00:00
[2025-08-27T11:12:45.804+0000] {processor.py:175} INFO - Processing /home/airflow/.local/lib/python3.7/site-packages/airflow/example_dags/example_trigger_controller_dag.py took 0.037 seconds
[2025-08-27T11:34:31.091+0000] {processor.py:153} INFO - Started process (PID=21273) to work on /home/airflow/.local/lib/python3.7/site-packages/airflow/example_dags/example_trigger_controller_dag.py
[2025-08-27T11:34:31.092+0000] {processor.py:743} INFO - Processing file /home/airflow/.local/lib/python3.7/site-packages/airflow/example_dags/example_trigger_controller_dag.py for tasks to queue
[2025-08-27T11:34:31.092+0000] {logging_mixin.py:137} INFO - [2025-08-27T11:34:31.092+0000] {dagbag.py:538} INFO - Filling up the DagBag from /home/airflow/.local/lib/python3.7/site-packages/airflow/example_dags/example_trigger_controller_dag.py
[2025-08-27T11:34:31.097+0000] {processor.py:753} INFO - DAG(s) dict_keys(['example_trigger_controller_dag']) retrieved from /home/airflow/.local/lib/python3.7/site-packages/airflow/example_dags/example_trigger_controller_dag.py
[2025-08-27T11:34:31.109+0000] {logging_mixin.py:137} INFO - [2025-08-27T11:34:31.109+0000] {dag.py:2690} INFO - Sync 1 DAGs
[2025-08-27T11:34:31.120+0000] {logging_mixin.py:137} INFO - [2025-08-27T11:34:31.120+0000] {dag.py:3441} INFO - Setting next_dagrun for example_trigger_controller_dag to 2021-01-01T00:00:00+00:00, run_after=2021-01-01T00:00:00+00:00
[2025-08-27T11:34:31.128+0000] {processor.py:175} INFO - Processing /home/airflow/.local/lib/python3.7/site-packages/airflow/example_dags/example_trigger_controller_dag.py took 0.039 seconds
[2025-08-27T11:51:12.958+0000] {processor.py:153} INFO - Started process (PID=21373) to work on /home/airflow/.local/lib/python3.7/site-packages/airflow/example_dags/example_trigger_controller_dag.py
[2025-08-27T11:51:12.959+0000] {processor.py:743} INFO - Processing file /home/airflow/.local/lib/python3.7/site-packages/airflow/example_dags/example_trigger_controller_dag.py for tasks to queue
[2025-08-27T11:51:12.959+0000] {logging_mixin.py:137} INFO - [2025-08-27T11:51:12.959+0000] {dagbag.py:538} INFO - Filling up the DagBag from /home/airflow/.local/lib/python3.7/site-packages/airflow/example_dags/example_trigger_controller_dag.py
[2025-08-27T11:51:12.967+0000] {processor.py:753} INFO - DAG(s) dict_keys(['example_trigger_controller_dag']) retrieved from /home/airflow/.local/lib/python3.7/site-packages/airflow/example_dags/example_trigger_controller_dag.py
[2025-08-27T11:51:12.988+0000] {logging_mixin.py:137} INFO - [2025-08-27T11:51:12.987+0000] {dag.py:2690} INFO - Sync 1 DAGs
[2025-08-27T11:51:13.004+0000] {logging_mixin.py:137} INFO - [2025-08-27T11:51:13.004+0000] {dag.py:3441} INFO - Setting next_dagrun for example_trigger_controller_dag to 2021-01-01T00:00:00+00:00, run_after=2021-01-01T00:00:00+00:00
[2025-08-27T11:51:13.019+0000] {processor.py:175} INFO - Processing /home/airflow/.local/lib/python3.7/site-packages/airflow/example_dags/example_trigger_controller_dag.py took 0.063 seconds
[2025-08-27T11:53:11.646+0000] {processor.py:153} INFO - Started process (PID=21473) to work on /home/airflow/.local/lib/python3.7/site-packages/airflow/example_dags/example_trigger_controller_dag.py
[2025-08-27T11:53:11.647+0000] {processor.py:743} INFO - Processing file /home/airflow/.local/lib/python3.7/site-packages/airflow/example_dags/example_trigger_controller_dag.py for tasks to queue
[2025-08-27T11:53:11.647+0000] {logging_mixin.py:137} INFO - [2025-08-27T11:53:11.647+0000] {dagbag.py:538} INFO - Filling up the DagBag from /home/airflow/.local/lib/python3.7/site-packages/airflow/example_dags/example_trigger_controller_dag.py
[2025-08-27T11:53:11.652+0000] {processor.py:753} INFO - DAG(s) dict_keys(['example_trigger_controller_dag']) retrieved from /home/airflow/.local/lib/python3.7/site-packages/airflow/example_dags/example_trigger_controller_dag.py
[2025-08-27T11:53:11.664+0000] {logging_mixin.py:137} INFO - [2025-08-27T11:53:11.664+0000] {dag.py:2690} INFO - Sync 1 DAGs
[2025-08-27T11:53:11.674+0000] {logging_mixin.py:137} INFO - [2025-08-27T11:53:11.674+0000] {dag.py:3441} INFO - Setting next_dagrun for example_trigger_controller_dag to 2021-01-01T00:00:00+00:00, run_after=2021-01-01T00:00:00+00:00
[2025-08-27T11:53:11.682+0000] {processor.py:175} INFO - Processing /home/airflow/.local/lib/python3.7/site-packages/airflow/example_dags/example_trigger_controller_dag.py took 0.037 seconds
[2025-08-27T11:58:53.055+0000] {processor.py:153} INFO - Started process (PID=21573) to work on /home/airflow/.local/lib/python3.7/site-packages/airflow/example_dags/example_trigger_controller_dag.py
[2025-08-27T11:58:53.056+0000] {processor.py:743} INFO - Processing file /home/airflow/.local/lib/python3.7/site-packages/airflow/example_dags/example_trigger_controller_dag.py for tasks to queue
[2025-08-27T11:58:53.056+0000] {logging_mixin.py:137} INFO - [2025-08-27T11:58:53.056+0000] {dagbag.py:538} INFO - Filling up the DagBag from /home/airflow/.local/lib/python3.7/site-packages/airflow/example_dags/example_trigger_controller_dag.py
[2025-08-27T11:58:53.061+0000] {processor.py:753} INFO - DAG(s) dict_keys(['example_trigger_controller_dag']) retrieved from /home/airflow/.local/lib/python3.7/site-packages/airflow/example_dags/example_trigger_controller_dag.py
[2025-08-27T11:58:53.072+0000] {logging_mixin.py:137} INFO - [2025-08-27T11:58:53.072+0000] {dag.py:2690} INFO - Sync 1 DAGs
[2025-08-27T11:58:53.082+0000] {logging_mixin.py:137} INFO - [2025-08-27T11:58:53.082+0000] {dag.py:3441} INFO - Setting next_dagrun for example_trigger_controller_dag to 2021-01-01T00:00:00+00:00, run_after=2021-01-01T00:00:00+00:00
[2025-08-27T11:58:53.092+0000] {processor.py:175} INFO - Processing /home/airflow/.local/lib/python3.7/site-packages/airflow/example_dags/example_trigger_controller_dag.py took 0.038 seconds
[2025-08-27T12:11:20.308+0000] {processor.py:153} INFO - Started process (PID=21653) to work on /home/airflow/.local/lib/python3.7/site-packages/airflow/example_dags/example_trigger_controller_dag.py
[2025-08-27T12:11:20.309+0000] {processor.py:743} INFO - Processing file /home/airflow/.local/lib/python3.7/site-packages/airflow/example_dags/example_trigger_controller_dag.py for tasks to queue
[2025-08-27T12:11:20.309+0000] {logging_mixin.py:137} INFO - [2025-08-27T12:11:20.309+0000] {dagbag.py:538} INFO - Filling up the DagBag from /home/airflow/.local/lib/python3.7/site-packages/airflow/example_dags/example_trigger_controller_dag.py
[2025-08-27T12:11:20.315+0000] {processor.py:753} INFO - DAG(s) dict_keys(['example_trigger_controller_dag']) retrieved from /home/airflow/.local/lib/python3.7/site-packages/airflow/example_dags/example_trigger_controller_dag.py
[2025-08-27T12:11:20.327+0000] {logging_mixin.py:137} INFO - [2025-08-27T12:11:20.327+0000] {dag.py:2690} INFO - Sync 1 DAGs
[2025-08-27T12:11:20.337+0000] {logging_mixin.py:137} INFO - [2025-08-27T12:11:20.337+0000] {dag.py:3441} INFO - Setting next_dagrun for example_trigger_controller_dag to 2021-01-01T00:00:00+00:00, run_after=2021-01-01T00:00:00+00:00
[2025-08-27T12:11:20.346+0000] {processor.py:175} INFO - Processing /home/airflow/.local/lib/python3.7/site-packages/airflow/example_dags/example_trigger_controller_dag.py took 0.039 seconds
[2025-08-27T12:14:24.435+0000] {processor.py:153} INFO - Started process (PID=21753) to work on /home/airflow/.local/lib/python3.7/site-packages/airflow/example_dags/example_trigger_controller_dag.py
[2025-08-27T12:14:24.436+0000] {processor.py:743} INFO - Processing file /home/airflow/.local/lib/python3.7/site-packages/airflow/example_dags/example_trigger_controller_dag.py for tasks to queue
[2025-08-27T12:14:24.436+0000] {logging_mixin.py:137} INFO - [2025-08-27T12:14:24.436+0000] {dagbag.py:538} INFO - Filling up the DagBag from /home/airflow/.local/lib/python3.7/site-packages/airflow/example_dags/example_trigger_controller_dag.py
[2025-08-27T12:14:24.441+0000] {processor.py:753} INFO - DAG(s) dict_keys(['example_trigger_controller_dag']) retrieved from /home/airflow/.local/lib/python3.7/site-packages/airflow/example_dags/example_trigger_controller_dag.py
[2025-08-27T12:14:24.455+0000] {logging_mixin.py:137} INFO - [2025-08-27T12:14:24.455+0000] {dag.py:2690} INFO - Sync 1 DAGs
[2025-08-27T12:14:24.470+0000] {logging_mixin.py:137} INFO - [2025-08-27T12:14:24.470+0000] {dag.py:3441} INFO - Setting next_dagrun for example_trigger_controller_dag to 2021-01-01T00:00:00+00:00, run_after=2021-01-01T00:00:00+00:00
[2025-08-27T12:14:24.479+0000] {processor.py:175} INFO - Processing /home/airflow/.local/lib/python3.7/site-packages/airflow/example_dags/example_trigger_controller_dag.py took 0.045 seconds
[2025-08-27T12:27:57.044+0000] {processor.py:153} INFO - Started process (PID=21853) to work on /home/airflow/.local/lib/python3.7/site-packages/airflow/example_dags/example_trigger_controller_dag.py
[2025-08-27T12:27:57.044+0000] {processor.py:743} INFO - Processing file /home/airflow/.local/lib/python3.7/site-packages/airflow/example_dags/example_trigger_controller_dag.py for tasks to queue
[2025-08-27T12:27:57.045+0000] {logging_mixin.py:137} INFO - [2025-08-27T12:27:57.045+0000] {dagbag.py:538} INFO - Filling up the DagBag from /home/airflow/.local/lib/python3.7/site-packages/airflow/example_dags/example_trigger_controller_dag.py
[2025-08-27T12:27:57.051+0000] {processor.py:753} INFO - DAG(s) dict_keys(['example_trigger_controller_dag']) retrieved from /home/airflow/.local/lib/python3.7/site-packages/airflow/example_dags/example_trigger_controller_dag.py
[2025-08-27T12:27:57.064+0000] {logging_mixin.py:137} INFO - [2025-08-27T12:27:57.064+0000] {dag.py:2690} INFO - Sync 1 DAGs
[2025-08-27T12:27:57.075+0000] {logging_mixin.py:137} INFO - [2025-08-27T12:27:57.075+0000] {dag.py:3441} INFO - Setting next_dagrun for example_trigger_controller_dag to 2021-01-01T00:00:00+00:00, run_after=2021-01-01T00:00:00+00:00
[2025-08-27T12:27:57.082+0000] {processor.py:175} INFO - Processing /home/airflow/.local/lib/python3.7/site-packages/airflow/example_dags/example_trigger_controller_dag.py took 0.040 seconds
[2025-08-27T12:38:25.276+0000] {processor.py:153} INFO - Started process (PID=21933) to work on /home/airflow/.local/lib/python3.7/site-packages/airflow/example_dags/example_trigger_controller_dag.py
[2025-08-27T12:38:25.278+0000] {processor.py:743} INFO - Processing file /home/airflow/.local/lib/python3.7/site-packages/airflow/example_dags/example_trigger_controller_dag.py for tasks to queue
[2025-08-27T12:38:25.278+0000] {logging_mixin.py:137} INFO - [2025-08-27T12:38:25.278+0000] {dagbag.py:538} INFO - Filling up the DagBag from /home/airflow/.local/lib/python3.7/site-packages/airflow/example_dags/example_trigger_controller_dag.py
[2025-08-27T12:38:25.289+0000] {processor.py:753} INFO - DAG(s) dict_keys(['example_trigger_controller_dag']) retrieved from /home/airflow/.local/lib/python3.7/site-packages/airflow/example_dags/example_trigger_controller_dag.py
[2025-08-27T12:38:25.313+0000] {logging_mixin.py:137} INFO - [2025-08-27T12:38:25.313+0000] {dag.py:2690} INFO - Sync 1 DAGs
[2025-08-27T12:38:25.331+0000] {logging_mixin.py:137} INFO - [2025-08-27T12:38:25.331+0000] {dag.py:3441} INFO - Setting next_dagrun for example_trigger_controller_dag to 2021-01-01T00:00:00+00:00, run_after=2021-01-01T00:00:00+00:00
[2025-08-27T12:38:25.343+0000] {processor.py:175} INFO - Processing /home/airflow/.local/lib/python3.7/site-packages/airflow/example_dags/example_trigger_controller_dag.py took 0.070 seconds
[2025-08-27T12:57:12.134+0000] {processor.py:153} INFO - Started process (PID=22033) to work on /home/airflow/.local/lib/python3.7/site-packages/airflow/example_dags/example_trigger_controller_dag.py
[2025-08-27T12:57:12.135+0000] {processor.py:743} INFO - Processing file /home/airflow/.local/lib/python3.7/site-packages/airflow/example_dags/example_trigger_controller_dag.py for tasks to queue
[2025-08-27T12:57:12.135+0000] {logging_mixin.py:137} INFO - [2025-08-27T12:57:12.135+0000] {dagbag.py:538} INFO - Filling up the DagBag from /home/airflow/.local/lib/python3.7/site-packages/airflow/example_dags/example_trigger_controller_dag.py
[2025-08-27T12:57:12.143+0000] {processor.py:753} INFO - DAG(s) dict_keys(['example_trigger_controller_dag']) retrieved from /home/airflow/.local/lib/python3.7/site-packages/airflow/example_dags/example_trigger_controller_dag.py
[2025-08-27T12:57:12.160+0000] {logging_mixin.py:137} INFO - [2025-08-27T12:57:12.160+0000] {dag.py:2690} INFO - Sync 1 DAGs
[2025-08-27T12:57:12.174+0000] {logging_mixin.py:137} INFO - [2025-08-27T12:57:12.173+0000] {dag.py:3441} INFO - Setting next_dagrun for example_trigger_controller_dag to 2021-01-01T00:00:00+00:00, run_after=2021-01-01T00:00:00+00:00
[2025-08-27T12:57:12.189+0000] {processor.py:175} INFO - Processing /home/airflow/.local/lib/python3.7/site-packages/airflow/example_dags/example_trigger_controller_dag.py took 0.057 seconds
[2025-08-27T12:57:42.686+0000] {processor.py:153} INFO - Started process (PID=22133) to work on /home/airflow/.local/lib/python3.7/site-packages/airflow/example_dags/example_trigger_controller_dag.py
[2025-08-27T12:57:42.687+0000] {processor.py:743} INFO - Processing file /home/airflow/.local/lib/python3.7/site-packages/airflow/example_dags/example_trigger_controller_dag.py for tasks to queue
[2025-08-27T12:57:42.687+0000] {logging_mixin.py:137} INFO - [2025-08-27T12:57:42.687+0000] {dagbag.py:538} INFO - Filling up the DagBag from /home/airflow/.local/lib/python3.7/site-packages/airflow/example_dags/example_trigger_controller_dag.py
[2025-08-27T12:57:42.693+0000] {processor.py:753} INFO - DAG(s) dict_keys(['example_trigger_controller_dag']) retrieved from /home/airflow/.local/lib/python3.7/site-packages/airflow/example_dags/example_trigger_controller_dag.py
[2025-08-27T12:57:42.704+0000] {logging_mixin.py:137} INFO - [2025-08-27T12:57:42.703+0000] {dag.py:2690} INFO - Sync 1 DAGs
[2025-08-27T12:57:42.713+0000] {logging_mixin.py:137} INFO - [2025-08-27T12:57:42.713+0000] {dag.py:3441} INFO - Setting next_dagrun for example_trigger_controller_dag to 2021-01-01T00:00:00+00:00, run_after=2021-01-01T00:00:00+00:00
[2025-08-27T12:57:42.720+0000] {processor.py:175} INFO - Processing /home/airflow/.local/lib/python3.7/site-packages/airflow/example_dags/example_trigger_controller_dag.py took 0.036 seconds
[2025-08-27T13:27:10.480+0000] {processor.py:153} INFO - Started process (PID=22233) to work on /home/airflow/.local/lib/python3.7/site-packages/airflow/example_dags/example_trigger_controller_dag.py
[2025-08-27T13:27:10.482+0000] {processor.py:743} INFO - Processing file /home/airflow/.local/lib/python3.7/site-packages/airflow/example_dags/example_trigger_controller_dag.py for tasks to queue
[2025-08-27T13:27:10.482+0000] {logging_mixin.py:137} INFO - [2025-08-27T13:27:10.482+0000] {dagbag.py:538} INFO - Filling up the DagBag from /home/airflow/.local/lib/python3.7/site-packages/airflow/example_dags/example_trigger_controller_dag.py
[2025-08-27T13:27:10.488+0000] {processor.py:753} INFO - DAG(s) dict_keys(['example_trigger_controller_dag']) retrieved from /home/airflow/.local/lib/python3.7/site-packages/airflow/example_dags/example_trigger_controller_dag.py
[2025-08-27T13:27:10.505+0000] {logging_mixin.py:137} INFO - [2025-08-27T13:27:10.505+0000] {dag.py:2690} INFO - Sync 1 DAGs
[2025-08-27T13:27:10.518+0000] {logging_mixin.py:137} INFO - [2025-08-27T13:27:10.517+0000] {dag.py:3441} INFO - Setting next_dagrun for example_trigger_controller_dag to 2021-01-01T00:00:00+00:00, run_after=2021-01-01T00:00:00+00:00
[2025-08-27T13:27:10.526+0000] {processor.py:175} INFO - Processing /home/airflow/.local/lib/python3.7/site-packages/airflow/example_dags/example_trigger_controller_dag.py took 0.048 seconds
[2025-08-27T13:30:12.538+0000] {processor.py:153} INFO - Started process (PID=22313) to work on /home/airflow/.local/lib/python3.7/site-packages/airflow/example_dags/example_trigger_controller_dag.py
[2025-08-27T13:30:12.539+0000] {processor.py:743} INFO - Processing file /home/airflow/.local/lib/python3.7/site-packages/airflow/example_dags/example_trigger_controller_dag.py for tasks to queue
[2025-08-27T13:30:12.541+0000] {logging_mixin.py:137} INFO - [2025-08-27T13:30:12.540+0000] {dagbag.py:538} INFO - Filling up the DagBag from /home/airflow/.local/lib/python3.7/site-packages/airflow/example_dags/example_trigger_controller_dag.py
[2025-08-27T13:30:12.557+0000] {processor.py:753} INFO - DAG(s) dict_keys(['example_trigger_controller_dag']) retrieved from /home/airflow/.local/lib/python3.7/site-packages/airflow/example_dags/example_trigger_controller_dag.py
[2025-08-27T13:30:12.603+0000] {logging_mixin.py:137} INFO - [2025-08-27T13:30:12.603+0000] {dag.py:2690} INFO - Sync 1 DAGs
[2025-08-27T13:30:12.638+0000] {logging_mixin.py:137} INFO - [2025-08-27T13:30:12.638+0000] {dag.py:3441} INFO - Setting next_dagrun for example_trigger_controller_dag to 2021-01-01T00:00:00+00:00, run_after=2021-01-01T00:00:00+00:00
[2025-08-27T13:30:12.667+0000] {processor.py:175} INFO - Processing /home/airflow/.local/lib/python3.7/site-packages/airflow/example_dags/example_trigger_controller_dag.py took 0.132 seconds
[2025-08-27T13:37:06.322+0000] {processor.py:153} INFO - Started process (PID=22413) to work on /home/airflow/.local/lib/python3.7/site-packages/airflow/example_dags/example_trigger_controller_dag.py
[2025-08-27T13:37:06.324+0000] {processor.py:743} INFO - Processing file /home/airflow/.local/lib/python3.7/site-packages/airflow/example_dags/example_trigger_controller_dag.py for tasks to queue
[2025-08-27T13:37:06.324+0000] {logging_mixin.py:137} INFO - [2025-08-27T13:37:06.324+0000] {dagbag.py:538} INFO - Filling up the DagBag from /home/airflow/.local/lib/python3.7/site-packages/airflow/example_dags/example_trigger_controller_dag.py
[2025-08-27T13:37:06.332+0000] {processor.py:753} INFO - DAG(s) dict_keys(['example_trigger_controller_dag']) retrieved from /home/airflow/.local/lib/python3.7/site-packages/airflow/example_dags/example_trigger_controller_dag.py
[2025-08-27T13:37:06.351+0000] {logging_mixin.py:137} INFO - [2025-08-27T13:37:06.350+0000] {dag.py:2690} INFO - Sync 1 DAGs
[2025-08-27T13:37:06.371+0000] {logging_mixin.py:137} INFO - [2025-08-27T13:37:06.371+0000] {dag.py:3441} INFO - Setting next_dagrun for example_trigger_controller_dag to 2021-01-01T00:00:00+00:00, run_after=2021-01-01T00:00:00+00:00
[2025-08-27T13:37:06.383+0000] {processor.py:175} INFO - Processing /home/airflow/.local/lib/python3.7/site-packages/airflow/example_dags/example_trigger_controller_dag.py took 0.063 seconds
[2025-08-27T13:51:01.234+0000] {processor.py:153} INFO - Started process (PID=22513) to work on /home/airflow/.local/lib/python3.7/site-packages/airflow/example_dags/example_trigger_controller_dag.py
[2025-08-27T13:51:01.234+0000] {processor.py:743} INFO - Processing file /home/airflow/.local/lib/python3.7/site-packages/airflow/example_dags/example_trigger_controller_dag.py for tasks to queue
[2025-08-27T13:51:01.235+0000] {logging_mixin.py:137} INFO - [2025-08-27T13:51:01.235+0000] {dagbag.py:538} INFO - Filling up the DagBag from /home/airflow/.local/lib/python3.7/site-packages/airflow/example_dags/example_trigger_controller_dag.py
[2025-08-27T13:51:01.241+0000] {processor.py:753} INFO - DAG(s) dict_keys(['example_trigger_controller_dag']) retrieved from /home/airflow/.local/lib/python3.7/site-packages/airflow/example_dags/example_trigger_controller_dag.py
[2025-08-27T13:51:01.255+0000] {logging_mixin.py:137} INFO - [2025-08-27T13:51:01.255+0000] {dag.py:2690} INFO - Sync 1 DAGs
[2025-08-27T13:51:01.266+0000] {logging_mixin.py:137} INFO - [2025-08-27T13:51:01.266+0000] {dag.py:3441} INFO - Setting next_dagrun for example_trigger_controller_dag to 2021-01-01T00:00:00+00:00, run_after=2021-01-01T00:00:00+00:00
[2025-08-27T13:51:01.274+0000] {processor.py:175} INFO - Processing /home/airflow/.local/lib/python3.7/site-packages/airflow/example_dags/example_trigger_controller_dag.py took 0.043 seconds
[2025-08-27T14:01:05.746+0000] {processor.py:153} INFO - Started process (PID=22593) to work on /home/airflow/.local/lib/python3.7/site-packages/airflow/example_dags/example_trigger_controller_dag.py
[2025-08-27T14:01:05.747+0000] {processor.py:743} INFO - Processing file /home/airflow/.local/lib/python3.7/site-packages/airflow/example_dags/example_trigger_controller_dag.py for tasks to queue
[2025-08-27T14:01:05.747+0000] {logging_mixin.py:137} INFO - [2025-08-27T14:01:05.747+0000] {dagbag.py:538} INFO - Filling up the DagBag from /home/airflow/.local/lib/python3.7/site-packages/airflow/example_dags/example_trigger_controller_dag.py
[2025-08-27T14:01:05.753+0000] {processor.py:753} INFO - DAG(s) dict_keys(['example_trigger_controller_dag']) retrieved from /home/airflow/.local/lib/python3.7/site-packages/airflow/example_dags/example_trigger_controller_dag.py
[2025-08-27T14:01:05.769+0000] {logging_mixin.py:137} INFO - [2025-08-27T14:01:05.769+0000] {dag.py:2690} INFO - Sync 1 DAGs
[2025-08-27T14:01:05.780+0000] {logging_mixin.py:137} INFO - [2025-08-27T14:01:05.780+0000] {dag.py:3441} INFO - Setting next_dagrun for example_trigger_controller_dag to 2021-01-01T00:00:00+00:00, run_after=2021-01-01T00:00:00+00:00
[2025-08-27T14:01:05.788+0000] {processor.py:175} INFO - Processing /home/airflow/.local/lib/python3.7/site-packages/airflow/example_dags/example_trigger_controller_dag.py took 0.044 seconds
[2025-08-27T14:41:12.338+0000] {processor.py:153} INFO - Started process (PID=22693) to work on /home/airflow/.local/lib/python3.7/site-packages/airflow/example_dags/example_trigger_controller_dag.py
[2025-08-27T14:41:12.340+0000] {processor.py:743} INFO - Processing file /home/airflow/.local/lib/python3.7/site-packages/airflow/example_dags/example_trigger_controller_dag.py for tasks to queue
[2025-08-27T14:41:12.340+0000] {logging_mixin.py:137} INFO - [2025-08-27T14:41:12.340+0000] {dagbag.py:538} INFO - Filling up the DagBag from /home/airflow/.local/lib/python3.7/site-packages/airflow/example_dags/example_trigger_controller_dag.py
[2025-08-27T14:41:12.348+0000] {processor.py:753} INFO - DAG(s) dict_keys(['example_trigger_controller_dag']) retrieved from /home/airflow/.local/lib/python3.7/site-packages/airflow/example_dags/example_trigger_controller_dag.py
[2025-08-27T14:41:12.361+0000] {logging_mixin.py:137} INFO - [2025-08-27T14:41:12.360+0000] {dag.py:2690} INFO - Sync 1 DAGs
[2025-08-27T14:41:12.371+0000] {logging_mixin.py:137} INFO - [2025-08-27T14:41:12.370+0000] {dag.py:3441} INFO - Setting next_dagrun for example_trigger_controller_dag to 2021-01-01T00:00:00+00:00, run_after=2021-01-01T00:00:00+00:00
[2025-08-27T14:41:12.378+0000] {processor.py:175} INFO - Processing /home/airflow/.local/lib/python3.7/site-packages/airflow/example_dags/example_trigger_controller_dag.py took 0.041 seconds
[2025-08-27T14:43:54.103+0000] {processor.py:153} INFO - Started process (PID=22793) to work on /home/airflow/.local/lib/python3.7/site-packages/airflow/example_dags/example_trigger_controller_dag.py
[2025-08-27T14:43:54.104+0000] {processor.py:743} INFO - Processing file /home/airflow/.local/lib/python3.7/site-packages/airflow/example_dags/example_trigger_controller_dag.py for tasks to queue
[2025-08-27T14:43:54.105+0000] {logging_mixin.py:137} INFO - [2025-08-27T14:43:54.104+0000] {dagbag.py:538} INFO - Filling up the DagBag from /home/airflow/.local/lib/python3.7/site-packages/airflow/example_dags/example_trigger_controller_dag.py
[2025-08-27T14:43:54.119+0000] {processor.py:753} INFO - DAG(s) dict_keys(['example_trigger_controller_dag']) retrieved from /home/airflow/.local/lib/python3.7/site-packages/airflow/example_dags/example_trigger_controller_dag.py
[2025-08-27T14:43:54.140+0000] {logging_mixin.py:137} INFO - [2025-08-27T14:43:54.140+0000] {dag.py:2690} INFO - Sync 1 DAGs
[2025-08-27T14:43:54.154+0000] {logging_mixin.py:137} INFO - [2025-08-27T14:43:54.154+0000] {dag.py:3441} INFO - Setting next_dagrun for example_trigger_controller_dag to 2021-01-01T00:00:00+00:00, run_after=2021-01-01T00:00:00+00:00
[2025-08-27T14:43:54.165+0000] {processor.py:175} INFO - Processing /home/airflow/.local/lib/python3.7/site-packages/airflow/example_dags/example_trigger_controller_dag.py took 0.065 seconds
[2025-08-27T14:54:31.498+0000] {processor.py:153} INFO - Started process (PID=22893) to work on /home/airflow/.local/lib/python3.7/site-packages/airflow/example_dags/example_trigger_controller_dag.py
[2025-08-27T14:54:31.498+0000] {processor.py:743} INFO - Processing file /home/airflow/.local/lib/python3.7/site-packages/airflow/example_dags/example_trigger_controller_dag.py for tasks to queue
[2025-08-27T14:54:31.499+0000] {logging_mixin.py:137} INFO - [2025-08-27T14:54:31.499+0000] {dagbag.py:538} INFO - Filling up the DagBag from /home/airflow/.local/lib/python3.7/site-packages/airflow/example_dags/example_trigger_controller_dag.py
[2025-08-27T14:54:31.504+0000] {processor.py:753} INFO - DAG(s) dict_keys(['example_trigger_controller_dag']) retrieved from /home/airflow/.local/lib/python3.7/site-packages/airflow/example_dags/example_trigger_controller_dag.py
[2025-08-27T14:54:31.515+0000] {logging_mixin.py:137} INFO - [2025-08-27T14:54:31.515+0000] {dag.py:2690} INFO - Sync 1 DAGs
[2025-08-27T14:54:31.525+0000] {logging_mixin.py:137} INFO - [2025-08-27T14:54:31.525+0000] {dag.py:3441} INFO - Setting next_dagrun for example_trigger_controller_dag to 2021-01-01T00:00:00+00:00, run_after=2021-01-01T00:00:00+00:00
[2025-08-27T14:54:31.532+0000] {processor.py:175} INFO - Processing /home/airflow/.local/lib/python3.7/site-packages/airflow/example_dags/example_trigger_controller_dag.py took 0.036 seconds
[2025-08-27T15:01:38.856+0000] {processor.py:153} INFO - Started process (PID=22973) to work on /home/airflow/.local/lib/python3.7/site-packages/airflow/example_dags/example_trigger_controller_dag.py
[2025-08-27T15:01:38.859+0000] {processor.py:743} INFO - Processing file /home/airflow/.local/lib/python3.7/site-packages/airflow/example_dags/example_trigger_controller_dag.py for tasks to queue
[2025-08-27T15:01:38.859+0000] {logging_mixin.py:137} INFO - [2025-08-27T15:01:38.859+0000] {dagbag.py:538} INFO - Filling up the DagBag from /home/airflow/.local/lib/python3.7/site-packages/airflow/example_dags/example_trigger_controller_dag.py
[2025-08-27T15:01:38.866+0000] {processor.py:753} INFO - DAG(s) dict_keys(['example_trigger_controller_dag']) retrieved from /home/airflow/.local/lib/python3.7/site-packages/airflow/example_dags/example_trigger_controller_dag.py
[2025-08-27T15:01:38.881+0000] {logging_mixin.py:137} INFO - [2025-08-27T15:01:38.881+0000] {dag.py:2690} INFO - Sync 1 DAGs
[2025-08-27T15:01:38.899+0000] {logging_mixin.py:137} INFO - [2025-08-27T15:01:38.899+0000] {dag.py:3441} INFO - Setting next_dagrun for example_trigger_controller_dag to 2021-01-01T00:00:00+00:00, run_after=2021-01-01T00:00:00+00:00
[2025-08-27T15:01:38.923+0000] {processor.py:175} INFO - Processing /home/airflow/.local/lib/python3.7/site-packages/airflow/example_dags/example_trigger_controller_dag.py took 0.069 seconds
[2025-08-27T15:08:09.369+0000] {processor.py:153} INFO - Started process (PID=23073) to work on /home/airflow/.local/lib/python3.7/site-packages/airflow/example_dags/example_trigger_controller_dag.py
[2025-08-27T15:08:09.369+0000] {processor.py:743} INFO - Processing file /home/airflow/.local/lib/python3.7/site-packages/airflow/example_dags/example_trigger_controller_dag.py for tasks to queue
[2025-08-27T15:08:09.369+0000] {logging_mixin.py:137} INFO - [2025-08-27T15:08:09.369+0000] {dagbag.py:538} INFO - Filling up the DagBag from /home/airflow/.local/lib/python3.7/site-packages/airflow/example_dags/example_trigger_controller_dag.py
[2025-08-27T15:08:09.375+0000] {processor.py:753} INFO - DAG(s) dict_keys(['example_trigger_controller_dag']) retrieved from /home/airflow/.local/lib/python3.7/site-packages/airflow/example_dags/example_trigger_controller_dag.py
[2025-08-27T15:08:09.386+0000] {logging_mixin.py:137} INFO - [2025-08-27T15:08:09.386+0000] {dag.py:2690} INFO - Sync 1 DAGs
[2025-08-27T15:08:09.397+0000] {logging_mixin.py:137} INFO - [2025-08-27T15:08:09.396+0000] {dag.py:3441} INFO - Setting next_dagrun for example_trigger_controller_dag to 2021-01-01T00:00:00+00:00, run_after=2021-01-01T00:00:00+00:00
[2025-08-27T15:08:09.406+0000] {processor.py:175} INFO - Processing /home/airflow/.local/lib/python3.7/site-packages/airflow/example_dags/example_trigger_controller_dag.py took 0.039 seconds
[2025-08-27T15:18:52.005+0000] {processor.py:153} INFO - Started process (PID=23173) to work on /home/airflow/.local/lib/python3.7/site-packages/airflow/example_dags/example_trigger_controller_dag.py
[2025-08-27T15:18:52.006+0000] {processor.py:743} INFO - Processing file /home/airflow/.local/lib/python3.7/site-packages/airflow/example_dags/example_trigger_controller_dag.py for tasks to queue
[2025-08-27T15:18:52.006+0000] {logging_mixin.py:137} INFO - [2025-08-27T15:18:52.006+0000] {dagbag.py:538} INFO - Filling up the DagBag from /home/airflow/.local/lib/python3.7/site-packages/airflow/example_dags/example_trigger_controller_dag.py
[2025-08-27T15:18:52.011+0000] {processor.py:753} INFO - DAG(s) dict_keys(['example_trigger_controller_dag']) retrieved from /home/airflow/.local/lib/python3.7/site-packages/airflow/example_dags/example_trigger_controller_dag.py
[2025-08-27T15:18:52.025+0000] {logging_mixin.py:137} INFO - [2025-08-27T15:18:52.025+0000] {dag.py:2690} INFO - Sync 1 DAGs
[2025-08-27T15:18:52.037+0000] {logging_mixin.py:137} INFO - [2025-08-27T15:18:52.037+0000] {dag.py:3441} INFO - Setting next_dagrun for example_trigger_controller_dag to 2021-01-01T00:00:00+00:00, run_after=2021-01-01T00:00:00+00:00
[2025-08-27T15:18:52.045+0000] {processor.py:175} INFO - Processing /home/airflow/.local/lib/python3.7/site-packages/airflow/example_dags/example_trigger_controller_dag.py took 0.041 seconds
[2025-08-27T15:19:36.703+0000] {processor.py:153} INFO - Started process (PID=23253) to work on /home/airflow/.local/lib/python3.7/site-packages/airflow/example_dags/example_trigger_controller_dag.py
[2025-08-27T15:19:36.703+0000] {processor.py:743} INFO - Processing file /home/airflow/.local/lib/python3.7/site-packages/airflow/example_dags/example_trigger_controller_dag.py for tasks to queue
[2025-08-27T15:19:36.704+0000] {logging_mixin.py:137} INFO - [2025-08-27T15:19:36.704+0000] {dagbag.py:538} INFO - Filling up the DagBag from /home/airflow/.local/lib/python3.7/site-packages/airflow/example_dags/example_trigger_controller_dag.py
[2025-08-27T15:19:36.709+0000] {processor.py:753} INFO - DAG(s) dict_keys(['example_trigger_controller_dag']) retrieved from /home/airflow/.local/lib/python3.7/site-packages/airflow/example_dags/example_trigger_controller_dag.py
[2025-08-27T15:19:36.721+0000] {logging_mixin.py:137} INFO - [2025-08-27T15:19:36.721+0000] {dag.py:2690} INFO - Sync 1 DAGs
[2025-08-27T15:19:36.730+0000] {logging_mixin.py:137} INFO - [2025-08-27T15:19:36.730+0000] {dag.py:3441} INFO - Setting next_dagrun for example_trigger_controller_dag to 2021-01-01T00:00:00+00:00, run_after=2021-01-01T00:00:00+00:00
[2025-08-27T15:19:36.736+0000] {processor.py:175} INFO - Processing /home/airflow/.local/lib/python3.7/site-packages/airflow/example_dags/example_trigger_controller_dag.py took 0.035 seconds
[2025-08-27T15:21:52.672+0000] {processor.py:153} INFO - Started process (PID=23353) to work on /home/airflow/.local/lib/python3.7/site-packages/airflow/example_dags/example_trigger_controller_dag.py
[2025-08-27T15:21:52.673+0000] {processor.py:743} INFO - Processing file /home/airflow/.local/lib/python3.7/site-packages/airflow/example_dags/example_trigger_controller_dag.py for tasks to queue
[2025-08-27T15:21:52.673+0000] {logging_mixin.py:137} INFO - [2025-08-27T15:21:52.673+0000] {dagbag.py:538} INFO - Filling up the DagBag from /home/airflow/.local/lib/python3.7/site-packages/airflow/example_dags/example_trigger_controller_dag.py
[2025-08-27T15:21:52.678+0000] {processor.py:753} INFO - DAG(s) dict_keys(['example_trigger_controller_dag']) retrieved from /home/airflow/.local/lib/python3.7/site-packages/airflow/example_dags/example_trigger_controller_dag.py
[2025-08-27T15:21:52.688+0000] {logging_mixin.py:137} INFO - [2025-08-27T15:21:52.688+0000] {dag.py:2690} INFO - Sync 1 DAGs
[2025-08-27T15:21:52.698+0000] {logging_mixin.py:137} INFO - [2025-08-27T15:21:52.698+0000] {dag.py:3441} INFO - Setting next_dagrun for example_trigger_controller_dag to 2021-01-01T00:00:00+00:00, run_after=2021-01-01T00:00:00+00:00
[2025-08-27T15:21:52.705+0000] {processor.py:175} INFO - Processing /home/airflow/.local/lib/python3.7/site-packages/airflow/example_dags/example_trigger_controller_dag.py took 0.034 seconds
[2025-08-27T15:25:58.387+0000] {processor.py:153} INFO - Started process (PID=23453) to work on /home/airflow/.local/lib/python3.7/site-packages/airflow/example_dags/example_trigger_controller_dag.py
[2025-08-27T15:25:58.389+0000] {processor.py:743} INFO - Processing file /home/airflow/.local/lib/python3.7/site-packages/airflow/example_dags/example_trigger_controller_dag.py for tasks to queue
[2025-08-27T15:25:58.390+0000] {logging_mixin.py:137} INFO - [2025-08-27T15:25:58.390+0000] {dagbag.py:538} INFO - Filling up the DagBag from /home/airflow/.local/lib/python3.7/site-packages/airflow/example_dags/example_trigger_controller_dag.py
[2025-08-27T15:25:58.400+0000] {processor.py:753} INFO - DAG(s) dict_keys(['example_trigger_controller_dag']) retrieved from /home/airflow/.local/lib/python3.7/site-packages/airflow/example_dags/example_trigger_controller_dag.py
[2025-08-27T15:25:58.424+0000] {logging_mixin.py:137} INFO - [2025-08-27T15:25:58.424+0000] {dag.py:2690} INFO - Sync 1 DAGs
[2025-08-27T15:25:58.447+0000] {logging_mixin.py:137} INFO - [2025-08-27T15:25:58.447+0000] {dag.py:3441} INFO - Setting next_dagrun for example_trigger_controller_dag to 2021-01-01T00:00:00+00:00, run_after=2021-01-01T00:00:00+00:00
[2025-08-27T15:25:58.463+0000] {processor.py:175} INFO - Processing /home/airflow/.local/lib/python3.7/site-packages/airflow/example_dags/example_trigger_controller_dag.py took 0.078 seconds
[2025-08-27T16:00:39.771+0000] {processor.py:153} INFO - Started process (PID=23553) to work on /home/airflow/.local/lib/python3.7/site-packages/airflow/example_dags/example_trigger_controller_dag.py
[2025-08-27T16:00:39.772+0000] {processor.py:743} INFO - Processing file /home/airflow/.local/lib/python3.7/site-packages/airflow/example_dags/example_trigger_controller_dag.py for tasks to queue
[2025-08-27T16:00:39.773+0000] {logging_mixin.py:137} INFO - [2025-08-27T16:00:39.773+0000] {dagbag.py:538} INFO - Filling up the DagBag from /home/airflow/.local/lib/python3.7/site-packages/airflow/example_dags/example_trigger_controller_dag.py
[2025-08-27T16:00:39.782+0000] {processor.py:753} INFO - DAG(s) dict_keys(['example_trigger_controller_dag']) retrieved from /home/airflow/.local/lib/python3.7/site-packages/airflow/example_dags/example_trigger_controller_dag.py
[2025-08-27T16:00:39.801+0000] {logging_mixin.py:137} INFO - [2025-08-27T16:00:39.801+0000] {dag.py:2690} INFO - Sync 1 DAGs
[2025-08-27T16:00:39.822+0000] {logging_mixin.py:137} INFO - [2025-08-27T16:00:39.822+0000] {dag.py:3441} INFO - Setting next_dagrun for example_trigger_controller_dag to 2021-01-01T00:00:00+00:00, run_after=2021-01-01T00:00:00+00:00
[2025-08-27T16:00:39.845+0000] {processor.py:175} INFO - Processing /home/airflow/.local/lib/python3.7/site-packages/airflow/example_dags/example_trigger_controller_dag.py took 0.076 seconds
[2025-08-27T16:14:52.840+0000] {processor.py:153} INFO - Started process (PID=23633) to work on /home/airflow/.local/lib/python3.7/site-packages/airflow/example_dags/example_trigger_controller_dag.py
[2025-08-27T16:14:52.841+0000] {processor.py:743} INFO - Processing file /home/airflow/.local/lib/python3.7/site-packages/airflow/example_dags/example_trigger_controller_dag.py for tasks to queue
[2025-08-27T16:14:52.841+0000] {logging_mixin.py:137} INFO - [2025-08-27T16:14:52.841+0000] {dagbag.py:538} INFO - Filling up the DagBag from /home/airflow/.local/lib/python3.7/site-packages/airflow/example_dags/example_trigger_controller_dag.py
[2025-08-27T16:14:52.847+0000] {processor.py:753} INFO - DAG(s) dict_keys(['example_trigger_controller_dag']) retrieved from /home/airflow/.local/lib/python3.7/site-packages/airflow/example_dags/example_trigger_controller_dag.py
[2025-08-27T16:14:52.858+0000] {logging_mixin.py:137} INFO - [2025-08-27T16:14:52.858+0000] {dag.py:2690} INFO - Sync 1 DAGs
[2025-08-27T16:14:52.868+0000] {logging_mixin.py:137} INFO - [2025-08-27T16:14:52.868+0000] {dag.py:3441} INFO - Setting next_dagrun for example_trigger_controller_dag to 2021-01-01T00:00:00+00:00, run_after=2021-01-01T00:00:00+00:00
[2025-08-27T16:14:52.878+0000] {processor.py:175} INFO - Processing /home/airflow/.local/lib/python3.7/site-packages/airflow/example_dags/example_trigger_controller_dag.py took 0.040 seconds
[2025-08-27T16:23:10.010+0000] {processor.py:153} INFO - Started process (PID=23733) to work on /home/airflow/.local/lib/python3.7/site-packages/airflow/example_dags/example_trigger_controller_dag.py
[2025-08-27T16:23:10.010+0000] {processor.py:743} INFO - Processing file /home/airflow/.local/lib/python3.7/site-packages/airflow/example_dags/example_trigger_controller_dag.py for tasks to queue
[2025-08-27T16:23:10.011+0000] {logging_mixin.py:137} INFO - [2025-08-27T16:23:10.011+0000] {dagbag.py:538} INFO - Filling up the DagBag from /home/airflow/.local/lib/python3.7/site-packages/airflow/example_dags/example_trigger_controller_dag.py
[2025-08-27T16:23:10.018+0000] {processor.py:753} INFO - DAG(s) dict_keys(['example_trigger_controller_dag']) retrieved from /home/airflow/.local/lib/python3.7/site-packages/airflow/example_dags/example_trigger_controller_dag.py
[2025-08-27T16:23:10.033+0000] {logging_mixin.py:137} INFO - [2025-08-27T16:23:10.033+0000] {dag.py:2690} INFO - Sync 1 DAGs
[2025-08-27T16:23:10.046+0000] {logging_mixin.py:137} INFO - [2025-08-27T16:23:10.046+0000] {dag.py:3441} INFO - Setting next_dagrun for example_trigger_controller_dag to 2021-01-01T00:00:00+00:00, run_after=2021-01-01T00:00:00+00:00
[2025-08-27T16:23:10.055+0000] {processor.py:175} INFO - Processing /home/airflow/.local/lib/python3.7/site-packages/airflow/example_dags/example_trigger_controller_dag.py took 0.047 seconds
[2025-08-27T16:24:53.836+0000] {processor.py:153} INFO - Started process (PID=23833) to work on /home/airflow/.local/lib/python3.7/site-packages/airflow/example_dags/example_trigger_controller_dag.py
[2025-08-27T16:24:53.836+0000] {processor.py:743} INFO - Processing file /home/airflow/.local/lib/python3.7/site-packages/airflow/example_dags/example_trigger_controller_dag.py for tasks to queue
[2025-08-27T16:24:53.837+0000] {logging_mixin.py:137} INFO - [2025-08-27T16:24:53.837+0000] {dagbag.py:538} INFO - Filling up the DagBag from /home/airflow/.local/lib/python3.7/site-packages/airflow/example_dags/example_trigger_controller_dag.py
[2025-08-27T16:24:53.842+0000] {processor.py:753} INFO - DAG(s) dict_keys(['example_trigger_controller_dag']) retrieved from /home/airflow/.local/lib/python3.7/site-packages/airflow/example_dags/example_trigger_controller_dag.py
[2025-08-27T16:24:53.853+0000] {logging_mixin.py:137} INFO - [2025-08-27T16:24:53.853+0000] {dag.py:2690} INFO - Sync 1 DAGs
[2025-08-27T16:24:53.863+0000] {logging_mixin.py:137} INFO - [2025-08-27T16:24:53.863+0000] {dag.py:3441} INFO - Setting next_dagrun for example_trigger_controller_dag to 2021-01-01T00:00:00+00:00, run_after=2021-01-01T00:00:00+00:00
[2025-08-27T16:24:53.870+0000] {processor.py:175} INFO - Processing /home/airflow/.local/lib/python3.7/site-packages/airflow/example_dags/example_trigger_controller_dag.py took 0.036 seconds
[2025-08-27T16:30:06.922+0000] {processor.py:153} INFO - Started process (PID=23933) to work on /home/airflow/.local/lib/python3.7/site-packages/airflow/example_dags/example_trigger_controller_dag.py
[2025-08-27T16:30:06.922+0000] {processor.py:743} INFO - Processing file /home/airflow/.local/lib/python3.7/site-packages/airflow/example_dags/example_trigger_controller_dag.py for tasks to queue
[2025-08-27T16:30:06.923+0000] {logging_mixin.py:137} INFO - [2025-08-27T16:30:06.923+0000] {dagbag.py:538} INFO - Filling up the DagBag from /home/airflow/.local/lib/python3.7/site-packages/airflow/example_dags/example_trigger_controller_dag.py
[2025-08-27T16:30:06.932+0000] {processor.py:753} INFO - DAG(s) dict_keys(['example_trigger_controller_dag']) retrieved from /home/airflow/.local/lib/python3.7/site-packages/airflow/example_dags/example_trigger_controller_dag.py
[2025-08-27T16:30:06.952+0000] {logging_mixin.py:137} INFO - [2025-08-27T16:30:06.952+0000] {dag.py:2690} INFO - Sync 1 DAGs
[2025-08-27T16:30:06.971+0000] {logging_mixin.py:137} INFO - [2025-08-27T16:30:06.971+0000] {dag.py:3441} INFO - Setting next_dagrun for example_trigger_controller_dag to 2021-01-01T00:00:00+00:00, run_after=2021-01-01T00:00:00+00:00
[2025-08-27T16:30:06.984+0000] {processor.py:175} INFO - Processing /home/airflow/.local/lib/python3.7/site-packages/airflow/example_dags/example_trigger_controller_dag.py took 0.065 seconds
[2025-08-27T16:44:02.560+0000] {processor.py:153} INFO - Started process (PID=24013) to work on /home/airflow/.local/lib/python3.7/site-packages/airflow/example_dags/example_trigger_controller_dag.py
[2025-08-27T16:44:02.561+0000] {processor.py:743} INFO - Processing file /home/airflow/.local/lib/python3.7/site-packages/airflow/example_dags/example_trigger_controller_dag.py for tasks to queue
[2025-08-27T16:44:02.561+0000] {logging_mixin.py:137} INFO - [2025-08-27T16:44:02.561+0000] {dagbag.py:538} INFO - Filling up the DagBag from /home/airflow/.local/lib/python3.7/site-packages/airflow/example_dags/example_trigger_controller_dag.py
[2025-08-27T16:44:02.567+0000] {processor.py:753} INFO - DAG(s) dict_keys(['example_trigger_controller_dag']) retrieved from /home/airflow/.local/lib/python3.7/site-packages/airflow/example_dags/example_trigger_controller_dag.py
[2025-08-27T16:44:02.583+0000] {logging_mixin.py:137} INFO - [2025-08-27T16:44:02.582+0000] {dag.py:2690} INFO - Sync 1 DAGs
[2025-08-27T16:44:02.594+0000] {logging_mixin.py:137} INFO - [2025-08-27T16:44:02.593+0000] {dag.py:3441} INFO - Setting next_dagrun for example_trigger_controller_dag to 2021-01-01T00:00:00+00:00, run_after=2021-01-01T00:00:00+00:00
[2025-08-27T16:44:02.603+0000] {processor.py:175} INFO - Processing /home/airflow/.local/lib/python3.7/site-packages/airflow/example_dags/example_trigger_controller_dag.py took 0.045 seconds
[2025-08-27T18:19:17.152+0000] {processor.py:153} INFO - Started process (PID=24113) to work on /home/airflow/.local/lib/python3.7/site-packages/airflow/example_dags/example_trigger_controller_dag.py
[2025-08-27T18:19:17.153+0000] {processor.py:743} INFO - Processing file /home/airflow/.local/lib/python3.7/site-packages/airflow/example_dags/example_trigger_controller_dag.py for tasks to queue
[2025-08-27T18:19:17.157+0000] {logging_mixin.py:137} INFO - [2025-08-27T18:19:17.157+0000] {dagbag.py:538} INFO - Filling up the DagBag from /home/airflow/.local/lib/python3.7/site-packages/airflow/example_dags/example_trigger_controller_dag.py
[2025-08-27T18:19:17.166+0000] {processor.py:753} INFO - DAG(s) dict_keys(['example_trigger_controller_dag']) retrieved from /home/airflow/.local/lib/python3.7/site-packages/airflow/example_dags/example_trigger_controller_dag.py
[2025-08-27T18:19:17.195+0000] {logging_mixin.py:137} INFO - [2025-08-27T18:19:17.195+0000] {dag.py:2690} INFO - Sync 1 DAGs
[2025-08-27T18:19:17.216+0000] {logging_mixin.py:137} INFO - [2025-08-27T18:19:17.216+0000] {dag.py:3441} INFO - Setting next_dagrun for example_trigger_controller_dag to 2021-01-01T00:00:00+00:00, run_after=2021-01-01T00:00:00+00:00
[2025-08-27T18:19:17.227+0000] {processor.py:175} INFO - Processing /home/airflow/.local/lib/python3.7/site-packages/airflow/example_dags/example_trigger_controller_dag.py took 0.077 seconds
[2025-08-27T19:39:49.773+0000] {processor.py:153} INFO - Started process (PID=24213) to work on /home/airflow/.local/lib/python3.7/site-packages/airflow/example_dags/example_trigger_controller_dag.py
[2025-08-27T19:39:49.775+0000] {processor.py:743} INFO - Processing file /home/airflow/.local/lib/python3.7/site-packages/airflow/example_dags/example_trigger_controller_dag.py for tasks to queue
[2025-08-27T19:39:49.777+0000] {logging_mixin.py:137} INFO - [2025-08-27T19:39:49.776+0000] {dagbag.py:538} INFO - Filling up the DagBag from /home/airflow/.local/lib/python3.7/site-packages/airflow/example_dags/example_trigger_controller_dag.py
[2025-08-27T19:39:49.820+0000] {processor.py:753} INFO - DAG(s) dict_keys(['example_trigger_controller_dag']) retrieved from /home/airflow/.local/lib/python3.7/site-packages/airflow/example_dags/example_trigger_controller_dag.py
[2025-08-27T19:39:49.841+0000] {logging_mixin.py:137} INFO - [2025-08-27T19:39:49.841+0000] {dag.py:2690} INFO - Sync 1 DAGs
[2025-08-27T19:39:49.853+0000] {logging_mixin.py:137} INFO - [2025-08-27T19:39:49.852+0000] {dag.py:3441} INFO - Setting next_dagrun for example_trigger_controller_dag to 2021-01-01T00:00:00+00:00, run_after=2021-01-01T00:00:00+00:00
[2025-08-27T19:39:49.861+0000] {processor.py:175} INFO - Processing /home/airflow/.local/lib/python3.7/site-packages/airflow/example_dags/example_trigger_controller_dag.py took 0.089 seconds
[2025-08-27T21:01:24.196+0000] {processor.py:153} INFO - Started process (PID=24293) to work on /home/airflow/.local/lib/python3.7/site-packages/airflow/example_dags/example_trigger_controller_dag.py
[2025-08-27T21:01:24.197+0000] {processor.py:743} INFO - Processing file /home/airflow/.local/lib/python3.7/site-packages/airflow/example_dags/example_trigger_controller_dag.py for tasks to queue
[2025-08-27T21:01:24.197+0000] {logging_mixin.py:137} INFO - [2025-08-27T21:01:24.197+0000] {dagbag.py:538} INFO - Filling up the DagBag from /home/airflow/.local/lib/python3.7/site-packages/airflow/example_dags/example_trigger_controller_dag.py
[2025-08-27T21:01:24.205+0000] {processor.py:753} INFO - DAG(s) dict_keys(['example_trigger_controller_dag']) retrieved from /home/airflow/.local/lib/python3.7/site-packages/airflow/example_dags/example_trigger_controller_dag.py
[2025-08-27T21:01:24.221+0000] {logging_mixin.py:137} INFO - [2025-08-27T21:01:24.221+0000] {dag.py:2690} INFO - Sync 1 DAGs
[2025-08-27T21:01:24.233+0000] {logging_mixin.py:137} INFO - [2025-08-27T21:01:24.233+0000] {dag.py:3441} INFO - Setting next_dagrun for example_trigger_controller_dag to 2021-01-01T00:00:00+00:00, run_after=2021-01-01T00:00:00+00:00
[2025-08-27T21:01:24.243+0000] {processor.py:175} INFO - Processing /home/airflow/.local/lib/python3.7/site-packages/airflow/example_dags/example_trigger_controller_dag.py took 0.049 seconds
[2025-08-27T21:51:49.538+0000] {processor.py:153} INFO - Started process (PID=24393) to work on /home/airflow/.local/lib/python3.7/site-packages/airflow/example_dags/example_trigger_controller_dag.py
[2025-08-27T21:51:49.539+0000] {processor.py:743} INFO - Processing file /home/airflow/.local/lib/python3.7/site-packages/airflow/example_dags/example_trigger_controller_dag.py for tasks to queue
[2025-08-27T21:51:49.539+0000] {logging_mixin.py:137} INFO - [2025-08-27T21:51:49.539+0000] {dagbag.py:538} INFO - Filling up the DagBag from /home/airflow/.local/lib/python3.7/site-packages/airflow/example_dags/example_trigger_controller_dag.py
[2025-08-27T21:51:49.546+0000] {processor.py:753} INFO - DAG(s) dict_keys(['example_trigger_controller_dag']) retrieved from /home/airflow/.local/lib/python3.7/site-packages/airflow/example_dags/example_trigger_controller_dag.py
[2025-08-27T21:51:49.561+0000] {logging_mixin.py:137} INFO - [2025-08-27T21:51:49.561+0000] {dag.py:2690} INFO - Sync 1 DAGs
[2025-08-27T21:51:49.576+0000] {logging_mixin.py:137} INFO - [2025-08-27T21:51:49.576+0000] {dag.py:3441} INFO - Setting next_dagrun for example_trigger_controller_dag to 2021-01-01T00:00:00+00:00, run_after=2021-01-01T00:00:00+00:00
[2025-08-27T21:51:49.587+0000] {processor.py:175} INFO - Processing /home/airflow/.local/lib/python3.7/site-packages/airflow/example_dags/example_trigger_controller_dag.py took 0.051 seconds
[2025-08-27T23:29:05.625+0000] {processor.py:153} INFO - Started process (PID=24493) to work on /home/airflow/.local/lib/python3.7/site-packages/airflow/example_dags/example_trigger_controller_dag.py
[2025-08-27T23:29:05.626+0000] {processor.py:743} INFO - Processing file /home/airflow/.local/lib/python3.7/site-packages/airflow/example_dags/example_trigger_controller_dag.py for tasks to queue
[2025-08-27T23:29:05.626+0000] {logging_mixin.py:137} INFO - [2025-08-27T23:29:05.626+0000] {dagbag.py:538} INFO - Filling up the DagBag from /home/airflow/.local/lib/python3.7/site-packages/airflow/example_dags/example_trigger_controller_dag.py
[2025-08-27T23:29:05.632+0000] {processor.py:753} INFO - DAG(s) dict_keys(['example_trigger_controller_dag']) retrieved from /home/airflow/.local/lib/python3.7/site-packages/airflow/example_dags/example_trigger_controller_dag.py
[2025-08-27T23:29:05.643+0000] {logging_mixin.py:137} INFO - [2025-08-27T23:29:05.643+0000] {dag.py:2690} INFO - Sync 1 DAGs
[2025-08-27T23:29:05.653+0000] {logging_mixin.py:137} INFO - [2025-08-27T23:29:05.653+0000] {dag.py:3441} INFO - Setting next_dagrun for example_trigger_controller_dag to 2021-01-01T00:00:00+00:00, run_after=2021-01-01T00:00:00+00:00
[2025-08-27T23:29:05.659+0000] {processor.py:175} INFO - Processing /home/airflow/.local/lib/python3.7/site-packages/airflow/example_dags/example_trigger_controller_dag.py took 0.036 seconds
