[2025-08-27T00:46:29.687+0000] {processor.py:153} INFO - Started process (PID=19506) to work on /home/airflow/.local/lib/python3.7/site-packages/airflow/example_dags/example_latest_only.py
[2025-08-27T00:46:29.688+0000] {processor.py:743} INFO - Processing file /home/airflow/.local/lib/python3.7/site-packages/airflow/example_dags/example_latest_only.py for tasks to queue
[2025-08-27T00:46:29.688+0000] {logging_mixin.py:137} INFO - [2025-08-27T00:46:29.688+0000] {dagbag.py:538} INFO - Filling up the DagBag from /home/airflow/.local/lib/python3.7/site-packages/airflow/example_dags/example_latest_only.py
[2025-08-27T00:46:29.697+0000] {processor.py:753} INFO - DAG(s) dict_keys(['latest_only']) retrieved from /home/airflow/.local/lib/python3.7/site-packages/airflow/example_dags/example_latest_only.py
[2025-08-27T00:46:29.710+0000] {logging_mixin.py:137} INFO - [2025-08-27T00:46:29.710+0000] {dag.py:2690} INFO - Sync 1 DAGs
[2025-08-27T00:46:29.721+0000] {logging_mixin.py:137} INFO - [2025-08-27T00:46:29.721+0000] {dag.py:3441} INFO - Setting next_dagrun for latest_only to 2025-08-26T20:46:29.721019+00:00, run_after=2025-08-27T00:46:29.721019+00:00
[2025-08-27T00:46:29.729+0000] {processor.py:175} INFO - Processing /home/airflow/.local/lib/python3.7/site-packages/airflow/example_dags/example_latest_only.py took 0.044 seconds
[2025-08-27T02:21:51.454+0000] {processor.py:153} INFO - Started process (PID=19586) to work on /home/airflow/.local/lib/python3.7/site-packages/airflow/example_dags/example_latest_only.py
[2025-08-27T02:21:51.454+0000] {processor.py:743} INFO - Processing file /home/airflow/.local/lib/python3.7/site-packages/airflow/example_dags/example_latest_only.py for tasks to queue
[2025-08-27T02:21:51.455+0000] {logging_mixin.py:137} INFO - [2025-08-27T02:21:51.455+0000] {dagbag.py:538} INFO - Filling up the DagBag from /home/airflow/.local/lib/python3.7/site-packages/airflow/example_dags/example_latest_only.py
[2025-08-27T02:21:51.461+0000] {processor.py:753} INFO - DAG(s) dict_keys(['latest_only']) retrieved from /home/airflow/.local/lib/python3.7/site-packages/airflow/example_dags/example_latest_only.py
[2025-08-27T02:21:51.471+0000] {logging_mixin.py:137} INFO - [2025-08-27T02:21:51.471+0000] {dag.py:2690} INFO - Sync 1 DAGs
[2025-08-27T02:21:51.482+0000] {logging_mixin.py:137} INFO - [2025-08-27T02:21:51.482+0000] {dag.py:3441} INFO - Setting next_dagrun for latest_only to 2025-08-26T22:21:51.481901+00:00, run_after=2025-08-27T02:21:51.481901+00:00
[2025-08-27T02:21:51.489+0000] {processor.py:175} INFO - Processing /home/airflow/.local/lib/python3.7/site-packages/airflow/example_dags/example_latest_only.py took 0.037 seconds
[2025-08-27T02:37:30.296+0000] {processor.py:153} INFO - Started process (PID=19686) to work on /home/airflow/.local/lib/python3.7/site-packages/airflow/example_dags/example_latest_only.py
[2025-08-27T02:37:30.297+0000] {processor.py:743} INFO - Processing file /home/airflow/.local/lib/python3.7/site-packages/airflow/example_dags/example_latest_only.py for tasks to queue
[2025-08-27T02:37:30.297+0000] {logging_mixin.py:137} INFO - [2025-08-27T02:37:30.297+0000] {dagbag.py:538} INFO - Filling up the DagBag from /home/airflow/.local/lib/python3.7/site-packages/airflow/example_dags/example_latest_only.py
[2025-08-27T02:37:30.308+0000] {processor.py:753} INFO - DAG(s) dict_keys(['latest_only']) retrieved from /home/airflow/.local/lib/python3.7/site-packages/airflow/example_dags/example_latest_only.py
[2025-08-27T02:37:30.321+0000] {logging_mixin.py:137} INFO - [2025-08-27T02:37:30.321+0000] {dag.py:2690} INFO - Sync 1 DAGs
[2025-08-27T02:37:30.332+0000] {logging_mixin.py:137} INFO - [2025-08-27T02:37:30.332+0000] {dag.py:3441} INFO - Setting next_dagrun for latest_only to 2025-08-26T22:37:30.332557+00:00, run_after=2025-08-27T02:37:30.332557+00:00
[2025-08-27T02:37:30.341+0000] {processor.py:175} INFO - Processing /home/airflow/.local/lib/python3.7/site-packages/airflow/example_dags/example_latest_only.py took 0.047 seconds
[2025-08-27T03:02:26.544+0000] {processor.py:153} INFO - Started process (PID=19786) to work on /home/airflow/.local/lib/python3.7/site-packages/airflow/example_dags/example_latest_only.py
[2025-08-27T03:02:26.544+0000] {processor.py:743} INFO - Processing file /home/airflow/.local/lib/python3.7/site-packages/airflow/example_dags/example_latest_only.py for tasks to queue
[2025-08-27T03:02:26.545+0000] {logging_mixin.py:137} INFO - [2025-08-27T03:02:26.545+0000] {dagbag.py:538} INFO - Filling up the DagBag from /home/airflow/.local/lib/python3.7/site-packages/airflow/example_dags/example_latest_only.py
[2025-08-27T03:02:26.551+0000] {processor.py:753} INFO - DAG(s) dict_keys(['latest_only']) retrieved from /home/airflow/.local/lib/python3.7/site-packages/airflow/example_dags/example_latest_only.py
[2025-08-27T03:02:26.561+0000] {logging_mixin.py:137} INFO - [2025-08-27T03:02:26.561+0000] {dag.py:2690} INFO - Sync 1 DAGs
[2025-08-27T03:02:26.571+0000] {logging_mixin.py:137} INFO - [2025-08-27T03:02:26.571+0000] {dag.py:3441} INFO - Setting next_dagrun for latest_only to 2025-08-26T23:02:26.571755+00:00, run_after=2025-08-27T03:02:26.571755+00:00
[2025-08-27T03:02:26.579+0000] {processor.py:175} INFO - Processing /home/airflow/.local/lib/python3.7/site-packages/airflow/example_dags/example_latest_only.py took 0.037 seconds
[2025-08-27T03:13:53.863+0000] {processor.py:153} INFO - Started process (PID=19885) to work on /home/airflow/.local/lib/python3.7/site-packages/airflow/example_dags/example_latest_only.py
[2025-08-27T03:13:53.867+0000] {processor.py:743} INFO - Processing file /home/airflow/.local/lib/python3.7/site-packages/airflow/example_dags/example_latest_only.py for tasks to queue
[2025-08-27T03:13:53.867+0000] {logging_mixin.py:137} INFO - [2025-08-27T03:13:53.867+0000] {dagbag.py:538} INFO - Filling up the DagBag from /home/airflow/.local/lib/python3.7/site-packages/airflow/example_dags/example_latest_only.py
[2025-08-27T03:13:53.875+0000] {processor.py:753} INFO - DAG(s) dict_keys(['latest_only']) retrieved from /home/airflow/.local/lib/python3.7/site-packages/airflow/example_dags/example_latest_only.py
[2025-08-27T03:13:53.886+0000] {logging_mixin.py:137} INFO - [2025-08-27T03:13:53.886+0000] {dag.py:2690} INFO - Sync 1 DAGs
[2025-08-27T03:13:53.896+0000] {logging_mixin.py:137} INFO - [2025-08-27T03:13:53.896+0000] {dag.py:3441} INFO - Setting next_dagrun for latest_only to 2025-08-26T23:13:53.896645+00:00, run_after=2025-08-27T03:13:53.896645+00:00
[2025-08-27T03:13:53.903+0000] {processor.py:175} INFO - Processing /home/airflow/.local/lib/python3.7/site-packages/airflow/example_dags/example_latest_only.py took 0.042 seconds
[2025-08-27T03:33:09.631+0000] {processor.py:153} INFO - Started process (PID=19965) to work on /home/airflow/.local/lib/python3.7/site-packages/airflow/example_dags/example_latest_only.py
[2025-08-27T03:33:09.631+0000] {processor.py:743} INFO - Processing file /home/airflow/.local/lib/python3.7/site-packages/airflow/example_dags/example_latest_only.py for tasks to queue
[2025-08-27T03:33:09.633+0000] {logging_mixin.py:137} INFO - [2025-08-27T03:33:09.633+0000] {dagbag.py:538} INFO - Filling up the DagBag from /home/airflow/.local/lib/python3.7/site-packages/airflow/example_dags/example_latest_only.py
[2025-08-27T03:33:09.640+0000] {processor.py:753} INFO - DAG(s) dict_keys(['latest_only']) retrieved from /home/airflow/.local/lib/python3.7/site-packages/airflow/example_dags/example_latest_only.py
[2025-08-27T03:33:09.657+0000] {logging_mixin.py:137} INFO - [2025-08-27T03:33:09.657+0000] {dag.py:2690} INFO - Sync 1 DAGs
[2025-08-27T03:33:09.676+0000] {logging_mixin.py:137} INFO - [2025-08-27T03:33:09.675+0000] {dag.py:3441} INFO - Setting next_dagrun for latest_only to 2025-08-26T23:33:09.675849+00:00, run_after=2025-08-27T03:33:09.675849+00:00
[2025-08-27T03:33:09.692+0000] {processor.py:175} INFO - Processing /home/airflow/.local/lib/python3.7/site-packages/airflow/example_dags/example_latest_only.py took 0.062 seconds
[2025-08-27T04:45:10.583+0000] {processor.py:153} INFO - Started process (PID=20065) to work on /home/airflow/.local/lib/python3.7/site-packages/airflow/example_dags/example_latest_only.py
[2025-08-27T04:45:10.583+0000] {processor.py:743} INFO - Processing file /home/airflow/.local/lib/python3.7/site-packages/airflow/example_dags/example_latest_only.py for tasks to queue
[2025-08-27T04:45:10.583+0000] {logging_mixin.py:137} INFO - [2025-08-27T04:45:10.583+0000] {dagbag.py:538} INFO - Filling up the DagBag from /home/airflow/.local/lib/python3.7/site-packages/airflow/example_dags/example_latest_only.py
[2025-08-27T04:45:10.589+0000] {processor.py:753} INFO - DAG(s) dict_keys(['latest_only']) retrieved from /home/airflow/.local/lib/python3.7/site-packages/airflow/example_dags/example_latest_only.py
[2025-08-27T04:45:10.600+0000] {logging_mixin.py:137} INFO - [2025-08-27T04:45:10.599+0000] {dag.py:2690} INFO - Sync 1 DAGs
[2025-08-27T04:45:10.609+0000] {logging_mixin.py:137} INFO - [2025-08-27T04:45:10.609+0000] {dag.py:3441} INFO - Setting next_dagrun for latest_only to 2025-08-27T00:45:10.609723+00:00, run_after=2025-08-27T04:45:10.609723+00:00
[2025-08-27T04:45:10.617+0000] {processor.py:175} INFO - Processing /home/airflow/.local/lib/python3.7/site-packages/airflow/example_dags/example_latest_only.py took 0.036 seconds
[2025-08-27T04:49:56.130+0000] {processor.py:153} INFO - Started process (PID=20165) to work on /home/airflow/.local/lib/python3.7/site-packages/airflow/example_dags/example_latest_only.py
[2025-08-27T04:49:56.130+0000] {processor.py:743} INFO - Processing file /home/airflow/.local/lib/python3.7/site-packages/airflow/example_dags/example_latest_only.py for tasks to queue
[2025-08-27T04:49:56.130+0000] {logging_mixin.py:137} INFO - [2025-08-27T04:49:56.130+0000] {dagbag.py:538} INFO - Filling up the DagBag from /home/airflow/.local/lib/python3.7/site-packages/airflow/example_dags/example_latest_only.py
[2025-08-27T04:49:56.136+0000] {processor.py:753} INFO - DAG(s) dict_keys(['latest_only']) retrieved from /home/airflow/.local/lib/python3.7/site-packages/airflow/example_dags/example_latest_only.py
[2025-08-27T04:49:56.148+0000] {logging_mixin.py:137} INFO - [2025-08-27T04:49:56.148+0000] {dag.py:2690} INFO - Sync 1 DAGs
[2025-08-27T04:49:56.158+0000] {logging_mixin.py:137} INFO - [2025-08-27T04:49:56.158+0000] {dag.py:3441} INFO - Setting next_dagrun for latest_only to 2025-08-27T00:49:56.158458+00:00, run_after=2025-08-27T04:49:56.158458+00:00
[2025-08-27T04:49:56.164+0000] {processor.py:175} INFO - Processing /home/airflow/.local/lib/python3.7/site-packages/airflow/example_dags/example_latest_only.py took 0.037 seconds
[2025-08-27T05:35:09.353+0000] {processor.py:153} INFO - Started process (PID=20245) to work on /home/airflow/.local/lib/python3.7/site-packages/airflow/example_dags/example_latest_only.py
[2025-08-27T05:35:09.354+0000] {processor.py:743} INFO - Processing file /home/airflow/.local/lib/python3.7/site-packages/airflow/example_dags/example_latest_only.py for tasks to queue
[2025-08-27T05:35:09.354+0000] {logging_mixin.py:137} INFO - [2025-08-27T05:35:09.354+0000] {dagbag.py:538} INFO - Filling up the DagBag from /home/airflow/.local/lib/python3.7/site-packages/airflow/example_dags/example_latest_only.py
[2025-08-27T05:35:09.364+0000] {processor.py:753} INFO - DAG(s) dict_keys(['latest_only']) retrieved from /home/airflow/.local/lib/python3.7/site-packages/airflow/example_dags/example_latest_only.py
[2025-08-27T05:35:09.376+0000] {logging_mixin.py:137} INFO - [2025-08-27T05:35:09.376+0000] {dag.py:2690} INFO - Sync 1 DAGs
[2025-08-27T05:35:09.386+0000] {logging_mixin.py:137} INFO - [2025-08-27T05:35:09.386+0000] {dag.py:3441} INFO - Setting next_dagrun for latest_only to 2025-08-27T01:35:09.386754+00:00, run_after=2025-08-27T05:35:09.386754+00:00
[2025-08-27T05:35:09.398+0000] {processor.py:175} INFO - Processing /home/airflow/.local/lib/python3.7/site-packages/airflow/example_dags/example_latest_only.py took 0.046 seconds
[2025-08-27T06:12:37.578+0000] {processor.py:153} INFO - Started process (PID=20345) to work on /home/airflow/.local/lib/python3.7/site-packages/airflow/example_dags/example_latest_only.py
[2025-08-27T06:12:37.579+0000] {processor.py:743} INFO - Processing file /home/airflow/.local/lib/python3.7/site-packages/airflow/example_dags/example_latest_only.py for tasks to queue
[2025-08-27T06:12:37.579+0000] {logging_mixin.py:137} INFO - [2025-08-27T06:12:37.579+0000] {dagbag.py:538} INFO - Filling up the DagBag from /home/airflow/.local/lib/python3.7/site-packages/airflow/example_dags/example_latest_only.py
[2025-08-27T06:12:37.586+0000] {processor.py:753} INFO - DAG(s) dict_keys(['latest_only']) retrieved from /home/airflow/.local/lib/python3.7/site-packages/airflow/example_dags/example_latest_only.py
[2025-08-27T06:12:37.598+0000] {logging_mixin.py:137} INFO - [2025-08-27T06:12:37.598+0000] {dag.py:2690} INFO - Sync 1 DAGs
[2025-08-27T06:12:37.610+0000] {logging_mixin.py:137} INFO - [2025-08-27T06:12:37.610+0000] {dag.py:3441} INFO - Setting next_dagrun for latest_only to 2025-08-27T02:12:37.610233+00:00, run_after=2025-08-27T06:12:37.610233+00:00
[2025-08-27T06:12:37.619+0000] {processor.py:175} INFO - Processing /home/airflow/.local/lib/python3.7/site-packages/airflow/example_dags/example_latest_only.py took 0.042 seconds
[2025-08-27T06:55:19.062+0000] {processor.py:153} INFO - Started process (PID=20445) to work on /home/airflow/.local/lib/python3.7/site-packages/airflow/example_dags/example_latest_only.py
[2025-08-27T06:55:19.062+0000] {processor.py:743} INFO - Processing file /home/airflow/.local/lib/python3.7/site-packages/airflow/example_dags/example_latest_only.py for tasks to queue
[2025-08-27T06:55:19.063+0000] {logging_mixin.py:137} INFO - [2025-08-27T06:55:19.063+0000] {dagbag.py:538} INFO - Filling up the DagBag from /home/airflow/.local/lib/python3.7/site-packages/airflow/example_dags/example_latest_only.py
[2025-08-27T06:55:19.068+0000] {processor.py:753} INFO - DAG(s) dict_keys(['latest_only']) retrieved from /home/airflow/.local/lib/python3.7/site-packages/airflow/example_dags/example_latest_only.py
[2025-08-27T06:55:19.079+0000] {logging_mixin.py:137} INFO - [2025-08-27T06:55:19.079+0000] {dag.py:2690} INFO - Sync 1 DAGs
[2025-08-27T06:55:19.089+0000] {logging_mixin.py:137} INFO - [2025-08-27T06:55:19.089+0000] {dag.py:3441} INFO - Setting next_dagrun for latest_only to 2025-08-27T02:55:19.089734+00:00, run_after=2025-08-27T06:55:19.089734+00:00
[2025-08-27T06:55:19.097+0000] {processor.py:175} INFO - Processing /home/airflow/.local/lib/python3.7/site-packages/airflow/example_dags/example_latest_only.py took 0.036 seconds
[2025-08-27T07:53:52.509+0000] {processor.py:153} INFO - Started process (PID=20545) to work on /home/airflow/.local/lib/python3.7/site-packages/airflow/example_dags/example_latest_only.py
[2025-08-27T07:53:52.510+0000] {processor.py:743} INFO - Processing file /home/airflow/.local/lib/python3.7/site-packages/airflow/example_dags/example_latest_only.py for tasks to queue
[2025-08-27T07:53:52.510+0000] {logging_mixin.py:137} INFO - [2025-08-27T07:53:52.510+0000] {dagbag.py:538} INFO - Filling up the DagBag from /home/airflow/.local/lib/python3.7/site-packages/airflow/example_dags/example_latest_only.py
[2025-08-27T07:53:52.518+0000] {processor.py:753} INFO - DAG(s) dict_keys(['latest_only']) retrieved from /home/airflow/.local/lib/python3.7/site-packages/airflow/example_dags/example_latest_only.py
[2025-08-27T07:53:52.530+0000] {logging_mixin.py:137} INFO - [2025-08-27T07:53:52.530+0000] {dag.py:2690} INFO - Sync 1 DAGs
[2025-08-27T07:53:52.541+0000] {logging_mixin.py:137} INFO - [2025-08-27T07:53:52.541+0000] {dag.py:3441} INFO - Setting next_dagrun for latest_only to 2025-08-27T03:53:52.541573+00:00, run_after=2025-08-27T07:53:52.541573+00:00
[2025-08-27T07:53:52.549+0000] {processor.py:175} INFO - Processing /home/airflow/.local/lib/python3.7/site-packages/airflow/example_dags/example_latest_only.py took 0.042 seconds
[2025-08-27T08:23:39.772+0000] {processor.py:153} INFO - Started process (PID=20625) to work on /home/airflow/.local/lib/python3.7/site-packages/airflow/example_dags/example_latest_only.py
[2025-08-27T08:23:39.773+0000] {processor.py:743} INFO - Processing file /home/airflow/.local/lib/python3.7/site-packages/airflow/example_dags/example_latest_only.py for tasks to queue
[2025-08-27T08:23:39.773+0000] {logging_mixin.py:137} INFO - [2025-08-27T08:23:39.773+0000] {dagbag.py:538} INFO - Filling up the DagBag from /home/airflow/.local/lib/python3.7/site-packages/airflow/example_dags/example_latest_only.py
[2025-08-27T08:23:39.779+0000] {processor.py:753} INFO - DAG(s) dict_keys(['latest_only']) retrieved from /home/airflow/.local/lib/python3.7/site-packages/airflow/example_dags/example_latest_only.py
[2025-08-27T08:23:39.791+0000] {logging_mixin.py:137} INFO - [2025-08-27T08:23:39.791+0000] {dag.py:2690} INFO - Sync 1 DAGs
[2025-08-27T08:23:39.802+0000] {logging_mixin.py:137} INFO - [2025-08-27T08:23:39.802+0000] {dag.py:3441} INFO - Setting next_dagrun for latest_only to 2025-08-27T04:23:39.802307+00:00, run_after=2025-08-27T08:23:39.802307+00:00
[2025-08-27T08:23:39.810+0000] {processor.py:175} INFO - Processing /home/airflow/.local/lib/python3.7/site-packages/airflow/example_dags/example_latest_only.py took 0.039 seconds
[2025-08-27T09:35:50.917+0000] {processor.py:153} INFO - Started process (PID=20725) to work on /home/airflow/.local/lib/python3.7/site-packages/airflow/example_dags/example_latest_only.py
[2025-08-27T09:35:50.918+0000] {processor.py:743} INFO - Processing file /home/airflow/.local/lib/python3.7/site-packages/airflow/example_dags/example_latest_only.py for tasks to queue
[2025-08-27T09:35:50.918+0000] {logging_mixin.py:137} INFO - [2025-08-27T09:35:50.918+0000] {dagbag.py:538} INFO - Filling up the DagBag from /home/airflow/.local/lib/python3.7/site-packages/airflow/example_dags/example_latest_only.py
[2025-08-27T09:35:50.924+0000] {processor.py:753} INFO - DAG(s) dict_keys(['latest_only']) retrieved from /home/airflow/.local/lib/python3.7/site-packages/airflow/example_dags/example_latest_only.py
[2025-08-27T09:35:50.935+0000] {logging_mixin.py:137} INFO - [2025-08-27T09:35:50.935+0000] {dag.py:2690} INFO - Sync 1 DAGs
[2025-08-27T09:35:50.946+0000] {logging_mixin.py:137} INFO - [2025-08-27T09:35:50.946+0000] {dag.py:3441} INFO - Setting next_dagrun for latest_only to 2025-08-27T05:35:50.946350+00:00, run_after=2025-08-27T09:35:50.946350+00:00
[2025-08-27T09:35:50.954+0000] {processor.py:175} INFO - Processing /home/airflow/.local/lib/python3.7/site-packages/airflow/example_dags/example_latest_only.py took 0.038 seconds
[2025-08-27T09:36:49.837+0000] {processor.py:153} INFO - Started process (PID=20825) to work on /home/airflow/.local/lib/python3.7/site-packages/airflow/example_dags/example_latest_only.py
[2025-08-27T09:36:49.837+0000] {processor.py:743} INFO - Processing file /home/airflow/.local/lib/python3.7/site-packages/airflow/example_dags/example_latest_only.py for tasks to queue
[2025-08-27T09:36:49.837+0000] {logging_mixin.py:137} INFO - [2025-08-27T09:36:49.837+0000] {dagbag.py:538} INFO - Filling up the DagBag from /home/airflow/.local/lib/python3.7/site-packages/airflow/example_dags/example_latest_only.py
[2025-08-27T09:36:49.843+0000] {processor.py:753} INFO - DAG(s) dict_keys(['latest_only']) retrieved from /home/airflow/.local/lib/python3.7/site-packages/airflow/example_dags/example_latest_only.py
[2025-08-27T09:36:49.855+0000] {logging_mixin.py:137} INFO - [2025-08-27T09:36:49.855+0000] {dag.py:2690} INFO - Sync 1 DAGs
[2025-08-27T09:36:49.865+0000] {logging_mixin.py:137} INFO - [2025-08-27T09:36:49.865+0000] {dag.py:3441} INFO - Setting next_dagrun for latest_only to 2025-08-27T05:36:49.865213+00:00, run_after=2025-08-27T09:36:49.865213+00:00
[2025-08-27T09:36:49.872+0000] {processor.py:175} INFO - Processing /home/airflow/.local/lib/python3.7/site-packages/airflow/example_dags/example_latest_only.py took 0.037 seconds
[2025-08-27T09:38:53.101+0000] {processor.py:153} INFO - Started process (PID=20925) to work on /home/airflow/.local/lib/python3.7/site-packages/airflow/example_dags/example_latest_only.py
[2025-08-27T09:38:53.101+0000] {processor.py:743} INFO - Processing file /home/airflow/.local/lib/python3.7/site-packages/airflow/example_dags/example_latest_only.py for tasks to queue
[2025-08-27T09:38:53.102+0000] {logging_mixin.py:137} INFO - [2025-08-27T09:38:53.102+0000] {dagbag.py:538} INFO - Filling up the DagBag from /home/airflow/.local/lib/python3.7/site-packages/airflow/example_dags/example_latest_only.py
[2025-08-27T09:38:53.108+0000] {processor.py:753} INFO - DAG(s) dict_keys(['latest_only']) retrieved from /home/airflow/.local/lib/python3.7/site-packages/airflow/example_dags/example_latest_only.py
[2025-08-27T09:38:53.118+0000] {logging_mixin.py:137} INFO - [2025-08-27T09:38:53.118+0000] {dag.py:2690} INFO - Sync 1 DAGs
[2025-08-27T09:38:53.128+0000] {logging_mixin.py:137} INFO - [2025-08-27T09:38:53.128+0000] {dag.py:3441} INFO - Setting next_dagrun for latest_only to 2025-08-27T05:38:53.128081+00:00, run_after=2025-08-27T09:38:53.128081+00:00
[2025-08-27T09:38:53.135+0000] {processor.py:175} INFO - Processing /home/airflow/.local/lib/python3.7/site-packages/airflow/example_dags/example_latest_only.py took 0.035 seconds
[2025-08-27T09:39:39.186+0000] {processor.py:153} INFO - Started process (PID=21005) to work on /home/airflow/.local/lib/python3.7/site-packages/airflow/example_dags/example_latest_only.py
[2025-08-27T09:39:39.186+0000] {processor.py:743} INFO - Processing file /home/airflow/.local/lib/python3.7/site-packages/airflow/example_dags/example_latest_only.py for tasks to queue
[2025-08-27T09:39:39.187+0000] {logging_mixin.py:137} INFO - [2025-08-27T09:39:39.187+0000] {dagbag.py:538} INFO - Filling up the DagBag from /home/airflow/.local/lib/python3.7/site-packages/airflow/example_dags/example_latest_only.py
[2025-08-27T09:39:39.193+0000] {processor.py:753} INFO - DAG(s) dict_keys(['latest_only']) retrieved from /home/airflow/.local/lib/python3.7/site-packages/airflow/example_dags/example_latest_only.py
[2025-08-27T09:39:39.204+0000] {logging_mixin.py:137} INFO - [2025-08-27T09:39:39.204+0000] {dag.py:2690} INFO - Sync 1 DAGs
[2025-08-27T09:39:39.213+0000] {logging_mixin.py:137} INFO - [2025-08-27T09:39:39.213+0000] {dag.py:3441} INFO - Setting next_dagrun for latest_only to 2025-08-27T05:39:39.213190+00:00, run_after=2025-08-27T09:39:39.213190+00:00
[2025-08-27T09:39:39.219+0000] {processor.py:175} INFO - Processing /home/airflow/.local/lib/python3.7/site-packages/airflow/example_dags/example_latest_only.py took 0.035 seconds
[2025-08-27T09:50:06.750+0000] {processor.py:153} INFO - Started process (PID=21105) to work on /home/airflow/.local/lib/python3.7/site-packages/airflow/example_dags/example_latest_only.py
[2025-08-27T09:50:06.750+0000] {processor.py:743} INFO - Processing file /home/airflow/.local/lib/python3.7/site-packages/airflow/example_dags/example_latest_only.py for tasks to queue
[2025-08-27T09:50:06.751+0000] {logging_mixin.py:137} INFO - [2025-08-27T09:50:06.751+0000] {dagbag.py:538} INFO - Filling up the DagBag from /home/airflow/.local/lib/python3.7/site-packages/airflow/example_dags/example_latest_only.py
[2025-08-27T09:50:06.758+0000] {processor.py:753} INFO - DAG(s) dict_keys(['latest_only']) retrieved from /home/airflow/.local/lib/python3.7/site-packages/airflow/example_dags/example_latest_only.py
[2025-08-27T09:50:06.768+0000] {logging_mixin.py:137} INFO - [2025-08-27T09:50:06.768+0000] {dag.py:2690} INFO - Sync 1 DAGs
[2025-08-27T09:50:06.780+0000] {logging_mixin.py:137} INFO - [2025-08-27T09:50:06.780+0000] {dag.py:3441} INFO - Setting next_dagrun for latest_only to 2025-08-27T05:50:06.780681+00:00, run_after=2025-08-27T09:50:06.780681+00:00
[2025-08-27T09:50:06.788+0000] {processor.py:175} INFO - Processing /home/airflow/.local/lib/python3.7/site-packages/airflow/example_dags/example_latest_only.py took 0.040 seconds
[2025-08-27T11:12:46.545+0000] {processor.py:153} INFO - Started process (PID=21205) to work on /home/airflow/.local/lib/python3.7/site-packages/airflow/example_dags/example_latest_only.py
[2025-08-27T11:12:46.545+0000] {processor.py:743} INFO - Processing file /home/airflow/.local/lib/python3.7/site-packages/airflow/example_dags/example_latest_only.py for tasks to queue
[2025-08-27T11:12:46.546+0000] {logging_mixin.py:137} INFO - [2025-08-27T11:12:46.546+0000] {dagbag.py:538} INFO - Filling up the DagBag from /home/airflow/.local/lib/python3.7/site-packages/airflow/example_dags/example_latest_only.py
[2025-08-27T11:12:46.555+0000] {processor.py:753} INFO - DAG(s) dict_keys(['latest_only']) retrieved from /home/airflow/.local/lib/python3.7/site-packages/airflow/example_dags/example_latest_only.py
[2025-08-27T11:12:46.568+0000] {logging_mixin.py:137} INFO - [2025-08-27T11:12:46.568+0000] {dag.py:2690} INFO - Sync 1 DAGs
[2025-08-27T11:12:46.578+0000] {logging_mixin.py:137} INFO - [2025-08-27T11:12:46.578+0000] {dag.py:3441} INFO - Setting next_dagrun for latest_only to 2025-08-27T07:12:46.578514+00:00, run_after=2025-08-27T11:12:46.578514+00:00
[2025-08-27T11:12:46.586+0000] {processor.py:175} INFO - Processing /home/airflow/.local/lib/python3.7/site-packages/airflow/example_dags/example_latest_only.py took 0.044 seconds
[2025-08-27T11:34:31.427+0000] {processor.py:153} INFO - Started process (PID=21285) to work on /home/airflow/.local/lib/python3.7/site-packages/airflow/example_dags/example_latest_only.py
[2025-08-27T11:34:31.428+0000] {processor.py:743} INFO - Processing file /home/airflow/.local/lib/python3.7/site-packages/airflow/example_dags/example_latest_only.py for tasks to queue
[2025-08-27T11:34:31.428+0000] {logging_mixin.py:137} INFO - [2025-08-27T11:34:31.428+0000] {dagbag.py:538} INFO - Filling up the DagBag from /home/airflow/.local/lib/python3.7/site-packages/airflow/example_dags/example_latest_only.py
[2025-08-27T11:34:31.434+0000] {processor.py:753} INFO - DAG(s) dict_keys(['latest_only']) retrieved from /home/airflow/.local/lib/python3.7/site-packages/airflow/example_dags/example_latest_only.py
[2025-08-27T11:34:31.445+0000] {logging_mixin.py:137} INFO - [2025-08-27T11:34:31.445+0000] {dag.py:2690} INFO - Sync 1 DAGs
[2025-08-27T11:34:31.455+0000] {logging_mixin.py:137} INFO - [2025-08-27T11:34:31.455+0000] {dag.py:3441} INFO - Setting next_dagrun for latest_only to 2025-08-27T07:34:31.455679+00:00, run_after=2025-08-27T11:34:31.455679+00:00
[2025-08-27T11:34:31.462+0000] {processor.py:175} INFO - Processing /home/airflow/.local/lib/python3.7/site-packages/airflow/example_dags/example_latest_only.py took 0.036 seconds
[2025-08-27T11:51:13.488+0000] {processor.py:153} INFO - Started process (PID=21385) to work on /home/airflow/.local/lib/python3.7/site-packages/airflow/example_dags/example_latest_only.py
[2025-08-27T11:51:13.489+0000] {processor.py:743} INFO - Processing file /home/airflow/.local/lib/python3.7/site-packages/airflow/example_dags/example_latest_only.py for tasks to queue
[2025-08-27T11:51:13.489+0000] {logging_mixin.py:137} INFO - [2025-08-27T11:51:13.489+0000] {dagbag.py:538} INFO - Filling up the DagBag from /home/airflow/.local/lib/python3.7/site-packages/airflow/example_dags/example_latest_only.py
[2025-08-27T11:51:13.496+0000] {processor.py:753} INFO - DAG(s) dict_keys(['latest_only']) retrieved from /home/airflow/.local/lib/python3.7/site-packages/airflow/example_dags/example_latest_only.py
[2025-08-27T11:51:13.510+0000] {logging_mixin.py:137} INFO - [2025-08-27T11:51:13.510+0000] {dag.py:2690} INFO - Sync 1 DAGs
[2025-08-27T11:51:13.523+0000] {logging_mixin.py:137} INFO - [2025-08-27T11:51:13.523+0000] {dag.py:3441} INFO - Setting next_dagrun for latest_only to 2025-08-27T07:51:13.523507+00:00, run_after=2025-08-27T11:51:13.523507+00:00
[2025-08-27T11:51:13.535+0000] {processor.py:175} INFO - Processing /home/airflow/.local/lib/python3.7/site-packages/airflow/example_dags/example_latest_only.py took 0.049 seconds
[2025-08-27T11:53:11.982+0000] {processor.py:153} INFO - Started process (PID=21485) to work on /home/airflow/.local/lib/python3.7/site-packages/airflow/example_dags/example_latest_only.py
[2025-08-27T11:53:11.982+0000] {processor.py:743} INFO - Processing file /home/airflow/.local/lib/python3.7/site-packages/airflow/example_dags/example_latest_only.py for tasks to queue
[2025-08-27T11:53:11.983+0000] {logging_mixin.py:137} INFO - [2025-08-27T11:53:11.983+0000] {dagbag.py:538} INFO - Filling up the DagBag from /home/airflow/.local/lib/python3.7/site-packages/airflow/example_dags/example_latest_only.py
[2025-08-27T11:53:11.989+0000] {processor.py:753} INFO - DAG(s) dict_keys(['latest_only']) retrieved from /home/airflow/.local/lib/python3.7/site-packages/airflow/example_dags/example_latest_only.py
[2025-08-27T11:53:12.001+0000] {logging_mixin.py:137} INFO - [2025-08-27T11:53:12.001+0000] {dag.py:2690} INFO - Sync 1 DAGs
[2025-08-27T11:53:12.011+0000] {logging_mixin.py:137} INFO - [2025-08-27T11:53:12.011+0000] {dag.py:3441} INFO - Setting next_dagrun for latest_only to 2025-08-27T07:53:12.011677+00:00, run_after=2025-08-27T11:53:12.011677+00:00
[2025-08-27T11:53:12.018+0000] {processor.py:175} INFO - Processing /home/airflow/.local/lib/python3.7/site-packages/airflow/example_dags/example_latest_only.py took 0.038 seconds
[2025-08-27T11:58:53.614+0000] {processor.py:153} INFO - Started process (PID=21585) to work on /home/airflow/.local/lib/python3.7/site-packages/airflow/example_dags/example_latest_only.py
[2025-08-27T11:58:53.615+0000] {processor.py:743} INFO - Processing file /home/airflow/.local/lib/python3.7/site-packages/airflow/example_dags/example_latest_only.py for tasks to queue
[2025-08-27T11:58:53.615+0000] {logging_mixin.py:137} INFO - [2025-08-27T11:58:53.615+0000] {dagbag.py:538} INFO - Filling up the DagBag from /home/airflow/.local/lib/python3.7/site-packages/airflow/example_dags/example_latest_only.py
[2025-08-27T11:58:53.624+0000] {processor.py:753} INFO - DAG(s) dict_keys(['latest_only']) retrieved from /home/airflow/.local/lib/python3.7/site-packages/airflow/example_dags/example_latest_only.py
[2025-08-27T11:58:53.638+0000] {logging_mixin.py:137} INFO - [2025-08-27T11:58:53.638+0000] {dag.py:2690} INFO - Sync 1 DAGs
[2025-08-27T11:58:53.652+0000] {logging_mixin.py:137} INFO - [2025-08-27T11:58:53.652+0000] {dag.py:3441} INFO - Setting next_dagrun for latest_only to 2025-08-27T07:58:53.652019+00:00, run_after=2025-08-27T11:58:53.652019+00:00
[2025-08-27T11:58:53.661+0000] {processor.py:175} INFO - Processing /home/airflow/.local/lib/python3.7/site-packages/airflow/example_dags/example_latest_only.py took 0.049 seconds
[2025-08-27T12:11:20.650+0000] {processor.py:153} INFO - Started process (PID=21665) to work on /home/airflow/.local/lib/python3.7/site-packages/airflow/example_dags/example_latest_only.py
[2025-08-27T12:11:20.650+0000] {processor.py:743} INFO - Processing file /home/airflow/.local/lib/python3.7/site-packages/airflow/example_dags/example_latest_only.py for tasks to queue
[2025-08-27T12:11:20.650+0000] {logging_mixin.py:137} INFO - [2025-08-27T12:11:20.650+0000] {dagbag.py:538} INFO - Filling up the DagBag from /home/airflow/.local/lib/python3.7/site-packages/airflow/example_dags/example_latest_only.py
[2025-08-27T12:11:20.656+0000] {processor.py:753} INFO - DAG(s) dict_keys(['latest_only']) retrieved from /home/airflow/.local/lib/python3.7/site-packages/airflow/example_dags/example_latest_only.py
[2025-08-27T12:11:20.667+0000] {logging_mixin.py:137} INFO - [2025-08-27T12:11:20.667+0000] {dag.py:2690} INFO - Sync 1 DAGs
[2025-08-27T12:11:20.677+0000] {logging_mixin.py:137} INFO - [2025-08-27T12:11:20.677+0000] {dag.py:3441} INFO - Setting next_dagrun for latest_only to 2025-08-27T08:11:20.677225+00:00, run_after=2025-08-27T12:11:20.677225+00:00
[2025-08-27T12:11:20.684+0000] {processor.py:175} INFO - Processing /home/airflow/.local/lib/python3.7/site-packages/airflow/example_dags/example_latest_only.py took 0.036 seconds
[2025-08-27T12:14:24.953+0000] {processor.py:153} INFO - Started process (PID=21765) to work on /home/airflow/.local/lib/python3.7/site-packages/airflow/example_dags/example_latest_only.py
[2025-08-27T12:14:24.954+0000] {processor.py:743} INFO - Processing file /home/airflow/.local/lib/python3.7/site-packages/airflow/example_dags/example_latest_only.py for tasks to queue
[2025-08-27T12:14:24.954+0000] {logging_mixin.py:137} INFO - [2025-08-27T12:14:24.954+0000] {dagbag.py:538} INFO - Filling up the DagBag from /home/airflow/.local/lib/python3.7/site-packages/airflow/example_dags/example_latest_only.py
[2025-08-27T12:14:24.961+0000] {processor.py:753} INFO - DAG(s) dict_keys(['latest_only']) retrieved from /home/airflow/.local/lib/python3.7/site-packages/airflow/example_dags/example_latest_only.py
[2025-08-27T12:14:24.973+0000] {logging_mixin.py:137} INFO - [2025-08-27T12:14:24.973+0000] {dag.py:2690} INFO - Sync 1 DAGs
[2025-08-27T12:14:24.982+0000] {logging_mixin.py:137} INFO - [2025-08-27T12:14:24.982+0000] {dag.py:3441} INFO - Setting next_dagrun for latest_only to 2025-08-27T08:14:24.982361+00:00, run_after=2025-08-27T12:14:24.982361+00:00
[2025-08-27T12:14:24.989+0000] {processor.py:175} INFO - Processing /home/airflow/.local/lib/python3.7/site-packages/airflow/example_dags/example_latest_only.py took 0.037 seconds
[2025-08-27T12:27:57.461+0000] {processor.py:153} INFO - Started process (PID=21865) to work on /home/airflow/.local/lib/python3.7/site-packages/airflow/example_dags/example_latest_only.py
[2025-08-27T12:27:57.461+0000] {processor.py:743} INFO - Processing file /home/airflow/.local/lib/python3.7/site-packages/airflow/example_dags/example_latest_only.py for tasks to queue
[2025-08-27T12:27:57.462+0000] {logging_mixin.py:137} INFO - [2025-08-27T12:27:57.462+0000] {dagbag.py:538} INFO - Filling up the DagBag from /home/airflow/.local/lib/python3.7/site-packages/airflow/example_dags/example_latest_only.py
[2025-08-27T12:27:57.469+0000] {processor.py:753} INFO - DAG(s) dict_keys(['latest_only']) retrieved from /home/airflow/.local/lib/python3.7/site-packages/airflow/example_dags/example_latest_only.py
[2025-08-27T12:27:57.583+0000] {logging_mixin.py:137} INFO - [2025-08-27T12:27:57.582+0000] {dag.py:2690} INFO - Sync 1 DAGs
[2025-08-27T12:27:57.607+0000] {logging_mixin.py:137} INFO - [2025-08-27T12:27:57.607+0000] {dag.py:3441} INFO - Setting next_dagrun for latest_only to 2025-08-27T08:27:57.606913+00:00, run_after=2025-08-27T12:27:57.606913+00:00
[2025-08-27T12:27:57.726+0000] {processor.py:175} INFO - Processing /home/airflow/.local/lib/python3.7/site-packages/airflow/example_dags/example_latest_only.py took 0.267 seconds
[2025-08-27T12:38:25.698+0000] {processor.py:153} INFO - Started process (PID=21945) to work on /home/airflow/.local/lib/python3.7/site-packages/airflow/example_dags/example_latest_only.py
[2025-08-27T12:38:25.698+0000] {processor.py:743} INFO - Processing file /home/airflow/.local/lib/python3.7/site-packages/airflow/example_dags/example_latest_only.py for tasks to queue
[2025-08-27T12:38:25.698+0000] {logging_mixin.py:137} INFO - [2025-08-27T12:38:25.698+0000] {dagbag.py:538} INFO - Filling up the DagBag from /home/airflow/.local/lib/python3.7/site-packages/airflow/example_dags/example_latest_only.py
[2025-08-27T12:38:25.705+0000] {processor.py:753} INFO - DAG(s) dict_keys(['latest_only']) retrieved from /home/airflow/.local/lib/python3.7/site-packages/airflow/example_dags/example_latest_only.py
[2025-08-27T12:38:25.715+0000] {logging_mixin.py:137} INFO - [2025-08-27T12:38:25.715+0000] {dag.py:2690} INFO - Sync 1 DAGs
[2025-08-27T12:38:25.726+0000] {logging_mixin.py:137} INFO - [2025-08-27T12:38:25.726+0000] {dag.py:3441} INFO - Setting next_dagrun for latest_only to 2025-08-27T08:38:25.726646+00:00, run_after=2025-08-27T12:38:25.726646+00:00
[2025-08-27T12:38:25.734+0000] {processor.py:175} INFO - Processing /home/airflow/.local/lib/python3.7/site-packages/airflow/example_dags/example_latest_only.py took 0.037 seconds
[2025-08-27T12:57:12.599+0000] {processor.py:153} INFO - Started process (PID=22045) to work on /home/airflow/.local/lib/python3.7/site-packages/airflow/example_dags/example_latest_only.py
[2025-08-27T12:57:12.600+0000] {processor.py:743} INFO - Processing file /home/airflow/.local/lib/python3.7/site-packages/airflow/example_dags/example_latest_only.py for tasks to queue
[2025-08-27T12:57:12.602+0000] {logging_mixin.py:137} INFO - [2025-08-27T12:57:12.601+0000] {dagbag.py:538} INFO - Filling up the DagBag from /home/airflow/.local/lib/python3.7/site-packages/airflow/example_dags/example_latest_only.py
[2025-08-27T12:57:12.609+0000] {processor.py:753} INFO - DAG(s) dict_keys(['latest_only']) retrieved from /home/airflow/.local/lib/python3.7/site-packages/airflow/example_dags/example_latest_only.py
[2025-08-27T12:57:12.622+0000] {logging_mixin.py:137} INFO - [2025-08-27T12:57:12.622+0000] {dag.py:2690} INFO - Sync 1 DAGs
[2025-08-27T12:57:12.641+0000] {logging_mixin.py:137} INFO - [2025-08-27T12:57:12.641+0000] {dag.py:3441} INFO - Setting next_dagrun for latest_only to 2025-08-27T08:57:12.641409+00:00, run_after=2025-08-27T12:57:12.641409+00:00
[2025-08-27T12:57:12.651+0000] {processor.py:175} INFO - Processing /home/airflow/.local/lib/python3.7/site-packages/airflow/example_dags/example_latest_only.py took 0.054 seconds
[2025-08-27T12:57:43.092+0000] {processor.py:153} INFO - Started process (PID=22145) to work on /home/airflow/.local/lib/python3.7/site-packages/airflow/example_dags/example_latest_only.py
[2025-08-27T12:57:43.092+0000] {processor.py:743} INFO - Processing file /home/airflow/.local/lib/python3.7/site-packages/airflow/example_dags/example_latest_only.py for tasks to queue
[2025-08-27T12:57:43.093+0000] {logging_mixin.py:137} INFO - [2025-08-27T12:57:43.093+0000] {dagbag.py:538} INFO - Filling up the DagBag from /home/airflow/.local/lib/python3.7/site-packages/airflow/example_dags/example_latest_only.py
[2025-08-27T12:57:43.099+0000] {processor.py:753} INFO - DAG(s) dict_keys(['latest_only']) retrieved from /home/airflow/.local/lib/python3.7/site-packages/airflow/example_dags/example_latest_only.py
[2025-08-27T12:57:43.110+0000] {logging_mixin.py:137} INFO - [2025-08-27T12:57:43.109+0000] {dag.py:2690} INFO - Sync 1 DAGs
[2025-08-27T12:57:43.119+0000] {logging_mixin.py:137} INFO - [2025-08-27T12:57:43.119+0000] {dag.py:3441} INFO - Setting next_dagrun for latest_only to 2025-08-27T08:57:43.118954+00:00, run_after=2025-08-27T12:57:43.118954+00:00
[2025-08-27T12:57:43.126+0000] {processor.py:175} INFO - Processing /home/airflow/.local/lib/python3.7/site-packages/airflow/example_dags/example_latest_only.py took 0.036 seconds
[2025-08-27T13:27:10.921+0000] {processor.py:153} INFO - Started process (PID=22245) to work on /home/airflow/.local/lib/python3.7/site-packages/airflow/example_dags/example_latest_only.py
[2025-08-27T13:27:10.921+0000] {processor.py:743} INFO - Processing file /home/airflow/.local/lib/python3.7/site-packages/airflow/example_dags/example_latest_only.py for tasks to queue
[2025-08-27T13:27:10.922+0000] {logging_mixin.py:137} INFO - [2025-08-27T13:27:10.922+0000] {dagbag.py:538} INFO - Filling up the DagBag from /home/airflow/.local/lib/python3.7/site-packages/airflow/example_dags/example_latest_only.py
[2025-08-27T13:27:10.932+0000] {processor.py:753} INFO - DAG(s) dict_keys(['latest_only']) retrieved from /home/airflow/.local/lib/python3.7/site-packages/airflow/example_dags/example_latest_only.py
[2025-08-27T13:27:10.946+0000] {logging_mixin.py:137} INFO - [2025-08-27T13:27:10.946+0000] {dag.py:2690} INFO - Sync 1 DAGs
[2025-08-27T13:27:10.959+0000] {logging_mixin.py:137} INFO - [2025-08-27T13:27:10.959+0000] {dag.py:3441} INFO - Setting next_dagrun for latest_only to 2025-08-27T09:27:10.959104+00:00, run_after=2025-08-27T13:27:10.959104+00:00
[2025-08-27T13:27:10.970+0000] {processor.py:175} INFO - Processing /home/airflow/.local/lib/python3.7/site-packages/airflow/example_dags/example_latest_only.py took 0.051 seconds
[2025-08-27T13:30:13.004+0000] {processor.py:153} INFO - Started process (PID=22325) to work on /home/airflow/.local/lib/python3.7/site-packages/airflow/example_dags/example_latest_only.py
[2025-08-27T13:30:13.005+0000] {processor.py:743} INFO - Processing file /home/airflow/.local/lib/python3.7/site-packages/airflow/example_dags/example_latest_only.py for tasks to queue
[2025-08-27T13:30:13.005+0000] {logging_mixin.py:137} INFO - [2025-08-27T13:30:13.005+0000] {dagbag.py:538} INFO - Filling up the DagBag from /home/airflow/.local/lib/python3.7/site-packages/airflow/example_dags/example_latest_only.py
[2025-08-27T13:30:13.012+0000] {processor.py:753} INFO - DAG(s) dict_keys(['latest_only']) retrieved from /home/airflow/.local/lib/python3.7/site-packages/airflow/example_dags/example_latest_only.py
[2025-08-27T13:30:13.025+0000] {logging_mixin.py:137} INFO - [2025-08-27T13:30:13.025+0000] {dag.py:2690} INFO - Sync 1 DAGs
[2025-08-27T13:30:13.037+0000] {logging_mixin.py:137} INFO - [2025-08-27T13:30:13.037+0000] {dag.py:3441} INFO - Setting next_dagrun for latest_only to 2025-08-27T09:30:13.037003+00:00, run_after=2025-08-27T13:30:13.037003+00:00
[2025-08-27T13:30:13.044+0000] {processor.py:175} INFO - Processing /home/airflow/.local/lib/python3.7/site-packages/airflow/example_dags/example_latest_only.py took 0.041 seconds
[2025-08-27T13:37:07.081+0000] {processor.py:153} INFO - Started process (PID=22425) to work on /home/airflow/.local/lib/python3.7/site-packages/airflow/example_dags/example_latest_only.py
[2025-08-27T13:37:07.081+0000] {processor.py:743} INFO - Processing file /home/airflow/.local/lib/python3.7/site-packages/airflow/example_dags/example_latest_only.py for tasks to queue
[2025-08-27T13:37:07.082+0000] {logging_mixin.py:137} INFO - [2025-08-27T13:37:07.082+0000] {dagbag.py:538} INFO - Filling up the DagBag from /home/airflow/.local/lib/python3.7/site-packages/airflow/example_dags/example_latest_only.py
[2025-08-27T13:37:07.095+0000] {processor.py:753} INFO - DAG(s) dict_keys(['latest_only']) retrieved from /home/airflow/.local/lib/python3.7/site-packages/airflow/example_dags/example_latest_only.py
[2025-08-27T13:37:07.116+0000] {logging_mixin.py:137} INFO - [2025-08-27T13:37:07.116+0000] {dag.py:2690} INFO - Sync 1 DAGs
[2025-08-27T13:37:07.131+0000] {logging_mixin.py:137} INFO - [2025-08-27T13:37:07.131+0000] {dag.py:3441} INFO - Setting next_dagrun for latest_only to 2025-08-27T09:37:07.131392+00:00, run_after=2025-08-27T13:37:07.131392+00:00
[2025-08-27T13:37:07.143+0000] {processor.py:175} INFO - Processing /home/airflow/.local/lib/python3.7/site-packages/airflow/example_dags/example_latest_only.py took 0.066 seconds
[2025-08-27T13:51:01.644+0000] {processor.py:153} INFO - Started process (PID=22525) to work on /home/airflow/.local/lib/python3.7/site-packages/airflow/example_dags/example_latest_only.py
[2025-08-27T13:51:01.645+0000] {processor.py:743} INFO - Processing file /home/airflow/.local/lib/python3.7/site-packages/airflow/example_dags/example_latest_only.py for tasks to queue
[2025-08-27T13:51:01.645+0000] {logging_mixin.py:137} INFO - [2025-08-27T13:51:01.645+0000] {dagbag.py:538} INFO - Filling up the DagBag from /home/airflow/.local/lib/python3.7/site-packages/airflow/example_dags/example_latest_only.py
[2025-08-27T13:51:01.652+0000] {processor.py:753} INFO - DAG(s) dict_keys(['latest_only']) retrieved from /home/airflow/.local/lib/python3.7/site-packages/airflow/example_dags/example_latest_only.py
[2025-08-27T13:51:01.665+0000] {logging_mixin.py:137} INFO - [2025-08-27T13:51:01.665+0000] {dag.py:2690} INFO - Sync 1 DAGs
[2025-08-27T13:51:01.676+0000] {logging_mixin.py:137} INFO - [2025-08-27T13:51:01.676+0000] {dag.py:3441} INFO - Setting next_dagrun for latest_only to 2025-08-27T09:51:01.675976+00:00, run_after=2025-08-27T13:51:01.675976+00:00
[2025-08-27T13:51:01.683+0000] {processor.py:175} INFO - Processing /home/airflow/.local/lib/python3.7/site-packages/airflow/example_dags/example_latest_only.py took 0.040 seconds
[2025-08-27T14:01:06.283+0000] {processor.py:153} INFO - Started process (PID=22612) to work on /home/airflow/.local/lib/python3.7/site-packages/airflow/example_dags/example_latest_only.py
[2025-08-27T14:01:06.285+0000] {processor.py:743} INFO - Processing file /home/airflow/.local/lib/python3.7/site-packages/airflow/example_dags/example_latest_only.py for tasks to queue
[2025-08-27T14:01:06.285+0000] {logging_mixin.py:137} INFO - [2025-08-27T14:01:06.285+0000] {dagbag.py:538} INFO - Filling up the DagBag from /home/airflow/.local/lib/python3.7/site-packages/airflow/example_dags/example_latest_only.py
[2025-08-27T14:01:06.297+0000] {processor.py:753} INFO - DAG(s) dict_keys(['latest_only']) retrieved from /home/airflow/.local/lib/python3.7/site-packages/airflow/example_dags/example_latest_only.py
[2025-08-27T14:01:06.324+0000] {logging_mixin.py:137} INFO - [2025-08-27T14:01:06.324+0000] {dag.py:2690} INFO - Sync 1 DAGs
[2025-08-27T14:01:06.335+0000] {logging_mixin.py:137} INFO - [2025-08-27T14:01:06.335+0000] {dag.py:3441} INFO - Setting next_dagrun for latest_only to 2025-08-27T10:01:06.335519+00:00, run_after=2025-08-27T14:01:06.335519+00:00
[2025-08-27T14:01:06.343+0000] {processor.py:175} INFO - Processing /home/airflow/.local/lib/python3.7/site-packages/airflow/example_dags/example_latest_only.py took 0.061 seconds
[2025-08-27T14:41:12.695+0000] {processor.py:153} INFO - Started process (PID=22705) to work on /home/airflow/.local/lib/python3.7/site-packages/airflow/example_dags/example_latest_only.py
[2025-08-27T14:41:12.696+0000] {processor.py:743} INFO - Processing file /home/airflow/.local/lib/python3.7/site-packages/airflow/example_dags/example_latest_only.py for tasks to queue
[2025-08-27T14:41:12.696+0000] {logging_mixin.py:137} INFO - [2025-08-27T14:41:12.696+0000] {dagbag.py:538} INFO - Filling up the DagBag from /home/airflow/.local/lib/python3.7/site-packages/airflow/example_dags/example_latest_only.py
[2025-08-27T14:41:12.702+0000] {processor.py:753} INFO - DAG(s) dict_keys(['latest_only']) retrieved from /home/airflow/.local/lib/python3.7/site-packages/airflow/example_dags/example_latest_only.py
[2025-08-27T14:41:12.714+0000] {logging_mixin.py:137} INFO - [2025-08-27T14:41:12.713+0000] {dag.py:2690} INFO - Sync 1 DAGs
[2025-08-27T14:41:12.724+0000] {logging_mixin.py:137} INFO - [2025-08-27T14:41:12.724+0000] {dag.py:3441} INFO - Setting next_dagrun for latest_only to 2025-08-27T10:41:12.724430+00:00, run_after=2025-08-27T14:41:12.724430+00:00
[2025-08-27T14:41:12.733+0000] {processor.py:175} INFO - Processing /home/airflow/.local/lib/python3.7/site-packages/airflow/example_dags/example_latest_only.py took 0.040 seconds
[2025-08-27T14:43:54.700+0000] {processor.py:153} INFO - Started process (PID=22805) to work on /home/airflow/.local/lib/python3.7/site-packages/airflow/example_dags/example_latest_only.py
[2025-08-27T14:43:54.700+0000] {processor.py:743} INFO - Processing file /home/airflow/.local/lib/python3.7/site-packages/airflow/example_dags/example_latest_only.py for tasks to queue
[2025-08-27T14:43:54.701+0000] {logging_mixin.py:137} INFO - [2025-08-27T14:43:54.701+0000] {dagbag.py:538} INFO - Filling up the DagBag from /home/airflow/.local/lib/python3.7/site-packages/airflow/example_dags/example_latest_only.py
[2025-08-27T14:43:54.708+0000] {processor.py:753} INFO - DAG(s) dict_keys(['latest_only']) retrieved from /home/airflow/.local/lib/python3.7/site-packages/airflow/example_dags/example_latest_only.py
[2025-08-27T14:43:54.719+0000] {logging_mixin.py:137} INFO - [2025-08-27T14:43:54.719+0000] {dag.py:2690} INFO - Sync 1 DAGs
[2025-08-27T14:43:54.734+0000] {logging_mixin.py:137} INFO - [2025-08-27T14:43:54.734+0000] {dag.py:3441} INFO - Setting next_dagrun for latest_only to 2025-08-27T10:43:54.734230+00:00, run_after=2025-08-27T14:43:54.734230+00:00
[2025-08-27T14:43:54.743+0000] {processor.py:175} INFO - Processing /home/airflow/.local/lib/python3.7/site-packages/airflow/example_dags/example_latest_only.py took 0.045 seconds
[2025-08-27T14:54:31.850+0000] {processor.py:153} INFO - Started process (PID=22905) to work on /home/airflow/.local/lib/python3.7/site-packages/airflow/example_dags/example_latest_only.py
[2025-08-27T14:54:31.850+0000] {processor.py:743} INFO - Processing file /home/airflow/.local/lib/python3.7/site-packages/airflow/example_dags/example_latest_only.py for tasks to queue
[2025-08-27T14:54:31.851+0000] {logging_mixin.py:137} INFO - [2025-08-27T14:54:31.851+0000] {dagbag.py:538} INFO - Filling up the DagBag from /home/airflow/.local/lib/python3.7/site-packages/airflow/example_dags/example_latest_only.py
[2025-08-27T14:54:31.858+0000] {processor.py:753} INFO - DAG(s) dict_keys(['latest_only']) retrieved from /home/airflow/.local/lib/python3.7/site-packages/airflow/example_dags/example_latest_only.py
[2025-08-27T14:54:31.868+0000] {logging_mixin.py:137} INFO - [2025-08-27T14:54:31.868+0000] {dag.py:2690} INFO - Sync 1 DAGs
[2025-08-27T14:54:31.879+0000] {logging_mixin.py:137} INFO - [2025-08-27T14:54:31.878+0000] {dag.py:3441} INFO - Setting next_dagrun for latest_only to 2025-08-27T10:54:31.878838+00:00, run_after=2025-08-27T14:54:31.878838+00:00
[2025-08-27T14:54:31.886+0000] {processor.py:175} INFO - Processing /home/airflow/.local/lib/python3.7/site-packages/airflow/example_dags/example_latest_only.py took 0.038 seconds
[2025-08-27T15:01:39.389+0000] {processor.py:153} INFO - Started process (PID=22985) to work on /home/airflow/.local/lib/python3.7/site-packages/airflow/example_dags/example_latest_only.py
[2025-08-27T15:01:39.390+0000] {processor.py:743} INFO - Processing file /home/airflow/.local/lib/python3.7/site-packages/airflow/example_dags/example_latest_only.py for tasks to queue
[2025-08-27T15:01:39.390+0000] {logging_mixin.py:137} INFO - [2025-08-27T15:01:39.390+0000] {dagbag.py:538} INFO - Filling up the DagBag from /home/airflow/.local/lib/python3.7/site-packages/airflow/example_dags/example_latest_only.py
[2025-08-27T15:01:39.400+0000] {processor.py:753} INFO - DAG(s) dict_keys(['latest_only']) retrieved from /home/airflow/.local/lib/python3.7/site-packages/airflow/example_dags/example_latest_only.py
[2025-08-27T15:01:39.414+0000] {logging_mixin.py:137} INFO - [2025-08-27T15:01:39.414+0000] {dag.py:2690} INFO - Sync 1 DAGs
[2025-08-27T15:01:39.427+0000] {logging_mixin.py:137} INFO - [2025-08-27T15:01:39.426+0000] {dag.py:3441} INFO - Setting next_dagrun for latest_only to 2025-08-27T11:01:39.426770+00:00, run_after=2025-08-27T15:01:39.426770+00:00
[2025-08-27T15:01:39.434+0000] {processor.py:175} INFO - Processing /home/airflow/.local/lib/python3.7/site-packages/airflow/example_dags/example_latest_only.py took 0.046 seconds
[2025-08-27T15:08:09.886+0000] {processor.py:153} INFO - Started process (PID=23085) to work on /home/airflow/.local/lib/python3.7/site-packages/airflow/example_dags/example_latest_only.py
[2025-08-27T15:08:09.886+0000] {processor.py:743} INFO - Processing file /home/airflow/.local/lib/python3.7/site-packages/airflow/example_dags/example_latest_only.py for tasks to queue
[2025-08-27T15:08:09.887+0000] {logging_mixin.py:137} INFO - [2025-08-27T15:08:09.887+0000] {dagbag.py:538} INFO - Filling up the DagBag from /home/airflow/.local/lib/python3.7/site-packages/airflow/example_dags/example_latest_only.py
[2025-08-27T15:08:09.894+0000] {processor.py:753} INFO - DAG(s) dict_keys(['latest_only']) retrieved from /home/airflow/.local/lib/python3.7/site-packages/airflow/example_dags/example_latest_only.py
[2025-08-27T15:08:09.906+0000] {logging_mixin.py:137} INFO - [2025-08-27T15:08:09.906+0000] {dag.py:2690} INFO - Sync 1 DAGs
[2025-08-27T15:08:09.916+0000] {logging_mixin.py:137} INFO - [2025-08-27T15:08:09.916+0000] {dag.py:3441} INFO - Setting next_dagrun for latest_only to 2025-08-27T11:08:09.916107+00:00, run_after=2025-08-27T15:08:09.916107+00:00
[2025-08-27T15:08:09.923+0000] {processor.py:175} INFO - Processing /home/airflow/.local/lib/python3.7/site-packages/airflow/example_dags/example_latest_only.py took 0.040 seconds
[2025-08-27T15:18:52.451+0000] {processor.py:153} INFO - Started process (PID=23185) to work on /home/airflow/.local/lib/python3.7/site-packages/airflow/example_dags/example_latest_only.py
[2025-08-27T15:18:52.452+0000] {processor.py:743} INFO - Processing file /home/airflow/.local/lib/python3.7/site-packages/airflow/example_dags/example_latest_only.py for tasks to queue
[2025-08-27T15:18:52.454+0000] {logging_mixin.py:137} INFO - [2025-08-27T15:18:52.453+0000] {dagbag.py:538} INFO - Filling up the DagBag from /home/airflow/.local/lib/python3.7/site-packages/airflow/example_dags/example_latest_only.py
[2025-08-27T15:18:52.466+0000] {processor.py:753} INFO - DAG(s) dict_keys(['latest_only']) retrieved from /home/airflow/.local/lib/python3.7/site-packages/airflow/example_dags/example_latest_only.py
[2025-08-27T15:18:52.484+0000] {logging_mixin.py:137} INFO - [2025-08-27T15:18:52.484+0000] {dag.py:2690} INFO - Sync 1 DAGs
[2025-08-27T15:18:52.499+0000] {logging_mixin.py:137} INFO - [2025-08-27T15:18:52.499+0000] {dag.py:3441} INFO - Setting next_dagrun for latest_only to 2025-08-27T11:18:52.498717+00:00, run_after=2025-08-27T15:18:52.498717+00:00
[2025-08-27T15:18:52.516+0000] {processor.py:175} INFO - Processing /home/airflow/.local/lib/python3.7/site-packages/airflow/example_dags/example_latest_only.py took 0.067 seconds
[2025-08-27T15:19:36.993+0000] {processor.py:153} INFO - Started process (PID=23265) to work on /home/airflow/.local/lib/python3.7/site-packages/airflow/example_dags/example_latest_only.py
[2025-08-27T15:19:36.993+0000] {processor.py:743} INFO - Processing file /home/airflow/.local/lib/python3.7/site-packages/airflow/example_dags/example_latest_only.py for tasks to queue
[2025-08-27T15:19:36.994+0000] {logging_mixin.py:137} INFO - [2025-08-27T15:19:36.994+0000] {dagbag.py:538} INFO - Filling up the DagBag from /home/airflow/.local/lib/python3.7/site-packages/airflow/example_dags/example_latest_only.py
[2025-08-27T15:19:37.000+0000] {processor.py:753} INFO - DAG(s) dict_keys(['latest_only']) retrieved from /home/airflow/.local/lib/python3.7/site-packages/airflow/example_dags/example_latest_only.py
[2025-08-27T15:19:37.010+0000] {logging_mixin.py:137} INFO - [2025-08-27T15:19:37.010+0000] {dag.py:2690} INFO - Sync 1 DAGs
[2025-08-27T15:19:37.020+0000] {logging_mixin.py:137} INFO - [2025-08-27T15:19:37.020+0000] {dag.py:3441} INFO - Setting next_dagrun for latest_only to 2025-08-27T11:19:37.020096+00:00, run_after=2025-08-27T15:19:37.020096+00:00
[2025-08-27T15:19:37.027+0000] {processor.py:175} INFO - Processing /home/airflow/.local/lib/python3.7/site-packages/airflow/example_dags/example_latest_only.py took 0.036 seconds
[2025-08-27T15:21:53.005+0000] {processor.py:153} INFO - Started process (PID=23365) to work on /home/airflow/.local/lib/python3.7/site-packages/airflow/example_dags/example_latest_only.py
[2025-08-27T15:21:53.005+0000] {processor.py:743} INFO - Processing file /home/airflow/.local/lib/python3.7/site-packages/airflow/example_dags/example_latest_only.py for tasks to queue
[2025-08-27T15:21:53.005+0000] {logging_mixin.py:137} INFO - [2025-08-27T15:21:53.005+0000] {dagbag.py:538} INFO - Filling up the DagBag from /home/airflow/.local/lib/python3.7/site-packages/airflow/example_dags/example_latest_only.py
[2025-08-27T15:21:53.011+0000] {processor.py:753} INFO - DAG(s) dict_keys(['latest_only']) retrieved from /home/airflow/.local/lib/python3.7/site-packages/airflow/example_dags/example_latest_only.py
[2025-08-27T15:21:53.021+0000] {logging_mixin.py:137} INFO - [2025-08-27T15:21:53.020+0000] {dag.py:2690} INFO - Sync 1 DAGs
[2025-08-27T15:21:53.030+0000] {logging_mixin.py:137} INFO - [2025-08-27T15:21:53.030+0000] {dag.py:3441} INFO - Setting next_dagrun for latest_only to 2025-08-27T11:21:53.030495+00:00, run_after=2025-08-27T15:21:53.030495+00:00
[2025-08-27T15:21:53.038+0000] {processor.py:175} INFO - Processing /home/airflow/.local/lib/python3.7/site-packages/airflow/example_dags/example_latest_only.py took 0.035 seconds
[2025-08-27T15:25:59.130+0000] {processor.py:153} INFO - Started process (PID=23465) to work on /home/airflow/.local/lib/python3.7/site-packages/airflow/example_dags/example_latest_only.py
[2025-08-27T15:25:59.131+0000] {processor.py:743} INFO - Processing file /home/airflow/.local/lib/python3.7/site-packages/airflow/example_dags/example_latest_only.py for tasks to queue
[2025-08-27T15:25:59.131+0000] {logging_mixin.py:137} INFO - [2025-08-27T15:25:59.131+0000] {dagbag.py:538} INFO - Filling up the DagBag from /home/airflow/.local/lib/python3.7/site-packages/airflow/example_dags/example_latest_only.py
[2025-08-27T15:25:59.146+0000] {processor.py:753} INFO - DAG(s) dict_keys(['latest_only']) retrieved from /home/airflow/.local/lib/python3.7/site-packages/airflow/example_dags/example_latest_only.py
[2025-08-27T15:25:59.177+0000] {logging_mixin.py:137} INFO - [2025-08-27T15:25:59.177+0000] {dag.py:2690} INFO - Sync 1 DAGs
[2025-08-27T15:25:59.193+0000] {logging_mixin.py:137} INFO - [2025-08-27T15:25:59.193+0000] {dag.py:3441} INFO - Setting next_dagrun for latest_only to 2025-08-27T11:25:59.193034+00:00, run_after=2025-08-27T15:25:59.193034+00:00
[2025-08-27T15:25:59.208+0000] {processor.py:175} INFO - Processing /home/airflow/.local/lib/python3.7/site-packages/airflow/example_dags/example_latest_only.py took 0.080 seconds
[2025-08-27T16:00:40.315+0000] {processor.py:153} INFO - Started process (PID=23565) to work on /home/airflow/.local/lib/python3.7/site-packages/airflow/example_dags/example_latest_only.py
[2025-08-27T16:00:40.319+0000] {processor.py:743} INFO - Processing file /home/airflow/.local/lib/python3.7/site-packages/airflow/example_dags/example_latest_only.py for tasks to queue
[2025-08-27T16:00:40.320+0000] {logging_mixin.py:137} INFO - [2025-08-27T16:00:40.320+0000] {dagbag.py:538} INFO - Filling up the DagBag from /home/airflow/.local/lib/python3.7/site-packages/airflow/example_dags/example_latest_only.py
[2025-08-27T16:00:40.330+0000] {processor.py:753} INFO - DAG(s) dict_keys(['latest_only']) retrieved from /home/airflow/.local/lib/python3.7/site-packages/airflow/example_dags/example_latest_only.py
[2025-08-27T16:00:40.349+0000] {logging_mixin.py:137} INFO - [2025-08-27T16:00:40.349+0000] {dag.py:2690} INFO - Sync 1 DAGs
[2025-08-27T16:00:40.363+0000] {logging_mixin.py:137} INFO - [2025-08-27T16:00:40.363+0000] {dag.py:3441} INFO - Setting next_dagrun for latest_only to 2025-08-27T12:00:40.362570+00:00, run_after=2025-08-27T16:00:40.362570+00:00
[2025-08-27T16:00:40.377+0000] {processor.py:175} INFO - Processing /home/airflow/.local/lib/python3.7/site-packages/airflow/example_dags/example_latest_only.py took 0.064 seconds
[2025-08-27T16:14:53.190+0000] {processor.py:153} INFO - Started process (PID=23645) to work on /home/airflow/.local/lib/python3.7/site-packages/airflow/example_dags/example_latest_only.py
[2025-08-27T16:14:53.191+0000] {processor.py:743} INFO - Processing file /home/airflow/.local/lib/python3.7/site-packages/airflow/example_dags/example_latest_only.py for tasks to queue
[2025-08-27T16:14:53.192+0000] {logging_mixin.py:137} INFO - [2025-08-27T16:14:53.192+0000] {dagbag.py:538} INFO - Filling up the DagBag from /home/airflow/.local/lib/python3.7/site-packages/airflow/example_dags/example_latest_only.py
[2025-08-27T16:14:53.204+0000] {processor.py:753} INFO - DAG(s) dict_keys(['latest_only']) retrieved from /home/airflow/.local/lib/python3.7/site-packages/airflow/example_dags/example_latest_only.py
[2025-08-27T16:14:53.215+0000] {logging_mixin.py:137} INFO - [2025-08-27T16:14:53.215+0000] {dag.py:2690} INFO - Sync 1 DAGs
[2025-08-27T16:14:53.225+0000] {logging_mixin.py:137} INFO - [2025-08-27T16:14:53.225+0000] {dag.py:3441} INFO - Setting next_dagrun for latest_only to 2025-08-27T12:14:53.225077+00:00, run_after=2025-08-27T16:14:53.225077+00:00
[2025-08-27T16:14:53.232+0000] {processor.py:175} INFO - Processing /home/airflow/.local/lib/python3.7/site-packages/airflow/example_dags/example_latest_only.py took 0.044 seconds
[2025-08-27T16:23:10.534+0000] {processor.py:153} INFO - Started process (PID=23745) to work on /home/airflow/.local/lib/python3.7/site-packages/airflow/example_dags/example_latest_only.py
[2025-08-27T16:23:10.535+0000] {processor.py:743} INFO - Processing file /home/airflow/.local/lib/python3.7/site-packages/airflow/example_dags/example_latest_only.py for tasks to queue
[2025-08-27T16:23:10.535+0000] {logging_mixin.py:137} INFO - [2025-08-27T16:23:10.535+0000] {dagbag.py:538} INFO - Filling up the DagBag from /home/airflow/.local/lib/python3.7/site-packages/airflow/example_dags/example_latest_only.py
[2025-08-27T16:23:10.541+0000] {processor.py:753} INFO - DAG(s) dict_keys(['latest_only']) retrieved from /home/airflow/.local/lib/python3.7/site-packages/airflow/example_dags/example_latest_only.py
[2025-08-27T16:23:10.552+0000] {logging_mixin.py:137} INFO - [2025-08-27T16:23:10.552+0000] {dag.py:2690} INFO - Sync 1 DAGs
[2025-08-27T16:23:10.563+0000] {logging_mixin.py:137} INFO - [2025-08-27T16:23:10.562+0000] {dag.py:3441} INFO - Setting next_dagrun for latest_only to 2025-08-27T12:23:10.562784+00:00, run_after=2025-08-27T16:23:10.562784+00:00
[2025-08-27T16:23:10.570+0000] {processor.py:175} INFO - Processing /home/airflow/.local/lib/python3.7/site-packages/airflow/example_dags/example_latest_only.py took 0.037 seconds
[2025-08-27T16:24:54.140+0000] {processor.py:153} INFO - Started process (PID=23845) to work on /home/airflow/.local/lib/python3.7/site-packages/airflow/example_dags/example_latest_only.py
[2025-08-27T16:24:54.140+0000] {processor.py:743} INFO - Processing file /home/airflow/.local/lib/python3.7/site-packages/airflow/example_dags/example_latest_only.py for tasks to queue
[2025-08-27T16:24:54.140+0000] {logging_mixin.py:137} INFO - [2025-08-27T16:24:54.140+0000] {dagbag.py:538} INFO - Filling up the DagBag from /home/airflow/.local/lib/python3.7/site-packages/airflow/example_dags/example_latest_only.py
[2025-08-27T16:24:54.145+0000] {processor.py:753} INFO - DAG(s) dict_keys(['latest_only']) retrieved from /home/airflow/.local/lib/python3.7/site-packages/airflow/example_dags/example_latest_only.py
[2025-08-27T16:24:54.156+0000] {logging_mixin.py:137} INFO - [2025-08-27T16:24:54.156+0000] {dag.py:2690} INFO - Sync 1 DAGs
[2025-08-27T16:24:54.166+0000] {logging_mixin.py:137} INFO - [2025-08-27T16:24:54.166+0000] {dag.py:3441} INFO - Setting next_dagrun for latest_only to 2025-08-27T12:24:54.165936+00:00, run_after=2025-08-27T16:24:54.165936+00:00
[2025-08-27T16:24:54.174+0000] {processor.py:175} INFO - Processing /home/airflow/.local/lib/python3.7/site-packages/airflow/example_dags/example_latest_only.py took 0.036 seconds
[2025-08-27T16:30:07.751+0000] {processor.py:153} INFO - Started process (PID=23945) to work on /home/airflow/.local/lib/python3.7/site-packages/airflow/example_dags/example_latest_only.py
[2025-08-27T16:30:07.752+0000] {processor.py:743} INFO - Processing file /home/airflow/.local/lib/python3.7/site-packages/airflow/example_dags/example_latest_only.py for tasks to queue
[2025-08-27T16:30:07.752+0000] {logging_mixin.py:137} INFO - [2025-08-27T16:30:07.752+0000] {dagbag.py:538} INFO - Filling up the DagBag from /home/airflow/.local/lib/python3.7/site-packages/airflow/example_dags/example_latest_only.py
[2025-08-27T16:30:07.758+0000] {processor.py:753} INFO - DAG(s) dict_keys(['latest_only']) retrieved from /home/airflow/.local/lib/python3.7/site-packages/airflow/example_dags/example_latest_only.py
[2025-08-27T16:30:07.769+0000] {logging_mixin.py:137} INFO - [2025-08-27T16:30:07.769+0000] {dag.py:2690} INFO - Sync 1 DAGs
[2025-08-27T16:30:07.781+0000] {logging_mixin.py:137} INFO - [2025-08-27T16:30:07.781+0000] {dag.py:3441} INFO - Setting next_dagrun for latest_only to 2025-08-27T12:30:07.781014+00:00, run_after=2025-08-27T16:30:07.781014+00:00
[2025-08-27T16:30:07.788+0000] {processor.py:175} INFO - Processing /home/airflow/.local/lib/python3.7/site-packages/airflow/example_dags/example_latest_only.py took 0.038 seconds
[2025-08-27T16:44:03.092+0000] {processor.py:153} INFO - Started process (PID=24025) to work on /home/airflow/.local/lib/python3.7/site-packages/airflow/example_dags/example_latest_only.py
[2025-08-27T16:44:03.092+0000] {processor.py:743} INFO - Processing file /home/airflow/.local/lib/python3.7/site-packages/airflow/example_dags/example_latest_only.py for tasks to queue
[2025-08-27T16:44:03.093+0000] {logging_mixin.py:137} INFO - [2025-08-27T16:44:03.093+0000] {dagbag.py:538} INFO - Filling up the DagBag from /home/airflow/.local/lib/python3.7/site-packages/airflow/example_dags/example_latest_only.py
[2025-08-27T16:44:03.099+0000] {processor.py:753} INFO - DAG(s) dict_keys(['latest_only']) retrieved from /home/airflow/.local/lib/python3.7/site-packages/airflow/example_dags/example_latest_only.py
[2025-08-27T16:44:03.113+0000] {logging_mixin.py:137} INFO - [2025-08-27T16:44:03.113+0000] {dag.py:2690} INFO - Sync 1 DAGs
[2025-08-27T16:44:03.129+0000] {logging_mixin.py:137} INFO - [2025-08-27T16:44:03.129+0000] {dag.py:3441} INFO - Setting next_dagrun for latest_only to 2025-08-27T12:44:03.129545+00:00, run_after=2025-08-27T16:44:03.129545+00:00
[2025-08-27T16:44:03.140+0000] {processor.py:175} INFO - Processing /home/airflow/.local/lib/python3.7/site-packages/airflow/example_dags/example_latest_only.py took 0.050 seconds
[2025-08-27T18:19:17.598+0000] {processor.py:153} INFO - Started process (PID=24125) to work on /home/airflow/.local/lib/python3.7/site-packages/airflow/example_dags/example_latest_only.py
[2025-08-27T18:19:17.599+0000] {processor.py:743} INFO - Processing file /home/airflow/.local/lib/python3.7/site-packages/airflow/example_dags/example_latest_only.py for tasks to queue
[2025-08-27T18:19:17.599+0000] {logging_mixin.py:137} INFO - [2025-08-27T18:19:17.599+0000] {dagbag.py:538} INFO - Filling up the DagBag from /home/airflow/.local/lib/python3.7/site-packages/airflow/example_dags/example_latest_only.py
[2025-08-27T18:19:17.612+0000] {processor.py:753} INFO - DAG(s) dict_keys(['latest_only']) retrieved from /home/airflow/.local/lib/python3.7/site-packages/airflow/example_dags/example_latest_only.py
[2025-08-27T18:19:17.630+0000] {logging_mixin.py:137} INFO - [2025-08-27T18:19:17.630+0000] {dag.py:2690} INFO - Sync 1 DAGs
[2025-08-27T18:19:17.644+0000] {logging_mixin.py:137} INFO - [2025-08-27T18:19:17.644+0000] {dag.py:3441} INFO - Setting next_dagrun for latest_only to 2025-08-27T14:19:17.643954+00:00, run_after=2025-08-27T18:19:17.643954+00:00
[2025-08-27T18:19:17.653+0000] {processor.py:175} INFO - Processing /home/airflow/.local/lib/python3.7/site-packages/airflow/example_dags/example_latest_only.py took 0.058 seconds
[2025-08-27T19:39:50.211+0000] {processor.py:153} INFO - Started process (PID=24225) to work on /home/airflow/.local/lib/python3.7/site-packages/airflow/example_dags/example_latest_only.py
[2025-08-27T19:39:50.211+0000] {processor.py:743} INFO - Processing file /home/airflow/.local/lib/python3.7/site-packages/airflow/example_dags/example_latest_only.py for tasks to queue
[2025-08-27T19:39:50.211+0000] {logging_mixin.py:137} INFO - [2025-08-27T19:39:50.211+0000] {dagbag.py:538} INFO - Filling up the DagBag from /home/airflow/.local/lib/python3.7/site-packages/airflow/example_dags/example_latest_only.py
[2025-08-27T19:39:50.219+0000] {processor.py:753} INFO - DAG(s) dict_keys(['latest_only']) retrieved from /home/airflow/.local/lib/python3.7/site-packages/airflow/example_dags/example_latest_only.py
[2025-08-27T19:39:50.232+0000] {logging_mixin.py:137} INFO - [2025-08-27T19:39:50.232+0000] {dag.py:2690} INFO - Sync 1 DAGs
[2025-08-27T19:39:50.245+0000] {logging_mixin.py:137} INFO - [2025-08-27T19:39:50.245+0000] {dag.py:3441} INFO - Setting next_dagrun for latest_only to 2025-08-27T15:39:50.245641+00:00, run_after=2025-08-27T19:39:50.245641+00:00
[2025-08-27T19:39:50.256+0000] {processor.py:175} INFO - Processing /home/airflow/.local/lib/python3.7/site-packages/airflow/example_dags/example_latest_only.py took 0.047 seconds
[2025-08-27T21:01:24.770+0000] {processor.py:153} INFO - Started process (PID=24305) to work on /home/airflow/.local/lib/python3.7/site-packages/airflow/example_dags/example_latest_only.py
[2025-08-27T21:01:24.770+0000] {processor.py:743} INFO - Processing file /home/airflow/.local/lib/python3.7/site-packages/airflow/example_dags/example_latest_only.py for tasks to queue
[2025-08-27T21:01:24.771+0000] {logging_mixin.py:137} INFO - [2025-08-27T21:01:24.771+0000] {dagbag.py:538} INFO - Filling up the DagBag from /home/airflow/.local/lib/python3.7/site-packages/airflow/example_dags/example_latest_only.py
[2025-08-27T21:01:24.786+0000] {processor.py:753} INFO - DAG(s) dict_keys(['latest_only']) retrieved from /home/airflow/.local/lib/python3.7/site-packages/airflow/example_dags/example_latest_only.py
[2025-08-27T21:01:24.944+0000] {logging_mixin.py:137} INFO - [2025-08-27T21:01:24.944+0000] {dag.py:2690} INFO - Sync 1 DAGs
[2025-08-27T21:01:25.083+0000] {logging_mixin.py:137} INFO - [2025-08-27T21:01:25.083+0000] {dag.py:3441} INFO - Setting next_dagrun for latest_only to 2025-08-27T17:01:25.082961+00:00, run_after=2025-08-27T21:01:25.082961+00:00
[2025-08-27T21:01:25.099+0000] {processor.py:175} INFO - Processing /home/airflow/.local/lib/python3.7/site-packages/airflow/example_dags/example_latest_only.py took 0.332 seconds
[2025-08-27T21:51:50.120+0000] {processor.py:153} INFO - Started process (PID=24405) to work on /home/airflow/.local/lib/python3.7/site-packages/airflow/example_dags/example_latest_only.py
[2025-08-27T21:51:50.121+0000] {processor.py:743} INFO - Processing file /home/airflow/.local/lib/python3.7/site-packages/airflow/example_dags/example_latest_only.py for tasks to queue
[2025-08-27T21:51:50.121+0000] {logging_mixin.py:137} INFO - [2025-08-27T21:51:50.121+0000] {dagbag.py:538} INFO - Filling up the DagBag from /home/airflow/.local/lib/python3.7/site-packages/airflow/example_dags/example_latest_only.py
[2025-08-27T21:51:50.127+0000] {processor.py:753} INFO - DAG(s) dict_keys(['latest_only']) retrieved from /home/airflow/.local/lib/python3.7/site-packages/airflow/example_dags/example_latest_only.py
[2025-08-27T21:51:50.138+0000] {logging_mixin.py:137} INFO - [2025-08-27T21:51:50.138+0000] {dag.py:2690} INFO - Sync 1 DAGs
[2025-08-27T21:51:50.147+0000] {logging_mixin.py:137} INFO - [2025-08-27T21:51:50.147+0000] {dag.py:3441} INFO - Setting next_dagrun for latest_only to 2025-08-27T17:51:50.147785+00:00, run_after=2025-08-27T21:51:50.147785+00:00
[2025-08-27T21:51:50.155+0000] {processor.py:175} INFO - Processing /home/airflow/.local/lib/python3.7/site-packages/airflow/example_dags/example_latest_only.py took 0.036 seconds
[2025-08-27T23:29:06.046+0000] {processor.py:153} INFO - Started process (PID=24505) to work on /home/airflow/.local/lib/python3.7/site-packages/airflow/example_dags/example_latest_only.py
[2025-08-27T23:29:06.046+0000] {processor.py:743} INFO - Processing file /home/airflow/.local/lib/python3.7/site-packages/airflow/example_dags/example_latest_only.py for tasks to queue
[2025-08-27T23:29:06.046+0000] {logging_mixin.py:137} INFO - [2025-08-27T23:29:06.046+0000] {dagbag.py:538} INFO - Filling up the DagBag from /home/airflow/.local/lib/python3.7/site-packages/airflow/example_dags/example_latest_only.py
[2025-08-27T23:29:06.055+0000] {processor.py:753} INFO - DAG(s) dict_keys(['latest_only']) retrieved from /home/airflow/.local/lib/python3.7/site-packages/airflow/example_dags/example_latest_only.py
[2025-08-27T23:29:06.069+0000] {logging_mixin.py:137} INFO - [2025-08-27T23:29:06.069+0000] {dag.py:2690} INFO - Sync 1 DAGs
[2025-08-27T23:29:06.082+0000] {logging_mixin.py:137} INFO - [2025-08-27T23:29:06.082+0000] {dag.py:3441} INFO - Setting next_dagrun for latest_only to 2025-08-27T19:29:06.082619+00:00, run_after=2025-08-27T23:29:06.082619+00:00
[2025-08-27T23:29:06.091+0000] {processor.py:175} INFO - Processing /home/airflow/.local/lib/python3.7/site-packages/airflow/example_dags/example_latest_only.py took 0.047 seconds
