[2025-08-27T00:46:30.051+0000] {processor.py:153} INFO - Started process (PID=19515) to work on /home/airflow/.local/lib/python3.7/site-packages/airflow/example_dags/example_external_task_marker_dag.py
[2025-08-27T00:46:30.051+0000] {processor.py:743} INFO - Processing file /home/airflow/.local/lib/python3.7/site-packages/airflow/example_dags/example_external_task_marker_dag.py for tasks to queue
[2025-08-27T00:46:30.052+0000] {logging_mixin.py:137} INFO - [2025-08-27T00:46:30.051+0000] {dagbag.py:538} INFO - Filling up the DagBag from /home/airflow/.local/lib/python3.7/site-packages/airflow/example_dags/example_external_task_marker_dag.py
[2025-08-27T00:46:30.058+0000] {processor.py:753} INFO - DAG(s) dict_keys(['example_external_task_marker_parent', 'example_external_task_marker_child']) retrieved from /home/airflow/.local/lib/python3.7/site-packages/airflow/example_dags/example_external_task_marker_dag.py
[2025-08-27T00:46:30.074+0000] {logging_mixin.py:137} INFO - [2025-08-27T00:46:30.074+0000] {dag.py:2690} INFO - Sync 2 DAGs
[2025-08-27T00:46:30.083+0000] {logging_mixin.py:137} INFO - [2025-08-27T00:46:30.083+0000] {dag.py:3441} INFO - Setting next_dagrun for example_external_task_marker_child to None, run_after=None
[2025-08-27T00:46:30.085+0000] {logging_mixin.py:137} INFO - [2025-08-27T00:46:30.085+0000] {dag.py:3441} INFO - Setting next_dagrun for example_external_task_marker_parent to None, run_after=None
[2025-08-27T00:46:30.091+0000] {processor.py:175} INFO - Processing /home/airflow/.local/lib/python3.7/site-packages/airflow/example_dags/example_external_task_marker_dag.py took 0.042 seconds
[2025-08-27T02:21:51.784+0000] {processor.py:153} INFO - Started process (PID=19595) to work on /home/airflow/.local/lib/python3.7/site-packages/airflow/example_dags/example_external_task_marker_dag.py
[2025-08-27T02:21:51.785+0000] {processor.py:743} INFO - Processing file /home/airflow/.local/lib/python3.7/site-packages/airflow/example_dags/example_external_task_marker_dag.py for tasks to queue
[2025-08-27T02:21:51.785+0000] {logging_mixin.py:137} INFO - [2025-08-27T02:21:51.785+0000] {dagbag.py:538} INFO - Filling up the DagBag from /home/airflow/.local/lib/python3.7/site-packages/airflow/example_dags/example_external_task_marker_dag.py
[2025-08-27T02:21:51.793+0000] {processor.py:753} INFO - DAG(s) dict_keys(['example_external_task_marker_child', 'example_external_task_marker_parent']) retrieved from /home/airflow/.local/lib/python3.7/site-packages/airflow/example_dags/example_external_task_marker_dag.py
[2025-08-27T02:21:51.809+0000] {logging_mixin.py:137} INFO - [2025-08-27T02:21:51.809+0000] {dag.py:2690} INFO - Sync 2 DAGs
[2025-08-27T02:21:51.830+0000] {logging_mixin.py:137} INFO - [2025-08-27T02:21:51.830+0000] {dag.py:3441} INFO - Setting next_dagrun for example_external_task_marker_child to None, run_after=None
[2025-08-27T02:21:51.832+0000] {logging_mixin.py:137} INFO - [2025-08-27T02:21:51.832+0000] {dag.py:3441} INFO - Setting next_dagrun for example_external_task_marker_parent to None, run_after=None
[2025-08-27T02:21:51.848+0000] {processor.py:175} INFO - Processing /home/airflow/.local/lib/python3.7/site-packages/airflow/example_dags/example_external_task_marker_dag.py took 0.065 seconds
[2025-08-27T02:37:30.685+0000] {processor.py:153} INFO - Started process (PID=19695) to work on /home/airflow/.local/lib/python3.7/site-packages/airflow/example_dags/example_external_task_marker_dag.py
[2025-08-27T02:37:30.685+0000] {processor.py:743} INFO - Processing file /home/airflow/.local/lib/python3.7/site-packages/airflow/example_dags/example_external_task_marker_dag.py for tasks to queue
[2025-08-27T02:37:30.685+0000] {logging_mixin.py:137} INFO - [2025-08-27T02:37:30.685+0000] {dagbag.py:538} INFO - Filling up the DagBag from /home/airflow/.local/lib/python3.7/site-packages/airflow/example_dags/example_external_task_marker_dag.py
[2025-08-27T02:37:30.693+0000] {processor.py:753} INFO - DAG(s) dict_keys(['example_external_task_marker_parent', 'example_external_task_marker_child']) retrieved from /home/airflow/.local/lib/python3.7/site-packages/airflow/example_dags/example_external_task_marker_dag.py
[2025-08-27T02:37:30.705+0000] {logging_mixin.py:137} INFO - [2025-08-27T02:37:30.705+0000] {dag.py:2690} INFO - Sync 2 DAGs
[2025-08-27T02:37:30.717+0000] {logging_mixin.py:137} INFO - [2025-08-27T02:37:30.716+0000] {dag.py:3441} INFO - Setting next_dagrun for example_external_task_marker_child to None, run_after=None
[2025-08-27T02:37:30.718+0000] {logging_mixin.py:137} INFO - [2025-08-27T02:37:30.718+0000] {dag.py:3441} INFO - Setting next_dagrun for example_external_task_marker_parent to None, run_after=None
[2025-08-27T02:37:30.723+0000] {processor.py:175} INFO - Processing /home/airflow/.local/lib/python3.7/site-packages/airflow/example_dags/example_external_task_marker_dag.py took 0.040 seconds
[2025-08-27T03:02:26.852+0000] {processor.py:153} INFO - Started process (PID=19795) to work on /home/airflow/.local/lib/python3.7/site-packages/airflow/example_dags/example_external_task_marker_dag.py
[2025-08-27T03:02:26.853+0000] {processor.py:743} INFO - Processing file /home/airflow/.local/lib/python3.7/site-packages/airflow/example_dags/example_external_task_marker_dag.py for tasks to queue
[2025-08-27T03:02:26.853+0000] {logging_mixin.py:137} INFO - [2025-08-27T03:02:26.853+0000] {dagbag.py:538} INFO - Filling up the DagBag from /home/airflow/.local/lib/python3.7/site-packages/airflow/example_dags/example_external_task_marker_dag.py
[2025-08-27T03:02:26.860+0000] {processor.py:753} INFO - DAG(s) dict_keys(['example_external_task_marker_parent', 'example_external_task_marker_child']) retrieved from /home/airflow/.local/lib/python3.7/site-packages/airflow/example_dags/example_external_task_marker_dag.py
[2025-08-27T03:02:26.879+0000] {logging_mixin.py:137} INFO - [2025-08-27T03:02:26.879+0000] {dag.py:2690} INFO - Sync 2 DAGs
[2025-08-27T03:02:26.892+0000] {logging_mixin.py:137} INFO - [2025-08-27T03:02:26.892+0000] {dag.py:3441} INFO - Setting next_dagrun for example_external_task_marker_child to None, run_after=None
[2025-08-27T03:02:26.895+0000] {logging_mixin.py:137} INFO - [2025-08-27T03:02:26.895+0000] {dag.py:3441} INFO - Setting next_dagrun for example_external_task_marker_parent to None, run_after=None
[2025-08-27T03:02:26.903+0000] {processor.py:175} INFO - Processing /home/airflow/.local/lib/python3.7/site-packages/airflow/example_dags/example_external_task_marker_dag.py took 0.052 seconds
[2025-08-27T03:13:54.087+0000] {processor.py:153} INFO - Started process (PID=19894) to work on /home/airflow/.local/lib/python3.7/site-packages/airflow/example_dags/example_external_task_marker_dag.py
[2025-08-27T03:13:54.087+0000] {processor.py:743} INFO - Processing file /home/airflow/.local/lib/python3.7/site-packages/airflow/example_dags/example_external_task_marker_dag.py for tasks to queue
[2025-08-27T03:13:54.087+0000] {logging_mixin.py:137} INFO - [2025-08-27T03:13:54.087+0000] {dagbag.py:538} INFO - Filling up the DagBag from /home/airflow/.local/lib/python3.7/site-packages/airflow/example_dags/example_external_task_marker_dag.py
[2025-08-27T03:13:54.094+0000] {processor.py:753} INFO - DAG(s) dict_keys(['example_external_task_marker_parent', 'example_external_task_marker_child']) retrieved from /home/airflow/.local/lib/python3.7/site-packages/airflow/example_dags/example_external_task_marker_dag.py
[2025-08-27T03:13:54.106+0000] {logging_mixin.py:137} INFO - [2025-08-27T03:13:54.106+0000] {dag.py:2690} INFO - Sync 2 DAGs
[2025-08-27T03:13:54.117+0000] {logging_mixin.py:137} INFO - [2025-08-27T03:13:54.117+0000] {dag.py:3441} INFO - Setting next_dagrun for example_external_task_marker_child to None, run_after=None
[2025-08-27T03:13:54.118+0000] {logging_mixin.py:137} INFO - [2025-08-27T03:13:54.118+0000] {dag.py:3441} INFO - Setting next_dagrun for example_external_task_marker_parent to None, run_after=None
[2025-08-27T03:13:54.124+0000] {processor.py:175} INFO - Processing /home/airflow/.local/lib/python3.7/site-packages/airflow/example_dags/example_external_task_marker_dag.py took 0.039 seconds
[2025-08-27T03:33:10.255+0000] {processor.py:153} INFO - Started process (PID=19974) to work on /home/airflow/.local/lib/python3.7/site-packages/airflow/example_dags/example_external_task_marker_dag.py
[2025-08-27T03:33:10.258+0000] {processor.py:743} INFO - Processing file /home/airflow/.local/lib/python3.7/site-packages/airflow/example_dags/example_external_task_marker_dag.py for tasks to queue
[2025-08-27T03:33:10.258+0000] {logging_mixin.py:137} INFO - [2025-08-27T03:33:10.258+0000] {dagbag.py:538} INFO - Filling up the DagBag from /home/airflow/.local/lib/python3.7/site-packages/airflow/example_dags/example_external_task_marker_dag.py
[2025-08-27T03:33:10.265+0000] {processor.py:753} INFO - DAG(s) dict_keys(['example_external_task_marker_child', 'example_external_task_marker_parent']) retrieved from /home/airflow/.local/lib/python3.7/site-packages/airflow/example_dags/example_external_task_marker_dag.py
[2025-08-27T03:33:10.277+0000] {logging_mixin.py:137} INFO - [2025-08-27T03:33:10.276+0000] {dag.py:2690} INFO - Sync 2 DAGs
[2025-08-27T03:33:10.287+0000] {logging_mixin.py:137} INFO - [2025-08-27T03:33:10.287+0000] {dag.py:3441} INFO - Setting next_dagrun for example_external_task_marker_child to None, run_after=None
[2025-08-27T03:33:10.291+0000] {logging_mixin.py:137} INFO - [2025-08-27T03:33:10.291+0000] {dag.py:3441} INFO - Setting next_dagrun for example_external_task_marker_parent to None, run_after=None
[2025-08-27T03:33:10.301+0000] {processor.py:175} INFO - Processing /home/airflow/.local/lib/python3.7/site-packages/airflow/example_dags/example_external_task_marker_dag.py took 0.047 seconds
[2025-08-27T04:45:10.899+0000] {processor.py:153} INFO - Started process (PID=20074) to work on /home/airflow/.local/lib/python3.7/site-packages/airflow/example_dags/example_external_task_marker_dag.py
[2025-08-27T04:45:10.901+0000] {processor.py:743} INFO - Processing file /home/airflow/.local/lib/python3.7/site-packages/airflow/example_dags/example_external_task_marker_dag.py for tasks to queue
[2025-08-27T04:45:10.901+0000] {logging_mixin.py:137} INFO - [2025-08-27T04:45:10.901+0000] {dagbag.py:538} INFO - Filling up the DagBag from /home/airflow/.local/lib/python3.7/site-packages/airflow/example_dags/example_external_task_marker_dag.py
[2025-08-27T04:45:10.908+0000] {processor.py:753} INFO - DAG(s) dict_keys(['example_external_task_marker_child', 'example_external_task_marker_parent']) retrieved from /home/airflow/.local/lib/python3.7/site-packages/airflow/example_dags/example_external_task_marker_dag.py
[2025-08-27T04:45:10.920+0000] {logging_mixin.py:137} INFO - [2025-08-27T04:45:10.919+0000] {dag.py:2690} INFO - Sync 2 DAGs
[2025-08-27T04:45:10.933+0000] {logging_mixin.py:137} INFO - [2025-08-27T04:45:10.933+0000] {dag.py:3441} INFO - Setting next_dagrun for example_external_task_marker_child to None, run_after=None
[2025-08-27T04:45:10.936+0000] {logging_mixin.py:137} INFO - [2025-08-27T04:45:10.936+0000] {dag.py:3441} INFO - Setting next_dagrun for example_external_task_marker_parent to None, run_after=None
[2025-08-27T04:45:10.946+0000] {processor.py:175} INFO - Processing /home/airflow/.local/lib/python3.7/site-packages/airflow/example_dags/example_external_task_marker_dag.py took 0.050 seconds
[2025-08-27T04:49:56.370+0000] {processor.py:153} INFO - Started process (PID=20174) to work on /home/airflow/.local/lib/python3.7/site-packages/airflow/example_dags/example_external_task_marker_dag.py
[2025-08-27T04:49:56.370+0000] {processor.py:743} INFO - Processing file /home/airflow/.local/lib/python3.7/site-packages/airflow/example_dags/example_external_task_marker_dag.py for tasks to queue
[2025-08-27T04:49:56.372+0000] {logging_mixin.py:137} INFO - [2025-08-27T04:49:56.372+0000] {dagbag.py:538} INFO - Filling up the DagBag from /home/airflow/.local/lib/python3.7/site-packages/airflow/example_dags/example_external_task_marker_dag.py
[2025-08-27T04:49:56.378+0000] {processor.py:753} INFO - DAG(s) dict_keys(['example_external_task_marker_parent', 'example_external_task_marker_child']) retrieved from /home/airflow/.local/lib/python3.7/site-packages/airflow/example_dags/example_external_task_marker_dag.py
[2025-08-27T04:49:56.391+0000] {logging_mixin.py:137} INFO - [2025-08-27T04:49:56.391+0000] {dag.py:2690} INFO - Sync 2 DAGs
[2025-08-27T04:49:56.402+0000] {logging_mixin.py:137} INFO - [2025-08-27T04:49:56.401+0000] {dag.py:3441} INFO - Setting next_dagrun for example_external_task_marker_child to None, run_after=None
[2025-08-27T04:49:56.404+0000] {logging_mixin.py:137} INFO - [2025-08-27T04:49:56.404+0000] {dag.py:3441} INFO - Setting next_dagrun for example_external_task_marker_parent to None, run_after=None
[2025-08-27T04:49:56.412+0000] {processor.py:175} INFO - Processing /home/airflow/.local/lib/python3.7/site-packages/airflow/example_dags/example_external_task_marker_dag.py took 0.044 seconds
[2025-08-27T05:35:09.673+0000] {processor.py:153} INFO - Started process (PID=20263) to work on /home/airflow/.local/lib/python3.7/site-packages/airflow/example_dags/example_external_task_marker_dag.py
[2025-08-27T05:35:09.673+0000] {processor.py:743} INFO - Processing file /home/airflow/.local/lib/python3.7/site-packages/airflow/example_dags/example_external_task_marker_dag.py for tasks to queue
[2025-08-27T05:35:09.673+0000] {logging_mixin.py:137} INFO - [2025-08-27T05:35:09.673+0000] {dagbag.py:538} INFO - Filling up the DagBag from /home/airflow/.local/lib/python3.7/site-packages/airflow/example_dags/example_external_task_marker_dag.py
[2025-08-27T05:35:09.681+0000] {processor.py:753} INFO - DAG(s) dict_keys(['example_external_task_marker_parent', 'example_external_task_marker_child']) retrieved from /home/airflow/.local/lib/python3.7/site-packages/airflow/example_dags/example_external_task_marker_dag.py
[2025-08-27T05:35:09.694+0000] {logging_mixin.py:137} INFO - [2025-08-27T05:35:09.694+0000] {dag.py:2690} INFO - Sync 2 DAGs
[2025-08-27T05:35:09.705+0000] {logging_mixin.py:137} INFO - [2025-08-27T05:35:09.705+0000] {dag.py:3441} INFO - Setting next_dagrun for example_external_task_marker_child to None, run_after=None
[2025-08-27T05:35:09.707+0000] {logging_mixin.py:137} INFO - [2025-08-27T05:35:09.707+0000] {dag.py:3441} INFO - Setting next_dagrun for example_external_task_marker_parent to None, run_after=None
[2025-08-27T05:35:09.714+0000] {processor.py:175} INFO - Processing /home/airflow/.local/lib/python3.7/site-packages/airflow/example_dags/example_external_task_marker_dag.py took 0.043 seconds
[2025-08-27T06:12:37.897+0000] {processor.py:153} INFO - Started process (PID=20354) to work on /home/airflow/.local/lib/python3.7/site-packages/airflow/example_dags/example_external_task_marker_dag.py
[2025-08-27T06:12:37.898+0000] {processor.py:743} INFO - Processing file /home/airflow/.local/lib/python3.7/site-packages/airflow/example_dags/example_external_task_marker_dag.py for tasks to queue
[2025-08-27T06:12:37.898+0000] {logging_mixin.py:137} INFO - [2025-08-27T06:12:37.898+0000] {dagbag.py:538} INFO - Filling up the DagBag from /home/airflow/.local/lib/python3.7/site-packages/airflow/example_dags/example_external_task_marker_dag.py
[2025-08-27T06:12:37.905+0000] {processor.py:753} INFO - DAG(s) dict_keys(['example_external_task_marker_child', 'example_external_task_marker_parent']) retrieved from /home/airflow/.local/lib/python3.7/site-packages/airflow/example_dags/example_external_task_marker_dag.py
[2025-08-27T06:12:37.917+0000] {logging_mixin.py:137} INFO - [2025-08-27T06:12:37.917+0000] {dag.py:2690} INFO - Sync 2 DAGs
[2025-08-27T06:12:37.929+0000] {logging_mixin.py:137} INFO - [2025-08-27T06:12:37.929+0000] {dag.py:3441} INFO - Setting next_dagrun for example_external_task_marker_child to None, run_after=None
[2025-08-27T06:12:37.930+0000] {logging_mixin.py:137} INFO - [2025-08-27T06:12:37.930+0000] {dag.py:3441} INFO - Setting next_dagrun for example_external_task_marker_parent to None, run_after=None
[2025-08-27T06:12:37.938+0000] {processor.py:175} INFO - Processing /home/airflow/.local/lib/python3.7/site-packages/airflow/example_dags/example_external_task_marker_dag.py took 0.043 seconds
[2025-08-27T06:55:19.614+0000] {processor.py:153} INFO - Started process (PID=20454) to work on /home/airflow/.local/lib/python3.7/site-packages/airflow/example_dags/example_external_task_marker_dag.py
[2025-08-27T06:55:19.614+0000] {processor.py:743} INFO - Processing file /home/airflow/.local/lib/python3.7/site-packages/airflow/example_dags/example_external_task_marker_dag.py for tasks to queue
[2025-08-27T06:55:19.615+0000] {logging_mixin.py:137} INFO - [2025-08-27T06:55:19.615+0000] {dagbag.py:538} INFO - Filling up the DagBag from /home/airflow/.local/lib/python3.7/site-packages/airflow/example_dags/example_external_task_marker_dag.py
[2025-08-27T06:55:19.621+0000] {processor.py:753} INFO - DAG(s) dict_keys(['example_external_task_marker_child', 'example_external_task_marker_parent']) retrieved from /home/airflow/.local/lib/python3.7/site-packages/airflow/example_dags/example_external_task_marker_dag.py
[2025-08-27T06:55:19.633+0000] {logging_mixin.py:137} INFO - [2025-08-27T06:55:19.633+0000] {dag.py:2690} INFO - Sync 2 DAGs
[2025-08-27T06:55:19.643+0000] {logging_mixin.py:137} INFO - [2025-08-27T06:55:19.643+0000] {dag.py:3441} INFO - Setting next_dagrun for example_external_task_marker_child to None, run_after=None
[2025-08-27T06:55:19.644+0000] {logging_mixin.py:137} INFO - [2025-08-27T06:55:19.644+0000] {dag.py:3441} INFO - Setting next_dagrun for example_external_task_marker_parent to None, run_after=None
[2025-08-27T06:55:19.651+0000] {processor.py:175} INFO - Processing /home/airflow/.local/lib/python3.7/site-packages/airflow/example_dags/example_external_task_marker_dag.py took 0.038 seconds
[2025-08-27T07:53:52.761+0000] {processor.py:153} INFO - Started process (PID=20554) to work on /home/airflow/.local/lib/python3.7/site-packages/airflow/example_dags/example_external_task_marker_dag.py
[2025-08-27T07:53:52.761+0000] {processor.py:743} INFO - Processing file /home/airflow/.local/lib/python3.7/site-packages/airflow/example_dags/example_external_task_marker_dag.py for tasks to queue
[2025-08-27T07:53:52.762+0000] {logging_mixin.py:137} INFO - [2025-08-27T07:53:52.761+0000] {dagbag.py:538} INFO - Filling up the DagBag from /home/airflow/.local/lib/python3.7/site-packages/airflow/example_dags/example_external_task_marker_dag.py
[2025-08-27T07:53:52.768+0000] {processor.py:753} INFO - DAG(s) dict_keys(['example_external_task_marker_child', 'example_external_task_marker_parent']) retrieved from /home/airflow/.local/lib/python3.7/site-packages/airflow/example_dags/example_external_task_marker_dag.py
[2025-08-27T07:53:52.780+0000] {logging_mixin.py:137} INFO - [2025-08-27T07:53:52.780+0000] {dag.py:2690} INFO - Sync 2 DAGs
[2025-08-27T07:53:52.789+0000] {logging_mixin.py:137} INFO - [2025-08-27T07:53:52.789+0000] {dag.py:3441} INFO - Setting next_dagrun for example_external_task_marker_child to None, run_after=None
[2025-08-27T07:53:52.790+0000] {logging_mixin.py:137} INFO - [2025-08-27T07:53:52.790+0000] {dag.py:3441} INFO - Setting next_dagrun for example_external_task_marker_parent to None, run_after=None
[2025-08-27T07:53:52.797+0000] {processor.py:175} INFO - Processing /home/airflow/.local/lib/python3.7/site-packages/airflow/example_dags/example_external_task_marker_dag.py took 0.038 seconds
[2025-08-27T08:23:40.012+0000] {processor.py:153} INFO - Started process (PID=20634) to work on /home/airflow/.local/lib/python3.7/site-packages/airflow/example_dags/example_external_task_marker_dag.py
[2025-08-27T08:23:40.013+0000] {processor.py:743} INFO - Processing file /home/airflow/.local/lib/python3.7/site-packages/airflow/example_dags/example_external_task_marker_dag.py for tasks to queue
[2025-08-27T08:23:40.013+0000] {logging_mixin.py:137} INFO - [2025-08-27T08:23:40.013+0000] {dagbag.py:538} INFO - Filling up the DagBag from /home/airflow/.local/lib/python3.7/site-packages/airflow/example_dags/example_external_task_marker_dag.py
[2025-08-27T08:23:40.019+0000] {processor.py:753} INFO - DAG(s) dict_keys(['example_external_task_marker_parent', 'example_external_task_marker_child']) retrieved from /home/airflow/.local/lib/python3.7/site-packages/airflow/example_dags/example_external_task_marker_dag.py
[2025-08-27T08:23:40.031+0000] {logging_mixin.py:137} INFO - [2025-08-27T08:23:40.031+0000] {dag.py:2690} INFO - Sync 2 DAGs
[2025-08-27T08:23:40.041+0000] {logging_mixin.py:137} INFO - [2025-08-27T08:23:40.041+0000] {dag.py:3441} INFO - Setting next_dagrun for example_external_task_marker_child to None, run_after=None
[2025-08-27T08:23:40.043+0000] {logging_mixin.py:137} INFO - [2025-08-27T08:23:40.042+0000] {dag.py:3441} INFO - Setting next_dagrun for example_external_task_marker_parent to None, run_after=None
[2025-08-27T08:23:40.049+0000] {processor.py:175} INFO - Processing /home/airflow/.local/lib/python3.7/site-packages/airflow/example_dags/example_external_task_marker_dag.py took 0.039 seconds
[2025-08-27T09:35:51.200+0000] {processor.py:153} INFO - Started process (PID=20734) to work on /home/airflow/.local/lib/python3.7/site-packages/airflow/example_dags/example_external_task_marker_dag.py
[2025-08-27T09:35:51.200+0000] {processor.py:743} INFO - Processing file /home/airflow/.local/lib/python3.7/site-packages/airflow/example_dags/example_external_task_marker_dag.py for tasks to queue
[2025-08-27T09:35:51.201+0000] {logging_mixin.py:137} INFO - [2025-08-27T09:35:51.200+0000] {dagbag.py:538} INFO - Filling up the DagBag from /home/airflow/.local/lib/python3.7/site-packages/airflow/example_dags/example_external_task_marker_dag.py
[2025-08-27T09:35:51.206+0000] {processor.py:753} INFO - DAG(s) dict_keys(['example_external_task_marker_child', 'example_external_task_marker_parent']) retrieved from /home/airflow/.local/lib/python3.7/site-packages/airflow/example_dags/example_external_task_marker_dag.py
[2025-08-27T09:35:51.221+0000] {logging_mixin.py:137} INFO - [2025-08-27T09:35:51.220+0000] {dag.py:2690} INFO - Sync 2 DAGs
[2025-08-27T09:35:51.240+0000] {logging_mixin.py:137} INFO - [2025-08-27T09:35:51.240+0000] {dag.py:3441} INFO - Setting next_dagrun for example_external_task_marker_child to None, run_after=None
[2025-08-27T09:35:51.246+0000] {logging_mixin.py:137} INFO - [2025-08-27T09:35:51.246+0000] {dag.py:3441} INFO - Setting next_dagrun for example_external_task_marker_parent to None, run_after=None
[2025-08-27T09:35:51.260+0000] {processor.py:175} INFO - Processing /home/airflow/.local/lib/python3.7/site-packages/airflow/example_dags/example_external_task_marker_dag.py took 0.062 seconds
[2025-08-27T09:36:50.115+0000] {processor.py:153} INFO - Started process (PID=20834) to work on /home/airflow/.local/lib/python3.7/site-packages/airflow/example_dags/example_external_task_marker_dag.py
[2025-08-27T09:36:50.115+0000] {processor.py:743} INFO - Processing file /home/airflow/.local/lib/python3.7/site-packages/airflow/example_dags/example_external_task_marker_dag.py for tasks to queue
[2025-08-27T09:36:50.116+0000] {logging_mixin.py:137} INFO - [2025-08-27T09:36:50.115+0000] {dagbag.py:538} INFO - Filling up the DagBag from /home/airflow/.local/lib/python3.7/site-packages/airflow/example_dags/example_external_task_marker_dag.py
[2025-08-27T09:36:50.122+0000] {processor.py:753} INFO - DAG(s) dict_keys(['example_external_task_marker_parent', 'example_external_task_marker_child']) retrieved from /home/airflow/.local/lib/python3.7/site-packages/airflow/example_dags/example_external_task_marker_dag.py
[2025-08-27T09:36:50.136+0000] {logging_mixin.py:137} INFO - [2025-08-27T09:36:50.136+0000] {dag.py:2690} INFO - Sync 2 DAGs
[2025-08-27T09:36:50.146+0000] {logging_mixin.py:137} INFO - [2025-08-27T09:36:50.146+0000] {dag.py:3441} INFO - Setting next_dagrun for example_external_task_marker_child to None, run_after=None
[2025-08-27T09:36:50.147+0000] {logging_mixin.py:137} INFO - [2025-08-27T09:36:50.147+0000] {dag.py:3441} INFO - Setting next_dagrun for example_external_task_marker_parent to None, run_after=None
[2025-08-27T09:36:50.153+0000] {processor.py:175} INFO - Processing /home/airflow/.local/lib/python3.7/site-packages/airflow/example_dags/example_external_task_marker_dag.py took 0.040 seconds
[2025-08-27T09:38:53.324+0000] {processor.py:153} INFO - Started process (PID=20934) to work on /home/airflow/.local/lib/python3.7/site-packages/airflow/example_dags/example_external_task_marker_dag.py
[2025-08-27T09:38:53.324+0000] {processor.py:743} INFO - Processing file /home/airflow/.local/lib/python3.7/site-packages/airflow/example_dags/example_external_task_marker_dag.py for tasks to queue
[2025-08-27T09:38:53.324+0000] {logging_mixin.py:137} INFO - [2025-08-27T09:38:53.324+0000] {dagbag.py:538} INFO - Filling up the DagBag from /home/airflow/.local/lib/python3.7/site-packages/airflow/example_dags/example_external_task_marker_dag.py
[2025-08-27T09:38:53.332+0000] {processor.py:753} INFO - DAG(s) dict_keys(['example_external_task_marker_parent', 'example_external_task_marker_child']) retrieved from /home/airflow/.local/lib/python3.7/site-packages/airflow/example_dags/example_external_task_marker_dag.py
[2025-08-27T09:38:53.343+0000] {logging_mixin.py:137} INFO - [2025-08-27T09:38:53.343+0000] {dag.py:2690} INFO - Sync 2 DAGs
[2025-08-27T09:38:53.353+0000] {logging_mixin.py:137} INFO - [2025-08-27T09:38:53.353+0000] {dag.py:3441} INFO - Setting next_dagrun for example_external_task_marker_child to None, run_after=None
[2025-08-27T09:38:53.355+0000] {logging_mixin.py:137} INFO - [2025-08-27T09:38:53.355+0000] {dag.py:3441} INFO - Setting next_dagrun for example_external_task_marker_parent to None, run_after=None
[2025-08-27T09:38:53.361+0000] {processor.py:175} INFO - Processing /home/airflow/.local/lib/python3.7/site-packages/airflow/example_dags/example_external_task_marker_dag.py took 0.039 seconds
[2025-08-27T09:39:39.468+0000] {processor.py:153} INFO - Started process (PID=21014) to work on /home/airflow/.local/lib/python3.7/site-packages/airflow/example_dags/example_external_task_marker_dag.py
[2025-08-27T09:39:39.468+0000] {processor.py:743} INFO - Processing file /home/airflow/.local/lib/python3.7/site-packages/airflow/example_dags/example_external_task_marker_dag.py for tasks to queue
[2025-08-27T09:39:39.468+0000] {logging_mixin.py:137} INFO - [2025-08-27T09:39:39.468+0000] {dagbag.py:538} INFO - Filling up the DagBag from /home/airflow/.local/lib/python3.7/site-packages/airflow/example_dags/example_external_task_marker_dag.py
[2025-08-27T09:39:39.474+0000] {processor.py:753} INFO - DAG(s) dict_keys(['example_external_task_marker_child', 'example_external_task_marker_parent']) retrieved from /home/airflow/.local/lib/python3.7/site-packages/airflow/example_dags/example_external_task_marker_dag.py
[2025-08-27T09:39:39.486+0000] {logging_mixin.py:137} INFO - [2025-08-27T09:39:39.486+0000] {dag.py:2690} INFO - Sync 2 DAGs
[2025-08-27T09:39:39.496+0000] {logging_mixin.py:137} INFO - [2025-08-27T09:39:39.496+0000] {dag.py:3441} INFO - Setting next_dagrun for example_external_task_marker_child to None, run_after=None
[2025-08-27T09:39:39.497+0000] {logging_mixin.py:137} INFO - [2025-08-27T09:39:39.497+0000] {dag.py:3441} INFO - Setting next_dagrun for example_external_task_marker_parent to None, run_after=None
[2025-08-27T09:39:39.503+0000] {processor.py:175} INFO - Processing /home/airflow/.local/lib/python3.7/site-packages/airflow/example_dags/example_external_task_marker_dag.py took 0.037 seconds
[2025-08-27T09:50:06.999+0000] {processor.py:153} INFO - Started process (PID=21114) to work on /home/airflow/.local/lib/python3.7/site-packages/airflow/example_dags/example_external_task_marker_dag.py
[2025-08-27T09:50:07.000+0000] {processor.py:743} INFO - Processing file /home/airflow/.local/lib/python3.7/site-packages/airflow/example_dags/example_external_task_marker_dag.py for tasks to queue
[2025-08-27T09:50:07.000+0000] {logging_mixin.py:137} INFO - [2025-08-27T09:50:07.000+0000] {dagbag.py:538} INFO - Filling up the DagBag from /home/airflow/.local/lib/python3.7/site-packages/airflow/example_dags/example_external_task_marker_dag.py
[2025-08-27T09:50:07.007+0000] {processor.py:753} INFO - DAG(s) dict_keys(['example_external_task_marker_child', 'example_external_task_marker_parent']) retrieved from /home/airflow/.local/lib/python3.7/site-packages/airflow/example_dags/example_external_task_marker_dag.py
[2025-08-27T09:50:07.019+0000] {logging_mixin.py:137} INFO - [2025-08-27T09:50:07.019+0000] {dag.py:2690} INFO - Sync 2 DAGs
[2025-08-27T09:50:07.030+0000] {logging_mixin.py:137} INFO - [2025-08-27T09:50:07.030+0000] {dag.py:3441} INFO - Setting next_dagrun for example_external_task_marker_child to None, run_after=None
[2025-08-27T09:50:07.031+0000] {logging_mixin.py:137} INFO - [2025-08-27T09:50:07.031+0000] {dag.py:3441} INFO - Setting next_dagrun for example_external_task_marker_parent to None, run_after=None
[2025-08-27T09:50:07.039+0000] {processor.py:175} INFO - Processing /home/airflow/.local/lib/python3.7/site-packages/airflow/example_dags/example_external_task_marker_dag.py took 0.041 seconds
[2025-08-27T11:12:46.908+0000] {processor.py:153} INFO - Started process (PID=21214) to work on /home/airflow/.local/lib/python3.7/site-packages/airflow/example_dags/example_external_task_marker_dag.py
[2025-08-27T11:12:46.908+0000] {processor.py:743} INFO - Processing file /home/airflow/.local/lib/python3.7/site-packages/airflow/example_dags/example_external_task_marker_dag.py for tasks to queue
[2025-08-27T11:12:46.909+0000] {logging_mixin.py:137} INFO - [2025-08-27T11:12:46.909+0000] {dagbag.py:538} INFO - Filling up the DagBag from /home/airflow/.local/lib/python3.7/site-packages/airflow/example_dags/example_external_task_marker_dag.py
[2025-08-27T11:12:46.916+0000] {processor.py:753} INFO - DAG(s) dict_keys(['example_external_task_marker_child', 'example_external_task_marker_parent']) retrieved from /home/airflow/.local/lib/python3.7/site-packages/airflow/example_dags/example_external_task_marker_dag.py
[2025-08-27T11:12:46.930+0000] {logging_mixin.py:137} INFO - [2025-08-27T11:12:46.930+0000] {dag.py:2690} INFO - Sync 2 DAGs
[2025-08-27T11:12:46.940+0000] {logging_mixin.py:137} INFO - [2025-08-27T11:12:46.940+0000] {dag.py:3441} INFO - Setting next_dagrun for example_external_task_marker_child to None, run_after=None
[2025-08-27T11:12:46.941+0000] {logging_mixin.py:137} INFO - [2025-08-27T11:12:46.941+0000] {dag.py:3441} INFO - Setting next_dagrun for example_external_task_marker_parent to None, run_after=None
[2025-08-27T11:12:46.948+0000] {processor.py:175} INFO - Processing /home/airflow/.local/lib/python3.7/site-packages/airflow/example_dags/example_external_task_marker_dag.py took 0.042 seconds
[2025-08-27T11:34:31.761+0000] {processor.py:153} INFO - Started process (PID=21294) to work on /home/airflow/.local/lib/python3.7/site-packages/airflow/example_dags/example_external_task_marker_dag.py
[2025-08-27T11:34:31.762+0000] {processor.py:743} INFO - Processing file /home/airflow/.local/lib/python3.7/site-packages/airflow/example_dags/example_external_task_marker_dag.py for tasks to queue
[2025-08-27T11:34:31.762+0000] {logging_mixin.py:137} INFO - [2025-08-27T11:34:31.762+0000] {dagbag.py:538} INFO - Filling up the DagBag from /home/airflow/.local/lib/python3.7/site-packages/airflow/example_dags/example_external_task_marker_dag.py
[2025-08-27T11:34:31.779+0000] {processor.py:753} INFO - DAG(s) dict_keys(['example_external_task_marker_child', 'example_external_task_marker_parent']) retrieved from /home/airflow/.local/lib/python3.7/site-packages/airflow/example_dags/example_external_task_marker_dag.py
[2025-08-27T11:34:31.810+0000] {logging_mixin.py:137} INFO - [2025-08-27T11:34:31.810+0000] {dag.py:2690} INFO - Sync 2 DAGs
[2025-08-27T11:34:31.829+0000] {logging_mixin.py:137} INFO - [2025-08-27T11:34:31.829+0000] {dag.py:3441} INFO - Setting next_dagrun for example_external_task_marker_child to None, run_after=None
[2025-08-27T11:34:31.832+0000] {logging_mixin.py:137} INFO - [2025-08-27T11:34:31.832+0000] {dag.py:3441} INFO - Setting next_dagrun for example_external_task_marker_parent to None, run_after=None
[2025-08-27T11:34:31.846+0000] {processor.py:175} INFO - Processing /home/airflow/.local/lib/python3.7/site-packages/airflow/example_dags/example_external_task_marker_dag.py took 0.088 seconds
[2025-08-27T11:51:13.804+0000] {processor.py:153} INFO - Started process (PID=21394) to work on /home/airflow/.local/lib/python3.7/site-packages/airflow/example_dags/example_external_task_marker_dag.py
[2025-08-27T11:51:13.805+0000] {processor.py:743} INFO - Processing file /home/airflow/.local/lib/python3.7/site-packages/airflow/example_dags/example_external_task_marker_dag.py for tasks to queue
[2025-08-27T11:51:13.805+0000] {logging_mixin.py:137} INFO - [2025-08-27T11:51:13.805+0000] {dagbag.py:538} INFO - Filling up the DagBag from /home/airflow/.local/lib/python3.7/site-packages/airflow/example_dags/example_external_task_marker_dag.py
[2025-08-27T11:51:13.811+0000] {processor.py:753} INFO - DAG(s) dict_keys(['example_external_task_marker_child', 'example_external_task_marker_parent']) retrieved from /home/airflow/.local/lib/python3.7/site-packages/airflow/example_dags/example_external_task_marker_dag.py
[2025-08-27T11:51:13.823+0000] {logging_mixin.py:137} INFO - [2025-08-27T11:51:13.823+0000] {dag.py:2690} INFO - Sync 2 DAGs
[2025-08-27T11:51:13.833+0000] {logging_mixin.py:137} INFO - [2025-08-27T11:51:13.832+0000] {dag.py:3441} INFO - Setting next_dagrun for example_external_task_marker_child to None, run_after=None
[2025-08-27T11:51:13.834+0000] {logging_mixin.py:137} INFO - [2025-08-27T11:51:13.834+0000] {dag.py:3441} INFO - Setting next_dagrun for example_external_task_marker_parent to None, run_after=None
[2025-08-27T11:51:13.841+0000] {processor.py:175} INFO - Processing /home/airflow/.local/lib/python3.7/site-packages/airflow/example_dags/example_external_task_marker_dag.py took 0.038 seconds
[2025-08-27T11:53:12.281+0000] {processor.py:153} INFO - Started process (PID=21494) to work on /home/airflow/.local/lib/python3.7/site-packages/airflow/example_dags/example_external_task_marker_dag.py
[2025-08-27T11:53:12.281+0000] {processor.py:743} INFO - Processing file /home/airflow/.local/lib/python3.7/site-packages/airflow/example_dags/example_external_task_marker_dag.py for tasks to queue
[2025-08-27T11:53:12.282+0000] {logging_mixin.py:137} INFO - [2025-08-27T11:53:12.282+0000] {dagbag.py:538} INFO - Filling up the DagBag from /home/airflow/.local/lib/python3.7/site-packages/airflow/example_dags/example_external_task_marker_dag.py
[2025-08-27T11:53:12.287+0000] {processor.py:753} INFO - DAG(s) dict_keys(['example_external_task_marker_parent', 'example_external_task_marker_child']) retrieved from /home/airflow/.local/lib/python3.7/site-packages/airflow/example_dags/example_external_task_marker_dag.py
[2025-08-27T11:53:12.300+0000] {logging_mixin.py:137} INFO - [2025-08-27T11:53:12.299+0000] {dag.py:2690} INFO - Sync 2 DAGs
[2025-08-27T11:53:12.309+0000] {logging_mixin.py:137} INFO - [2025-08-27T11:53:12.309+0000] {dag.py:3441} INFO - Setting next_dagrun for example_external_task_marker_child to None, run_after=None
[2025-08-27T11:53:12.310+0000] {logging_mixin.py:137} INFO - [2025-08-27T11:53:12.310+0000] {dag.py:3441} INFO - Setting next_dagrun for example_external_task_marker_parent to None, run_after=None
[2025-08-27T11:53:12.317+0000] {processor.py:175} INFO - Processing /home/airflow/.local/lib/python3.7/site-packages/airflow/example_dags/example_external_task_marker_dag.py took 0.037 seconds
[2025-08-27T11:58:54.008+0000] {processor.py:153} INFO - Started process (PID=21594) to work on /home/airflow/.local/lib/python3.7/site-packages/airflow/example_dags/example_external_task_marker_dag.py
[2025-08-27T11:58:54.008+0000] {processor.py:743} INFO - Processing file /home/airflow/.local/lib/python3.7/site-packages/airflow/example_dags/example_external_task_marker_dag.py for tasks to queue
[2025-08-27T11:58:54.009+0000] {logging_mixin.py:137} INFO - [2025-08-27T11:58:54.008+0000] {dagbag.py:538} INFO - Filling up the DagBag from /home/airflow/.local/lib/python3.7/site-packages/airflow/example_dags/example_external_task_marker_dag.py
[2025-08-27T11:58:54.015+0000] {processor.py:753} INFO - DAG(s) dict_keys(['example_external_task_marker_parent', 'example_external_task_marker_child']) retrieved from /home/airflow/.local/lib/python3.7/site-packages/airflow/example_dags/example_external_task_marker_dag.py
[2025-08-27T11:58:54.027+0000] {logging_mixin.py:137} INFO - [2025-08-27T11:58:54.027+0000] {dag.py:2690} INFO - Sync 2 DAGs
[2025-08-27T11:58:54.038+0000] {logging_mixin.py:137} INFO - [2025-08-27T11:58:54.038+0000] {dag.py:3441} INFO - Setting next_dagrun for example_external_task_marker_child to None, run_after=None
[2025-08-27T11:58:54.040+0000] {logging_mixin.py:137} INFO - [2025-08-27T11:58:54.040+0000] {dag.py:3441} INFO - Setting next_dagrun for example_external_task_marker_parent to None, run_after=None
[2025-08-27T11:58:54.046+0000] {processor.py:175} INFO - Processing /home/airflow/.local/lib/python3.7/site-packages/airflow/example_dags/example_external_task_marker_dag.py took 0.040 seconds
[2025-08-27T12:11:20.939+0000] {processor.py:153} INFO - Started process (PID=21674) to work on /home/airflow/.local/lib/python3.7/site-packages/airflow/example_dags/example_external_task_marker_dag.py
[2025-08-27T12:11:20.940+0000] {processor.py:743} INFO - Processing file /home/airflow/.local/lib/python3.7/site-packages/airflow/example_dags/example_external_task_marker_dag.py for tasks to queue
[2025-08-27T12:11:20.940+0000] {logging_mixin.py:137} INFO - [2025-08-27T12:11:20.940+0000] {dagbag.py:538} INFO - Filling up the DagBag from /home/airflow/.local/lib/python3.7/site-packages/airflow/example_dags/example_external_task_marker_dag.py
[2025-08-27T12:11:20.946+0000] {processor.py:753} INFO - DAG(s) dict_keys(['example_external_task_marker_parent', 'example_external_task_marker_child']) retrieved from /home/airflow/.local/lib/python3.7/site-packages/airflow/example_dags/example_external_task_marker_dag.py
[2025-08-27T12:11:20.958+0000] {logging_mixin.py:137} INFO - [2025-08-27T12:11:20.958+0000] {dag.py:2690} INFO - Sync 2 DAGs
[2025-08-27T12:11:20.969+0000] {logging_mixin.py:137} INFO - [2025-08-27T12:11:20.969+0000] {dag.py:3441} INFO - Setting next_dagrun for example_external_task_marker_child to None, run_after=None
[2025-08-27T12:11:20.970+0000] {logging_mixin.py:137} INFO - [2025-08-27T12:11:20.970+0000] {dag.py:3441} INFO - Setting next_dagrun for example_external_task_marker_parent to None, run_after=None
[2025-08-27T12:11:20.976+0000] {processor.py:175} INFO - Processing /home/airflow/.local/lib/python3.7/site-packages/airflow/example_dags/example_external_task_marker_dag.py took 0.039 seconds
[2025-08-27T12:14:25.411+0000] {processor.py:153} INFO - Started process (PID=21774) to work on /home/airflow/.local/lib/python3.7/site-packages/airflow/example_dags/example_external_task_marker_dag.py
[2025-08-27T12:14:25.412+0000] {processor.py:743} INFO - Processing file /home/airflow/.local/lib/python3.7/site-packages/airflow/example_dags/example_external_task_marker_dag.py for tasks to queue
[2025-08-27T12:14:25.412+0000] {logging_mixin.py:137} INFO - [2025-08-27T12:14:25.412+0000] {dagbag.py:538} INFO - Filling up the DagBag from /home/airflow/.local/lib/python3.7/site-packages/airflow/example_dags/example_external_task_marker_dag.py
[2025-08-27T12:14:25.419+0000] {processor.py:753} INFO - DAG(s) dict_keys(['example_external_task_marker_parent', 'example_external_task_marker_child']) retrieved from /home/airflow/.local/lib/python3.7/site-packages/airflow/example_dags/example_external_task_marker_dag.py
[2025-08-27T12:14:25.431+0000] {logging_mixin.py:137} INFO - [2025-08-27T12:14:25.431+0000] {dag.py:2690} INFO - Sync 2 DAGs
[2025-08-27T12:14:25.440+0000] {logging_mixin.py:137} INFO - [2025-08-27T12:14:25.440+0000] {dag.py:3441} INFO - Setting next_dagrun for example_external_task_marker_child to None, run_after=None
[2025-08-27T12:14:25.442+0000] {logging_mixin.py:137} INFO - [2025-08-27T12:14:25.442+0000] {dag.py:3441} INFO - Setting next_dagrun for example_external_task_marker_parent to None, run_after=None
[2025-08-27T12:14:25.448+0000] {processor.py:175} INFO - Processing /home/airflow/.local/lib/python3.7/site-packages/airflow/example_dags/example_external_task_marker_dag.py took 0.038 seconds
[2025-08-27T12:27:57.989+0000] {processor.py:153} INFO - Started process (PID=21874) to work on /home/airflow/.local/lib/python3.7/site-packages/airflow/example_dags/example_external_task_marker_dag.py
[2025-08-27T12:27:57.990+0000] {processor.py:743} INFO - Processing file /home/airflow/.local/lib/python3.7/site-packages/airflow/example_dags/example_external_task_marker_dag.py for tasks to queue
[2025-08-27T12:27:57.990+0000] {logging_mixin.py:137} INFO - [2025-08-27T12:27:57.990+0000] {dagbag.py:538} INFO - Filling up the DagBag from /home/airflow/.local/lib/python3.7/site-packages/airflow/example_dags/example_external_task_marker_dag.py
[2025-08-27T12:27:57.996+0000] {processor.py:753} INFO - DAG(s) dict_keys(['example_external_task_marker_parent', 'example_external_task_marker_child']) retrieved from /home/airflow/.local/lib/python3.7/site-packages/airflow/example_dags/example_external_task_marker_dag.py
[2025-08-27T12:27:58.008+0000] {logging_mixin.py:137} INFO - [2025-08-27T12:27:58.008+0000] {dag.py:2690} INFO - Sync 2 DAGs
[2025-08-27T12:27:58.018+0000] {logging_mixin.py:137} INFO - [2025-08-27T12:27:58.018+0000] {dag.py:3441} INFO - Setting next_dagrun for example_external_task_marker_child to None, run_after=None
[2025-08-27T12:27:58.019+0000] {logging_mixin.py:137} INFO - [2025-08-27T12:27:58.019+0000] {dag.py:3441} INFO - Setting next_dagrun for example_external_task_marker_parent to None, run_after=None
[2025-08-27T12:27:58.026+0000] {processor.py:175} INFO - Processing /home/airflow/.local/lib/python3.7/site-packages/airflow/example_dags/example_external_task_marker_dag.py took 0.038 seconds
[2025-08-27T12:38:26.003+0000] {processor.py:153} INFO - Started process (PID=21954) to work on /home/airflow/.local/lib/python3.7/site-packages/airflow/example_dags/example_external_task_marker_dag.py
[2025-08-27T12:38:26.003+0000] {processor.py:743} INFO - Processing file /home/airflow/.local/lib/python3.7/site-packages/airflow/example_dags/example_external_task_marker_dag.py for tasks to queue
[2025-08-27T12:38:26.004+0000] {logging_mixin.py:137} INFO - [2025-08-27T12:38:26.004+0000] {dagbag.py:538} INFO - Filling up the DagBag from /home/airflow/.local/lib/python3.7/site-packages/airflow/example_dags/example_external_task_marker_dag.py
[2025-08-27T12:38:26.010+0000] {processor.py:753} INFO - DAG(s) dict_keys(['example_external_task_marker_parent', 'example_external_task_marker_child']) retrieved from /home/airflow/.local/lib/python3.7/site-packages/airflow/example_dags/example_external_task_marker_dag.py
[2025-08-27T12:38:26.022+0000] {logging_mixin.py:137} INFO - [2025-08-27T12:38:26.022+0000] {dag.py:2690} INFO - Sync 2 DAGs
[2025-08-27T12:38:26.034+0000] {logging_mixin.py:137} INFO - [2025-08-27T12:38:26.033+0000] {dag.py:3441} INFO - Setting next_dagrun for example_external_task_marker_child to None, run_after=None
[2025-08-27T12:38:26.035+0000] {logging_mixin.py:137} INFO - [2025-08-27T12:38:26.035+0000] {dag.py:3441} INFO - Setting next_dagrun for example_external_task_marker_parent to None, run_after=None
[2025-08-27T12:38:26.041+0000] {processor.py:175} INFO - Processing /home/airflow/.local/lib/python3.7/site-packages/airflow/example_dags/example_external_task_marker_dag.py took 0.040 seconds
[2025-08-27T12:57:12.952+0000] {processor.py:153} INFO - Started process (PID=22054) to work on /home/airflow/.local/lib/python3.7/site-packages/airflow/example_dags/example_external_task_marker_dag.py
[2025-08-27T12:57:12.953+0000] {processor.py:743} INFO - Processing file /home/airflow/.local/lib/python3.7/site-packages/airflow/example_dags/example_external_task_marker_dag.py for tasks to queue
[2025-08-27T12:57:12.953+0000] {logging_mixin.py:137} INFO - [2025-08-27T12:57:12.953+0000] {dagbag.py:538} INFO - Filling up the DagBag from /home/airflow/.local/lib/python3.7/site-packages/airflow/example_dags/example_external_task_marker_dag.py
[2025-08-27T12:57:12.960+0000] {processor.py:753} INFO - DAG(s) dict_keys(['example_external_task_marker_child', 'example_external_task_marker_parent']) retrieved from /home/airflow/.local/lib/python3.7/site-packages/airflow/example_dags/example_external_task_marker_dag.py
[2025-08-27T12:57:12.973+0000] {logging_mixin.py:137} INFO - [2025-08-27T12:57:12.973+0000] {dag.py:2690} INFO - Sync 2 DAGs
[2025-08-27T12:57:12.983+0000] {logging_mixin.py:137} INFO - [2025-08-27T12:57:12.983+0000] {dag.py:3441} INFO - Setting next_dagrun for example_external_task_marker_child to None, run_after=None
[2025-08-27T12:57:12.985+0000] {logging_mixin.py:137} INFO - [2025-08-27T12:57:12.985+0000] {dag.py:3441} INFO - Setting next_dagrun for example_external_task_marker_parent to None, run_after=None
[2025-08-27T12:57:12.992+0000] {processor.py:175} INFO - Processing /home/airflow/.local/lib/python3.7/site-packages/airflow/example_dags/example_external_task_marker_dag.py took 0.042 seconds
[2025-08-27T12:57:43.322+0000] {processor.py:153} INFO - Started process (PID=22154) to work on /home/airflow/.local/lib/python3.7/site-packages/airflow/example_dags/example_external_task_marker_dag.py
[2025-08-27T12:57:43.322+0000] {processor.py:743} INFO - Processing file /home/airflow/.local/lib/python3.7/site-packages/airflow/example_dags/example_external_task_marker_dag.py for tasks to queue
[2025-08-27T12:57:43.322+0000] {logging_mixin.py:137} INFO - [2025-08-27T12:57:43.322+0000] {dagbag.py:538} INFO - Filling up the DagBag from /home/airflow/.local/lib/python3.7/site-packages/airflow/example_dags/example_external_task_marker_dag.py
[2025-08-27T12:57:43.328+0000] {processor.py:753} INFO - DAG(s) dict_keys(['example_external_task_marker_parent', 'example_external_task_marker_child']) retrieved from /home/airflow/.local/lib/python3.7/site-packages/airflow/example_dags/example_external_task_marker_dag.py
[2025-08-27T12:57:43.342+0000] {logging_mixin.py:137} INFO - [2025-08-27T12:57:43.341+0000] {dag.py:2690} INFO - Sync 2 DAGs
[2025-08-27T12:57:43.351+0000] {logging_mixin.py:137} INFO - [2025-08-27T12:57:43.351+0000] {dag.py:3441} INFO - Setting next_dagrun for example_external_task_marker_child to None, run_after=None
[2025-08-27T12:57:43.353+0000] {logging_mixin.py:137} INFO - [2025-08-27T12:57:43.353+0000] {dag.py:3441} INFO - Setting next_dagrun for example_external_task_marker_parent to None, run_after=None
[2025-08-27T12:57:43.360+0000] {processor.py:175} INFO - Processing /home/airflow/.local/lib/python3.7/site-packages/airflow/example_dags/example_external_task_marker_dag.py took 0.040 seconds
[2025-08-27T13:27:11.220+0000] {processor.py:153} INFO - Started process (PID=22254) to work on /home/airflow/.local/lib/python3.7/site-packages/airflow/example_dags/example_external_task_marker_dag.py
[2025-08-27T13:27:11.223+0000] {processor.py:743} INFO - Processing file /home/airflow/.local/lib/python3.7/site-packages/airflow/example_dags/example_external_task_marker_dag.py for tasks to queue
[2025-08-27T13:27:11.224+0000] {logging_mixin.py:137} INFO - [2025-08-27T13:27:11.224+0000] {dagbag.py:538} INFO - Filling up the DagBag from /home/airflow/.local/lib/python3.7/site-packages/airflow/example_dags/example_external_task_marker_dag.py
[2025-08-27T13:27:11.235+0000] {processor.py:753} INFO - DAG(s) dict_keys(['example_external_task_marker_parent', 'example_external_task_marker_child']) retrieved from /home/airflow/.local/lib/python3.7/site-packages/airflow/example_dags/example_external_task_marker_dag.py
[2025-08-27T13:27:11.250+0000] {logging_mixin.py:137} INFO - [2025-08-27T13:27:11.250+0000] {dag.py:2690} INFO - Sync 2 DAGs
[2025-08-27T13:27:11.261+0000] {logging_mixin.py:137} INFO - [2025-08-27T13:27:11.261+0000] {dag.py:3441} INFO - Setting next_dagrun for example_external_task_marker_child to None, run_after=None
[2025-08-27T13:27:11.263+0000] {logging_mixin.py:137} INFO - [2025-08-27T13:27:11.263+0000] {dag.py:3441} INFO - Setting next_dagrun for example_external_task_marker_parent to None, run_after=None
[2025-08-27T13:27:11.270+0000] {processor.py:175} INFO - Processing /home/airflow/.local/lib/python3.7/site-packages/airflow/example_dags/example_external_task_marker_dag.py took 0.053 seconds
[2025-08-27T13:30:13.285+0000] {processor.py:153} INFO - Started process (PID=22334) to work on /home/airflow/.local/lib/python3.7/site-packages/airflow/example_dags/example_external_task_marker_dag.py
[2025-08-27T13:30:13.286+0000] {processor.py:743} INFO - Processing file /home/airflow/.local/lib/python3.7/site-packages/airflow/example_dags/example_external_task_marker_dag.py for tasks to queue
[2025-08-27T13:30:13.286+0000] {logging_mixin.py:137} INFO - [2025-08-27T13:30:13.286+0000] {dagbag.py:538} INFO - Filling up the DagBag from /home/airflow/.local/lib/python3.7/site-packages/airflow/example_dags/example_external_task_marker_dag.py
[2025-08-27T13:30:13.292+0000] {processor.py:753} INFO - DAG(s) dict_keys(['example_external_task_marker_parent', 'example_external_task_marker_child']) retrieved from /home/airflow/.local/lib/python3.7/site-packages/airflow/example_dags/example_external_task_marker_dag.py
[2025-08-27T13:30:13.308+0000] {logging_mixin.py:137} INFO - [2025-08-27T13:30:13.308+0000] {dag.py:2690} INFO - Sync 2 DAGs
[2025-08-27T13:30:13.319+0000] {logging_mixin.py:137} INFO - [2025-08-27T13:30:13.319+0000] {dag.py:3441} INFO - Setting next_dagrun for example_external_task_marker_child to None, run_after=None
[2025-08-27T13:30:13.320+0000] {logging_mixin.py:137} INFO - [2025-08-27T13:30:13.320+0000] {dag.py:3441} INFO - Setting next_dagrun for example_external_task_marker_parent to None, run_after=None
[2025-08-27T13:30:13.329+0000] {processor.py:175} INFO - Processing /home/airflow/.local/lib/python3.7/site-packages/airflow/example_dags/example_external_task_marker_dag.py took 0.045 seconds
[2025-08-27T13:37:07.421+0000] {processor.py:153} INFO - Started process (PID=22434) to work on /home/airflow/.local/lib/python3.7/site-packages/airflow/example_dags/example_external_task_marker_dag.py
[2025-08-27T13:37:07.421+0000] {processor.py:743} INFO - Processing file /home/airflow/.local/lib/python3.7/site-packages/airflow/example_dags/example_external_task_marker_dag.py for tasks to queue
[2025-08-27T13:37:07.422+0000] {logging_mixin.py:137} INFO - [2025-08-27T13:37:07.422+0000] {dagbag.py:538} INFO - Filling up the DagBag from /home/airflow/.local/lib/python3.7/site-packages/airflow/example_dags/example_external_task_marker_dag.py
[2025-08-27T13:37:07.429+0000] {processor.py:753} INFO - DAG(s) dict_keys(['example_external_task_marker_parent', 'example_external_task_marker_child']) retrieved from /home/airflow/.local/lib/python3.7/site-packages/airflow/example_dags/example_external_task_marker_dag.py
[2025-08-27T13:37:07.442+0000] {logging_mixin.py:137} INFO - [2025-08-27T13:37:07.442+0000] {dag.py:2690} INFO - Sync 2 DAGs
[2025-08-27T13:37:07.452+0000] {logging_mixin.py:137} INFO - [2025-08-27T13:37:07.452+0000] {dag.py:3441} INFO - Setting next_dagrun for example_external_task_marker_child to None, run_after=None
[2025-08-27T13:37:07.453+0000] {logging_mixin.py:137} INFO - [2025-08-27T13:37:07.453+0000] {dag.py:3441} INFO - Setting next_dagrun for example_external_task_marker_parent to None, run_after=None
[2025-08-27T13:37:07.460+0000] {processor.py:175} INFO - Processing /home/airflow/.local/lib/python3.7/site-packages/airflow/example_dags/example_external_task_marker_dag.py took 0.041 seconds
[2025-08-27T13:51:01.930+0000] {processor.py:153} INFO - Started process (PID=22534) to work on /home/airflow/.local/lib/python3.7/site-packages/airflow/example_dags/example_external_task_marker_dag.py
[2025-08-27T13:51:01.930+0000] {processor.py:743} INFO - Processing file /home/airflow/.local/lib/python3.7/site-packages/airflow/example_dags/example_external_task_marker_dag.py for tasks to queue
[2025-08-27T13:51:01.930+0000] {logging_mixin.py:137} INFO - [2025-08-27T13:51:01.930+0000] {dagbag.py:538} INFO - Filling up the DagBag from /home/airflow/.local/lib/python3.7/site-packages/airflow/example_dags/example_external_task_marker_dag.py
[2025-08-27T13:51:01.936+0000] {processor.py:753} INFO - DAG(s) dict_keys(['example_external_task_marker_parent', 'example_external_task_marker_child']) retrieved from /home/airflow/.local/lib/python3.7/site-packages/airflow/example_dags/example_external_task_marker_dag.py
[2025-08-27T13:51:01.949+0000] {logging_mixin.py:137} INFO - [2025-08-27T13:51:01.949+0000] {dag.py:2690} INFO - Sync 2 DAGs
[2025-08-27T13:51:01.959+0000] {logging_mixin.py:137} INFO - [2025-08-27T13:51:01.959+0000] {dag.py:3441} INFO - Setting next_dagrun for example_external_task_marker_child to None, run_after=None
[2025-08-27T13:51:01.960+0000] {logging_mixin.py:137} INFO - [2025-08-27T13:51:01.960+0000] {dag.py:3441} INFO - Setting next_dagrun for example_external_task_marker_parent to None, run_after=None
[2025-08-27T13:51:01.966+0000] {processor.py:175} INFO - Processing /home/airflow/.local/lib/python3.7/site-packages/airflow/example_dags/example_external_task_marker_dag.py took 0.038 seconds
[2025-08-27T14:01:06.659+0000] {processor.py:153} INFO - Started process (PID=22623) to work on /home/airflow/.local/lib/python3.7/site-packages/airflow/example_dags/example_external_task_marker_dag.py
[2025-08-27T14:01:06.660+0000] {processor.py:743} INFO - Processing file /home/airflow/.local/lib/python3.7/site-packages/airflow/example_dags/example_external_task_marker_dag.py for tasks to queue
[2025-08-27T14:01:06.660+0000] {logging_mixin.py:137} INFO - [2025-08-27T14:01:06.660+0000] {dagbag.py:538} INFO - Filling up the DagBag from /home/airflow/.local/lib/python3.7/site-packages/airflow/example_dags/example_external_task_marker_dag.py
[2025-08-27T14:01:06.667+0000] {processor.py:753} INFO - DAG(s) dict_keys(['example_external_task_marker_child', 'example_external_task_marker_parent']) retrieved from /home/airflow/.local/lib/python3.7/site-packages/airflow/example_dags/example_external_task_marker_dag.py
[2025-08-27T14:01:06.683+0000] {logging_mixin.py:137} INFO - [2025-08-27T14:01:06.683+0000] {dag.py:2690} INFO - Sync 2 DAGs
[2025-08-27T14:01:06.695+0000] {logging_mixin.py:137} INFO - [2025-08-27T14:01:06.695+0000] {dag.py:3441} INFO - Setting next_dagrun for example_external_task_marker_child to None, run_after=None
[2025-08-27T14:01:06.697+0000] {logging_mixin.py:137} INFO - [2025-08-27T14:01:06.697+0000] {dag.py:3441} INFO - Setting next_dagrun for example_external_task_marker_parent to None, run_after=None
[2025-08-27T14:01:06.708+0000] {processor.py:175} INFO - Processing /home/airflow/.local/lib/python3.7/site-packages/airflow/example_dags/example_external_task_marker_dag.py took 0.052 seconds
[2025-08-27T14:41:12.943+0000] {processor.py:153} INFO - Started process (PID=22714) to work on /home/airflow/.local/lib/python3.7/site-packages/airflow/example_dags/example_external_task_marker_dag.py
[2025-08-27T14:41:12.947+0000] {processor.py:743} INFO - Processing file /home/airflow/.local/lib/python3.7/site-packages/airflow/example_dags/example_external_task_marker_dag.py for tasks to queue
[2025-08-27T14:41:12.948+0000] {logging_mixin.py:137} INFO - [2025-08-27T14:41:12.948+0000] {dagbag.py:538} INFO - Filling up the DagBag from /home/airflow/.local/lib/python3.7/site-packages/airflow/example_dags/example_external_task_marker_dag.py
[2025-08-27T14:41:12.954+0000] {processor.py:753} INFO - DAG(s) dict_keys(['example_external_task_marker_parent', 'example_external_task_marker_child']) retrieved from /home/airflow/.local/lib/python3.7/site-packages/airflow/example_dags/example_external_task_marker_dag.py
[2025-08-27T14:41:12.967+0000] {logging_mixin.py:137} INFO - [2025-08-27T14:41:12.966+0000] {dag.py:2690} INFO - Sync 2 DAGs
[2025-08-27T14:41:12.978+0000] {logging_mixin.py:137} INFO - [2025-08-27T14:41:12.978+0000] {dag.py:3441} INFO - Setting next_dagrun for example_external_task_marker_child to None, run_after=None
[2025-08-27T14:41:12.979+0000] {logging_mixin.py:137} INFO - [2025-08-27T14:41:12.979+0000] {dag.py:3441} INFO - Setting next_dagrun for example_external_task_marker_parent to None, run_after=None
[2025-08-27T14:41:12.986+0000] {processor.py:175} INFO - Processing /home/airflow/.local/lib/python3.7/site-packages/airflow/example_dags/example_external_task_marker_dag.py took 0.045 seconds
[2025-08-27T14:43:54.957+0000] {processor.py:153} INFO - Started process (PID=22814) to work on /home/airflow/.local/lib/python3.7/site-packages/airflow/example_dags/example_external_task_marker_dag.py
[2025-08-27T14:43:54.958+0000] {processor.py:743} INFO - Processing file /home/airflow/.local/lib/python3.7/site-packages/airflow/example_dags/example_external_task_marker_dag.py for tasks to queue
[2025-08-27T14:43:54.958+0000] {logging_mixin.py:137} INFO - [2025-08-27T14:43:54.958+0000] {dagbag.py:538} INFO - Filling up the DagBag from /home/airflow/.local/lib/python3.7/site-packages/airflow/example_dags/example_external_task_marker_dag.py
[2025-08-27T14:43:54.964+0000] {processor.py:753} INFO - DAG(s) dict_keys(['example_external_task_marker_child', 'example_external_task_marker_parent']) retrieved from /home/airflow/.local/lib/python3.7/site-packages/airflow/example_dags/example_external_task_marker_dag.py
[2025-08-27T14:43:54.976+0000] {logging_mixin.py:137} INFO - [2025-08-27T14:43:54.976+0000] {dag.py:2690} INFO - Sync 2 DAGs
[2025-08-27T14:43:54.986+0000] {logging_mixin.py:137} INFO - [2025-08-27T14:43:54.986+0000] {dag.py:3441} INFO - Setting next_dagrun for example_external_task_marker_child to None, run_after=None
[2025-08-27T14:43:54.987+0000] {logging_mixin.py:137} INFO - [2025-08-27T14:43:54.987+0000] {dag.py:3441} INFO - Setting next_dagrun for example_external_task_marker_parent to None, run_after=None
[2025-08-27T14:43:54.997+0000] {processor.py:175} INFO - Processing /home/airflow/.local/lib/python3.7/site-packages/airflow/example_dags/example_external_task_marker_dag.py took 0.041 seconds
[2025-08-27T14:54:32.070+0000] {processor.py:153} INFO - Started process (PID=22914) to work on /home/airflow/.local/lib/python3.7/site-packages/airflow/example_dags/example_external_task_marker_dag.py
[2025-08-27T14:54:32.071+0000] {processor.py:743} INFO - Processing file /home/airflow/.local/lib/python3.7/site-packages/airflow/example_dags/example_external_task_marker_dag.py for tasks to queue
[2025-08-27T14:54:32.071+0000] {logging_mixin.py:137} INFO - [2025-08-27T14:54:32.071+0000] {dagbag.py:538} INFO - Filling up the DagBag from /home/airflow/.local/lib/python3.7/site-packages/airflow/example_dags/example_external_task_marker_dag.py
[2025-08-27T14:54:32.078+0000] {processor.py:753} INFO - DAG(s) dict_keys(['example_external_task_marker_child', 'example_external_task_marker_parent']) retrieved from /home/airflow/.local/lib/python3.7/site-packages/airflow/example_dags/example_external_task_marker_dag.py
[2025-08-27T14:54:32.091+0000] {logging_mixin.py:137} INFO - [2025-08-27T14:54:32.091+0000] {dag.py:2690} INFO - Sync 2 DAGs
[2025-08-27T14:54:32.102+0000] {logging_mixin.py:137} INFO - [2025-08-27T14:54:32.102+0000] {dag.py:3441} INFO - Setting next_dagrun for example_external_task_marker_child to None, run_after=None
[2025-08-27T14:54:32.107+0000] {logging_mixin.py:137} INFO - [2025-08-27T14:54:32.107+0000] {dag.py:3441} INFO - Setting next_dagrun for example_external_task_marker_parent to None, run_after=None
[2025-08-27T14:54:32.115+0000] {processor.py:175} INFO - Processing /home/airflow/.local/lib/python3.7/site-packages/airflow/example_dags/example_external_task_marker_dag.py took 0.047 seconds
[2025-08-27T15:01:39.697+0000] {processor.py:153} INFO - Started process (PID=22994) to work on /home/airflow/.local/lib/python3.7/site-packages/airflow/example_dags/example_external_task_marker_dag.py
[2025-08-27T15:01:39.698+0000] {processor.py:743} INFO - Processing file /home/airflow/.local/lib/python3.7/site-packages/airflow/example_dags/example_external_task_marker_dag.py for tasks to queue
[2025-08-27T15:01:39.698+0000] {logging_mixin.py:137} INFO - [2025-08-27T15:01:39.698+0000] {dagbag.py:538} INFO - Filling up the DagBag from /home/airflow/.local/lib/python3.7/site-packages/airflow/example_dags/example_external_task_marker_dag.py
[2025-08-27T15:01:39.705+0000] {processor.py:753} INFO - DAG(s) dict_keys(['example_external_task_marker_child', 'example_external_task_marker_parent']) retrieved from /home/airflow/.local/lib/python3.7/site-packages/airflow/example_dags/example_external_task_marker_dag.py
[2025-08-27T15:01:39.718+0000] {logging_mixin.py:137} INFO - [2025-08-27T15:01:39.717+0000] {dag.py:2690} INFO - Sync 2 DAGs
[2025-08-27T15:01:39.729+0000] {logging_mixin.py:137} INFO - [2025-08-27T15:01:39.729+0000] {dag.py:3441} INFO - Setting next_dagrun for example_external_task_marker_child to None, run_after=None
[2025-08-27T15:01:39.732+0000] {logging_mixin.py:137} INFO - [2025-08-27T15:01:39.732+0000] {dag.py:3441} INFO - Setting next_dagrun for example_external_task_marker_parent to None, run_after=None
[2025-08-27T15:01:39.739+0000] {processor.py:175} INFO - Processing /home/airflow/.local/lib/python3.7/site-packages/airflow/example_dags/example_external_task_marker_dag.py took 0.043 seconds
[2025-08-27T15:08:10.268+0000] {processor.py:153} INFO - Started process (PID=23094) to work on /home/airflow/.local/lib/python3.7/site-packages/airflow/example_dags/example_external_task_marker_dag.py
[2025-08-27T15:08:10.268+0000] {processor.py:743} INFO - Processing file /home/airflow/.local/lib/python3.7/site-packages/airflow/example_dags/example_external_task_marker_dag.py for tasks to queue
[2025-08-27T15:08:10.268+0000] {logging_mixin.py:137} INFO - [2025-08-27T15:08:10.268+0000] {dagbag.py:538} INFO - Filling up the DagBag from /home/airflow/.local/lib/python3.7/site-packages/airflow/example_dags/example_external_task_marker_dag.py
[2025-08-27T15:08:10.280+0000] {processor.py:753} INFO - DAG(s) dict_keys(['example_external_task_marker_child', 'example_external_task_marker_parent']) retrieved from /home/airflow/.local/lib/python3.7/site-packages/airflow/example_dags/example_external_task_marker_dag.py
[2025-08-27T15:08:10.292+0000] {logging_mixin.py:137} INFO - [2025-08-27T15:08:10.292+0000] {dag.py:2690} INFO - Sync 2 DAGs
[2025-08-27T15:08:10.302+0000] {logging_mixin.py:137} INFO - [2025-08-27T15:08:10.302+0000] {dag.py:3441} INFO - Setting next_dagrun for example_external_task_marker_child to None, run_after=None
[2025-08-27T15:08:10.303+0000] {logging_mixin.py:137} INFO - [2025-08-27T15:08:10.303+0000] {dag.py:3441} INFO - Setting next_dagrun for example_external_task_marker_parent to None, run_after=None
[2025-08-27T15:08:10.309+0000] {processor.py:175} INFO - Processing /home/airflow/.local/lib/python3.7/site-packages/airflow/example_dags/example_external_task_marker_dag.py took 0.043 seconds
[2025-08-27T15:18:52.879+0000] {processor.py:153} INFO - Started process (PID=23194) to work on /home/airflow/.local/lib/python3.7/site-packages/airflow/example_dags/example_external_task_marker_dag.py
[2025-08-27T15:18:52.880+0000] {processor.py:743} INFO - Processing file /home/airflow/.local/lib/python3.7/site-packages/airflow/example_dags/example_external_task_marker_dag.py for tasks to queue
[2025-08-27T15:18:52.881+0000] {logging_mixin.py:137} INFO - [2025-08-27T15:18:52.881+0000] {dagbag.py:538} INFO - Filling up the DagBag from /home/airflow/.local/lib/python3.7/site-packages/airflow/example_dags/example_external_task_marker_dag.py
[2025-08-27T15:18:52.891+0000] {processor.py:753} INFO - DAG(s) dict_keys(['example_external_task_marker_parent', 'example_external_task_marker_child']) retrieved from /home/airflow/.local/lib/python3.7/site-packages/airflow/example_dags/example_external_task_marker_dag.py
[2025-08-27T15:18:52.912+0000] {logging_mixin.py:137} INFO - [2025-08-27T15:18:52.912+0000] {dag.py:2690} INFO - Sync 2 DAGs
[2025-08-27T15:18:52.928+0000] {logging_mixin.py:137} INFO - [2025-08-27T15:18:52.928+0000] {dag.py:3441} INFO - Setting next_dagrun for example_external_task_marker_child to None, run_after=None
[2025-08-27T15:18:52.929+0000] {logging_mixin.py:137} INFO - [2025-08-27T15:18:52.929+0000] {dag.py:3441} INFO - Setting next_dagrun for example_external_task_marker_parent to None, run_after=None
[2025-08-27T15:18:52.938+0000] {processor.py:175} INFO - Processing /home/airflow/.local/lib/python3.7/site-packages/airflow/example_dags/example_external_task_marker_dag.py took 0.062 seconds
[2025-08-27T15:19:37.189+0000] {processor.py:153} INFO - Started process (PID=23274) to work on /home/airflow/.local/lib/python3.7/site-packages/airflow/example_dags/example_external_task_marker_dag.py
[2025-08-27T15:19:37.189+0000] {processor.py:743} INFO - Processing file /home/airflow/.local/lib/python3.7/site-packages/airflow/example_dags/example_external_task_marker_dag.py for tasks to queue
[2025-08-27T15:19:37.189+0000] {logging_mixin.py:137} INFO - [2025-08-27T15:19:37.189+0000] {dagbag.py:538} INFO - Filling up the DagBag from /home/airflow/.local/lib/python3.7/site-packages/airflow/example_dags/example_external_task_marker_dag.py
[2025-08-27T15:19:37.195+0000] {processor.py:753} INFO - DAG(s) dict_keys(['example_external_task_marker_child', 'example_external_task_marker_parent']) retrieved from /home/airflow/.local/lib/python3.7/site-packages/airflow/example_dags/example_external_task_marker_dag.py
[2025-08-27T15:19:37.207+0000] {logging_mixin.py:137} INFO - [2025-08-27T15:19:37.207+0000] {dag.py:2690} INFO - Sync 2 DAGs
[2025-08-27T15:19:37.216+0000] {logging_mixin.py:137} INFO - [2025-08-27T15:19:37.216+0000] {dag.py:3441} INFO - Setting next_dagrun for example_external_task_marker_child to None, run_after=None
[2025-08-27T15:19:37.217+0000] {logging_mixin.py:137} INFO - [2025-08-27T15:19:37.217+0000] {dag.py:3441} INFO - Setting next_dagrun for example_external_task_marker_parent to None, run_after=None
[2025-08-27T15:19:37.223+0000] {processor.py:175} INFO - Processing /home/airflow/.local/lib/python3.7/site-packages/airflow/example_dags/example_external_task_marker_dag.py took 0.036 seconds
[2025-08-27T15:21:53.274+0000] {processor.py:153} INFO - Started process (PID=23374) to work on /home/airflow/.local/lib/python3.7/site-packages/airflow/example_dags/example_external_task_marker_dag.py
[2025-08-27T15:21:53.274+0000] {processor.py:743} INFO - Processing file /home/airflow/.local/lib/python3.7/site-packages/airflow/example_dags/example_external_task_marker_dag.py for tasks to queue
[2025-08-27T15:21:53.274+0000] {logging_mixin.py:137} INFO - [2025-08-27T15:21:53.274+0000] {dagbag.py:538} INFO - Filling up the DagBag from /home/airflow/.local/lib/python3.7/site-packages/airflow/example_dags/example_external_task_marker_dag.py
[2025-08-27T15:21:53.281+0000] {processor.py:753} INFO - DAG(s) dict_keys(['example_external_task_marker_child', 'example_external_task_marker_parent']) retrieved from /home/airflow/.local/lib/python3.7/site-packages/airflow/example_dags/example_external_task_marker_dag.py
[2025-08-27T15:21:53.292+0000] {logging_mixin.py:137} INFO - [2025-08-27T15:21:53.292+0000] {dag.py:2690} INFO - Sync 2 DAGs
[2025-08-27T15:21:53.300+0000] {logging_mixin.py:137} INFO - [2025-08-27T15:21:53.300+0000] {dag.py:3441} INFO - Setting next_dagrun for example_external_task_marker_child to None, run_after=None
[2025-08-27T15:21:53.302+0000] {logging_mixin.py:137} INFO - [2025-08-27T15:21:53.302+0000] {dag.py:3441} INFO - Setting next_dagrun for example_external_task_marker_parent to None, run_after=None
[2025-08-27T15:21:53.307+0000] {processor.py:175} INFO - Processing /home/airflow/.local/lib/python3.7/site-packages/airflow/example_dags/example_external_task_marker_dag.py took 0.035 seconds
[2025-08-27T15:25:59.517+0000] {processor.py:153} INFO - Started process (PID=23474) to work on /home/airflow/.local/lib/python3.7/site-packages/airflow/example_dags/example_external_task_marker_dag.py
[2025-08-27T15:25:59.517+0000] {processor.py:743} INFO - Processing file /home/airflow/.local/lib/python3.7/site-packages/airflow/example_dags/example_external_task_marker_dag.py for tasks to queue
[2025-08-27T15:25:59.518+0000] {logging_mixin.py:137} INFO - [2025-08-27T15:25:59.518+0000] {dagbag.py:538} INFO - Filling up the DagBag from /home/airflow/.local/lib/python3.7/site-packages/airflow/example_dags/example_external_task_marker_dag.py
[2025-08-27T15:25:59.524+0000] {processor.py:753} INFO - DAG(s) dict_keys(['example_external_task_marker_child', 'example_external_task_marker_parent']) retrieved from /home/airflow/.local/lib/python3.7/site-packages/airflow/example_dags/example_external_task_marker_dag.py
[2025-08-27T15:25:59.537+0000] {logging_mixin.py:137} INFO - [2025-08-27T15:25:59.537+0000] {dag.py:2690} INFO - Sync 2 DAGs
[2025-08-27T15:25:59.547+0000] {logging_mixin.py:137} INFO - [2025-08-27T15:25:59.547+0000] {dag.py:3441} INFO - Setting next_dagrun for example_external_task_marker_child to None, run_after=None
[2025-08-27T15:25:59.549+0000] {logging_mixin.py:137} INFO - [2025-08-27T15:25:59.549+0000] {dag.py:3441} INFO - Setting next_dagrun for example_external_task_marker_parent to None, run_after=None
[2025-08-27T15:25:59.555+0000] {processor.py:175} INFO - Processing /home/airflow/.local/lib/python3.7/site-packages/airflow/example_dags/example_external_task_marker_dag.py took 0.040 seconds
[2025-08-27T16:00:40.703+0000] {processor.py:153} INFO - Started process (PID=23574) to work on /home/airflow/.local/lib/python3.7/site-packages/airflow/example_dags/example_external_task_marker_dag.py
[2025-08-27T16:00:40.704+0000] {processor.py:743} INFO - Processing file /home/airflow/.local/lib/python3.7/site-packages/airflow/example_dags/example_external_task_marker_dag.py for tasks to queue
[2025-08-27T16:00:40.704+0000] {logging_mixin.py:137} INFO - [2025-08-27T16:00:40.704+0000] {dagbag.py:538} INFO - Filling up the DagBag from /home/airflow/.local/lib/python3.7/site-packages/airflow/example_dags/example_external_task_marker_dag.py
[2025-08-27T16:00:40.710+0000] {processor.py:753} INFO - DAG(s) dict_keys(['example_external_task_marker_parent', 'example_external_task_marker_child']) retrieved from /home/airflow/.local/lib/python3.7/site-packages/airflow/example_dags/example_external_task_marker_dag.py
[2025-08-27T16:00:40.723+0000] {logging_mixin.py:137} INFO - [2025-08-27T16:00:40.723+0000] {dag.py:2690} INFO - Sync 2 DAGs
[2025-08-27T16:00:40.736+0000] {logging_mixin.py:137} INFO - [2025-08-27T16:00:40.736+0000] {dag.py:3441} INFO - Setting next_dagrun for example_external_task_marker_child to None, run_after=None
[2025-08-27T16:00:40.740+0000] {logging_mixin.py:137} INFO - [2025-08-27T16:00:40.740+0000] {dag.py:3441} INFO - Setting next_dagrun for example_external_task_marker_parent to None, run_after=None
[2025-08-27T16:00:40.749+0000] {processor.py:175} INFO - Processing /home/airflow/.local/lib/python3.7/site-packages/airflow/example_dags/example_external_task_marker_dag.py took 0.048 seconds
[2025-08-27T16:14:53.418+0000] {processor.py:153} INFO - Started process (PID=23654) to work on /home/airflow/.local/lib/python3.7/site-packages/airflow/example_dags/example_external_task_marker_dag.py
[2025-08-27T16:14:53.421+0000] {processor.py:743} INFO - Processing file /home/airflow/.local/lib/python3.7/site-packages/airflow/example_dags/example_external_task_marker_dag.py for tasks to queue
[2025-08-27T16:14:53.422+0000] {logging_mixin.py:137} INFO - [2025-08-27T16:14:53.422+0000] {dagbag.py:538} INFO - Filling up the DagBag from /home/airflow/.local/lib/python3.7/site-packages/airflow/example_dags/example_external_task_marker_dag.py
[2025-08-27T16:14:53.428+0000] {processor.py:753} INFO - DAG(s) dict_keys(['example_external_task_marker_child', 'example_external_task_marker_parent']) retrieved from /home/airflow/.local/lib/python3.7/site-packages/airflow/example_dags/example_external_task_marker_dag.py
[2025-08-27T16:14:53.441+0000] {logging_mixin.py:137} INFO - [2025-08-27T16:14:53.441+0000] {dag.py:2690} INFO - Sync 2 DAGs
[2025-08-27T16:14:53.457+0000] {logging_mixin.py:137} INFO - [2025-08-27T16:14:53.457+0000] {dag.py:3441} INFO - Setting next_dagrun for example_external_task_marker_child to None, run_after=None
[2025-08-27T16:14:53.459+0000] {logging_mixin.py:137} INFO - [2025-08-27T16:14:53.459+0000] {dag.py:3441} INFO - Setting next_dagrun for example_external_task_marker_parent to None, run_after=None
[2025-08-27T16:14:53.466+0000] {processor.py:175} INFO - Processing /home/airflow/.local/lib/python3.7/site-packages/airflow/example_dags/example_external_task_marker_dag.py took 0.050 seconds
[2025-08-27T16:23:10.787+0000] {processor.py:153} INFO - Started process (PID=23754) to work on /home/airflow/.local/lib/python3.7/site-packages/airflow/example_dags/example_external_task_marker_dag.py
[2025-08-27T16:23:10.787+0000] {processor.py:743} INFO - Processing file /home/airflow/.local/lib/python3.7/site-packages/airflow/example_dags/example_external_task_marker_dag.py for tasks to queue
[2025-08-27T16:23:10.787+0000] {logging_mixin.py:137} INFO - [2025-08-27T16:23:10.787+0000] {dagbag.py:538} INFO - Filling up the DagBag from /home/airflow/.local/lib/python3.7/site-packages/airflow/example_dags/example_external_task_marker_dag.py
[2025-08-27T16:23:10.794+0000] {processor.py:753} INFO - DAG(s) dict_keys(['example_external_task_marker_child', 'example_external_task_marker_parent']) retrieved from /home/airflow/.local/lib/python3.7/site-packages/airflow/example_dags/example_external_task_marker_dag.py
[2025-08-27T16:23:10.806+0000] {logging_mixin.py:137} INFO - [2025-08-27T16:23:10.806+0000] {dag.py:2690} INFO - Sync 2 DAGs
[2025-08-27T16:23:10.818+0000] {logging_mixin.py:137} INFO - [2025-08-27T16:23:10.818+0000] {dag.py:3441} INFO - Setting next_dagrun for example_external_task_marker_child to None, run_after=None
[2025-08-27T16:23:10.819+0000] {logging_mixin.py:137} INFO - [2025-08-27T16:23:10.819+0000] {dag.py:3441} INFO - Setting next_dagrun for example_external_task_marker_parent to None, run_after=None
[2025-08-27T16:23:10.827+0000] {processor.py:175} INFO - Processing /home/airflow/.local/lib/python3.7/site-packages/airflow/example_dags/example_external_task_marker_dag.py took 0.042 seconds
[2025-08-27T16:24:54.381+0000] {processor.py:153} INFO - Started process (PID=23854) to work on /home/airflow/.local/lib/python3.7/site-packages/airflow/example_dags/example_external_task_marker_dag.py
[2025-08-27T16:24:54.382+0000] {processor.py:743} INFO - Processing file /home/airflow/.local/lib/python3.7/site-packages/airflow/example_dags/example_external_task_marker_dag.py for tasks to queue
[2025-08-27T16:24:54.382+0000] {logging_mixin.py:137} INFO - [2025-08-27T16:24:54.382+0000] {dagbag.py:538} INFO - Filling up the DagBag from /home/airflow/.local/lib/python3.7/site-packages/airflow/example_dags/example_external_task_marker_dag.py
[2025-08-27T16:24:54.389+0000] {processor.py:753} INFO - DAG(s) dict_keys(['example_external_task_marker_child', 'example_external_task_marker_parent']) retrieved from /home/airflow/.local/lib/python3.7/site-packages/airflow/example_dags/example_external_task_marker_dag.py
[2025-08-27T16:24:54.401+0000] {logging_mixin.py:137} INFO - [2025-08-27T16:24:54.401+0000] {dag.py:2690} INFO - Sync 2 DAGs
[2025-08-27T16:24:54.412+0000] {logging_mixin.py:137} INFO - [2025-08-27T16:24:54.412+0000] {dag.py:3441} INFO - Setting next_dagrun for example_external_task_marker_child to None, run_after=None
[2025-08-27T16:24:54.413+0000] {logging_mixin.py:137} INFO - [2025-08-27T16:24:54.413+0000] {dag.py:3441} INFO - Setting next_dagrun for example_external_task_marker_parent to None, run_after=None
[2025-08-27T16:24:54.420+0000] {processor.py:175} INFO - Processing /home/airflow/.local/lib/python3.7/site-packages/airflow/example_dags/example_external_task_marker_dag.py took 0.041 seconds
[2025-08-27T16:30:08.072+0000] {processor.py:153} INFO - Started process (PID=23954) to work on /home/airflow/.local/lib/python3.7/site-packages/airflow/example_dags/example_external_task_marker_dag.py
[2025-08-27T16:30:08.073+0000] {processor.py:743} INFO - Processing file /home/airflow/.local/lib/python3.7/site-packages/airflow/example_dags/example_external_task_marker_dag.py for tasks to queue
[2025-08-27T16:30:08.073+0000] {logging_mixin.py:137} INFO - [2025-08-27T16:30:08.073+0000] {dagbag.py:538} INFO - Filling up the DagBag from /home/airflow/.local/lib/python3.7/site-packages/airflow/example_dags/example_external_task_marker_dag.py
[2025-08-27T16:30:08.079+0000] {processor.py:753} INFO - DAG(s) dict_keys(['example_external_task_marker_child', 'example_external_task_marker_parent']) retrieved from /home/airflow/.local/lib/python3.7/site-packages/airflow/example_dags/example_external_task_marker_dag.py
[2025-08-27T16:30:08.091+0000] {logging_mixin.py:137} INFO - [2025-08-27T16:30:08.091+0000] {dag.py:2690} INFO - Sync 2 DAGs
[2025-08-27T16:30:08.100+0000] {logging_mixin.py:137} INFO - [2025-08-27T16:30:08.100+0000] {dag.py:3441} INFO - Setting next_dagrun for example_external_task_marker_child to None, run_after=None
[2025-08-27T16:30:08.101+0000] {logging_mixin.py:137} INFO - [2025-08-27T16:30:08.101+0000] {dag.py:3441} INFO - Setting next_dagrun for example_external_task_marker_parent to None, run_after=None
[2025-08-27T16:30:08.107+0000] {processor.py:175} INFO - Processing /home/airflow/.local/lib/python3.7/site-packages/airflow/example_dags/example_external_task_marker_dag.py took 0.037 seconds
[2025-08-27T16:44:03.380+0000] {processor.py:153} INFO - Started process (PID=24034) to work on /home/airflow/.local/lib/python3.7/site-packages/airflow/example_dags/example_external_task_marker_dag.py
[2025-08-27T16:44:03.381+0000] {processor.py:743} INFO - Processing file /home/airflow/.local/lib/python3.7/site-packages/airflow/example_dags/example_external_task_marker_dag.py for tasks to queue
[2025-08-27T16:44:03.381+0000] {logging_mixin.py:137} INFO - [2025-08-27T16:44:03.381+0000] {dagbag.py:538} INFO - Filling up the DagBag from /home/airflow/.local/lib/python3.7/site-packages/airflow/example_dags/example_external_task_marker_dag.py
[2025-08-27T16:44:03.387+0000] {processor.py:753} INFO - DAG(s) dict_keys(['example_external_task_marker_parent', 'example_external_task_marker_child']) retrieved from /home/airflow/.local/lib/python3.7/site-packages/airflow/example_dags/example_external_task_marker_dag.py
[2025-08-27T16:44:03.399+0000] {logging_mixin.py:137} INFO - [2025-08-27T16:44:03.399+0000] {dag.py:2690} INFO - Sync 2 DAGs
[2025-08-27T16:44:03.413+0000] {logging_mixin.py:137} INFO - [2025-08-27T16:44:03.413+0000] {dag.py:3441} INFO - Setting next_dagrun for example_external_task_marker_child to None, run_after=None
[2025-08-27T16:44:03.414+0000] {logging_mixin.py:137} INFO - [2025-08-27T16:44:03.414+0000] {dag.py:3441} INFO - Setting next_dagrun for example_external_task_marker_parent to None, run_after=None
[2025-08-27T16:44:03.420+0000] {processor.py:175} INFO - Processing /home/airflow/.local/lib/python3.7/site-packages/airflow/example_dags/example_external_task_marker_dag.py took 0.041 seconds
[2025-08-27T18:19:17.864+0000] {processor.py:153} INFO - Started process (PID=24134) to work on /home/airflow/.local/lib/python3.7/site-packages/airflow/example_dags/example_external_task_marker_dag.py
[2025-08-27T18:19:17.868+0000] {processor.py:743} INFO - Processing file /home/airflow/.local/lib/python3.7/site-packages/airflow/example_dags/example_external_task_marker_dag.py for tasks to queue
[2025-08-27T18:19:17.868+0000] {logging_mixin.py:137} INFO - [2025-08-27T18:19:17.868+0000] {dagbag.py:538} INFO - Filling up the DagBag from /home/airflow/.local/lib/python3.7/site-packages/airflow/example_dags/example_external_task_marker_dag.py
[2025-08-27T18:19:17.875+0000] {processor.py:753} INFO - DAG(s) dict_keys(['example_external_task_marker_parent', 'example_external_task_marker_child']) retrieved from /home/airflow/.local/lib/python3.7/site-packages/airflow/example_dags/example_external_task_marker_dag.py
[2025-08-27T18:19:17.898+0000] {logging_mixin.py:137} INFO - [2025-08-27T18:19:17.898+0000] {dag.py:2690} INFO - Sync 2 DAGs
[2025-08-27T18:19:17.913+0000] {logging_mixin.py:137} INFO - [2025-08-27T18:19:17.912+0000] {dag.py:3441} INFO - Setting next_dagrun for example_external_task_marker_child to None, run_after=None
[2025-08-27T18:19:17.914+0000] {logging_mixin.py:137} INFO - [2025-08-27T18:19:17.914+0000] {dag.py:3441} INFO - Setting next_dagrun for example_external_task_marker_parent to None, run_after=None
[2025-08-27T18:19:17.920+0000] {processor.py:175} INFO - Processing /home/airflow/.local/lib/python3.7/site-packages/airflow/example_dags/example_external_task_marker_dag.py took 0.057 seconds
[2025-08-27T19:39:50.438+0000] {processor.py:153} INFO - Started process (PID=24234) to work on /home/airflow/.local/lib/python3.7/site-packages/airflow/example_dags/example_external_task_marker_dag.py
[2025-08-27T19:39:50.438+0000] {processor.py:743} INFO - Processing file /home/airflow/.local/lib/python3.7/site-packages/airflow/example_dags/example_external_task_marker_dag.py for tasks to queue
[2025-08-27T19:39:50.439+0000] {logging_mixin.py:137} INFO - [2025-08-27T19:39:50.439+0000] {dagbag.py:538} INFO - Filling up the DagBag from /home/airflow/.local/lib/python3.7/site-packages/airflow/example_dags/example_external_task_marker_dag.py
[2025-08-27T19:39:50.444+0000] {processor.py:753} INFO - DAG(s) dict_keys(['example_external_task_marker_parent', 'example_external_task_marker_child']) retrieved from /home/airflow/.local/lib/python3.7/site-packages/airflow/example_dags/example_external_task_marker_dag.py
[2025-08-27T19:39:50.454+0000] {logging_mixin.py:137} INFO - [2025-08-27T19:39:50.454+0000] {dag.py:2690} INFO - Sync 2 DAGs
[2025-08-27T19:39:50.464+0000] {logging_mixin.py:137} INFO - [2025-08-27T19:39:50.464+0000] {dag.py:3441} INFO - Setting next_dagrun for example_external_task_marker_child to None, run_after=None
[2025-08-27T19:39:50.465+0000] {logging_mixin.py:137} INFO - [2025-08-27T19:39:50.465+0000] {dag.py:3441} INFO - Setting next_dagrun for example_external_task_marker_parent to None, run_after=None
[2025-08-27T19:39:50.472+0000] {processor.py:175} INFO - Processing /home/airflow/.local/lib/python3.7/site-packages/airflow/example_dags/example_external_task_marker_dag.py took 0.036 seconds
[2025-08-27T21:01:25.400+0000] {processor.py:153} INFO - Started process (PID=24314) to work on /home/airflow/.local/lib/python3.7/site-packages/airflow/example_dags/example_external_task_marker_dag.py
[2025-08-27T21:01:25.403+0000] {processor.py:743} INFO - Processing file /home/airflow/.local/lib/python3.7/site-packages/airflow/example_dags/example_external_task_marker_dag.py for tasks to queue
[2025-08-27T21:01:25.403+0000] {logging_mixin.py:137} INFO - [2025-08-27T21:01:25.403+0000] {dagbag.py:538} INFO - Filling up the DagBag from /home/airflow/.local/lib/python3.7/site-packages/airflow/example_dags/example_external_task_marker_dag.py
[2025-08-27T21:01:25.410+0000] {processor.py:753} INFO - DAG(s) dict_keys(['example_external_task_marker_parent', 'example_external_task_marker_child']) retrieved from /home/airflow/.local/lib/python3.7/site-packages/airflow/example_dags/example_external_task_marker_dag.py
[2025-08-27T21:01:25.424+0000] {logging_mixin.py:137} INFO - [2025-08-27T21:01:25.424+0000] {dag.py:2690} INFO - Sync 2 DAGs
[2025-08-27T21:01:25.435+0000] {logging_mixin.py:137} INFO - [2025-08-27T21:01:25.435+0000] {dag.py:3441} INFO - Setting next_dagrun for example_external_task_marker_child to None, run_after=None
[2025-08-27T21:01:25.436+0000] {logging_mixin.py:137} INFO - [2025-08-27T21:01:25.436+0000] {dag.py:3441} INFO - Setting next_dagrun for example_external_task_marker_parent to None, run_after=None
[2025-08-27T21:01:25.443+0000] {processor.py:175} INFO - Processing /home/airflow/.local/lib/python3.7/site-packages/airflow/example_dags/example_external_task_marker_dag.py took 0.045 seconds
[2025-08-27T21:51:50.426+0000] {processor.py:153} INFO - Started process (PID=24414) to work on /home/airflow/.local/lib/python3.7/site-packages/airflow/example_dags/example_external_task_marker_dag.py
[2025-08-27T21:51:50.426+0000] {processor.py:743} INFO - Processing file /home/airflow/.local/lib/python3.7/site-packages/airflow/example_dags/example_external_task_marker_dag.py for tasks to queue
[2025-08-27T21:51:50.426+0000] {logging_mixin.py:137} INFO - [2025-08-27T21:51:50.426+0000] {dagbag.py:538} INFO - Filling up the DagBag from /home/airflow/.local/lib/python3.7/site-packages/airflow/example_dags/example_external_task_marker_dag.py
[2025-08-27T21:51:50.433+0000] {processor.py:753} INFO - DAG(s) dict_keys(['example_external_task_marker_parent', 'example_external_task_marker_child']) retrieved from /home/airflow/.local/lib/python3.7/site-packages/airflow/example_dags/example_external_task_marker_dag.py
[2025-08-27T21:51:50.447+0000] {logging_mixin.py:137} INFO - [2025-08-27T21:51:50.447+0000] {dag.py:2690} INFO - Sync 2 DAGs
[2025-08-27T21:51:50.457+0000] {logging_mixin.py:137} INFO - [2025-08-27T21:51:50.457+0000] {dag.py:3441} INFO - Setting next_dagrun for example_external_task_marker_child to None, run_after=None
[2025-08-27T21:51:50.458+0000] {logging_mixin.py:137} INFO - [2025-08-27T21:51:50.458+0000] {dag.py:3441} INFO - Setting next_dagrun for example_external_task_marker_parent to None, run_after=None
[2025-08-27T21:51:50.464+0000] {processor.py:175} INFO - Processing /home/airflow/.local/lib/python3.7/site-packages/airflow/example_dags/example_external_task_marker_dag.py took 0.041 seconds
[2025-08-27T23:29:06.300+0000] {processor.py:153} INFO - Started process (PID=24514) to work on /home/airflow/.local/lib/python3.7/site-packages/airflow/example_dags/example_external_task_marker_dag.py
[2025-08-27T23:29:06.300+0000] {processor.py:743} INFO - Processing file /home/airflow/.local/lib/python3.7/site-packages/airflow/example_dags/example_external_task_marker_dag.py for tasks to queue
[2025-08-27T23:29:06.301+0000] {logging_mixin.py:137} INFO - [2025-08-27T23:29:06.301+0000] {dagbag.py:538} INFO - Filling up the DagBag from /home/airflow/.local/lib/python3.7/site-packages/airflow/example_dags/example_external_task_marker_dag.py
[2025-08-27T23:29:06.308+0000] {processor.py:753} INFO - DAG(s) dict_keys(['example_external_task_marker_parent', 'example_external_task_marker_child']) retrieved from /home/airflow/.local/lib/python3.7/site-packages/airflow/example_dags/example_external_task_marker_dag.py
[2025-08-27T23:29:06.322+0000] {logging_mixin.py:137} INFO - [2025-08-27T23:29:06.322+0000] {dag.py:2690} INFO - Sync 2 DAGs
[2025-08-27T23:29:06.335+0000] {logging_mixin.py:137} INFO - [2025-08-27T23:29:06.335+0000] {dag.py:3441} INFO - Setting next_dagrun for example_external_task_marker_child to None, run_after=None
[2025-08-27T23:29:06.338+0000] {logging_mixin.py:137} INFO - [2025-08-27T23:29:06.337+0000] {dag.py:3441} INFO - Setting next_dagrun for example_external_task_marker_parent to None, run_after=None
[2025-08-27T23:29:06.349+0000] {processor.py:175} INFO - Processing /home/airflow/.local/lib/python3.7/site-packages/airflow/example_dags/example_external_task_marker_dag.py took 0.051 seconds
