[2025-08-27T00:46:29.042+0000] {processor.py:153} INFO - Started process (PID=19488) to work on /home/airflow/.local/lib/python3.7/site-packages/airflow/example_dags/example_dag_decorator.py
[2025-08-27T00:46:29.042+0000] {processor.py:743} INFO - Processing file /home/airflow/.local/lib/python3.7/site-packages/airflow/example_dags/example_dag_decorator.py for tasks to queue
[2025-08-27T00:46:29.043+0000] {logging_mixin.py:137} INFO - [2025-08-27T00:46:29.043+0000] {dagbag.py:538} INFO - Filling up the DagBag from /home/airflow/.local/lib/python3.7/site-packages/airflow/example_dags/example_dag_decorator.py
[2025-08-27T00:46:29.052+0000] {logging_mixin.py:137} INFO - [2025-08-27T00:46:29.052+0000] {taskmixin.py:205} WARNING - Dependency <Task(_PythonDecoratedOperator): prepare_email>, send_email already registered for DAG: example_dag_decorator
[2025-08-27T00:46:29.055+0000] {logging_mixin.py:137} INFO - [2025-08-27T00:46:29.055+0000] {taskmixin.py:205} WARNING - Dependency <Task(EmailOperator): send_email>, prepare_email already registered for DAG: example_dag_decorator
[2025-08-27T00:46:29.061+0000] {processor.py:753} INFO - DAG(s) dict_keys(['example_dag_decorator']) retrieved from /home/airflow/.local/lib/python3.7/site-packages/airflow/example_dags/example_dag_decorator.py
[2025-08-27T00:46:29.088+0000] {logging_mixin.py:137} INFO - [2025-08-27T00:46:29.088+0000] {dag.py:2690} INFO - Sync 1 DAGs
[2025-08-27T00:46:29.097+0000] {logging_mixin.py:137} INFO - [2025-08-27T00:46:29.097+0000] {dag.py:3441} INFO - Setting next_dagrun for example_dag_decorator to None, run_after=None
[2025-08-27T00:46:29.104+0000] {processor.py:175} INFO - Processing /home/airflow/.local/lib/python3.7/site-packages/airflow/example_dags/example_dag_decorator.py took 0.063 seconds
[2025-08-27T02:21:50.951+0000] {processor.py:153} INFO - Started process (PID=19568) to work on /home/airflow/.local/lib/python3.7/site-packages/airflow/example_dags/example_dag_decorator.py
[2025-08-27T02:21:50.951+0000] {processor.py:743} INFO - Processing file /home/airflow/.local/lib/python3.7/site-packages/airflow/example_dags/example_dag_decorator.py for tasks to queue
[2025-08-27T02:21:50.952+0000] {logging_mixin.py:137} INFO - [2025-08-27T02:21:50.952+0000] {dagbag.py:538} INFO - Filling up the DagBag from /home/airflow/.local/lib/python3.7/site-packages/airflow/example_dags/example_dag_decorator.py
[2025-08-27T02:21:50.961+0000] {logging_mixin.py:137} INFO - [2025-08-27T02:21:50.961+0000] {taskmixin.py:205} WARNING - Dependency <Task(_PythonDecoratedOperator): prepare_email>, send_email already registered for DAG: example_dag_decorator
[2025-08-27T02:21:50.961+0000] {logging_mixin.py:137} INFO - [2025-08-27T02:21:50.961+0000] {taskmixin.py:205} WARNING - Dependency <Task(EmailOperator): send_email>, prepare_email already registered for DAG: example_dag_decorator
[2025-08-27T02:21:50.967+0000] {processor.py:753} INFO - DAG(s) dict_keys(['example_dag_decorator']) retrieved from /home/airflow/.local/lib/python3.7/site-packages/airflow/example_dags/example_dag_decorator.py
[2025-08-27T02:21:50.994+0000] {logging_mixin.py:137} INFO - [2025-08-27T02:21:50.994+0000] {dag.py:2690} INFO - Sync 1 DAGs
[2025-08-27T02:21:51.004+0000] {logging_mixin.py:137} INFO - [2025-08-27T02:21:51.003+0000] {dag.py:3441} INFO - Setting next_dagrun for example_dag_decorator to None, run_after=None
[2025-08-27T02:21:51.011+0000] {processor.py:175} INFO - Processing /home/airflow/.local/lib/python3.7/site-packages/airflow/example_dags/example_dag_decorator.py took 0.062 seconds
[2025-08-27T02:37:29.635+0000] {processor.py:153} INFO - Started process (PID=19668) to work on /home/airflow/.local/lib/python3.7/site-packages/airflow/example_dags/example_dag_decorator.py
[2025-08-27T02:37:29.636+0000] {processor.py:743} INFO - Processing file /home/airflow/.local/lib/python3.7/site-packages/airflow/example_dags/example_dag_decorator.py for tasks to queue
[2025-08-27T02:37:29.636+0000] {logging_mixin.py:137} INFO - [2025-08-27T02:37:29.636+0000] {dagbag.py:538} INFO - Filling up the DagBag from /home/airflow/.local/lib/python3.7/site-packages/airflow/example_dags/example_dag_decorator.py
[2025-08-27T02:37:29.648+0000] {logging_mixin.py:137} INFO - [2025-08-27T02:37:29.647+0000] {taskmixin.py:205} WARNING - Dependency <Task(_PythonDecoratedOperator): prepare_email>, send_email already registered for DAG: example_dag_decorator
[2025-08-27T02:37:29.648+0000] {logging_mixin.py:137} INFO - [2025-08-27T02:37:29.648+0000] {taskmixin.py:205} WARNING - Dependency <Task(EmailOperator): send_email>, prepare_email already registered for DAG: example_dag_decorator
[2025-08-27T02:37:29.656+0000] {processor.py:753} INFO - DAG(s) dict_keys(['example_dag_decorator']) retrieved from /home/airflow/.local/lib/python3.7/site-packages/airflow/example_dags/example_dag_decorator.py
[2025-08-27T02:37:29.686+0000] {logging_mixin.py:137} INFO - [2025-08-27T02:37:29.686+0000] {dag.py:2690} INFO - Sync 1 DAGs
[2025-08-27T02:37:29.696+0000] {logging_mixin.py:137} INFO - [2025-08-27T02:37:29.696+0000] {dag.py:3441} INFO - Setting next_dagrun for example_dag_decorator to None, run_after=None
[2025-08-27T02:37:29.704+0000] {processor.py:175} INFO - Processing /home/airflow/.local/lib/python3.7/site-packages/airflow/example_dags/example_dag_decorator.py took 0.071 seconds
[2025-08-27T03:02:25.997+0000] {processor.py:153} INFO - Started process (PID=19768) to work on /home/airflow/.local/lib/python3.7/site-packages/airflow/example_dags/example_dag_decorator.py
[2025-08-27T03:02:25.997+0000] {processor.py:743} INFO - Processing file /home/airflow/.local/lib/python3.7/site-packages/airflow/example_dags/example_dag_decorator.py for tasks to queue
[2025-08-27T03:02:25.998+0000] {logging_mixin.py:137} INFO - [2025-08-27T03:02:25.997+0000] {dagbag.py:538} INFO - Filling up the DagBag from /home/airflow/.local/lib/python3.7/site-packages/airflow/example_dags/example_dag_decorator.py
[2025-08-27T03:02:26.007+0000] {logging_mixin.py:137} INFO - [2025-08-27T03:02:26.007+0000] {taskmixin.py:205} WARNING - Dependency <Task(_PythonDecoratedOperator): prepare_email>, send_email already registered for DAG: example_dag_decorator
[2025-08-27T03:02:26.007+0000] {logging_mixin.py:137} INFO - [2025-08-27T03:02:26.007+0000] {taskmixin.py:205} WARNING - Dependency <Task(EmailOperator): send_email>, prepare_email already registered for DAG: example_dag_decorator
[2025-08-27T03:02:26.014+0000] {processor.py:753} INFO - DAG(s) dict_keys(['example_dag_decorator']) retrieved from /home/airflow/.local/lib/python3.7/site-packages/airflow/example_dags/example_dag_decorator.py
[2025-08-27T03:02:26.047+0000] {logging_mixin.py:137} INFO - [2025-08-27T03:02:26.047+0000] {dag.py:2690} INFO - Sync 1 DAGs
[2025-08-27T03:02:26.056+0000] {logging_mixin.py:137} INFO - [2025-08-27T03:02:26.056+0000] {dag.py:3441} INFO - Setting next_dagrun for example_dag_decorator to None, run_after=None
[2025-08-27T03:02:26.064+0000] {processor.py:175} INFO - Processing /home/airflow/.local/lib/python3.7/site-packages/airflow/example_dags/example_dag_decorator.py took 0.069 seconds
[2025-08-27T03:13:53.245+0000] {processor.py:153} INFO - Started process (PID=19867) to work on /home/airflow/.local/lib/python3.7/site-packages/airflow/example_dags/example_dag_decorator.py
[2025-08-27T03:13:53.245+0000] {processor.py:743} INFO - Processing file /home/airflow/.local/lib/python3.7/site-packages/airflow/example_dags/example_dag_decorator.py for tasks to queue
[2025-08-27T03:13:53.246+0000] {logging_mixin.py:137} INFO - [2025-08-27T03:13:53.246+0000] {dagbag.py:538} INFO - Filling up the DagBag from /home/airflow/.local/lib/python3.7/site-packages/airflow/example_dags/example_dag_decorator.py
[2025-08-27T03:13:53.261+0000] {logging_mixin.py:137} INFO - [2025-08-27T03:13:53.261+0000] {taskmixin.py:205} WARNING - Dependency <Task(_PythonDecoratedOperator): prepare_email>, send_email already registered for DAG: example_dag_decorator
[2025-08-27T03:13:53.261+0000] {logging_mixin.py:137} INFO - [2025-08-27T03:13:53.261+0000] {taskmixin.py:205} WARNING - Dependency <Task(EmailOperator): send_email>, prepare_email already registered for DAG: example_dag_decorator
[2025-08-27T03:13:53.282+0000] {processor.py:753} INFO - DAG(s) dict_keys(['example_dag_decorator']) retrieved from /home/airflow/.local/lib/python3.7/site-packages/airflow/example_dags/example_dag_decorator.py
[2025-08-27T03:13:53.322+0000] {logging_mixin.py:137} INFO - [2025-08-27T03:13:53.322+0000] {dag.py:2690} INFO - Sync 1 DAGs
[2025-08-27T03:13:53.335+0000] {logging_mixin.py:137} INFO - [2025-08-27T03:13:53.335+0000] {dag.py:3441} INFO - Setting next_dagrun for example_dag_decorator to None, run_after=None
[2025-08-27T03:13:53.346+0000] {processor.py:175} INFO - Processing /home/airflow/.local/lib/python3.7/site-packages/airflow/example_dags/example_dag_decorator.py took 0.105 seconds
[2025-08-27T03:33:08.607+0000] {processor.py:153} INFO - Started process (PID=19947) to work on /home/airflow/.local/lib/python3.7/site-packages/airflow/example_dags/example_dag_decorator.py
[2025-08-27T03:33:08.608+0000] {processor.py:743} INFO - Processing file /home/airflow/.local/lib/python3.7/site-packages/airflow/example_dags/example_dag_decorator.py for tasks to queue
[2025-08-27T03:33:08.608+0000] {logging_mixin.py:137} INFO - [2025-08-27T03:33:08.608+0000] {dagbag.py:538} INFO - Filling up the DagBag from /home/airflow/.local/lib/python3.7/site-packages/airflow/example_dags/example_dag_decorator.py
[2025-08-27T03:33:08.627+0000] {logging_mixin.py:137} INFO - [2025-08-27T03:33:08.627+0000] {taskmixin.py:205} WARNING - Dependency <Task(_PythonDecoratedOperator): prepare_email>, send_email already registered for DAG: example_dag_decorator
[2025-08-27T03:33:08.627+0000] {logging_mixin.py:137} INFO - [2025-08-27T03:33:08.627+0000] {taskmixin.py:205} WARNING - Dependency <Task(EmailOperator): send_email>, prepare_email already registered for DAG: example_dag_decorator
[2025-08-27T03:33:08.645+0000] {processor.py:753} INFO - DAG(s) dict_keys(['example_dag_decorator']) retrieved from /home/airflow/.local/lib/python3.7/site-packages/airflow/example_dags/example_dag_decorator.py
[2025-08-27T03:33:08.697+0000] {logging_mixin.py:137} INFO - [2025-08-27T03:33:08.697+0000] {dag.py:2690} INFO - Sync 1 DAGs
[2025-08-27T03:33:08.715+0000] {logging_mixin.py:137} INFO - [2025-08-27T03:33:08.714+0000] {dag.py:3441} INFO - Setting next_dagrun for example_dag_decorator to None, run_after=None
[2025-08-27T03:33:08.726+0000] {processor.py:175} INFO - Processing /home/airflow/.local/lib/python3.7/site-packages/airflow/example_dags/example_dag_decorator.py took 0.122 seconds
[2025-08-27T04:45:09.797+0000] {processor.py:153} INFO - Started process (PID=20047) to work on /home/airflow/.local/lib/python3.7/site-packages/airflow/example_dags/example_dag_decorator.py
[2025-08-27T04:45:09.797+0000] {processor.py:743} INFO - Processing file /home/airflow/.local/lib/python3.7/site-packages/airflow/example_dags/example_dag_decorator.py for tasks to queue
[2025-08-27T04:45:09.798+0000] {logging_mixin.py:137} INFO - [2025-08-27T04:45:09.798+0000] {dagbag.py:538} INFO - Filling up the DagBag from /home/airflow/.local/lib/python3.7/site-packages/airflow/example_dags/example_dag_decorator.py
[2025-08-27T04:45:09.813+0000] {logging_mixin.py:137} INFO - [2025-08-27T04:45:09.813+0000] {taskmixin.py:205} WARNING - Dependency <Task(_PythonDecoratedOperator): prepare_email>, send_email already registered for DAG: example_dag_decorator
[2025-08-27T04:45:09.813+0000] {logging_mixin.py:137} INFO - [2025-08-27T04:45:09.813+0000] {taskmixin.py:205} WARNING - Dependency <Task(EmailOperator): send_email>, prepare_email already registered for DAG: example_dag_decorator
[2025-08-27T04:45:09.826+0000] {processor.py:753} INFO - DAG(s) dict_keys(['example_dag_decorator']) retrieved from /home/airflow/.local/lib/python3.7/site-packages/airflow/example_dags/example_dag_decorator.py
[2025-08-27T04:45:09.877+0000] {logging_mixin.py:137} INFO - [2025-08-27T04:45:09.876+0000] {dag.py:2690} INFO - Sync 1 DAGs
[2025-08-27T04:45:09.891+0000] {logging_mixin.py:137} INFO - [2025-08-27T04:45:09.891+0000] {dag.py:3441} INFO - Setting next_dagrun for example_dag_decorator to None, run_after=None
[2025-08-27T04:45:09.903+0000] {processor.py:175} INFO - Processing /home/airflow/.local/lib/python3.7/site-packages/airflow/example_dags/example_dag_decorator.py took 0.109 seconds
[2025-08-27T04:49:55.414+0000] {processor.py:153} INFO - Started process (PID=20147) to work on /home/airflow/.local/lib/python3.7/site-packages/airflow/example_dags/example_dag_decorator.py
[2025-08-27T04:49:55.414+0000] {processor.py:743} INFO - Processing file /home/airflow/.local/lib/python3.7/site-packages/airflow/example_dags/example_dag_decorator.py for tasks to queue
[2025-08-27T04:49:55.414+0000] {logging_mixin.py:137} INFO - [2025-08-27T04:49:55.414+0000] {dagbag.py:538} INFO - Filling up the DagBag from /home/airflow/.local/lib/python3.7/site-packages/airflow/example_dags/example_dag_decorator.py
[2025-08-27T04:49:55.425+0000] {logging_mixin.py:137} INFO - [2025-08-27T04:49:55.425+0000] {taskmixin.py:205} WARNING - Dependency <Task(_PythonDecoratedOperator): prepare_email>, send_email already registered for DAG: example_dag_decorator
[2025-08-27T04:49:55.425+0000] {logging_mixin.py:137} INFO - [2025-08-27T04:49:55.425+0000] {taskmixin.py:205} WARNING - Dependency <Task(EmailOperator): send_email>, prepare_email already registered for DAG: example_dag_decorator
[2025-08-27T04:49:55.434+0000] {processor.py:753} INFO - DAG(s) dict_keys(['example_dag_decorator']) retrieved from /home/airflow/.local/lib/python3.7/site-packages/airflow/example_dags/example_dag_decorator.py
[2025-08-27T04:49:55.477+0000] {logging_mixin.py:137} INFO - [2025-08-27T04:49:55.477+0000] {dag.py:2690} INFO - Sync 1 DAGs
[2025-08-27T04:49:55.491+0000] {logging_mixin.py:137} INFO - [2025-08-27T04:49:55.491+0000] {dag.py:3441} INFO - Setting next_dagrun for example_dag_decorator to None, run_after=None
[2025-08-27T04:49:55.502+0000] {processor.py:175} INFO - Processing /home/airflow/.local/lib/python3.7/site-packages/airflow/example_dags/example_dag_decorator.py took 0.090 seconds
[2025-08-27T05:35:08.727+0000] {processor.py:153} INFO - Started process (PID=20227) to work on /home/airflow/.local/lib/python3.7/site-packages/airflow/example_dags/example_dag_decorator.py
[2025-08-27T05:35:08.728+0000] {processor.py:743} INFO - Processing file /home/airflow/.local/lib/python3.7/site-packages/airflow/example_dags/example_dag_decorator.py for tasks to queue
[2025-08-27T05:35:08.729+0000] {logging_mixin.py:137} INFO - [2025-08-27T05:35:08.729+0000] {dagbag.py:538} INFO - Filling up the DagBag from /home/airflow/.local/lib/python3.7/site-packages/airflow/example_dags/example_dag_decorator.py
[2025-08-27T05:35:08.754+0000] {logging_mixin.py:137} INFO - [2025-08-27T05:35:08.754+0000] {taskmixin.py:205} WARNING - Dependency <Task(_PythonDecoratedOperator): prepare_email>, send_email already registered for DAG: example_dag_decorator
[2025-08-27T05:35:08.755+0000] {logging_mixin.py:137} INFO - [2025-08-27T05:35:08.754+0000] {taskmixin.py:205} WARNING - Dependency <Task(EmailOperator): send_email>, prepare_email already registered for DAG: example_dag_decorator
[2025-08-27T05:35:08.769+0000] {processor.py:753} INFO - DAG(s) dict_keys(['example_dag_decorator']) retrieved from /home/airflow/.local/lib/python3.7/site-packages/airflow/example_dags/example_dag_decorator.py
[2025-08-27T05:35:08.823+0000] {logging_mixin.py:137} INFO - [2025-08-27T05:35:08.823+0000] {dag.py:2690} INFO - Sync 1 DAGs
[2025-08-27T05:35:08.838+0000] {logging_mixin.py:137} INFO - [2025-08-27T05:35:08.838+0000] {dag.py:3441} INFO - Setting next_dagrun for example_dag_decorator to None, run_after=None
[2025-08-27T05:35:08.857+0000] {processor.py:175} INFO - Processing /home/airflow/.local/lib/python3.7/site-packages/airflow/example_dags/example_dag_decorator.py took 0.133 seconds
[2025-08-27T06:12:36.658+0000] {processor.py:153} INFO - Started process (PID=20327) to work on /home/airflow/.local/lib/python3.7/site-packages/airflow/example_dags/example_dag_decorator.py
[2025-08-27T06:12:36.660+0000] {processor.py:743} INFO - Processing file /home/airflow/.local/lib/python3.7/site-packages/airflow/example_dags/example_dag_decorator.py for tasks to queue
[2025-08-27T06:12:36.661+0000] {logging_mixin.py:137} INFO - [2025-08-27T06:12:36.660+0000] {dagbag.py:538} INFO - Filling up the DagBag from /home/airflow/.local/lib/python3.7/site-packages/airflow/example_dags/example_dag_decorator.py
[2025-08-27T06:12:36.678+0000] {logging_mixin.py:137} INFO - [2025-08-27T06:12:36.678+0000] {taskmixin.py:205} WARNING - Dependency <Task(_PythonDecoratedOperator): prepare_email>, send_email already registered for DAG: example_dag_decorator
[2025-08-27T06:12:36.680+0000] {logging_mixin.py:137} INFO - [2025-08-27T06:12:36.680+0000] {taskmixin.py:205} WARNING - Dependency <Task(EmailOperator): send_email>, prepare_email already registered for DAG: example_dag_decorator
[2025-08-27T06:12:36.693+0000] {processor.py:753} INFO - DAG(s) dict_keys(['example_dag_decorator']) retrieved from /home/airflow/.local/lib/python3.7/site-packages/airflow/example_dags/example_dag_decorator.py
[2025-08-27T06:12:36.745+0000] {logging_mixin.py:137} INFO - [2025-08-27T06:12:36.745+0000] {dag.py:2690} INFO - Sync 1 DAGs
[2025-08-27T06:12:36.762+0000] {logging_mixin.py:137} INFO - [2025-08-27T06:12:36.762+0000] {dag.py:3441} INFO - Setting next_dagrun for example_dag_decorator to None, run_after=None
[2025-08-27T06:12:36.777+0000] {processor.py:175} INFO - Processing /home/airflow/.local/lib/python3.7/site-packages/airflow/example_dags/example_dag_decorator.py took 0.126 seconds
[2025-08-27T06:55:18.583+0000] {processor.py:153} INFO - Started process (PID=20427) to work on /home/airflow/.local/lib/python3.7/site-packages/airflow/example_dags/example_dag_decorator.py
[2025-08-27T06:55:18.584+0000] {processor.py:743} INFO - Processing file /home/airflow/.local/lib/python3.7/site-packages/airflow/example_dags/example_dag_decorator.py for tasks to queue
[2025-08-27T06:55:18.584+0000] {logging_mixin.py:137} INFO - [2025-08-27T06:55:18.584+0000] {dagbag.py:538} INFO - Filling up the DagBag from /home/airflow/.local/lib/python3.7/site-packages/airflow/example_dags/example_dag_decorator.py
[2025-08-27T06:55:18.594+0000] {logging_mixin.py:137} INFO - [2025-08-27T06:55:18.594+0000] {taskmixin.py:205} WARNING - Dependency <Task(_PythonDecoratedOperator): prepare_email>, send_email already registered for DAG: example_dag_decorator
[2025-08-27T06:55:18.594+0000] {logging_mixin.py:137} INFO - [2025-08-27T06:55:18.594+0000] {taskmixin.py:205} WARNING - Dependency <Task(EmailOperator): send_email>, prepare_email already registered for DAG: example_dag_decorator
[2025-08-27T06:55:18.600+0000] {processor.py:753} INFO - DAG(s) dict_keys(['example_dag_decorator']) retrieved from /home/airflow/.local/lib/python3.7/site-packages/airflow/example_dags/example_dag_decorator.py
[2025-08-27T06:55:18.627+0000] {logging_mixin.py:137} INFO - [2025-08-27T06:55:18.627+0000] {dag.py:2690} INFO - Sync 1 DAGs
[2025-08-27T06:55:18.636+0000] {logging_mixin.py:137} INFO - [2025-08-27T06:55:18.636+0000] {dag.py:3441} INFO - Setting next_dagrun for example_dag_decorator to None, run_after=None
[2025-08-27T06:55:18.644+0000] {processor.py:175} INFO - Processing /home/airflow/.local/lib/python3.7/site-packages/airflow/example_dags/example_dag_decorator.py took 0.062 seconds
[2025-08-27T07:53:51.905+0000] {processor.py:153} INFO - Started process (PID=20527) to work on /home/airflow/.local/lib/python3.7/site-packages/airflow/example_dags/example_dag_decorator.py
[2025-08-27T07:53:51.906+0000] {processor.py:743} INFO - Processing file /home/airflow/.local/lib/python3.7/site-packages/airflow/example_dags/example_dag_decorator.py for tasks to queue
[2025-08-27T07:53:51.907+0000] {logging_mixin.py:137} INFO - [2025-08-27T07:53:51.907+0000] {dagbag.py:538} INFO - Filling up the DagBag from /home/airflow/.local/lib/python3.7/site-packages/airflow/example_dags/example_dag_decorator.py
[2025-08-27T07:53:51.919+0000] {logging_mixin.py:137} INFO - [2025-08-27T07:53:51.919+0000] {taskmixin.py:205} WARNING - Dependency <Task(_PythonDecoratedOperator): prepare_email>, send_email already registered for DAG: example_dag_decorator
[2025-08-27T07:53:51.922+0000] {logging_mixin.py:137} INFO - [2025-08-27T07:53:51.922+0000] {taskmixin.py:205} WARNING - Dependency <Task(EmailOperator): send_email>, prepare_email already registered for DAG: example_dag_decorator
[2025-08-27T07:53:51.928+0000] {processor.py:753} INFO - DAG(s) dict_keys(['example_dag_decorator']) retrieved from /home/airflow/.local/lib/python3.7/site-packages/airflow/example_dags/example_dag_decorator.py
[2025-08-27T07:53:51.958+0000] {logging_mixin.py:137} INFO - [2025-08-27T07:53:51.958+0000] {dag.py:2690} INFO - Sync 1 DAGs
[2025-08-27T07:53:51.970+0000] {logging_mixin.py:137} INFO - [2025-08-27T07:53:51.970+0000] {dag.py:3441} INFO - Setting next_dagrun for example_dag_decorator to None, run_after=None
[2025-08-27T07:53:51.978+0000] {processor.py:175} INFO - Processing /home/airflow/.local/lib/python3.7/site-packages/airflow/example_dags/example_dag_decorator.py took 0.075 seconds
[2025-08-27T08:23:39.204+0000] {processor.py:153} INFO - Started process (PID=20607) to work on /home/airflow/.local/lib/python3.7/site-packages/airflow/example_dags/example_dag_decorator.py
[2025-08-27T08:23:39.204+0000] {processor.py:743} INFO - Processing file /home/airflow/.local/lib/python3.7/site-packages/airflow/example_dags/example_dag_decorator.py for tasks to queue
[2025-08-27T08:23:39.205+0000] {logging_mixin.py:137} INFO - [2025-08-27T08:23:39.205+0000] {dagbag.py:538} INFO - Filling up the DagBag from /home/airflow/.local/lib/python3.7/site-packages/airflow/example_dags/example_dag_decorator.py
[2025-08-27T08:23:39.214+0000] {logging_mixin.py:137} INFO - [2025-08-27T08:23:39.214+0000] {taskmixin.py:205} WARNING - Dependency <Task(_PythonDecoratedOperator): prepare_email>, send_email already registered for DAG: example_dag_decorator
[2025-08-27T08:23:39.214+0000] {logging_mixin.py:137} INFO - [2025-08-27T08:23:39.214+0000] {taskmixin.py:205} WARNING - Dependency <Task(EmailOperator): send_email>, prepare_email already registered for DAG: example_dag_decorator
[2025-08-27T08:23:39.220+0000] {processor.py:753} INFO - DAG(s) dict_keys(['example_dag_decorator']) retrieved from /home/airflow/.local/lib/python3.7/site-packages/airflow/example_dags/example_dag_decorator.py
[2025-08-27T08:23:39.246+0000] {logging_mixin.py:137} INFO - [2025-08-27T08:23:39.246+0000] {dag.py:2690} INFO - Sync 1 DAGs
[2025-08-27T08:23:39.255+0000] {logging_mixin.py:137} INFO - [2025-08-27T08:23:39.255+0000] {dag.py:3441} INFO - Setting next_dagrun for example_dag_decorator to None, run_after=None
[2025-08-27T08:23:39.262+0000] {processor.py:175} INFO - Processing /home/airflow/.local/lib/python3.7/site-packages/airflow/example_dags/example_dag_decorator.py took 0.059 seconds
[2025-08-27T09:35:50.455+0000] {processor.py:153} INFO - Started process (PID=20707) to work on /home/airflow/.local/lib/python3.7/site-packages/airflow/example_dags/example_dag_decorator.py
[2025-08-27T09:35:50.456+0000] {processor.py:743} INFO - Processing file /home/airflow/.local/lib/python3.7/site-packages/airflow/example_dags/example_dag_decorator.py for tasks to queue
[2025-08-27T09:35:50.456+0000] {logging_mixin.py:137} INFO - [2025-08-27T09:35:50.456+0000] {dagbag.py:538} INFO - Filling up the DagBag from /home/airflow/.local/lib/python3.7/site-packages/airflow/example_dags/example_dag_decorator.py
[2025-08-27T09:35:50.465+0000] {logging_mixin.py:137} INFO - [2025-08-27T09:35:50.465+0000] {taskmixin.py:205} WARNING - Dependency <Task(_PythonDecoratedOperator): prepare_email>, send_email already registered for DAG: example_dag_decorator
[2025-08-27T09:35:50.465+0000] {logging_mixin.py:137} INFO - [2025-08-27T09:35:50.465+0000] {taskmixin.py:205} WARNING - Dependency <Task(EmailOperator): send_email>, prepare_email already registered for DAG: example_dag_decorator
[2025-08-27T09:35:50.471+0000] {processor.py:753} INFO - DAG(s) dict_keys(['example_dag_decorator']) retrieved from /home/airflow/.local/lib/python3.7/site-packages/airflow/example_dags/example_dag_decorator.py
[2025-08-27T09:35:50.498+0000] {logging_mixin.py:137} INFO - [2025-08-27T09:35:50.498+0000] {dag.py:2690} INFO - Sync 1 DAGs
[2025-08-27T09:35:50.507+0000] {logging_mixin.py:137} INFO - [2025-08-27T09:35:50.507+0000] {dag.py:3441} INFO - Setting next_dagrun for example_dag_decorator to None, run_after=None
[2025-08-27T09:35:50.515+0000] {processor.py:175} INFO - Processing /home/airflow/.local/lib/python3.7/site-packages/airflow/example_dags/example_dag_decorator.py took 0.061 seconds
[2025-08-27T09:36:49.302+0000] {processor.py:153} INFO - Started process (PID=20807) to work on /home/airflow/.local/lib/python3.7/site-packages/airflow/example_dags/example_dag_decorator.py
[2025-08-27T09:36:49.302+0000] {processor.py:743} INFO - Processing file /home/airflow/.local/lib/python3.7/site-packages/airflow/example_dags/example_dag_decorator.py for tasks to queue
[2025-08-27T09:36:49.303+0000] {logging_mixin.py:137} INFO - [2025-08-27T09:36:49.303+0000] {dagbag.py:538} INFO - Filling up the DagBag from /home/airflow/.local/lib/python3.7/site-packages/airflow/example_dags/example_dag_decorator.py
[2025-08-27T09:36:49.319+0000] {logging_mixin.py:137} INFO - [2025-08-27T09:36:49.318+0000] {taskmixin.py:205} WARNING - Dependency <Task(_PythonDecoratedOperator): prepare_email>, send_email already registered for DAG: example_dag_decorator
[2025-08-27T09:36:49.319+0000] {logging_mixin.py:137} INFO - [2025-08-27T09:36:49.319+0000] {taskmixin.py:205} WARNING - Dependency <Task(EmailOperator): send_email>, prepare_email already registered for DAG: example_dag_decorator
[2025-08-27T09:36:49.327+0000] {processor.py:753} INFO - DAG(s) dict_keys(['example_dag_decorator']) retrieved from /home/airflow/.local/lib/python3.7/site-packages/airflow/example_dags/example_dag_decorator.py
[2025-08-27T09:36:49.359+0000] {logging_mixin.py:137} INFO - [2025-08-27T09:36:49.359+0000] {dag.py:2690} INFO - Sync 1 DAGs
[2025-08-27T09:36:49.369+0000] {logging_mixin.py:137} INFO - [2025-08-27T09:36:49.369+0000] {dag.py:3441} INFO - Setting next_dagrun for example_dag_decorator to None, run_after=None
[2025-08-27T09:36:49.377+0000] {processor.py:175} INFO - Processing /home/airflow/.local/lib/python3.7/site-packages/airflow/example_dags/example_dag_decorator.py took 0.078 seconds
[2025-08-27T09:38:52.576+0000] {processor.py:153} INFO - Started process (PID=20907) to work on /home/airflow/.local/lib/python3.7/site-packages/airflow/example_dags/example_dag_decorator.py
[2025-08-27T09:38:52.576+0000] {processor.py:743} INFO - Processing file /home/airflow/.local/lib/python3.7/site-packages/airflow/example_dags/example_dag_decorator.py for tasks to queue
[2025-08-27T09:38:52.577+0000] {logging_mixin.py:137} INFO - [2025-08-27T09:38:52.577+0000] {dagbag.py:538} INFO - Filling up the DagBag from /home/airflow/.local/lib/python3.7/site-packages/airflow/example_dags/example_dag_decorator.py
[2025-08-27T09:38:52.585+0000] {logging_mixin.py:137} INFO - [2025-08-27T09:38:52.585+0000] {taskmixin.py:205} WARNING - Dependency <Task(_PythonDecoratedOperator): prepare_email>, send_email already registered for DAG: example_dag_decorator
[2025-08-27T09:38:52.585+0000] {logging_mixin.py:137} INFO - [2025-08-27T09:38:52.585+0000] {taskmixin.py:205} WARNING - Dependency <Task(EmailOperator): send_email>, prepare_email already registered for DAG: example_dag_decorator
[2025-08-27T09:38:52.591+0000] {processor.py:753} INFO - DAG(s) dict_keys(['example_dag_decorator']) retrieved from /home/airflow/.local/lib/python3.7/site-packages/airflow/example_dags/example_dag_decorator.py
[2025-08-27T09:38:52.620+0000] {logging_mixin.py:137} INFO - [2025-08-27T09:38:52.620+0000] {dag.py:2690} INFO - Sync 1 DAGs
[2025-08-27T09:38:52.630+0000] {logging_mixin.py:137} INFO - [2025-08-27T09:38:52.630+0000] {dag.py:3441} INFO - Setting next_dagrun for example_dag_decorator to None, run_after=None
[2025-08-27T09:38:52.639+0000] {processor.py:175} INFO - Processing /home/airflow/.local/lib/python3.7/site-packages/airflow/example_dags/example_dag_decorator.py took 0.065 seconds
[2025-08-27T09:39:38.654+0000] {processor.py:153} INFO - Started process (PID=20987) to work on /home/airflow/.local/lib/python3.7/site-packages/airflow/example_dags/example_dag_decorator.py
[2025-08-27T09:39:38.655+0000] {processor.py:743} INFO - Processing file /home/airflow/.local/lib/python3.7/site-packages/airflow/example_dags/example_dag_decorator.py for tasks to queue
[2025-08-27T09:39:38.655+0000] {logging_mixin.py:137} INFO - [2025-08-27T09:39:38.655+0000] {dagbag.py:538} INFO - Filling up the DagBag from /home/airflow/.local/lib/python3.7/site-packages/airflow/example_dags/example_dag_decorator.py
[2025-08-27T09:39:38.666+0000] {logging_mixin.py:137} INFO - [2025-08-27T09:39:38.666+0000] {taskmixin.py:205} WARNING - Dependency <Task(_PythonDecoratedOperator): prepare_email>, send_email already registered for DAG: example_dag_decorator
[2025-08-27T09:39:38.667+0000] {logging_mixin.py:137} INFO - [2025-08-27T09:39:38.667+0000] {taskmixin.py:205} WARNING - Dependency <Task(EmailOperator): send_email>, prepare_email already registered for DAG: example_dag_decorator
[2025-08-27T09:39:38.674+0000] {processor.py:753} INFO - DAG(s) dict_keys(['example_dag_decorator']) retrieved from /home/airflow/.local/lib/python3.7/site-packages/airflow/example_dags/example_dag_decorator.py
[2025-08-27T09:39:38.705+0000] {logging_mixin.py:137} INFO - [2025-08-27T09:39:38.705+0000] {dag.py:2690} INFO - Sync 1 DAGs
[2025-08-27T09:39:38.714+0000] {logging_mixin.py:137} INFO - [2025-08-27T09:39:38.714+0000] {dag.py:3441} INFO - Setting next_dagrun for example_dag_decorator to None, run_after=None
[2025-08-27T09:39:38.722+0000] {processor.py:175} INFO - Processing /home/airflow/.local/lib/python3.7/site-packages/airflow/example_dags/example_dag_decorator.py took 0.071 seconds
[2025-08-27T09:50:05.888+0000] {processor.py:153} INFO - Started process (PID=21087) to work on /home/airflow/.local/lib/python3.7/site-packages/airflow/example_dags/example_dag_decorator.py
[2025-08-27T09:50:05.888+0000] {processor.py:743} INFO - Processing file /home/airflow/.local/lib/python3.7/site-packages/airflow/example_dags/example_dag_decorator.py for tasks to queue
[2025-08-27T09:50:05.889+0000] {logging_mixin.py:137} INFO - [2025-08-27T09:50:05.888+0000] {dagbag.py:538} INFO - Filling up the DagBag from /home/airflow/.local/lib/python3.7/site-packages/airflow/example_dags/example_dag_decorator.py
[2025-08-27T09:50:05.901+0000] {logging_mixin.py:137} INFO - [2025-08-27T09:50:05.901+0000] {taskmixin.py:205} WARNING - Dependency <Task(_PythonDecoratedOperator): prepare_email>, send_email already registered for DAG: example_dag_decorator
[2025-08-27T09:50:05.901+0000] {logging_mixin.py:137} INFO - [2025-08-27T09:50:05.901+0000] {taskmixin.py:205} WARNING - Dependency <Task(EmailOperator): send_email>, prepare_email already registered for DAG: example_dag_decorator
[2025-08-27T09:50:05.910+0000] {processor.py:753} INFO - DAG(s) dict_keys(['example_dag_decorator']) retrieved from /home/airflow/.local/lib/python3.7/site-packages/airflow/example_dags/example_dag_decorator.py
[2025-08-27T09:50:05.947+0000] {logging_mixin.py:137} INFO - [2025-08-27T09:50:05.947+0000] {dag.py:2690} INFO - Sync 1 DAGs
[2025-08-27T09:50:05.960+0000] {logging_mixin.py:137} INFO - [2025-08-27T09:50:05.960+0000] {dag.py:3441} INFO - Setting next_dagrun for example_dag_decorator to None, run_after=None
[2025-08-27T09:50:06.404+0000] {processor.py:175} INFO - Processing /home/airflow/.local/lib/python3.7/site-packages/airflow/example_dags/example_dag_decorator.py took 0.520 seconds
[2025-08-27T11:12:45.593+0000] {processor.py:153} INFO - Started process (PID=21187) to work on /home/airflow/.local/lib/python3.7/site-packages/airflow/example_dags/example_dag_decorator.py
[2025-08-27T11:12:45.593+0000] {processor.py:743} INFO - Processing file /home/airflow/.local/lib/python3.7/site-packages/airflow/example_dags/example_dag_decorator.py for tasks to queue
[2025-08-27T11:12:45.593+0000] {logging_mixin.py:137} INFO - [2025-08-27T11:12:45.593+0000] {dagbag.py:538} INFO - Filling up the DagBag from /home/airflow/.local/lib/python3.7/site-packages/airflow/example_dags/example_dag_decorator.py
[2025-08-27T11:12:45.606+0000] {logging_mixin.py:137} INFO - [2025-08-27T11:12:45.606+0000] {taskmixin.py:205} WARNING - Dependency <Task(_PythonDecoratedOperator): prepare_email>, send_email already registered for DAG: example_dag_decorator
[2025-08-27T11:12:45.606+0000] {logging_mixin.py:137} INFO - [2025-08-27T11:12:45.606+0000] {taskmixin.py:205} WARNING - Dependency <Task(EmailOperator): send_email>, prepare_email already registered for DAG: example_dag_decorator
[2025-08-27T11:12:45.613+0000] {processor.py:753} INFO - DAG(s) dict_keys(['example_dag_decorator']) retrieved from /home/airflow/.local/lib/python3.7/site-packages/airflow/example_dags/example_dag_decorator.py
[2025-08-27T11:12:45.644+0000] {logging_mixin.py:137} INFO - [2025-08-27T11:12:45.644+0000] {dag.py:2690} INFO - Sync 1 DAGs
[2025-08-27T11:12:45.653+0000] {logging_mixin.py:137} INFO - [2025-08-27T11:12:45.653+0000] {dag.py:3441} INFO - Setting next_dagrun for example_dag_decorator to None, run_after=None
[2025-08-27T11:12:45.661+0000] {processor.py:175} INFO - Processing /home/airflow/.local/lib/python3.7/site-packages/airflow/example_dags/example_dag_decorator.py took 0.070 seconds
[2025-08-27T11:34:30.906+0000] {processor.py:153} INFO - Started process (PID=21267) to work on /home/airflow/.local/lib/python3.7/site-packages/airflow/example_dags/example_dag_decorator.py
[2025-08-27T11:34:30.907+0000] {processor.py:743} INFO - Processing file /home/airflow/.local/lib/python3.7/site-packages/airflow/example_dags/example_dag_decorator.py for tasks to queue
[2025-08-27T11:34:30.907+0000] {logging_mixin.py:137} INFO - [2025-08-27T11:34:30.907+0000] {dagbag.py:538} INFO - Filling up the DagBag from /home/airflow/.local/lib/python3.7/site-packages/airflow/example_dags/example_dag_decorator.py
[2025-08-27T11:34:30.918+0000] {logging_mixin.py:137} INFO - [2025-08-27T11:34:30.918+0000] {taskmixin.py:205} WARNING - Dependency <Task(_PythonDecoratedOperator): prepare_email>, send_email already registered for DAG: example_dag_decorator
[2025-08-27T11:34:30.918+0000] {logging_mixin.py:137} INFO - [2025-08-27T11:34:30.918+0000] {taskmixin.py:205} WARNING - Dependency <Task(EmailOperator): send_email>, prepare_email already registered for DAG: example_dag_decorator
[2025-08-27T11:34:30.925+0000] {processor.py:753} INFO - DAG(s) dict_keys(['example_dag_decorator']) retrieved from /home/airflow/.local/lib/python3.7/site-packages/airflow/example_dags/example_dag_decorator.py
[2025-08-27T11:34:30.957+0000] {logging_mixin.py:137} INFO - [2025-08-27T11:34:30.957+0000] {dag.py:2690} INFO - Sync 1 DAGs
[2025-08-27T11:34:30.968+0000] {logging_mixin.py:137} INFO - [2025-08-27T11:34:30.967+0000] {dag.py:3441} INFO - Setting next_dagrun for example_dag_decorator to None, run_after=None
[2025-08-27T11:34:30.977+0000] {processor.py:175} INFO - Processing /home/airflow/.local/lib/python3.7/site-packages/airflow/example_dags/example_dag_decorator.py took 0.074 seconds
[2025-08-27T11:51:12.699+0000] {processor.py:153} INFO - Started process (PID=21367) to work on /home/airflow/.local/lib/python3.7/site-packages/airflow/example_dags/example_dag_decorator.py
[2025-08-27T11:51:12.700+0000] {processor.py:743} INFO - Processing file /home/airflow/.local/lib/python3.7/site-packages/airflow/example_dags/example_dag_decorator.py for tasks to queue
[2025-08-27T11:51:12.700+0000] {logging_mixin.py:137} INFO - [2025-08-27T11:51:12.700+0000] {dagbag.py:538} INFO - Filling up the DagBag from /home/airflow/.local/lib/python3.7/site-packages/airflow/example_dags/example_dag_decorator.py
[2025-08-27T11:51:12.712+0000] {logging_mixin.py:137} INFO - [2025-08-27T11:51:12.712+0000] {taskmixin.py:205} WARNING - Dependency <Task(_PythonDecoratedOperator): prepare_email>, send_email already registered for DAG: example_dag_decorator
[2025-08-27T11:51:12.712+0000] {logging_mixin.py:137} INFO - [2025-08-27T11:51:12.712+0000] {taskmixin.py:205} WARNING - Dependency <Task(EmailOperator): send_email>, prepare_email already registered for DAG: example_dag_decorator
[2025-08-27T11:51:12.720+0000] {processor.py:753} INFO - DAG(s) dict_keys(['example_dag_decorator']) retrieved from /home/airflow/.local/lib/python3.7/site-packages/airflow/example_dags/example_dag_decorator.py
[2025-08-27T11:51:12.748+0000] {logging_mixin.py:137} INFO - [2025-08-27T11:51:12.748+0000] {dag.py:2690} INFO - Sync 1 DAGs
[2025-08-27T11:51:12.758+0000] {logging_mixin.py:137} INFO - [2025-08-27T11:51:12.758+0000] {dag.py:3441} INFO - Setting next_dagrun for example_dag_decorator to None, run_after=None
[2025-08-27T11:51:12.892+0000] {processor.py:175} INFO - Processing /home/airflow/.local/lib/python3.7/site-packages/airflow/example_dags/example_dag_decorator.py took 0.194 seconds
[2025-08-27T11:53:11.470+0000] {processor.py:153} INFO - Started process (PID=21467) to work on /home/airflow/.local/lib/python3.7/site-packages/airflow/example_dags/example_dag_decorator.py
[2025-08-27T11:53:11.471+0000] {processor.py:743} INFO - Processing file /home/airflow/.local/lib/python3.7/site-packages/airflow/example_dags/example_dag_decorator.py for tasks to queue
[2025-08-27T11:53:11.472+0000] {logging_mixin.py:137} INFO - [2025-08-27T11:53:11.472+0000] {dagbag.py:538} INFO - Filling up the DagBag from /home/airflow/.local/lib/python3.7/site-packages/airflow/example_dags/example_dag_decorator.py
[2025-08-27T11:53:11.483+0000] {logging_mixin.py:137} INFO - [2025-08-27T11:53:11.483+0000] {taskmixin.py:205} WARNING - Dependency <Task(_PythonDecoratedOperator): prepare_email>, send_email already registered for DAG: example_dag_decorator
[2025-08-27T11:53:11.483+0000] {logging_mixin.py:137} INFO - [2025-08-27T11:53:11.483+0000] {taskmixin.py:205} WARNING - Dependency <Task(EmailOperator): send_email>, prepare_email already registered for DAG: example_dag_decorator
[2025-08-27T11:53:11.489+0000] {processor.py:753} INFO - DAG(s) dict_keys(['example_dag_decorator']) retrieved from /home/airflow/.local/lib/python3.7/site-packages/airflow/example_dags/example_dag_decorator.py
[2025-08-27T11:53:11.517+0000] {logging_mixin.py:137} INFO - [2025-08-27T11:53:11.517+0000] {dag.py:2690} INFO - Sync 1 DAGs
[2025-08-27T11:53:11.529+0000] {logging_mixin.py:137} INFO - [2025-08-27T11:53:11.529+0000] {dag.py:3441} INFO - Setting next_dagrun for example_dag_decorator to None, run_after=None
[2025-08-27T11:53:11.536+0000] {processor.py:175} INFO - Processing /home/airflow/.local/lib/python3.7/site-packages/airflow/example_dags/example_dag_decorator.py took 0.068 seconds
[2025-08-27T11:58:52.881+0000] {processor.py:153} INFO - Started process (PID=21567) to work on /home/airflow/.local/lib/python3.7/site-packages/airflow/example_dags/example_dag_decorator.py
[2025-08-27T11:58:52.881+0000] {processor.py:743} INFO - Processing file /home/airflow/.local/lib/python3.7/site-packages/airflow/example_dags/example_dag_decorator.py for tasks to queue
[2025-08-27T11:58:52.881+0000] {logging_mixin.py:137} INFO - [2025-08-27T11:58:52.881+0000] {dagbag.py:538} INFO - Filling up the DagBag from /home/airflow/.local/lib/python3.7/site-packages/airflow/example_dags/example_dag_decorator.py
[2025-08-27T11:58:52.893+0000] {logging_mixin.py:137} INFO - [2025-08-27T11:58:52.893+0000] {taskmixin.py:205} WARNING - Dependency <Task(_PythonDecoratedOperator): prepare_email>, send_email already registered for DAG: example_dag_decorator
[2025-08-27T11:58:52.893+0000] {logging_mixin.py:137} INFO - [2025-08-27T11:58:52.893+0000] {taskmixin.py:205} WARNING - Dependency <Task(EmailOperator): send_email>, prepare_email already registered for DAG: example_dag_decorator
[2025-08-27T11:58:52.901+0000] {processor.py:753} INFO - DAG(s) dict_keys(['example_dag_decorator']) retrieved from /home/airflow/.local/lib/python3.7/site-packages/airflow/example_dags/example_dag_decorator.py
[2025-08-27T11:58:52.930+0000] {logging_mixin.py:137} INFO - [2025-08-27T11:58:52.930+0000] {dag.py:2690} INFO - Sync 1 DAGs
[2025-08-27T11:58:52.940+0000] {logging_mixin.py:137} INFO - [2025-08-27T11:58:52.940+0000] {dag.py:3441} INFO - Setting next_dagrun for example_dag_decorator to None, run_after=None
[2025-08-27T11:58:52.947+0000] {processor.py:175} INFO - Processing /home/airflow/.local/lib/python3.7/site-packages/airflow/example_dags/example_dag_decorator.py took 0.069 seconds
[2025-08-27T12:11:19.897+0000] {processor.py:153} INFO - Started process (PID=21647) to work on /home/airflow/.local/lib/python3.7/site-packages/airflow/example_dags/example_dag_decorator.py
[2025-08-27T12:11:19.897+0000] {processor.py:743} INFO - Processing file /home/airflow/.local/lib/python3.7/site-packages/airflow/example_dags/example_dag_decorator.py for tasks to queue
[2025-08-27T12:11:19.898+0000] {logging_mixin.py:137} INFO - [2025-08-27T12:11:19.898+0000] {dagbag.py:538} INFO - Filling up the DagBag from /home/airflow/.local/lib/python3.7/site-packages/airflow/example_dags/example_dag_decorator.py
[2025-08-27T12:11:19.919+0000] {logging_mixin.py:137} INFO - [2025-08-27T12:11:19.918+0000] {taskmixin.py:205} WARNING - Dependency <Task(_PythonDecoratedOperator): prepare_email>, send_email already registered for DAG: example_dag_decorator
[2025-08-27T12:11:19.919+0000] {logging_mixin.py:137} INFO - [2025-08-27T12:11:19.919+0000] {taskmixin.py:205} WARNING - Dependency <Task(EmailOperator): send_email>, prepare_email already registered for DAG: example_dag_decorator
[2025-08-27T12:11:19.932+0000] {processor.py:753} INFO - DAG(s) dict_keys(['example_dag_decorator']) retrieved from /home/airflow/.local/lib/python3.7/site-packages/airflow/example_dags/example_dag_decorator.py
[2025-08-27T12:11:19.980+0000] {logging_mixin.py:137} INFO - [2025-08-27T12:11:19.980+0000] {dag.py:2690} INFO - Sync 1 DAGs
[2025-08-27T12:11:19.991+0000] {logging_mixin.py:137} INFO - [2025-08-27T12:11:19.991+0000] {dag.py:3441} INFO - Setting next_dagrun for example_dag_decorator to None, run_after=None
[2025-08-27T12:11:20.163+0000] {processor.py:175} INFO - Processing /home/airflow/.local/lib/python3.7/site-packages/airflow/example_dags/example_dag_decorator.py took 0.269 seconds
[2025-08-27T12:14:24.215+0000] {processor.py:153} INFO - Started process (PID=21747) to work on /home/airflow/.local/lib/python3.7/site-packages/airflow/example_dags/example_dag_decorator.py
[2025-08-27T12:14:24.215+0000] {processor.py:743} INFO - Processing file /home/airflow/.local/lib/python3.7/site-packages/airflow/example_dags/example_dag_decorator.py for tasks to queue
[2025-08-27T12:14:24.215+0000] {logging_mixin.py:137} INFO - [2025-08-27T12:14:24.215+0000] {dagbag.py:538} INFO - Filling up the DagBag from /home/airflow/.local/lib/python3.7/site-packages/airflow/example_dags/example_dag_decorator.py
[2025-08-27T12:14:24.230+0000] {logging_mixin.py:137} INFO - [2025-08-27T12:14:24.230+0000] {taskmixin.py:205} WARNING - Dependency <Task(_PythonDecoratedOperator): prepare_email>, send_email already registered for DAG: example_dag_decorator
[2025-08-27T12:14:24.230+0000] {logging_mixin.py:137} INFO - [2025-08-27T12:14:24.230+0000] {taskmixin.py:205} WARNING - Dependency <Task(EmailOperator): send_email>, prepare_email already registered for DAG: example_dag_decorator
[2025-08-27T12:14:24.239+0000] {processor.py:753} INFO - DAG(s) dict_keys(['example_dag_decorator']) retrieved from /home/airflow/.local/lib/python3.7/site-packages/airflow/example_dags/example_dag_decorator.py
[2025-08-27T12:14:24.275+0000] {logging_mixin.py:137} INFO - [2025-08-27T12:14:24.275+0000] {dag.py:2690} INFO - Sync 1 DAGs
[2025-08-27T12:14:24.288+0000] {logging_mixin.py:137} INFO - [2025-08-27T12:14:24.288+0000] {dag.py:3441} INFO - Setting next_dagrun for example_dag_decorator to None, run_after=None
[2025-08-27T12:14:24.299+0000] {processor.py:175} INFO - Processing /home/airflow/.local/lib/python3.7/site-packages/airflow/example_dags/example_dag_decorator.py took 0.086 seconds
[2025-08-27T12:27:56.832+0000] {processor.py:153} INFO - Started process (PID=21847) to work on /home/airflow/.local/lib/python3.7/site-packages/airflow/example_dags/example_dag_decorator.py
[2025-08-27T12:27:56.832+0000] {processor.py:743} INFO - Processing file /home/airflow/.local/lib/python3.7/site-packages/airflow/example_dags/example_dag_decorator.py for tasks to queue
[2025-08-27T12:27:56.833+0000] {logging_mixin.py:137} INFO - [2025-08-27T12:27:56.833+0000] {dagbag.py:538} INFO - Filling up the DagBag from /home/airflow/.local/lib/python3.7/site-packages/airflow/example_dags/example_dag_decorator.py
[2025-08-27T12:27:56.843+0000] {logging_mixin.py:137} INFO - [2025-08-27T12:27:56.843+0000] {taskmixin.py:205} WARNING - Dependency <Task(_PythonDecoratedOperator): prepare_email>, send_email already registered for DAG: example_dag_decorator
[2025-08-27T12:27:56.843+0000] {logging_mixin.py:137} INFO - [2025-08-27T12:27:56.843+0000] {taskmixin.py:205} WARNING - Dependency <Task(EmailOperator): send_email>, prepare_email already registered for DAG: example_dag_decorator
[2025-08-27T12:27:56.850+0000] {processor.py:753} INFO - DAG(s) dict_keys(['example_dag_decorator']) retrieved from /home/airflow/.local/lib/python3.7/site-packages/airflow/example_dags/example_dag_decorator.py
[2025-08-27T12:27:56.876+0000] {logging_mixin.py:137} INFO - [2025-08-27T12:27:56.876+0000] {dag.py:2690} INFO - Sync 1 DAGs
[2025-08-27T12:27:56.886+0000] {logging_mixin.py:137} INFO - [2025-08-27T12:27:56.886+0000] {dag.py:3441} INFO - Setting next_dagrun for example_dag_decorator to None, run_after=None
[2025-08-27T12:27:56.893+0000] {processor.py:175} INFO - Processing /home/airflow/.local/lib/python3.7/site-packages/airflow/example_dags/example_dag_decorator.py took 0.063 seconds
[2025-08-27T12:38:25.044+0000] {processor.py:153} INFO - Started process (PID=21927) to work on /home/airflow/.local/lib/python3.7/site-packages/airflow/example_dags/example_dag_decorator.py
[2025-08-27T12:38:25.045+0000] {processor.py:743} INFO - Processing file /home/airflow/.local/lib/python3.7/site-packages/airflow/example_dags/example_dag_decorator.py for tasks to queue
[2025-08-27T12:38:25.045+0000] {logging_mixin.py:137} INFO - [2025-08-27T12:38:25.045+0000] {dagbag.py:538} INFO - Filling up the DagBag from /home/airflow/.local/lib/python3.7/site-packages/airflow/example_dags/example_dag_decorator.py
[2025-08-27T12:38:25.062+0000] {logging_mixin.py:137} INFO - [2025-08-27T12:38:25.062+0000] {taskmixin.py:205} WARNING - Dependency <Task(_PythonDecoratedOperator): prepare_email>, send_email already registered for DAG: example_dag_decorator
[2025-08-27T12:38:25.062+0000] {logging_mixin.py:137} INFO - [2025-08-27T12:38:25.062+0000] {taskmixin.py:205} WARNING - Dependency <Task(EmailOperator): send_email>, prepare_email already registered for DAG: example_dag_decorator
[2025-08-27T12:38:25.070+0000] {processor.py:753} INFO - DAG(s) dict_keys(['example_dag_decorator']) retrieved from /home/airflow/.local/lib/python3.7/site-packages/airflow/example_dags/example_dag_decorator.py
[2025-08-27T12:38:25.106+0000] {logging_mixin.py:137} INFO - [2025-08-27T12:38:25.106+0000] {dag.py:2690} INFO - Sync 1 DAGs
[2025-08-27T12:38:25.118+0000] {logging_mixin.py:137} INFO - [2025-08-27T12:38:25.118+0000] {dag.py:3441} INFO - Setting next_dagrun for example_dag_decorator to None, run_after=None
[2025-08-27T12:38:25.129+0000] {processor.py:175} INFO - Processing /home/airflow/.local/lib/python3.7/site-packages/airflow/example_dags/example_dag_decorator.py took 0.087 seconds
[2025-08-27T12:57:11.932+0000] {processor.py:153} INFO - Started process (PID=22027) to work on /home/airflow/.local/lib/python3.7/site-packages/airflow/example_dags/example_dag_decorator.py
[2025-08-27T12:57:11.932+0000] {processor.py:743} INFO - Processing file /home/airflow/.local/lib/python3.7/site-packages/airflow/example_dags/example_dag_decorator.py for tasks to queue
[2025-08-27T12:57:11.933+0000] {logging_mixin.py:137} INFO - [2025-08-27T12:57:11.933+0000] {dagbag.py:538} INFO - Filling up the DagBag from /home/airflow/.local/lib/python3.7/site-packages/airflow/example_dags/example_dag_decorator.py
[2025-08-27T12:57:11.945+0000] {logging_mixin.py:137} INFO - [2025-08-27T12:57:11.944+0000] {taskmixin.py:205} WARNING - Dependency <Task(_PythonDecoratedOperator): prepare_email>, send_email already registered for DAG: example_dag_decorator
[2025-08-27T12:57:11.947+0000] {logging_mixin.py:137} INFO - [2025-08-27T12:57:11.947+0000] {taskmixin.py:205} WARNING - Dependency <Task(EmailOperator): send_email>, prepare_email already registered for DAG: example_dag_decorator
[2025-08-27T12:57:11.956+0000] {processor.py:753} INFO - DAG(s) dict_keys(['example_dag_decorator']) retrieved from /home/airflow/.local/lib/python3.7/site-packages/airflow/example_dags/example_dag_decorator.py
[2025-08-27T12:57:11.989+0000] {logging_mixin.py:137} INFO - [2025-08-27T12:57:11.988+0000] {dag.py:2690} INFO - Sync 1 DAGs
[2025-08-27T12:57:12.003+0000] {logging_mixin.py:137} INFO - [2025-08-27T12:57:12.003+0000] {dag.py:3441} INFO - Setting next_dagrun for example_dag_decorator to None, run_after=None
[2025-08-27T12:57:12.012+0000] {processor.py:175} INFO - Processing /home/airflow/.local/lib/python3.7/site-packages/airflow/example_dags/example_dag_decorator.py took 0.083 seconds
[2025-08-27T12:57:42.512+0000] {processor.py:153} INFO - Started process (PID=22127) to work on /home/airflow/.local/lib/python3.7/site-packages/airflow/example_dags/example_dag_decorator.py
[2025-08-27T12:57:42.512+0000] {processor.py:743} INFO - Processing file /home/airflow/.local/lib/python3.7/site-packages/airflow/example_dags/example_dag_decorator.py for tasks to queue
[2025-08-27T12:57:42.513+0000] {logging_mixin.py:137} INFO - [2025-08-27T12:57:42.513+0000] {dagbag.py:538} INFO - Filling up the DagBag from /home/airflow/.local/lib/python3.7/site-packages/airflow/example_dags/example_dag_decorator.py
[2025-08-27T12:57:42.522+0000] {logging_mixin.py:137} INFO - [2025-08-27T12:57:42.522+0000] {taskmixin.py:205} WARNING - Dependency <Task(_PythonDecoratedOperator): prepare_email>, send_email already registered for DAG: example_dag_decorator
[2025-08-27T12:57:42.522+0000] {logging_mixin.py:137} INFO - [2025-08-27T12:57:42.522+0000] {taskmixin.py:205} WARNING - Dependency <Task(EmailOperator): send_email>, prepare_email already registered for DAG: example_dag_decorator
[2025-08-27T12:57:42.529+0000] {processor.py:753} INFO - DAG(s) dict_keys(['example_dag_decorator']) retrieved from /home/airflow/.local/lib/python3.7/site-packages/airflow/example_dags/example_dag_decorator.py
[2025-08-27T12:57:42.557+0000] {logging_mixin.py:137} INFO - [2025-08-27T12:57:42.557+0000] {dag.py:2690} INFO - Sync 1 DAGs
[2025-08-27T12:57:42.566+0000] {logging_mixin.py:137} INFO - [2025-08-27T12:57:42.566+0000] {dag.py:3441} INFO - Setting next_dagrun for example_dag_decorator to None, run_after=None
[2025-08-27T12:57:42.574+0000] {processor.py:175} INFO - Processing /home/airflow/.local/lib/python3.7/site-packages/airflow/example_dags/example_dag_decorator.py took 0.064 seconds
[2025-08-27T13:27:10.285+0000] {processor.py:153} INFO - Started process (PID=22227) to work on /home/airflow/.local/lib/python3.7/site-packages/airflow/example_dags/example_dag_decorator.py
[2025-08-27T13:27:10.285+0000] {processor.py:743} INFO - Processing file /home/airflow/.local/lib/python3.7/site-packages/airflow/example_dags/example_dag_decorator.py for tasks to queue
[2025-08-27T13:27:10.286+0000] {logging_mixin.py:137} INFO - [2025-08-27T13:27:10.286+0000] {dagbag.py:538} INFO - Filling up the DagBag from /home/airflow/.local/lib/python3.7/site-packages/airflow/example_dags/example_dag_decorator.py
[2025-08-27T13:27:10.293+0000] {logging_mixin.py:137} INFO - [2025-08-27T13:27:10.293+0000] {taskmixin.py:205} WARNING - Dependency <Task(_PythonDecoratedOperator): prepare_email>, send_email already registered for DAG: example_dag_decorator
[2025-08-27T13:27:10.295+0000] {logging_mixin.py:137} INFO - [2025-08-27T13:27:10.295+0000] {taskmixin.py:205} WARNING - Dependency <Task(EmailOperator): send_email>, prepare_email already registered for DAG: example_dag_decorator
[2025-08-27T13:27:10.300+0000] {processor.py:753} INFO - DAG(s) dict_keys(['example_dag_decorator']) retrieved from /home/airflow/.local/lib/python3.7/site-packages/airflow/example_dags/example_dag_decorator.py
[2025-08-27T13:27:10.329+0000] {logging_mixin.py:137} INFO - [2025-08-27T13:27:10.329+0000] {dag.py:2690} INFO - Sync 1 DAGs
[2025-08-27T13:27:10.339+0000] {logging_mixin.py:137} INFO - [2025-08-27T13:27:10.338+0000] {dag.py:3441} INFO - Setting next_dagrun for example_dag_decorator to None, run_after=None
[2025-08-27T13:27:10.347+0000] {processor.py:175} INFO - Processing /home/airflow/.local/lib/python3.7/site-packages/airflow/example_dags/example_dag_decorator.py took 0.064 seconds
[2025-08-27T13:30:11.822+0000] {processor.py:153} INFO - Started process (PID=22307) to work on /home/airflow/.local/lib/python3.7/site-packages/airflow/example_dags/example_dag_decorator.py
[2025-08-27T13:30:11.822+0000] {processor.py:743} INFO - Processing file /home/airflow/.local/lib/python3.7/site-packages/airflow/example_dags/example_dag_decorator.py for tasks to queue
[2025-08-27T13:30:11.823+0000] {logging_mixin.py:137} INFO - [2025-08-27T13:30:11.823+0000] {dagbag.py:538} INFO - Filling up the DagBag from /home/airflow/.local/lib/python3.7/site-packages/airflow/example_dags/example_dag_decorator.py
[2025-08-27T13:30:11.842+0000] {logging_mixin.py:137} INFO - [2025-08-27T13:30:11.842+0000] {taskmixin.py:205} WARNING - Dependency <Task(_PythonDecoratedOperator): prepare_email>, send_email already registered for DAG: example_dag_decorator
[2025-08-27T13:30:11.842+0000] {logging_mixin.py:137} INFO - [2025-08-27T13:30:11.842+0000] {taskmixin.py:205} WARNING - Dependency <Task(EmailOperator): send_email>, prepare_email already registered for DAG: example_dag_decorator
[2025-08-27T13:30:11.853+0000] {processor.py:753} INFO - DAG(s) dict_keys(['example_dag_decorator']) retrieved from /home/airflow/.local/lib/python3.7/site-packages/airflow/example_dags/example_dag_decorator.py
[2025-08-27T13:30:11.890+0000] {logging_mixin.py:137} INFO - [2025-08-27T13:30:11.890+0000] {dag.py:2690} INFO - Sync 1 DAGs
[2025-08-27T13:30:11.903+0000] {logging_mixin.py:137} INFO - [2025-08-27T13:30:11.903+0000] {dag.py:3441} INFO - Setting next_dagrun for example_dag_decorator to None, run_after=None
[2025-08-27T13:30:12.418+0000] {processor.py:175} INFO - Processing /home/airflow/.local/lib/python3.7/site-packages/airflow/example_dags/example_dag_decorator.py took 0.598 seconds
[2025-08-27T13:37:06.131+0000] {processor.py:153} INFO - Started process (PID=22407) to work on /home/airflow/.local/lib/python3.7/site-packages/airflow/example_dags/example_dag_decorator.py
[2025-08-27T13:37:06.132+0000] {processor.py:743} INFO - Processing file /home/airflow/.local/lib/python3.7/site-packages/airflow/example_dags/example_dag_decorator.py for tasks to queue
[2025-08-27T13:37:06.132+0000] {logging_mixin.py:137} INFO - [2025-08-27T13:37:06.132+0000] {dagbag.py:538} INFO - Filling up the DagBag from /home/airflow/.local/lib/python3.7/site-packages/airflow/example_dags/example_dag_decorator.py
[2025-08-27T13:37:06.144+0000] {logging_mixin.py:137} INFO - [2025-08-27T13:37:06.144+0000] {taskmixin.py:205} WARNING - Dependency <Task(_PythonDecoratedOperator): prepare_email>, send_email already registered for DAG: example_dag_decorator
[2025-08-27T13:37:06.144+0000] {logging_mixin.py:137} INFO - [2025-08-27T13:37:06.144+0000] {taskmixin.py:205} WARNING - Dependency <Task(EmailOperator): send_email>, prepare_email already registered for DAG: example_dag_decorator
[2025-08-27T13:37:06.152+0000] {processor.py:753} INFO - DAG(s) dict_keys(['example_dag_decorator']) retrieved from /home/airflow/.local/lib/python3.7/site-packages/airflow/example_dags/example_dag_decorator.py
[2025-08-27T13:37:06.182+0000] {logging_mixin.py:137} INFO - [2025-08-27T13:37:06.182+0000] {dag.py:2690} INFO - Sync 1 DAGs
[2025-08-27T13:37:06.191+0000] {logging_mixin.py:137} INFO - [2025-08-27T13:37:06.191+0000] {dag.py:3441} INFO - Setting next_dagrun for example_dag_decorator to None, run_after=None
[2025-08-27T13:37:06.198+0000] {processor.py:175} INFO - Processing /home/airflow/.local/lib/python3.7/site-packages/airflow/example_dags/example_dag_decorator.py took 0.069 seconds
[2025-08-27T13:51:00.991+0000] {processor.py:153} INFO - Started process (PID=22507) to work on /home/airflow/.local/lib/python3.7/site-packages/airflow/example_dags/example_dag_decorator.py
[2025-08-27T13:51:00.991+0000] {processor.py:743} INFO - Processing file /home/airflow/.local/lib/python3.7/site-packages/airflow/example_dags/example_dag_decorator.py for tasks to queue
[2025-08-27T13:51:00.992+0000] {logging_mixin.py:137} INFO - [2025-08-27T13:51:00.992+0000] {dagbag.py:538} INFO - Filling up the DagBag from /home/airflow/.local/lib/python3.7/site-packages/airflow/example_dags/example_dag_decorator.py
[2025-08-27T13:51:01.005+0000] {logging_mixin.py:137} INFO - [2025-08-27T13:51:01.005+0000] {taskmixin.py:205} WARNING - Dependency <Task(_PythonDecoratedOperator): prepare_email>, send_email already registered for DAG: example_dag_decorator
[2025-08-27T13:51:01.005+0000] {logging_mixin.py:137} INFO - [2025-08-27T13:51:01.005+0000] {taskmixin.py:205} WARNING - Dependency <Task(EmailOperator): send_email>, prepare_email already registered for DAG: example_dag_decorator
[2025-08-27T13:51:01.014+0000] {processor.py:753} INFO - DAG(s) dict_keys(['example_dag_decorator']) retrieved from /home/airflow/.local/lib/python3.7/site-packages/airflow/example_dags/example_dag_decorator.py
[2025-08-27T13:51:01.063+0000] {logging_mixin.py:137} INFO - [2025-08-27T13:51:01.063+0000] {dag.py:2690} INFO - Sync 1 DAGs
[2025-08-27T13:51:01.075+0000] {logging_mixin.py:137} INFO - [2025-08-27T13:51:01.075+0000] {dag.py:3441} INFO - Setting next_dagrun for example_dag_decorator to None, run_after=None
[2025-08-27T13:51:01.085+0000] {processor.py:175} INFO - Processing /home/airflow/.local/lib/python3.7/site-packages/airflow/example_dags/example_dag_decorator.py took 0.096 seconds
[2025-08-27T14:01:05.479+0000] {processor.py:153} INFO - Started process (PID=22587) to work on /home/airflow/.local/lib/python3.7/site-packages/airflow/example_dags/example_dag_decorator.py
[2025-08-27T14:01:05.480+0000] {processor.py:743} INFO - Processing file /home/airflow/.local/lib/python3.7/site-packages/airflow/example_dags/example_dag_decorator.py for tasks to queue
[2025-08-27T14:01:05.480+0000] {logging_mixin.py:137} INFO - [2025-08-27T14:01:05.480+0000] {dagbag.py:538} INFO - Filling up the DagBag from /home/airflow/.local/lib/python3.7/site-packages/airflow/example_dags/example_dag_decorator.py
[2025-08-27T14:01:05.491+0000] {logging_mixin.py:137} INFO - [2025-08-27T14:01:05.491+0000] {taskmixin.py:205} WARNING - Dependency <Task(_PythonDecoratedOperator): prepare_email>, send_email already registered for DAG: example_dag_decorator
[2025-08-27T14:01:05.491+0000] {logging_mixin.py:137} INFO - [2025-08-27T14:01:05.491+0000] {taskmixin.py:205} WARNING - Dependency <Task(EmailOperator): send_email>, prepare_email already registered for DAG: example_dag_decorator
[2025-08-27T14:01:05.497+0000] {processor.py:753} INFO - DAG(s) dict_keys(['example_dag_decorator']) retrieved from /home/airflow/.local/lib/python3.7/site-packages/airflow/example_dags/example_dag_decorator.py
[2025-08-27T14:01:05.524+0000] {logging_mixin.py:137} INFO - [2025-08-27T14:01:05.524+0000] {dag.py:2690} INFO - Sync 1 DAGs
[2025-08-27T14:01:05.534+0000] {logging_mixin.py:137} INFO - [2025-08-27T14:01:05.534+0000] {dag.py:3441} INFO - Setting next_dagrun for example_dag_decorator to None, run_after=None
[2025-08-27T14:01:05.660+0000] {processor.py:175} INFO - Processing /home/airflow/.local/lib/python3.7/site-packages/airflow/example_dags/example_dag_decorator.py took 0.182 seconds
[2025-08-27T14:41:12.140+0000] {processor.py:153} INFO - Started process (PID=22687) to work on /home/airflow/.local/lib/python3.7/site-packages/airflow/example_dags/example_dag_decorator.py
[2025-08-27T14:41:12.141+0000] {processor.py:743} INFO - Processing file /home/airflow/.local/lib/python3.7/site-packages/airflow/example_dags/example_dag_decorator.py for tasks to queue
[2025-08-27T14:41:12.141+0000] {logging_mixin.py:137} INFO - [2025-08-27T14:41:12.141+0000] {dagbag.py:538} INFO - Filling up the DagBag from /home/airflow/.local/lib/python3.7/site-packages/airflow/example_dags/example_dag_decorator.py
[2025-08-27T14:41:12.152+0000] {logging_mixin.py:137} INFO - [2025-08-27T14:41:12.152+0000] {taskmixin.py:205} WARNING - Dependency <Task(_PythonDecoratedOperator): prepare_email>, send_email already registered for DAG: example_dag_decorator
[2025-08-27T14:41:12.153+0000] {logging_mixin.py:137} INFO - [2025-08-27T14:41:12.153+0000] {taskmixin.py:205} WARNING - Dependency <Task(EmailOperator): send_email>, prepare_email already registered for DAG: example_dag_decorator
[2025-08-27T14:41:12.163+0000] {processor.py:753} INFO - DAG(s) dict_keys(['example_dag_decorator']) retrieved from /home/airflow/.local/lib/python3.7/site-packages/airflow/example_dags/example_dag_decorator.py
[2025-08-27T14:41:12.193+0000] {logging_mixin.py:137} INFO - [2025-08-27T14:41:12.193+0000] {dag.py:2690} INFO - Sync 1 DAGs
[2025-08-27T14:41:12.202+0000] {logging_mixin.py:137} INFO - [2025-08-27T14:41:12.202+0000] {dag.py:3441} INFO - Setting next_dagrun for example_dag_decorator to None, run_after=None
[2025-08-27T14:41:12.213+0000] {processor.py:175} INFO - Processing /home/airflow/.local/lib/python3.7/site-packages/airflow/example_dags/example_dag_decorator.py took 0.075 seconds
[2025-08-27T14:43:53.847+0000] {processor.py:153} INFO - Started process (PID=22787) to work on /home/airflow/.local/lib/python3.7/site-packages/airflow/example_dags/example_dag_decorator.py
[2025-08-27T14:43:53.848+0000] {processor.py:743} INFO - Processing file /home/airflow/.local/lib/python3.7/site-packages/airflow/example_dags/example_dag_decorator.py for tasks to queue
[2025-08-27T14:43:53.849+0000] {logging_mixin.py:137} INFO - [2025-08-27T14:43:53.848+0000] {dagbag.py:538} INFO - Filling up the DagBag from /home/airflow/.local/lib/python3.7/site-packages/airflow/example_dags/example_dag_decorator.py
[2025-08-27T14:43:53.864+0000] {logging_mixin.py:137} INFO - [2025-08-27T14:43:53.864+0000] {taskmixin.py:205} WARNING - Dependency <Task(_PythonDecoratedOperator): prepare_email>, send_email already registered for DAG: example_dag_decorator
[2025-08-27T14:43:53.865+0000] {logging_mixin.py:137} INFO - [2025-08-27T14:43:53.865+0000] {taskmixin.py:205} WARNING - Dependency <Task(EmailOperator): send_email>, prepare_email already registered for DAG: example_dag_decorator
[2025-08-27T14:43:53.877+0000] {processor.py:753} INFO - DAG(s) dict_keys(['example_dag_decorator']) retrieved from /home/airflow/.local/lib/python3.7/site-packages/airflow/example_dags/example_dag_decorator.py
[2025-08-27T14:43:53.915+0000] {logging_mixin.py:137} INFO - [2025-08-27T14:43:53.915+0000] {dag.py:2690} INFO - Sync 1 DAGs
[2025-08-27T14:43:53.927+0000] {logging_mixin.py:137} INFO - [2025-08-27T14:43:53.926+0000] {dag.py:3441} INFO - Setting next_dagrun for example_dag_decorator to None, run_after=None
[2025-08-27T14:43:53.937+0000] {processor.py:175} INFO - Processing /home/airflow/.local/lib/python3.7/site-packages/airflow/example_dags/example_dag_decorator.py took 0.092 seconds
[2025-08-27T14:54:30.807+0000] {processor.py:153} INFO - Started process (PID=22887) to work on /home/airflow/.local/lib/python3.7/site-packages/airflow/example_dags/example_dag_decorator.py
[2025-08-27T14:54:30.808+0000] {processor.py:743} INFO - Processing file /home/airflow/.local/lib/python3.7/site-packages/airflow/example_dags/example_dag_decorator.py for tasks to queue
[2025-08-27T14:54:30.809+0000] {logging_mixin.py:137} INFO - [2025-08-27T14:54:30.809+0000] {dagbag.py:538} INFO - Filling up the DagBag from /home/airflow/.local/lib/python3.7/site-packages/airflow/example_dags/example_dag_decorator.py
[2025-08-27T14:54:31.082+0000] {logging_mixin.py:137} INFO - [2025-08-27T14:54:31.081+0000] {taskmixin.py:205} WARNING - Dependency <Task(_PythonDecoratedOperator): prepare_email>, send_email already registered for DAG: example_dag_decorator
[2025-08-27T14:54:31.083+0000] {logging_mixin.py:137} INFO - [2025-08-27T14:54:31.082+0000] {taskmixin.py:205} WARNING - Dependency <Task(EmailOperator): send_email>, prepare_email already registered for DAG: example_dag_decorator
[2025-08-27T14:54:31.125+0000] {processor.py:753} INFO - DAG(s) dict_keys(['example_dag_decorator']) retrieved from /home/airflow/.local/lib/python3.7/site-packages/airflow/example_dags/example_dag_decorator.py
[2025-08-27T14:54:31.211+0000] {logging_mixin.py:137} INFO - [2025-08-27T14:54:31.211+0000] {dag.py:2690} INFO - Sync 1 DAGs
[2025-08-27T14:54:31.234+0000] {logging_mixin.py:137} INFO - [2025-08-27T14:54:31.234+0000] {dag.py:3441} INFO - Setting next_dagrun for example_dag_decorator to None, run_after=None
[2025-08-27T14:54:31.458+0000] {processor.py:175} INFO - Processing /home/airflow/.local/lib/python3.7/site-packages/airflow/example_dags/example_dag_decorator.py took 0.654 seconds
[2025-08-27T15:01:38.525+0000] {processor.py:153} INFO - Started process (PID=22967) to work on /home/airflow/.local/lib/python3.7/site-packages/airflow/example_dags/example_dag_decorator.py
[2025-08-27T15:01:38.526+0000] {processor.py:743} INFO - Processing file /home/airflow/.local/lib/python3.7/site-packages/airflow/example_dags/example_dag_decorator.py for tasks to queue
[2025-08-27T15:01:38.527+0000] {logging_mixin.py:137} INFO - [2025-08-27T15:01:38.527+0000] {dagbag.py:538} INFO - Filling up the DagBag from /home/airflow/.local/lib/python3.7/site-packages/airflow/example_dags/example_dag_decorator.py
[2025-08-27T15:01:38.539+0000] {logging_mixin.py:137} INFO - [2025-08-27T15:01:38.539+0000] {taskmixin.py:205} WARNING - Dependency <Task(_PythonDecoratedOperator): prepare_email>, send_email already registered for DAG: example_dag_decorator
[2025-08-27T15:01:38.541+0000] {logging_mixin.py:137} INFO - [2025-08-27T15:01:38.541+0000] {taskmixin.py:205} WARNING - Dependency <Task(EmailOperator): send_email>, prepare_email already registered for DAG: example_dag_decorator
[2025-08-27T15:01:38.551+0000] {processor.py:753} INFO - DAG(s) dict_keys(['example_dag_decorator']) retrieved from /home/airflow/.local/lib/python3.7/site-packages/airflow/example_dags/example_dag_decorator.py
[2025-08-27T15:01:38.600+0000] {logging_mixin.py:137} INFO - [2025-08-27T15:01:38.600+0000] {dag.py:2690} INFO - Sync 1 DAGs
[2025-08-27T15:01:38.616+0000] {logging_mixin.py:137} INFO - [2025-08-27T15:01:38.616+0000] {dag.py:3441} INFO - Setting next_dagrun for example_dag_decorator to None, run_after=None
[2025-08-27T15:01:38.631+0000] {processor.py:175} INFO - Processing /home/airflow/.local/lib/python3.7/site-packages/airflow/example_dags/example_dag_decorator.py took 0.109 seconds
[2025-08-27T15:08:09.192+0000] {processor.py:153} INFO - Started process (PID=23067) to work on /home/airflow/.local/lib/python3.7/site-packages/airflow/example_dags/example_dag_decorator.py
[2025-08-27T15:08:09.193+0000] {processor.py:743} INFO - Processing file /home/airflow/.local/lib/python3.7/site-packages/airflow/example_dags/example_dag_decorator.py for tasks to queue
[2025-08-27T15:08:09.193+0000] {logging_mixin.py:137} INFO - [2025-08-27T15:08:09.193+0000] {dagbag.py:538} INFO - Filling up the DagBag from /home/airflow/.local/lib/python3.7/site-packages/airflow/example_dags/example_dag_decorator.py
[2025-08-27T15:08:09.203+0000] {logging_mixin.py:137} INFO - [2025-08-27T15:08:09.203+0000] {taskmixin.py:205} WARNING - Dependency <Task(_PythonDecoratedOperator): prepare_email>, send_email already registered for DAG: example_dag_decorator
[2025-08-27T15:08:09.203+0000] {logging_mixin.py:137} INFO - [2025-08-27T15:08:09.203+0000] {taskmixin.py:205} WARNING - Dependency <Task(EmailOperator): send_email>, prepare_email already registered for DAG: example_dag_decorator
[2025-08-27T15:08:09.210+0000] {processor.py:753} INFO - DAG(s) dict_keys(['example_dag_decorator']) retrieved from /home/airflow/.local/lib/python3.7/site-packages/airflow/example_dags/example_dag_decorator.py
[2025-08-27T15:08:09.238+0000] {logging_mixin.py:137} INFO - [2025-08-27T15:08:09.238+0000] {dag.py:2690} INFO - Sync 1 DAGs
[2025-08-27T15:08:09.247+0000] {logging_mixin.py:137} INFO - [2025-08-27T15:08:09.247+0000] {dag.py:3441} INFO - Setting next_dagrun for example_dag_decorator to None, run_after=None
[2025-08-27T15:08:09.254+0000] {processor.py:175} INFO - Processing /home/airflow/.local/lib/python3.7/site-packages/airflow/example_dags/example_dag_decorator.py took 0.064 seconds
[2025-08-27T15:18:51.702+0000] {processor.py:153} INFO - Started process (PID=23167) to work on /home/airflow/.local/lib/python3.7/site-packages/airflow/example_dags/example_dag_decorator.py
[2025-08-27T15:18:51.703+0000] {processor.py:743} INFO - Processing file /home/airflow/.local/lib/python3.7/site-packages/airflow/example_dags/example_dag_decorator.py for tasks to queue
[2025-08-27T15:18:51.704+0000] {logging_mixin.py:137} INFO - [2025-08-27T15:18:51.704+0000] {dagbag.py:538} INFO - Filling up the DagBag from /home/airflow/.local/lib/python3.7/site-packages/airflow/example_dags/example_dag_decorator.py
[2025-08-27T15:18:51.715+0000] {logging_mixin.py:137} INFO - [2025-08-27T15:18:51.715+0000] {taskmixin.py:205} WARNING - Dependency <Task(_PythonDecoratedOperator): prepare_email>, send_email already registered for DAG: example_dag_decorator
[2025-08-27T15:18:51.715+0000] {logging_mixin.py:137} INFO - [2025-08-27T15:18:51.715+0000] {taskmixin.py:205} WARNING - Dependency <Task(EmailOperator): send_email>, prepare_email already registered for DAG: example_dag_decorator
[2025-08-27T15:18:51.721+0000] {processor.py:753} INFO - DAG(s) dict_keys(['example_dag_decorator']) retrieved from /home/airflow/.local/lib/python3.7/site-packages/airflow/example_dags/example_dag_decorator.py
[2025-08-27T15:18:51.750+0000] {logging_mixin.py:137} INFO - [2025-08-27T15:18:51.749+0000] {dag.py:2690} INFO - Sync 1 DAGs
[2025-08-27T15:18:51.759+0000] {logging_mixin.py:137} INFO - [2025-08-27T15:18:51.759+0000] {dag.py:3441} INFO - Setting next_dagrun for example_dag_decorator to None, run_after=None
[2025-08-27T15:18:51.898+0000] {processor.py:175} INFO - Processing /home/airflow/.local/lib/python3.7/site-packages/airflow/example_dags/example_dag_decorator.py took 0.198 seconds
[2025-08-27T15:19:36.447+0000] {processor.py:153} INFO - Started process (PID=23247) to work on /home/airflow/.local/lib/python3.7/site-packages/airflow/example_dags/example_dag_decorator.py
[2025-08-27T15:19:36.448+0000] {processor.py:743} INFO - Processing file /home/airflow/.local/lib/python3.7/site-packages/airflow/example_dags/example_dag_decorator.py for tasks to queue
[2025-08-27T15:19:36.449+0000] {logging_mixin.py:137} INFO - [2025-08-27T15:19:36.449+0000] {dagbag.py:538} INFO - Filling up the DagBag from /home/airflow/.local/lib/python3.7/site-packages/airflow/example_dags/example_dag_decorator.py
[2025-08-27T15:19:36.461+0000] {logging_mixin.py:137} INFO - [2025-08-27T15:19:36.461+0000] {taskmixin.py:205} WARNING - Dependency <Task(_PythonDecoratedOperator): prepare_email>, send_email already registered for DAG: example_dag_decorator
[2025-08-27T15:19:36.461+0000] {logging_mixin.py:137} INFO - [2025-08-27T15:19:36.461+0000] {taskmixin.py:205} WARNING - Dependency <Task(EmailOperator): send_email>, prepare_email already registered for DAG: example_dag_decorator
[2025-08-27T15:19:36.469+0000] {processor.py:753} INFO - DAG(s) dict_keys(['example_dag_decorator']) retrieved from /home/airflow/.local/lib/python3.7/site-packages/airflow/example_dags/example_dag_decorator.py
[2025-08-27T15:19:36.502+0000] {logging_mixin.py:137} INFO - [2025-08-27T15:19:36.502+0000] {dag.py:2690} INFO - Sync 1 DAGs
[2025-08-27T15:19:36.591+0000] {logging_mixin.py:137} INFO - [2025-08-27T15:19:36.591+0000] {dag.py:3441} INFO - Setting next_dagrun for example_dag_decorator to None, run_after=None
[2025-08-27T15:19:36.598+0000] {processor.py:175} INFO - Processing /home/airflow/.local/lib/python3.7/site-packages/airflow/example_dags/example_dag_decorator.py took 0.153 seconds
[2025-08-27T15:21:52.498+0000] {processor.py:153} INFO - Started process (PID=23347) to work on /home/airflow/.local/lib/python3.7/site-packages/airflow/example_dags/example_dag_decorator.py
[2025-08-27T15:21:52.499+0000] {processor.py:743} INFO - Processing file /home/airflow/.local/lib/python3.7/site-packages/airflow/example_dags/example_dag_decorator.py for tasks to queue
[2025-08-27T15:21:52.499+0000] {logging_mixin.py:137} INFO - [2025-08-27T15:21:52.499+0000] {dagbag.py:538} INFO - Filling up the DagBag from /home/airflow/.local/lib/python3.7/site-packages/airflow/example_dags/example_dag_decorator.py
[2025-08-27T15:21:52.513+0000] {logging_mixin.py:137} INFO - [2025-08-27T15:21:52.512+0000] {taskmixin.py:205} WARNING - Dependency <Task(_PythonDecoratedOperator): prepare_email>, send_email already registered for DAG: example_dag_decorator
[2025-08-27T15:21:52.513+0000] {logging_mixin.py:137} INFO - [2025-08-27T15:21:52.513+0000] {taskmixin.py:205} WARNING - Dependency <Task(EmailOperator): send_email>, prepare_email already registered for DAG: example_dag_decorator
[2025-08-27T15:21:52.520+0000] {processor.py:753} INFO - DAG(s) dict_keys(['example_dag_decorator']) retrieved from /home/airflow/.local/lib/python3.7/site-packages/airflow/example_dags/example_dag_decorator.py
[2025-08-27T15:21:52.550+0000] {logging_mixin.py:137} INFO - [2025-08-27T15:21:52.550+0000] {dag.py:2690} INFO - Sync 1 DAGs
[2025-08-27T15:21:52.559+0000] {logging_mixin.py:137} INFO - [2025-08-27T15:21:52.559+0000] {dag.py:3441} INFO - Setting next_dagrun for example_dag_decorator to None, run_after=None
[2025-08-27T15:21:52.566+0000] {processor.py:175} INFO - Processing /home/airflow/.local/lib/python3.7/site-packages/airflow/example_dags/example_dag_decorator.py took 0.070 seconds
[2025-08-27T15:25:58.197+0000] {processor.py:153} INFO - Started process (PID=23447) to work on /home/airflow/.local/lib/python3.7/site-packages/airflow/example_dags/example_dag_decorator.py
[2025-08-27T15:25:58.197+0000] {processor.py:743} INFO - Processing file /home/airflow/.local/lib/python3.7/site-packages/airflow/example_dags/example_dag_decorator.py for tasks to queue
[2025-08-27T15:25:58.197+0000] {logging_mixin.py:137} INFO - [2025-08-27T15:25:58.197+0000] {dagbag.py:538} INFO - Filling up the DagBag from /home/airflow/.local/lib/python3.7/site-packages/airflow/example_dags/example_dag_decorator.py
[2025-08-27T15:25:58.207+0000] {logging_mixin.py:137} INFO - [2025-08-27T15:25:58.207+0000] {taskmixin.py:205} WARNING - Dependency <Task(_PythonDecoratedOperator): prepare_email>, send_email already registered for DAG: example_dag_decorator
[2025-08-27T15:25:58.208+0000] {logging_mixin.py:137} INFO - [2025-08-27T15:25:58.207+0000] {taskmixin.py:205} WARNING - Dependency <Task(EmailOperator): send_email>, prepare_email already registered for DAG: example_dag_decorator
[2025-08-27T15:25:58.213+0000] {processor.py:753} INFO - DAG(s) dict_keys(['example_dag_decorator']) retrieved from /home/airflow/.local/lib/python3.7/site-packages/airflow/example_dags/example_dag_decorator.py
[2025-08-27T15:25:58.241+0000] {logging_mixin.py:137} INFO - [2025-08-27T15:25:58.241+0000] {dag.py:2690} INFO - Sync 1 DAGs
[2025-08-27T15:25:58.250+0000] {logging_mixin.py:137} INFO - [2025-08-27T15:25:58.250+0000] {dag.py:3441} INFO - Setting next_dagrun for example_dag_decorator to None, run_after=None
[2025-08-27T15:25:58.258+0000] {processor.py:175} INFO - Processing /home/airflow/.local/lib/python3.7/site-packages/airflow/example_dags/example_dag_decorator.py took 0.064 seconds
[2025-08-27T16:00:39.496+0000] {processor.py:153} INFO - Started process (PID=23547) to work on /home/airflow/.local/lib/python3.7/site-packages/airflow/example_dags/example_dag_decorator.py
[2025-08-27T16:00:39.497+0000] {processor.py:743} INFO - Processing file /home/airflow/.local/lib/python3.7/site-packages/airflow/example_dags/example_dag_decorator.py for tasks to queue
[2025-08-27T16:00:39.497+0000] {logging_mixin.py:137} INFO - [2025-08-27T16:00:39.497+0000] {dagbag.py:538} INFO - Filling up the DagBag from /home/airflow/.local/lib/python3.7/site-packages/airflow/example_dags/example_dag_decorator.py
[2025-08-27T16:00:39.509+0000] {logging_mixin.py:137} INFO - [2025-08-27T16:00:39.509+0000] {taskmixin.py:205} WARNING - Dependency <Task(_PythonDecoratedOperator): prepare_email>, send_email already registered for DAG: example_dag_decorator
[2025-08-27T16:00:39.509+0000] {logging_mixin.py:137} INFO - [2025-08-27T16:00:39.509+0000] {taskmixin.py:205} WARNING - Dependency <Task(EmailOperator): send_email>, prepare_email already registered for DAG: example_dag_decorator
[2025-08-27T16:00:39.517+0000] {processor.py:753} INFO - DAG(s) dict_keys(['example_dag_decorator']) retrieved from /home/airflow/.local/lib/python3.7/site-packages/airflow/example_dags/example_dag_decorator.py
[2025-08-27T16:00:39.553+0000] {logging_mixin.py:137} INFO - [2025-08-27T16:00:39.553+0000] {dag.py:2690} INFO - Sync 1 DAGs
[2025-08-27T16:00:39.644+0000] {logging_mixin.py:137} INFO - [2025-08-27T16:00:39.644+0000] {dag.py:3441} INFO - Setting next_dagrun for example_dag_decorator to None, run_after=None
[2025-08-27T16:00:39.657+0000] {processor.py:175} INFO - Processing /home/airflow/.local/lib/python3.7/site-packages/airflow/example_dags/example_dag_decorator.py took 0.163 seconds
[2025-08-27T16:14:52.573+0000] {processor.py:153} INFO - Started process (PID=23627) to work on /home/airflow/.local/lib/python3.7/site-packages/airflow/example_dags/example_dag_decorator.py
[2025-08-27T16:14:52.574+0000] {processor.py:743} INFO - Processing file /home/airflow/.local/lib/python3.7/site-packages/airflow/example_dags/example_dag_decorator.py for tasks to queue
[2025-08-27T16:14:52.575+0000] {logging_mixin.py:137} INFO - [2025-08-27T16:14:52.574+0000] {dagbag.py:538} INFO - Filling up the DagBag from /home/airflow/.local/lib/python3.7/site-packages/airflow/example_dags/example_dag_decorator.py
[2025-08-27T16:14:52.591+0000] {logging_mixin.py:137} INFO - [2025-08-27T16:14:52.591+0000] {taskmixin.py:205} WARNING - Dependency <Task(_PythonDecoratedOperator): prepare_email>, send_email already registered for DAG: example_dag_decorator
[2025-08-27T16:14:52.591+0000] {logging_mixin.py:137} INFO - [2025-08-27T16:14:52.591+0000] {taskmixin.py:205} WARNING - Dependency <Task(EmailOperator): send_email>, prepare_email already registered for DAG: example_dag_decorator
[2025-08-27T16:14:52.602+0000] {processor.py:753} INFO - DAG(s) dict_keys(['example_dag_decorator']) retrieved from /home/airflow/.local/lib/python3.7/site-packages/airflow/example_dags/example_dag_decorator.py
[2025-08-27T16:14:52.652+0000] {logging_mixin.py:137} INFO - [2025-08-27T16:14:52.652+0000] {dag.py:2690} INFO - Sync 1 DAGs
[2025-08-27T16:14:52.667+0000] {logging_mixin.py:137} INFO - [2025-08-27T16:14:52.667+0000] {dag.py:3441} INFO - Setting next_dagrun for example_dag_decorator to None, run_after=None
[2025-08-27T16:14:52.678+0000] {processor.py:175} INFO - Processing /home/airflow/.local/lib/python3.7/site-packages/airflow/example_dags/example_dag_decorator.py took 0.107 seconds
[2025-08-27T16:23:09.771+0000] {processor.py:153} INFO - Started process (PID=23727) to work on /home/airflow/.local/lib/python3.7/site-packages/airflow/example_dags/example_dag_decorator.py
[2025-08-27T16:23:09.771+0000] {processor.py:743} INFO - Processing file /home/airflow/.local/lib/python3.7/site-packages/airflow/example_dags/example_dag_decorator.py for tasks to queue
[2025-08-27T16:23:09.772+0000] {logging_mixin.py:137} INFO - [2025-08-27T16:23:09.772+0000] {dagbag.py:538} INFO - Filling up the DagBag from /home/airflow/.local/lib/python3.7/site-packages/airflow/example_dags/example_dag_decorator.py
[2025-08-27T16:23:09.787+0000] {logging_mixin.py:137} INFO - [2025-08-27T16:23:09.787+0000] {taskmixin.py:205} WARNING - Dependency <Task(_PythonDecoratedOperator): prepare_email>, send_email already registered for DAG: example_dag_decorator
[2025-08-27T16:23:09.787+0000] {logging_mixin.py:137} INFO - [2025-08-27T16:23:09.787+0000] {taskmixin.py:205} WARNING - Dependency <Task(EmailOperator): send_email>, prepare_email already registered for DAG: example_dag_decorator
[2025-08-27T16:23:09.797+0000] {processor.py:753} INFO - DAG(s) dict_keys(['example_dag_decorator']) retrieved from /home/airflow/.local/lib/python3.7/site-packages/airflow/example_dags/example_dag_decorator.py
[2025-08-27T16:23:09.840+0000] {logging_mixin.py:137} INFO - [2025-08-27T16:23:09.839+0000] {dag.py:2690} INFO - Sync 1 DAGs
[2025-08-27T16:23:09.852+0000] {logging_mixin.py:137} INFO - [2025-08-27T16:23:09.852+0000] {dag.py:3441} INFO - Setting next_dagrun for example_dag_decorator to None, run_after=None
[2025-08-27T16:23:09.864+0000] {processor.py:175} INFO - Processing /home/airflow/.local/lib/python3.7/site-packages/airflow/example_dags/example_dag_decorator.py took 0.096 seconds
[2025-08-27T16:24:53.553+0000] {processor.py:153} INFO - Started process (PID=23827) to work on /home/airflow/.local/lib/python3.7/site-packages/airflow/example_dags/example_dag_decorator.py
[2025-08-27T16:24:53.554+0000] {processor.py:743} INFO - Processing file /home/airflow/.local/lib/python3.7/site-packages/airflow/example_dags/example_dag_decorator.py for tasks to queue
[2025-08-27T16:24:53.554+0000] {logging_mixin.py:137} INFO - [2025-08-27T16:24:53.554+0000] {dagbag.py:538} INFO - Filling up the DagBag from /home/airflow/.local/lib/python3.7/site-packages/airflow/example_dags/example_dag_decorator.py
[2025-08-27T16:24:53.567+0000] {logging_mixin.py:137} INFO - [2025-08-27T16:24:53.567+0000] {taskmixin.py:205} WARNING - Dependency <Task(_PythonDecoratedOperator): prepare_email>, send_email already registered for DAG: example_dag_decorator
[2025-08-27T16:24:53.568+0000] {logging_mixin.py:137} INFO - [2025-08-27T16:24:53.568+0000] {taskmixin.py:205} WARNING - Dependency <Task(EmailOperator): send_email>, prepare_email already registered for DAG: example_dag_decorator
[2025-08-27T16:24:53.575+0000] {processor.py:753} INFO - DAG(s) dict_keys(['example_dag_decorator']) retrieved from /home/airflow/.local/lib/python3.7/site-packages/airflow/example_dags/example_dag_decorator.py
[2025-08-27T16:24:53.606+0000] {logging_mixin.py:137} INFO - [2025-08-27T16:24:53.606+0000] {dag.py:2690} INFO - Sync 1 DAGs
[2025-08-27T16:24:53.616+0000] {logging_mixin.py:137} INFO - [2025-08-27T16:24:53.616+0000] {dag.py:3441} INFO - Setting next_dagrun for example_dag_decorator to None, run_after=None
[2025-08-27T16:24:53.780+0000] {processor.py:175} INFO - Processing /home/airflow/.local/lib/python3.7/site-packages/airflow/example_dags/example_dag_decorator.py took 0.230 seconds
[2025-08-27T16:30:06.565+0000] {processor.py:153} INFO - Started process (PID=23927) to work on /home/airflow/.local/lib/python3.7/site-packages/airflow/example_dags/example_dag_decorator.py
[2025-08-27T16:30:06.565+0000] {processor.py:743} INFO - Processing file /home/airflow/.local/lib/python3.7/site-packages/airflow/example_dags/example_dag_decorator.py for tasks to queue
[2025-08-27T16:30:06.566+0000] {logging_mixin.py:137} INFO - [2025-08-27T16:30:06.565+0000] {dagbag.py:538} INFO - Filling up the DagBag from /home/airflow/.local/lib/python3.7/site-packages/airflow/example_dags/example_dag_decorator.py
[2025-08-27T16:30:06.576+0000] {logging_mixin.py:137} INFO - [2025-08-27T16:30:06.576+0000] {taskmixin.py:205} WARNING - Dependency <Task(_PythonDecoratedOperator): prepare_email>, send_email already registered for DAG: example_dag_decorator
[2025-08-27T16:30:06.578+0000] {logging_mixin.py:137} INFO - [2025-08-27T16:30:06.578+0000] {taskmixin.py:205} WARNING - Dependency <Task(EmailOperator): send_email>, prepare_email already registered for DAG: example_dag_decorator
[2025-08-27T16:30:06.590+0000] {processor.py:753} INFO - DAG(s) dict_keys(['example_dag_decorator']) retrieved from /home/airflow/.local/lib/python3.7/site-packages/airflow/example_dags/example_dag_decorator.py
[2025-08-27T16:30:06.653+0000] {logging_mixin.py:137} INFO - [2025-08-27T16:30:06.653+0000] {dag.py:2690} INFO - Sync 1 DAGs
[2025-08-27T16:30:06.675+0000] {logging_mixin.py:137} INFO - [2025-08-27T16:30:06.674+0000] {dag.py:3441} INFO - Setting next_dagrun for example_dag_decorator to None, run_after=None
[2025-08-27T16:30:06.695+0000] {processor.py:175} INFO - Processing /home/airflow/.local/lib/python3.7/site-packages/airflow/example_dags/example_dag_decorator.py took 0.132 seconds
[2025-08-27T16:44:02.309+0000] {processor.py:153} INFO - Started process (PID=24007) to work on /home/airflow/.local/lib/python3.7/site-packages/airflow/example_dags/example_dag_decorator.py
[2025-08-27T16:44:02.310+0000] {processor.py:743} INFO - Processing file /home/airflow/.local/lib/python3.7/site-packages/airflow/example_dags/example_dag_decorator.py for tasks to queue
[2025-08-27T16:44:02.311+0000] {logging_mixin.py:137} INFO - [2025-08-27T16:44:02.311+0000] {dagbag.py:538} INFO - Filling up the DagBag from /home/airflow/.local/lib/python3.7/site-packages/airflow/example_dags/example_dag_decorator.py
[2025-08-27T16:44:02.325+0000] {logging_mixin.py:137} INFO - [2025-08-27T16:44:02.325+0000] {taskmixin.py:205} WARNING - Dependency <Task(_PythonDecoratedOperator): prepare_email>, send_email already registered for DAG: example_dag_decorator
[2025-08-27T16:44:02.325+0000] {logging_mixin.py:137} INFO - [2025-08-27T16:44:02.325+0000] {taskmixin.py:205} WARNING - Dependency <Task(EmailOperator): send_email>, prepare_email already registered for DAG: example_dag_decorator
[2025-08-27T16:44:02.337+0000] {processor.py:753} INFO - DAG(s) dict_keys(['example_dag_decorator']) retrieved from /home/airflow/.local/lib/python3.7/site-packages/airflow/example_dags/example_dag_decorator.py
[2025-08-27T16:44:02.386+0000] {logging_mixin.py:137} INFO - [2025-08-27T16:44:02.385+0000] {dag.py:2690} INFO - Sync 1 DAGs
[2025-08-27T16:44:02.401+0000] {logging_mixin.py:137} INFO - [2025-08-27T16:44:02.400+0000] {dag.py:3441} INFO - Setting next_dagrun for example_dag_decorator to None, run_after=None
[2025-08-27T16:44:02.412+0000] {processor.py:175} INFO - Processing /home/airflow/.local/lib/python3.7/site-packages/airflow/example_dags/example_dag_decorator.py took 0.105 seconds
[2025-08-27T18:19:16.807+0000] {processor.py:153} INFO - Started process (PID=24107) to work on /home/airflow/.local/lib/python3.7/site-packages/airflow/example_dags/example_dag_decorator.py
[2025-08-27T18:19:16.807+0000] {processor.py:743} INFO - Processing file /home/airflow/.local/lib/python3.7/site-packages/airflow/example_dags/example_dag_decorator.py for tasks to queue
[2025-08-27T18:19:16.808+0000] {logging_mixin.py:137} INFO - [2025-08-27T18:19:16.808+0000] {dagbag.py:538} INFO - Filling up the DagBag from /home/airflow/.local/lib/python3.7/site-packages/airflow/example_dags/example_dag_decorator.py
[2025-08-27T18:19:16.821+0000] {logging_mixin.py:137} INFO - [2025-08-27T18:19:16.821+0000] {taskmixin.py:205} WARNING - Dependency <Task(_PythonDecoratedOperator): prepare_email>, send_email already registered for DAG: example_dag_decorator
[2025-08-27T18:19:16.821+0000] {logging_mixin.py:137} INFO - [2025-08-27T18:19:16.821+0000] {taskmixin.py:205} WARNING - Dependency <Task(EmailOperator): send_email>, prepare_email already registered for DAG: example_dag_decorator
[2025-08-27T18:19:16.828+0000] {processor.py:753} INFO - DAG(s) dict_keys(['example_dag_decorator']) retrieved from /home/airflow/.local/lib/python3.7/site-packages/airflow/example_dags/example_dag_decorator.py
[2025-08-27T18:19:16.858+0000] {logging_mixin.py:137} INFO - [2025-08-27T18:19:16.858+0000] {dag.py:2690} INFO - Sync 1 DAGs
[2025-08-27T18:19:16.868+0000] {logging_mixin.py:137} INFO - [2025-08-27T18:19:16.868+0000] {dag.py:3441} INFO - Setting next_dagrun for example_dag_decorator to None, run_after=None
[2025-08-27T18:19:17.058+0000] {processor.py:175} INFO - Processing /home/airflow/.local/lib/python3.7/site-packages/airflow/example_dags/example_dag_decorator.py took 0.254 seconds
[2025-08-27T19:39:49.322+0000] {processor.py:153} INFO - Started process (PID=24207) to work on /home/airflow/.local/lib/python3.7/site-packages/airflow/example_dags/example_dag_decorator.py
[2025-08-27T19:39:49.323+0000] {processor.py:743} INFO - Processing file /home/airflow/.local/lib/python3.7/site-packages/airflow/example_dags/example_dag_decorator.py for tasks to queue
[2025-08-27T19:39:49.324+0000] {logging_mixin.py:137} INFO - [2025-08-27T19:39:49.324+0000] {dagbag.py:538} INFO - Filling up the DagBag from /home/airflow/.local/lib/python3.7/site-packages/airflow/example_dags/example_dag_decorator.py
[2025-08-27T19:39:49.341+0000] {logging_mixin.py:137} INFO - [2025-08-27T19:39:49.341+0000] {taskmixin.py:205} WARNING - Dependency <Task(_PythonDecoratedOperator): prepare_email>, send_email already registered for DAG: example_dag_decorator
[2025-08-27T19:39:49.341+0000] {logging_mixin.py:137} INFO - [2025-08-27T19:39:49.341+0000] {taskmixin.py:205} WARNING - Dependency <Task(EmailOperator): send_email>, prepare_email already registered for DAG: example_dag_decorator
[2025-08-27T19:39:49.352+0000] {processor.py:753} INFO - DAG(s) dict_keys(['example_dag_decorator']) retrieved from /home/airflow/.local/lib/python3.7/site-packages/airflow/example_dags/example_dag_decorator.py
[2025-08-27T19:39:49.391+0000] {logging_mixin.py:137} INFO - [2025-08-27T19:39:49.391+0000] {dag.py:2690} INFO - Sync 1 DAGs
[2025-08-27T19:39:49.521+0000] {logging_mixin.py:137} INFO - [2025-08-27T19:39:49.521+0000] {dag.py:3441} INFO - Setting next_dagrun for example_dag_decorator to None, run_after=None
[2025-08-27T19:39:49.531+0000] {processor.py:175} INFO - Processing /home/airflow/.local/lib/python3.7/site-packages/airflow/example_dags/example_dag_decorator.py took 0.210 seconds
[2025-08-27T21:01:23.957+0000] {processor.py:153} INFO - Started process (PID=24287) to work on /home/airflow/.local/lib/python3.7/site-packages/airflow/example_dags/example_dag_decorator.py
[2025-08-27T21:01:23.957+0000] {processor.py:743} INFO - Processing file /home/airflow/.local/lib/python3.7/site-packages/airflow/example_dags/example_dag_decorator.py for tasks to queue
[2025-08-27T21:01:23.957+0000] {logging_mixin.py:137} INFO - [2025-08-27T21:01:23.957+0000] {dagbag.py:538} INFO - Filling up the DagBag from /home/airflow/.local/lib/python3.7/site-packages/airflow/example_dags/example_dag_decorator.py
[2025-08-27T21:01:23.967+0000] {logging_mixin.py:137} INFO - [2025-08-27T21:01:23.967+0000] {taskmixin.py:205} WARNING - Dependency <Task(_PythonDecoratedOperator): prepare_email>, send_email already registered for DAG: example_dag_decorator
[2025-08-27T21:01:23.967+0000] {logging_mixin.py:137} INFO - [2025-08-27T21:01:23.967+0000] {taskmixin.py:205} WARNING - Dependency <Task(EmailOperator): send_email>, prepare_email already registered for DAG: example_dag_decorator
[2025-08-27T21:01:23.972+0000] {processor.py:753} INFO - DAG(s) dict_keys(['example_dag_decorator']) retrieved from /home/airflow/.local/lib/python3.7/site-packages/airflow/example_dags/example_dag_decorator.py
[2025-08-27T21:01:23.999+0000] {logging_mixin.py:137} INFO - [2025-08-27T21:01:23.999+0000] {dag.py:2690} INFO - Sync 1 DAGs
[2025-08-27T21:01:24.008+0000] {logging_mixin.py:137} INFO - [2025-08-27T21:01:24.008+0000] {dag.py:3441} INFO - Setting next_dagrun for example_dag_decorator to None, run_after=None
[2025-08-27T21:01:24.015+0000] {processor.py:175} INFO - Processing /home/airflow/.local/lib/python3.7/site-packages/airflow/example_dags/example_dag_decorator.py took 0.061 seconds
[2025-08-27T21:51:49.168+0000] {processor.py:153} INFO - Started process (PID=24387) to work on /home/airflow/.local/lib/python3.7/site-packages/airflow/example_dags/example_dag_decorator.py
[2025-08-27T21:51:49.169+0000] {processor.py:743} INFO - Processing file /home/airflow/.local/lib/python3.7/site-packages/airflow/example_dags/example_dag_decorator.py for tasks to queue
[2025-08-27T21:51:49.170+0000] {logging_mixin.py:137} INFO - [2025-08-27T21:51:49.170+0000] {dagbag.py:538} INFO - Filling up the DagBag from /home/airflow/.local/lib/python3.7/site-packages/airflow/example_dags/example_dag_decorator.py
[2025-08-27T21:51:49.194+0000] {logging_mixin.py:137} INFO - [2025-08-27T21:51:49.194+0000] {taskmixin.py:205} WARNING - Dependency <Task(_PythonDecoratedOperator): prepare_email>, send_email already registered for DAG: example_dag_decorator
[2025-08-27T21:51:49.195+0000] {logging_mixin.py:137} INFO - [2025-08-27T21:51:49.195+0000] {taskmixin.py:205} WARNING - Dependency <Task(EmailOperator): send_email>, prepare_email already registered for DAG: example_dag_decorator
[2025-08-27T21:51:49.230+0000] {processor.py:753} INFO - DAG(s) dict_keys(['example_dag_decorator']) retrieved from /home/airflow/.local/lib/python3.7/site-packages/airflow/example_dags/example_dag_decorator.py
[2025-08-27T21:51:49.308+0000] {logging_mixin.py:137} INFO - [2025-08-27T21:51:49.308+0000] {dag.py:2690} INFO - Sync 1 DAGs
[2025-08-27T21:51:49.329+0000] {logging_mixin.py:137} INFO - [2025-08-27T21:51:49.329+0000] {dag.py:3441} INFO - Setting next_dagrun for example_dag_decorator to None, run_after=None
[2025-08-27T21:51:49.461+0000] {processor.py:175} INFO - Processing /home/airflow/.local/lib/python3.7/site-packages/airflow/example_dags/example_dag_decorator.py took 0.295 seconds
[2025-08-27T23:29:05.377+0000] {processor.py:153} INFO - Started process (PID=24487) to work on /home/airflow/.local/lib/python3.7/site-packages/airflow/example_dags/example_dag_decorator.py
[2025-08-27T23:29:05.378+0000] {processor.py:743} INFO - Processing file /home/airflow/.local/lib/python3.7/site-packages/airflow/example_dags/example_dag_decorator.py for tasks to queue
[2025-08-27T23:29:05.378+0000] {logging_mixin.py:137} INFO - [2025-08-27T23:29:05.378+0000] {dagbag.py:538} INFO - Filling up the DagBag from /home/airflow/.local/lib/python3.7/site-packages/airflow/example_dags/example_dag_decorator.py
[2025-08-27T23:29:05.389+0000] {logging_mixin.py:137} INFO - [2025-08-27T23:29:05.389+0000] {taskmixin.py:205} WARNING - Dependency <Task(_PythonDecoratedOperator): prepare_email>, send_email already registered for DAG: example_dag_decorator
[2025-08-27T23:29:05.389+0000] {logging_mixin.py:137} INFO - [2025-08-27T23:29:05.389+0000] {taskmixin.py:205} WARNING - Dependency <Task(EmailOperator): send_email>, prepare_email already registered for DAG: example_dag_decorator
[2025-08-27T23:29:05.397+0000] {processor.py:753} INFO - DAG(s) dict_keys(['example_dag_decorator']) retrieved from /home/airflow/.local/lib/python3.7/site-packages/airflow/example_dags/example_dag_decorator.py
[2025-08-27T23:29:05.424+0000] {logging_mixin.py:137} INFO - [2025-08-27T23:29:05.424+0000] {dag.py:2690} INFO - Sync 1 DAGs
[2025-08-27T23:29:05.512+0000] {logging_mixin.py:137} INFO - [2025-08-27T23:29:05.512+0000] {dag.py:3441} INFO - Setting next_dagrun for example_dag_decorator to None, run_after=None
[2025-08-27T23:29:05.518+0000] {processor.py:175} INFO - Processing /home/airflow/.local/lib/python3.7/site-packages/airflow/example_dags/example_dag_decorator.py took 0.142 seconds
