[2025-08-27T00:46:30.263+0000] {processor.py:153} INFO - Started process (PID=19522) to work on /home/airflow/.local/lib/python3.7/site-packages/airflow/example_dags/example_xcomargs.py
[2025-08-27T00:46:30.264+0000] {processor.py:743} INFO - Processing file /home/airflow/.local/lib/python3.7/site-packages/airflow/example_dags/example_xcomargs.py for tasks to queue
[2025-08-27T00:46:30.264+0000] {logging_mixin.py:137} INFO - [2025-08-27T00:46:30.264+0000] {dagbag.py:538} INFO - Filling up the DagBag from /home/airflow/.local/lib/python3.7/site-packages/airflow/example_dags/example_xcomargs.py
[2025-08-27T00:46:30.275+0000] {processor.py:753} INFO - DAG(s) dict_keys(['example_xcom_args_with_operators', 'example_xcom_args']) retrieved from /home/airflow/.local/lib/python3.7/site-packages/airflow/example_dags/example_xcomargs.py
[2025-08-27T00:46:30.287+0000] {logging_mixin.py:137} INFO - [2025-08-27T00:46:30.287+0000] {dag.py:2690} INFO - Sync 2 DAGs
[2025-08-27T00:46:30.297+0000] {logging_mixin.py:137} INFO - [2025-08-27T00:46:30.297+0000] {dag.py:3441} INFO - Setting next_dagrun for example_xcom_args to None, run_after=None
[2025-08-27T00:46:30.299+0000] {logging_mixin.py:137} INFO - [2025-08-27T00:46:30.299+0000] {dag.py:3441} INFO - Setting next_dagrun for example_xcom_args_with_operators to None, run_after=None
[2025-08-27T00:46:30.305+0000] {processor.py:175} INFO - Processing /home/airflow/.local/lib/python3.7/site-packages/airflow/example_dags/example_xcomargs.py took 0.043 seconds
[2025-08-27T02:21:52.095+0000] {processor.py:153} INFO - Started process (PID=19609) to work on /home/airflow/.local/lib/python3.7/site-packages/airflow/example_dags/example_xcomargs.py
[2025-08-27T02:21:52.096+0000] {processor.py:743} INFO - Processing file /home/airflow/.local/lib/python3.7/site-packages/airflow/example_dags/example_xcomargs.py for tasks to queue
[2025-08-27T02:21:52.096+0000] {logging_mixin.py:137} INFO - [2025-08-27T02:21:52.096+0000] {dagbag.py:538} INFO - Filling up the DagBag from /home/airflow/.local/lib/python3.7/site-packages/airflow/example_dags/example_xcomargs.py
[2025-08-27T02:21:52.108+0000] {processor.py:753} INFO - DAG(s) dict_keys(['example_xcom_args', 'example_xcom_args_with_operators']) retrieved from /home/airflow/.local/lib/python3.7/site-packages/airflow/example_dags/example_xcomargs.py
[2025-08-27T02:21:52.125+0000] {logging_mixin.py:137} INFO - [2025-08-27T02:21:52.125+0000] {dag.py:2690} INFO - Sync 2 DAGs
[2025-08-27T02:21:52.139+0000] {logging_mixin.py:137} INFO - [2025-08-27T02:21:52.139+0000] {dag.py:3441} INFO - Setting next_dagrun for example_xcom_args to None, run_after=None
[2025-08-27T02:21:52.141+0000] {logging_mixin.py:137} INFO - [2025-08-27T02:21:52.141+0000] {dag.py:3441} INFO - Setting next_dagrun for example_xcom_args_with_operators to None, run_after=None
[2025-08-27T02:21:52.151+0000] {processor.py:175} INFO - Processing /home/airflow/.local/lib/python3.7/site-packages/airflow/example_dags/example_xcomargs.py took 0.058 seconds
[2025-08-27T02:37:30.892+0000] {processor.py:153} INFO - Started process (PID=19702) to work on /home/airflow/.local/lib/python3.7/site-packages/airflow/example_dags/example_xcomargs.py
[2025-08-27T02:37:30.892+0000] {processor.py:743} INFO - Processing file /home/airflow/.local/lib/python3.7/site-packages/airflow/example_dags/example_xcomargs.py for tasks to queue
[2025-08-27T02:37:30.893+0000] {logging_mixin.py:137} INFO - [2025-08-27T02:37:30.892+0000] {dagbag.py:538} INFO - Filling up the DagBag from /home/airflow/.local/lib/python3.7/site-packages/airflow/example_dags/example_xcomargs.py
[2025-08-27T02:37:30.902+0000] {processor.py:753} INFO - DAG(s) dict_keys(['example_xcom_args', 'example_xcom_args_with_operators']) retrieved from /home/airflow/.local/lib/python3.7/site-packages/airflow/example_dags/example_xcomargs.py
[2025-08-27T02:37:30.914+0000] {logging_mixin.py:137} INFO - [2025-08-27T02:37:30.913+0000] {dag.py:2690} INFO - Sync 2 DAGs
[2025-08-27T02:37:30.922+0000] {logging_mixin.py:137} INFO - [2025-08-27T02:37:30.922+0000] {dag.py:3441} INFO - Setting next_dagrun for example_xcom_args to None, run_after=None
[2025-08-27T02:37:30.923+0000] {logging_mixin.py:137} INFO - [2025-08-27T02:37:30.923+0000] {dag.py:3441} INFO - Setting next_dagrun for example_xcom_args_with_operators to None, run_after=None
[2025-08-27T02:37:30.930+0000] {processor.py:175} INFO - Processing /home/airflow/.local/lib/python3.7/site-packages/airflow/example_dags/example_xcomargs.py took 0.040 seconds
[2025-08-27T03:02:27.106+0000] {processor.py:153} INFO - Started process (PID=19802) to work on /home/airflow/.local/lib/python3.7/site-packages/airflow/example_dags/example_xcomargs.py
[2025-08-27T03:02:27.106+0000] {processor.py:743} INFO - Processing file /home/airflow/.local/lib/python3.7/site-packages/airflow/example_dags/example_xcomargs.py for tasks to queue
[2025-08-27T03:02:27.106+0000] {logging_mixin.py:137} INFO - [2025-08-27T03:02:27.106+0000] {dagbag.py:538} INFO - Filling up the DagBag from /home/airflow/.local/lib/python3.7/site-packages/airflow/example_dags/example_xcomargs.py
[2025-08-27T03:02:27.120+0000] {processor.py:753} INFO - DAG(s) dict_keys(['example_xcom_args_with_operators', 'example_xcom_args']) retrieved from /home/airflow/.local/lib/python3.7/site-packages/airflow/example_dags/example_xcomargs.py
[2025-08-27T03:02:27.136+0000] {logging_mixin.py:137} INFO - [2025-08-27T03:02:27.136+0000] {dag.py:2690} INFO - Sync 2 DAGs
[2025-08-27T03:02:27.149+0000] {logging_mixin.py:137} INFO - [2025-08-27T03:02:27.148+0000] {dag.py:3441} INFO - Setting next_dagrun for example_xcom_args to None, run_after=None
[2025-08-27T03:02:27.151+0000] {logging_mixin.py:137} INFO - [2025-08-27T03:02:27.151+0000] {dag.py:3441} INFO - Setting next_dagrun for example_xcom_args_with_operators to None, run_after=None
[2025-08-27T03:02:27.163+0000] {processor.py:175} INFO - Processing /home/airflow/.local/lib/python3.7/site-packages/airflow/example_dags/example_xcomargs.py took 0.060 seconds
[2025-08-27T03:13:54.279+0000] {processor.py:153} INFO - Started process (PID=19901) to work on /home/airflow/.local/lib/python3.7/site-packages/airflow/example_dags/example_xcomargs.py
[2025-08-27T03:13:54.280+0000] {processor.py:743} INFO - Processing file /home/airflow/.local/lib/python3.7/site-packages/airflow/example_dags/example_xcomargs.py for tasks to queue
[2025-08-27T03:13:54.280+0000] {logging_mixin.py:137} INFO - [2025-08-27T03:13:54.280+0000] {dagbag.py:538} INFO - Filling up the DagBag from /home/airflow/.local/lib/python3.7/site-packages/airflow/example_dags/example_xcomargs.py
[2025-08-27T03:13:54.290+0000] {processor.py:753} INFO - DAG(s) dict_keys(['example_xcom_args_with_operators', 'example_xcom_args']) retrieved from /home/airflow/.local/lib/python3.7/site-packages/airflow/example_dags/example_xcomargs.py
[2025-08-27T03:13:54.303+0000] {logging_mixin.py:137} INFO - [2025-08-27T03:13:54.303+0000] {dag.py:2690} INFO - Sync 2 DAGs
[2025-08-27T03:13:54.312+0000] {logging_mixin.py:137} INFO - [2025-08-27T03:13:54.312+0000] {dag.py:3441} INFO - Setting next_dagrun for example_xcom_args to None, run_after=None
[2025-08-27T03:13:54.314+0000] {logging_mixin.py:137} INFO - [2025-08-27T03:13:54.314+0000] {dag.py:3441} INFO - Setting next_dagrun for example_xcom_args_with_operators to None, run_after=None
[2025-08-27T03:13:54.320+0000] {processor.py:175} INFO - Processing /home/airflow/.local/lib/python3.7/site-packages/airflow/example_dags/example_xcomargs.py took 0.042 seconds
[2025-08-27T03:33:10.477+0000] {processor.py:153} INFO - Started process (PID=19981) to work on /home/airflow/.local/lib/python3.7/site-packages/airflow/example_dags/example_xcomargs.py
[2025-08-27T03:33:10.478+0000] {processor.py:743} INFO - Processing file /home/airflow/.local/lib/python3.7/site-packages/airflow/example_dags/example_xcomargs.py for tasks to queue
[2025-08-27T03:33:10.479+0000] {logging_mixin.py:137} INFO - [2025-08-27T03:33:10.479+0000] {dagbag.py:538} INFO - Filling up the DagBag from /home/airflow/.local/lib/python3.7/site-packages/airflow/example_dags/example_xcomargs.py
[2025-08-27T03:33:10.495+0000] {processor.py:753} INFO - DAG(s) dict_keys(['example_xcom_args_with_operators', 'example_xcom_args']) retrieved from /home/airflow/.local/lib/python3.7/site-packages/airflow/example_dags/example_xcomargs.py
[2025-08-27T03:33:10.514+0000] {logging_mixin.py:137} INFO - [2025-08-27T03:33:10.513+0000] {dag.py:2690} INFO - Sync 2 DAGs
[2025-08-27T03:33:10.528+0000] {logging_mixin.py:137} INFO - [2025-08-27T03:33:10.528+0000] {dag.py:3441} INFO - Setting next_dagrun for example_xcom_args to None, run_after=None
[2025-08-27T03:33:10.531+0000] {logging_mixin.py:137} INFO - [2025-08-27T03:33:10.531+0000] {dag.py:3441} INFO - Setting next_dagrun for example_xcom_args_with_operators to None, run_after=None
[2025-08-27T03:33:10.539+0000] {processor.py:175} INFO - Processing /home/airflow/.local/lib/python3.7/site-packages/airflow/example_dags/example_xcomargs.py took 0.063 seconds
[2025-08-27T04:45:11.079+0000] {processor.py:153} INFO - Started process (PID=20081) to work on /home/airflow/.local/lib/python3.7/site-packages/airflow/example_dags/example_xcomargs.py
[2025-08-27T04:45:11.079+0000] {processor.py:743} INFO - Processing file /home/airflow/.local/lib/python3.7/site-packages/airflow/example_dags/example_xcomargs.py for tasks to queue
[2025-08-27T04:45:11.081+0000] {logging_mixin.py:137} INFO - [2025-08-27T04:45:11.081+0000] {dagbag.py:538} INFO - Filling up the DagBag from /home/airflow/.local/lib/python3.7/site-packages/airflow/example_dags/example_xcomargs.py
[2025-08-27T04:45:11.092+0000] {processor.py:753} INFO - DAG(s) dict_keys(['example_xcom_args_with_operators', 'example_xcom_args']) retrieved from /home/airflow/.local/lib/python3.7/site-packages/airflow/example_dags/example_xcomargs.py
[2025-08-27T04:45:11.105+0000] {logging_mixin.py:137} INFO - [2025-08-27T04:45:11.105+0000] {dag.py:2690} INFO - Sync 2 DAGs
[2025-08-27T04:45:11.116+0000] {logging_mixin.py:137} INFO - [2025-08-27T04:45:11.116+0000] {dag.py:3441} INFO - Setting next_dagrun for example_xcom_args to None, run_after=None
[2025-08-27T04:45:11.117+0000] {logging_mixin.py:137} INFO - [2025-08-27T04:45:11.117+0000] {dag.py:3441} INFO - Setting next_dagrun for example_xcom_args_with_operators to None, run_after=None
[2025-08-27T04:45:11.127+0000] {processor.py:175} INFO - Processing /home/airflow/.local/lib/python3.7/site-packages/airflow/example_dags/example_xcomargs.py took 0.049 seconds
[2025-08-27T04:49:56.566+0000] {processor.py:153} INFO - Started process (PID=20181) to work on /home/airflow/.local/lib/python3.7/site-packages/airflow/example_dags/example_xcomargs.py
[2025-08-27T04:49:56.566+0000] {processor.py:743} INFO - Processing file /home/airflow/.local/lib/python3.7/site-packages/airflow/example_dags/example_xcomargs.py for tasks to queue
[2025-08-27T04:49:56.566+0000] {logging_mixin.py:137} INFO - [2025-08-27T04:49:56.566+0000] {dagbag.py:538} INFO - Filling up the DagBag from /home/airflow/.local/lib/python3.7/site-packages/airflow/example_dags/example_xcomargs.py
[2025-08-27T04:49:56.577+0000] {processor.py:753} INFO - DAG(s) dict_keys(['example_xcom_args_with_operators', 'example_xcom_args']) retrieved from /home/airflow/.local/lib/python3.7/site-packages/airflow/example_dags/example_xcomargs.py
[2025-08-27T04:49:56.590+0000] {logging_mixin.py:137} INFO - [2025-08-27T04:49:56.590+0000] {dag.py:2690} INFO - Sync 2 DAGs
[2025-08-27T04:49:56.600+0000] {logging_mixin.py:137} INFO - [2025-08-27T04:49:56.600+0000] {dag.py:3441} INFO - Setting next_dagrun for example_xcom_args to None, run_after=None
[2025-08-27T04:49:56.604+0000] {logging_mixin.py:137} INFO - [2025-08-27T04:49:56.604+0000] {dag.py:3441} INFO - Setting next_dagrun for example_xcom_args_with_operators to None, run_after=None
[2025-08-27T04:49:56.610+0000] {processor.py:175} INFO - Processing /home/airflow/.local/lib/python3.7/site-packages/airflow/example_dags/example_xcomargs.py took 0.046 seconds
[2025-08-27T05:35:09.897+0000] {processor.py:153} INFO - Started process (PID=20270) to work on /home/airflow/.local/lib/python3.7/site-packages/airflow/example_dags/example_xcomargs.py
[2025-08-27T05:35:09.898+0000] {processor.py:743} INFO - Processing file /home/airflow/.local/lib/python3.7/site-packages/airflow/example_dags/example_xcomargs.py for tasks to queue
[2025-08-27T05:35:09.898+0000] {logging_mixin.py:137} INFO - [2025-08-27T05:35:09.898+0000] {dagbag.py:538} INFO - Filling up the DagBag from /home/airflow/.local/lib/python3.7/site-packages/airflow/example_dags/example_xcomargs.py
[2025-08-27T05:35:09.910+0000] {processor.py:753} INFO - DAG(s) dict_keys(['example_xcom_args', 'example_xcom_args_with_operators']) retrieved from /home/airflow/.local/lib/python3.7/site-packages/airflow/example_dags/example_xcomargs.py
[2025-08-27T05:35:09.924+0000] {logging_mixin.py:137} INFO - [2025-08-27T05:35:09.924+0000] {dag.py:2690} INFO - Sync 2 DAGs
[2025-08-27T05:35:09.936+0000] {logging_mixin.py:137} INFO - [2025-08-27T05:35:09.936+0000] {dag.py:3441} INFO - Setting next_dagrun for example_xcom_args to None, run_after=None
[2025-08-27T05:35:09.943+0000] {logging_mixin.py:137} INFO - [2025-08-27T05:35:09.943+0000] {dag.py:3441} INFO - Setting next_dagrun for example_xcom_args_with_operators to None, run_after=None
[2025-08-27T05:35:09.982+0000] {processor.py:175} INFO - Processing /home/airflow/.local/lib/python3.7/site-packages/airflow/example_dags/example_xcomargs.py took 0.086 seconds
[2025-08-27T06:12:38.120+0000] {processor.py:153} INFO - Started process (PID=20361) to work on /home/airflow/.local/lib/python3.7/site-packages/airflow/example_dags/example_xcomargs.py
[2025-08-27T06:12:38.120+0000] {processor.py:743} INFO - Processing file /home/airflow/.local/lib/python3.7/site-packages/airflow/example_dags/example_xcomargs.py for tasks to queue
[2025-08-27T06:12:38.121+0000] {logging_mixin.py:137} INFO - [2025-08-27T06:12:38.121+0000] {dagbag.py:538} INFO - Filling up the DagBag from /home/airflow/.local/lib/python3.7/site-packages/airflow/example_dags/example_xcomargs.py
[2025-08-27T06:12:38.133+0000] {processor.py:753} INFO - DAG(s) dict_keys(['example_xcom_args', 'example_xcom_args_with_operators']) retrieved from /home/airflow/.local/lib/python3.7/site-packages/airflow/example_dags/example_xcomargs.py
[2025-08-27T06:12:38.145+0000] {logging_mixin.py:137} INFO - [2025-08-27T06:12:38.145+0000] {dag.py:2690} INFO - Sync 2 DAGs
[2025-08-27T06:12:38.156+0000] {logging_mixin.py:137} INFO - [2025-08-27T06:12:38.156+0000] {dag.py:3441} INFO - Setting next_dagrun for example_xcom_args to None, run_after=None
[2025-08-27T06:12:38.159+0000] {logging_mixin.py:137} INFO - [2025-08-27T06:12:38.159+0000] {dag.py:3441} INFO - Setting next_dagrun for example_xcom_args_with_operators to None, run_after=None
[2025-08-27T06:12:38.168+0000] {processor.py:175} INFO - Processing /home/airflow/.local/lib/python3.7/site-packages/airflow/example_dags/example_xcomargs.py took 0.050 seconds
[2025-08-27T06:55:19.821+0000] {processor.py:153} INFO - Started process (PID=20461) to work on /home/airflow/.local/lib/python3.7/site-packages/airflow/example_dags/example_xcomargs.py
[2025-08-27T06:55:19.821+0000] {processor.py:743} INFO - Processing file /home/airflow/.local/lib/python3.7/site-packages/airflow/example_dags/example_xcomargs.py for tasks to queue
[2025-08-27T06:55:19.822+0000] {logging_mixin.py:137} INFO - [2025-08-27T06:55:19.822+0000] {dagbag.py:538} INFO - Filling up the DagBag from /home/airflow/.local/lib/python3.7/site-packages/airflow/example_dags/example_xcomargs.py
[2025-08-27T06:55:19.832+0000] {processor.py:753} INFO - DAG(s) dict_keys(['example_xcom_args', 'example_xcom_args_with_operators']) retrieved from /home/airflow/.local/lib/python3.7/site-packages/airflow/example_dags/example_xcomargs.py
[2025-08-27T06:55:19.846+0000] {logging_mixin.py:137} INFO - [2025-08-27T06:55:19.846+0000] {dag.py:2690} INFO - Sync 2 DAGs
[2025-08-27T06:55:19.855+0000] {logging_mixin.py:137} INFO - [2025-08-27T06:55:19.855+0000] {dag.py:3441} INFO - Setting next_dagrun for example_xcom_args to None, run_after=None
[2025-08-27T06:55:19.856+0000] {logging_mixin.py:137} INFO - [2025-08-27T06:55:19.856+0000] {dag.py:3441} INFO - Setting next_dagrun for example_xcom_args_with_operators to None, run_after=None
[2025-08-27T06:55:19.862+0000] {processor.py:175} INFO - Processing /home/airflow/.local/lib/python3.7/site-packages/airflow/example_dags/example_xcomargs.py took 0.043 seconds
[2025-08-27T07:53:53.220+0000] {processor.py:153} INFO - Started process (PID=20561) to work on /home/airflow/.local/lib/python3.7/site-packages/airflow/example_dags/example_xcomargs.py
[2025-08-27T07:53:53.221+0000] {processor.py:743} INFO - Processing file /home/airflow/.local/lib/python3.7/site-packages/airflow/example_dags/example_xcomargs.py for tasks to queue
[2025-08-27T07:53:53.221+0000] {logging_mixin.py:137} INFO - [2025-08-27T07:53:53.221+0000] {dagbag.py:538} INFO - Filling up the DagBag from /home/airflow/.local/lib/python3.7/site-packages/airflow/example_dags/example_xcomargs.py
[2025-08-27T07:53:53.234+0000] {processor.py:753} INFO - DAG(s) dict_keys(['example_xcom_args', 'example_xcom_args_with_operators']) retrieved from /home/airflow/.local/lib/python3.7/site-packages/airflow/example_dags/example_xcomargs.py
[2025-08-27T07:53:53.253+0000] {logging_mixin.py:137} INFO - [2025-08-27T07:53:53.253+0000] {dag.py:2690} INFO - Sync 2 DAGs
[2025-08-27T07:53:53.264+0000] {logging_mixin.py:137} INFO - [2025-08-27T07:53:53.264+0000] {dag.py:3441} INFO - Setting next_dagrun for example_xcom_args to None, run_after=None
[2025-08-27T07:53:53.266+0000] {logging_mixin.py:137} INFO - [2025-08-27T07:53:53.266+0000] {dag.py:3441} INFO - Setting next_dagrun for example_xcom_args_with_operators to None, run_after=None
[2025-08-27T07:53:53.272+0000] {processor.py:175} INFO - Processing /home/airflow/.local/lib/python3.7/site-packages/airflow/example_dags/example_xcomargs.py took 0.054 seconds
[2025-08-27T08:23:40.204+0000] {processor.py:153} INFO - Started process (PID=20641) to work on /home/airflow/.local/lib/python3.7/site-packages/airflow/example_dags/example_xcomargs.py
[2025-08-27T08:23:40.205+0000] {processor.py:743} INFO - Processing file /home/airflow/.local/lib/python3.7/site-packages/airflow/example_dags/example_xcomargs.py for tasks to queue
[2025-08-27T08:23:40.205+0000] {logging_mixin.py:137} INFO - [2025-08-27T08:23:40.205+0000] {dagbag.py:538} INFO - Filling up the DagBag from /home/airflow/.local/lib/python3.7/site-packages/airflow/example_dags/example_xcomargs.py
[2025-08-27T08:23:40.215+0000] {processor.py:753} INFO - DAG(s) dict_keys(['example_xcom_args', 'example_xcom_args_with_operators']) retrieved from /home/airflow/.local/lib/python3.7/site-packages/airflow/example_dags/example_xcomargs.py
[2025-08-27T08:23:40.227+0000] {logging_mixin.py:137} INFO - [2025-08-27T08:23:40.227+0000] {dag.py:2690} INFO - Sync 2 DAGs
[2025-08-27T08:23:40.237+0000] {logging_mixin.py:137} INFO - [2025-08-27T08:23:40.237+0000] {dag.py:3441} INFO - Setting next_dagrun for example_xcom_args to None, run_after=None
[2025-08-27T08:23:40.239+0000] {logging_mixin.py:137} INFO - [2025-08-27T08:23:40.239+0000] {dag.py:3441} INFO - Setting next_dagrun for example_xcom_args_with_operators to None, run_after=None
[2025-08-27T08:23:40.245+0000] {processor.py:175} INFO - Processing /home/airflow/.local/lib/python3.7/site-packages/airflow/example_dags/example_xcomargs.py took 0.042 seconds
[2025-08-27T09:35:51.455+0000] {processor.py:153} INFO - Started process (PID=20741) to work on /home/airflow/.local/lib/python3.7/site-packages/airflow/example_dags/example_xcomargs.py
[2025-08-27T09:35:51.455+0000] {processor.py:743} INFO - Processing file /home/airflow/.local/lib/python3.7/site-packages/airflow/example_dags/example_xcomargs.py for tasks to queue
[2025-08-27T09:35:51.456+0000] {logging_mixin.py:137} INFO - [2025-08-27T09:35:51.456+0000] {dagbag.py:538} INFO - Filling up the DagBag from /home/airflow/.local/lib/python3.7/site-packages/airflow/example_dags/example_xcomargs.py
[2025-08-27T09:35:51.467+0000] {processor.py:753} INFO - DAG(s) dict_keys(['example_xcom_args_with_operators', 'example_xcom_args']) retrieved from /home/airflow/.local/lib/python3.7/site-packages/airflow/example_dags/example_xcomargs.py
[2025-08-27T09:35:51.481+0000] {logging_mixin.py:137} INFO - [2025-08-27T09:35:51.480+0000] {dag.py:2690} INFO - Sync 2 DAGs
[2025-08-27T09:35:51.491+0000] {logging_mixin.py:137} INFO - [2025-08-27T09:35:51.491+0000] {dag.py:3441} INFO - Setting next_dagrun for example_xcom_args to None, run_after=None
[2025-08-27T09:35:51.493+0000] {logging_mixin.py:137} INFO - [2025-08-27T09:35:51.493+0000] {dag.py:3441} INFO - Setting next_dagrun for example_xcom_args_with_operators to None, run_after=None
[2025-08-27T09:35:51.500+0000] {processor.py:175} INFO - Processing /home/airflow/.local/lib/python3.7/site-packages/airflow/example_dags/example_xcomargs.py took 0.046 seconds
[2025-08-27T09:36:50.318+0000] {processor.py:153} INFO - Started process (PID=20841) to work on /home/airflow/.local/lib/python3.7/site-packages/airflow/example_dags/example_xcomargs.py
[2025-08-27T09:36:50.319+0000] {processor.py:743} INFO - Processing file /home/airflow/.local/lib/python3.7/site-packages/airflow/example_dags/example_xcomargs.py for tasks to queue
[2025-08-27T09:36:50.319+0000] {logging_mixin.py:137} INFO - [2025-08-27T09:36:50.319+0000] {dagbag.py:538} INFO - Filling up the DagBag from /home/airflow/.local/lib/python3.7/site-packages/airflow/example_dags/example_xcomargs.py
[2025-08-27T09:36:50.330+0000] {processor.py:753} INFO - DAG(s) dict_keys(['example_xcom_args_with_operators', 'example_xcom_args']) retrieved from /home/airflow/.local/lib/python3.7/site-packages/airflow/example_dags/example_xcomargs.py
[2025-08-27T09:36:50.342+0000] {logging_mixin.py:137} INFO - [2025-08-27T09:36:50.342+0000] {dag.py:2690} INFO - Sync 2 DAGs
[2025-08-27T09:36:50.352+0000] {logging_mixin.py:137} INFO - [2025-08-27T09:36:50.352+0000] {dag.py:3441} INFO - Setting next_dagrun for example_xcom_args to None, run_after=None
[2025-08-27T09:36:50.353+0000] {logging_mixin.py:137} INFO - [2025-08-27T09:36:50.353+0000] {dag.py:3441} INFO - Setting next_dagrun for example_xcom_args_with_operators to None, run_after=None
[2025-08-27T09:36:50.361+0000] {processor.py:175} INFO - Processing /home/airflow/.local/lib/python3.7/site-packages/airflow/example_dags/example_xcomargs.py took 0.044 seconds
[2025-08-27T09:38:53.489+0000] {processor.py:153} INFO - Started process (PID=20941) to work on /home/airflow/.local/lib/python3.7/site-packages/airflow/example_dags/example_xcomargs.py
[2025-08-27T09:38:53.489+0000] {processor.py:743} INFO - Processing file /home/airflow/.local/lib/python3.7/site-packages/airflow/example_dags/example_xcomargs.py for tasks to queue
[2025-08-27T09:38:53.489+0000] {logging_mixin.py:137} INFO - [2025-08-27T09:38:53.489+0000] {dagbag.py:538} INFO - Filling up the DagBag from /home/airflow/.local/lib/python3.7/site-packages/airflow/example_dags/example_xcomargs.py
[2025-08-27T09:38:53.499+0000] {processor.py:753} INFO - DAG(s) dict_keys(['example_xcom_args_with_operators', 'example_xcom_args']) retrieved from /home/airflow/.local/lib/python3.7/site-packages/airflow/example_dags/example_xcomargs.py
[2025-08-27T09:38:53.511+0000] {logging_mixin.py:137} INFO - [2025-08-27T09:38:53.511+0000] {dag.py:2690} INFO - Sync 2 DAGs
[2025-08-27T09:38:53.522+0000] {logging_mixin.py:137} INFO - [2025-08-27T09:38:53.522+0000] {dag.py:3441} INFO - Setting next_dagrun for example_xcom_args to None, run_after=None
[2025-08-27T09:38:53.523+0000] {logging_mixin.py:137} INFO - [2025-08-27T09:38:53.523+0000] {dag.py:3441} INFO - Setting next_dagrun for example_xcom_args_with_operators to None, run_after=None
[2025-08-27T09:38:53.529+0000] {processor.py:175} INFO - Processing /home/airflow/.local/lib/python3.7/site-packages/airflow/example_dags/example_xcomargs.py took 0.042 seconds
[2025-08-27T09:39:39.659+0000] {processor.py:153} INFO - Started process (PID=21021) to work on /home/airflow/.local/lib/python3.7/site-packages/airflow/example_dags/example_xcomargs.py
[2025-08-27T09:39:39.660+0000] {processor.py:743} INFO - Processing file /home/airflow/.local/lib/python3.7/site-packages/airflow/example_dags/example_xcomargs.py for tasks to queue
[2025-08-27T09:39:39.660+0000] {logging_mixin.py:137} INFO - [2025-08-27T09:39:39.660+0000] {dagbag.py:538} INFO - Filling up the DagBag from /home/airflow/.local/lib/python3.7/site-packages/airflow/example_dags/example_xcomargs.py
[2025-08-27T09:39:39.670+0000] {processor.py:753} INFO - DAG(s) dict_keys(['example_xcom_args_with_operators', 'example_xcom_args']) retrieved from /home/airflow/.local/lib/python3.7/site-packages/airflow/example_dags/example_xcomargs.py
[2025-08-27T09:39:39.682+0000] {logging_mixin.py:137} INFO - [2025-08-27T09:39:39.682+0000] {dag.py:2690} INFO - Sync 2 DAGs
[2025-08-27T09:39:39.693+0000] {logging_mixin.py:137} INFO - [2025-08-27T09:39:39.693+0000] {dag.py:3441} INFO - Setting next_dagrun for example_xcom_args to None, run_after=None
[2025-08-27T09:39:39.694+0000] {logging_mixin.py:137} INFO - [2025-08-27T09:39:39.694+0000] {dag.py:3441} INFO - Setting next_dagrun for example_xcom_args_with_operators to None, run_after=None
[2025-08-27T09:39:39.700+0000] {processor.py:175} INFO - Processing /home/airflow/.local/lib/python3.7/site-packages/airflow/example_dags/example_xcomargs.py took 0.042 seconds
[2025-08-27T09:50:07.161+0000] {processor.py:153} INFO - Started process (PID=21121) to work on /home/airflow/.local/lib/python3.7/site-packages/airflow/example_dags/example_xcomargs.py
[2025-08-27T09:50:07.161+0000] {processor.py:743} INFO - Processing file /home/airflow/.local/lib/python3.7/site-packages/airflow/example_dags/example_xcomargs.py for tasks to queue
[2025-08-27T09:50:07.161+0000] {logging_mixin.py:137} INFO - [2025-08-27T09:50:07.161+0000] {dagbag.py:538} INFO - Filling up the DagBag from /home/airflow/.local/lib/python3.7/site-packages/airflow/example_dags/example_xcomargs.py
[2025-08-27T09:50:07.171+0000] {processor.py:753} INFO - DAG(s) dict_keys(['example_xcom_args', 'example_xcom_args_with_operators']) retrieved from /home/airflow/.local/lib/python3.7/site-packages/airflow/example_dags/example_xcomargs.py
[2025-08-27T09:50:07.184+0000] {logging_mixin.py:137} INFO - [2025-08-27T09:50:07.184+0000] {dag.py:2690} INFO - Sync 2 DAGs
[2025-08-27T09:50:07.193+0000] {logging_mixin.py:137} INFO - [2025-08-27T09:50:07.193+0000] {dag.py:3441} INFO - Setting next_dagrun for example_xcom_args to None, run_after=None
[2025-08-27T09:50:07.194+0000] {logging_mixin.py:137} INFO - [2025-08-27T09:50:07.194+0000] {dag.py:3441} INFO - Setting next_dagrun for example_xcom_args_with_operators to None, run_after=None
[2025-08-27T09:50:07.200+0000] {processor.py:175} INFO - Processing /home/airflow/.local/lib/python3.7/site-packages/airflow/example_dags/example_xcomargs.py took 0.041 seconds
[2025-08-27T11:12:47.126+0000] {processor.py:153} INFO - Started process (PID=21221) to work on /home/airflow/.local/lib/python3.7/site-packages/airflow/example_dags/example_xcomargs.py
[2025-08-27T11:12:47.127+0000] {processor.py:743} INFO - Processing file /home/airflow/.local/lib/python3.7/site-packages/airflow/example_dags/example_xcomargs.py for tasks to queue
[2025-08-27T11:12:47.127+0000] {logging_mixin.py:137} INFO - [2025-08-27T11:12:47.127+0000] {dagbag.py:538} INFO - Filling up the DagBag from /home/airflow/.local/lib/python3.7/site-packages/airflow/example_dags/example_xcomargs.py
[2025-08-27T11:12:47.138+0000] {processor.py:753} INFO - DAG(s) dict_keys(['example_xcom_args', 'example_xcom_args_with_operators']) retrieved from /home/airflow/.local/lib/python3.7/site-packages/airflow/example_dags/example_xcomargs.py
[2025-08-27T11:12:47.150+0000] {logging_mixin.py:137} INFO - [2025-08-27T11:12:47.150+0000] {dag.py:2690} INFO - Sync 2 DAGs
[2025-08-27T11:12:47.160+0000] {logging_mixin.py:137} INFO - [2025-08-27T11:12:47.160+0000] {dag.py:3441} INFO - Setting next_dagrun for example_xcom_args to None, run_after=None
[2025-08-27T11:12:47.162+0000] {logging_mixin.py:137} INFO - [2025-08-27T11:12:47.162+0000] {dag.py:3441} INFO - Setting next_dagrun for example_xcom_args_with_operators to None, run_after=None
[2025-08-27T11:12:47.169+0000] {processor.py:175} INFO - Processing /home/airflow/.local/lib/python3.7/site-packages/airflow/example_dags/example_xcomargs.py took 0.044 seconds
[2025-08-27T11:34:32.093+0000] {processor.py:153} INFO - Started process (PID=21301) to work on /home/airflow/.local/lib/python3.7/site-packages/airflow/example_dags/example_xcomargs.py
[2025-08-27T11:34:32.093+0000] {processor.py:743} INFO - Processing file /home/airflow/.local/lib/python3.7/site-packages/airflow/example_dags/example_xcomargs.py for tasks to queue
[2025-08-27T11:34:32.094+0000] {logging_mixin.py:137} INFO - [2025-08-27T11:34:32.094+0000] {dagbag.py:538} INFO - Filling up the DagBag from /home/airflow/.local/lib/python3.7/site-packages/airflow/example_dags/example_xcomargs.py
[2025-08-27T11:34:32.110+0000] {processor.py:753} INFO - DAG(s) dict_keys(['example_xcom_args_with_operators', 'example_xcom_args']) retrieved from /home/airflow/.local/lib/python3.7/site-packages/airflow/example_dags/example_xcomargs.py
[2025-08-27T11:34:32.132+0000] {logging_mixin.py:137} INFO - [2025-08-27T11:34:32.132+0000] {dag.py:2690} INFO - Sync 2 DAGs
[2025-08-27T11:34:32.157+0000] {logging_mixin.py:137} INFO - [2025-08-27T11:34:32.157+0000] {dag.py:3441} INFO - Setting next_dagrun for example_xcom_args to None, run_after=None
[2025-08-27T11:34:32.160+0000] {logging_mixin.py:137} INFO - [2025-08-27T11:34:32.160+0000] {dag.py:3441} INFO - Setting next_dagrun for example_xcom_args_with_operators to None, run_after=None
[2025-08-27T11:34:32.172+0000] {processor.py:175} INFO - Processing /home/airflow/.local/lib/python3.7/site-packages/airflow/example_dags/example_xcomargs.py took 0.081 seconds
[2025-08-27T11:51:14.053+0000] {processor.py:153} INFO - Started process (PID=21401) to work on /home/airflow/.local/lib/python3.7/site-packages/airflow/example_dags/example_xcomargs.py
[2025-08-27T11:51:14.054+0000] {processor.py:743} INFO - Processing file /home/airflow/.local/lib/python3.7/site-packages/airflow/example_dags/example_xcomargs.py for tasks to queue
[2025-08-27T11:51:14.054+0000] {logging_mixin.py:137} INFO - [2025-08-27T11:51:14.054+0000] {dagbag.py:538} INFO - Filling up the DagBag from /home/airflow/.local/lib/python3.7/site-packages/airflow/example_dags/example_xcomargs.py
[2025-08-27T11:51:14.066+0000] {processor.py:753} INFO - DAG(s) dict_keys(['example_xcom_args', 'example_xcom_args_with_operators']) retrieved from /home/airflow/.local/lib/python3.7/site-packages/airflow/example_dags/example_xcomargs.py
[2025-08-27T11:51:14.080+0000] {logging_mixin.py:137} INFO - [2025-08-27T11:51:14.080+0000] {dag.py:2690} INFO - Sync 2 DAGs
[2025-08-27T11:51:14.091+0000] {logging_mixin.py:137} INFO - [2025-08-27T11:51:14.091+0000] {dag.py:3441} INFO - Setting next_dagrun for example_xcom_args to None, run_after=None
[2025-08-27T11:51:14.093+0000] {logging_mixin.py:137} INFO - [2025-08-27T11:51:14.093+0000] {dag.py:3441} INFO - Setting next_dagrun for example_xcom_args_with_operators to None, run_after=None
[2025-08-27T11:51:14.100+0000] {processor.py:175} INFO - Processing /home/airflow/.local/lib/python3.7/site-packages/airflow/example_dags/example_xcomargs.py took 0.049 seconds
[2025-08-27T11:53:12.523+0000] {processor.py:153} INFO - Started process (PID=21501) to work on /home/airflow/.local/lib/python3.7/site-packages/airflow/example_dags/example_xcomargs.py
[2025-08-27T11:53:12.523+0000] {processor.py:743} INFO - Processing file /home/airflow/.local/lib/python3.7/site-packages/airflow/example_dags/example_xcomargs.py for tasks to queue
[2025-08-27T11:53:12.523+0000] {logging_mixin.py:137} INFO - [2025-08-27T11:53:12.523+0000] {dagbag.py:538} INFO - Filling up the DagBag from /home/airflow/.local/lib/python3.7/site-packages/airflow/example_dags/example_xcomargs.py
[2025-08-27T11:53:12.533+0000] {processor.py:753} INFO - DAG(s) dict_keys(['example_xcom_args', 'example_xcom_args_with_operators']) retrieved from /home/airflow/.local/lib/python3.7/site-packages/airflow/example_dags/example_xcomargs.py
[2025-08-27T11:53:12.545+0000] {logging_mixin.py:137} INFO - [2025-08-27T11:53:12.545+0000] {dag.py:2690} INFO - Sync 2 DAGs
[2025-08-27T11:53:12.554+0000] {logging_mixin.py:137} INFO - [2025-08-27T11:53:12.554+0000] {dag.py:3441} INFO - Setting next_dagrun for example_xcom_args to None, run_after=None
[2025-08-27T11:53:12.555+0000] {logging_mixin.py:137} INFO - [2025-08-27T11:53:12.555+0000] {dag.py:3441} INFO - Setting next_dagrun for example_xcom_args_with_operators to None, run_after=None
[2025-08-27T11:53:12.561+0000] {processor.py:175} INFO - Processing /home/airflow/.local/lib/python3.7/site-packages/airflow/example_dags/example_xcomargs.py took 0.041 seconds
[2025-08-27T11:58:54.260+0000] {processor.py:153} INFO - Started process (PID=21601) to work on /home/airflow/.local/lib/python3.7/site-packages/airflow/example_dags/example_xcomargs.py
[2025-08-27T11:58:54.261+0000] {processor.py:743} INFO - Processing file /home/airflow/.local/lib/python3.7/site-packages/airflow/example_dags/example_xcomargs.py for tasks to queue
[2025-08-27T11:58:54.261+0000] {logging_mixin.py:137} INFO - [2025-08-27T11:58:54.261+0000] {dagbag.py:538} INFO - Filling up the DagBag from /home/airflow/.local/lib/python3.7/site-packages/airflow/example_dags/example_xcomargs.py
[2025-08-27T11:58:54.272+0000] {processor.py:753} INFO - DAG(s) dict_keys(['example_xcom_args_with_operators', 'example_xcom_args']) retrieved from /home/airflow/.local/lib/python3.7/site-packages/airflow/example_dags/example_xcomargs.py
[2025-08-27T11:58:54.285+0000] {logging_mixin.py:137} INFO - [2025-08-27T11:58:54.285+0000] {dag.py:2690} INFO - Sync 2 DAGs
[2025-08-27T11:58:54.297+0000] {logging_mixin.py:137} INFO - [2025-08-27T11:58:54.297+0000] {dag.py:3441} INFO - Setting next_dagrun for example_xcom_args to None, run_after=None
[2025-08-27T11:58:54.299+0000] {logging_mixin.py:137} INFO - [2025-08-27T11:58:54.299+0000] {dag.py:3441} INFO - Setting next_dagrun for example_xcom_args_with_operators to None, run_after=None
[2025-08-27T11:58:54.305+0000] {processor.py:175} INFO - Processing /home/airflow/.local/lib/python3.7/site-packages/airflow/example_dags/example_xcomargs.py took 0.046 seconds
[2025-08-27T12:11:21.135+0000] {processor.py:153} INFO - Started process (PID=21681) to work on /home/airflow/.local/lib/python3.7/site-packages/airflow/example_dags/example_xcomargs.py
[2025-08-27T12:11:21.136+0000] {processor.py:743} INFO - Processing file /home/airflow/.local/lib/python3.7/site-packages/airflow/example_dags/example_xcomargs.py for tasks to queue
[2025-08-27T12:11:21.136+0000] {logging_mixin.py:137} INFO - [2025-08-27T12:11:21.136+0000] {dagbag.py:538} INFO - Filling up the DagBag from /home/airflow/.local/lib/python3.7/site-packages/airflow/example_dags/example_xcomargs.py
[2025-08-27T12:11:21.145+0000] {processor.py:753} INFO - DAG(s) dict_keys(['example_xcom_args_with_operators', 'example_xcom_args']) retrieved from /home/airflow/.local/lib/python3.7/site-packages/airflow/example_dags/example_xcomargs.py
[2025-08-27T12:11:21.156+0000] {logging_mixin.py:137} INFO - [2025-08-27T12:11:21.156+0000] {dag.py:2690} INFO - Sync 2 DAGs
[2025-08-27T12:11:21.165+0000] {logging_mixin.py:137} INFO - [2025-08-27T12:11:21.165+0000] {dag.py:3441} INFO - Setting next_dagrun for example_xcom_args to None, run_after=None
[2025-08-27T12:11:21.167+0000] {logging_mixin.py:137} INFO - [2025-08-27T12:11:21.167+0000] {dag.py:3441} INFO - Setting next_dagrun for example_xcom_args_with_operators to None, run_after=None
[2025-08-27T12:11:21.173+0000] {processor.py:175} INFO - Processing /home/airflow/.local/lib/python3.7/site-packages/airflow/example_dags/example_xcomargs.py took 0.039 seconds
[2025-08-27T12:14:25.636+0000] {processor.py:153} INFO - Started process (PID=21781) to work on /home/airflow/.local/lib/python3.7/site-packages/airflow/example_dags/example_xcomargs.py
[2025-08-27T12:14:25.636+0000] {processor.py:743} INFO - Processing file /home/airflow/.local/lib/python3.7/site-packages/airflow/example_dags/example_xcomargs.py for tasks to queue
[2025-08-27T12:14:25.636+0000] {logging_mixin.py:137} INFO - [2025-08-27T12:14:25.636+0000] {dagbag.py:538} INFO - Filling up the DagBag from /home/airflow/.local/lib/python3.7/site-packages/airflow/example_dags/example_xcomargs.py
[2025-08-27T12:14:25.647+0000] {processor.py:753} INFO - DAG(s) dict_keys(['example_xcom_args_with_operators', 'example_xcom_args']) retrieved from /home/airflow/.local/lib/python3.7/site-packages/airflow/example_dags/example_xcomargs.py
[2025-08-27T12:14:25.659+0000] {logging_mixin.py:137} INFO - [2025-08-27T12:14:25.659+0000] {dag.py:2690} INFO - Sync 2 DAGs
[2025-08-27T12:14:25.668+0000] {logging_mixin.py:137} INFO - [2025-08-27T12:14:25.668+0000] {dag.py:3441} INFO - Setting next_dagrun for example_xcom_args to None, run_after=None
[2025-08-27T12:14:25.670+0000] {logging_mixin.py:137} INFO - [2025-08-27T12:14:25.670+0000] {dag.py:3441} INFO - Setting next_dagrun for example_xcom_args_with_operators to None, run_after=None
[2025-08-27T12:14:25.675+0000] {processor.py:175} INFO - Processing /home/airflow/.local/lib/python3.7/site-packages/airflow/example_dags/example_xcomargs.py took 0.041 seconds
[2025-08-27T12:27:58.192+0000] {processor.py:153} INFO - Started process (PID=21881) to work on /home/airflow/.local/lib/python3.7/site-packages/airflow/example_dags/example_xcomargs.py
[2025-08-27T12:27:58.192+0000] {processor.py:743} INFO - Processing file /home/airflow/.local/lib/python3.7/site-packages/airflow/example_dags/example_xcomargs.py for tasks to queue
[2025-08-27T12:27:58.192+0000] {logging_mixin.py:137} INFO - [2025-08-27T12:27:58.192+0000] {dagbag.py:538} INFO - Filling up the DagBag from /home/airflow/.local/lib/python3.7/site-packages/airflow/example_dags/example_xcomargs.py
[2025-08-27T12:27:58.202+0000] {processor.py:753} INFO - DAG(s) dict_keys(['example_xcom_args_with_operators', 'example_xcom_args']) retrieved from /home/airflow/.local/lib/python3.7/site-packages/airflow/example_dags/example_xcomargs.py
[2025-08-27T12:27:58.213+0000] {logging_mixin.py:137} INFO - [2025-08-27T12:27:58.213+0000] {dag.py:2690} INFO - Sync 2 DAGs
[2025-08-27T12:27:58.223+0000] {logging_mixin.py:137} INFO - [2025-08-27T12:27:58.223+0000] {dag.py:3441} INFO - Setting next_dagrun for example_xcom_args to None, run_after=None
[2025-08-27T12:27:58.224+0000] {logging_mixin.py:137} INFO - [2025-08-27T12:27:58.224+0000] {dag.py:3441} INFO - Setting next_dagrun for example_xcom_args_with_operators to None, run_after=None
[2025-08-27T12:27:58.232+0000] {processor.py:175} INFO - Processing /home/airflow/.local/lib/python3.7/site-packages/airflow/example_dags/example_xcomargs.py took 0.042 seconds
[2025-08-27T12:38:26.229+0000] {processor.py:153} INFO - Started process (PID=21970) to work on /home/airflow/.local/lib/python3.7/site-packages/airflow/example_dags/example_xcomargs.py
[2025-08-27T12:38:26.229+0000] {processor.py:743} INFO - Processing file /home/airflow/.local/lib/python3.7/site-packages/airflow/example_dags/example_xcomargs.py for tasks to queue
[2025-08-27T12:38:26.230+0000] {logging_mixin.py:137} INFO - [2025-08-27T12:38:26.230+0000] {dagbag.py:538} INFO - Filling up the DagBag from /home/airflow/.local/lib/python3.7/site-packages/airflow/example_dags/example_xcomargs.py
[2025-08-27T12:38:26.240+0000] {processor.py:753} INFO - DAG(s) dict_keys(['example_xcom_args', 'example_xcom_args_with_operators']) retrieved from /home/airflow/.local/lib/python3.7/site-packages/airflow/example_dags/example_xcomargs.py
[2025-08-27T12:38:26.255+0000] {logging_mixin.py:137} INFO - [2025-08-27T12:38:26.255+0000] {dag.py:2690} INFO - Sync 2 DAGs
[2025-08-27T12:38:26.265+0000] {logging_mixin.py:137} INFO - [2025-08-27T12:38:26.265+0000] {dag.py:3441} INFO - Setting next_dagrun for example_xcom_args to None, run_after=None
[2025-08-27T12:38:26.269+0000] {logging_mixin.py:137} INFO - [2025-08-27T12:38:26.269+0000] {dag.py:3441} INFO - Setting next_dagrun for example_xcom_args_with_operators to None, run_after=None
[2025-08-27T12:38:26.278+0000] {processor.py:175} INFO - Processing /home/airflow/.local/lib/python3.7/site-packages/airflow/example_dags/example_xcomargs.py took 0.051 seconds
[2025-08-27T12:57:13.182+0000] {processor.py:153} INFO - Started process (PID=22061) to work on /home/airflow/.local/lib/python3.7/site-packages/airflow/example_dags/example_xcomargs.py
[2025-08-27T12:57:13.183+0000] {processor.py:743} INFO - Processing file /home/airflow/.local/lib/python3.7/site-packages/airflow/example_dags/example_xcomargs.py for tasks to queue
[2025-08-27T12:57:13.183+0000] {logging_mixin.py:137} INFO - [2025-08-27T12:57:13.183+0000] {dagbag.py:538} INFO - Filling up the DagBag from /home/airflow/.local/lib/python3.7/site-packages/airflow/example_dags/example_xcomargs.py
[2025-08-27T12:57:13.194+0000] {processor.py:753} INFO - DAG(s) dict_keys(['example_xcom_args', 'example_xcom_args_with_operators']) retrieved from /home/airflow/.local/lib/python3.7/site-packages/airflow/example_dags/example_xcomargs.py
[2025-08-27T12:57:13.207+0000] {logging_mixin.py:137} INFO - [2025-08-27T12:57:13.207+0000] {dag.py:2690} INFO - Sync 2 DAGs
[2025-08-27T12:57:13.218+0000] {logging_mixin.py:137} INFO - [2025-08-27T12:57:13.218+0000] {dag.py:3441} INFO - Setting next_dagrun for example_xcom_args to None, run_after=None
[2025-08-27T12:57:13.223+0000] {logging_mixin.py:137} INFO - [2025-08-27T12:57:13.223+0000] {dag.py:3441} INFO - Setting next_dagrun for example_xcom_args_with_operators to None, run_after=None
[2025-08-27T12:57:13.229+0000] {processor.py:175} INFO - Processing /home/airflow/.local/lib/python3.7/site-packages/airflow/example_dags/example_xcomargs.py took 0.049 seconds
[2025-08-27T12:57:43.525+0000] {processor.py:153} INFO - Started process (PID=22161) to work on /home/airflow/.local/lib/python3.7/site-packages/airflow/example_dags/example_xcomargs.py
[2025-08-27T12:57:43.526+0000] {processor.py:743} INFO - Processing file /home/airflow/.local/lib/python3.7/site-packages/airflow/example_dags/example_xcomargs.py for tasks to queue
[2025-08-27T12:57:43.526+0000] {logging_mixin.py:137} INFO - [2025-08-27T12:57:43.526+0000] {dagbag.py:538} INFO - Filling up the DagBag from /home/airflow/.local/lib/python3.7/site-packages/airflow/example_dags/example_xcomargs.py
[2025-08-27T12:57:43.537+0000] {processor.py:753} INFO - DAG(s) dict_keys(['example_xcom_args_with_operators', 'example_xcom_args']) retrieved from /home/airflow/.local/lib/python3.7/site-packages/airflow/example_dags/example_xcomargs.py
[2025-08-27T12:57:43.549+0000] {logging_mixin.py:137} INFO - [2025-08-27T12:57:43.549+0000] {dag.py:2690} INFO - Sync 2 DAGs
[2025-08-27T12:57:43.558+0000] {logging_mixin.py:137} INFO - [2025-08-27T12:57:43.558+0000] {dag.py:3441} INFO - Setting next_dagrun for example_xcom_args to None, run_after=None
[2025-08-27T12:57:43.560+0000] {logging_mixin.py:137} INFO - [2025-08-27T12:57:43.560+0000] {dag.py:3441} INFO - Setting next_dagrun for example_xcom_args_with_operators to None, run_after=None
[2025-08-27T12:57:43.566+0000] {processor.py:175} INFO - Processing /home/airflow/.local/lib/python3.7/site-packages/airflow/example_dags/example_xcomargs.py took 0.042 seconds
[2025-08-27T13:27:11.524+0000] {processor.py:153} INFO - Started process (PID=22261) to work on /home/airflow/.local/lib/python3.7/site-packages/airflow/example_dags/example_xcomargs.py
[2025-08-27T13:27:11.524+0000] {processor.py:743} INFO - Processing file /home/airflow/.local/lib/python3.7/site-packages/airflow/example_dags/example_xcomargs.py for tasks to queue
[2025-08-27T13:27:11.525+0000] {logging_mixin.py:137} INFO - [2025-08-27T13:27:11.525+0000] {dagbag.py:538} INFO - Filling up the DagBag from /home/airflow/.local/lib/python3.7/site-packages/airflow/example_dags/example_xcomargs.py
[2025-08-27T13:27:11.545+0000] {processor.py:753} INFO - DAG(s) dict_keys(['example_xcom_args_with_operators', 'example_xcom_args']) retrieved from /home/airflow/.local/lib/python3.7/site-packages/airflow/example_dags/example_xcomargs.py
[2025-08-27T13:27:11.565+0000] {logging_mixin.py:137} INFO - [2025-08-27T13:27:11.565+0000] {dag.py:2690} INFO - Sync 2 DAGs
[2025-08-27T13:27:11.581+0000] {logging_mixin.py:137} INFO - [2025-08-27T13:27:11.581+0000] {dag.py:3441} INFO - Setting next_dagrun for example_xcom_args to None, run_after=None
[2025-08-27T13:27:11.584+0000] {logging_mixin.py:137} INFO - [2025-08-27T13:27:11.584+0000] {dag.py:3441} INFO - Setting next_dagrun for example_xcom_args_with_operators to None, run_after=None
[2025-08-27T13:27:11.594+0000] {processor.py:175} INFO - Processing /home/airflow/.local/lib/python3.7/site-packages/airflow/example_dags/example_xcomargs.py took 0.073 seconds
[2025-08-27T13:30:13.506+0000] {processor.py:153} INFO - Started process (PID=22341) to work on /home/airflow/.local/lib/python3.7/site-packages/airflow/example_dags/example_xcomargs.py
[2025-08-27T13:30:13.506+0000] {processor.py:743} INFO - Processing file /home/airflow/.local/lib/python3.7/site-packages/airflow/example_dags/example_xcomargs.py for tasks to queue
[2025-08-27T13:30:13.507+0000] {logging_mixin.py:137} INFO - [2025-08-27T13:30:13.507+0000] {dagbag.py:538} INFO - Filling up the DagBag from /home/airflow/.local/lib/python3.7/site-packages/airflow/example_dags/example_xcomargs.py
[2025-08-27T13:30:13.518+0000] {processor.py:753} INFO - DAG(s) dict_keys(['example_xcom_args', 'example_xcom_args_with_operators']) retrieved from /home/airflow/.local/lib/python3.7/site-packages/airflow/example_dags/example_xcomargs.py
[2025-08-27T13:30:13.532+0000] {logging_mixin.py:137} INFO - [2025-08-27T13:30:13.532+0000] {dag.py:2690} INFO - Sync 2 DAGs
[2025-08-27T13:30:13.544+0000] {logging_mixin.py:137} INFO - [2025-08-27T13:30:13.543+0000] {dag.py:3441} INFO - Setting next_dagrun for example_xcom_args to None, run_after=None
[2025-08-27T13:30:13.545+0000] {logging_mixin.py:137} INFO - [2025-08-27T13:30:13.545+0000] {dag.py:3441} INFO - Setting next_dagrun for example_xcom_args_with_operators to None, run_after=None
[2025-08-27T13:30:13.552+0000] {processor.py:175} INFO - Processing /home/airflow/.local/lib/python3.7/site-packages/airflow/example_dags/example_xcomargs.py took 0.048 seconds
[2025-08-27T13:37:07.599+0000] {processor.py:153} INFO - Started process (PID=22441) to work on /home/airflow/.local/lib/python3.7/site-packages/airflow/example_dags/example_xcomargs.py
[2025-08-27T13:37:07.603+0000] {processor.py:743} INFO - Processing file /home/airflow/.local/lib/python3.7/site-packages/airflow/example_dags/example_xcomargs.py for tasks to queue
[2025-08-27T13:37:07.603+0000] {logging_mixin.py:137} INFO - [2025-08-27T13:37:07.603+0000] {dagbag.py:538} INFO - Filling up the DagBag from /home/airflow/.local/lib/python3.7/site-packages/airflow/example_dags/example_xcomargs.py
[2025-08-27T13:37:07.613+0000] {processor.py:753} INFO - DAG(s) dict_keys(['example_xcom_args_with_operators', 'example_xcom_args']) retrieved from /home/airflow/.local/lib/python3.7/site-packages/airflow/example_dags/example_xcomargs.py
[2025-08-27T13:37:07.628+0000] {logging_mixin.py:137} INFO - [2025-08-27T13:37:07.628+0000] {dag.py:2690} INFO - Sync 2 DAGs
[2025-08-27T13:37:07.640+0000] {logging_mixin.py:137} INFO - [2025-08-27T13:37:07.640+0000] {dag.py:3441} INFO - Setting next_dagrun for example_xcom_args to None, run_after=None
[2025-08-27T13:37:07.644+0000] {logging_mixin.py:137} INFO - [2025-08-27T13:37:07.644+0000] {dag.py:3441} INFO - Setting next_dagrun for example_xcom_args_with_operators to None, run_after=None
[2025-08-27T13:37:07.651+0000] {processor.py:175} INFO - Processing /home/airflow/.local/lib/python3.7/site-packages/airflow/example_dags/example_xcomargs.py took 0.053 seconds
[2025-08-27T13:51:02.089+0000] {processor.py:153} INFO - Started process (PID=22541) to work on /home/airflow/.local/lib/python3.7/site-packages/airflow/example_dags/example_xcomargs.py
[2025-08-27T13:51:02.090+0000] {processor.py:743} INFO - Processing file /home/airflow/.local/lib/python3.7/site-packages/airflow/example_dags/example_xcomargs.py for tasks to queue
[2025-08-27T13:51:02.090+0000] {logging_mixin.py:137} INFO - [2025-08-27T13:51:02.090+0000] {dagbag.py:538} INFO - Filling up the DagBag from /home/airflow/.local/lib/python3.7/site-packages/airflow/example_dags/example_xcomargs.py
[2025-08-27T13:51:02.100+0000] {processor.py:753} INFO - DAG(s) dict_keys(['example_xcom_args_with_operators', 'example_xcom_args']) retrieved from /home/airflow/.local/lib/python3.7/site-packages/airflow/example_dags/example_xcomargs.py
[2025-08-27T13:51:02.112+0000] {logging_mixin.py:137} INFO - [2025-08-27T13:51:02.112+0000] {dag.py:2690} INFO - Sync 2 DAGs
[2025-08-27T13:51:02.121+0000] {logging_mixin.py:137} INFO - [2025-08-27T13:51:02.121+0000] {dag.py:3441} INFO - Setting next_dagrun for example_xcom_args to None, run_after=None
[2025-08-27T13:51:02.122+0000] {logging_mixin.py:137} INFO - [2025-08-27T13:51:02.122+0000] {dag.py:3441} INFO - Setting next_dagrun for example_xcom_args_with_operators to None, run_after=None
[2025-08-27T13:51:02.132+0000] {processor.py:175} INFO - Processing /home/airflow/.local/lib/python3.7/site-packages/airflow/example_dags/example_xcomargs.py took 0.044 seconds
[2025-08-27T14:01:06.986+0000] {processor.py:153} INFO - Started process (PID=22641) to work on /home/airflow/.local/lib/python3.7/site-packages/airflow/example_dags/example_xcomargs.py
[2025-08-27T14:01:06.986+0000] {processor.py:743} INFO - Processing file /home/airflow/.local/lib/python3.7/site-packages/airflow/example_dags/example_xcomargs.py for tasks to queue
[2025-08-27T14:01:06.987+0000] {logging_mixin.py:137} INFO - [2025-08-27T14:01:06.987+0000] {dagbag.py:538} INFO - Filling up the DagBag from /home/airflow/.local/lib/python3.7/site-packages/airflow/example_dags/example_xcomargs.py
[2025-08-27T14:01:07.004+0000] {processor.py:753} INFO - DAG(s) dict_keys(['example_xcom_args', 'example_xcom_args_with_operators']) retrieved from /home/airflow/.local/lib/python3.7/site-packages/airflow/example_dags/example_xcomargs.py
[2025-08-27T14:01:07.019+0000] {logging_mixin.py:137} INFO - [2025-08-27T14:01:07.019+0000] {dag.py:2690} INFO - Sync 2 DAGs
[2025-08-27T14:01:07.030+0000] {logging_mixin.py:137} INFO - [2025-08-27T14:01:07.030+0000] {dag.py:3441} INFO - Setting next_dagrun for example_xcom_args to None, run_after=None
[2025-08-27T14:01:07.032+0000] {logging_mixin.py:137} INFO - [2025-08-27T14:01:07.032+0000] {dag.py:3441} INFO - Setting next_dagrun for example_xcom_args_with_operators to None, run_after=None
[2025-08-27T14:01:07.040+0000] {processor.py:175} INFO - Processing /home/airflow/.local/lib/python3.7/site-packages/airflow/example_dags/example_xcomargs.py took 0.056 seconds
[2025-08-27T14:41:13.159+0000] {processor.py:153} INFO - Started process (PID=22721) to work on /home/airflow/.local/lib/python3.7/site-packages/airflow/example_dags/example_xcomargs.py
[2025-08-27T14:41:13.160+0000] {processor.py:743} INFO - Processing file /home/airflow/.local/lib/python3.7/site-packages/airflow/example_dags/example_xcomargs.py for tasks to queue
[2025-08-27T14:41:13.160+0000] {logging_mixin.py:137} INFO - [2025-08-27T14:41:13.160+0000] {dagbag.py:538} INFO - Filling up the DagBag from /home/airflow/.local/lib/python3.7/site-packages/airflow/example_dags/example_xcomargs.py
[2025-08-27T14:41:13.170+0000] {processor.py:753} INFO - DAG(s) dict_keys(['example_xcom_args', 'example_xcom_args_with_operators']) retrieved from /home/airflow/.local/lib/python3.7/site-packages/airflow/example_dags/example_xcomargs.py
[2025-08-27T14:41:13.183+0000] {logging_mixin.py:137} INFO - [2025-08-27T14:41:13.183+0000] {dag.py:2690} INFO - Sync 2 DAGs
[2025-08-27T14:41:13.197+0000] {logging_mixin.py:137} INFO - [2025-08-27T14:41:13.197+0000] {dag.py:3441} INFO - Setting next_dagrun for example_xcom_args to None, run_after=None
[2025-08-27T14:41:13.201+0000] {logging_mixin.py:137} INFO - [2025-08-27T14:41:13.201+0000] {dag.py:3441} INFO - Setting next_dagrun for example_xcom_args_with_operators to None, run_after=None
[2025-08-27T14:41:13.208+0000] {processor.py:175} INFO - Processing /home/airflow/.local/lib/python3.7/site-packages/airflow/example_dags/example_xcomargs.py took 0.050 seconds
[2025-08-27T14:43:55.161+0000] {processor.py:153} INFO - Started process (PID=22821) to work on /home/airflow/.local/lib/python3.7/site-packages/airflow/example_dags/example_xcomargs.py
[2025-08-27T14:43:55.161+0000] {processor.py:743} INFO - Processing file /home/airflow/.local/lib/python3.7/site-packages/airflow/example_dags/example_xcomargs.py for tasks to queue
[2025-08-27T14:43:55.164+0000] {logging_mixin.py:137} INFO - [2025-08-27T14:43:55.164+0000] {dagbag.py:538} INFO - Filling up the DagBag from /home/airflow/.local/lib/python3.7/site-packages/airflow/example_dags/example_xcomargs.py
[2025-08-27T14:43:55.174+0000] {processor.py:753} INFO - DAG(s) dict_keys(['example_xcom_args_with_operators', 'example_xcom_args']) retrieved from /home/airflow/.local/lib/python3.7/site-packages/airflow/example_dags/example_xcomargs.py
[2025-08-27T14:43:55.188+0000] {logging_mixin.py:137} INFO - [2025-08-27T14:43:55.188+0000] {dag.py:2690} INFO - Sync 2 DAGs
[2025-08-27T14:43:55.199+0000] {logging_mixin.py:137} INFO - [2025-08-27T14:43:55.199+0000] {dag.py:3441} INFO - Setting next_dagrun for example_xcom_args to None, run_after=None
[2025-08-27T14:43:55.200+0000] {logging_mixin.py:137} INFO - [2025-08-27T14:43:55.200+0000] {dag.py:3441} INFO - Setting next_dagrun for example_xcom_args_with_operators to None, run_after=None
[2025-08-27T14:43:55.208+0000] {processor.py:175} INFO - Processing /home/airflow/.local/lib/python3.7/site-packages/airflow/example_dags/example_xcomargs.py took 0.049 seconds
[2025-08-27T14:54:32.272+0000] {processor.py:153} INFO - Started process (PID=22921) to work on /home/airflow/.local/lib/python3.7/site-packages/airflow/example_dags/example_xcomargs.py
[2025-08-27T14:54:32.273+0000] {processor.py:743} INFO - Processing file /home/airflow/.local/lib/python3.7/site-packages/airflow/example_dags/example_xcomargs.py for tasks to queue
[2025-08-27T14:54:32.274+0000] {logging_mixin.py:137} INFO - [2025-08-27T14:54:32.274+0000] {dagbag.py:538} INFO - Filling up the DagBag from /home/airflow/.local/lib/python3.7/site-packages/airflow/example_dags/example_xcomargs.py
[2025-08-27T14:54:32.285+0000] {processor.py:753} INFO - DAG(s) dict_keys(['example_xcom_args', 'example_xcom_args_with_operators']) retrieved from /home/airflow/.local/lib/python3.7/site-packages/airflow/example_dags/example_xcomargs.py
[2025-08-27T14:54:32.297+0000] {logging_mixin.py:137} INFO - [2025-08-27T14:54:32.297+0000] {dag.py:2690} INFO - Sync 2 DAGs
[2025-08-27T14:54:32.307+0000] {logging_mixin.py:137} INFO - [2025-08-27T14:54:32.307+0000] {dag.py:3441} INFO - Setting next_dagrun for example_xcom_args to None, run_after=None
[2025-08-27T14:54:32.309+0000] {logging_mixin.py:137} INFO - [2025-08-27T14:54:32.308+0000] {dag.py:3441} INFO - Setting next_dagrun for example_xcom_args_with_operators to None, run_after=None
[2025-08-27T14:54:32.315+0000] {processor.py:175} INFO - Processing /home/airflow/.local/lib/python3.7/site-packages/airflow/example_dags/example_xcomargs.py took 0.044 seconds
[2025-08-27T15:01:39.879+0000] {processor.py:153} INFO - Started process (PID=23001) to work on /home/airflow/.local/lib/python3.7/site-packages/airflow/example_dags/example_xcomargs.py
[2025-08-27T15:01:39.880+0000] {processor.py:743} INFO - Processing file /home/airflow/.local/lib/python3.7/site-packages/airflow/example_dags/example_xcomargs.py for tasks to queue
[2025-08-27T15:01:39.880+0000] {logging_mixin.py:137} INFO - [2025-08-27T15:01:39.880+0000] {dagbag.py:538} INFO - Filling up the DagBag from /home/airflow/.local/lib/python3.7/site-packages/airflow/example_dags/example_xcomargs.py
[2025-08-27T15:01:39.893+0000] {processor.py:753} INFO - DAG(s) dict_keys(['example_xcom_args', 'example_xcom_args_with_operators']) retrieved from /home/airflow/.local/lib/python3.7/site-packages/airflow/example_dags/example_xcomargs.py
[2025-08-27T15:01:39.908+0000] {logging_mixin.py:137} INFO - [2025-08-27T15:01:39.908+0000] {dag.py:2690} INFO - Sync 2 DAGs
[2025-08-27T15:01:39.919+0000] {logging_mixin.py:137} INFO - [2025-08-27T15:01:39.919+0000] {dag.py:3441} INFO - Setting next_dagrun for example_xcom_args to None, run_after=None
[2025-08-27T15:01:39.920+0000] {logging_mixin.py:137} INFO - [2025-08-27T15:01:39.920+0000] {dag.py:3441} INFO - Setting next_dagrun for example_xcom_args_with_operators to None, run_after=None
[2025-08-27T15:01:39.928+0000] {processor.py:175} INFO - Processing /home/airflow/.local/lib/python3.7/site-packages/airflow/example_dags/example_xcomargs.py took 0.050 seconds
[2025-08-27T15:08:10.495+0000] {processor.py:153} INFO - Started process (PID=23101) to work on /home/airflow/.local/lib/python3.7/site-packages/airflow/example_dags/example_xcomargs.py
[2025-08-27T15:08:10.495+0000] {processor.py:743} INFO - Processing file /home/airflow/.local/lib/python3.7/site-packages/airflow/example_dags/example_xcomargs.py for tasks to queue
[2025-08-27T15:08:10.496+0000] {logging_mixin.py:137} INFO - [2025-08-27T15:08:10.496+0000] {dagbag.py:538} INFO - Filling up the DagBag from /home/airflow/.local/lib/python3.7/site-packages/airflow/example_dags/example_xcomargs.py
[2025-08-27T15:08:10.507+0000] {processor.py:753} INFO - DAG(s) dict_keys(['example_xcom_args_with_operators', 'example_xcom_args']) retrieved from /home/airflow/.local/lib/python3.7/site-packages/airflow/example_dags/example_xcomargs.py
[2025-08-27T15:08:10.520+0000] {logging_mixin.py:137} INFO - [2025-08-27T15:08:10.520+0000] {dag.py:2690} INFO - Sync 2 DAGs
[2025-08-27T15:08:10.531+0000] {logging_mixin.py:137} INFO - [2025-08-27T15:08:10.531+0000] {dag.py:3441} INFO - Setting next_dagrun for example_xcom_args to None, run_after=None
[2025-08-27T15:08:10.535+0000] {logging_mixin.py:137} INFO - [2025-08-27T15:08:10.535+0000] {dag.py:3441} INFO - Setting next_dagrun for example_xcom_args_with_operators to None, run_after=None
[2025-08-27T15:08:10.545+0000] {processor.py:175} INFO - Processing /home/airflow/.local/lib/python3.7/site-packages/airflow/example_dags/example_xcomargs.py took 0.052 seconds
[2025-08-27T15:18:53.138+0000] {processor.py:153} INFO - Started process (PID=23201) to work on /home/airflow/.local/lib/python3.7/site-packages/airflow/example_dags/example_xcomargs.py
[2025-08-27T15:18:53.139+0000] {processor.py:743} INFO - Processing file /home/airflow/.local/lib/python3.7/site-packages/airflow/example_dags/example_xcomargs.py for tasks to queue
[2025-08-27T15:18:53.140+0000] {logging_mixin.py:137} INFO - [2025-08-27T15:18:53.139+0000] {dagbag.py:538} INFO - Filling up the DagBag from /home/airflow/.local/lib/python3.7/site-packages/airflow/example_dags/example_xcomargs.py
[2025-08-27T15:18:53.151+0000] {processor.py:753} INFO - DAG(s) dict_keys(['example_xcom_args_with_operators', 'example_xcom_args']) retrieved from /home/airflow/.local/lib/python3.7/site-packages/airflow/example_dags/example_xcomargs.py
[2025-08-27T15:18:53.164+0000] {logging_mixin.py:137} INFO - [2025-08-27T15:18:53.164+0000] {dag.py:2690} INFO - Sync 2 DAGs
[2025-08-27T15:18:53.173+0000] {logging_mixin.py:137} INFO - [2025-08-27T15:18:53.173+0000] {dag.py:3441} INFO - Setting next_dagrun for example_xcom_args to None, run_after=None
[2025-08-27T15:18:53.175+0000] {logging_mixin.py:137} INFO - [2025-08-27T15:18:53.175+0000] {dag.py:3441} INFO - Setting next_dagrun for example_xcom_args_with_operators to None, run_after=None
[2025-08-27T15:18:53.181+0000] {processor.py:175} INFO - Processing /home/airflow/.local/lib/python3.7/site-packages/airflow/example_dags/example_xcomargs.py took 0.045 seconds
[2025-08-27T15:19:37.388+0000] {processor.py:153} INFO - Started process (PID=23288) to work on /home/airflow/.local/lib/python3.7/site-packages/airflow/example_dags/example_xcomargs.py
[2025-08-27T15:19:37.388+0000] {processor.py:743} INFO - Processing file /home/airflow/.local/lib/python3.7/site-packages/airflow/example_dags/example_xcomargs.py for tasks to queue
[2025-08-27T15:19:37.388+0000] {logging_mixin.py:137} INFO - [2025-08-27T15:19:37.388+0000] {dagbag.py:538} INFO - Filling up the DagBag from /home/airflow/.local/lib/python3.7/site-packages/airflow/example_dags/example_xcomargs.py
[2025-08-27T15:19:37.399+0000] {processor.py:753} INFO - DAG(s) dict_keys(['example_xcom_args', 'example_xcom_args_with_operators']) retrieved from /home/airflow/.local/lib/python3.7/site-packages/airflow/example_dags/example_xcomargs.py
[2025-08-27T15:19:37.411+0000] {logging_mixin.py:137} INFO - [2025-08-27T15:19:37.411+0000] {dag.py:2690} INFO - Sync 2 DAGs
[2025-08-27T15:19:37.421+0000] {logging_mixin.py:137} INFO - [2025-08-27T15:19:37.421+0000] {dag.py:3441} INFO - Setting next_dagrun for example_xcom_args to None, run_after=None
[2025-08-27T15:19:37.422+0000] {logging_mixin.py:137} INFO - [2025-08-27T15:19:37.422+0000] {dag.py:3441} INFO - Setting next_dagrun for example_xcom_args_with_operators to None, run_after=None
[2025-08-27T15:19:37.429+0000] {processor.py:175} INFO - Processing /home/airflow/.local/lib/python3.7/site-packages/airflow/example_dags/example_xcomargs.py took 0.042 seconds
[2025-08-27T15:21:53.471+0000] {processor.py:153} INFO - Started process (PID=23381) to work on /home/airflow/.local/lib/python3.7/site-packages/airflow/example_dags/example_xcomargs.py
[2025-08-27T15:21:53.471+0000] {processor.py:743} INFO - Processing file /home/airflow/.local/lib/python3.7/site-packages/airflow/example_dags/example_xcomargs.py for tasks to queue
[2025-08-27T15:21:53.472+0000] {logging_mixin.py:137} INFO - [2025-08-27T15:21:53.472+0000] {dagbag.py:538} INFO - Filling up the DagBag from /home/airflow/.local/lib/python3.7/site-packages/airflow/example_dags/example_xcomargs.py
[2025-08-27T15:21:53.482+0000] {processor.py:753} INFO - DAG(s) dict_keys(['example_xcom_args', 'example_xcom_args_with_operators']) retrieved from /home/airflow/.local/lib/python3.7/site-packages/airflow/example_dags/example_xcomargs.py
[2025-08-27T15:21:53.622+0000] {logging_mixin.py:137} INFO - [2025-08-27T15:21:53.621+0000] {dag.py:2690} INFO - Sync 2 DAGs
[2025-08-27T15:21:53.646+0000] {logging_mixin.py:137} INFO - [2025-08-27T15:21:53.646+0000] {dag.py:3441} INFO - Setting next_dagrun for example_xcom_args to None, run_after=None
[2025-08-27T15:21:53.649+0000] {logging_mixin.py:137} INFO - [2025-08-27T15:21:53.649+0000] {dag.py:3441} INFO - Setting next_dagrun for example_xcom_args_with_operators to None, run_after=None
[2025-08-27T15:21:53.770+0000] {processor.py:175} INFO - Processing /home/airflow/.local/lib/python3.7/site-packages/airflow/example_dags/example_xcomargs.py took 0.300 seconds
[2025-08-27T15:25:59.761+0000] {processor.py:153} INFO - Started process (PID=23481) to work on /home/airflow/.local/lib/python3.7/site-packages/airflow/example_dags/example_xcomargs.py
[2025-08-27T15:25:59.762+0000] {processor.py:743} INFO - Processing file /home/airflow/.local/lib/python3.7/site-packages/airflow/example_dags/example_xcomargs.py for tasks to queue
[2025-08-27T15:25:59.763+0000] {logging_mixin.py:137} INFO - [2025-08-27T15:25:59.763+0000] {dagbag.py:538} INFO - Filling up the DagBag from /home/airflow/.local/lib/python3.7/site-packages/airflow/example_dags/example_xcomargs.py
[2025-08-27T15:25:59.781+0000] {processor.py:753} INFO - DAG(s) dict_keys(['example_xcom_args_with_operators', 'example_xcom_args']) retrieved from /home/airflow/.local/lib/python3.7/site-packages/airflow/example_dags/example_xcomargs.py
[2025-08-27T15:25:59.799+0000] {logging_mixin.py:137} INFO - [2025-08-27T15:25:59.799+0000] {dag.py:2690} INFO - Sync 2 DAGs
[2025-08-27T15:25:59.821+0000] {logging_mixin.py:137} INFO - [2025-08-27T15:25:59.821+0000] {dag.py:3441} INFO - Setting next_dagrun for example_xcom_args to None, run_after=None
[2025-08-27T15:25:59.824+0000] {logging_mixin.py:137} INFO - [2025-08-27T15:25:59.823+0000] {dag.py:3441} INFO - Setting next_dagrun for example_xcom_args_with_operators to None, run_after=None
[2025-08-27T15:25:59.831+0000] {processor.py:175} INFO - Processing /home/airflow/.local/lib/python3.7/site-packages/airflow/example_dags/example_xcomargs.py took 0.072 seconds
[2025-08-27T16:00:40.889+0000] {processor.py:153} INFO - Started process (PID=23581) to work on /home/airflow/.local/lib/python3.7/site-packages/airflow/example_dags/example_xcomargs.py
[2025-08-27T16:00:40.890+0000] {processor.py:743} INFO - Processing file /home/airflow/.local/lib/python3.7/site-packages/airflow/example_dags/example_xcomargs.py for tasks to queue
[2025-08-27T16:00:40.891+0000] {logging_mixin.py:137} INFO - [2025-08-27T16:00:40.891+0000] {dagbag.py:538} INFO - Filling up the DagBag from /home/airflow/.local/lib/python3.7/site-packages/airflow/example_dags/example_xcomargs.py
[2025-08-27T16:00:40.902+0000] {processor.py:753} INFO - DAG(s) dict_keys(['example_xcom_args_with_operators', 'example_xcom_args']) retrieved from /home/airflow/.local/lib/python3.7/site-packages/airflow/example_dags/example_xcomargs.py
[2025-08-27T16:00:40.918+0000] {logging_mixin.py:137} INFO - [2025-08-27T16:00:40.918+0000] {dag.py:2690} INFO - Sync 2 DAGs
[2025-08-27T16:00:40.929+0000] {logging_mixin.py:137} INFO - [2025-08-27T16:00:40.929+0000] {dag.py:3441} INFO - Setting next_dagrun for example_xcom_args to None, run_after=None
[2025-08-27T16:00:40.931+0000] {logging_mixin.py:137} INFO - [2025-08-27T16:00:40.931+0000] {dag.py:3441} INFO - Setting next_dagrun for example_xcom_args_with_operators to None, run_after=None
[2025-08-27T16:00:40.939+0000] {processor.py:175} INFO - Processing /home/airflow/.local/lib/python3.7/site-packages/airflow/example_dags/example_xcomargs.py took 0.051 seconds
[2025-08-27T16:14:53.637+0000] {processor.py:153} INFO - Started process (PID=23661) to work on /home/airflow/.local/lib/python3.7/site-packages/airflow/example_dags/example_xcomargs.py
[2025-08-27T16:14:53.637+0000] {processor.py:743} INFO - Processing file /home/airflow/.local/lib/python3.7/site-packages/airflow/example_dags/example_xcomargs.py for tasks to queue
[2025-08-27T16:14:53.638+0000] {logging_mixin.py:137} INFO - [2025-08-27T16:14:53.637+0000] {dagbag.py:538} INFO - Filling up the DagBag from /home/airflow/.local/lib/python3.7/site-packages/airflow/example_dags/example_xcomargs.py
[2025-08-27T16:14:53.649+0000] {processor.py:753} INFO - DAG(s) dict_keys(['example_xcom_args_with_operators', 'example_xcom_args']) retrieved from /home/airflow/.local/lib/python3.7/site-packages/airflow/example_dags/example_xcomargs.py
[2025-08-27T16:14:53.663+0000] {logging_mixin.py:137} INFO - [2025-08-27T16:14:53.663+0000] {dag.py:2690} INFO - Sync 2 DAGs
[2025-08-27T16:14:53.675+0000] {logging_mixin.py:137} INFO - [2025-08-27T16:14:53.675+0000] {dag.py:3441} INFO - Setting next_dagrun for example_xcom_args to None, run_after=None
[2025-08-27T16:14:53.676+0000] {logging_mixin.py:137} INFO - [2025-08-27T16:14:53.676+0000] {dag.py:3441} INFO - Setting next_dagrun for example_xcom_args_with_operators to None, run_after=None
[2025-08-27T16:14:53.684+0000] {processor.py:175} INFO - Processing /home/airflow/.local/lib/python3.7/site-packages/airflow/example_dags/example_xcomargs.py took 0.049 seconds
[2025-08-27T16:23:10.961+0000] {processor.py:153} INFO - Started process (PID=23761) to work on /home/airflow/.local/lib/python3.7/site-packages/airflow/example_dags/example_xcomargs.py
[2025-08-27T16:23:10.961+0000] {processor.py:743} INFO - Processing file /home/airflow/.local/lib/python3.7/site-packages/airflow/example_dags/example_xcomargs.py for tasks to queue
[2025-08-27T16:23:10.961+0000] {logging_mixin.py:137} INFO - [2025-08-27T16:23:10.961+0000] {dagbag.py:538} INFO - Filling up the DagBag from /home/airflow/.local/lib/python3.7/site-packages/airflow/example_dags/example_xcomargs.py
[2025-08-27T16:23:10.971+0000] {processor.py:753} INFO - DAG(s) dict_keys(['example_xcom_args', 'example_xcom_args_with_operators']) retrieved from /home/airflow/.local/lib/python3.7/site-packages/airflow/example_dags/example_xcomargs.py
[2025-08-27T16:23:10.983+0000] {logging_mixin.py:137} INFO - [2025-08-27T16:23:10.983+0000] {dag.py:2690} INFO - Sync 2 DAGs
[2025-08-27T16:23:10.993+0000] {logging_mixin.py:137} INFO - [2025-08-27T16:23:10.993+0000] {dag.py:3441} INFO - Setting next_dagrun for example_xcom_args to None, run_after=None
[2025-08-27T16:23:10.994+0000] {logging_mixin.py:137} INFO - [2025-08-27T16:23:10.994+0000] {dag.py:3441} INFO - Setting next_dagrun for example_xcom_args_with_operators to None, run_after=None
[2025-08-27T16:23:11.001+0000] {processor.py:175} INFO - Processing /home/airflow/.local/lib/python3.7/site-packages/airflow/example_dags/example_xcomargs.py took 0.042 seconds
[2025-08-27T16:24:54.631+0000] {processor.py:153} INFO - Started process (PID=23861) to work on /home/airflow/.local/lib/python3.7/site-packages/airflow/example_dags/example_xcomargs.py
[2025-08-27T16:24:54.632+0000] {processor.py:743} INFO - Processing file /home/airflow/.local/lib/python3.7/site-packages/airflow/example_dags/example_xcomargs.py for tasks to queue
[2025-08-27T16:24:54.633+0000] {logging_mixin.py:137} INFO - [2025-08-27T16:24:54.633+0000] {dagbag.py:538} INFO - Filling up the DagBag from /home/airflow/.local/lib/python3.7/site-packages/airflow/example_dags/example_xcomargs.py
[2025-08-27T16:24:54.644+0000] {processor.py:753} INFO - DAG(s) dict_keys(['example_xcom_args_with_operators', 'example_xcom_args']) retrieved from /home/airflow/.local/lib/python3.7/site-packages/airflow/example_dags/example_xcomargs.py
[2025-08-27T16:24:54.657+0000] {logging_mixin.py:137} INFO - [2025-08-27T16:24:54.657+0000] {dag.py:2690} INFO - Sync 2 DAGs
[2025-08-27T16:24:54.667+0000] {logging_mixin.py:137} INFO - [2025-08-27T16:24:54.667+0000] {dag.py:3441} INFO - Setting next_dagrun for example_xcom_args to None, run_after=None
[2025-08-27T16:24:54.669+0000] {logging_mixin.py:137} INFO - [2025-08-27T16:24:54.669+0000] {dag.py:3441} INFO - Setting next_dagrun for example_xcom_args_with_operators to None, run_after=None
[2025-08-27T16:24:54.676+0000] {processor.py:175} INFO - Processing /home/airflow/.local/lib/python3.7/site-packages/airflow/example_dags/example_xcomargs.py took 0.047 seconds
[2025-08-27T16:30:08.285+0000] {processor.py:153} INFO - Started process (PID=23961) to work on /home/airflow/.local/lib/python3.7/site-packages/airflow/example_dags/example_xcomargs.py
[2025-08-27T16:30:08.286+0000] {processor.py:743} INFO - Processing file /home/airflow/.local/lib/python3.7/site-packages/airflow/example_dags/example_xcomargs.py for tasks to queue
[2025-08-27T16:30:08.286+0000] {logging_mixin.py:137} INFO - [2025-08-27T16:30:08.286+0000] {dagbag.py:538} INFO - Filling up the DagBag from /home/airflow/.local/lib/python3.7/site-packages/airflow/example_dags/example_xcomargs.py
[2025-08-27T16:30:08.296+0000] {processor.py:753} INFO - DAG(s) dict_keys(['example_xcom_args_with_operators', 'example_xcom_args']) retrieved from /home/airflow/.local/lib/python3.7/site-packages/airflow/example_dags/example_xcomargs.py
[2025-08-27T16:30:08.309+0000] {logging_mixin.py:137} INFO - [2025-08-27T16:30:08.309+0000] {dag.py:2690} INFO - Sync 2 DAGs
[2025-08-27T16:30:08.319+0000] {logging_mixin.py:137} INFO - [2025-08-27T16:30:08.319+0000] {dag.py:3441} INFO - Setting next_dagrun for example_xcom_args to None, run_after=None
[2025-08-27T16:30:08.321+0000] {logging_mixin.py:137} INFO - [2025-08-27T16:30:08.321+0000] {dag.py:3441} INFO - Setting next_dagrun for example_xcom_args_with_operators to None, run_after=None
[2025-08-27T16:30:08.329+0000] {processor.py:175} INFO - Processing /home/airflow/.local/lib/python3.7/site-packages/airflow/example_dags/example_xcomargs.py took 0.046 seconds
[2025-08-27T16:44:03.595+0000] {processor.py:153} INFO - Started process (PID=24041) to work on /home/airflow/.local/lib/python3.7/site-packages/airflow/example_dags/example_xcomargs.py
[2025-08-27T16:44:03.595+0000] {processor.py:743} INFO - Processing file /home/airflow/.local/lib/python3.7/site-packages/airflow/example_dags/example_xcomargs.py for tasks to queue
[2025-08-27T16:44:03.596+0000] {logging_mixin.py:137} INFO - [2025-08-27T16:44:03.595+0000] {dagbag.py:538} INFO - Filling up the DagBag from /home/airflow/.local/lib/python3.7/site-packages/airflow/example_dags/example_xcomargs.py
[2025-08-27T16:44:03.607+0000] {processor.py:753} INFO - DAG(s) dict_keys(['example_xcom_args_with_operators', 'example_xcom_args']) retrieved from /home/airflow/.local/lib/python3.7/site-packages/airflow/example_dags/example_xcomargs.py
[2025-08-27T16:44:03.619+0000] {logging_mixin.py:137} INFO - [2025-08-27T16:44:03.619+0000] {dag.py:2690} INFO - Sync 2 DAGs
[2025-08-27T16:44:03.628+0000] {logging_mixin.py:137} INFO - [2025-08-27T16:44:03.628+0000] {dag.py:3441} INFO - Setting next_dagrun for example_xcom_args to None, run_after=None
[2025-08-27T16:44:03.629+0000] {logging_mixin.py:137} INFO - [2025-08-27T16:44:03.629+0000] {dag.py:3441} INFO - Setting next_dagrun for example_xcom_args_with_operators to None, run_after=None
[2025-08-27T16:44:03.636+0000] {processor.py:175} INFO - Processing /home/airflow/.local/lib/python3.7/site-packages/airflow/example_dags/example_xcomargs.py took 0.043 seconds
[2025-08-27T18:19:18.080+0000] {processor.py:153} INFO - Started process (PID=24141) to work on /home/airflow/.local/lib/python3.7/site-packages/airflow/example_dags/example_xcomargs.py
[2025-08-27T18:19:18.080+0000] {processor.py:743} INFO - Processing file /home/airflow/.local/lib/python3.7/site-packages/airflow/example_dags/example_xcomargs.py for tasks to queue
[2025-08-27T18:19:18.080+0000] {logging_mixin.py:137} INFO - [2025-08-27T18:19:18.080+0000] {dagbag.py:538} INFO - Filling up the DagBag from /home/airflow/.local/lib/python3.7/site-packages/airflow/example_dags/example_xcomargs.py
[2025-08-27T18:19:18.091+0000] {processor.py:753} INFO - DAG(s) dict_keys(['example_xcom_args', 'example_xcom_args_with_operators']) retrieved from /home/airflow/.local/lib/python3.7/site-packages/airflow/example_dags/example_xcomargs.py
[2025-08-27T18:19:18.105+0000] {logging_mixin.py:137} INFO - [2025-08-27T18:19:18.105+0000] {dag.py:2690} INFO - Sync 2 DAGs
[2025-08-27T18:19:18.117+0000] {logging_mixin.py:137} INFO - [2025-08-27T18:19:18.117+0000] {dag.py:3441} INFO - Setting next_dagrun for example_xcom_args to None, run_after=None
[2025-08-27T18:19:18.118+0000] {logging_mixin.py:137} INFO - [2025-08-27T18:19:18.118+0000] {dag.py:3441} INFO - Setting next_dagrun for example_xcom_args_with_operators to None, run_after=None
[2025-08-27T18:19:18.125+0000] {processor.py:175} INFO - Processing /home/airflow/.local/lib/python3.7/site-packages/airflow/example_dags/example_xcomargs.py took 0.048 seconds
[2025-08-27T19:39:50.683+0000] {processor.py:153} INFO - Started process (PID=24241) to work on /home/airflow/.local/lib/python3.7/site-packages/airflow/example_dags/example_xcomargs.py
[2025-08-27T19:39:50.683+0000] {processor.py:743} INFO - Processing file /home/airflow/.local/lib/python3.7/site-packages/airflow/example_dags/example_xcomargs.py for tasks to queue
[2025-08-27T19:39:50.684+0000] {logging_mixin.py:137} INFO - [2025-08-27T19:39:50.684+0000] {dagbag.py:538} INFO - Filling up the DagBag from /home/airflow/.local/lib/python3.7/site-packages/airflow/example_dags/example_xcomargs.py
[2025-08-27T19:39:50.694+0000] {processor.py:753} INFO - DAG(s) dict_keys(['example_xcom_args_with_operators', 'example_xcom_args']) retrieved from /home/airflow/.local/lib/python3.7/site-packages/airflow/example_dags/example_xcomargs.py
[2025-08-27T19:39:50.706+0000] {logging_mixin.py:137} INFO - [2025-08-27T19:39:50.706+0000] {dag.py:2690} INFO - Sync 2 DAGs
[2025-08-27T19:39:50.717+0000] {logging_mixin.py:137} INFO - [2025-08-27T19:39:50.717+0000] {dag.py:3441} INFO - Setting next_dagrun for example_xcom_args to None, run_after=None
[2025-08-27T19:39:50.719+0000] {logging_mixin.py:137} INFO - [2025-08-27T19:39:50.719+0000] {dag.py:3441} INFO - Setting next_dagrun for example_xcom_args_with_operators to None, run_after=None
[2025-08-27T19:39:50.725+0000] {processor.py:175} INFO - Processing /home/airflow/.local/lib/python3.7/site-packages/airflow/example_dags/example_xcomargs.py took 0.044 seconds
[2025-08-27T21:01:25.605+0000] {processor.py:153} INFO - Started process (PID=24321) to work on /home/airflow/.local/lib/python3.7/site-packages/airflow/example_dags/example_xcomargs.py
[2025-08-27T21:01:25.606+0000] {processor.py:743} INFO - Processing file /home/airflow/.local/lib/python3.7/site-packages/airflow/example_dags/example_xcomargs.py for tasks to queue
[2025-08-27T21:01:25.606+0000] {logging_mixin.py:137} INFO - [2025-08-27T21:01:25.606+0000] {dagbag.py:538} INFO - Filling up the DagBag from /home/airflow/.local/lib/python3.7/site-packages/airflow/example_dags/example_xcomargs.py
[2025-08-27T21:01:25.617+0000] {processor.py:753} INFO - DAG(s) dict_keys(['example_xcom_args_with_operators', 'example_xcom_args']) retrieved from /home/airflow/.local/lib/python3.7/site-packages/airflow/example_dags/example_xcomargs.py
[2025-08-27T21:01:25.630+0000] {logging_mixin.py:137} INFO - [2025-08-27T21:01:25.630+0000] {dag.py:2690} INFO - Sync 2 DAGs
[2025-08-27T21:01:25.640+0000] {logging_mixin.py:137} INFO - [2025-08-27T21:01:25.640+0000] {dag.py:3441} INFO - Setting next_dagrun for example_xcom_args to None, run_after=None
[2025-08-27T21:01:25.642+0000] {logging_mixin.py:137} INFO - [2025-08-27T21:01:25.641+0000] {dag.py:3441} INFO - Setting next_dagrun for example_xcom_args_with_operators to None, run_after=None
[2025-08-27T21:01:25.647+0000] {processor.py:175} INFO - Processing /home/airflow/.local/lib/python3.7/site-packages/airflow/example_dags/example_xcomargs.py took 0.044 seconds
[2025-08-27T21:51:50.611+0000] {processor.py:153} INFO - Started process (PID=24421) to work on /home/airflow/.local/lib/python3.7/site-packages/airflow/example_dags/example_xcomargs.py
[2025-08-27T21:51:50.611+0000] {processor.py:743} INFO - Processing file /home/airflow/.local/lib/python3.7/site-packages/airflow/example_dags/example_xcomargs.py for tasks to queue
[2025-08-27T21:51:50.611+0000] {logging_mixin.py:137} INFO - [2025-08-27T21:51:50.611+0000] {dagbag.py:538} INFO - Filling up the DagBag from /home/airflow/.local/lib/python3.7/site-packages/airflow/example_dags/example_xcomargs.py
[2025-08-27T21:51:50.623+0000] {processor.py:753} INFO - DAG(s) dict_keys(['example_xcom_args_with_operators', 'example_xcom_args']) retrieved from /home/airflow/.local/lib/python3.7/site-packages/airflow/example_dags/example_xcomargs.py
[2025-08-27T21:51:50.636+0000] {logging_mixin.py:137} INFO - [2025-08-27T21:51:50.636+0000] {dag.py:2690} INFO - Sync 2 DAGs
[2025-08-27T21:51:50.646+0000] {logging_mixin.py:137} INFO - [2025-08-27T21:51:50.646+0000] {dag.py:3441} INFO - Setting next_dagrun for example_xcom_args to None, run_after=None
[2025-08-27T21:51:50.650+0000] {logging_mixin.py:137} INFO - [2025-08-27T21:51:50.650+0000] {dag.py:3441} INFO - Setting next_dagrun for example_xcom_args_with_operators to None, run_after=None
[2025-08-27T21:51:50.656+0000] {processor.py:175} INFO - Processing /home/airflow/.local/lib/python3.7/site-packages/airflow/example_dags/example_xcomargs.py took 0.047 seconds
[2025-08-27T23:29:06.617+0000] {processor.py:153} INFO - Started process (PID=24521) to work on /home/airflow/.local/lib/python3.7/site-packages/airflow/example_dags/example_xcomargs.py
[2025-08-27T23:29:06.618+0000] {processor.py:743} INFO - Processing file /home/airflow/.local/lib/python3.7/site-packages/airflow/example_dags/example_xcomargs.py for tasks to queue
[2025-08-27T23:29:06.619+0000] {logging_mixin.py:137} INFO - [2025-08-27T23:29:06.619+0000] {dagbag.py:538} INFO - Filling up the DagBag from /home/airflow/.local/lib/python3.7/site-packages/airflow/example_dags/example_xcomargs.py
[2025-08-27T23:29:06.631+0000] {processor.py:753} INFO - DAG(s) dict_keys(['example_xcom_args_with_operators', 'example_xcom_args']) retrieved from /home/airflow/.local/lib/python3.7/site-packages/airflow/example_dags/example_xcomargs.py
[2025-08-27T23:29:06.646+0000] {logging_mixin.py:137} INFO - [2025-08-27T23:29:06.645+0000] {dag.py:2690} INFO - Sync 2 DAGs
[2025-08-27T23:29:06.657+0000] {logging_mixin.py:137} INFO - [2025-08-27T23:29:06.657+0000] {dag.py:3441} INFO - Setting next_dagrun for example_xcom_args to None, run_after=None
[2025-08-27T23:29:06.658+0000] {logging_mixin.py:137} INFO - [2025-08-27T23:29:06.658+0000] {dag.py:3441} INFO - Setting next_dagrun for example_xcom_args_with_operators to None, run_after=None
[2025-08-27T23:29:06.665+0000] {processor.py:175} INFO - Processing /home/airflow/.local/lib/python3.7/site-packages/airflow/example_dags/example_xcomargs.py took 0.049 seconds
