[2025-08-27T00:46:29.149+0000] {processor.py:153} INFO - Started process (PID=19491) to work on /home/airflow/.local/lib/python3.7/site-packages/airflow/example_dags/example_task_group_decorator.py
[2025-08-27T00:46:29.149+0000] {processor.py:743} INFO - Processing file /home/airflow/.local/lib/python3.7/site-packages/airflow/example_dags/example_task_group_decorator.py for tasks to queue
[2025-08-27T00:46:29.150+0000] {logging_mixin.py:137} INFO - [2025-08-27T00:46:29.150+0000] {dagbag.py:538} INFO - Filling up the DagBag from /home/airflow/.local/lib/python3.7/site-packages/airflow/example_dags/example_task_group_decorator.py
[2025-08-27T00:46:29.162+0000] {processor.py:753} INFO - DAG(s) dict_keys(['example_task_group_decorator']) retrieved from /home/airflow/.local/lib/python3.7/site-packages/airflow/example_dags/example_task_group_decorator.py
[2025-08-27T00:46:29.174+0000] {logging_mixin.py:137} INFO - [2025-08-27T00:46:29.174+0000] {dag.py:2690} INFO - Sync 1 DAGs
[2025-08-27T00:46:29.184+0000] {logging_mixin.py:137} INFO - [2025-08-27T00:46:29.184+0000] {dag.py:3441} INFO - Setting next_dagrun for example_task_group_decorator to 2025-08-26T00:46:29.184298+00:00, run_after=2025-08-27T00:46:29.184298+00:00
[2025-08-27T00:46:29.191+0000] {processor.py:175} INFO - Processing /home/airflow/.local/lib/python3.7/site-packages/airflow/example_dags/example_task_group_decorator.py took 0.043 seconds
[2025-08-27T02:21:51.053+0000] {processor.py:153} INFO - Started process (PID=19571) to work on /home/airflow/.local/lib/python3.7/site-packages/airflow/example_dags/example_task_group_decorator.py
[2025-08-27T02:21:51.053+0000] {processor.py:743} INFO - Processing file /home/airflow/.local/lib/python3.7/site-packages/airflow/example_dags/example_task_group_decorator.py for tasks to queue
[2025-08-27T02:21:51.053+0000] {logging_mixin.py:137} INFO - [2025-08-27T02:21:51.053+0000] {dagbag.py:538} INFO - Filling up the DagBag from /home/airflow/.local/lib/python3.7/site-packages/airflow/example_dags/example_task_group_decorator.py
[2025-08-27T02:21:51.065+0000] {processor.py:753} INFO - DAG(s) dict_keys(['example_task_group_decorator']) retrieved from /home/airflow/.local/lib/python3.7/site-packages/airflow/example_dags/example_task_group_decorator.py
[2025-08-27T02:21:51.076+0000] {logging_mixin.py:137} INFO - [2025-08-27T02:21:51.076+0000] {dag.py:2690} INFO - Sync 1 DAGs
[2025-08-27T02:21:51.087+0000] {logging_mixin.py:137} INFO - [2025-08-27T02:21:51.087+0000] {dag.py:3441} INFO - Setting next_dagrun for example_task_group_decorator to 2025-08-26T02:21:51.087208+00:00, run_after=2025-08-27T02:21:51.087208+00:00
[2025-08-27T02:21:51.094+0000] {processor.py:175} INFO - Processing /home/airflow/.local/lib/python3.7/site-packages/airflow/example_dags/example_task_group_decorator.py took 0.043 seconds
[2025-08-27T02:37:29.738+0000] {processor.py:153} INFO - Started process (PID=19671) to work on /home/airflow/.local/lib/python3.7/site-packages/airflow/example_dags/example_task_group_decorator.py
[2025-08-27T02:37:29.738+0000] {processor.py:743} INFO - Processing file /home/airflow/.local/lib/python3.7/site-packages/airflow/example_dags/example_task_group_decorator.py for tasks to queue
[2025-08-27T02:37:29.738+0000] {logging_mixin.py:137} INFO - [2025-08-27T02:37:29.738+0000] {dagbag.py:538} INFO - Filling up the DagBag from /home/airflow/.local/lib/python3.7/site-packages/airflow/example_dags/example_task_group_decorator.py
[2025-08-27T02:37:29.751+0000] {processor.py:753} INFO - DAG(s) dict_keys(['example_task_group_decorator']) retrieved from /home/airflow/.local/lib/python3.7/site-packages/airflow/example_dags/example_task_group_decorator.py
[2025-08-27T02:37:29.762+0000] {logging_mixin.py:137} INFO - [2025-08-27T02:37:29.762+0000] {dag.py:2690} INFO - Sync 1 DAGs
[2025-08-27T02:37:29.772+0000] {logging_mixin.py:137} INFO - [2025-08-27T02:37:29.772+0000] {dag.py:3441} INFO - Setting next_dagrun for example_task_group_decorator to 2025-08-26T02:37:29.772181+00:00, run_after=2025-08-27T02:37:29.772181+00:00
[2025-08-27T02:37:29.779+0000] {processor.py:175} INFO - Processing /home/airflow/.local/lib/python3.7/site-packages/airflow/example_dags/example_task_group_decorator.py took 0.043 seconds
[2025-08-27T03:02:26.113+0000] {processor.py:153} INFO - Started process (PID=19771) to work on /home/airflow/.local/lib/python3.7/site-packages/airflow/example_dags/example_task_group_decorator.py
[2025-08-27T03:02:26.114+0000] {processor.py:743} INFO - Processing file /home/airflow/.local/lib/python3.7/site-packages/airflow/example_dags/example_task_group_decorator.py for tasks to queue
[2025-08-27T03:02:26.114+0000] {logging_mixin.py:137} INFO - [2025-08-27T03:02:26.114+0000] {dagbag.py:538} INFO - Filling up the DagBag from /home/airflow/.local/lib/python3.7/site-packages/airflow/example_dags/example_task_group_decorator.py
[2025-08-27T03:02:26.128+0000] {processor.py:753} INFO - DAG(s) dict_keys(['example_task_group_decorator']) retrieved from /home/airflow/.local/lib/python3.7/site-packages/airflow/example_dags/example_task_group_decorator.py
[2025-08-27T03:02:26.140+0000] {logging_mixin.py:137} INFO - [2025-08-27T03:02:26.139+0000] {dag.py:2690} INFO - Sync 1 DAGs
[2025-08-27T03:02:26.152+0000] {logging_mixin.py:137} INFO - [2025-08-27T03:02:26.152+0000] {dag.py:3441} INFO - Setting next_dagrun for example_task_group_decorator to 2025-08-26T03:02:26.152580+00:00, run_after=2025-08-27T03:02:26.152580+00:00
[2025-08-27T03:02:26.159+0000] {processor.py:175} INFO - Processing /home/airflow/.local/lib/python3.7/site-packages/airflow/example_dags/example_task_group_decorator.py took 0.048 seconds
[2025-08-27T03:13:53.398+0000] {processor.py:153} INFO - Started process (PID=19870) to work on /home/airflow/.local/lib/python3.7/site-packages/airflow/example_dags/example_task_group_decorator.py
[2025-08-27T03:13:53.398+0000] {processor.py:743} INFO - Processing file /home/airflow/.local/lib/python3.7/site-packages/airflow/example_dags/example_task_group_decorator.py for tasks to queue
[2025-08-27T03:13:53.399+0000] {logging_mixin.py:137} INFO - [2025-08-27T03:13:53.399+0000] {dagbag.py:538} INFO - Filling up the DagBag from /home/airflow/.local/lib/python3.7/site-packages/airflow/example_dags/example_task_group_decorator.py
[2025-08-27T03:13:53.413+0000] {processor.py:753} INFO - DAG(s) dict_keys(['example_task_group_decorator']) retrieved from /home/airflow/.local/lib/python3.7/site-packages/airflow/example_dags/example_task_group_decorator.py
[2025-08-27T03:13:53.426+0000] {logging_mixin.py:137} INFO - [2025-08-27T03:13:53.426+0000] {dag.py:2690} INFO - Sync 1 DAGs
[2025-08-27T03:13:53.441+0000] {logging_mixin.py:137} INFO - [2025-08-27T03:13:53.441+0000] {dag.py:3441} INFO - Setting next_dagrun for example_task_group_decorator to 2025-08-26T03:13:53.440710+00:00, run_after=2025-08-27T03:13:53.440710+00:00
[2025-08-27T03:13:53.452+0000] {processor.py:175} INFO - Processing /home/airflow/.local/lib/python3.7/site-packages/airflow/example_dags/example_task_group_decorator.py took 0.057 seconds
[2025-08-27T03:33:08.817+0000] {processor.py:153} INFO - Started process (PID=19950) to work on /home/airflow/.local/lib/python3.7/site-packages/airflow/example_dags/example_task_group_decorator.py
[2025-08-27T03:33:08.818+0000] {processor.py:743} INFO - Processing file /home/airflow/.local/lib/python3.7/site-packages/airflow/example_dags/example_task_group_decorator.py for tasks to queue
[2025-08-27T03:33:08.819+0000] {logging_mixin.py:137} INFO - [2025-08-27T03:33:08.819+0000] {dagbag.py:538} INFO - Filling up the DagBag from /home/airflow/.local/lib/python3.7/site-packages/airflow/example_dags/example_task_group_decorator.py
[2025-08-27T03:33:08.834+0000] {processor.py:753} INFO - DAG(s) dict_keys(['example_task_group_decorator']) retrieved from /home/airflow/.local/lib/python3.7/site-packages/airflow/example_dags/example_task_group_decorator.py
[2025-08-27T03:33:08.868+0000] {logging_mixin.py:137} INFO - [2025-08-27T03:33:08.868+0000] {dag.py:2690} INFO - Sync 1 DAGs
[2025-08-27T03:33:08.890+0000] {logging_mixin.py:137} INFO - [2025-08-27T03:33:08.890+0000] {dag.py:3441} INFO - Setting next_dagrun for example_task_group_decorator to 2025-08-26T03:33:08.886753+00:00, run_after=2025-08-27T03:33:08.886753+00:00
[2025-08-27T03:33:08.904+0000] {processor.py:175} INFO - Processing /home/airflow/.local/lib/python3.7/site-packages/airflow/example_dags/example_task_group_decorator.py took 0.089 seconds
[2025-08-27T04:45:09.981+0000] {processor.py:153} INFO - Started process (PID=20050) to work on /home/airflow/.local/lib/python3.7/site-packages/airflow/example_dags/example_task_group_decorator.py
[2025-08-27T04:45:09.982+0000] {processor.py:743} INFO - Processing file /home/airflow/.local/lib/python3.7/site-packages/airflow/example_dags/example_task_group_decorator.py for tasks to queue
[2025-08-27T04:45:09.983+0000] {logging_mixin.py:137} INFO - [2025-08-27T04:45:09.983+0000] {dagbag.py:538} INFO - Filling up the DagBag from /home/airflow/.local/lib/python3.7/site-packages/airflow/example_dags/example_task_group_decorator.py
[2025-08-27T04:45:10.000+0000] {processor.py:753} INFO - DAG(s) dict_keys(['example_task_group_decorator']) retrieved from /home/airflow/.local/lib/python3.7/site-packages/airflow/example_dags/example_task_group_decorator.py
[2025-08-27T04:45:10.018+0000] {logging_mixin.py:137} INFO - [2025-08-27T04:45:10.018+0000] {dag.py:2690} INFO - Sync 1 DAGs
[2025-08-27T04:45:10.035+0000] {logging_mixin.py:137} INFO - [2025-08-27T04:45:10.035+0000] {dag.py:3441} INFO - Setting next_dagrun for example_task_group_decorator to 2025-08-26T04:45:10.034618+00:00, run_after=2025-08-27T04:45:10.034618+00:00
[2025-08-27T04:45:10.047+0000] {processor.py:175} INFO - Processing /home/airflow/.local/lib/python3.7/site-packages/airflow/example_dags/example_task_group_decorator.py took 0.068 seconds
[2025-08-27T04:49:55.562+0000] {processor.py:153} INFO - Started process (PID=20150) to work on /home/airflow/.local/lib/python3.7/site-packages/airflow/example_dags/example_task_group_decorator.py
[2025-08-27T04:49:55.563+0000] {processor.py:743} INFO - Processing file /home/airflow/.local/lib/python3.7/site-packages/airflow/example_dags/example_task_group_decorator.py for tasks to queue
[2025-08-27T04:49:55.564+0000] {logging_mixin.py:137} INFO - [2025-08-27T04:49:55.564+0000] {dagbag.py:538} INFO - Filling up the DagBag from /home/airflow/.local/lib/python3.7/site-packages/airflow/example_dags/example_task_group_decorator.py
[2025-08-27T04:49:55.581+0000] {processor.py:753} INFO - DAG(s) dict_keys(['example_task_group_decorator']) retrieved from /home/airflow/.local/lib/python3.7/site-packages/airflow/example_dags/example_task_group_decorator.py
[2025-08-27T04:49:55.598+0000] {logging_mixin.py:137} INFO - [2025-08-27T04:49:55.598+0000] {dag.py:2690} INFO - Sync 1 DAGs
[2025-08-27T04:49:55.611+0000] {logging_mixin.py:137} INFO - [2025-08-27T04:49:55.611+0000] {dag.py:3441} INFO - Setting next_dagrun for example_task_group_decorator to 2025-08-26T04:49:55.611245+00:00, run_after=2025-08-27T04:49:55.611245+00:00
[2025-08-27T04:49:55.621+0000] {processor.py:175} INFO - Processing /home/airflow/.local/lib/python3.7/site-packages/airflow/example_dags/example_task_group_decorator.py took 0.060 seconds
[2025-08-27T05:35:08.894+0000] {processor.py:153} INFO - Started process (PID=20230) to work on /home/airflow/.local/lib/python3.7/site-packages/airflow/example_dags/example_task_group_decorator.py
[2025-08-27T05:35:08.895+0000] {processor.py:743} INFO - Processing file /home/airflow/.local/lib/python3.7/site-packages/airflow/example_dags/example_task_group_decorator.py for tasks to queue
[2025-08-27T05:35:08.895+0000] {logging_mixin.py:137} INFO - [2025-08-27T05:35:08.895+0000] {dagbag.py:538} INFO - Filling up the DagBag from /home/airflow/.local/lib/python3.7/site-packages/airflow/example_dags/example_task_group_decorator.py
[2025-08-27T05:35:08.912+0000] {processor.py:753} INFO - DAG(s) dict_keys(['example_task_group_decorator']) retrieved from /home/airflow/.local/lib/python3.7/site-packages/airflow/example_dags/example_task_group_decorator.py
[2025-08-27T05:35:08.926+0000] {logging_mixin.py:137} INFO - [2025-08-27T05:35:08.926+0000] {dag.py:2690} INFO - Sync 1 DAGs
[2025-08-27T05:35:08.940+0000] {logging_mixin.py:137} INFO - [2025-08-27T05:35:08.940+0000] {dag.py:3441} INFO - Setting next_dagrun for example_task_group_decorator to 2025-08-26T05:35:08.939796+00:00, run_after=2025-08-27T05:35:08.939796+00:00
[2025-08-27T05:35:08.951+0000] {processor.py:175} INFO - Processing /home/airflow/.local/lib/python3.7/site-packages/airflow/example_dags/example_task_group_decorator.py took 0.058 seconds
[2025-08-27T06:12:36.838+0000] {processor.py:153} INFO - Started process (PID=20330) to work on /home/airflow/.local/lib/python3.7/site-packages/airflow/example_dags/example_task_group_decorator.py
[2025-08-27T06:12:36.839+0000] {processor.py:743} INFO - Processing file /home/airflow/.local/lib/python3.7/site-packages/airflow/example_dags/example_task_group_decorator.py for tasks to queue
[2025-08-27T06:12:36.839+0000] {logging_mixin.py:137} INFO - [2025-08-27T06:12:36.839+0000] {dagbag.py:538} INFO - Filling up the DagBag from /home/airflow/.local/lib/python3.7/site-packages/airflow/example_dags/example_task_group_decorator.py
[2025-08-27T06:12:36.856+0000] {processor.py:753} INFO - DAG(s) dict_keys(['example_task_group_decorator']) retrieved from /home/airflow/.local/lib/python3.7/site-packages/airflow/example_dags/example_task_group_decorator.py
[2025-08-27T06:12:36.878+0000] {logging_mixin.py:137} INFO - [2025-08-27T06:12:36.878+0000] {dag.py:2690} INFO - Sync 1 DAGs
[2025-08-27T06:12:36.892+0000] {logging_mixin.py:137} INFO - [2025-08-27T06:12:36.892+0000] {dag.py:3441} INFO - Setting next_dagrun for example_task_group_decorator to 2025-08-26T06:12:36.892527+00:00, run_after=2025-08-27T06:12:36.892527+00:00
[2025-08-27T06:12:36.907+0000] {processor.py:175} INFO - Processing /home/airflow/.local/lib/python3.7/site-packages/airflow/example_dags/example_task_group_decorator.py took 0.072 seconds
[2025-08-27T06:55:18.678+0000] {processor.py:153} INFO - Started process (PID=20430) to work on /home/airflow/.local/lib/python3.7/site-packages/airflow/example_dags/example_task_group_decorator.py
[2025-08-27T06:55:18.679+0000] {processor.py:743} INFO - Processing file /home/airflow/.local/lib/python3.7/site-packages/airflow/example_dags/example_task_group_decorator.py for tasks to queue
[2025-08-27T06:55:18.679+0000] {logging_mixin.py:137} INFO - [2025-08-27T06:55:18.679+0000] {dagbag.py:538} INFO - Filling up the DagBag from /home/airflow/.local/lib/python3.7/site-packages/airflow/example_dags/example_task_group_decorator.py
[2025-08-27T06:55:18.691+0000] {processor.py:753} INFO - DAG(s) dict_keys(['example_task_group_decorator']) retrieved from /home/airflow/.local/lib/python3.7/site-packages/airflow/example_dags/example_task_group_decorator.py
[2025-08-27T06:55:18.703+0000] {logging_mixin.py:137} INFO - [2025-08-27T06:55:18.703+0000] {dag.py:2690} INFO - Sync 1 DAGs
[2025-08-27T06:55:18.713+0000] {logging_mixin.py:137} INFO - [2025-08-27T06:55:18.713+0000] {dag.py:3441} INFO - Setting next_dagrun for example_task_group_decorator to 2025-08-26T06:55:18.713161+00:00, run_after=2025-08-27T06:55:18.713161+00:00
[2025-08-27T06:55:18.720+0000] {processor.py:175} INFO - Processing /home/airflow/.local/lib/python3.7/site-packages/airflow/example_dags/example_task_group_decorator.py took 0.043 seconds
[2025-08-27T07:53:52.025+0000] {processor.py:153} INFO - Started process (PID=20530) to work on /home/airflow/.local/lib/python3.7/site-packages/airflow/example_dags/example_task_group_decorator.py
[2025-08-27T07:53:52.025+0000] {processor.py:743} INFO - Processing file /home/airflow/.local/lib/python3.7/site-packages/airflow/example_dags/example_task_group_decorator.py for tasks to queue
[2025-08-27T07:53:52.026+0000] {logging_mixin.py:137} INFO - [2025-08-27T07:53:52.025+0000] {dagbag.py:538} INFO - Filling up the DagBag from /home/airflow/.local/lib/python3.7/site-packages/airflow/example_dags/example_task_group_decorator.py
[2025-08-27T07:53:52.040+0000] {processor.py:753} INFO - DAG(s) dict_keys(['example_task_group_decorator']) retrieved from /home/airflow/.local/lib/python3.7/site-packages/airflow/example_dags/example_task_group_decorator.py
[2025-08-27T07:53:52.052+0000] {logging_mixin.py:137} INFO - [2025-08-27T07:53:52.052+0000] {dag.py:2690} INFO - Sync 1 DAGs
[2025-08-27T07:53:52.062+0000] {logging_mixin.py:137} INFO - [2025-08-27T07:53:52.062+0000] {dag.py:3441} INFO - Setting next_dagrun for example_task_group_decorator to 2025-08-26T07:53:52.062362+00:00, run_after=2025-08-27T07:53:52.062362+00:00
[2025-08-27T07:53:52.070+0000] {processor.py:175} INFO - Processing /home/airflow/.local/lib/python3.7/site-packages/airflow/example_dags/example_task_group_decorator.py took 0.047 seconds
[2025-08-27T08:23:39.297+0000] {processor.py:153} INFO - Started process (PID=20610) to work on /home/airflow/.local/lib/python3.7/site-packages/airflow/example_dags/example_task_group_decorator.py
[2025-08-27T08:23:39.298+0000] {processor.py:743} INFO - Processing file /home/airflow/.local/lib/python3.7/site-packages/airflow/example_dags/example_task_group_decorator.py for tasks to queue
[2025-08-27T08:23:39.298+0000] {logging_mixin.py:137} INFO - [2025-08-27T08:23:39.298+0000] {dagbag.py:538} INFO - Filling up the DagBag from /home/airflow/.local/lib/python3.7/site-packages/airflow/example_dags/example_task_group_decorator.py
[2025-08-27T08:23:39.310+0000] {processor.py:753} INFO - DAG(s) dict_keys(['example_task_group_decorator']) retrieved from /home/airflow/.local/lib/python3.7/site-packages/airflow/example_dags/example_task_group_decorator.py
[2025-08-27T08:23:39.321+0000] {logging_mixin.py:137} INFO - [2025-08-27T08:23:39.321+0000] {dag.py:2690} INFO - Sync 1 DAGs
[2025-08-27T08:23:39.331+0000] {logging_mixin.py:137} INFO - [2025-08-27T08:23:39.331+0000] {dag.py:3441} INFO - Setting next_dagrun for example_task_group_decorator to 2025-08-26T08:23:39.331808+00:00, run_after=2025-08-27T08:23:39.331808+00:00
[2025-08-27T08:23:39.339+0000] {processor.py:175} INFO - Processing /home/airflow/.local/lib/python3.7/site-packages/airflow/example_dags/example_task_group_decorator.py took 0.043 seconds
[2025-08-27T09:35:50.551+0000] {processor.py:153} INFO - Started process (PID=20710) to work on /home/airflow/.local/lib/python3.7/site-packages/airflow/example_dags/example_task_group_decorator.py
[2025-08-27T09:35:50.551+0000] {processor.py:743} INFO - Processing file /home/airflow/.local/lib/python3.7/site-packages/airflow/example_dags/example_task_group_decorator.py for tasks to queue
[2025-08-27T09:35:50.551+0000] {logging_mixin.py:137} INFO - [2025-08-27T09:35:50.551+0000] {dagbag.py:538} INFO - Filling up the DagBag from /home/airflow/.local/lib/python3.7/site-packages/airflow/example_dags/example_task_group_decorator.py
[2025-08-27T09:35:50.563+0000] {processor.py:753} INFO - DAG(s) dict_keys(['example_task_group_decorator']) retrieved from /home/airflow/.local/lib/python3.7/site-packages/airflow/example_dags/example_task_group_decorator.py
[2025-08-27T09:35:50.574+0000] {logging_mixin.py:137} INFO - [2025-08-27T09:35:50.574+0000] {dag.py:2690} INFO - Sync 1 DAGs
[2025-08-27T09:35:50.584+0000] {logging_mixin.py:137} INFO - [2025-08-27T09:35:50.584+0000] {dag.py:3441} INFO - Setting next_dagrun for example_task_group_decorator to 2025-08-26T09:35:50.584666+00:00, run_after=2025-08-27T09:35:50.584666+00:00
[2025-08-27T09:35:50.591+0000] {processor.py:175} INFO - Processing /home/airflow/.local/lib/python3.7/site-packages/airflow/example_dags/example_task_group_decorator.py took 0.042 seconds
[2025-08-27T09:36:49.417+0000] {processor.py:153} INFO - Started process (PID=20810) to work on /home/airflow/.local/lib/python3.7/site-packages/airflow/example_dags/example_task_group_decorator.py
[2025-08-27T09:36:49.417+0000] {processor.py:743} INFO - Processing file /home/airflow/.local/lib/python3.7/site-packages/airflow/example_dags/example_task_group_decorator.py for tasks to queue
[2025-08-27T09:36:49.418+0000] {logging_mixin.py:137} INFO - [2025-08-27T09:36:49.418+0000] {dagbag.py:538} INFO - Filling up the DagBag from /home/airflow/.local/lib/python3.7/site-packages/airflow/example_dags/example_task_group_decorator.py
[2025-08-27T09:36:49.430+0000] {processor.py:753} INFO - DAG(s) dict_keys(['example_task_group_decorator']) retrieved from /home/airflow/.local/lib/python3.7/site-packages/airflow/example_dags/example_task_group_decorator.py
[2025-08-27T09:36:49.442+0000] {logging_mixin.py:137} INFO - [2025-08-27T09:36:49.442+0000] {dag.py:2690} INFO - Sync 1 DAGs
[2025-08-27T09:36:49.452+0000] {logging_mixin.py:137} INFO - [2025-08-27T09:36:49.452+0000] {dag.py:3441} INFO - Setting next_dagrun for example_task_group_decorator to 2025-08-26T09:36:49.452137+00:00, run_after=2025-08-27T09:36:49.452137+00:00
[2025-08-27T09:36:49.459+0000] {processor.py:175} INFO - Processing /home/airflow/.local/lib/python3.7/site-packages/airflow/example_dags/example_task_group_decorator.py took 0.044 seconds
[2025-08-27T09:38:52.673+0000] {processor.py:153} INFO - Started process (PID=20910) to work on /home/airflow/.local/lib/python3.7/site-packages/airflow/example_dags/example_task_group_decorator.py
[2025-08-27T09:38:52.674+0000] {processor.py:743} INFO - Processing file /home/airflow/.local/lib/python3.7/site-packages/airflow/example_dags/example_task_group_decorator.py for tasks to queue
[2025-08-27T09:38:52.674+0000] {logging_mixin.py:137} INFO - [2025-08-27T09:38:52.674+0000] {dagbag.py:538} INFO - Filling up the DagBag from /home/airflow/.local/lib/python3.7/site-packages/airflow/example_dags/example_task_group_decorator.py
[2025-08-27T09:38:52.686+0000] {processor.py:753} INFO - DAG(s) dict_keys(['example_task_group_decorator']) retrieved from /home/airflow/.local/lib/python3.7/site-packages/airflow/example_dags/example_task_group_decorator.py
[2025-08-27T09:38:52.699+0000] {logging_mixin.py:137} INFO - [2025-08-27T09:38:52.699+0000] {dag.py:2690} INFO - Sync 1 DAGs
[2025-08-27T09:38:52.710+0000] {logging_mixin.py:137} INFO - [2025-08-27T09:38:52.710+0000] {dag.py:3441} INFO - Setting next_dagrun for example_task_group_decorator to 2025-08-26T09:38:52.709975+00:00, run_after=2025-08-27T09:38:52.709975+00:00
[2025-08-27T09:38:52.718+0000] {processor.py:175} INFO - Processing /home/airflow/.local/lib/python3.7/site-packages/airflow/example_dags/example_task_group_decorator.py took 0.046 seconds
[2025-08-27T09:39:38.758+0000] {processor.py:153} INFO - Started process (PID=20990) to work on /home/airflow/.local/lib/python3.7/site-packages/airflow/example_dags/example_task_group_decorator.py
[2025-08-27T09:39:38.759+0000] {processor.py:743} INFO - Processing file /home/airflow/.local/lib/python3.7/site-packages/airflow/example_dags/example_task_group_decorator.py for tasks to queue
[2025-08-27T09:39:38.759+0000] {logging_mixin.py:137} INFO - [2025-08-27T09:39:38.759+0000] {dagbag.py:538} INFO - Filling up the DagBag from /home/airflow/.local/lib/python3.7/site-packages/airflow/example_dags/example_task_group_decorator.py
[2025-08-27T09:39:38.770+0000] {processor.py:753} INFO - DAG(s) dict_keys(['example_task_group_decorator']) retrieved from /home/airflow/.local/lib/python3.7/site-packages/airflow/example_dags/example_task_group_decorator.py
[2025-08-27T09:39:38.782+0000] {logging_mixin.py:137} INFO - [2025-08-27T09:39:38.782+0000] {dag.py:2690} INFO - Sync 1 DAGs
[2025-08-27T09:39:38.792+0000] {logging_mixin.py:137} INFO - [2025-08-27T09:39:38.792+0000] {dag.py:3441} INFO - Setting next_dagrun for example_task_group_decorator to 2025-08-26T09:39:38.792536+00:00, run_after=2025-08-27T09:39:38.792536+00:00
[2025-08-27T09:39:38.799+0000] {processor.py:175} INFO - Processing /home/airflow/.local/lib/python3.7/site-packages/airflow/example_dags/example_task_group_decorator.py took 0.043 seconds
[2025-08-27T09:50:06.126+0000] {processor.py:153} INFO - Started process (PID=21090) to work on /home/airflow/.local/lib/python3.7/site-packages/airflow/example_dags/example_task_group_decorator.py
[2025-08-27T09:50:06.126+0000] {processor.py:743} INFO - Processing file /home/airflow/.local/lib/python3.7/site-packages/airflow/example_dags/example_task_group_decorator.py for tasks to queue
[2025-08-27T09:50:06.127+0000] {logging_mixin.py:137} INFO - [2025-08-27T09:50:06.126+0000] {dagbag.py:538} INFO - Filling up the DagBag from /home/airflow/.local/lib/python3.7/site-packages/airflow/example_dags/example_task_group_decorator.py
[2025-08-27T09:50:06.145+0000] {processor.py:753} INFO - DAG(s) dict_keys(['example_task_group_decorator']) retrieved from /home/airflow/.local/lib/python3.7/site-packages/airflow/example_dags/example_task_group_decorator.py
[2025-08-27T09:50:06.162+0000] {logging_mixin.py:137} INFO - [2025-08-27T09:50:06.161+0000] {dag.py:2690} INFO - Sync 1 DAGs
[2025-08-27T09:50:06.176+0000] {logging_mixin.py:137} INFO - [2025-08-27T09:50:06.176+0000] {dag.py:3441} INFO - Setting next_dagrun for example_task_group_decorator to 2025-08-26T09:50:06.175630+00:00, run_after=2025-08-27T09:50:06.175630+00:00
[2025-08-27T09:50:06.186+0000] {processor.py:175} INFO - Processing /home/airflow/.local/lib/python3.7/site-packages/airflow/example_dags/example_task_group_decorator.py took 0.063 seconds
[2025-08-27T11:12:45.700+0000] {processor.py:153} INFO - Started process (PID=21190) to work on /home/airflow/.local/lib/python3.7/site-packages/airflow/example_dags/example_task_group_decorator.py
[2025-08-27T11:12:45.701+0000] {processor.py:743} INFO - Processing file /home/airflow/.local/lib/python3.7/site-packages/airflow/example_dags/example_task_group_decorator.py for tasks to queue
[2025-08-27T11:12:45.701+0000] {logging_mixin.py:137} INFO - [2025-08-27T11:12:45.701+0000] {dagbag.py:538} INFO - Filling up the DagBag from /home/airflow/.local/lib/python3.7/site-packages/airflow/example_dags/example_task_group_decorator.py
[2025-08-27T11:12:45.714+0000] {processor.py:753} INFO - DAG(s) dict_keys(['example_task_group_decorator']) retrieved from /home/airflow/.local/lib/python3.7/site-packages/airflow/example_dags/example_task_group_decorator.py
[2025-08-27T11:12:45.725+0000] {logging_mixin.py:137} INFO - [2025-08-27T11:12:45.725+0000] {dag.py:2690} INFO - Sync 1 DAGs
[2025-08-27T11:12:45.735+0000] {logging_mixin.py:137} INFO - [2025-08-27T11:12:45.735+0000] {dag.py:3441} INFO - Setting next_dagrun for example_task_group_decorator to 2025-08-26T11:12:45.734899+00:00, run_after=2025-08-27T11:12:45.734899+00:00
[2025-08-27T11:12:45.742+0000] {processor.py:175} INFO - Processing /home/airflow/.local/lib/python3.7/site-packages/airflow/example_dags/example_task_group_decorator.py took 0.044 seconds
[2025-08-27T11:34:31.016+0000] {processor.py:153} INFO - Started process (PID=21270) to work on /home/airflow/.local/lib/python3.7/site-packages/airflow/example_dags/example_task_group_decorator.py
[2025-08-27T11:34:31.016+0000] {processor.py:743} INFO - Processing file /home/airflow/.local/lib/python3.7/site-packages/airflow/example_dags/example_task_group_decorator.py for tasks to queue
[2025-08-27T11:34:31.016+0000] {logging_mixin.py:137} INFO - [2025-08-27T11:34:31.016+0000] {dagbag.py:538} INFO - Filling up the DagBag from /home/airflow/.local/lib/python3.7/site-packages/airflow/example_dags/example_task_group_decorator.py
[2025-08-27T11:34:31.029+0000] {processor.py:753} INFO - DAG(s) dict_keys(['example_task_group_decorator']) retrieved from /home/airflow/.local/lib/python3.7/site-packages/airflow/example_dags/example_task_group_decorator.py
[2025-08-27T11:34:31.041+0000] {logging_mixin.py:137} INFO - [2025-08-27T11:34:31.041+0000] {dag.py:2690} INFO - Sync 1 DAGs
[2025-08-27T11:34:31.052+0000] {logging_mixin.py:137} INFO - [2025-08-27T11:34:31.052+0000] {dag.py:3441} INFO - Setting next_dagrun for example_task_group_decorator to 2025-08-26T11:34:31.052161+00:00, run_after=2025-08-27T11:34:31.052161+00:00
[2025-08-27T11:34:31.059+0000] {processor.py:175} INFO - Processing /home/airflow/.local/lib/python3.7/site-packages/airflow/example_dags/example_task_group_decorator.py took 0.046 seconds
[2025-08-27T11:51:12.878+0000] {processor.py:153} INFO - Started process (PID=21370) to work on /home/airflow/.local/lib/python3.7/site-packages/airflow/example_dags/example_task_group_decorator.py
[2025-08-27T11:51:12.878+0000] {processor.py:743} INFO - Processing file /home/airflow/.local/lib/python3.7/site-packages/airflow/example_dags/example_task_group_decorator.py for tasks to queue
[2025-08-27T11:51:12.879+0000] {logging_mixin.py:137} INFO - [2025-08-27T11:51:12.879+0000] {dagbag.py:538} INFO - Filling up the DagBag from /home/airflow/.local/lib/python3.7/site-packages/airflow/example_dags/example_task_group_decorator.py
[2025-08-27T11:51:12.891+0000] {processor.py:753} INFO - DAG(s) dict_keys(['example_task_group_decorator']) retrieved from /home/airflow/.local/lib/python3.7/site-packages/airflow/example_dags/example_task_group_decorator.py
[2025-08-27T11:51:12.903+0000] {logging_mixin.py:137} INFO - [2025-08-27T11:51:12.902+0000] {dag.py:2690} INFO - Sync 1 DAGs
[2025-08-27T11:51:12.913+0000] {logging_mixin.py:137} INFO - [2025-08-27T11:51:12.912+0000] {dag.py:3441} INFO - Setting next_dagrun for example_task_group_decorator to 2025-08-26T11:51:12.912847+00:00, run_after=2025-08-27T11:51:12.912847+00:00
[2025-08-27T11:51:12.920+0000] {processor.py:175} INFO - Processing /home/airflow/.local/lib/python3.7/site-packages/airflow/example_dags/example_task_group_decorator.py took 0.044 seconds
[2025-08-27T11:53:11.574+0000] {processor.py:153} INFO - Started process (PID=21470) to work on /home/airflow/.local/lib/python3.7/site-packages/airflow/example_dags/example_task_group_decorator.py
[2025-08-27T11:53:11.574+0000] {processor.py:743} INFO - Processing file /home/airflow/.local/lib/python3.7/site-packages/airflow/example_dags/example_task_group_decorator.py for tasks to queue
[2025-08-27T11:53:11.575+0000] {logging_mixin.py:137} INFO - [2025-08-27T11:53:11.574+0000] {dagbag.py:538} INFO - Filling up the DagBag from /home/airflow/.local/lib/python3.7/site-packages/airflow/example_dags/example_task_group_decorator.py
[2025-08-27T11:53:11.587+0000] {processor.py:753} INFO - DAG(s) dict_keys(['example_task_group_decorator']) retrieved from /home/airflow/.local/lib/python3.7/site-packages/airflow/example_dags/example_task_group_decorator.py
[2025-08-27T11:53:11.599+0000] {logging_mixin.py:137} INFO - [2025-08-27T11:53:11.599+0000] {dag.py:2690} INFO - Sync 1 DAGs
[2025-08-27T11:53:11.610+0000] {logging_mixin.py:137} INFO - [2025-08-27T11:53:11.610+0000] {dag.py:3441} INFO - Setting next_dagrun for example_task_group_decorator to 2025-08-26T11:53:11.610231+00:00, run_after=2025-08-27T11:53:11.610231+00:00
[2025-08-27T11:53:11.617+0000] {processor.py:175} INFO - Processing /home/airflow/.local/lib/python3.7/site-packages/airflow/example_dags/example_task_group_decorator.py took 0.045 seconds
[2025-08-27T11:58:52.987+0000] {processor.py:153} INFO - Started process (PID=21570) to work on /home/airflow/.local/lib/python3.7/site-packages/airflow/example_dags/example_task_group_decorator.py
[2025-08-27T11:58:52.987+0000] {processor.py:743} INFO - Processing file /home/airflow/.local/lib/python3.7/site-packages/airflow/example_dags/example_task_group_decorator.py for tasks to queue
[2025-08-27T11:58:52.987+0000] {logging_mixin.py:137} INFO - [2025-08-27T11:58:52.987+0000] {dagbag.py:538} INFO - Filling up the DagBag from /home/airflow/.local/lib/python3.7/site-packages/airflow/example_dags/example_task_group_decorator.py
[2025-08-27T11:58:53.000+0000] {processor.py:753} INFO - DAG(s) dict_keys(['example_task_group_decorator']) retrieved from /home/airflow/.local/lib/python3.7/site-packages/airflow/example_dags/example_task_group_decorator.py
[2025-08-27T11:58:53.011+0000] {logging_mixin.py:137} INFO - [2025-08-27T11:58:53.011+0000] {dag.py:2690} INFO - Sync 1 DAGs
[2025-08-27T11:58:53.022+0000] {logging_mixin.py:137} INFO - [2025-08-27T11:58:53.022+0000] {dag.py:3441} INFO - Setting next_dagrun for example_task_group_decorator to 2025-08-26T11:58:53.022287+00:00, run_after=2025-08-27T11:58:53.022287+00:00
[2025-08-27T11:58:53.029+0000] {processor.py:175} INFO - Processing /home/airflow/.local/lib/python3.7/site-packages/airflow/example_dags/example_task_group_decorator.py took 0.044 seconds
[2025-08-27T12:11:20.172+0000] {processor.py:153} INFO - Started process (PID=21650) to work on /home/airflow/.local/lib/python3.7/site-packages/airflow/example_dags/example_task_group_decorator.py
[2025-08-27T12:11:20.173+0000] {processor.py:743} INFO - Processing file /home/airflow/.local/lib/python3.7/site-packages/airflow/example_dags/example_task_group_decorator.py for tasks to queue
[2025-08-27T12:11:20.174+0000] {logging_mixin.py:137} INFO - [2025-08-27T12:11:20.174+0000] {dagbag.py:538} INFO - Filling up the DagBag from /home/airflow/.local/lib/python3.7/site-packages/airflow/example_dags/example_task_group_decorator.py
[2025-08-27T12:11:20.191+0000] {processor.py:753} INFO - DAG(s) dict_keys(['example_task_group_decorator']) retrieved from /home/airflow/.local/lib/python3.7/site-packages/airflow/example_dags/example_task_group_decorator.py
[2025-08-27T12:11:20.208+0000] {logging_mixin.py:137} INFO - [2025-08-27T12:11:20.208+0000] {dag.py:2690} INFO - Sync 1 DAGs
[2025-08-27T12:11:20.219+0000] {logging_mixin.py:137} INFO - [2025-08-27T12:11:20.219+0000] {dag.py:3441} INFO - Setting next_dagrun for example_task_group_decorator to 2025-08-26T12:11:20.219523+00:00, run_after=2025-08-27T12:11:20.219523+00:00
[2025-08-27T12:11:20.230+0000] {processor.py:175} INFO - Processing /home/airflow/.local/lib/python3.7/site-packages/airflow/example_dags/example_task_group_decorator.py took 0.060 seconds
[2025-08-27T12:14:24.353+0000] {processor.py:153} INFO - Started process (PID=21750) to work on /home/airflow/.local/lib/python3.7/site-packages/airflow/example_dags/example_task_group_decorator.py
[2025-08-27T12:14:24.353+0000] {processor.py:743} INFO - Processing file /home/airflow/.local/lib/python3.7/site-packages/airflow/example_dags/example_task_group_decorator.py for tasks to queue
[2025-08-27T12:14:24.353+0000] {logging_mixin.py:137} INFO - [2025-08-27T12:14:24.353+0000] {dagbag.py:538} INFO - Filling up the DagBag from /home/airflow/.local/lib/python3.7/site-packages/airflow/example_dags/example_task_group_decorator.py
[2025-08-27T12:14:24.372+0000] {processor.py:753} INFO - DAG(s) dict_keys(['example_task_group_decorator']) retrieved from /home/airflow/.local/lib/python3.7/site-packages/airflow/example_dags/example_task_group_decorator.py
[2025-08-27T12:14:24.387+0000] {logging_mixin.py:137} INFO - [2025-08-27T12:14:24.387+0000] {dag.py:2690} INFO - Sync 1 DAGs
[2025-08-27T12:14:24.398+0000] {logging_mixin.py:137} INFO - [2025-08-27T12:14:24.398+0000] {dag.py:3441} INFO - Setting next_dagrun for example_task_group_decorator to 2025-08-26T12:14:24.398341+00:00, run_after=2025-08-27T12:14:24.398341+00:00
[2025-08-27T12:14:24.407+0000] {processor.py:175} INFO - Processing /home/airflow/.local/lib/python3.7/site-packages/airflow/example_dags/example_task_group_decorator.py took 0.057 seconds
[2025-08-27T12:27:56.938+0000] {processor.py:153} INFO - Started process (PID=21850) to work on /home/airflow/.local/lib/python3.7/site-packages/airflow/example_dags/example_task_group_decorator.py
[2025-08-27T12:27:56.939+0000] {processor.py:743} INFO - Processing file /home/airflow/.local/lib/python3.7/site-packages/airflow/example_dags/example_task_group_decorator.py for tasks to queue
[2025-08-27T12:27:56.939+0000] {logging_mixin.py:137} INFO - [2025-08-27T12:27:56.939+0000] {dagbag.py:538} INFO - Filling up the DagBag from /home/airflow/.local/lib/python3.7/site-packages/airflow/example_dags/example_task_group_decorator.py
[2025-08-27T12:27:56.956+0000] {processor.py:753} INFO - DAG(s) dict_keys(['example_task_group_decorator']) retrieved from /home/airflow/.local/lib/python3.7/site-packages/airflow/example_dags/example_task_group_decorator.py
[2025-08-27T12:27:56.980+0000] {logging_mixin.py:137} INFO - [2025-08-27T12:27:56.980+0000] {dag.py:2690} INFO - Sync 1 DAGs
[2025-08-27T12:27:56.998+0000] {logging_mixin.py:137} INFO - [2025-08-27T12:27:56.998+0000] {dag.py:3441} INFO - Setting next_dagrun for example_task_group_decorator to 2025-08-26T12:27:56.998220+00:00, run_after=2025-08-27T12:27:56.998220+00:00
[2025-08-27T12:27:57.010+0000] {processor.py:175} INFO - Processing /home/airflow/.local/lib/python3.7/site-packages/airflow/example_dags/example_task_group_decorator.py took 0.073 seconds
[2025-08-27T12:38:25.185+0000] {processor.py:153} INFO - Started process (PID=21930) to work on /home/airflow/.local/lib/python3.7/site-packages/airflow/example_dags/example_task_group_decorator.py
[2025-08-27T12:38:25.187+0000] {processor.py:743} INFO - Processing file /home/airflow/.local/lib/python3.7/site-packages/airflow/example_dags/example_task_group_decorator.py for tasks to queue
[2025-08-27T12:38:25.187+0000] {logging_mixin.py:137} INFO - [2025-08-27T12:38:25.187+0000] {dagbag.py:538} INFO - Filling up the DagBag from /home/airflow/.local/lib/python3.7/site-packages/airflow/example_dags/example_task_group_decorator.py
[2025-08-27T12:38:25.203+0000] {processor.py:753} INFO - DAG(s) dict_keys(['example_task_group_decorator']) retrieved from /home/airflow/.local/lib/python3.7/site-packages/airflow/example_dags/example_task_group_decorator.py
[2025-08-27T12:38:25.218+0000] {logging_mixin.py:137} INFO - [2025-08-27T12:38:25.218+0000] {dag.py:2690} INFO - Sync 1 DAGs
[2025-08-27T12:38:25.230+0000] {logging_mixin.py:137} INFO - [2025-08-27T12:38:25.229+0000] {dag.py:3441} INFO - Setting next_dagrun for example_task_group_decorator to 2025-08-26T12:38:25.229858+00:00, run_after=2025-08-27T12:38:25.229858+00:00
[2025-08-27T12:38:25.237+0000] {processor.py:175} INFO - Processing /home/airflow/.local/lib/python3.7/site-packages/airflow/example_dags/example_task_group_decorator.py took 0.054 seconds
[2025-08-27T12:57:12.056+0000] {processor.py:153} INFO - Started process (PID=22030) to work on /home/airflow/.local/lib/python3.7/site-packages/airflow/example_dags/example_task_group_decorator.py
[2025-08-27T12:57:12.056+0000] {processor.py:743} INFO - Processing file /home/airflow/.local/lib/python3.7/site-packages/airflow/example_dags/example_task_group_decorator.py for tasks to queue
[2025-08-27T12:57:12.057+0000] {logging_mixin.py:137} INFO - [2025-08-27T12:57:12.057+0000] {dagbag.py:538} INFO - Filling up the DagBag from /home/airflow/.local/lib/python3.7/site-packages/airflow/example_dags/example_task_group_decorator.py
[2025-08-27T12:57:12.070+0000] {processor.py:753} INFO - DAG(s) dict_keys(['example_task_group_decorator']) retrieved from /home/airflow/.local/lib/python3.7/site-packages/airflow/example_dags/example_task_group_decorator.py
[2025-08-27T12:57:12.082+0000] {logging_mixin.py:137} INFO - [2025-08-27T12:57:12.082+0000] {dag.py:2690} INFO - Sync 1 DAGs
[2025-08-27T12:57:12.092+0000] {logging_mixin.py:137} INFO - [2025-08-27T12:57:12.092+0000] {dag.py:3441} INFO - Setting next_dagrun for example_task_group_decorator to 2025-08-26T12:57:12.092021+00:00, run_after=2025-08-27T12:57:12.092021+00:00
[2025-08-27T12:57:12.099+0000] {processor.py:175} INFO - Processing /home/airflow/.local/lib/python3.7/site-packages/airflow/example_dags/example_task_group_decorator.py took 0.045 seconds
[2025-08-27T12:57:42.613+0000] {processor.py:153} INFO - Started process (PID=22130) to work on /home/airflow/.local/lib/python3.7/site-packages/airflow/example_dags/example_task_group_decorator.py
[2025-08-27T12:57:42.614+0000] {processor.py:743} INFO - Processing file /home/airflow/.local/lib/python3.7/site-packages/airflow/example_dags/example_task_group_decorator.py for tasks to queue
[2025-08-27T12:57:42.614+0000] {logging_mixin.py:137} INFO - [2025-08-27T12:57:42.614+0000] {dagbag.py:538} INFO - Filling up the DagBag from /home/airflow/.local/lib/python3.7/site-packages/airflow/example_dags/example_task_group_decorator.py
[2025-08-27T12:57:42.627+0000] {processor.py:753} INFO - DAG(s) dict_keys(['example_task_group_decorator']) retrieved from /home/airflow/.local/lib/python3.7/site-packages/airflow/example_dags/example_task_group_decorator.py
[2025-08-27T12:57:42.639+0000] {logging_mixin.py:137} INFO - [2025-08-27T12:57:42.639+0000] {dag.py:2690} INFO - Sync 1 DAGs
[2025-08-27T12:57:42.650+0000] {logging_mixin.py:137} INFO - [2025-08-27T12:57:42.650+0000] {dag.py:3441} INFO - Setting next_dagrun for example_task_group_decorator to 2025-08-26T12:57:42.649909+00:00, run_after=2025-08-27T12:57:42.649909+00:00
[2025-08-27T12:57:42.657+0000] {processor.py:175} INFO - Processing /home/airflow/.local/lib/python3.7/site-packages/airflow/example_dags/example_task_group_decorator.py took 0.045 seconds
[2025-08-27T13:27:10.403+0000] {processor.py:153} INFO - Started process (PID=22230) to work on /home/airflow/.local/lib/python3.7/site-packages/airflow/example_dags/example_task_group_decorator.py
[2025-08-27T13:27:10.403+0000] {processor.py:743} INFO - Processing file /home/airflow/.local/lib/python3.7/site-packages/airflow/example_dags/example_task_group_decorator.py for tasks to queue
[2025-08-27T13:27:10.404+0000] {logging_mixin.py:137} INFO - [2025-08-27T13:27:10.404+0000] {dagbag.py:538} INFO - Filling up the DagBag from /home/airflow/.local/lib/python3.7/site-packages/airflow/example_dags/example_task_group_decorator.py
[2025-08-27T13:27:10.417+0000] {processor.py:753} INFO - DAG(s) dict_keys(['example_task_group_decorator']) retrieved from /home/airflow/.local/lib/python3.7/site-packages/airflow/example_dags/example_task_group_decorator.py
[2025-08-27T13:27:10.434+0000] {logging_mixin.py:137} INFO - [2025-08-27T13:27:10.434+0000] {dag.py:2690} INFO - Sync 1 DAGs
[2025-08-27T13:27:10.447+0000] {logging_mixin.py:137} INFO - [2025-08-27T13:27:10.447+0000] {dag.py:3441} INFO - Setting next_dagrun for example_task_group_decorator to 2025-08-26T13:27:10.446987+00:00, run_after=2025-08-27T13:27:10.446987+00:00
[2025-08-27T13:27:10.455+0000] {processor.py:175} INFO - Processing /home/airflow/.local/lib/python3.7/site-packages/airflow/example_dags/example_task_group_decorator.py took 0.053 seconds
[2025-08-27T13:30:12.110+0000] {processor.py:153} INFO - Started process (PID=22310) to work on /home/airflow/.local/lib/python3.7/site-packages/airflow/example_dags/example_task_group_decorator.py
[2025-08-27T13:30:12.111+0000] {processor.py:743} INFO - Processing file /home/airflow/.local/lib/python3.7/site-packages/airflow/example_dags/example_task_group_decorator.py for tasks to queue
[2025-08-27T13:30:12.112+0000] {logging_mixin.py:137} INFO - [2025-08-27T13:30:12.112+0000] {dagbag.py:538} INFO - Filling up the DagBag from /home/airflow/.local/lib/python3.7/site-packages/airflow/example_dags/example_task_group_decorator.py
[2025-08-27T13:30:12.148+0000] {processor.py:753} INFO - DAG(s) dict_keys(['example_task_group_decorator']) retrieved from /home/airflow/.local/lib/python3.7/site-packages/airflow/example_dags/example_task_group_decorator.py
[2025-08-27T13:30:12.418+0000] {logging_mixin.py:137} INFO - [2025-08-27T13:30:12.418+0000] {dag.py:2690} INFO - Sync 1 DAGs
[2025-08-27T13:30:12.437+0000] {logging_mixin.py:137} INFO - [2025-08-27T13:30:12.437+0000] {dag.py:3441} INFO - Setting next_dagrun for example_task_group_decorator to 2025-08-26T13:30:12.436601+00:00, run_after=2025-08-27T13:30:12.436601+00:00
[2025-08-27T13:30:12.456+0000] {processor.py:175} INFO - Processing /home/airflow/.local/lib/python3.7/site-packages/airflow/example_dags/example_task_group_decorator.py took 0.349 seconds
[2025-08-27T13:37:06.245+0000] {processor.py:153} INFO - Started process (PID=22410) to work on /home/airflow/.local/lib/python3.7/site-packages/airflow/example_dags/example_task_group_decorator.py
[2025-08-27T13:37:06.246+0000] {processor.py:743} INFO - Processing file /home/airflow/.local/lib/python3.7/site-packages/airflow/example_dags/example_task_group_decorator.py for tasks to queue
[2025-08-27T13:37:06.246+0000] {logging_mixin.py:137} INFO - [2025-08-27T13:37:06.246+0000] {dagbag.py:538} INFO - Filling up the DagBag from /home/airflow/.local/lib/python3.7/site-packages/airflow/example_dags/example_task_group_decorator.py
[2025-08-27T13:37:06.259+0000] {processor.py:753} INFO - DAG(s) dict_keys(['example_task_group_decorator']) retrieved from /home/airflow/.local/lib/python3.7/site-packages/airflow/example_dags/example_task_group_decorator.py
[2025-08-27T13:37:06.277+0000] {logging_mixin.py:137} INFO - [2025-08-27T13:37:06.277+0000] {dag.py:2690} INFO - Sync 1 DAGs
[2025-08-27T13:37:06.290+0000] {logging_mixin.py:137} INFO - [2025-08-27T13:37:06.290+0000] {dag.py:3441} INFO - Setting next_dagrun for example_task_group_decorator to 2025-08-26T13:37:06.290652+00:00, run_after=2025-08-27T13:37:06.290652+00:00
[2025-08-27T13:37:06.303+0000] {processor.py:175} INFO - Processing /home/airflow/.local/lib/python3.7/site-packages/airflow/example_dags/example_task_group_decorator.py took 0.059 seconds
[2025-08-27T13:51:01.137+0000] {processor.py:153} INFO - Started process (PID=22510) to work on /home/airflow/.local/lib/python3.7/site-packages/airflow/example_dags/example_task_group_decorator.py
[2025-08-27T13:51:01.137+0000] {processor.py:743} INFO - Processing file /home/airflow/.local/lib/python3.7/site-packages/airflow/example_dags/example_task_group_decorator.py for tasks to queue
[2025-08-27T13:51:01.138+0000] {logging_mixin.py:137} INFO - [2025-08-27T13:51:01.138+0000] {dagbag.py:538} INFO - Filling up the DagBag from /home/airflow/.local/lib/python3.7/site-packages/airflow/example_dags/example_task_group_decorator.py
[2025-08-27T13:51:01.153+0000] {processor.py:753} INFO - DAG(s) dict_keys(['example_task_group_decorator']) retrieved from /home/airflow/.local/lib/python3.7/site-packages/airflow/example_dags/example_task_group_decorator.py
[2025-08-27T13:51:01.169+0000] {logging_mixin.py:137} INFO - [2025-08-27T13:51:01.169+0000] {dag.py:2690} INFO - Sync 1 DAGs
[2025-08-27T13:51:01.184+0000] {logging_mixin.py:137} INFO - [2025-08-27T13:51:01.184+0000] {dag.py:3441} INFO - Setting next_dagrun for example_task_group_decorator to 2025-08-26T13:51:01.184298+00:00, run_after=2025-08-27T13:51:01.184298+00:00
[2025-08-27T13:51:01.196+0000] {processor.py:175} INFO - Processing /home/airflow/.local/lib/python3.7/site-packages/airflow/example_dags/example_task_group_decorator.py took 0.061 seconds
[2025-08-27T14:01:05.675+0000] {processor.py:153} INFO - Started process (PID=22590) to work on /home/airflow/.local/lib/python3.7/site-packages/airflow/example_dags/example_task_group_decorator.py
[2025-08-27T14:01:05.676+0000] {processor.py:743} INFO - Processing file /home/airflow/.local/lib/python3.7/site-packages/airflow/example_dags/example_task_group_decorator.py for tasks to queue
[2025-08-27T14:01:05.676+0000] {logging_mixin.py:137} INFO - [2025-08-27T14:01:05.676+0000] {dagbag.py:538} INFO - Filling up the DagBag from /home/airflow/.local/lib/python3.7/site-packages/airflow/example_dags/example_task_group_decorator.py
[2025-08-27T14:01:05.694+0000] {processor.py:753} INFO - DAG(s) dict_keys(['example_task_group_decorator']) retrieved from /home/airflow/.local/lib/python3.7/site-packages/airflow/example_dags/example_task_group_decorator.py
[2025-08-27T14:01:05.708+0000] {logging_mixin.py:137} INFO - [2025-08-27T14:01:05.708+0000] {dag.py:2690} INFO - Sync 1 DAGs
[2025-08-27T14:01:05.717+0000] {logging_mixin.py:137} INFO - [2025-08-27T14:01:05.717+0000] {dag.py:3441} INFO - Setting next_dagrun for example_task_group_decorator to 2025-08-26T14:01:05.717523+00:00, run_after=2025-08-27T14:01:05.717523+00:00
[2025-08-27T14:01:05.725+0000] {processor.py:175} INFO - Processing /home/airflow/.local/lib/python3.7/site-packages/airflow/example_dags/example_task_group_decorator.py took 0.052 seconds
[2025-08-27T14:41:12.267+0000] {processor.py:153} INFO - Started process (PID=22690) to work on /home/airflow/.local/lib/python3.7/site-packages/airflow/example_dags/example_task_group_decorator.py
[2025-08-27T14:41:12.267+0000] {processor.py:743} INFO - Processing file /home/airflow/.local/lib/python3.7/site-packages/airflow/example_dags/example_task_group_decorator.py for tasks to queue
[2025-08-27T14:41:12.268+0000] {logging_mixin.py:137} INFO - [2025-08-27T14:41:12.268+0000] {dagbag.py:538} INFO - Filling up the DagBag from /home/airflow/.local/lib/python3.7/site-packages/airflow/example_dags/example_task_group_decorator.py
[2025-08-27T14:41:12.280+0000] {processor.py:753} INFO - DAG(s) dict_keys(['example_task_group_decorator']) retrieved from /home/airflow/.local/lib/python3.7/site-packages/airflow/example_dags/example_task_group_decorator.py
[2025-08-27T14:41:12.291+0000] {logging_mixin.py:137} INFO - [2025-08-27T14:41:12.291+0000] {dag.py:2690} INFO - Sync 1 DAGs
[2025-08-27T14:41:12.301+0000] {logging_mixin.py:137} INFO - [2025-08-27T14:41:12.301+0000] {dag.py:3441} INFO - Setting next_dagrun for example_task_group_decorator to 2025-08-26T14:41:12.301449+00:00, run_after=2025-08-27T14:41:12.301449+00:00
[2025-08-27T14:41:12.309+0000] {processor.py:175} INFO - Processing /home/airflow/.local/lib/python3.7/site-packages/airflow/example_dags/example_task_group_decorator.py took 0.044 seconds
[2025-08-27T14:43:54.007+0000] {processor.py:153} INFO - Started process (PID=22790) to work on /home/airflow/.local/lib/python3.7/site-packages/airflow/example_dags/example_task_group_decorator.py
[2025-08-27T14:43:54.009+0000] {processor.py:743} INFO - Processing file /home/airflow/.local/lib/python3.7/site-packages/airflow/example_dags/example_task_group_decorator.py for tasks to queue
[2025-08-27T14:43:54.012+0000] {logging_mixin.py:137} INFO - [2025-08-27T14:43:54.011+0000] {dagbag.py:538} INFO - Filling up the DagBag from /home/airflow/.local/lib/python3.7/site-packages/airflow/example_dags/example_task_group_decorator.py
[2025-08-27T14:43:54.032+0000] {processor.py:753} INFO - DAG(s) dict_keys(['example_task_group_decorator']) retrieved from /home/airflow/.local/lib/python3.7/site-packages/airflow/example_dags/example_task_group_decorator.py
[2025-08-27T14:43:54.047+0000] {logging_mixin.py:137} INFO - [2025-08-27T14:43:54.047+0000] {dag.py:2690} INFO - Sync 1 DAGs
[2025-08-27T14:43:54.060+0000] {logging_mixin.py:137} INFO - [2025-08-27T14:43:54.060+0000] {dag.py:3441} INFO - Setting next_dagrun for example_task_group_decorator to 2025-08-26T14:43:54.060685+00:00, run_after=2025-08-27T14:43:54.060685+00:00
[2025-08-27T14:43:54.078+0000] {processor.py:175} INFO - Processing /home/airflow/.local/lib/python3.7/site-packages/airflow/example_dags/example_task_group_decorator.py took 0.073 seconds
[2025-08-27T14:54:31.372+0000] {processor.py:153} INFO - Started process (PID=22890) to work on /home/airflow/.local/lib/python3.7/site-packages/airflow/example_dags/example_task_group_decorator.py
[2025-08-27T14:54:31.372+0000] {processor.py:743} INFO - Processing file /home/airflow/.local/lib/python3.7/site-packages/airflow/example_dags/example_task_group_decorator.py for tasks to queue
[2025-08-27T14:54:31.373+0000] {logging_mixin.py:137} INFO - [2025-08-27T14:54:31.373+0000] {dagbag.py:538} INFO - Filling up the DagBag from /home/airflow/.local/lib/python3.7/site-packages/airflow/example_dags/example_task_group_decorator.py
[2025-08-27T14:54:31.389+0000] {processor.py:753} INFO - DAG(s) dict_keys(['example_task_group_decorator']) retrieved from /home/airflow/.local/lib/python3.7/site-packages/airflow/example_dags/example_task_group_decorator.py
[2025-08-27T14:54:31.406+0000] {logging_mixin.py:137} INFO - [2025-08-27T14:54:31.406+0000] {dag.py:2690} INFO - Sync 1 DAGs
[2025-08-27T14:54:31.420+0000] {logging_mixin.py:137} INFO - [2025-08-27T14:54:31.420+0000] {dag.py:3441} INFO - Setting next_dagrun for example_task_group_decorator to 2025-08-26T14:54:31.420156+00:00, run_after=2025-08-27T14:54:31.420156+00:00
[2025-08-27T14:54:31.430+0000] {processor.py:175} INFO - Processing /home/airflow/.local/lib/python3.7/site-packages/airflow/example_dags/example_task_group_decorator.py took 0.060 seconds
[2025-08-27T15:01:38.715+0000] {processor.py:153} INFO - Started process (PID=22970) to work on /home/airflow/.local/lib/python3.7/site-packages/airflow/example_dags/example_task_group_decorator.py
[2025-08-27T15:01:38.716+0000] {processor.py:743} INFO - Processing file /home/airflow/.local/lib/python3.7/site-packages/airflow/example_dags/example_task_group_decorator.py for tasks to queue
[2025-08-27T15:01:38.717+0000] {logging_mixin.py:137} INFO - [2025-08-27T15:01:38.717+0000] {dagbag.py:538} INFO - Filling up the DagBag from /home/airflow/.local/lib/python3.7/site-packages/airflow/example_dags/example_task_group_decorator.py
[2025-08-27T15:01:38.735+0000] {processor.py:753} INFO - DAG(s) dict_keys(['example_task_group_decorator']) retrieved from /home/airflow/.local/lib/python3.7/site-packages/airflow/example_dags/example_task_group_decorator.py
[2025-08-27T15:01:38.753+0000] {logging_mixin.py:137} INFO - [2025-08-27T15:01:38.753+0000] {dag.py:2690} INFO - Sync 1 DAGs
[2025-08-27T15:01:38.770+0000] {logging_mixin.py:137} INFO - [2025-08-27T15:01:38.770+0000] {dag.py:3441} INFO - Setting next_dagrun for example_task_group_decorator to 2025-08-26T15:01:38.769833+00:00, run_after=2025-08-27T15:01:38.769833+00:00
[2025-08-27T15:01:38.781+0000] {processor.py:175} INFO - Processing /home/airflow/.local/lib/python3.7/site-packages/airflow/example_dags/example_task_group_decorator.py took 0.067 seconds
[2025-08-27T15:08:09.303+0000] {processor.py:153} INFO - Started process (PID=23070) to work on /home/airflow/.local/lib/python3.7/site-packages/airflow/example_dags/example_task_group_decorator.py
[2025-08-27T15:08:09.303+0000] {processor.py:743} INFO - Processing file /home/airflow/.local/lib/python3.7/site-packages/airflow/example_dags/example_task_group_decorator.py for tasks to queue
[2025-08-27T15:08:09.304+0000] {logging_mixin.py:137} INFO - [2025-08-27T15:08:09.304+0000] {dagbag.py:538} INFO - Filling up the DagBag from /home/airflow/.local/lib/python3.7/site-packages/airflow/example_dags/example_task_group_decorator.py
[2025-08-27T15:08:09.316+0000] {processor.py:753} INFO - DAG(s) dict_keys(['example_task_group_decorator']) retrieved from /home/airflow/.local/lib/python3.7/site-packages/airflow/example_dags/example_task_group_decorator.py
[2025-08-27T15:08:09.327+0000] {logging_mixin.py:137} INFO - [2025-08-27T15:08:09.327+0000] {dag.py:2690} INFO - Sync 1 DAGs
[2025-08-27T15:08:09.337+0000] {logging_mixin.py:137} INFO - [2025-08-27T15:08:09.337+0000] {dag.py:3441} INFO - Setting next_dagrun for example_task_group_decorator to 2025-08-26T15:08:09.337492+00:00, run_after=2025-08-27T15:08:09.337492+00:00
[2025-08-27T15:08:09.344+0000] {processor.py:175} INFO - Processing /home/airflow/.local/lib/python3.7/site-packages/airflow/example_dags/example_task_group_decorator.py took 0.043 seconds
[2025-08-27T15:18:51.900+0000] {processor.py:153} INFO - Started process (PID=23170) to work on /home/airflow/.local/lib/python3.7/site-packages/airflow/example_dags/example_task_group_decorator.py
[2025-08-27T15:18:51.902+0000] {processor.py:743} INFO - Processing file /home/airflow/.local/lib/python3.7/site-packages/airflow/example_dags/example_task_group_decorator.py for tasks to queue
[2025-08-27T15:18:51.902+0000] {logging_mixin.py:137} INFO - [2025-08-27T15:18:51.902+0000] {dagbag.py:538} INFO - Filling up the DagBag from /home/airflow/.local/lib/python3.7/site-packages/airflow/example_dags/example_task_group_decorator.py
[2025-08-27T15:18:51.915+0000] {processor.py:753} INFO - DAG(s) dict_keys(['example_task_group_decorator']) retrieved from /home/airflow/.local/lib/python3.7/site-packages/airflow/example_dags/example_task_group_decorator.py
[2025-08-27T15:18:51.929+0000] {logging_mixin.py:137} INFO - [2025-08-27T15:18:51.929+0000] {dag.py:2690} INFO - Sync 1 DAGs
[2025-08-27T15:18:51.941+0000] {logging_mixin.py:137} INFO - [2025-08-27T15:18:51.941+0000] {dag.py:3441} INFO - Setting next_dagrun for example_task_group_decorator to 2025-08-26T15:18:51.941147+00:00, run_after=2025-08-27T15:18:51.941147+00:00
[2025-08-27T15:18:51.948+0000] {processor.py:175} INFO - Processing /home/airflow/.local/lib/python3.7/site-packages/airflow/example_dags/example_task_group_decorator.py took 0.050 seconds
[2025-08-27T15:19:36.609+0000] {processor.py:153} INFO - Started process (PID=23250) to work on /home/airflow/.local/lib/python3.7/site-packages/airflow/example_dags/example_task_group_decorator.py
[2025-08-27T15:19:36.609+0000] {processor.py:743} INFO - Processing file /home/airflow/.local/lib/python3.7/site-packages/airflow/example_dags/example_task_group_decorator.py for tasks to queue
[2025-08-27T15:19:36.610+0000] {logging_mixin.py:137} INFO - [2025-08-27T15:19:36.610+0000] {dagbag.py:538} INFO - Filling up the DagBag from /home/airflow/.local/lib/python3.7/site-packages/airflow/example_dags/example_task_group_decorator.py
[2025-08-27T15:19:36.622+0000] {processor.py:753} INFO - DAG(s) dict_keys(['example_task_group_decorator']) retrieved from /home/airflow/.local/lib/python3.7/site-packages/airflow/example_dags/example_task_group_decorator.py
[2025-08-27T15:19:36.633+0000] {logging_mixin.py:137} INFO - [2025-08-27T15:19:36.632+0000] {dag.py:2690} INFO - Sync 1 DAGs
[2025-08-27T15:19:36.641+0000] {logging_mixin.py:137} INFO - [2025-08-27T15:19:36.641+0000] {dag.py:3441} INFO - Setting next_dagrun for example_task_group_decorator to 2025-08-26T15:19:36.641501+00:00, run_after=2025-08-27T15:19:36.641501+00:00
[2025-08-27T15:19:36.648+0000] {processor.py:175} INFO - Processing /home/airflow/.local/lib/python3.7/site-packages/airflow/example_dags/example_task_group_decorator.py took 0.040 seconds
[2025-08-27T15:21:52.605+0000] {processor.py:153} INFO - Started process (PID=23350) to work on /home/airflow/.local/lib/python3.7/site-packages/airflow/example_dags/example_task_group_decorator.py
[2025-08-27T15:21:52.606+0000] {processor.py:743} INFO - Processing file /home/airflow/.local/lib/python3.7/site-packages/airflow/example_dags/example_task_group_decorator.py for tasks to queue
[2025-08-27T15:21:52.606+0000] {logging_mixin.py:137} INFO - [2025-08-27T15:21:52.606+0000] {dagbag.py:538} INFO - Filling up the DagBag from /home/airflow/.local/lib/python3.7/site-packages/airflow/example_dags/example_task_group_decorator.py
[2025-08-27T15:21:52.618+0000] {processor.py:753} INFO - DAG(s) dict_keys(['example_task_group_decorator']) retrieved from /home/airflow/.local/lib/python3.7/site-packages/airflow/example_dags/example_task_group_decorator.py
[2025-08-27T15:21:52.629+0000] {logging_mixin.py:137} INFO - [2025-08-27T15:21:52.629+0000] {dag.py:2690} INFO - Sync 1 DAGs
[2025-08-27T15:21:52.639+0000] {logging_mixin.py:137} INFO - [2025-08-27T15:21:52.639+0000] {dag.py:3441} INFO - Setting next_dagrun for example_task_group_decorator to 2025-08-26T15:21:52.639761+00:00, run_after=2025-08-27T15:21:52.639761+00:00
[2025-08-27T15:21:52.646+0000] {processor.py:175} INFO - Processing /home/airflow/.local/lib/python3.7/site-packages/airflow/example_dags/example_task_group_decorator.py took 0.042 seconds
[2025-08-27T15:25:58.295+0000] {processor.py:153} INFO - Started process (PID=23450) to work on /home/airflow/.local/lib/python3.7/site-packages/airflow/example_dags/example_task_group_decorator.py
[2025-08-27T15:25:58.295+0000] {processor.py:743} INFO - Processing file /home/airflow/.local/lib/python3.7/site-packages/airflow/example_dags/example_task_group_decorator.py for tasks to queue
[2025-08-27T15:25:58.296+0000] {logging_mixin.py:137} INFO - [2025-08-27T15:25:58.295+0000] {dagbag.py:538} INFO - Filling up the DagBag from /home/airflow/.local/lib/python3.7/site-packages/airflow/example_dags/example_task_group_decorator.py
[2025-08-27T15:25:58.308+0000] {processor.py:753} INFO - DAG(s) dict_keys(['example_task_group_decorator']) retrieved from /home/airflow/.local/lib/python3.7/site-packages/airflow/example_dags/example_task_group_decorator.py
[2025-08-27T15:25:58.320+0000] {logging_mixin.py:137} INFO - [2025-08-27T15:25:58.320+0000] {dag.py:2690} INFO - Sync 1 DAGs
[2025-08-27T15:25:58.335+0000] {logging_mixin.py:137} INFO - [2025-08-27T15:25:58.335+0000] {dag.py:3441} INFO - Setting next_dagrun for example_task_group_decorator to 2025-08-26T15:25:58.335161+00:00, run_after=2025-08-27T15:25:58.335161+00:00
[2025-08-27T15:25:58.350+0000] {processor.py:175} INFO - Processing /home/airflow/.local/lib/python3.7/site-packages/airflow/example_dags/example_task_group_decorator.py took 0.057 seconds
[2025-08-27T16:00:39.668+0000] {processor.py:153} INFO - Started process (PID=23550) to work on /home/airflow/.local/lib/python3.7/site-packages/airflow/example_dags/example_task_group_decorator.py
[2025-08-27T16:00:39.669+0000] {processor.py:743} INFO - Processing file /home/airflow/.local/lib/python3.7/site-packages/airflow/example_dags/example_task_group_decorator.py for tasks to queue
[2025-08-27T16:00:39.669+0000] {logging_mixin.py:137} INFO - [2025-08-27T16:00:39.669+0000] {dagbag.py:538} INFO - Filling up the DagBag from /home/airflow/.local/lib/python3.7/site-packages/airflow/example_dags/example_task_group_decorator.py
[2025-08-27T16:00:39.681+0000] {processor.py:753} INFO - DAG(s) dict_keys(['example_task_group_decorator']) retrieved from /home/airflow/.local/lib/python3.7/site-packages/airflow/example_dags/example_task_group_decorator.py
[2025-08-27T16:00:39.692+0000] {logging_mixin.py:137} INFO - [2025-08-27T16:00:39.692+0000] {dag.py:2690} INFO - Sync 1 DAGs
[2025-08-27T16:00:39.701+0000] {logging_mixin.py:137} INFO - [2025-08-27T16:00:39.701+0000] {dag.py:3441} INFO - Setting next_dagrun for example_task_group_decorator to 2025-08-26T16:00:39.700921+00:00, run_after=2025-08-27T16:00:39.700921+00:00
[2025-08-27T16:00:39.707+0000] {processor.py:175} INFO - Processing /home/airflow/.local/lib/python3.7/site-packages/airflow/example_dags/example_task_group_decorator.py took 0.041 seconds
[2025-08-27T16:14:52.745+0000] {processor.py:153} INFO - Started process (PID=23630) to work on /home/airflow/.local/lib/python3.7/site-packages/airflow/example_dags/example_task_group_decorator.py
[2025-08-27T16:14:52.745+0000] {processor.py:743} INFO - Processing file /home/airflow/.local/lib/python3.7/site-packages/airflow/example_dags/example_task_group_decorator.py for tasks to queue
[2025-08-27T16:14:52.746+0000] {logging_mixin.py:137} INFO - [2025-08-27T16:14:52.746+0000] {dagbag.py:538} INFO - Filling up the DagBag from /home/airflow/.local/lib/python3.7/site-packages/airflow/example_dags/example_task_group_decorator.py
[2025-08-27T16:14:52.764+0000] {processor.py:753} INFO - DAG(s) dict_keys(['example_task_group_decorator']) retrieved from /home/airflow/.local/lib/python3.7/site-packages/airflow/example_dags/example_task_group_decorator.py
[2025-08-27T16:14:52.779+0000] {logging_mixin.py:137} INFO - [2025-08-27T16:14:52.779+0000] {dag.py:2690} INFO - Sync 1 DAGs
[2025-08-27T16:14:52.791+0000] {logging_mixin.py:137} INFO - [2025-08-27T16:14:52.791+0000] {dag.py:3441} INFO - Setting next_dagrun for example_task_group_decorator to 2025-08-26T16:14:52.790518+00:00, run_after=2025-08-27T16:14:52.790518+00:00
[2025-08-27T16:14:52.798+0000] {processor.py:175} INFO - Processing /home/airflow/.local/lib/python3.7/site-packages/airflow/example_dags/example_task_group_decorator.py took 0.055 seconds
[2025-08-27T16:23:09.921+0000] {processor.py:153} INFO - Started process (PID=23730) to work on /home/airflow/.local/lib/python3.7/site-packages/airflow/example_dags/example_task_group_decorator.py
[2025-08-27T16:23:09.922+0000] {processor.py:743} INFO - Processing file /home/airflow/.local/lib/python3.7/site-packages/airflow/example_dags/example_task_group_decorator.py for tasks to queue
[2025-08-27T16:23:09.922+0000] {logging_mixin.py:137} INFO - [2025-08-27T16:23:09.922+0000] {dagbag.py:538} INFO - Filling up the DagBag from /home/airflow/.local/lib/python3.7/site-packages/airflow/example_dags/example_task_group_decorator.py
[2025-08-27T16:23:09.938+0000] {processor.py:753} INFO - DAG(s) dict_keys(['example_task_group_decorator']) retrieved from /home/airflow/.local/lib/python3.7/site-packages/airflow/example_dags/example_task_group_decorator.py
[2025-08-27T16:23:09.954+0000] {logging_mixin.py:137} INFO - [2025-08-27T16:23:09.954+0000] {dag.py:2690} INFO - Sync 1 DAGs
[2025-08-27T16:23:09.967+0000] {logging_mixin.py:137} INFO - [2025-08-27T16:23:09.966+0000] {dag.py:3441} INFO - Setting next_dagrun for example_task_group_decorator to 2025-08-26T16:23:09.966804+00:00, run_after=2025-08-27T16:23:09.966804+00:00
[2025-08-27T16:23:09.975+0000] {processor.py:175} INFO - Processing /home/airflow/.local/lib/python3.7/site-packages/airflow/example_dags/example_task_group_decorator.py took 0.056 seconds
[2025-08-27T16:24:53.732+0000] {processor.py:153} INFO - Started process (PID=23830) to work on /home/airflow/.local/lib/python3.7/site-packages/airflow/example_dags/example_task_group_decorator.py
[2025-08-27T16:24:53.733+0000] {processor.py:743} INFO - Processing file /home/airflow/.local/lib/python3.7/site-packages/airflow/example_dags/example_task_group_decorator.py for tasks to queue
[2025-08-27T16:24:53.733+0000] {logging_mixin.py:137} INFO - [2025-08-27T16:24:53.733+0000] {dagbag.py:538} INFO - Filling up the DagBag from /home/airflow/.local/lib/python3.7/site-packages/airflow/example_dags/example_task_group_decorator.py
[2025-08-27T16:24:53.749+0000] {processor.py:753} INFO - DAG(s) dict_keys(['example_task_group_decorator']) retrieved from /home/airflow/.local/lib/python3.7/site-packages/airflow/example_dags/example_task_group_decorator.py
[2025-08-27T16:24:53.762+0000] {logging_mixin.py:137} INFO - [2025-08-27T16:24:53.761+0000] {dag.py:2690} INFO - Sync 1 DAGs
[2025-08-27T16:24:53.772+0000] {logging_mixin.py:137} INFO - [2025-08-27T16:24:53.772+0000] {dag.py:3441} INFO - Setting next_dagrun for example_task_group_decorator to 2025-08-26T16:24:53.772087+00:00, run_after=2025-08-27T16:24:53.772087+00:00
[2025-08-27T16:24:53.779+0000] {processor.py:175} INFO - Processing /home/airflow/.local/lib/python3.7/site-packages/airflow/example_dags/example_task_group_decorator.py took 0.049 seconds
[2025-08-27T16:30:06.792+0000] {processor.py:153} INFO - Started process (PID=23930) to work on /home/airflow/.local/lib/python3.7/site-packages/airflow/example_dags/example_task_group_decorator.py
[2025-08-27T16:30:06.793+0000] {processor.py:743} INFO - Processing file /home/airflow/.local/lib/python3.7/site-packages/airflow/example_dags/example_task_group_decorator.py for tasks to queue
[2025-08-27T16:30:06.793+0000] {logging_mixin.py:137} INFO - [2025-08-27T16:30:06.793+0000] {dagbag.py:538} INFO - Filling up the DagBag from /home/airflow/.local/lib/python3.7/site-packages/airflow/example_dags/example_task_group_decorator.py
[2025-08-27T16:30:06.823+0000] {processor.py:753} INFO - DAG(s) dict_keys(['example_task_group_decorator']) retrieved from /home/airflow/.local/lib/python3.7/site-packages/airflow/example_dags/example_task_group_decorator.py
[2025-08-27T16:30:06.846+0000] {logging_mixin.py:137} INFO - [2025-08-27T16:30:06.846+0000] {dag.py:2690} INFO - Sync 1 DAGs
[2025-08-27T16:30:06.862+0000] {logging_mixin.py:137} INFO - [2025-08-27T16:30:06.862+0000] {dag.py:3441} INFO - Setting next_dagrun for example_task_group_decorator to 2025-08-26T16:30:06.861853+00:00, run_after=2025-08-27T16:30:06.861853+00:00
[2025-08-27T16:30:06.877+0000] {processor.py:175} INFO - Processing /home/airflow/.local/lib/python3.7/site-packages/airflow/example_dags/example_task_group_decorator.py took 0.088 seconds
[2025-08-27T16:44:02.472+0000] {processor.py:153} INFO - Started process (PID=24010) to work on /home/airflow/.local/lib/python3.7/site-packages/airflow/example_dags/example_task_group_decorator.py
[2025-08-27T16:44:02.472+0000] {processor.py:743} INFO - Processing file /home/airflow/.local/lib/python3.7/site-packages/airflow/example_dags/example_task_group_decorator.py for tasks to queue
[2025-08-27T16:44:02.473+0000] {logging_mixin.py:137} INFO - [2025-08-27T16:44:02.473+0000] {dagbag.py:538} INFO - Filling up the DagBag from /home/airflow/.local/lib/python3.7/site-packages/airflow/example_dags/example_task_group_decorator.py
[2025-08-27T16:44:02.489+0000] {processor.py:753} INFO - DAG(s) dict_keys(['example_task_group_decorator']) retrieved from /home/airflow/.local/lib/python3.7/site-packages/airflow/example_dags/example_task_group_decorator.py
[2025-08-27T16:44:02.507+0000] {logging_mixin.py:137} INFO - [2025-08-27T16:44:02.507+0000] {dag.py:2690} INFO - Sync 1 DAGs
[2025-08-27T16:44:02.521+0000] {logging_mixin.py:137} INFO - [2025-08-27T16:44:02.521+0000] {dag.py:3441} INFO - Setting next_dagrun for example_task_group_decorator to 2025-08-26T16:44:02.520855+00:00, run_after=2025-08-27T16:44:02.520855+00:00
[2025-08-27T16:44:02.533+0000] {processor.py:175} INFO - Processing /home/airflow/.local/lib/python3.7/site-packages/airflow/example_dags/example_task_group_decorator.py took 0.063 seconds
[2025-08-27T18:19:17.045+0000] {processor.py:153} INFO - Started process (PID=24110) to work on /home/airflow/.local/lib/python3.7/site-packages/airflow/example_dags/example_task_group_decorator.py
[2025-08-27T18:19:17.046+0000] {processor.py:743} INFO - Processing file /home/airflow/.local/lib/python3.7/site-packages/airflow/example_dags/example_task_group_decorator.py for tasks to queue
[2025-08-27T18:19:17.046+0000] {logging_mixin.py:137} INFO - [2025-08-27T18:19:17.046+0000] {dagbag.py:538} INFO - Filling up the DagBag from /home/airflow/.local/lib/python3.7/site-packages/airflow/example_dags/example_task_group_decorator.py
[2025-08-27T18:19:17.064+0000] {processor.py:753} INFO - DAG(s) dict_keys(['example_task_group_decorator']) retrieved from /home/airflow/.local/lib/python3.7/site-packages/airflow/example_dags/example_task_group_decorator.py
[2025-08-27T18:19:17.084+0000] {logging_mixin.py:137} INFO - [2025-08-27T18:19:17.084+0000] {dag.py:2690} INFO - Sync 1 DAGs
[2025-08-27T18:19:17.096+0000] {logging_mixin.py:137} INFO - [2025-08-27T18:19:17.096+0000] {dag.py:3441} INFO - Setting next_dagrun for example_task_group_decorator to 2025-08-26T18:19:17.096400+00:00, run_after=2025-08-27T18:19:17.096400+00:00
[2025-08-27T18:19:17.106+0000] {processor.py:175} INFO - Processing /home/airflow/.local/lib/python3.7/site-packages/airflow/example_dags/example_task_group_decorator.py took 0.063 seconds
[2025-08-27T19:39:49.539+0000] {processor.py:153} INFO - Started process (PID=24210) to work on /home/airflow/.local/lib/python3.7/site-packages/airflow/example_dags/example_task_group_decorator.py
[2025-08-27T19:39:49.540+0000] {processor.py:743} INFO - Processing file /home/airflow/.local/lib/python3.7/site-packages/airflow/example_dags/example_task_group_decorator.py for tasks to queue
[2025-08-27T19:39:49.540+0000] {logging_mixin.py:137} INFO - [2025-08-27T19:39:49.540+0000] {dagbag.py:538} INFO - Filling up the DagBag from /home/airflow/.local/lib/python3.7/site-packages/airflow/example_dags/example_task_group_decorator.py
[2025-08-27T19:39:49.559+0000] {processor.py:753} INFO - DAG(s) dict_keys(['example_task_group_decorator']) retrieved from /home/airflow/.local/lib/python3.7/site-packages/airflow/example_dags/example_task_group_decorator.py
[2025-08-27T19:39:49.579+0000] {logging_mixin.py:137} INFO - [2025-08-27T19:39:49.579+0000] {dag.py:2690} INFO - Sync 1 DAGs
[2025-08-27T19:39:49.594+0000] {logging_mixin.py:137} INFO - [2025-08-27T19:39:49.593+0000] {dag.py:3441} INFO - Setting next_dagrun for example_task_group_decorator to 2025-08-26T19:39:49.593722+00:00, run_after=2025-08-27T19:39:49.593722+00:00
[2025-08-27T19:39:49.610+0000] {processor.py:175} INFO - Processing /home/airflow/.local/lib/python3.7/site-packages/airflow/example_dags/example_task_group_decorator.py took 0.072 seconds
[2025-08-27T21:01:24.070+0000] {processor.py:153} INFO - Started process (PID=24290) to work on /home/airflow/.local/lib/python3.7/site-packages/airflow/example_dags/example_task_group_decorator.py
[2025-08-27T21:01:24.070+0000] {processor.py:743} INFO - Processing file /home/airflow/.local/lib/python3.7/site-packages/airflow/example_dags/example_task_group_decorator.py for tasks to queue
[2025-08-27T21:01:24.071+0000] {logging_mixin.py:137} INFO - [2025-08-27T21:01:24.071+0000] {dagbag.py:538} INFO - Filling up the DagBag from /home/airflow/.local/lib/python3.7/site-packages/airflow/example_dags/example_task_group_decorator.py
[2025-08-27T21:01:24.097+0000] {processor.py:753} INFO - DAG(s) dict_keys(['example_task_group_decorator']) retrieved from /home/airflow/.local/lib/python3.7/site-packages/airflow/example_dags/example_task_group_decorator.py
[2025-08-27T21:01:24.122+0000] {logging_mixin.py:137} INFO - [2025-08-27T21:01:24.121+0000] {dag.py:2690} INFO - Sync 1 DAGs
[2025-08-27T21:01:24.146+0000] {logging_mixin.py:137} INFO - [2025-08-27T21:01:24.146+0000] {dag.py:3441} INFO - Setting next_dagrun for example_task_group_decorator to 2025-08-26T21:01:24.146038+00:00, run_after=2025-08-27T21:01:24.146038+00:00
[2025-08-27T21:01:24.159+0000] {processor.py:175} INFO - Processing /home/airflow/.local/lib/python3.7/site-packages/airflow/example_dags/example_task_group_decorator.py took 0.092 seconds
[2025-08-27T21:51:49.454+0000] {processor.py:153} INFO - Started process (PID=24390) to work on /home/airflow/.local/lib/python3.7/site-packages/airflow/example_dags/example_task_group_decorator.py
[2025-08-27T21:51:49.455+0000] {processor.py:743} INFO - Processing file /home/airflow/.local/lib/python3.7/site-packages/airflow/example_dags/example_task_group_decorator.py for tasks to queue
[2025-08-27T21:51:49.456+0000] {logging_mixin.py:137} INFO - [2025-08-27T21:51:49.455+0000] {dagbag.py:538} INFO - Filling up the DagBag from /home/airflow/.local/lib/python3.7/site-packages/airflow/example_dags/example_task_group_decorator.py
[2025-08-27T21:51:49.473+0000] {processor.py:753} INFO - DAG(s) dict_keys(['example_task_group_decorator']) retrieved from /home/airflow/.local/lib/python3.7/site-packages/airflow/example_dags/example_task_group_decorator.py
[2025-08-27T21:51:49.490+0000] {logging_mixin.py:137} INFO - [2025-08-27T21:51:49.489+0000] {dag.py:2690} INFO - Sync 1 DAGs
[2025-08-27T21:51:49.501+0000] {logging_mixin.py:137} INFO - [2025-08-27T21:51:49.501+0000] {dag.py:3441} INFO - Setting next_dagrun for example_task_group_decorator to 2025-08-26T21:51:49.501306+00:00, run_after=2025-08-27T21:51:49.501306+00:00
[2025-08-27T21:51:49.514+0000] {processor.py:175} INFO - Processing /home/airflow/.local/lib/python3.7/site-packages/airflow/example_dags/example_task_group_decorator.py took 0.061 seconds
[2025-08-27T23:29:05.530+0000] {processor.py:153} INFO - Started process (PID=24490) to work on /home/airflow/.local/lib/python3.7/site-packages/airflow/example_dags/example_task_group_decorator.py
[2025-08-27T23:29:05.530+0000] {processor.py:743} INFO - Processing file /home/airflow/.local/lib/python3.7/site-packages/airflow/example_dags/example_task_group_decorator.py for tasks to queue
[2025-08-27T23:29:05.530+0000] {logging_mixin.py:137} INFO - [2025-08-27T23:29:05.530+0000] {dagbag.py:538} INFO - Filling up the DagBag from /home/airflow/.local/lib/python3.7/site-packages/airflow/example_dags/example_task_group_decorator.py
[2025-08-27T23:29:05.542+0000] {processor.py:753} INFO - DAG(s) dict_keys(['example_task_group_decorator']) retrieved from /home/airflow/.local/lib/python3.7/site-packages/airflow/example_dags/example_task_group_decorator.py
[2025-08-27T23:29:05.554+0000] {logging_mixin.py:137} INFO - [2025-08-27T23:29:05.554+0000] {dag.py:2690} INFO - Sync 1 DAGs
[2025-08-27T23:29:05.563+0000] {logging_mixin.py:137} INFO - [2025-08-27T23:29:05.562+0000] {dag.py:3441} INFO - Setting next_dagrun for example_task_group_decorator to 2025-08-26T23:29:05.562845+00:00, run_after=2025-08-27T23:29:05.562845+00:00
[2025-08-27T23:29:05.569+0000] {processor.py:175} INFO - Processing /home/airflow/.local/lib/python3.7/site-packages/airflow/example_dags/example_task_group_decorator.py took 0.041 seconds
