[2025-08-27T00:46:29.257+0000] {processor.py:153} INFO - Started process (PID=19495) to work on /home/airflow/.local/lib/python3.7/site-packages/airflow/example_dags/example_sla_dag.py
[2025-08-27T00:46:29.259+0000] {processor.py:743} INFO - Processing file /home/airflow/.local/lib/python3.7/site-packages/airflow/example_dags/example_sla_dag.py for tasks to queue
[2025-08-27T00:46:29.259+0000] {logging_mixin.py:137} INFO - [2025-08-27T00:46:29.259+0000] {dagbag.py:538} INFO - Filling up the DagBag from /home/airflow/.local/lib/python3.7/site-packages/airflow/example_dags/example_sla_dag.py
[2025-08-27T00:46:29.270+0000] {processor.py:753} INFO - DAG(s) dict_keys(['example_sla_dag']) retrieved from /home/airflow/.local/lib/python3.7/site-packages/airflow/example_dags/example_sla_dag.py
[2025-08-27T00:46:29.283+0000] {logging_mixin.py:137} INFO - [2025-08-27T00:46:29.283+0000] {dag.py:2690} INFO - Sync 1 DAGs
[2025-08-27T00:46:29.297+0000] {logging_mixin.py:137} INFO - [2025-08-27T00:46:29.297+0000] {dag.py:3441} INFO - Setting next_dagrun for example_sla_dag to 2025-08-27T00:44:00+00:00, run_after=2025-08-27T00:46:00+00:00
[2025-08-27T00:46:29.306+0000] {processor.py:175} INFO - Processing /home/airflow/.local/lib/python3.7/site-packages/airflow/example_dags/example_sla_dag.py took 0.051 seconds
[2025-08-27T02:21:51.157+0000] {processor.py:153} INFO - Started process (PID=19575) to work on /home/airflow/.local/lib/python3.7/site-packages/airflow/example_dags/example_sla_dag.py
[2025-08-27T02:21:51.157+0000] {processor.py:743} INFO - Processing file /home/airflow/.local/lib/python3.7/site-packages/airflow/example_dags/example_sla_dag.py for tasks to queue
[2025-08-27T02:21:51.158+0000] {logging_mixin.py:137} INFO - [2025-08-27T02:21:51.158+0000] {dagbag.py:538} INFO - Filling up the DagBag from /home/airflow/.local/lib/python3.7/site-packages/airflow/example_dags/example_sla_dag.py
[2025-08-27T02:21:51.167+0000] {processor.py:753} INFO - DAG(s) dict_keys(['example_sla_dag']) retrieved from /home/airflow/.local/lib/python3.7/site-packages/airflow/example_dags/example_sla_dag.py
[2025-08-27T02:21:51.178+0000] {logging_mixin.py:137} INFO - [2025-08-27T02:21:51.178+0000] {dag.py:2690} INFO - Sync 1 DAGs
[2025-08-27T02:21:51.189+0000] {logging_mixin.py:137} INFO - [2025-08-27T02:21:51.189+0000] {dag.py:3441} INFO - Setting next_dagrun for example_sla_dag to 2025-08-27T02:18:00+00:00, run_after=2025-08-27T02:20:00+00:00
[2025-08-27T02:21:51.196+0000] {processor.py:175} INFO - Processing /home/airflow/.local/lib/python3.7/site-packages/airflow/example_dags/example_sla_dag.py took 0.041 seconds
[2025-08-27T02:37:29.841+0000] {processor.py:153} INFO - Started process (PID=19675) to work on /home/airflow/.local/lib/python3.7/site-packages/airflow/example_dags/example_sla_dag.py
[2025-08-27T02:37:29.841+0000] {processor.py:743} INFO - Processing file /home/airflow/.local/lib/python3.7/site-packages/airflow/example_dags/example_sla_dag.py for tasks to queue
[2025-08-27T02:37:29.842+0000] {logging_mixin.py:137} INFO - [2025-08-27T02:37:29.841+0000] {dagbag.py:538} INFO - Filling up the DagBag from /home/airflow/.local/lib/python3.7/site-packages/airflow/example_dags/example_sla_dag.py
[2025-08-27T02:37:29.852+0000] {processor.py:753} INFO - DAG(s) dict_keys(['example_sla_dag']) retrieved from /home/airflow/.local/lib/python3.7/site-packages/airflow/example_dags/example_sla_dag.py
[2025-08-27T02:37:29.862+0000] {logging_mixin.py:137} INFO - [2025-08-27T02:37:29.862+0000] {dag.py:2690} INFO - Sync 1 DAGs
[2025-08-27T02:37:29.873+0000] {logging_mixin.py:137} INFO - [2025-08-27T02:37:29.873+0000] {dag.py:3441} INFO - Setting next_dagrun for example_sla_dag to 2025-08-27T02:34:00+00:00, run_after=2025-08-27T02:36:00+00:00
[2025-08-27T02:37:29.880+0000] {processor.py:175} INFO - Processing /home/airflow/.local/lib/python3.7/site-packages/airflow/example_dags/example_sla_dag.py took 0.041 seconds
[2025-08-27T03:02:26.218+0000] {processor.py:153} INFO - Started process (PID=19775) to work on /home/airflow/.local/lib/python3.7/site-packages/airflow/example_dags/example_sla_dag.py
[2025-08-27T03:02:26.219+0000] {processor.py:743} INFO - Processing file /home/airflow/.local/lib/python3.7/site-packages/airflow/example_dags/example_sla_dag.py for tasks to queue
[2025-08-27T03:02:26.219+0000] {logging_mixin.py:137} INFO - [2025-08-27T03:02:26.219+0000] {dagbag.py:538} INFO - Filling up the DagBag from /home/airflow/.local/lib/python3.7/site-packages/airflow/example_dags/example_sla_dag.py
[2025-08-27T03:02:26.229+0000] {processor.py:753} INFO - DAG(s) dict_keys(['example_sla_dag']) retrieved from /home/airflow/.local/lib/python3.7/site-packages/airflow/example_dags/example_sla_dag.py
[2025-08-27T03:02:26.239+0000] {logging_mixin.py:137} INFO - [2025-08-27T03:02:26.239+0000] {dag.py:2690} INFO - Sync 1 DAGs
[2025-08-27T03:02:26.250+0000] {logging_mixin.py:137} INFO - [2025-08-27T03:02:26.250+0000] {dag.py:3441} INFO - Setting next_dagrun for example_sla_dag to 2025-08-27T03:00:00+00:00, run_after=2025-08-27T03:02:00+00:00
[2025-08-27T03:02:26.256+0000] {processor.py:175} INFO - Processing /home/airflow/.local/lib/python3.7/site-packages/airflow/example_dags/example_sla_dag.py took 0.039 seconds
[2025-08-27T03:13:53.534+0000] {processor.py:153} INFO - Started process (PID=19874) to work on /home/airflow/.local/lib/python3.7/site-packages/airflow/example_dags/example_sla_dag.py
[2025-08-27T03:13:53.534+0000] {processor.py:743} INFO - Processing file /home/airflow/.local/lib/python3.7/site-packages/airflow/example_dags/example_sla_dag.py for tasks to queue
[2025-08-27T03:13:53.535+0000] {logging_mixin.py:137} INFO - [2025-08-27T03:13:53.535+0000] {dagbag.py:538} INFO - Filling up the DagBag from /home/airflow/.local/lib/python3.7/site-packages/airflow/example_dags/example_sla_dag.py
[2025-08-27T03:13:53.546+0000] {processor.py:753} INFO - DAG(s) dict_keys(['example_sla_dag']) retrieved from /home/airflow/.local/lib/python3.7/site-packages/airflow/example_dags/example_sla_dag.py
[2025-08-27T03:13:53.560+0000] {logging_mixin.py:137} INFO - [2025-08-27T03:13:53.560+0000] {dag.py:2690} INFO - Sync 1 DAGs
[2025-08-27T03:13:53.574+0000] {logging_mixin.py:137} INFO - [2025-08-27T03:13:53.573+0000] {dag.py:3441} INFO - Setting next_dagrun for example_sla_dag to 2025-08-27T03:10:00+00:00, run_after=2025-08-27T03:12:00+00:00
[2025-08-27T03:13:53.582+0000] {processor.py:175} INFO - Processing /home/airflow/.local/lib/python3.7/site-packages/airflow/example_dags/example_sla_dag.py took 0.050 seconds
[2025-08-27T03:33:09.053+0000] {processor.py:153} INFO - Started process (PID=19954) to work on /home/airflow/.local/lib/python3.7/site-packages/airflow/example_dags/example_sla_dag.py
[2025-08-27T03:33:09.054+0000] {processor.py:743} INFO - Processing file /home/airflow/.local/lib/python3.7/site-packages/airflow/example_dags/example_sla_dag.py for tasks to queue
[2025-08-27T03:33:09.055+0000] {logging_mixin.py:137} INFO - [2025-08-27T03:33:09.054+0000] {dagbag.py:538} INFO - Filling up the DagBag from /home/airflow/.local/lib/python3.7/site-packages/airflow/example_dags/example_sla_dag.py
[2025-08-27T03:33:09.074+0000] {processor.py:753} INFO - DAG(s) dict_keys(['example_sla_dag']) retrieved from /home/airflow/.local/lib/python3.7/site-packages/airflow/example_dags/example_sla_dag.py
[2025-08-27T03:33:09.088+0000] {logging_mixin.py:137} INFO - [2025-08-27T03:33:09.088+0000] {dag.py:2690} INFO - Sync 1 DAGs
[2025-08-27T03:33:09.102+0000] {logging_mixin.py:137} INFO - [2025-08-27T03:33:09.102+0000] {dag.py:3441} INFO - Setting next_dagrun for example_sla_dag to 2025-08-27T03:30:00+00:00, run_after=2025-08-27T03:32:00+00:00
[2025-08-27T03:33:09.113+0000] {processor.py:175} INFO - Processing /home/airflow/.local/lib/python3.7/site-packages/airflow/example_dags/example_sla_dag.py took 0.062 seconds
[2025-08-27T04:45:10.154+0000] {processor.py:153} INFO - Started process (PID=20054) to work on /home/airflow/.local/lib/python3.7/site-packages/airflow/example_dags/example_sla_dag.py
[2025-08-27T04:45:10.155+0000] {processor.py:743} INFO - Processing file /home/airflow/.local/lib/python3.7/site-packages/airflow/example_dags/example_sla_dag.py for tasks to queue
[2025-08-27T04:45:10.157+0000] {logging_mixin.py:137} INFO - [2025-08-27T04:45:10.157+0000] {dagbag.py:538} INFO - Filling up the DagBag from /home/airflow/.local/lib/python3.7/site-packages/airflow/example_dags/example_sla_dag.py
[2025-08-27T04:45:10.177+0000] {processor.py:753} INFO - DAG(s) dict_keys(['example_sla_dag']) retrieved from /home/airflow/.local/lib/python3.7/site-packages/airflow/example_dags/example_sla_dag.py
[2025-08-27T04:45:10.205+0000] {logging_mixin.py:137} INFO - [2025-08-27T04:45:10.204+0000] {dag.py:2690} INFO - Sync 1 DAGs
[2025-08-27T04:45:10.230+0000] {logging_mixin.py:137} INFO - [2025-08-27T04:45:10.229+0000] {dag.py:3441} INFO - Setting next_dagrun for example_sla_dag to 2025-08-27T04:42:00+00:00, run_after=2025-08-27T04:44:00+00:00
[2025-08-27T04:45:10.245+0000] {processor.py:175} INFO - Processing /home/airflow/.local/lib/python3.7/site-packages/airflow/example_dags/example_sla_dag.py took 0.096 seconds
[2025-08-27T04:49:55.703+0000] {processor.py:153} INFO - Started process (PID=20154) to work on /home/airflow/.local/lib/python3.7/site-packages/airflow/example_dags/example_sla_dag.py
[2025-08-27T04:49:55.704+0000] {processor.py:743} INFO - Processing file /home/airflow/.local/lib/python3.7/site-packages/airflow/example_dags/example_sla_dag.py for tasks to queue
[2025-08-27T04:49:55.705+0000] {logging_mixin.py:137} INFO - [2025-08-27T04:49:55.704+0000] {dagbag.py:538} INFO - Filling up the DagBag from /home/airflow/.local/lib/python3.7/site-packages/airflow/example_dags/example_sla_dag.py
[2025-08-27T04:49:55.720+0000] {processor.py:753} INFO - DAG(s) dict_keys(['example_sla_dag']) retrieved from /home/airflow/.local/lib/python3.7/site-packages/airflow/example_dags/example_sla_dag.py
[2025-08-27T04:49:55.734+0000] {logging_mixin.py:137} INFO - [2025-08-27T04:49:55.734+0000] {dag.py:2690} INFO - Sync 1 DAGs
[2025-08-27T04:49:55.747+0000] {logging_mixin.py:137} INFO - [2025-08-27T04:49:55.747+0000] {dag.py:3441} INFO - Setting next_dagrun for example_sla_dag to 2025-08-27T04:46:00+00:00, run_after=2025-08-27T04:48:00+00:00
[2025-08-27T04:49:55.755+0000] {processor.py:175} INFO - Processing /home/airflow/.local/lib/python3.7/site-packages/airflow/example_dags/example_sla_dag.py took 0.054 seconds
[2025-08-27T05:35:09.025+0000] {processor.py:153} INFO - Started process (PID=20234) to work on /home/airflow/.local/lib/python3.7/site-packages/airflow/example_dags/example_sla_dag.py
[2025-08-27T05:35:09.025+0000] {processor.py:743} INFO - Processing file /home/airflow/.local/lib/python3.7/site-packages/airflow/example_dags/example_sla_dag.py for tasks to queue
[2025-08-27T05:35:09.025+0000] {logging_mixin.py:137} INFO - [2025-08-27T05:35:09.025+0000] {dagbag.py:538} INFO - Filling up the DagBag from /home/airflow/.local/lib/python3.7/site-packages/airflow/example_dags/example_sla_dag.py
[2025-08-27T05:35:09.036+0000] {processor.py:753} INFO - DAG(s) dict_keys(['example_sla_dag']) retrieved from /home/airflow/.local/lib/python3.7/site-packages/airflow/example_dags/example_sla_dag.py
[2025-08-27T05:35:09.047+0000] {logging_mixin.py:137} INFO - [2025-08-27T05:35:09.047+0000] {dag.py:2690} INFO - Sync 1 DAGs
[2025-08-27T05:35:09.057+0000] {logging_mixin.py:137} INFO - [2025-08-27T05:35:09.057+0000] {dag.py:3441} INFO - Setting next_dagrun for example_sla_dag to 2025-08-27T05:32:00+00:00, run_after=2025-08-27T05:34:00+00:00
[2025-08-27T05:35:09.065+0000] {processor.py:175} INFO - Processing /home/airflow/.local/lib/python3.7/site-packages/airflow/example_dags/example_sla_dag.py took 0.042 seconds
[2025-08-27T06:12:37.062+0000] {processor.py:153} INFO - Started process (PID=20334) to work on /home/airflow/.local/lib/python3.7/site-packages/airflow/example_dags/example_sla_dag.py
[2025-08-27T06:12:37.063+0000] {processor.py:743} INFO - Processing file /home/airflow/.local/lib/python3.7/site-packages/airflow/example_dags/example_sla_dag.py for tasks to queue
[2025-08-27T06:12:37.064+0000] {logging_mixin.py:137} INFO - [2025-08-27T06:12:37.063+0000] {dagbag.py:538} INFO - Filling up the DagBag from /home/airflow/.local/lib/python3.7/site-packages/airflow/example_dags/example_sla_dag.py
[2025-08-27T06:12:37.082+0000] {processor.py:753} INFO - DAG(s) dict_keys(['example_sla_dag']) retrieved from /home/airflow/.local/lib/python3.7/site-packages/airflow/example_dags/example_sla_dag.py
[2025-08-27T06:12:37.101+0000] {logging_mixin.py:137} INFO - [2025-08-27T06:12:37.101+0000] {dag.py:2690} INFO - Sync 1 DAGs
[2025-08-27T06:12:37.117+0000] {logging_mixin.py:137} INFO - [2025-08-27T06:12:37.117+0000] {dag.py:3441} INFO - Setting next_dagrun for example_sla_dag to 2025-08-27T06:10:00+00:00, run_after=2025-08-27T06:12:00+00:00
[2025-08-27T06:12:37.128+0000] {processor.py:175} INFO - Processing /home/airflow/.local/lib/python3.7/site-packages/airflow/example_dags/example_sla_dag.py took 0.068 seconds
[2025-08-27T06:55:18.780+0000] {processor.py:153} INFO - Started process (PID=20434) to work on /home/airflow/.local/lib/python3.7/site-packages/airflow/example_dags/example_sla_dag.py
[2025-08-27T06:55:18.780+0000] {processor.py:743} INFO - Processing file /home/airflow/.local/lib/python3.7/site-packages/airflow/example_dags/example_sla_dag.py for tasks to queue
[2025-08-27T06:55:18.781+0000] {logging_mixin.py:137} INFO - [2025-08-27T06:55:18.781+0000] {dagbag.py:538} INFO - Filling up the DagBag from /home/airflow/.local/lib/python3.7/site-packages/airflow/example_dags/example_sla_dag.py
[2025-08-27T06:55:18.791+0000] {processor.py:753} INFO - DAG(s) dict_keys(['example_sla_dag']) retrieved from /home/airflow/.local/lib/python3.7/site-packages/airflow/example_dags/example_sla_dag.py
[2025-08-27T06:55:18.801+0000] {logging_mixin.py:137} INFO - [2025-08-27T06:55:18.801+0000] {dag.py:2690} INFO - Sync 1 DAGs
[2025-08-27T06:55:18.811+0000] {logging_mixin.py:137} INFO - [2025-08-27T06:55:18.811+0000] {dag.py:3441} INFO - Setting next_dagrun for example_sla_dag to 2025-08-27T06:52:00+00:00, run_after=2025-08-27T06:54:00+00:00
[2025-08-27T06:55:18.818+0000] {processor.py:175} INFO - Processing /home/airflow/.local/lib/python3.7/site-packages/airflow/example_dags/example_sla_dag.py took 0.039 seconds
[2025-08-27T07:53:52.148+0000] {processor.py:153} INFO - Started process (PID=20534) to work on /home/airflow/.local/lib/python3.7/site-packages/airflow/example_dags/example_sla_dag.py
[2025-08-27T07:53:52.148+0000] {processor.py:743} INFO - Processing file /home/airflow/.local/lib/python3.7/site-packages/airflow/example_dags/example_sla_dag.py for tasks to queue
[2025-08-27T07:53:52.149+0000] {logging_mixin.py:137} INFO - [2025-08-27T07:53:52.149+0000] {dagbag.py:538} INFO - Filling up the DagBag from /home/airflow/.local/lib/python3.7/site-packages/airflow/example_dags/example_sla_dag.py
[2025-08-27T07:53:52.160+0000] {processor.py:753} INFO - DAG(s) dict_keys(['example_sla_dag']) retrieved from /home/airflow/.local/lib/python3.7/site-packages/airflow/example_dags/example_sla_dag.py
[2025-08-27T07:53:52.171+0000] {logging_mixin.py:137} INFO - [2025-08-27T07:53:52.171+0000] {dag.py:2690} INFO - Sync 1 DAGs
[2025-08-27T07:53:52.182+0000] {logging_mixin.py:137} INFO - [2025-08-27T07:53:52.182+0000] {dag.py:3441} INFO - Setting next_dagrun for example_sla_dag to 2025-08-27T07:50:00+00:00, run_after=2025-08-27T07:52:00+00:00
[2025-08-27T07:53:52.190+0000] {processor.py:175} INFO - Processing /home/airflow/.local/lib/python3.7/site-packages/airflow/example_dags/example_sla_dag.py took 0.044 seconds
[2025-08-27T08:23:39.399+0000] {processor.py:153} INFO - Started process (PID=20614) to work on /home/airflow/.local/lib/python3.7/site-packages/airflow/example_dags/example_sla_dag.py
[2025-08-27T08:23:39.399+0000] {processor.py:743} INFO - Processing file /home/airflow/.local/lib/python3.7/site-packages/airflow/example_dags/example_sla_dag.py for tasks to queue
[2025-08-27T08:23:39.399+0000] {logging_mixin.py:137} INFO - [2025-08-27T08:23:39.399+0000] {dagbag.py:538} INFO - Filling up the DagBag from /home/airflow/.local/lib/python3.7/site-packages/airflow/example_dags/example_sla_dag.py
[2025-08-27T08:23:39.410+0000] {processor.py:753} INFO - DAG(s) dict_keys(['example_sla_dag']) retrieved from /home/airflow/.local/lib/python3.7/site-packages/airflow/example_dags/example_sla_dag.py
[2025-08-27T08:23:39.420+0000] {logging_mixin.py:137} INFO - [2025-08-27T08:23:39.420+0000] {dag.py:2690} INFO - Sync 1 DAGs
[2025-08-27T08:23:39.431+0000] {logging_mixin.py:137} INFO - [2025-08-27T08:23:39.431+0000] {dag.py:3441} INFO - Setting next_dagrun for example_sla_dag to 2025-08-27T08:20:00+00:00, run_after=2025-08-27T08:22:00+00:00
[2025-08-27T08:23:39.437+0000] {processor.py:175} INFO - Processing /home/airflow/.local/lib/python3.7/site-packages/airflow/example_dags/example_sla_dag.py took 0.040 seconds
[2025-08-27T09:35:50.653+0000] {processor.py:153} INFO - Started process (PID=20714) to work on /home/airflow/.local/lib/python3.7/site-packages/airflow/example_dags/example_sla_dag.py
[2025-08-27T09:35:50.653+0000] {processor.py:743} INFO - Processing file /home/airflow/.local/lib/python3.7/site-packages/airflow/example_dags/example_sla_dag.py for tasks to queue
[2025-08-27T09:35:50.654+0000] {logging_mixin.py:137} INFO - [2025-08-27T09:35:50.654+0000] {dagbag.py:538} INFO - Filling up the DagBag from /home/airflow/.local/lib/python3.7/site-packages/airflow/example_dags/example_sla_dag.py
[2025-08-27T09:35:50.664+0000] {processor.py:753} INFO - DAG(s) dict_keys(['example_sla_dag']) retrieved from /home/airflow/.local/lib/python3.7/site-packages/airflow/example_dags/example_sla_dag.py
[2025-08-27T09:35:50.675+0000] {logging_mixin.py:137} INFO - [2025-08-27T09:35:50.675+0000] {dag.py:2690} INFO - Sync 1 DAGs
[2025-08-27T09:35:50.685+0000] {logging_mixin.py:137} INFO - [2025-08-27T09:35:50.685+0000] {dag.py:3441} INFO - Setting next_dagrun for example_sla_dag to 2025-08-27T09:32:00+00:00, run_after=2025-08-27T09:34:00+00:00
[2025-08-27T09:35:50.692+0000] {processor.py:175} INFO - Processing /home/airflow/.local/lib/python3.7/site-packages/airflow/example_dags/example_sla_dag.py took 0.041 seconds
[2025-08-27T09:36:49.519+0000] {processor.py:153} INFO - Started process (PID=20814) to work on /home/airflow/.local/lib/python3.7/site-packages/airflow/example_dags/example_sla_dag.py
[2025-08-27T09:36:49.520+0000] {processor.py:743} INFO - Processing file /home/airflow/.local/lib/python3.7/site-packages/airflow/example_dags/example_sla_dag.py for tasks to queue
[2025-08-27T09:36:49.520+0000] {logging_mixin.py:137} INFO - [2025-08-27T09:36:49.520+0000] {dagbag.py:538} INFO - Filling up the DagBag from /home/airflow/.local/lib/python3.7/site-packages/airflow/example_dags/example_sla_dag.py
[2025-08-27T09:36:49.531+0000] {processor.py:753} INFO - DAG(s) dict_keys(['example_sla_dag']) retrieved from /home/airflow/.local/lib/python3.7/site-packages/airflow/example_dags/example_sla_dag.py
[2025-08-27T09:36:49.541+0000] {logging_mixin.py:137} INFO - [2025-08-27T09:36:49.541+0000] {dag.py:2690} INFO - Sync 1 DAGs
[2025-08-27T09:36:49.552+0000] {logging_mixin.py:137} INFO - [2025-08-27T09:36:49.552+0000] {dag.py:3441} INFO - Setting next_dagrun for example_sla_dag to 2025-08-27T09:34:00+00:00, run_after=2025-08-27T09:36:00+00:00
[2025-08-27T09:36:49.559+0000] {processor.py:175} INFO - Processing /home/airflow/.local/lib/python3.7/site-packages/airflow/example_dags/example_sla_dag.py took 0.041 seconds
[2025-08-27T09:38:52.789+0000] {processor.py:153} INFO - Started process (PID=20914) to work on /home/airflow/.local/lib/python3.7/site-packages/airflow/example_dags/example_sla_dag.py
[2025-08-27T09:38:52.789+0000] {processor.py:743} INFO - Processing file /home/airflow/.local/lib/python3.7/site-packages/airflow/example_dags/example_sla_dag.py for tasks to queue
[2025-08-27T09:38:52.790+0000] {logging_mixin.py:137} INFO - [2025-08-27T09:38:52.790+0000] {dagbag.py:538} INFO - Filling up the DagBag from /home/airflow/.local/lib/python3.7/site-packages/airflow/example_dags/example_sla_dag.py
[2025-08-27T09:38:52.800+0000] {processor.py:753} INFO - DAG(s) dict_keys(['example_sla_dag']) retrieved from /home/airflow/.local/lib/python3.7/site-packages/airflow/example_dags/example_sla_dag.py
[2025-08-27T09:38:52.812+0000] {logging_mixin.py:137} INFO - [2025-08-27T09:38:52.812+0000] {dag.py:2690} INFO - Sync 1 DAGs
[2025-08-27T09:38:52.824+0000] {logging_mixin.py:137} INFO - [2025-08-27T09:38:52.824+0000] {dag.py:3441} INFO - Setting next_dagrun for example_sla_dag to 2025-08-27T09:36:00+00:00, run_after=2025-08-27T09:38:00+00:00
[2025-08-27T09:38:52.833+0000] {processor.py:175} INFO - Processing /home/airflow/.local/lib/python3.7/site-packages/airflow/example_dags/example_sla_dag.py took 0.047 seconds
[2025-08-27T09:39:38.857+0000] {processor.py:153} INFO - Started process (PID=20994) to work on /home/airflow/.local/lib/python3.7/site-packages/airflow/example_dags/example_sla_dag.py
[2025-08-27T09:39:38.858+0000] {processor.py:743} INFO - Processing file /home/airflow/.local/lib/python3.7/site-packages/airflow/example_dags/example_sla_dag.py for tasks to queue
[2025-08-27T09:39:38.858+0000] {logging_mixin.py:137} INFO - [2025-08-27T09:39:38.858+0000] {dagbag.py:538} INFO - Filling up the DagBag from /home/airflow/.local/lib/python3.7/site-packages/airflow/example_dags/example_sla_dag.py
[2025-08-27T09:39:38.868+0000] {processor.py:753} INFO - DAG(s) dict_keys(['example_sla_dag']) retrieved from /home/airflow/.local/lib/python3.7/site-packages/airflow/example_dags/example_sla_dag.py
[2025-08-27T09:39:38.878+0000] {logging_mixin.py:137} INFO - [2025-08-27T09:39:38.878+0000] {dag.py:2690} INFO - Sync 1 DAGs
[2025-08-27T09:39:38.889+0000] {logging_mixin.py:137} INFO - [2025-08-27T09:39:38.889+0000] {dag.py:3441} INFO - Setting next_dagrun for example_sla_dag to 2025-08-27T09:36:00+00:00, run_after=2025-08-27T09:38:00+00:00
[2025-08-27T09:39:38.895+0000] {processor.py:175} INFO - Processing /home/airflow/.local/lib/python3.7/site-packages/airflow/example_dags/example_sla_dag.py took 0.040 seconds
[2025-08-27T09:50:06.423+0000] {processor.py:153} INFO - Started process (PID=21094) to work on /home/airflow/.local/lib/python3.7/site-packages/airflow/example_dags/example_sla_dag.py
[2025-08-27T09:50:06.424+0000] {processor.py:743} INFO - Processing file /home/airflow/.local/lib/python3.7/site-packages/airflow/example_dags/example_sla_dag.py for tasks to queue
[2025-08-27T09:50:06.424+0000] {logging_mixin.py:137} INFO - [2025-08-27T09:50:06.424+0000] {dagbag.py:538} INFO - Filling up the DagBag from /home/airflow/.local/lib/python3.7/site-packages/airflow/example_dags/example_sla_dag.py
[2025-08-27T09:50:06.440+0000] {processor.py:753} INFO - DAG(s) dict_keys(['example_sla_dag']) retrieved from /home/airflow/.local/lib/python3.7/site-packages/airflow/example_dags/example_sla_dag.py
[2025-08-27T09:50:06.453+0000] {logging_mixin.py:137} INFO - [2025-08-27T09:50:06.453+0000] {dag.py:2690} INFO - Sync 1 DAGs
[2025-08-27T09:50:06.469+0000] {logging_mixin.py:137} INFO - [2025-08-27T09:50:06.469+0000] {dag.py:3441} INFO - Setting next_dagrun for example_sla_dag to 2025-08-27T09:48:00+00:00, run_after=2025-08-27T09:50:00+00:00
[2025-08-27T09:50:06.480+0000] {processor.py:175} INFO - Processing /home/airflow/.local/lib/python3.7/site-packages/airflow/example_dags/example_sla_dag.py took 0.059 seconds
[2025-08-27T11:12:45.810+0000] {processor.py:153} INFO - Started process (PID=21194) to work on /home/airflow/.local/lib/python3.7/site-packages/airflow/example_dags/example_sla_dag.py
[2025-08-27T11:12:45.812+0000] {processor.py:743} INFO - Processing file /home/airflow/.local/lib/python3.7/site-packages/airflow/example_dags/example_sla_dag.py for tasks to queue
[2025-08-27T11:12:45.813+0000] {logging_mixin.py:137} INFO - [2025-08-27T11:12:45.813+0000] {dagbag.py:538} INFO - Filling up the DagBag from /home/airflow/.local/lib/python3.7/site-packages/airflow/example_dags/example_sla_dag.py
[2025-08-27T11:12:45.827+0000] {processor.py:753} INFO - DAG(s) dict_keys(['example_sla_dag']) retrieved from /home/airflow/.local/lib/python3.7/site-packages/airflow/example_dags/example_sla_dag.py
[2025-08-27T11:12:45.837+0000] {logging_mixin.py:137} INFO - [2025-08-27T11:12:45.837+0000] {dag.py:2690} INFO - Sync 1 DAGs
[2025-08-27T11:12:45.967+0000] {logging_mixin.py:137} INFO - [2025-08-27T11:12:45.967+0000] {dag.py:3441} INFO - Setting next_dagrun for example_sla_dag to 2025-08-27T11:10:00+00:00, run_after=2025-08-27T11:12:00+00:00
[2025-08-27T11:12:46.107+0000] {processor.py:175} INFO - Processing /home/airflow/.local/lib/python3.7/site-packages/airflow/example_dags/example_sla_dag.py took 0.299 seconds
[2025-08-27T11:34:31.126+0000] {processor.py:153} INFO - Started process (PID=21274) to work on /home/airflow/.local/lib/python3.7/site-packages/airflow/example_dags/example_sla_dag.py
[2025-08-27T11:34:31.127+0000] {processor.py:743} INFO - Processing file /home/airflow/.local/lib/python3.7/site-packages/airflow/example_dags/example_sla_dag.py for tasks to queue
[2025-08-27T11:34:31.127+0000] {logging_mixin.py:137} INFO - [2025-08-27T11:34:31.127+0000] {dagbag.py:538} INFO - Filling up the DagBag from /home/airflow/.local/lib/python3.7/site-packages/airflow/example_dags/example_sla_dag.py
[2025-08-27T11:34:31.138+0000] {processor.py:753} INFO - DAG(s) dict_keys(['example_sla_dag']) retrieved from /home/airflow/.local/lib/python3.7/site-packages/airflow/example_dags/example_sla_dag.py
[2025-08-27T11:34:31.149+0000] {logging_mixin.py:137} INFO - [2025-08-27T11:34:31.149+0000] {dag.py:2690} INFO - Sync 1 DAGs
[2025-08-27T11:34:31.162+0000] {logging_mixin.py:137} INFO - [2025-08-27T11:34:31.161+0000] {dag.py:3441} INFO - Setting next_dagrun for example_sla_dag to 2025-08-27T11:32:00+00:00, run_after=2025-08-27T11:34:00+00:00
[2025-08-27T11:34:31.169+0000] {processor.py:175} INFO - Processing /home/airflow/.local/lib/python3.7/site-packages/airflow/example_dags/example_sla_dag.py took 0.044 seconds
[2025-08-27T11:51:13.016+0000] {processor.py:153} INFO - Started process (PID=21374) to work on /home/airflow/.local/lib/python3.7/site-packages/airflow/example_dags/example_sla_dag.py
[2025-08-27T11:51:13.016+0000] {processor.py:743} INFO - Processing file /home/airflow/.local/lib/python3.7/site-packages/airflow/example_dags/example_sla_dag.py for tasks to queue
[2025-08-27T11:51:13.017+0000] {logging_mixin.py:137} INFO - [2025-08-27T11:51:13.017+0000] {dagbag.py:538} INFO - Filling up the DagBag from /home/airflow/.local/lib/python3.7/site-packages/airflow/example_dags/example_sla_dag.py
[2025-08-27T11:51:13.040+0000] {processor.py:753} INFO - DAG(s) dict_keys(['example_sla_dag']) retrieved from /home/airflow/.local/lib/python3.7/site-packages/airflow/example_dags/example_sla_dag.py
[2025-08-27T11:51:13.061+0000] {logging_mixin.py:137} INFO - [2025-08-27T11:51:13.061+0000] {dag.py:2690} INFO - Sync 1 DAGs
[2025-08-27T11:51:13.075+0000] {logging_mixin.py:137} INFO - [2025-08-27T11:51:13.075+0000] {dag.py:3441} INFO - Setting next_dagrun for example_sla_dag to 2025-08-27T11:48:00+00:00, run_after=2025-08-27T11:50:00+00:00
[2025-08-27T11:51:13.085+0000] {processor.py:175} INFO - Processing /home/airflow/.local/lib/python3.7/site-packages/airflow/example_dags/example_sla_dag.py took 0.073 seconds
[2025-08-27T11:53:11.681+0000] {processor.py:153} INFO - Started process (PID=21474) to work on /home/airflow/.local/lib/python3.7/site-packages/airflow/example_dags/example_sla_dag.py
[2025-08-27T11:53:11.681+0000] {processor.py:743} INFO - Processing file /home/airflow/.local/lib/python3.7/site-packages/airflow/example_dags/example_sla_dag.py for tasks to queue
[2025-08-27T11:53:11.682+0000] {logging_mixin.py:137} INFO - [2025-08-27T11:53:11.682+0000] {dagbag.py:538} INFO - Filling up the DagBag from /home/airflow/.local/lib/python3.7/site-packages/airflow/example_dags/example_sla_dag.py
[2025-08-27T11:53:11.695+0000] {processor.py:753} INFO - DAG(s) dict_keys(['example_sla_dag']) retrieved from /home/airflow/.local/lib/python3.7/site-packages/airflow/example_dags/example_sla_dag.py
[2025-08-27T11:53:11.707+0000] {logging_mixin.py:137} INFO - [2025-08-27T11:53:11.707+0000] {dag.py:2690} INFO - Sync 1 DAGs
[2025-08-27T11:53:11.717+0000] {logging_mixin.py:137} INFO - [2025-08-27T11:53:11.717+0000] {dag.py:3441} INFO - Setting next_dagrun for example_sla_dag to 2025-08-27T11:50:00+00:00, run_after=2025-08-27T11:52:00+00:00
[2025-08-27T11:53:11.724+0000] {processor.py:175} INFO - Processing /home/airflow/.local/lib/python3.7/site-packages/airflow/example_dags/example_sla_dag.py took 0.045 seconds
[2025-08-27T11:58:53.097+0000] {processor.py:153} INFO - Started process (PID=21574) to work on /home/airflow/.local/lib/python3.7/site-packages/airflow/example_dags/example_sla_dag.py
[2025-08-27T11:58:53.098+0000] {processor.py:743} INFO - Processing file /home/airflow/.local/lib/python3.7/site-packages/airflow/example_dags/example_sla_dag.py for tasks to queue
[2025-08-27T11:58:53.099+0000] {logging_mixin.py:137} INFO - [2025-08-27T11:58:53.099+0000] {dagbag.py:538} INFO - Filling up the DagBag from /home/airflow/.local/lib/python3.7/site-packages/airflow/example_dags/example_sla_dag.py
[2025-08-27T11:58:53.113+0000] {processor.py:753} INFO - DAG(s) dict_keys(['example_sla_dag']) retrieved from /home/airflow/.local/lib/python3.7/site-packages/airflow/example_dags/example_sla_dag.py
[2025-08-27T11:58:53.129+0000] {logging_mixin.py:137} INFO - [2025-08-27T11:58:53.129+0000] {dag.py:2690} INFO - Sync 1 DAGs
[2025-08-27T11:58:53.152+0000] {logging_mixin.py:137} INFO - [2025-08-27T11:58:53.152+0000] {dag.py:3441} INFO - Setting next_dagrun for example_sla_dag to 2025-08-27T11:56:00+00:00, run_after=2025-08-27T11:58:00+00:00
[2025-08-27T11:58:53.171+0000] {processor.py:175} INFO - Processing /home/airflow/.local/lib/python3.7/site-packages/airflow/example_dags/example_sla_dag.py took 0.076 seconds
[2025-08-27T12:11:20.310+0000] {processor.py:153} INFO - Started process (PID=21654) to work on /home/airflow/.local/lib/python3.7/site-packages/airflow/example_dags/example_sla_dag.py
[2025-08-27T12:11:20.310+0000] {processor.py:743} INFO - Processing file /home/airflow/.local/lib/python3.7/site-packages/airflow/example_dags/example_sla_dag.py for tasks to queue
[2025-08-27T12:11:20.311+0000] {logging_mixin.py:137} INFO - [2025-08-27T12:11:20.310+0000] {dagbag.py:538} INFO - Filling up the DagBag from /home/airflow/.local/lib/python3.7/site-packages/airflow/example_dags/example_sla_dag.py
[2025-08-27T12:11:20.322+0000] {processor.py:753} INFO - DAG(s) dict_keys(['example_sla_dag']) retrieved from /home/airflow/.local/lib/python3.7/site-packages/airflow/example_dags/example_sla_dag.py
[2025-08-27T12:11:20.333+0000] {logging_mixin.py:137} INFO - [2025-08-27T12:11:20.333+0000] {dag.py:2690} INFO - Sync 1 DAGs
[2025-08-27T12:11:20.344+0000] {logging_mixin.py:137} INFO - [2025-08-27T12:11:20.344+0000] {dag.py:3441} INFO - Setting next_dagrun for example_sla_dag to 2025-08-27T12:08:00+00:00, run_after=2025-08-27T12:10:00+00:00
[2025-08-27T12:11:20.352+0000] {processor.py:175} INFO - Processing /home/airflow/.local/lib/python3.7/site-packages/airflow/example_dags/example_sla_dag.py took 0.044 seconds
[2025-08-27T12:14:24.492+0000] {processor.py:153} INFO - Started process (PID=21754) to work on /home/airflow/.local/lib/python3.7/site-packages/airflow/example_dags/example_sla_dag.py
[2025-08-27T12:14:24.493+0000] {processor.py:743} INFO - Processing file /home/airflow/.local/lib/python3.7/site-packages/airflow/example_dags/example_sla_dag.py for tasks to queue
[2025-08-27T12:14:24.493+0000] {logging_mixin.py:137} INFO - [2025-08-27T12:14:24.493+0000] {dagbag.py:538} INFO - Filling up the DagBag from /home/airflow/.local/lib/python3.7/site-packages/airflow/example_dags/example_sla_dag.py
[2025-08-27T12:14:24.509+0000] {processor.py:753} INFO - DAG(s) dict_keys(['example_sla_dag']) retrieved from /home/airflow/.local/lib/python3.7/site-packages/airflow/example_dags/example_sla_dag.py
[2025-08-27T12:14:24.525+0000] {logging_mixin.py:137} INFO - [2025-08-27T12:14:24.524+0000] {dag.py:2690} INFO - Sync 1 DAGs
[2025-08-27T12:14:24.539+0000] {logging_mixin.py:137} INFO - [2025-08-27T12:14:24.538+0000] {dag.py:3441} INFO - Setting next_dagrun for example_sla_dag to 2025-08-27T12:12:00+00:00, run_after=2025-08-27T12:14:00+00:00
[2025-08-27T12:14:24.548+0000] {processor.py:175} INFO - Processing /home/airflow/.local/lib/python3.7/site-packages/airflow/example_dags/example_sla_dag.py took 0.057 seconds
[2025-08-27T12:27:57.089+0000] {processor.py:153} INFO - Started process (PID=21854) to work on /home/airflow/.local/lib/python3.7/site-packages/airflow/example_dags/example_sla_dag.py
[2025-08-27T12:27:57.089+0000] {processor.py:743} INFO - Processing file /home/airflow/.local/lib/python3.7/site-packages/airflow/example_dags/example_sla_dag.py for tasks to queue
[2025-08-27T12:27:57.089+0000] {logging_mixin.py:137} INFO - [2025-08-27T12:27:57.089+0000] {dagbag.py:538} INFO - Filling up the DagBag from /home/airflow/.local/lib/python3.7/site-packages/airflow/example_dags/example_sla_dag.py
[2025-08-27T12:27:57.101+0000] {processor.py:753} INFO - DAG(s) dict_keys(['example_sla_dag']) retrieved from /home/airflow/.local/lib/python3.7/site-packages/airflow/example_dags/example_sla_dag.py
[2025-08-27T12:27:57.113+0000] {logging_mixin.py:137} INFO - [2025-08-27T12:27:57.113+0000] {dag.py:2690} INFO - Sync 1 DAGs
[2025-08-27T12:27:57.126+0000] {logging_mixin.py:137} INFO - [2025-08-27T12:27:57.126+0000] {dag.py:3441} INFO - Setting next_dagrun for example_sla_dag to 2025-08-27T12:24:00+00:00, run_after=2025-08-27T12:26:00+00:00
[2025-08-27T12:27:57.133+0000] {processor.py:175} INFO - Processing /home/airflow/.local/lib/python3.7/site-packages/airflow/example_dags/example_sla_dag.py took 0.046 seconds
[2025-08-27T12:38:25.351+0000] {processor.py:153} INFO - Started process (PID=21934) to work on /home/airflow/.local/lib/python3.7/site-packages/airflow/example_dags/example_sla_dag.py
[2025-08-27T12:38:25.352+0000] {processor.py:743} INFO - Processing file /home/airflow/.local/lib/python3.7/site-packages/airflow/example_dags/example_sla_dag.py for tasks to queue
[2025-08-27T12:38:25.353+0000] {logging_mixin.py:137} INFO - [2025-08-27T12:38:25.353+0000] {dagbag.py:538} INFO - Filling up the DagBag from /home/airflow/.local/lib/python3.7/site-packages/airflow/example_dags/example_sla_dag.py
[2025-08-27T12:38:25.381+0000] {processor.py:753} INFO - DAG(s) dict_keys(['example_sla_dag']) retrieved from /home/airflow/.local/lib/python3.7/site-packages/airflow/example_dags/example_sla_dag.py
[2025-08-27T12:38:25.397+0000] {logging_mixin.py:137} INFO - [2025-08-27T12:38:25.396+0000] {dag.py:2690} INFO - Sync 1 DAGs
[2025-08-27T12:38:25.412+0000] {logging_mixin.py:137} INFO - [2025-08-27T12:38:25.412+0000] {dag.py:3441} INFO - Setting next_dagrun for example_sla_dag to 2025-08-27T12:36:00+00:00, run_after=2025-08-27T12:38:00+00:00
[2025-08-27T12:38:25.422+0000] {processor.py:175} INFO - Processing /home/airflow/.local/lib/python3.7/site-packages/airflow/example_dags/example_sla_dag.py took 0.072 seconds
[2025-08-27T12:57:12.180+0000] {processor.py:153} INFO - Started process (PID=22034) to work on /home/airflow/.local/lib/python3.7/site-packages/airflow/example_dags/example_sla_dag.py
[2025-08-27T12:57:12.180+0000] {processor.py:743} INFO - Processing file /home/airflow/.local/lib/python3.7/site-packages/airflow/example_dags/example_sla_dag.py for tasks to queue
[2025-08-27T12:57:12.181+0000] {logging_mixin.py:137} INFO - [2025-08-27T12:57:12.181+0000] {dagbag.py:538} INFO - Filling up the DagBag from /home/airflow/.local/lib/python3.7/site-packages/airflow/example_dags/example_sla_dag.py
[2025-08-27T12:57:12.199+0000] {processor.py:753} INFO - DAG(s) dict_keys(['example_sla_dag']) retrieved from /home/airflow/.local/lib/python3.7/site-packages/airflow/example_dags/example_sla_dag.py
[2025-08-27T12:57:12.221+0000] {logging_mixin.py:137} INFO - [2025-08-27T12:57:12.221+0000] {dag.py:2690} INFO - Sync 1 DAGs
[2025-08-27T12:57:12.240+0000] {logging_mixin.py:137} INFO - [2025-08-27T12:57:12.239+0000] {dag.py:3441} INFO - Setting next_dagrun for example_sla_dag to 2025-08-27T12:54:00+00:00, run_after=2025-08-27T12:56:00+00:00
[2025-08-27T12:57:12.251+0000] {processor.py:175} INFO - Processing /home/airflow/.local/lib/python3.7/site-packages/airflow/example_dags/example_sla_dag.py took 0.074 seconds
[2025-08-27T12:57:42.721+0000] {processor.py:153} INFO - Started process (PID=22134) to work on /home/airflow/.local/lib/python3.7/site-packages/airflow/example_dags/example_sla_dag.py
[2025-08-27T12:57:42.722+0000] {processor.py:743} INFO - Processing file /home/airflow/.local/lib/python3.7/site-packages/airflow/example_dags/example_sla_dag.py for tasks to queue
[2025-08-27T12:57:42.723+0000] {logging_mixin.py:137} INFO - [2025-08-27T12:57:42.722+0000] {dagbag.py:538} INFO - Filling up the DagBag from /home/airflow/.local/lib/python3.7/site-packages/airflow/example_dags/example_sla_dag.py
[2025-08-27T12:57:42.733+0000] {processor.py:753} INFO - DAG(s) dict_keys(['example_sla_dag']) retrieved from /home/airflow/.local/lib/python3.7/site-packages/airflow/example_dags/example_sla_dag.py
[2025-08-27T12:57:42.744+0000] {logging_mixin.py:137} INFO - [2025-08-27T12:57:42.744+0000] {dag.py:2690} INFO - Sync 1 DAGs
[2025-08-27T12:57:42.754+0000] {logging_mixin.py:137} INFO - [2025-08-27T12:57:42.754+0000] {dag.py:3441} INFO - Setting next_dagrun for example_sla_dag to 2025-08-27T12:54:00+00:00, run_after=2025-08-27T12:56:00+00:00
[2025-08-27T12:57:42.762+0000] {processor.py:175} INFO - Processing /home/airflow/.local/lib/python3.7/site-packages/airflow/example_dags/example_sla_dag.py took 0.042 seconds
[2025-08-27T13:27:10.526+0000] {processor.py:153} INFO - Started process (PID=22234) to work on /home/airflow/.local/lib/python3.7/site-packages/airflow/example_dags/example_sla_dag.py
[2025-08-27T13:27:10.529+0000] {processor.py:743} INFO - Processing file /home/airflow/.local/lib/python3.7/site-packages/airflow/example_dags/example_sla_dag.py for tasks to queue
[2025-08-27T13:27:10.529+0000] {logging_mixin.py:137} INFO - [2025-08-27T13:27:10.529+0000] {dagbag.py:538} INFO - Filling up the DagBag from /home/airflow/.local/lib/python3.7/site-packages/airflow/example_dags/example_sla_dag.py
[2025-08-27T13:27:10.545+0000] {processor.py:753} INFO - DAG(s) dict_keys(['example_sla_dag']) retrieved from /home/airflow/.local/lib/python3.7/site-packages/airflow/example_dags/example_sla_dag.py
[2025-08-27T13:27:10.557+0000] {logging_mixin.py:137} INFO - [2025-08-27T13:27:10.557+0000] {dag.py:2690} INFO - Sync 1 DAGs
[2025-08-27T13:27:10.568+0000] {logging_mixin.py:137} INFO - [2025-08-27T13:27:10.568+0000] {dag.py:3441} INFO - Setting next_dagrun for example_sla_dag to 2025-08-27T13:24:00+00:00, run_after=2025-08-27T13:26:00+00:00
[2025-08-27T13:27:10.576+0000] {processor.py:175} INFO - Processing /home/airflow/.local/lib/python3.7/site-packages/airflow/example_dags/example_sla_dag.py took 0.052 seconds
[2025-08-27T13:30:12.589+0000] {processor.py:153} INFO - Started process (PID=22314) to work on /home/airflow/.local/lib/python3.7/site-packages/airflow/example_dags/example_sla_dag.py
[2025-08-27T13:30:12.590+0000] {processor.py:743} INFO - Processing file /home/airflow/.local/lib/python3.7/site-packages/airflow/example_dags/example_sla_dag.py for tasks to queue
[2025-08-27T13:30:12.591+0000] {logging_mixin.py:137} INFO - [2025-08-27T13:30:12.591+0000] {dagbag.py:538} INFO - Filling up the DagBag from /home/airflow/.local/lib/python3.7/site-packages/airflow/example_dags/example_sla_dag.py
[2025-08-27T13:30:12.621+0000] {processor.py:753} INFO - DAG(s) dict_keys(['example_sla_dag']) retrieved from /home/airflow/.local/lib/python3.7/site-packages/airflow/example_dags/example_sla_dag.py
[2025-08-27T13:30:12.648+0000] {logging_mixin.py:137} INFO - [2025-08-27T13:30:12.648+0000] {dag.py:2690} INFO - Sync 1 DAGs
[2025-08-27T13:30:12.667+0000] {logging_mixin.py:137} INFO - [2025-08-27T13:30:12.667+0000] {dag.py:3441} INFO - Setting next_dagrun for example_sla_dag to 2025-08-27T13:28:00+00:00, run_after=2025-08-27T13:30:00+00:00
[2025-08-27T13:30:12.682+0000] {processor.py:175} INFO - Processing /home/airflow/.local/lib/python3.7/site-packages/airflow/example_dags/example_sla_dag.py took 0.096 seconds
[2025-08-27T13:37:06.397+0000] {processor.py:153} INFO - Started process (PID=22414) to work on /home/airflow/.local/lib/python3.7/site-packages/airflow/example_dags/example_sla_dag.py
[2025-08-27T13:37:06.397+0000] {processor.py:743} INFO - Processing file /home/airflow/.local/lib/python3.7/site-packages/airflow/example_dags/example_sla_dag.py for tasks to queue
[2025-08-27T13:37:06.398+0000] {logging_mixin.py:137} INFO - [2025-08-27T13:37:06.398+0000] {dagbag.py:538} INFO - Filling up the DagBag from /home/airflow/.local/lib/python3.7/site-packages/airflow/example_dags/example_sla_dag.py
[2025-08-27T13:37:06.413+0000] {processor.py:753} INFO - DAG(s) dict_keys(['example_sla_dag']) retrieved from /home/airflow/.local/lib/python3.7/site-packages/airflow/example_dags/example_sla_dag.py
[2025-08-27T13:37:06.430+0000] {logging_mixin.py:137} INFO - [2025-08-27T13:37:06.429+0000] {dag.py:2690} INFO - Sync 1 DAGs
[2025-08-27T13:37:06.444+0000] {logging_mixin.py:137} INFO - [2025-08-27T13:37:06.444+0000] {dag.py:3441} INFO - Setting next_dagrun for example_sla_dag to 2025-08-27T13:34:00+00:00, run_after=2025-08-27T13:36:00+00:00
[2025-08-27T13:37:06.455+0000] {processor.py:175} INFO - Processing /home/airflow/.local/lib/python3.7/site-packages/airflow/example_dags/example_sla_dag.py took 0.060 seconds
[2025-08-27T13:51:01.286+0000] {processor.py:153} INFO - Started process (PID=22514) to work on /home/airflow/.local/lib/python3.7/site-packages/airflow/example_dags/example_sla_dag.py
[2025-08-27T13:51:01.286+0000] {processor.py:743} INFO - Processing file /home/airflow/.local/lib/python3.7/site-packages/airflow/example_dags/example_sla_dag.py for tasks to queue
[2025-08-27T13:51:01.287+0000] {logging_mixin.py:137} INFO - [2025-08-27T13:51:01.287+0000] {dagbag.py:538} INFO - Filling up the DagBag from /home/airflow/.local/lib/python3.7/site-packages/airflow/example_dags/example_sla_dag.py
[2025-08-27T13:51:01.301+0000] {processor.py:753} INFO - DAG(s) dict_keys(['example_sla_dag']) retrieved from /home/airflow/.local/lib/python3.7/site-packages/airflow/example_dags/example_sla_dag.py
[2025-08-27T13:51:01.313+0000] {logging_mixin.py:137} INFO - [2025-08-27T13:51:01.313+0000] {dag.py:2690} INFO - Sync 1 DAGs
[2025-08-27T13:51:01.323+0000] {logging_mixin.py:137} INFO - [2025-08-27T13:51:01.323+0000] {dag.py:3441} INFO - Setting next_dagrun for example_sla_dag to 2025-08-27T13:48:00+00:00, run_after=2025-08-27T13:50:00+00:00
[2025-08-27T13:51:01.330+0000] {processor.py:175} INFO - Processing /home/airflow/.local/lib/python3.7/site-packages/airflow/example_dags/example_sla_dag.py took 0.046 seconds
[2025-08-27T14:01:05.804+0000] {processor.py:153} INFO - Started process (PID=22594) to work on /home/airflow/.local/lib/python3.7/site-packages/airflow/example_dags/example_sla_dag.py
[2025-08-27T14:01:05.805+0000] {processor.py:743} INFO - Processing file /home/airflow/.local/lib/python3.7/site-packages/airflow/example_dags/example_sla_dag.py for tasks to queue
[2025-08-27T14:01:05.805+0000] {logging_mixin.py:137} INFO - [2025-08-27T14:01:05.805+0000] {dagbag.py:538} INFO - Filling up the DagBag from /home/airflow/.local/lib/python3.7/site-packages/airflow/example_dags/example_sla_dag.py
[2025-08-27T14:01:05.819+0000] {processor.py:753} INFO - DAG(s) dict_keys(['example_sla_dag']) retrieved from /home/airflow/.local/lib/python3.7/site-packages/airflow/example_dags/example_sla_dag.py
[2025-08-27T14:01:05.832+0000] {logging_mixin.py:137} INFO - [2025-08-27T14:01:05.832+0000] {dag.py:2690} INFO - Sync 1 DAGs
[2025-08-27T14:01:05.843+0000] {logging_mixin.py:137} INFO - [2025-08-27T14:01:05.843+0000] {dag.py:3441} INFO - Setting next_dagrun for example_sla_dag to 2025-08-27T13:58:00+00:00, run_after=2025-08-27T14:00:00+00:00
[2025-08-27T14:01:05.851+0000] {processor.py:175} INFO - Processing /home/airflow/.local/lib/python3.7/site-packages/airflow/example_dags/example_sla_dag.py took 0.049 seconds
[2025-08-27T14:41:12.373+0000] {processor.py:153} INFO - Started process (PID=22694) to work on /home/airflow/.local/lib/python3.7/site-packages/airflow/example_dags/example_sla_dag.py
[2025-08-27T14:41:12.373+0000] {processor.py:743} INFO - Processing file /home/airflow/.local/lib/python3.7/site-packages/airflow/example_dags/example_sla_dag.py for tasks to queue
[2025-08-27T14:41:12.374+0000] {logging_mixin.py:137} INFO - [2025-08-27T14:41:12.374+0000] {dagbag.py:538} INFO - Filling up the DagBag from /home/airflow/.local/lib/python3.7/site-packages/airflow/example_dags/example_sla_dag.py
[2025-08-27T14:41:12.385+0000] {processor.py:753} INFO - DAG(s) dict_keys(['example_sla_dag']) retrieved from /home/airflow/.local/lib/python3.7/site-packages/airflow/example_dags/example_sla_dag.py
[2025-08-27T14:41:12.396+0000] {logging_mixin.py:137} INFO - [2025-08-27T14:41:12.396+0000] {dag.py:2690} INFO - Sync 1 DAGs
[2025-08-27T14:41:12.408+0000] {logging_mixin.py:137} INFO - [2025-08-27T14:41:12.408+0000] {dag.py:3441} INFO - Setting next_dagrun for example_sla_dag to 2025-08-27T14:38:00+00:00, run_after=2025-08-27T14:40:00+00:00
[2025-08-27T14:41:12.417+0000] {processor.py:175} INFO - Processing /home/airflow/.local/lib/python3.7/site-packages/airflow/example_dags/example_sla_dag.py took 0.046 seconds
[2025-08-27T14:43:54.178+0000] {processor.py:153} INFO - Started process (PID=22794) to work on /home/airflow/.local/lib/python3.7/site-packages/airflow/example_dags/example_sla_dag.py
[2025-08-27T14:43:54.178+0000] {processor.py:743} INFO - Processing file /home/airflow/.local/lib/python3.7/site-packages/airflow/example_dags/example_sla_dag.py for tasks to queue
[2025-08-27T14:43:54.178+0000] {logging_mixin.py:137} INFO - [2025-08-27T14:43:54.178+0000] {dagbag.py:538} INFO - Filling up the DagBag from /home/airflow/.local/lib/python3.7/site-packages/airflow/example_dags/example_sla_dag.py
[2025-08-27T14:43:54.196+0000] {processor.py:753} INFO - DAG(s) dict_keys(['example_sla_dag']) retrieved from /home/airflow/.local/lib/python3.7/site-packages/airflow/example_dags/example_sla_dag.py
[2025-08-27T14:43:54.211+0000] {logging_mixin.py:137} INFO - [2025-08-27T14:43:54.211+0000] {dag.py:2690} INFO - Sync 1 DAGs
[2025-08-27T14:43:54.228+0000] {logging_mixin.py:137} INFO - [2025-08-27T14:43:54.228+0000] {dag.py:3441} INFO - Setting next_dagrun for example_sla_dag to 2025-08-27T14:40:00+00:00, run_after=2025-08-27T14:42:00+00:00
[2025-08-27T14:43:54.237+0000] {processor.py:175} INFO - Processing /home/airflow/.local/lib/python3.7/site-packages/airflow/example_dags/example_sla_dag.py took 0.062 seconds
[2025-08-27T14:54:31.526+0000] {processor.py:153} INFO - Started process (PID=22894) to work on /home/airflow/.local/lib/python3.7/site-packages/airflow/example_dags/example_sla_dag.py
[2025-08-27T14:54:31.526+0000] {processor.py:743} INFO - Processing file /home/airflow/.local/lib/python3.7/site-packages/airflow/example_dags/example_sla_dag.py for tasks to queue
[2025-08-27T14:54:31.527+0000] {logging_mixin.py:137} INFO - [2025-08-27T14:54:31.527+0000] {dagbag.py:538} INFO - Filling up the DagBag from /home/airflow/.local/lib/python3.7/site-packages/airflow/example_dags/example_sla_dag.py
[2025-08-27T14:54:31.538+0000] {processor.py:753} INFO - DAG(s) dict_keys(['example_sla_dag']) retrieved from /home/airflow/.local/lib/python3.7/site-packages/airflow/example_dags/example_sla_dag.py
[2025-08-27T14:54:31.550+0000] {logging_mixin.py:137} INFO - [2025-08-27T14:54:31.550+0000] {dag.py:2690} INFO - Sync 1 DAGs
[2025-08-27T14:54:31.560+0000] {logging_mixin.py:137} INFO - [2025-08-27T14:54:31.560+0000] {dag.py:3441} INFO - Setting next_dagrun for example_sla_dag to 2025-08-27T14:52:00+00:00, run_after=2025-08-27T14:54:00+00:00
[2025-08-27T14:54:31.568+0000] {processor.py:175} INFO - Processing /home/airflow/.local/lib/python3.7/site-packages/airflow/example_dags/example_sla_dag.py took 0.044 seconds
[2025-08-27T15:01:38.858+0000] {processor.py:153} INFO - Started process (PID=22974) to work on /home/airflow/.local/lib/python3.7/site-packages/airflow/example_dags/example_sla_dag.py
[2025-08-27T15:01:38.859+0000] {processor.py:743} INFO - Processing file /home/airflow/.local/lib/python3.7/site-packages/airflow/example_dags/example_sla_dag.py for tasks to queue
[2025-08-27T15:01:38.859+0000] {logging_mixin.py:137} INFO - [2025-08-27T15:01:38.859+0000] {dagbag.py:538} INFO - Filling up the DagBag from /home/airflow/.local/lib/python3.7/site-packages/airflow/example_dags/example_sla_dag.py
[2025-08-27T15:01:38.874+0000] {processor.py:753} INFO - DAG(s) dict_keys(['example_sla_dag']) retrieved from /home/airflow/.local/lib/python3.7/site-packages/airflow/example_dags/example_sla_dag.py
[2025-08-27T15:01:38.894+0000] {logging_mixin.py:137} INFO - [2025-08-27T15:01:38.894+0000] {dag.py:2690} INFO - Sync 1 DAGs
[2025-08-27T15:01:38.921+0000] {logging_mixin.py:137} INFO - [2025-08-27T15:01:38.921+0000] {dag.py:3441} INFO - Setting next_dagrun for example_sla_dag to 2025-08-27T14:58:00+00:00, run_after=2025-08-27T15:00:00+00:00
[2025-08-27T15:01:38.941+0000] {processor.py:175} INFO - Processing /home/airflow/.local/lib/python3.7/site-packages/airflow/example_dags/example_sla_dag.py took 0.084 seconds
[2025-08-27T15:08:09.405+0000] {processor.py:153} INFO - Started process (PID=23074) to work on /home/airflow/.local/lib/python3.7/site-packages/airflow/example_dags/example_sla_dag.py
[2025-08-27T15:08:09.406+0000] {processor.py:743} INFO - Processing file /home/airflow/.local/lib/python3.7/site-packages/airflow/example_dags/example_sla_dag.py for tasks to queue
[2025-08-27T15:08:09.406+0000] {logging_mixin.py:137} INFO - [2025-08-27T15:08:09.406+0000] {dagbag.py:538} INFO - Filling up the DagBag from /home/airflow/.local/lib/python3.7/site-packages/airflow/example_dags/example_sla_dag.py
[2025-08-27T15:08:09.416+0000] {processor.py:753} INFO - DAG(s) dict_keys(['example_sla_dag']) retrieved from /home/airflow/.local/lib/python3.7/site-packages/airflow/example_dags/example_sla_dag.py
[2025-08-27T15:08:09.426+0000] {logging_mixin.py:137} INFO - [2025-08-27T15:08:09.426+0000] {dag.py:2690} INFO - Sync 1 DAGs
[2025-08-27T15:08:09.437+0000] {logging_mixin.py:137} INFO - [2025-08-27T15:08:09.437+0000] {dag.py:3441} INFO - Setting next_dagrun for example_sla_dag to 2025-08-27T15:06:00+00:00, run_after=2025-08-27T15:08:00+00:00
[2025-08-27T15:08:09.444+0000] {processor.py:175} INFO - Processing /home/airflow/.local/lib/python3.7/site-packages/airflow/example_dags/example_sla_dag.py took 0.040 seconds
[2025-08-27T15:18:52.005+0000] {processor.py:153} INFO - Started process (PID=23174) to work on /home/airflow/.local/lib/python3.7/site-packages/airflow/example_dags/example_sla_dag.py
[2025-08-27T15:18:52.006+0000] {processor.py:743} INFO - Processing file /home/airflow/.local/lib/python3.7/site-packages/airflow/example_dags/example_sla_dag.py for tasks to queue
[2025-08-27T15:18:52.006+0000] {logging_mixin.py:137} INFO - [2025-08-27T15:18:52.006+0000] {dagbag.py:538} INFO - Filling up the DagBag from /home/airflow/.local/lib/python3.7/site-packages/airflow/example_dags/example_sla_dag.py
[2025-08-27T15:18:52.016+0000] {processor.py:753} INFO - DAG(s) dict_keys(['example_sla_dag']) retrieved from /home/airflow/.local/lib/python3.7/site-packages/airflow/example_dags/example_sla_dag.py
[2025-08-27T15:18:52.027+0000] {logging_mixin.py:137} INFO - [2025-08-27T15:18:52.027+0000] {dag.py:2690} INFO - Sync 1 DAGs
[2025-08-27T15:18:52.038+0000] {logging_mixin.py:137} INFO - [2025-08-27T15:18:52.038+0000] {dag.py:3441} INFO - Setting next_dagrun for example_sla_dag to 2025-08-27T15:16:00+00:00, run_after=2025-08-27T15:18:00+00:00
[2025-08-27T15:18:52.045+0000] {processor.py:175} INFO - Processing /home/airflow/.local/lib/python3.7/site-packages/airflow/example_dags/example_sla_dag.py took 0.041 seconds
[2025-08-27T15:19:36.707+0000] {processor.py:153} INFO - Started process (PID=23254) to work on /home/airflow/.local/lib/python3.7/site-packages/airflow/example_dags/example_sla_dag.py
[2025-08-27T15:19:36.708+0000] {processor.py:743} INFO - Processing file /home/airflow/.local/lib/python3.7/site-packages/airflow/example_dags/example_sla_dag.py for tasks to queue
[2025-08-27T15:19:36.708+0000] {logging_mixin.py:137} INFO - [2025-08-27T15:19:36.708+0000] {dagbag.py:538} INFO - Filling up the DagBag from /home/airflow/.local/lib/python3.7/site-packages/airflow/example_dags/example_sla_dag.py
[2025-08-27T15:19:36.718+0000] {processor.py:753} INFO - DAG(s) dict_keys(['example_sla_dag']) retrieved from /home/airflow/.local/lib/python3.7/site-packages/airflow/example_dags/example_sla_dag.py
[2025-08-27T15:19:36.728+0000] {logging_mixin.py:137} INFO - [2025-08-27T15:19:36.728+0000] {dag.py:2690} INFO - Sync 1 DAGs
[2025-08-27T15:19:36.738+0000] {logging_mixin.py:137} INFO - [2025-08-27T15:19:36.738+0000] {dag.py:3441} INFO - Setting next_dagrun for example_sla_dag to 2025-08-27T15:16:00+00:00, run_after=2025-08-27T15:18:00+00:00
[2025-08-27T15:19:36.745+0000] {processor.py:175} INFO - Processing /home/airflow/.local/lib/python3.7/site-packages/airflow/example_dags/example_sla_dag.py took 0.039 seconds
[2025-08-27T15:21:52.707+0000] {processor.py:153} INFO - Started process (PID=23354) to work on /home/airflow/.local/lib/python3.7/site-packages/airflow/example_dags/example_sla_dag.py
[2025-08-27T15:21:52.707+0000] {processor.py:743} INFO - Processing file /home/airflow/.local/lib/python3.7/site-packages/airflow/example_dags/example_sla_dag.py for tasks to queue
[2025-08-27T15:21:52.708+0000] {logging_mixin.py:137} INFO - [2025-08-27T15:21:52.707+0000] {dagbag.py:538} INFO - Filling up the DagBag from /home/airflow/.local/lib/python3.7/site-packages/airflow/example_dags/example_sla_dag.py
[2025-08-27T15:21:52.718+0000] {processor.py:753} INFO - DAG(s) dict_keys(['example_sla_dag']) retrieved from /home/airflow/.local/lib/python3.7/site-packages/airflow/example_dags/example_sla_dag.py
[2025-08-27T15:21:52.729+0000] {logging_mixin.py:137} INFO - [2025-08-27T15:21:52.729+0000] {dag.py:2690} INFO - Sync 1 DAGs
[2025-08-27T15:21:52.740+0000] {logging_mixin.py:137} INFO - [2025-08-27T15:21:52.740+0000] {dag.py:3441} INFO - Setting next_dagrun for example_sla_dag to 2025-08-27T15:18:00+00:00, run_after=2025-08-27T15:20:00+00:00
[2025-08-27T15:21:52.747+0000] {processor.py:175} INFO - Processing /home/airflow/.local/lib/python3.7/site-packages/airflow/example_dags/example_sla_dag.py took 0.042 seconds
[2025-08-27T15:25:58.482+0000] {processor.py:153} INFO - Started process (PID=23454) to work on /home/airflow/.local/lib/python3.7/site-packages/airflow/example_dags/example_sla_dag.py
[2025-08-27T15:25:58.483+0000] {processor.py:743} INFO - Processing file /home/airflow/.local/lib/python3.7/site-packages/airflow/example_dags/example_sla_dag.py for tasks to queue
[2025-08-27T15:25:58.484+0000] {logging_mixin.py:137} INFO - [2025-08-27T15:25:58.484+0000] {dagbag.py:538} INFO - Filling up the DagBag from /home/airflow/.local/lib/python3.7/site-packages/airflow/example_dags/example_sla_dag.py
[2025-08-27T15:25:58.506+0000] {processor.py:753} INFO - DAG(s) dict_keys(['example_sla_dag']) retrieved from /home/airflow/.local/lib/python3.7/site-packages/airflow/example_dags/example_sla_dag.py
[2025-08-27T15:25:58.527+0000] {logging_mixin.py:137} INFO - [2025-08-27T15:25:58.527+0000] {dag.py:2690} INFO - Sync 1 DAGs
[2025-08-27T15:25:58.547+0000] {logging_mixin.py:137} INFO - [2025-08-27T15:25:58.547+0000] {dag.py:3441} INFO - Setting next_dagrun for example_sla_dag to 2025-08-27T15:22:00+00:00, run_after=2025-08-27T15:24:00+00:00
[2025-08-27T15:25:58.561+0000] {processor.py:175} INFO - Processing /home/airflow/.local/lib/python3.7/site-packages/airflow/example_dags/example_sla_dag.py took 0.082 seconds
[2025-08-27T16:00:39.790+0000] {processor.py:153} INFO - Started process (PID=23554) to work on /home/airflow/.local/lib/python3.7/site-packages/airflow/example_dags/example_sla_dag.py
[2025-08-27T16:00:39.791+0000] {processor.py:743} INFO - Processing file /home/airflow/.local/lib/python3.7/site-packages/airflow/example_dags/example_sla_dag.py for tasks to queue
[2025-08-27T16:00:39.792+0000] {logging_mixin.py:137} INFO - [2025-08-27T16:00:39.792+0000] {dagbag.py:538} INFO - Filling up the DagBag from /home/airflow/.local/lib/python3.7/site-packages/airflow/example_dags/example_sla_dag.py
[2025-08-27T16:00:39.806+0000] {processor.py:753} INFO - DAG(s) dict_keys(['example_sla_dag']) retrieved from /home/airflow/.local/lib/python3.7/site-packages/airflow/example_dags/example_sla_dag.py
[2025-08-27T16:00:39.831+0000] {logging_mixin.py:137} INFO - [2025-08-27T16:00:39.831+0000] {dag.py:2690} INFO - Sync 1 DAGs
[2025-08-27T16:00:39.855+0000] {logging_mixin.py:137} INFO - [2025-08-27T16:00:39.855+0000] {dag.py:3441} INFO - Setting next_dagrun for example_sla_dag to 2025-08-27T15:58:00+00:00, run_after=2025-08-27T16:00:00+00:00
[2025-08-27T16:00:39.872+0000] {processor.py:175} INFO - Processing /home/airflow/.local/lib/python3.7/site-packages/airflow/example_dags/example_sla_dag.py took 0.084 seconds
[2025-08-27T16:14:52.878+0000] {processor.py:153} INFO - Started process (PID=23634) to work on /home/airflow/.local/lib/python3.7/site-packages/airflow/example_dags/example_sla_dag.py
[2025-08-27T16:14:52.881+0000] {processor.py:743} INFO - Processing file /home/airflow/.local/lib/python3.7/site-packages/airflow/example_dags/example_sla_dag.py for tasks to queue
[2025-08-27T16:14:52.881+0000] {logging_mixin.py:137} INFO - [2025-08-27T16:14:52.881+0000] {dagbag.py:538} INFO - Filling up the DagBag from /home/airflow/.local/lib/python3.7/site-packages/airflow/example_dags/example_sla_dag.py
[2025-08-27T16:14:52.893+0000] {processor.py:753} INFO - DAG(s) dict_keys(['example_sla_dag']) retrieved from /home/airflow/.local/lib/python3.7/site-packages/airflow/example_dags/example_sla_dag.py
[2025-08-27T16:14:52.904+0000] {logging_mixin.py:137} INFO - [2025-08-27T16:14:52.904+0000] {dag.py:2690} INFO - Sync 1 DAGs
[2025-08-27T16:14:52.914+0000] {logging_mixin.py:137} INFO - [2025-08-27T16:14:52.914+0000] {dag.py:3441} INFO - Setting next_dagrun for example_sla_dag to 2025-08-27T16:12:00+00:00, run_after=2025-08-27T16:14:00+00:00
[2025-08-27T16:14:52.922+0000] {processor.py:175} INFO - Processing /home/airflow/.local/lib/python3.7/site-packages/airflow/example_dags/example_sla_dag.py took 0.045 seconds
[2025-08-27T16:23:10.063+0000] {processor.py:153} INFO - Started process (PID=23734) to work on /home/airflow/.local/lib/python3.7/site-packages/airflow/example_dags/example_sla_dag.py
[2025-08-27T16:23:10.063+0000] {processor.py:743} INFO - Processing file /home/airflow/.local/lib/python3.7/site-packages/airflow/example_dags/example_sla_dag.py for tasks to queue
[2025-08-27T16:23:10.064+0000] {logging_mixin.py:137} INFO - [2025-08-27T16:23:10.064+0000] {dagbag.py:538} INFO - Filling up the DagBag from /home/airflow/.local/lib/python3.7/site-packages/airflow/example_dags/example_sla_dag.py
[2025-08-27T16:23:10.078+0000] {processor.py:753} INFO - DAG(s) dict_keys(['example_sla_dag']) retrieved from /home/airflow/.local/lib/python3.7/site-packages/airflow/example_dags/example_sla_dag.py
[2025-08-27T16:23:10.094+0000] {logging_mixin.py:137} INFO - [2025-08-27T16:23:10.093+0000] {dag.py:2690} INFO - Sync 1 DAGs
[2025-08-27T16:23:10.108+0000] {logging_mixin.py:137} INFO - [2025-08-27T16:23:10.108+0000] {dag.py:3441} INFO - Setting next_dagrun for example_sla_dag to 2025-08-27T16:20:00+00:00, run_after=2025-08-27T16:22:00+00:00
[2025-08-27T16:23:10.119+0000] {processor.py:175} INFO - Processing /home/airflow/.local/lib/python3.7/site-packages/airflow/example_dags/example_sla_dag.py took 0.059 seconds
[2025-08-27T16:24:53.845+0000] {processor.py:153} INFO - Started process (PID=23834) to work on /home/airflow/.local/lib/python3.7/site-packages/airflow/example_dags/example_sla_dag.py
[2025-08-27T16:24:53.845+0000] {processor.py:743} INFO - Processing file /home/airflow/.local/lib/python3.7/site-packages/airflow/example_dags/example_sla_dag.py for tasks to queue
[2025-08-27T16:24:53.846+0000] {logging_mixin.py:137} INFO - [2025-08-27T16:24:53.845+0000] {dagbag.py:538} INFO - Filling up the DagBag from /home/airflow/.local/lib/python3.7/site-packages/airflow/example_dags/example_sla_dag.py
[2025-08-27T16:24:53.855+0000] {processor.py:753} INFO - DAG(s) dict_keys(['example_sla_dag']) retrieved from /home/airflow/.local/lib/python3.7/site-packages/airflow/example_dags/example_sla_dag.py
[2025-08-27T16:24:53.867+0000] {logging_mixin.py:137} INFO - [2025-08-27T16:24:53.867+0000] {dag.py:2690} INFO - Sync 1 DAGs
[2025-08-27T16:24:53.878+0000] {logging_mixin.py:137} INFO - [2025-08-27T16:24:53.878+0000] {dag.py:3441} INFO - Setting next_dagrun for example_sla_dag to 2025-08-27T16:22:00+00:00, run_after=2025-08-27T16:24:00+00:00
[2025-08-27T16:24:53.885+0000] {processor.py:175} INFO - Processing /home/airflow/.local/lib/python3.7/site-packages/airflow/example_dags/example_sla_dag.py took 0.042 seconds
[2025-08-27T16:30:06.998+0000] {processor.py:153} INFO - Started process (PID=23934) to work on /home/airflow/.local/lib/python3.7/site-packages/airflow/example_dags/example_sla_dag.py
[2025-08-27T16:30:06.998+0000] {processor.py:743} INFO - Processing file /home/airflow/.local/lib/python3.7/site-packages/airflow/example_dags/example_sla_dag.py for tasks to queue
[2025-08-27T16:30:06.998+0000] {logging_mixin.py:137} INFO - [2025-08-27T16:30:06.998+0000] {dagbag.py:538} INFO - Filling up the DagBag from /home/airflow/.local/lib/python3.7/site-packages/airflow/example_dags/example_sla_dag.py
[2025-08-27T16:30:07.017+0000] {processor.py:753} INFO - DAG(s) dict_keys(['example_sla_dag']) retrieved from /home/airflow/.local/lib/python3.7/site-packages/airflow/example_dags/example_sla_dag.py
[2025-08-27T16:30:07.042+0000] {logging_mixin.py:137} INFO - [2025-08-27T16:30:07.042+0000] {dag.py:2690} INFO - Sync 1 DAGs
[2025-08-27T16:30:07.064+0000] {logging_mixin.py:137} INFO - [2025-08-27T16:30:07.063+0000] {dag.py:3441} INFO - Setting next_dagrun for example_sla_dag to 2025-08-27T16:28:00+00:00, run_after=2025-08-27T16:30:00+00:00
[2025-08-27T16:30:07.075+0000] {processor.py:175} INFO - Processing /home/airflow/.local/lib/python3.7/site-packages/airflow/example_dags/example_sla_dag.py took 0.079 seconds
[2025-08-27T16:44:02.614+0000] {processor.py:153} INFO - Started process (PID=24014) to work on /home/airflow/.local/lib/python3.7/site-packages/airflow/example_dags/example_sla_dag.py
[2025-08-27T16:44:02.615+0000] {processor.py:743} INFO - Processing file /home/airflow/.local/lib/python3.7/site-packages/airflow/example_dags/example_sla_dag.py for tasks to queue
[2025-08-27T16:44:02.615+0000] {logging_mixin.py:137} INFO - [2025-08-27T16:44:02.615+0000] {dagbag.py:538} INFO - Filling up the DagBag from /home/airflow/.local/lib/python3.7/site-packages/airflow/example_dags/example_sla_dag.py
[2025-08-27T16:44:02.632+0000] {processor.py:753} INFO - DAG(s) dict_keys(['example_sla_dag']) retrieved from /home/airflow/.local/lib/python3.7/site-packages/airflow/example_dags/example_sla_dag.py
[2025-08-27T16:44:02.648+0000] {logging_mixin.py:137} INFO - [2025-08-27T16:44:02.648+0000] {dag.py:2690} INFO - Sync 1 DAGs
[2025-08-27T16:44:02.663+0000] {logging_mixin.py:137} INFO - [2025-08-27T16:44:02.663+0000] {dag.py:3441} INFO - Setting next_dagrun for example_sla_dag to 2025-08-27T16:42:00+00:00, run_after=2025-08-27T16:44:00+00:00
[2025-08-27T16:44:02.674+0000] {processor.py:175} INFO - Processing /home/airflow/.local/lib/python3.7/site-packages/airflow/example_dags/example_sla_dag.py took 0.063 seconds
[2025-08-27T18:19:17.225+0000] {processor.py:153} INFO - Started process (PID=24114) to work on /home/airflow/.local/lib/python3.7/site-packages/airflow/example_dags/example_sla_dag.py
[2025-08-27T18:19:17.226+0000] {processor.py:743} INFO - Processing file /home/airflow/.local/lib/python3.7/site-packages/airflow/example_dags/example_sla_dag.py for tasks to queue
[2025-08-27T18:19:17.226+0000] {logging_mixin.py:137} INFO - [2025-08-27T18:19:17.226+0000] {dagbag.py:538} INFO - Filling up the DagBag from /home/airflow/.local/lib/python3.7/site-packages/airflow/example_dags/example_sla_dag.py
[2025-08-27T18:19:17.240+0000] {processor.py:753} INFO - DAG(s) dict_keys(['example_sla_dag']) retrieved from /home/airflow/.local/lib/python3.7/site-packages/airflow/example_dags/example_sla_dag.py
[2025-08-27T18:19:17.254+0000] {logging_mixin.py:137} INFO - [2025-08-27T18:19:17.254+0000] {dag.py:2690} INFO - Sync 1 DAGs
[2025-08-27T18:19:17.272+0000] {logging_mixin.py:137} INFO - [2025-08-27T18:19:17.271+0000] {dag.py:3441} INFO - Setting next_dagrun for example_sla_dag to 2025-08-27T18:16:00+00:00, run_after=2025-08-27T18:18:00+00:00
[2025-08-27T18:19:17.284+0000] {processor.py:175} INFO - Processing /home/airflow/.local/lib/python3.7/site-packages/airflow/example_dags/example_sla_dag.py took 0.062 seconds
[2025-08-27T19:39:49.776+0000] {processor.py:153} INFO - Started process (PID=24214) to work on /home/airflow/.local/lib/python3.7/site-packages/airflow/example_dags/example_sla_dag.py
[2025-08-27T19:39:49.777+0000] {processor.py:743} INFO - Processing file /home/airflow/.local/lib/python3.7/site-packages/airflow/example_dags/example_sla_dag.py for tasks to queue
[2025-08-27T19:39:49.779+0000] {logging_mixin.py:137} INFO - [2025-08-27T19:39:49.779+0000] {dagbag.py:538} INFO - Filling up the DagBag from /home/airflow/.local/lib/python3.7/site-packages/airflow/example_dags/example_sla_dag.py
[2025-08-27T19:39:49.833+0000] {processor.py:753} INFO - DAG(s) dict_keys(['example_sla_dag']) retrieved from /home/airflow/.local/lib/python3.7/site-packages/airflow/example_dags/example_sla_dag.py
[2025-08-27T19:39:49.844+0000] {logging_mixin.py:137} INFO - [2025-08-27T19:39:49.844+0000] {dag.py:2690} INFO - Sync 1 DAGs
[2025-08-27T19:39:49.857+0000] {logging_mixin.py:137} INFO - [2025-08-27T19:39:49.857+0000] {dag.py:3441} INFO - Setting next_dagrun for example_sla_dag to 2025-08-27T19:36:00+00:00, run_after=2025-08-27T19:38:00+00:00
[2025-08-27T19:39:49.866+0000] {processor.py:175} INFO - Processing /home/airflow/.local/lib/python3.7/site-packages/airflow/example_dags/example_sla_dag.py took 0.092 seconds
[2025-08-27T21:01:24.259+0000] {processor.py:153} INFO - Started process (PID=24294) to work on /home/airflow/.local/lib/python3.7/site-packages/airflow/example_dags/example_sla_dag.py
[2025-08-27T21:01:24.259+0000] {processor.py:743} INFO - Processing file /home/airflow/.local/lib/python3.7/site-packages/airflow/example_dags/example_sla_dag.py for tasks to queue
[2025-08-27T21:01:24.260+0000] {logging_mixin.py:137} INFO - [2025-08-27T21:01:24.260+0000] {dagbag.py:538} INFO - Filling up the DagBag from /home/airflow/.local/lib/python3.7/site-packages/airflow/example_dags/example_sla_dag.py
[2025-08-27T21:01:24.278+0000] {processor.py:753} INFO - DAG(s) dict_keys(['example_sla_dag']) retrieved from /home/airflow/.local/lib/python3.7/site-packages/airflow/example_dags/example_sla_dag.py
[2025-08-27T21:01:24.295+0000] {logging_mixin.py:137} INFO - [2025-08-27T21:01:24.295+0000] {dag.py:2690} INFO - Sync 1 DAGs
[2025-08-27T21:01:24.311+0000] {logging_mixin.py:137} INFO - [2025-08-27T21:01:24.311+0000] {dag.py:3441} INFO - Setting next_dagrun for example_sla_dag to 2025-08-27T20:58:00+00:00, run_after=2025-08-27T21:00:00+00:00
[2025-08-27T21:01:24.323+0000] {processor.py:175} INFO - Processing /home/airflow/.local/lib/python3.7/site-packages/airflow/example_dags/example_sla_dag.py took 0.067 seconds
[2025-08-27T21:51:49.600+0000] {processor.py:153} INFO - Started process (PID=24394) to work on /home/airflow/.local/lib/python3.7/site-packages/airflow/example_dags/example_sla_dag.py
[2025-08-27T21:51:49.601+0000] {processor.py:743} INFO - Processing file /home/airflow/.local/lib/python3.7/site-packages/airflow/example_dags/example_sla_dag.py for tasks to queue
[2025-08-27T21:51:49.601+0000] {logging_mixin.py:137} INFO - [2025-08-27T21:51:49.601+0000] {dagbag.py:538} INFO - Filling up the DagBag from /home/airflow/.local/lib/python3.7/site-packages/airflow/example_dags/example_sla_dag.py
[2025-08-27T21:51:49.615+0000] {processor.py:753} INFO - DAG(s) dict_keys(['example_sla_dag']) retrieved from /home/airflow/.local/lib/python3.7/site-packages/airflow/example_dags/example_sla_dag.py
[2025-08-27T21:51:49.630+0000] {logging_mixin.py:137} INFO - [2025-08-27T21:51:49.630+0000] {dag.py:2690} INFO - Sync 1 DAGs
[2025-08-27T21:51:49.645+0000] {logging_mixin.py:137} INFO - [2025-08-27T21:51:49.645+0000] {dag.py:3441} INFO - Setting next_dagrun for example_sla_dag to 2025-08-27T21:48:00+00:00, run_after=2025-08-27T21:50:00+00:00
[2025-08-27T21:51:49.654+0000] {processor.py:175} INFO - Processing /home/airflow/.local/lib/python3.7/site-packages/airflow/example_dags/example_sla_dag.py took 0.056 seconds
[2025-08-27T23:29:05.632+0000] {processor.py:153} INFO - Started process (PID=24494) to work on /home/airflow/.local/lib/python3.7/site-packages/airflow/example_dags/example_sla_dag.py
[2025-08-27T23:29:05.633+0000] {processor.py:743} INFO - Processing file /home/airflow/.local/lib/python3.7/site-packages/airflow/example_dags/example_sla_dag.py for tasks to queue
[2025-08-27T23:29:05.633+0000] {logging_mixin.py:137} INFO - [2025-08-27T23:29:05.633+0000] {dagbag.py:538} INFO - Filling up the DagBag from /home/airflow/.local/lib/python3.7/site-packages/airflow/example_dags/example_sla_dag.py
[2025-08-27T23:29:05.643+0000] {processor.py:753} INFO - DAG(s) dict_keys(['example_sla_dag']) retrieved from /home/airflow/.local/lib/python3.7/site-packages/airflow/example_dags/example_sla_dag.py
[2025-08-27T23:29:05.654+0000] {logging_mixin.py:137} INFO - [2025-08-27T23:29:05.653+0000] {dag.py:2690} INFO - Sync 1 DAGs
[2025-08-27T23:29:05.664+0000] {logging_mixin.py:137} INFO - [2025-08-27T23:29:05.664+0000] {dag.py:3441} INFO - Setting next_dagrun for example_sla_dag to 2025-08-27T23:26:00+00:00, run_after=2025-08-27T23:28:00+00:00
[2025-08-27T23:29:05.672+0000] {processor.py:175} INFO - Processing /home/airflow/.local/lib/python3.7/site-packages/airflow/example_dags/example_sla_dag.py took 0.041 seconds
