[2025-08-27T00:46:30.216+0000] {processor.py:153} INFO - Started process (PID=19520) to work on /home/airflow/.local/lib/python3.7/site-packages/airflow/example_dags/example_branch_day_of_week_operator.py
[2025-08-27T00:46:30.216+0000] {processor.py:743} INFO - Processing file /home/airflow/.local/lib/python3.7/site-packages/airflow/example_dags/example_branch_day_of_week_operator.py for tasks to queue
[2025-08-27T00:46:30.216+0000] {logging_mixin.py:137} INFO - [2025-08-27T00:46:30.216+0000] {dagbag.py:538} INFO - Filling up the DagBag from /home/airflow/.local/lib/python3.7/site-packages/airflow/example_dags/example_branch_day_of_week_operator.py
[2025-08-27T00:46:30.224+0000] {processor.py:753} INFO - DAG(s) dict_keys(['example_weekday_branch_operator']) retrieved from /home/airflow/.local/lib/python3.7/site-packages/airflow/example_dags/example_branch_day_of_week_operator.py
[2025-08-27T00:46:30.235+0000] {logging_mixin.py:137} INFO - [2025-08-27T00:46:30.235+0000] {dag.py:2690} INFO - Sync 1 DAGs
[2025-08-27T00:46:30.246+0000] {logging_mixin.py:137} INFO - [2025-08-27T00:46:30.246+0000] {dag.py:3441} INFO - Setting next_dagrun for example_weekday_branch_operator to 2025-08-26T00:00:00+00:00, run_after=2025-08-27T00:00:00+00:00
[2025-08-27T00:46:30.254+0000] {processor.py:175} INFO - Processing /home/airflow/.local/lib/python3.7/site-packages/airflow/example_dags/example_branch_day_of_week_operator.py took 0.039 seconds
[2025-08-27T02:21:52.030+0000] {processor.py:153} INFO - Started process (PID=19607) to work on /home/airflow/.local/lib/python3.7/site-packages/airflow/example_dags/example_branch_day_of_week_operator.py
[2025-08-27T02:21:52.031+0000] {processor.py:743} INFO - Processing file /home/airflow/.local/lib/python3.7/site-packages/airflow/example_dags/example_branch_day_of_week_operator.py for tasks to queue
[2025-08-27T02:21:52.032+0000] {logging_mixin.py:137} INFO - [2025-08-27T02:21:52.032+0000] {dagbag.py:538} INFO - Filling up the DagBag from /home/airflow/.local/lib/python3.7/site-packages/airflow/example_dags/example_branch_day_of_week_operator.py
[2025-08-27T02:21:52.044+0000] {processor.py:753} INFO - DAG(s) dict_keys(['example_weekday_branch_operator']) retrieved from /home/airflow/.local/lib/python3.7/site-packages/airflow/example_dags/example_branch_day_of_week_operator.py
[2025-08-27T02:21:52.058+0000] {logging_mixin.py:137} INFO - [2025-08-27T02:21:52.058+0000] {dag.py:2690} INFO - Sync 1 DAGs
[2025-08-27T02:21:52.070+0000] {logging_mixin.py:137} INFO - [2025-08-27T02:21:52.070+0000] {dag.py:3441} INFO - Setting next_dagrun for example_weekday_branch_operator to 2025-08-26T00:00:00+00:00, run_after=2025-08-27T00:00:00+00:00
[2025-08-27T02:21:52.081+0000] {processor.py:175} INFO - Processing /home/airflow/.local/lib/python3.7/site-packages/airflow/example_dags/example_branch_day_of_week_operator.py took 0.053 seconds
[2025-08-27T02:37:30.846+0000] {processor.py:153} INFO - Started process (PID=19700) to work on /home/airflow/.local/lib/python3.7/site-packages/airflow/example_dags/example_branch_day_of_week_operator.py
[2025-08-27T02:37:30.846+0000] {processor.py:743} INFO - Processing file /home/airflow/.local/lib/python3.7/site-packages/airflow/example_dags/example_branch_day_of_week_operator.py for tasks to queue
[2025-08-27T02:37:30.846+0000] {logging_mixin.py:137} INFO - [2025-08-27T02:37:30.846+0000] {dagbag.py:538} INFO - Filling up the DagBag from /home/airflow/.local/lib/python3.7/site-packages/airflow/example_dags/example_branch_day_of_week_operator.py
[2025-08-27T02:37:30.853+0000] {processor.py:753} INFO - DAG(s) dict_keys(['example_weekday_branch_operator']) retrieved from /home/airflow/.local/lib/python3.7/site-packages/airflow/example_dags/example_branch_day_of_week_operator.py
[2025-08-27T02:37:30.864+0000] {logging_mixin.py:137} INFO - [2025-08-27T02:37:30.864+0000] {dag.py:2690} INFO - Sync 1 DAGs
[2025-08-27T02:37:30.874+0000] {logging_mixin.py:137} INFO - [2025-08-27T02:37:30.874+0000] {dag.py:3441} INFO - Setting next_dagrun for example_weekday_branch_operator to 2025-08-26T00:00:00+00:00, run_after=2025-08-27T00:00:00+00:00
[2025-08-27T02:37:30.880+0000] {processor.py:175} INFO - Processing /home/airflow/.local/lib/python3.7/site-packages/airflow/example_dags/example_branch_day_of_week_operator.py took 0.036 seconds
[2025-08-27T03:02:27.048+0000] {processor.py:153} INFO - Started process (PID=19800) to work on /home/airflow/.local/lib/python3.7/site-packages/airflow/example_dags/example_branch_day_of_week_operator.py
[2025-08-27T03:02:27.049+0000] {processor.py:743} INFO - Processing file /home/airflow/.local/lib/python3.7/site-packages/airflow/example_dags/example_branch_day_of_week_operator.py for tasks to queue
[2025-08-27T03:02:27.049+0000] {logging_mixin.py:137} INFO - [2025-08-27T03:02:27.049+0000] {dagbag.py:538} INFO - Filling up the DagBag from /home/airflow/.local/lib/python3.7/site-packages/airflow/example_dags/example_branch_day_of_week_operator.py
[2025-08-27T03:02:27.058+0000] {processor.py:753} INFO - DAG(s) dict_keys(['example_weekday_branch_operator']) retrieved from /home/airflow/.local/lib/python3.7/site-packages/airflow/example_dags/example_branch_day_of_week_operator.py
[2025-08-27T03:02:27.072+0000] {logging_mixin.py:137} INFO - [2025-08-27T03:02:27.072+0000] {dag.py:2690} INFO - Sync 1 DAGs
[2025-08-27T03:02:27.082+0000] {logging_mixin.py:137} INFO - [2025-08-27T03:02:27.081+0000] {dag.py:3441} INFO - Setting next_dagrun for example_weekday_branch_operator to 2025-08-26T00:00:00+00:00, run_after=2025-08-27T00:00:00+00:00
[2025-08-27T03:02:27.090+0000] {processor.py:175} INFO - Processing /home/airflow/.local/lib/python3.7/site-packages/airflow/example_dags/example_branch_day_of_week_operator.py took 0.043 seconds
[2025-08-27T03:13:54.219+0000] {processor.py:153} INFO - Started process (PID=19899) to work on /home/airflow/.local/lib/python3.7/site-packages/airflow/example_dags/example_branch_day_of_week_operator.py
[2025-08-27T03:13:54.219+0000] {processor.py:743} INFO - Processing file /home/airflow/.local/lib/python3.7/site-packages/airflow/example_dags/example_branch_day_of_week_operator.py for tasks to queue
[2025-08-27T03:13:54.221+0000] {logging_mixin.py:137} INFO - [2025-08-27T03:13:54.221+0000] {dagbag.py:538} INFO - Filling up the DagBag from /home/airflow/.local/lib/python3.7/site-packages/airflow/example_dags/example_branch_day_of_week_operator.py
[2025-08-27T03:13:54.231+0000] {processor.py:753} INFO - DAG(s) dict_keys(['example_weekday_branch_operator']) retrieved from /home/airflow/.local/lib/python3.7/site-packages/airflow/example_dags/example_branch_day_of_week_operator.py
[2025-08-27T03:13:54.246+0000] {logging_mixin.py:137} INFO - [2025-08-27T03:13:54.246+0000] {dag.py:2690} INFO - Sync 1 DAGs
[2025-08-27T03:13:54.257+0000] {logging_mixin.py:137} INFO - [2025-08-27T03:13:54.257+0000] {dag.py:3441} INFO - Setting next_dagrun for example_weekday_branch_operator to 2025-08-26T00:00:00+00:00, run_after=2025-08-27T00:00:00+00:00
[2025-08-27T03:13:54.264+0000] {processor.py:175} INFO - Processing /home/airflow/.local/lib/python3.7/site-packages/airflow/example_dags/example_branch_day_of_week_operator.py took 0.047 seconds
[2025-08-27T03:33:10.406+0000] {processor.py:153} INFO - Started process (PID=19979) to work on /home/airflow/.local/lib/python3.7/site-packages/airflow/example_dags/example_branch_day_of_week_operator.py
[2025-08-27T03:33:10.411+0000] {processor.py:743} INFO - Processing file /home/airflow/.local/lib/python3.7/site-packages/airflow/example_dags/example_branch_day_of_week_operator.py for tasks to queue
[2025-08-27T03:33:10.413+0000] {logging_mixin.py:137} INFO - [2025-08-27T03:33:10.413+0000] {dagbag.py:538} INFO - Filling up the DagBag from /home/airflow/.local/lib/python3.7/site-packages/airflow/example_dags/example_branch_day_of_week_operator.py
[2025-08-27T03:33:10.422+0000] {processor.py:753} INFO - DAG(s) dict_keys(['example_weekday_branch_operator']) retrieved from /home/airflow/.local/lib/python3.7/site-packages/airflow/example_dags/example_branch_day_of_week_operator.py
[2025-08-27T03:33:10.441+0000] {logging_mixin.py:137} INFO - [2025-08-27T03:33:10.441+0000] {dag.py:2690} INFO - Sync 1 DAGs
[2025-08-27T03:33:10.454+0000] {logging_mixin.py:137} INFO - [2025-08-27T03:33:10.454+0000] {dag.py:3441} INFO - Setting next_dagrun for example_weekday_branch_operator to 2025-08-26T00:00:00+00:00, run_after=2025-08-27T00:00:00+00:00
[2025-08-27T03:33:10.464+0000] {processor.py:175} INFO - Processing /home/airflow/.local/lib/python3.7/site-packages/airflow/example_dags/example_branch_day_of_week_operator.py took 0.059 seconds
[2025-08-27T04:45:11.032+0000] {processor.py:153} INFO - Started process (PID=20079) to work on /home/airflow/.local/lib/python3.7/site-packages/airflow/example_dags/example_branch_day_of_week_operator.py
[2025-08-27T04:45:11.033+0000] {processor.py:743} INFO - Processing file /home/airflow/.local/lib/python3.7/site-packages/airflow/example_dags/example_branch_day_of_week_operator.py for tasks to queue
[2025-08-27T04:45:11.033+0000] {logging_mixin.py:137} INFO - [2025-08-27T04:45:11.033+0000] {dagbag.py:538} INFO - Filling up the DagBag from /home/airflow/.local/lib/python3.7/site-packages/airflow/example_dags/example_branch_day_of_week_operator.py
[2025-08-27T04:45:11.040+0000] {processor.py:753} INFO - DAG(s) dict_keys(['example_weekday_branch_operator']) retrieved from /home/airflow/.local/lib/python3.7/site-packages/airflow/example_dags/example_branch_day_of_week_operator.py
[2025-08-27T04:45:11.051+0000] {logging_mixin.py:137} INFO - [2025-08-27T04:45:11.051+0000] {dag.py:2690} INFO - Sync 1 DAGs
[2025-08-27T04:45:11.061+0000] {logging_mixin.py:137} INFO - [2025-08-27T04:45:11.061+0000] {dag.py:3441} INFO - Setting next_dagrun for example_weekday_branch_operator to 2025-08-26T00:00:00+00:00, run_after=2025-08-27T00:00:00+00:00
[2025-08-27T04:45:11.068+0000] {processor.py:175} INFO - Processing /home/airflow/.local/lib/python3.7/site-packages/airflow/example_dags/example_branch_day_of_week_operator.py took 0.039 seconds
[2025-08-27T04:49:56.513+0000] {processor.py:153} INFO - Started process (PID=20179) to work on /home/airflow/.local/lib/python3.7/site-packages/airflow/example_dags/example_branch_day_of_week_operator.py
[2025-08-27T04:49:56.513+0000] {processor.py:743} INFO - Processing file /home/airflow/.local/lib/python3.7/site-packages/airflow/example_dags/example_branch_day_of_week_operator.py for tasks to queue
[2025-08-27T04:49:56.513+0000] {logging_mixin.py:137} INFO - [2025-08-27T04:49:56.513+0000] {dagbag.py:538} INFO - Filling up the DagBag from /home/airflow/.local/lib/python3.7/site-packages/airflow/example_dags/example_branch_day_of_week_operator.py
[2025-08-27T04:49:56.521+0000] {processor.py:753} INFO - DAG(s) dict_keys(['example_weekday_branch_operator']) retrieved from /home/airflow/.local/lib/python3.7/site-packages/airflow/example_dags/example_branch_day_of_week_operator.py
[2025-08-27T04:49:56.532+0000] {logging_mixin.py:137} INFO - [2025-08-27T04:49:56.532+0000] {dag.py:2690} INFO - Sync 1 DAGs
[2025-08-27T04:49:56.545+0000] {logging_mixin.py:137} INFO - [2025-08-27T04:49:56.545+0000] {dag.py:3441} INFO - Setting next_dagrun for example_weekday_branch_operator to 2025-08-26T00:00:00+00:00, run_after=2025-08-27T00:00:00+00:00
[2025-08-27T04:49:56.554+0000] {processor.py:175} INFO - Processing /home/airflow/.local/lib/python3.7/site-packages/airflow/example_dags/example_branch_day_of_week_operator.py took 0.042 seconds
[2025-08-27T05:35:09.844+0000] {processor.py:153} INFO - Started process (PID=20268) to work on /home/airflow/.local/lib/python3.7/site-packages/airflow/example_dags/example_branch_day_of_week_operator.py
[2025-08-27T05:35:09.844+0000] {processor.py:743} INFO - Processing file /home/airflow/.local/lib/python3.7/site-packages/airflow/example_dags/example_branch_day_of_week_operator.py for tasks to queue
[2025-08-27T05:35:09.845+0000] {logging_mixin.py:137} INFO - [2025-08-27T05:35:09.845+0000] {dagbag.py:538} INFO - Filling up the DagBag from /home/airflow/.local/lib/python3.7/site-packages/airflow/example_dags/example_branch_day_of_week_operator.py
[2025-08-27T05:35:09.853+0000] {processor.py:753} INFO - DAG(s) dict_keys(['example_weekday_branch_operator']) retrieved from /home/airflow/.local/lib/python3.7/site-packages/airflow/example_dags/example_branch_day_of_week_operator.py
[2025-08-27T05:35:09.866+0000] {logging_mixin.py:137} INFO - [2025-08-27T05:35:09.866+0000] {dag.py:2690} INFO - Sync 1 DAGs
[2025-08-27T05:35:09.877+0000] {logging_mixin.py:137} INFO - [2025-08-27T05:35:09.877+0000] {dag.py:3441} INFO - Setting next_dagrun for example_weekday_branch_operator to 2025-08-26T00:00:00+00:00, run_after=2025-08-27T00:00:00+00:00
[2025-08-27T05:35:09.885+0000] {processor.py:175} INFO - Processing /home/airflow/.local/lib/python3.7/site-packages/airflow/example_dags/example_branch_day_of_week_operator.py took 0.043 seconds
[2025-08-27T06:12:38.064+0000] {processor.py:153} INFO - Started process (PID=20359) to work on /home/airflow/.local/lib/python3.7/site-packages/airflow/example_dags/example_branch_day_of_week_operator.py
[2025-08-27T06:12:38.065+0000] {processor.py:743} INFO - Processing file /home/airflow/.local/lib/python3.7/site-packages/airflow/example_dags/example_branch_day_of_week_operator.py for tasks to queue
[2025-08-27T06:12:38.065+0000] {logging_mixin.py:137} INFO - [2025-08-27T06:12:38.065+0000] {dagbag.py:538} INFO - Filling up the DagBag from /home/airflow/.local/lib/python3.7/site-packages/airflow/example_dags/example_branch_day_of_week_operator.py
[2025-08-27T06:12:38.073+0000] {processor.py:753} INFO - DAG(s) dict_keys(['example_weekday_branch_operator']) retrieved from /home/airflow/.local/lib/python3.7/site-packages/airflow/example_dags/example_branch_day_of_week_operator.py
[2025-08-27T06:12:38.085+0000] {logging_mixin.py:137} INFO - [2025-08-27T06:12:38.085+0000] {dag.py:2690} INFO - Sync 1 DAGs
[2025-08-27T06:12:38.097+0000] {logging_mixin.py:137} INFO - [2025-08-27T06:12:38.097+0000] {dag.py:3441} INFO - Setting next_dagrun for example_weekday_branch_operator to 2025-08-26T00:00:00+00:00, run_after=2025-08-27T00:00:00+00:00
[2025-08-27T06:12:38.107+0000] {processor.py:175} INFO - Processing /home/airflow/.local/lib/python3.7/site-packages/airflow/example_dags/example_branch_day_of_week_operator.py took 0.045 seconds
[2025-08-27T06:55:19.727+0000] {processor.py:153} INFO - Started process (PID=20459) to work on /home/airflow/.local/lib/python3.7/site-packages/airflow/example_dags/example_branch_day_of_week_operator.py
[2025-08-27T06:55:19.727+0000] {processor.py:743} INFO - Processing file /home/airflow/.local/lib/python3.7/site-packages/airflow/example_dags/example_branch_day_of_week_operator.py for tasks to queue
[2025-08-27T06:55:19.728+0000] {logging_mixin.py:137} INFO - [2025-08-27T06:55:19.728+0000] {dagbag.py:538} INFO - Filling up the DagBag from /home/airflow/.local/lib/python3.7/site-packages/airflow/example_dags/example_branch_day_of_week_operator.py
[2025-08-27T06:55:19.734+0000] {processor.py:753} INFO - DAG(s) dict_keys(['example_weekday_branch_operator']) retrieved from /home/airflow/.local/lib/python3.7/site-packages/airflow/example_dags/example_branch_day_of_week_operator.py
[2025-08-27T06:55:19.744+0000] {logging_mixin.py:137} INFO - [2025-08-27T06:55:19.744+0000] {dag.py:2690} INFO - Sync 1 DAGs
[2025-08-27T06:55:19.755+0000] {logging_mixin.py:137} INFO - [2025-08-27T06:55:19.755+0000] {dag.py:3441} INFO - Setting next_dagrun for example_weekday_branch_operator to 2025-08-26T00:00:00+00:00, run_after=2025-08-27T00:00:00+00:00
[2025-08-27T06:55:19.761+0000] {processor.py:175} INFO - Processing /home/airflow/.local/lib/python3.7/site-packages/airflow/example_dags/example_branch_day_of_week_operator.py took 0.036 seconds
[2025-08-27T07:53:53.152+0000] {processor.py:153} INFO - Started process (PID=20559) to work on /home/airflow/.local/lib/python3.7/site-packages/airflow/example_dags/example_branch_day_of_week_operator.py
[2025-08-27T07:53:53.153+0000] {processor.py:743} INFO - Processing file /home/airflow/.local/lib/python3.7/site-packages/airflow/example_dags/example_branch_day_of_week_operator.py for tasks to queue
[2025-08-27T07:53:53.153+0000] {logging_mixin.py:137} INFO - [2025-08-27T07:53:53.153+0000] {dagbag.py:538} INFO - Filling up the DagBag from /home/airflow/.local/lib/python3.7/site-packages/airflow/example_dags/example_branch_day_of_week_operator.py
[2025-08-27T07:53:53.164+0000] {processor.py:753} INFO - DAG(s) dict_keys(['example_weekday_branch_operator']) retrieved from /home/airflow/.local/lib/python3.7/site-packages/airflow/example_dags/example_branch_day_of_week_operator.py
[2025-08-27T07:53:53.180+0000] {logging_mixin.py:137} INFO - [2025-08-27T07:53:53.180+0000] {dag.py:2690} INFO - Sync 1 DAGs
[2025-08-27T07:53:53.193+0000] {logging_mixin.py:137} INFO - [2025-08-27T07:53:53.193+0000] {dag.py:3441} INFO - Setting next_dagrun for example_weekday_branch_operator to 2025-08-26T00:00:00+00:00, run_after=2025-08-27T00:00:00+00:00
[2025-08-27T07:53:53.204+0000] {processor.py:175} INFO - Processing /home/airflow/.local/lib/python3.7/site-packages/airflow/example_dags/example_branch_day_of_week_operator.py took 0.054 seconds
[2025-08-27T08:23:40.157+0000] {processor.py:153} INFO - Started process (PID=20639) to work on /home/airflow/.local/lib/python3.7/site-packages/airflow/example_dags/example_branch_day_of_week_operator.py
[2025-08-27T08:23:40.157+0000] {processor.py:743} INFO - Processing file /home/airflow/.local/lib/python3.7/site-packages/airflow/example_dags/example_branch_day_of_week_operator.py for tasks to queue
[2025-08-27T08:23:40.157+0000] {logging_mixin.py:137} INFO - [2025-08-27T08:23:40.157+0000] {dagbag.py:538} INFO - Filling up the DagBag from /home/airflow/.local/lib/python3.7/site-packages/airflow/example_dags/example_branch_day_of_week_operator.py
[2025-08-27T08:23:40.165+0000] {processor.py:753} INFO - DAG(s) dict_keys(['example_weekday_branch_operator']) retrieved from /home/airflow/.local/lib/python3.7/site-packages/airflow/example_dags/example_branch_day_of_week_operator.py
[2025-08-27T08:23:40.176+0000] {logging_mixin.py:137} INFO - [2025-08-27T08:23:40.176+0000] {dag.py:2690} INFO - Sync 1 DAGs
[2025-08-27T08:23:40.187+0000] {logging_mixin.py:137} INFO - [2025-08-27T08:23:40.187+0000] {dag.py:3441} INFO - Setting next_dagrun for example_weekday_branch_operator to 2025-08-26T00:00:00+00:00, run_after=2025-08-27T00:00:00+00:00
[2025-08-27T08:23:40.195+0000] {processor.py:175} INFO - Processing /home/airflow/.local/lib/python3.7/site-packages/airflow/example_dags/example_branch_day_of_week_operator.py took 0.040 seconds
[2025-08-27T09:35:51.405+0000] {processor.py:153} INFO - Started process (PID=20739) to work on /home/airflow/.local/lib/python3.7/site-packages/airflow/example_dags/example_branch_day_of_week_operator.py
[2025-08-27T09:35:51.405+0000] {processor.py:743} INFO - Processing file /home/airflow/.local/lib/python3.7/site-packages/airflow/example_dags/example_branch_day_of_week_operator.py for tasks to queue
[2025-08-27T09:35:51.406+0000] {logging_mixin.py:137} INFO - [2025-08-27T09:35:51.406+0000] {dagbag.py:538} INFO - Filling up the DagBag from /home/airflow/.local/lib/python3.7/site-packages/airflow/example_dags/example_branch_day_of_week_operator.py
[2025-08-27T09:35:51.414+0000] {processor.py:753} INFO - DAG(s) dict_keys(['example_weekday_branch_operator']) retrieved from /home/airflow/.local/lib/python3.7/site-packages/airflow/example_dags/example_branch_day_of_week_operator.py
[2025-08-27T09:35:51.425+0000] {logging_mixin.py:137} INFO - [2025-08-27T09:35:51.425+0000] {dag.py:2690} INFO - Sync 1 DAGs
[2025-08-27T09:35:51.437+0000] {logging_mixin.py:137} INFO - [2025-08-27T09:35:51.436+0000] {dag.py:3441} INFO - Setting next_dagrun for example_weekday_branch_operator to 2025-08-26T00:00:00+00:00, run_after=2025-08-27T00:00:00+00:00
[2025-08-27T09:35:51.444+0000] {processor.py:175} INFO - Processing /home/airflow/.local/lib/python3.7/site-packages/airflow/example_dags/example_branch_day_of_week_operator.py took 0.041 seconds
[2025-08-27T09:36:50.270+0000] {processor.py:153} INFO - Started process (PID=20839) to work on /home/airflow/.local/lib/python3.7/site-packages/airflow/example_dags/example_branch_day_of_week_operator.py
[2025-08-27T09:36:50.270+0000] {processor.py:743} INFO - Processing file /home/airflow/.local/lib/python3.7/site-packages/airflow/example_dags/example_branch_day_of_week_operator.py for tasks to queue
[2025-08-27T09:36:50.270+0000] {logging_mixin.py:137} INFO - [2025-08-27T09:36:50.270+0000] {dagbag.py:538} INFO - Filling up the DagBag from /home/airflow/.local/lib/python3.7/site-packages/airflow/example_dags/example_branch_day_of_week_operator.py
[2025-08-27T09:36:50.279+0000] {processor.py:753} INFO - DAG(s) dict_keys(['example_weekday_branch_operator']) retrieved from /home/airflow/.local/lib/python3.7/site-packages/airflow/example_dags/example_branch_day_of_week_operator.py
[2025-08-27T09:36:50.291+0000] {logging_mixin.py:137} INFO - [2025-08-27T09:36:50.291+0000] {dag.py:2690} INFO - Sync 1 DAGs
[2025-08-27T09:36:50.301+0000] {logging_mixin.py:137} INFO - [2025-08-27T09:36:50.301+0000] {dag.py:3441} INFO - Setting next_dagrun for example_weekday_branch_operator to 2025-08-26T00:00:00+00:00, run_after=2025-08-27T00:00:00+00:00
[2025-08-27T09:36:50.308+0000] {processor.py:175} INFO - Processing /home/airflow/.local/lib/python3.7/site-packages/airflow/example_dags/example_branch_day_of_week_operator.py took 0.040 seconds
[2025-08-27T09:38:53.444+0000] {processor.py:153} INFO - Started process (PID=20939) to work on /home/airflow/.local/lib/python3.7/site-packages/airflow/example_dags/example_branch_day_of_week_operator.py
[2025-08-27T09:38:53.444+0000] {processor.py:743} INFO - Processing file /home/airflow/.local/lib/python3.7/site-packages/airflow/example_dags/example_branch_day_of_week_operator.py for tasks to queue
[2025-08-27T09:38:53.445+0000] {logging_mixin.py:137} INFO - [2025-08-27T09:38:53.445+0000] {dagbag.py:538} INFO - Filling up the DagBag from /home/airflow/.local/lib/python3.7/site-packages/airflow/example_dags/example_branch_day_of_week_operator.py
[2025-08-27T09:38:53.451+0000] {processor.py:753} INFO - DAG(s) dict_keys(['example_weekday_branch_operator']) retrieved from /home/airflow/.local/lib/python3.7/site-packages/airflow/example_dags/example_branch_day_of_week_operator.py
[2025-08-27T09:38:53.462+0000] {logging_mixin.py:137} INFO - [2025-08-27T09:38:53.462+0000] {dag.py:2690} INFO - Sync 1 DAGs
[2025-08-27T09:38:53.472+0000] {logging_mixin.py:137} INFO - [2025-08-27T09:38:53.472+0000] {dag.py:3441} INFO - Setting next_dagrun for example_weekday_branch_operator to 2025-08-26T00:00:00+00:00, run_after=2025-08-27T00:00:00+00:00
[2025-08-27T09:38:53.479+0000] {processor.py:175} INFO - Processing /home/airflow/.local/lib/python3.7/site-packages/airflow/example_dags/example_branch_day_of_week_operator.py took 0.037 seconds
[2025-08-27T09:39:39.614+0000] {processor.py:153} INFO - Started process (PID=21019) to work on /home/airflow/.local/lib/python3.7/site-packages/airflow/example_dags/example_branch_day_of_week_operator.py
[2025-08-27T09:39:39.614+0000] {processor.py:743} INFO - Processing file /home/airflow/.local/lib/python3.7/site-packages/airflow/example_dags/example_branch_day_of_week_operator.py for tasks to queue
[2025-08-27T09:39:39.614+0000] {logging_mixin.py:137} INFO - [2025-08-27T09:39:39.614+0000] {dagbag.py:538} INFO - Filling up the DagBag from /home/airflow/.local/lib/python3.7/site-packages/airflow/example_dags/example_branch_day_of_week_operator.py
[2025-08-27T09:39:39.621+0000] {processor.py:753} INFO - DAG(s) dict_keys(['example_weekday_branch_operator']) retrieved from /home/airflow/.local/lib/python3.7/site-packages/airflow/example_dags/example_branch_day_of_week_operator.py
[2025-08-27T09:39:39.631+0000] {logging_mixin.py:137} INFO - [2025-08-27T09:39:39.631+0000] {dag.py:2690} INFO - Sync 1 DAGs
[2025-08-27T09:39:39.642+0000] {logging_mixin.py:137} INFO - [2025-08-27T09:39:39.642+0000] {dag.py:3441} INFO - Setting next_dagrun for example_weekday_branch_operator to 2025-08-26T00:00:00+00:00, run_after=2025-08-27T00:00:00+00:00
[2025-08-27T09:39:39.649+0000] {processor.py:175} INFO - Processing /home/airflow/.local/lib/python3.7/site-packages/airflow/example_dags/example_branch_day_of_week_operator.py took 0.037 seconds
[2025-08-27T09:50:07.117+0000] {processor.py:153} INFO - Started process (PID=21119) to work on /home/airflow/.local/lib/python3.7/site-packages/airflow/example_dags/example_branch_day_of_week_operator.py
[2025-08-27T09:50:07.117+0000] {processor.py:743} INFO - Processing file /home/airflow/.local/lib/python3.7/site-packages/airflow/example_dags/example_branch_day_of_week_operator.py for tasks to queue
[2025-08-27T09:50:07.118+0000] {logging_mixin.py:137} INFO - [2025-08-27T09:50:07.118+0000] {dagbag.py:538} INFO - Filling up the DagBag from /home/airflow/.local/lib/python3.7/site-packages/airflow/example_dags/example_branch_day_of_week_operator.py
[2025-08-27T09:50:07.125+0000] {processor.py:753} INFO - DAG(s) dict_keys(['example_weekday_branch_operator']) retrieved from /home/airflow/.local/lib/python3.7/site-packages/airflow/example_dags/example_branch_day_of_week_operator.py
[2025-08-27T09:50:07.135+0000] {logging_mixin.py:137} INFO - [2025-08-27T09:50:07.135+0000] {dag.py:2690} INFO - Sync 1 DAGs
[2025-08-27T09:50:07.145+0000] {logging_mixin.py:137} INFO - [2025-08-27T09:50:07.145+0000] {dag.py:3441} INFO - Setting next_dagrun for example_weekday_branch_operator to 2025-08-26T00:00:00+00:00, run_after=2025-08-27T00:00:00+00:00
[2025-08-27T09:50:07.152+0000] {processor.py:175} INFO - Processing /home/airflow/.local/lib/python3.7/site-packages/airflow/example_dags/example_branch_day_of_week_operator.py took 0.036 seconds
[2025-08-27T11:12:47.076+0000] {processor.py:153} INFO - Started process (PID=21219) to work on /home/airflow/.local/lib/python3.7/site-packages/airflow/example_dags/example_branch_day_of_week_operator.py
[2025-08-27T11:12:47.077+0000] {processor.py:743} INFO - Processing file /home/airflow/.local/lib/python3.7/site-packages/airflow/example_dags/example_branch_day_of_week_operator.py for tasks to queue
[2025-08-27T11:12:47.077+0000] {logging_mixin.py:137} INFO - [2025-08-27T11:12:47.077+0000] {dagbag.py:538} INFO - Filling up the DagBag from /home/airflow/.local/lib/python3.7/site-packages/airflow/example_dags/example_branch_day_of_week_operator.py
[2025-08-27T11:12:47.086+0000] {processor.py:753} INFO - DAG(s) dict_keys(['example_weekday_branch_operator']) retrieved from /home/airflow/.local/lib/python3.7/site-packages/airflow/example_dags/example_branch_day_of_week_operator.py
[2025-08-27T11:12:47.098+0000] {logging_mixin.py:137} INFO - [2025-08-27T11:12:47.098+0000] {dag.py:2690} INFO - Sync 1 DAGs
[2025-08-27T11:12:47.108+0000] {logging_mixin.py:137} INFO - [2025-08-27T11:12:47.108+0000] {dag.py:3441} INFO - Setting next_dagrun for example_weekday_branch_operator to 2025-08-26T00:00:00+00:00, run_after=2025-08-27T00:00:00+00:00
[2025-08-27T11:12:47.116+0000] {processor.py:175} INFO - Processing /home/airflow/.local/lib/python3.7/site-packages/airflow/example_dags/example_branch_day_of_week_operator.py took 0.041 seconds
[2025-08-27T11:34:32.023+0000] {processor.py:153} INFO - Started process (PID=21299) to work on /home/airflow/.local/lib/python3.7/site-packages/airflow/example_dags/example_branch_day_of_week_operator.py
[2025-08-27T11:34:32.024+0000] {processor.py:743} INFO - Processing file /home/airflow/.local/lib/python3.7/site-packages/airflow/example_dags/example_branch_day_of_week_operator.py for tasks to queue
[2025-08-27T11:34:32.024+0000] {logging_mixin.py:137} INFO - [2025-08-27T11:34:32.024+0000] {dagbag.py:538} INFO - Filling up the DagBag from /home/airflow/.local/lib/python3.7/site-packages/airflow/example_dags/example_branch_day_of_week_operator.py
[2025-08-27T11:34:32.036+0000] {processor.py:753} INFO - DAG(s) dict_keys(['example_weekday_branch_operator']) retrieved from /home/airflow/.local/lib/python3.7/site-packages/airflow/example_dags/example_branch_day_of_week_operator.py
[2025-08-27T11:34:32.051+0000] {logging_mixin.py:137} INFO - [2025-08-27T11:34:32.051+0000] {dag.py:2690} INFO - Sync 1 DAGs
[2025-08-27T11:34:32.067+0000] {logging_mixin.py:137} INFO - [2025-08-27T11:34:32.067+0000] {dag.py:3441} INFO - Setting next_dagrun for example_weekday_branch_operator to 2025-08-26T00:00:00+00:00, run_after=2025-08-27T00:00:00+00:00
[2025-08-27T11:34:32.078+0000] {processor.py:175} INFO - Processing /home/airflow/.local/lib/python3.7/site-packages/airflow/example_dags/example_branch_day_of_week_operator.py took 0.057 seconds
[2025-08-27T11:51:13.960+0000] {processor.py:153} INFO - Started process (PID=21399) to work on /home/airflow/.local/lib/python3.7/site-packages/airflow/example_dags/example_branch_day_of_week_operator.py
[2025-08-27T11:51:13.960+0000] {processor.py:743} INFO - Processing file /home/airflow/.local/lib/python3.7/site-packages/airflow/example_dags/example_branch_day_of_week_operator.py for tasks to queue
[2025-08-27T11:51:13.961+0000] {logging_mixin.py:137} INFO - [2025-08-27T11:51:13.960+0000] {dagbag.py:538} INFO - Filling up the DagBag from /home/airflow/.local/lib/python3.7/site-packages/airflow/example_dags/example_branch_day_of_week_operator.py
[2025-08-27T11:51:13.967+0000] {processor.py:753} INFO - DAG(s) dict_keys(['example_weekday_branch_operator']) retrieved from /home/airflow/.local/lib/python3.7/site-packages/airflow/example_dags/example_branch_day_of_week_operator.py
[2025-08-27T11:51:13.977+0000] {logging_mixin.py:137} INFO - [2025-08-27T11:51:13.977+0000] {dag.py:2690} INFO - Sync 1 DAGs
[2025-08-27T11:51:13.988+0000] {logging_mixin.py:137} INFO - [2025-08-27T11:51:13.988+0000] {dag.py:3441} INFO - Setting next_dagrun for example_weekday_branch_operator to 2025-08-26T00:00:00+00:00, run_after=2025-08-27T00:00:00+00:00
[2025-08-27T11:51:13.994+0000] {processor.py:175} INFO - Processing /home/airflow/.local/lib/python3.7/site-packages/airflow/example_dags/example_branch_day_of_week_operator.py took 0.036 seconds
[2025-08-27T11:53:12.433+0000] {processor.py:153} INFO - Started process (PID=21499) to work on /home/airflow/.local/lib/python3.7/site-packages/airflow/example_dags/example_branch_day_of_week_operator.py
[2025-08-27T11:53:12.433+0000] {processor.py:743} INFO - Processing file /home/airflow/.local/lib/python3.7/site-packages/airflow/example_dags/example_branch_day_of_week_operator.py for tasks to queue
[2025-08-27T11:53:12.433+0000] {logging_mixin.py:137} INFO - [2025-08-27T11:53:12.433+0000] {dagbag.py:538} INFO - Filling up the DagBag from /home/airflow/.local/lib/python3.7/site-packages/airflow/example_dags/example_branch_day_of_week_operator.py
[2025-08-27T11:53:12.440+0000] {processor.py:753} INFO - DAG(s) dict_keys(['example_weekday_branch_operator']) retrieved from /home/airflow/.local/lib/python3.7/site-packages/airflow/example_dags/example_branch_day_of_week_operator.py
[2025-08-27T11:53:12.450+0000] {logging_mixin.py:137} INFO - [2025-08-27T11:53:12.450+0000] {dag.py:2690} INFO - Sync 1 DAGs
[2025-08-27T11:53:12.460+0000] {logging_mixin.py:137} INFO - [2025-08-27T11:53:12.459+0000] {dag.py:3441} INFO - Setting next_dagrun for example_weekday_branch_operator to 2025-08-26T00:00:00+00:00, run_after=2025-08-27T00:00:00+00:00
[2025-08-27T11:53:12.466+0000] {processor.py:175} INFO - Processing /home/airflow/.local/lib/python3.7/site-packages/airflow/example_dags/example_branch_day_of_week_operator.py took 0.035 seconds
[2025-08-27T11:58:54.193+0000] {processor.py:153} INFO - Started process (PID=21599) to work on /home/airflow/.local/lib/python3.7/site-packages/airflow/example_dags/example_branch_day_of_week_operator.py
[2025-08-27T11:58:54.194+0000] {processor.py:743} INFO - Processing file /home/airflow/.local/lib/python3.7/site-packages/airflow/example_dags/example_branch_day_of_week_operator.py for tasks to queue
[2025-08-27T11:58:54.194+0000] {logging_mixin.py:137} INFO - [2025-08-27T11:58:54.194+0000] {dagbag.py:538} INFO - Filling up the DagBag from /home/airflow/.local/lib/python3.7/site-packages/airflow/example_dags/example_branch_day_of_week_operator.py
[2025-08-27T11:58:54.211+0000] {processor.py:753} INFO - DAG(s) dict_keys(['example_weekday_branch_operator']) retrieved from /home/airflow/.local/lib/python3.7/site-packages/airflow/example_dags/example_branch_day_of_week_operator.py
[2025-08-27T11:58:54.230+0000] {logging_mixin.py:137} INFO - [2025-08-27T11:58:54.230+0000] {dag.py:2690} INFO - Sync 1 DAGs
[2025-08-27T11:58:54.242+0000] {logging_mixin.py:137} INFO - [2025-08-27T11:58:54.242+0000] {dag.py:3441} INFO - Setting next_dagrun for example_weekday_branch_operator to 2025-08-26T00:00:00+00:00, run_after=2025-08-27T00:00:00+00:00
[2025-08-27T11:58:54.250+0000] {processor.py:175} INFO - Processing /home/airflow/.local/lib/python3.7/site-packages/airflow/example_dags/example_branch_day_of_week_operator.py took 0.059 seconds
[2025-08-27T12:11:21.091+0000] {processor.py:153} INFO - Started process (PID=21679) to work on /home/airflow/.local/lib/python3.7/site-packages/airflow/example_dags/example_branch_day_of_week_operator.py
[2025-08-27T12:11:21.092+0000] {processor.py:743} INFO - Processing file /home/airflow/.local/lib/python3.7/site-packages/airflow/example_dags/example_branch_day_of_week_operator.py for tasks to queue
[2025-08-27T12:11:21.092+0000] {logging_mixin.py:137} INFO - [2025-08-27T12:11:21.092+0000] {dagbag.py:538} INFO - Filling up the DagBag from /home/airflow/.local/lib/python3.7/site-packages/airflow/example_dags/example_branch_day_of_week_operator.py
[2025-08-27T12:11:21.099+0000] {processor.py:753} INFO - DAG(s) dict_keys(['example_weekday_branch_operator']) retrieved from /home/airflow/.local/lib/python3.7/site-packages/airflow/example_dags/example_branch_day_of_week_operator.py
[2025-08-27T12:11:21.109+0000] {logging_mixin.py:137} INFO - [2025-08-27T12:11:21.109+0000] {dag.py:2690} INFO - Sync 1 DAGs
[2025-08-27T12:11:21.118+0000] {logging_mixin.py:137} INFO - [2025-08-27T12:11:21.118+0000] {dag.py:3441} INFO - Setting next_dagrun for example_weekday_branch_operator to 2025-08-26T00:00:00+00:00, run_after=2025-08-27T00:00:00+00:00
[2025-08-27T12:11:21.125+0000] {processor.py:175} INFO - Processing /home/airflow/.local/lib/python3.7/site-packages/airflow/example_dags/example_branch_day_of_week_operator.py took 0.035 seconds
[2025-08-27T12:14:25.584+0000] {processor.py:153} INFO - Started process (PID=21779) to work on /home/airflow/.local/lib/python3.7/site-packages/airflow/example_dags/example_branch_day_of_week_operator.py
[2025-08-27T12:14:25.585+0000] {processor.py:743} INFO - Processing file /home/airflow/.local/lib/python3.7/site-packages/airflow/example_dags/example_branch_day_of_week_operator.py for tasks to queue
[2025-08-27T12:14:25.585+0000] {logging_mixin.py:137} INFO - [2025-08-27T12:14:25.585+0000] {dagbag.py:538} INFO - Filling up the DagBag from /home/airflow/.local/lib/python3.7/site-packages/airflow/example_dags/example_branch_day_of_week_operator.py
[2025-08-27T12:14:25.593+0000] {processor.py:753} INFO - DAG(s) dict_keys(['example_weekday_branch_operator']) retrieved from /home/airflow/.local/lib/python3.7/site-packages/airflow/example_dags/example_branch_day_of_week_operator.py
[2025-08-27T12:14:25.607+0000] {logging_mixin.py:137} INFO - [2025-08-27T12:14:25.607+0000] {dag.py:2690} INFO - Sync 1 DAGs
[2025-08-27T12:14:25.618+0000] {logging_mixin.py:137} INFO - [2025-08-27T12:14:25.618+0000] {dag.py:3441} INFO - Setting next_dagrun for example_weekday_branch_operator to 2025-08-26T00:00:00+00:00, run_after=2025-08-27T00:00:00+00:00
[2025-08-27T12:14:25.625+0000] {processor.py:175} INFO - Processing /home/airflow/.local/lib/python3.7/site-packages/airflow/example_dags/example_branch_day_of_week_operator.py took 0.043 seconds
[2025-08-27T12:27:58.144+0000] {processor.py:153} INFO - Started process (PID=21879) to work on /home/airflow/.local/lib/python3.7/site-packages/airflow/example_dags/example_branch_day_of_week_operator.py
[2025-08-27T12:27:58.144+0000] {processor.py:743} INFO - Processing file /home/airflow/.local/lib/python3.7/site-packages/airflow/example_dags/example_branch_day_of_week_operator.py for tasks to queue
[2025-08-27T12:27:58.145+0000] {logging_mixin.py:137} INFO - [2025-08-27T12:27:58.145+0000] {dagbag.py:538} INFO - Filling up the DagBag from /home/airflow/.local/lib/python3.7/site-packages/airflow/example_dags/example_branch_day_of_week_operator.py
[2025-08-27T12:27:58.152+0000] {processor.py:753} INFO - DAG(s) dict_keys(['example_weekday_branch_operator']) retrieved from /home/airflow/.local/lib/python3.7/site-packages/airflow/example_dags/example_branch_day_of_week_operator.py
[2025-08-27T12:27:58.164+0000] {logging_mixin.py:137} INFO - [2025-08-27T12:27:58.163+0000] {dag.py:2690} INFO - Sync 1 DAGs
[2025-08-27T12:27:58.174+0000] {logging_mixin.py:137} INFO - [2025-08-27T12:27:58.174+0000] {dag.py:3441} INFO - Setting next_dagrun for example_weekday_branch_operator to 2025-08-26T00:00:00+00:00, run_after=2025-08-27T00:00:00+00:00
[2025-08-27T12:27:58.182+0000] {processor.py:175} INFO - Processing /home/airflow/.local/lib/python3.7/site-packages/airflow/example_dags/example_branch_day_of_week_operator.py took 0.040 seconds
[2025-08-27T12:38:26.173+0000] {processor.py:153} INFO - Started process (PID=21966) to work on /home/airflow/.local/lib/python3.7/site-packages/airflow/example_dags/example_branch_day_of_week_operator.py
[2025-08-27T12:38:26.174+0000] {processor.py:743} INFO - Processing file /home/airflow/.local/lib/python3.7/site-packages/airflow/example_dags/example_branch_day_of_week_operator.py for tasks to queue
[2025-08-27T12:38:26.175+0000] {logging_mixin.py:137} INFO - [2025-08-27T12:38:26.175+0000] {dagbag.py:538} INFO - Filling up the DagBag from /home/airflow/.local/lib/python3.7/site-packages/airflow/example_dags/example_branch_day_of_week_operator.py
[2025-08-27T12:38:26.185+0000] {processor.py:753} INFO - DAG(s) dict_keys(['example_weekday_branch_operator']) retrieved from /home/airflow/.local/lib/python3.7/site-packages/airflow/example_dags/example_branch_day_of_week_operator.py
[2025-08-27T12:38:26.199+0000] {logging_mixin.py:137} INFO - [2025-08-27T12:38:26.198+0000] {dag.py:2690} INFO - Sync 1 DAGs
[2025-08-27T12:38:26.209+0000] {logging_mixin.py:137} INFO - [2025-08-27T12:38:26.209+0000] {dag.py:3441} INFO - Setting next_dagrun for example_weekday_branch_operator to 2025-08-26T00:00:00+00:00, run_after=2025-08-27T00:00:00+00:00
[2025-08-27T12:38:26.217+0000] {processor.py:175} INFO - Processing /home/airflow/.local/lib/python3.7/site-packages/airflow/example_dags/example_branch_day_of_week_operator.py took 0.045 seconds
[2025-08-27T12:57:13.127+0000] {processor.py:153} INFO - Started process (PID=22059) to work on /home/airflow/.local/lib/python3.7/site-packages/airflow/example_dags/example_branch_day_of_week_operator.py
[2025-08-27T12:57:13.128+0000] {processor.py:743} INFO - Processing file /home/airflow/.local/lib/python3.7/site-packages/airflow/example_dags/example_branch_day_of_week_operator.py for tasks to queue
[2025-08-27T12:57:13.128+0000] {logging_mixin.py:137} INFO - [2025-08-27T12:57:13.128+0000] {dagbag.py:538} INFO - Filling up the DagBag from /home/airflow/.local/lib/python3.7/site-packages/airflow/example_dags/example_branch_day_of_week_operator.py
[2025-08-27T12:57:13.139+0000] {processor.py:753} INFO - DAG(s) dict_keys(['example_weekday_branch_operator']) retrieved from /home/airflow/.local/lib/python3.7/site-packages/airflow/example_dags/example_branch_day_of_week_operator.py
[2025-08-27T12:57:13.151+0000] {logging_mixin.py:137} INFO - [2025-08-27T12:57:13.151+0000] {dag.py:2690} INFO - Sync 1 DAGs
[2025-08-27T12:57:13.164+0000] {logging_mixin.py:137} INFO - [2025-08-27T12:57:13.164+0000] {dag.py:3441} INFO - Setting next_dagrun for example_weekday_branch_operator to 2025-08-26T00:00:00+00:00, run_after=2025-08-27T00:00:00+00:00
[2025-08-27T12:57:13.171+0000] {processor.py:175} INFO - Processing /home/airflow/.local/lib/python3.7/site-packages/airflow/example_dags/example_branch_day_of_week_operator.py took 0.045 seconds
[2025-08-27T12:57:43.480+0000] {processor.py:153} INFO - Started process (PID=22159) to work on /home/airflow/.local/lib/python3.7/site-packages/airflow/example_dags/example_branch_day_of_week_operator.py
[2025-08-27T12:57:43.480+0000] {processor.py:743} INFO - Processing file /home/airflow/.local/lib/python3.7/site-packages/airflow/example_dags/example_branch_day_of_week_operator.py for tasks to queue
[2025-08-27T12:57:43.481+0000] {logging_mixin.py:137} INFO - [2025-08-27T12:57:43.481+0000] {dagbag.py:538} INFO - Filling up the DagBag from /home/airflow/.local/lib/python3.7/site-packages/airflow/example_dags/example_branch_day_of_week_operator.py
[2025-08-27T12:57:43.488+0000] {processor.py:753} INFO - DAG(s) dict_keys(['example_weekday_branch_operator']) retrieved from /home/airflow/.local/lib/python3.7/site-packages/airflow/example_dags/example_branch_day_of_week_operator.py
[2025-08-27T12:57:43.498+0000] {logging_mixin.py:137} INFO - [2025-08-27T12:57:43.498+0000] {dag.py:2690} INFO - Sync 1 DAGs
[2025-08-27T12:57:43.508+0000] {logging_mixin.py:137} INFO - [2025-08-27T12:57:43.508+0000] {dag.py:3441} INFO - Setting next_dagrun for example_weekday_branch_operator to 2025-08-26T00:00:00+00:00, run_after=2025-08-27T00:00:00+00:00
[2025-08-27T12:57:43.516+0000] {processor.py:175} INFO - Processing /home/airflow/.local/lib/python3.7/site-packages/airflow/example_dags/example_branch_day_of_week_operator.py took 0.038 seconds
[2025-08-27T13:27:11.425+0000] {processor.py:153} INFO - Started process (PID=22259) to work on /home/airflow/.local/lib/python3.7/site-packages/airflow/example_dags/example_branch_day_of_week_operator.py
[2025-08-27T13:27:11.426+0000] {processor.py:743} INFO - Processing file /home/airflow/.local/lib/python3.7/site-packages/airflow/example_dags/example_branch_day_of_week_operator.py for tasks to queue
[2025-08-27T13:27:11.427+0000] {logging_mixin.py:137} INFO - [2025-08-27T13:27:11.427+0000] {dagbag.py:538} INFO - Filling up the DagBag from /home/airflow/.local/lib/python3.7/site-packages/airflow/example_dags/example_branch_day_of_week_operator.py
[2025-08-27T13:27:11.445+0000] {processor.py:753} INFO - DAG(s) dict_keys(['example_weekday_branch_operator']) retrieved from /home/airflow/.local/lib/python3.7/site-packages/airflow/example_dags/example_branch_day_of_week_operator.py
[2025-08-27T13:27:11.469+0000] {logging_mixin.py:137} INFO - [2025-08-27T13:27:11.469+0000] {dag.py:2690} INFO - Sync 1 DAGs
[2025-08-27T13:27:11.493+0000] {logging_mixin.py:137} INFO - [2025-08-27T13:27:11.492+0000] {dag.py:3441} INFO - Setting next_dagrun for example_weekday_branch_operator to 2025-08-26T00:00:00+00:00, run_after=2025-08-27T00:00:00+00:00
[2025-08-27T13:27:11.506+0000] {processor.py:175} INFO - Processing /home/airflow/.local/lib/python3.7/site-packages/airflow/example_dags/example_branch_day_of_week_operator.py took 0.084 seconds
[2025-08-27T13:30:13.455+0000] {processor.py:153} INFO - Started process (PID=22339) to work on /home/airflow/.local/lib/python3.7/site-packages/airflow/example_dags/example_branch_day_of_week_operator.py
[2025-08-27T13:30:13.455+0000] {processor.py:743} INFO - Processing file /home/airflow/.local/lib/python3.7/site-packages/airflow/example_dags/example_branch_day_of_week_operator.py for tasks to queue
[2025-08-27T13:30:13.456+0000] {logging_mixin.py:137} INFO - [2025-08-27T13:30:13.456+0000] {dagbag.py:538} INFO - Filling up the DagBag from /home/airflow/.local/lib/python3.7/site-packages/airflow/example_dags/example_branch_day_of_week_operator.py
[2025-08-27T13:30:13.464+0000] {processor.py:753} INFO - DAG(s) dict_keys(['example_weekday_branch_operator']) retrieved from /home/airflow/.local/lib/python3.7/site-packages/airflow/example_dags/example_branch_day_of_week_operator.py
[2025-08-27T13:30:13.476+0000] {logging_mixin.py:137} INFO - [2025-08-27T13:30:13.476+0000] {dag.py:2690} INFO - Sync 1 DAGs
[2025-08-27T13:30:13.487+0000] {logging_mixin.py:137} INFO - [2025-08-27T13:30:13.487+0000] {dag.py:3441} INFO - Setting next_dagrun for example_weekday_branch_operator to 2025-08-26T00:00:00+00:00, run_after=2025-08-27T00:00:00+00:00
[2025-08-27T13:30:13.495+0000] {processor.py:175} INFO - Processing /home/airflow/.local/lib/python3.7/site-packages/airflow/example_dags/example_branch_day_of_week_operator.py took 0.042 seconds
[2025-08-27T13:37:07.544+0000] {processor.py:153} INFO - Started process (PID=22439) to work on /home/airflow/.local/lib/python3.7/site-packages/airflow/example_dags/example_branch_day_of_week_operator.py
[2025-08-27T13:37:07.545+0000] {processor.py:743} INFO - Processing file /home/airflow/.local/lib/python3.7/site-packages/airflow/example_dags/example_branch_day_of_week_operator.py for tasks to queue
[2025-08-27T13:37:07.545+0000] {logging_mixin.py:137} INFO - [2025-08-27T13:37:07.545+0000] {dagbag.py:538} INFO - Filling up the DagBag from /home/airflow/.local/lib/python3.7/site-packages/airflow/example_dags/example_branch_day_of_week_operator.py
[2025-08-27T13:37:07.552+0000] {processor.py:753} INFO - DAG(s) dict_keys(['example_weekday_branch_operator']) retrieved from /home/airflow/.local/lib/python3.7/site-packages/airflow/example_dags/example_branch_day_of_week_operator.py
[2025-08-27T13:37:07.564+0000] {logging_mixin.py:137} INFO - [2025-08-27T13:37:07.564+0000] {dag.py:2690} INFO - Sync 1 DAGs
[2025-08-27T13:37:07.576+0000] {logging_mixin.py:137} INFO - [2025-08-27T13:37:07.576+0000] {dag.py:3441} INFO - Setting next_dagrun for example_weekday_branch_operator to 2025-08-26T00:00:00+00:00, run_after=2025-08-27T00:00:00+00:00
[2025-08-27T13:37:07.586+0000] {processor.py:175} INFO - Processing /home/airflow/.local/lib/python3.7/site-packages/airflow/example_dags/example_branch_day_of_week_operator.py took 0.043 seconds
[2025-08-27T13:51:02.043+0000] {processor.py:153} INFO - Started process (PID=22539) to work on /home/airflow/.local/lib/python3.7/site-packages/airflow/example_dags/example_branch_day_of_week_operator.py
[2025-08-27T13:51:02.043+0000] {processor.py:743} INFO - Processing file /home/airflow/.local/lib/python3.7/site-packages/airflow/example_dags/example_branch_day_of_week_operator.py for tasks to queue
[2025-08-27T13:51:02.043+0000] {logging_mixin.py:137} INFO - [2025-08-27T13:51:02.043+0000] {dagbag.py:538} INFO - Filling up the DagBag from /home/airflow/.local/lib/python3.7/site-packages/airflow/example_dags/example_branch_day_of_week_operator.py
[2025-08-27T13:51:02.051+0000] {processor.py:753} INFO - DAG(s) dict_keys(['example_weekday_branch_operator']) retrieved from /home/airflow/.local/lib/python3.7/site-packages/airflow/example_dags/example_branch_day_of_week_operator.py
[2025-08-27T13:51:02.061+0000] {logging_mixin.py:137} INFO - [2025-08-27T13:51:02.061+0000] {dag.py:2690} INFO - Sync 1 DAGs
[2025-08-27T13:51:02.071+0000] {logging_mixin.py:137} INFO - [2025-08-27T13:51:02.071+0000] {dag.py:3441} INFO - Setting next_dagrun for example_weekday_branch_operator to 2025-08-26T00:00:00+00:00, run_after=2025-08-27T00:00:00+00:00
[2025-08-27T13:51:02.078+0000] {processor.py:175} INFO - Processing /home/airflow/.local/lib/python3.7/site-packages/airflow/example_dags/example_branch_day_of_week_operator.py took 0.037 seconds
[2025-08-27T14:01:06.922+0000] {processor.py:153} INFO - Started process (PID=22639) to work on /home/airflow/.local/lib/python3.7/site-packages/airflow/example_dags/example_branch_day_of_week_operator.py
[2025-08-27T14:01:06.923+0000] {processor.py:743} INFO - Processing file /home/airflow/.local/lib/python3.7/site-packages/airflow/example_dags/example_branch_day_of_week_operator.py for tasks to queue
[2025-08-27T14:01:06.923+0000] {logging_mixin.py:137} INFO - [2025-08-27T14:01:06.923+0000] {dagbag.py:538} INFO - Filling up the DagBag from /home/airflow/.local/lib/python3.7/site-packages/airflow/example_dags/example_branch_day_of_week_operator.py
[2025-08-27T14:01:06.932+0000] {processor.py:753} INFO - DAG(s) dict_keys(['example_weekday_branch_operator']) retrieved from /home/airflow/.local/lib/python3.7/site-packages/airflow/example_dags/example_branch_day_of_week_operator.py
[2025-08-27T14:01:06.947+0000] {logging_mixin.py:137} INFO - [2025-08-27T14:01:06.947+0000] {dag.py:2690} INFO - Sync 1 DAGs
[2025-08-27T14:01:06.961+0000] {logging_mixin.py:137} INFO - [2025-08-27T14:01:06.961+0000] {dag.py:3441} INFO - Setting next_dagrun for example_weekday_branch_operator to 2025-08-26T00:00:00+00:00, run_after=2025-08-27T00:00:00+00:00
[2025-08-27T14:01:06.970+0000] {processor.py:175} INFO - Processing /home/airflow/.local/lib/python3.7/site-packages/airflow/example_dags/example_branch_day_of_week_operator.py took 0.050 seconds
[2025-08-27T14:41:13.100+0000] {processor.py:153} INFO - Started process (PID=22719) to work on /home/airflow/.local/lib/python3.7/site-packages/airflow/example_dags/example_branch_day_of_week_operator.py
[2025-08-27T14:41:13.100+0000] {processor.py:743} INFO - Processing file /home/airflow/.local/lib/python3.7/site-packages/airflow/example_dags/example_branch_day_of_week_operator.py for tasks to queue
[2025-08-27T14:41:13.103+0000] {logging_mixin.py:137} INFO - [2025-08-27T14:41:13.103+0000] {dagbag.py:538} INFO - Filling up the DagBag from /home/airflow/.local/lib/python3.7/site-packages/airflow/example_dags/example_branch_day_of_week_operator.py
[2025-08-27T14:41:13.111+0000] {processor.py:753} INFO - DAG(s) dict_keys(['example_weekday_branch_operator']) retrieved from /home/airflow/.local/lib/python3.7/site-packages/airflow/example_dags/example_branch_day_of_week_operator.py
[2025-08-27T14:41:13.122+0000] {logging_mixin.py:137} INFO - [2025-08-27T14:41:13.122+0000] {dag.py:2690} INFO - Sync 1 DAGs
[2025-08-27T14:41:13.135+0000] {logging_mixin.py:137} INFO - [2025-08-27T14:41:13.135+0000] {dag.py:3441} INFO - Setting next_dagrun for example_weekday_branch_operator to 2025-08-26T00:00:00+00:00, run_after=2025-08-27T00:00:00+00:00
[2025-08-27T14:41:13.144+0000] {processor.py:175} INFO - Processing /home/airflow/.local/lib/python3.7/site-packages/airflow/example_dags/example_branch_day_of_week_operator.py took 0.046 seconds
[2025-08-27T14:43:55.112+0000] {processor.py:153} INFO - Started process (PID=22819) to work on /home/airflow/.local/lib/python3.7/site-packages/airflow/example_dags/example_branch_day_of_week_operator.py
[2025-08-27T14:43:55.112+0000] {processor.py:743} INFO - Processing file /home/airflow/.local/lib/python3.7/site-packages/airflow/example_dags/example_branch_day_of_week_operator.py for tasks to queue
[2025-08-27T14:43:55.113+0000] {logging_mixin.py:137} INFO - [2025-08-27T14:43:55.113+0000] {dagbag.py:538} INFO - Filling up the DagBag from /home/airflow/.local/lib/python3.7/site-packages/airflow/example_dags/example_branch_day_of_week_operator.py
[2025-08-27T14:43:55.121+0000] {processor.py:753} INFO - DAG(s) dict_keys(['example_weekday_branch_operator']) retrieved from /home/airflow/.local/lib/python3.7/site-packages/airflow/example_dags/example_branch_day_of_week_operator.py
[2025-08-27T14:43:55.131+0000] {logging_mixin.py:137} INFO - [2025-08-27T14:43:55.131+0000] {dag.py:2690} INFO - Sync 1 DAGs
[2025-08-27T14:43:55.142+0000] {logging_mixin.py:137} INFO - [2025-08-27T14:43:55.142+0000] {dag.py:3441} INFO - Setting next_dagrun for example_weekday_branch_operator to 2025-08-26T00:00:00+00:00, run_after=2025-08-27T00:00:00+00:00
[2025-08-27T14:43:55.149+0000] {processor.py:175} INFO - Processing /home/airflow/.local/lib/python3.7/site-packages/airflow/example_dags/example_branch_day_of_week_operator.py took 0.039 seconds
[2025-08-27T14:54:32.222+0000] {processor.py:153} INFO - Started process (PID=22919) to work on /home/airflow/.local/lib/python3.7/site-packages/airflow/example_dags/example_branch_day_of_week_operator.py
[2025-08-27T14:54:32.223+0000] {processor.py:743} INFO - Processing file /home/airflow/.local/lib/python3.7/site-packages/airflow/example_dags/example_branch_day_of_week_operator.py for tasks to queue
[2025-08-27T14:54:32.223+0000] {logging_mixin.py:137} INFO - [2025-08-27T14:54:32.223+0000] {dagbag.py:538} INFO - Filling up the DagBag from /home/airflow/.local/lib/python3.7/site-packages/airflow/example_dags/example_branch_day_of_week_operator.py
[2025-08-27T14:54:32.231+0000] {processor.py:753} INFO - DAG(s) dict_keys(['example_weekday_branch_operator']) retrieved from /home/airflow/.local/lib/python3.7/site-packages/airflow/example_dags/example_branch_day_of_week_operator.py
[2025-08-27T14:54:32.243+0000] {logging_mixin.py:137} INFO - [2025-08-27T14:54:32.243+0000] {dag.py:2690} INFO - Sync 1 DAGs
[2025-08-27T14:54:32.253+0000] {logging_mixin.py:137} INFO - [2025-08-27T14:54:32.253+0000] {dag.py:3441} INFO - Setting next_dagrun for example_weekday_branch_operator to 2025-08-26T00:00:00+00:00, run_after=2025-08-27T00:00:00+00:00
[2025-08-27T14:54:32.261+0000] {processor.py:175} INFO - Processing /home/airflow/.local/lib/python3.7/site-packages/airflow/example_dags/example_branch_day_of_week_operator.py took 0.040 seconds
[2025-08-27T15:01:39.828+0000] {processor.py:153} INFO - Started process (PID=22999) to work on /home/airflow/.local/lib/python3.7/site-packages/airflow/example_dags/example_branch_day_of_week_operator.py
[2025-08-27T15:01:39.828+0000] {processor.py:743} INFO - Processing file /home/airflow/.local/lib/python3.7/site-packages/airflow/example_dags/example_branch_day_of_week_operator.py for tasks to queue
[2025-08-27T15:01:39.833+0000] {logging_mixin.py:137} INFO - [2025-08-27T15:01:39.833+0000] {dagbag.py:538} INFO - Filling up the DagBag from /home/airflow/.local/lib/python3.7/site-packages/airflow/example_dags/example_branch_day_of_week_operator.py
[2025-08-27T15:01:39.841+0000] {processor.py:753} INFO - DAG(s) dict_keys(['example_weekday_branch_operator']) retrieved from /home/airflow/.local/lib/python3.7/site-packages/airflow/example_dags/example_branch_day_of_week_operator.py
[2025-08-27T15:01:39.852+0000] {logging_mixin.py:137} INFO - [2025-08-27T15:01:39.852+0000] {dag.py:2690} INFO - Sync 1 DAGs
[2025-08-27T15:01:39.862+0000] {logging_mixin.py:137} INFO - [2025-08-27T15:01:39.862+0000] {dag.py:3441} INFO - Setting next_dagrun for example_weekday_branch_operator to 2025-08-26T00:00:00+00:00, run_after=2025-08-27T00:00:00+00:00
[2025-08-27T15:01:39.869+0000] {processor.py:175} INFO - Processing /home/airflow/.local/lib/python3.7/site-packages/airflow/example_dags/example_branch_day_of_week_operator.py took 0.043 seconds
[2025-08-27T15:08:10.439+0000] {processor.py:153} INFO - Started process (PID=23099) to work on /home/airflow/.local/lib/python3.7/site-packages/airflow/example_dags/example_branch_day_of_week_operator.py
[2025-08-27T15:08:10.440+0000] {processor.py:743} INFO - Processing file /home/airflow/.local/lib/python3.7/site-packages/airflow/example_dags/example_branch_day_of_week_operator.py for tasks to queue
[2025-08-27T15:08:10.440+0000] {logging_mixin.py:137} INFO - [2025-08-27T15:08:10.440+0000] {dagbag.py:538} INFO - Filling up the DagBag from /home/airflow/.local/lib/python3.7/site-packages/airflow/example_dags/example_branch_day_of_week_operator.py
[2025-08-27T15:08:10.450+0000] {processor.py:753} INFO - DAG(s) dict_keys(['example_weekday_branch_operator']) retrieved from /home/airflow/.local/lib/python3.7/site-packages/airflow/example_dags/example_branch_day_of_week_operator.py
[2025-08-27T15:08:10.463+0000] {logging_mixin.py:137} INFO - [2025-08-27T15:08:10.463+0000] {dag.py:2690} INFO - Sync 1 DAGs
[2025-08-27T15:08:10.475+0000] {logging_mixin.py:137} INFO - [2025-08-27T15:08:10.475+0000] {dag.py:3441} INFO - Setting next_dagrun for example_weekday_branch_operator to 2025-08-26T00:00:00+00:00, run_after=2025-08-27T00:00:00+00:00
[2025-08-27T15:08:10.483+0000] {processor.py:175} INFO - Processing /home/airflow/.local/lib/python3.7/site-packages/airflow/example_dags/example_branch_day_of_week_operator.py took 0.045 seconds
[2025-08-27T15:18:53.040+0000] {processor.py:153} INFO - Started process (PID=23199) to work on /home/airflow/.local/lib/python3.7/site-packages/airflow/example_dags/example_branch_day_of_week_operator.py
[2025-08-27T15:18:53.040+0000] {processor.py:743} INFO - Processing file /home/airflow/.local/lib/python3.7/site-packages/airflow/example_dags/example_branch_day_of_week_operator.py for tasks to queue
[2025-08-27T15:18:53.040+0000] {logging_mixin.py:137} INFO - [2025-08-27T15:18:53.040+0000] {dagbag.py:538} INFO - Filling up the DagBag from /home/airflow/.local/lib/python3.7/site-packages/airflow/example_dags/example_branch_day_of_week_operator.py
[2025-08-27T15:18:53.048+0000] {processor.py:753} INFO - DAG(s) dict_keys(['example_weekday_branch_operator']) retrieved from /home/airflow/.local/lib/python3.7/site-packages/airflow/example_dags/example_branch_day_of_week_operator.py
[2025-08-27T15:18:53.059+0000] {logging_mixin.py:137} INFO - [2025-08-27T15:18:53.059+0000] {dag.py:2690} INFO - Sync 1 DAGs
[2025-08-27T15:18:53.072+0000] {logging_mixin.py:137} INFO - [2025-08-27T15:18:53.071+0000] {dag.py:3441} INFO - Setting next_dagrun for example_weekday_branch_operator to 2025-08-26T00:00:00+00:00, run_after=2025-08-27T00:00:00+00:00
[2025-08-27T15:18:53.078+0000] {processor.py:175} INFO - Processing /home/airflow/.local/lib/python3.7/site-packages/airflow/example_dags/example_branch_day_of_week_operator.py took 0.041 seconds
[2025-08-27T15:19:37.338+0000] {processor.py:153} INFO - Started process (PID=23285) to work on /home/airflow/.local/lib/python3.7/site-packages/airflow/example_dags/example_branch_day_of_week_operator.py
[2025-08-27T15:19:37.338+0000] {processor.py:743} INFO - Processing file /home/airflow/.local/lib/python3.7/site-packages/airflow/example_dags/example_branch_day_of_week_operator.py for tasks to queue
[2025-08-27T15:19:37.339+0000] {logging_mixin.py:137} INFO - [2025-08-27T15:19:37.339+0000] {dagbag.py:538} INFO - Filling up the DagBag from /home/airflow/.local/lib/python3.7/site-packages/airflow/example_dags/example_branch_day_of_week_operator.py
[2025-08-27T15:19:37.350+0000] {processor.py:753} INFO - DAG(s) dict_keys(['example_weekday_branch_operator']) retrieved from /home/airflow/.local/lib/python3.7/site-packages/airflow/example_dags/example_branch_day_of_week_operator.py
[2025-08-27T15:19:37.360+0000] {logging_mixin.py:137} INFO - [2025-08-27T15:19:37.360+0000] {dag.py:2690} INFO - Sync 1 DAGs
[2025-08-27T15:19:37.370+0000] {logging_mixin.py:137} INFO - [2025-08-27T15:19:37.370+0000] {dag.py:3441} INFO - Setting next_dagrun for example_weekday_branch_operator to 2025-08-26T00:00:00+00:00, run_after=2025-08-27T00:00:00+00:00
[2025-08-27T15:19:37.377+0000] {processor.py:175} INFO - Processing /home/airflow/.local/lib/python3.7/site-packages/airflow/example_dags/example_branch_day_of_week_operator.py took 0.041 seconds
[2025-08-27T15:21:53.424+0000] {processor.py:153} INFO - Started process (PID=23379) to work on /home/airflow/.local/lib/python3.7/site-packages/airflow/example_dags/example_branch_day_of_week_operator.py
[2025-08-27T15:21:53.425+0000] {processor.py:743} INFO - Processing file /home/airflow/.local/lib/python3.7/site-packages/airflow/example_dags/example_branch_day_of_week_operator.py for tasks to queue
[2025-08-27T15:21:53.425+0000] {logging_mixin.py:137} INFO - [2025-08-27T15:21:53.425+0000] {dagbag.py:538} INFO - Filling up the DagBag from /home/airflow/.local/lib/python3.7/site-packages/airflow/example_dags/example_branch_day_of_week_operator.py
[2025-08-27T15:21:53.433+0000] {processor.py:753} INFO - DAG(s) dict_keys(['example_weekday_branch_operator']) retrieved from /home/airflow/.local/lib/python3.7/site-packages/airflow/example_dags/example_branch_day_of_week_operator.py
[2025-08-27T15:21:53.444+0000] {logging_mixin.py:137} INFO - [2025-08-27T15:21:53.444+0000] {dag.py:2690} INFO - Sync 1 DAGs
[2025-08-27T15:21:53.454+0000] {logging_mixin.py:137} INFO - [2025-08-27T15:21:53.454+0000] {dag.py:3441} INFO - Setting next_dagrun for example_weekday_branch_operator to 2025-08-26T00:00:00+00:00, run_after=2025-08-27T00:00:00+00:00
[2025-08-27T15:21:53.462+0000] {processor.py:175} INFO - Processing /home/airflow/.local/lib/python3.7/site-packages/airflow/example_dags/example_branch_day_of_week_operator.py took 0.039 seconds
[2025-08-27T15:25:59.700+0000] {processor.py:153} INFO - Started process (PID=23479) to work on /home/airflow/.local/lib/python3.7/site-packages/airflow/example_dags/example_branch_day_of_week_operator.py
[2025-08-27T15:25:59.700+0000] {processor.py:743} INFO - Processing file /home/airflow/.local/lib/python3.7/site-packages/airflow/example_dags/example_branch_day_of_week_operator.py for tasks to queue
[2025-08-27T15:25:59.701+0000] {logging_mixin.py:137} INFO - [2025-08-27T15:25:59.701+0000] {dagbag.py:538} INFO - Filling up the DagBag from /home/airflow/.local/lib/python3.7/site-packages/airflow/example_dags/example_branch_day_of_week_operator.py
[2025-08-27T15:25:59.709+0000] {processor.py:753} INFO - DAG(s) dict_keys(['example_weekday_branch_operator']) retrieved from /home/airflow/.local/lib/python3.7/site-packages/airflow/example_dags/example_branch_day_of_week_operator.py
[2025-08-27T15:25:59.720+0000] {logging_mixin.py:137} INFO - [2025-08-27T15:25:59.720+0000] {dag.py:2690} INFO - Sync 1 DAGs
[2025-08-27T15:25:59.731+0000] {logging_mixin.py:137} INFO - [2025-08-27T15:25:59.731+0000] {dag.py:3441} INFO - Setting next_dagrun for example_weekday_branch_operator to 2025-08-26T00:00:00+00:00, run_after=2025-08-27T00:00:00+00:00
[2025-08-27T15:25:59.739+0000] {processor.py:175} INFO - Processing /home/airflow/.local/lib/python3.7/site-packages/airflow/example_dags/example_branch_day_of_week_operator.py took 0.040 seconds
[2025-08-27T16:00:40.834+0000] {processor.py:153} INFO - Started process (PID=23579) to work on /home/airflow/.local/lib/python3.7/site-packages/airflow/example_dags/example_branch_day_of_week_operator.py
[2025-08-27T16:00:40.835+0000] {processor.py:743} INFO - Processing file /home/airflow/.local/lib/python3.7/site-packages/airflow/example_dags/example_branch_day_of_week_operator.py for tasks to queue
[2025-08-27T16:00:40.835+0000] {logging_mixin.py:137} INFO - [2025-08-27T16:00:40.835+0000] {dagbag.py:538} INFO - Filling up the DagBag from /home/airflow/.local/lib/python3.7/site-packages/airflow/example_dags/example_branch_day_of_week_operator.py
[2025-08-27T16:00:40.845+0000] {processor.py:753} INFO - DAG(s) dict_keys(['example_weekday_branch_operator']) retrieved from /home/airflow/.local/lib/python3.7/site-packages/airflow/example_dags/example_branch_day_of_week_operator.py
[2025-08-27T16:00:40.855+0000] {logging_mixin.py:137} INFO - [2025-08-27T16:00:40.855+0000] {dag.py:2690} INFO - Sync 1 DAGs
[2025-08-27T16:00:40.866+0000] {logging_mixin.py:137} INFO - [2025-08-27T16:00:40.866+0000] {dag.py:3441} INFO - Setting next_dagrun for example_weekday_branch_operator to 2025-08-26T00:00:00+00:00, run_after=2025-08-27T00:00:00+00:00
[2025-08-27T16:00:40.876+0000] {processor.py:175} INFO - Processing /home/airflow/.local/lib/python3.7/site-packages/airflow/example_dags/example_branch_day_of_week_operator.py took 0.043 seconds
[2025-08-27T16:14:53.578+0000] {processor.py:153} INFO - Started process (PID=23659) to work on /home/airflow/.local/lib/python3.7/site-packages/airflow/example_dags/example_branch_day_of_week_operator.py
[2025-08-27T16:14:53.579+0000] {processor.py:743} INFO - Processing file /home/airflow/.local/lib/python3.7/site-packages/airflow/example_dags/example_branch_day_of_week_operator.py for tasks to queue
[2025-08-27T16:14:53.579+0000] {logging_mixin.py:137} INFO - [2025-08-27T16:14:53.579+0000] {dagbag.py:538} INFO - Filling up the DagBag from /home/airflow/.local/lib/python3.7/site-packages/airflow/example_dags/example_branch_day_of_week_operator.py
[2025-08-27T16:14:53.587+0000] {processor.py:753} INFO - DAG(s) dict_keys(['example_weekday_branch_operator']) retrieved from /home/airflow/.local/lib/python3.7/site-packages/airflow/example_dags/example_branch_day_of_week_operator.py
[2025-08-27T16:14:53.599+0000] {logging_mixin.py:137} INFO - [2025-08-27T16:14:53.599+0000] {dag.py:2690} INFO - Sync 1 DAGs
[2025-08-27T16:14:53.611+0000] {logging_mixin.py:137} INFO - [2025-08-27T16:14:53.611+0000] {dag.py:3441} INFO - Setting next_dagrun for example_weekday_branch_operator to 2025-08-26T00:00:00+00:00, run_after=2025-08-27T00:00:00+00:00
[2025-08-27T16:14:53.622+0000] {processor.py:175} INFO - Processing /home/airflow/.local/lib/python3.7/site-packages/airflow/example_dags/example_branch_day_of_week_operator.py took 0.045 seconds
[2025-08-27T16:23:10.913+0000] {processor.py:153} INFO - Started process (PID=23759) to work on /home/airflow/.local/lib/python3.7/site-packages/airflow/example_dags/example_branch_day_of_week_operator.py
[2025-08-27T16:23:10.914+0000] {processor.py:743} INFO - Processing file /home/airflow/.local/lib/python3.7/site-packages/airflow/example_dags/example_branch_day_of_week_operator.py for tasks to queue
[2025-08-27T16:23:10.914+0000] {logging_mixin.py:137} INFO - [2025-08-27T16:23:10.914+0000] {dagbag.py:538} INFO - Filling up the DagBag from /home/airflow/.local/lib/python3.7/site-packages/airflow/example_dags/example_branch_day_of_week_operator.py
[2025-08-27T16:23:10.922+0000] {processor.py:753} INFO - DAG(s) dict_keys(['example_weekday_branch_operator']) retrieved from /home/airflow/.local/lib/python3.7/site-packages/airflow/example_dags/example_branch_day_of_week_operator.py
[2025-08-27T16:23:10.932+0000] {logging_mixin.py:137} INFO - [2025-08-27T16:23:10.932+0000] {dag.py:2690} INFO - Sync 1 DAGs
[2025-08-27T16:23:10.943+0000] {logging_mixin.py:137} INFO - [2025-08-27T16:23:10.943+0000] {dag.py:3441} INFO - Setting next_dagrun for example_weekday_branch_operator to 2025-08-26T00:00:00+00:00, run_after=2025-08-27T00:00:00+00:00
[2025-08-27T16:23:10.950+0000] {processor.py:175} INFO - Processing /home/airflow/.local/lib/python3.7/site-packages/airflow/example_dags/example_branch_day_of_week_operator.py took 0.039 seconds
[2025-08-27T16:24:54.575+0000] {processor.py:153} INFO - Started process (PID=23859) to work on /home/airflow/.local/lib/python3.7/site-packages/airflow/example_dags/example_branch_day_of_week_operator.py
[2025-08-27T16:24:54.575+0000] {processor.py:743} INFO - Processing file /home/airflow/.local/lib/python3.7/site-packages/airflow/example_dags/example_branch_day_of_week_operator.py for tasks to queue
[2025-08-27T16:24:54.576+0000] {logging_mixin.py:137} INFO - [2025-08-27T16:24:54.576+0000] {dagbag.py:538} INFO - Filling up the DagBag from /home/airflow/.local/lib/python3.7/site-packages/airflow/example_dags/example_branch_day_of_week_operator.py
[2025-08-27T16:24:54.583+0000] {processor.py:753} INFO - DAG(s) dict_keys(['example_weekday_branch_operator']) retrieved from /home/airflow/.local/lib/python3.7/site-packages/airflow/example_dags/example_branch_day_of_week_operator.py
[2025-08-27T16:24:54.597+0000] {logging_mixin.py:137} INFO - [2025-08-27T16:24:54.596+0000] {dag.py:2690} INFO - Sync 1 DAGs
[2025-08-27T16:24:54.609+0000] {logging_mixin.py:137} INFO - [2025-08-27T16:24:54.609+0000] {dag.py:3441} INFO - Setting next_dagrun for example_weekday_branch_operator to 2025-08-26T00:00:00+00:00, run_after=2025-08-27T00:00:00+00:00
[2025-08-27T16:24:54.618+0000] {processor.py:175} INFO - Processing /home/airflow/.local/lib/python3.7/site-packages/airflow/example_dags/example_branch_day_of_week_operator.py took 0.045 seconds
[2025-08-27T16:30:08.239+0000] {processor.py:153} INFO - Started process (PID=23959) to work on /home/airflow/.local/lib/python3.7/site-packages/airflow/example_dags/example_branch_day_of_week_operator.py
[2025-08-27T16:30:08.239+0000] {processor.py:743} INFO - Processing file /home/airflow/.local/lib/python3.7/site-packages/airflow/example_dags/example_branch_day_of_week_operator.py for tasks to queue
[2025-08-27T16:30:08.240+0000] {logging_mixin.py:137} INFO - [2025-08-27T16:30:08.240+0000] {dagbag.py:538} INFO - Filling up the DagBag from /home/airflow/.local/lib/python3.7/site-packages/airflow/example_dags/example_branch_day_of_week_operator.py
[2025-08-27T16:30:08.247+0000] {processor.py:753} INFO - DAG(s) dict_keys(['example_weekday_branch_operator']) retrieved from /home/airflow/.local/lib/python3.7/site-packages/airflow/example_dags/example_branch_day_of_week_operator.py
[2025-08-27T16:30:08.257+0000] {logging_mixin.py:137} INFO - [2025-08-27T16:30:08.257+0000] {dag.py:2690} INFO - Sync 1 DAGs
[2025-08-27T16:30:08.267+0000] {logging_mixin.py:137} INFO - [2025-08-27T16:30:08.267+0000] {dag.py:3441} INFO - Setting next_dagrun for example_weekday_branch_operator to 2025-08-26T00:00:00+00:00, run_after=2025-08-27T00:00:00+00:00
[2025-08-27T16:30:08.273+0000] {processor.py:175} INFO - Processing /home/airflow/.local/lib/python3.7/site-packages/airflow/example_dags/example_branch_day_of_week_operator.py took 0.036 seconds
[2025-08-27T16:44:03.543+0000] {processor.py:153} INFO - Started process (PID=24039) to work on /home/airflow/.local/lib/python3.7/site-packages/airflow/example_dags/example_branch_day_of_week_operator.py
[2025-08-27T16:44:03.543+0000] {processor.py:743} INFO - Processing file /home/airflow/.local/lib/python3.7/site-packages/airflow/example_dags/example_branch_day_of_week_operator.py for tasks to queue
[2025-08-27T16:44:03.544+0000] {logging_mixin.py:137} INFO - [2025-08-27T16:44:03.544+0000] {dagbag.py:538} INFO - Filling up the DagBag from /home/airflow/.local/lib/python3.7/site-packages/airflow/example_dags/example_branch_day_of_week_operator.py
[2025-08-27T16:44:03.552+0000] {processor.py:753} INFO - DAG(s) dict_keys(['example_weekday_branch_operator']) retrieved from /home/airflow/.local/lib/python3.7/site-packages/airflow/example_dags/example_branch_day_of_week_operator.py
[2025-08-27T16:44:03.563+0000] {logging_mixin.py:137} INFO - [2025-08-27T16:44:03.563+0000] {dag.py:2690} INFO - Sync 1 DAGs
[2025-08-27T16:44:03.574+0000] {logging_mixin.py:137} INFO - [2025-08-27T16:44:03.574+0000] {dag.py:3441} INFO - Setting next_dagrun for example_weekday_branch_operator to 2025-08-26T00:00:00+00:00, run_after=2025-08-27T00:00:00+00:00
[2025-08-27T16:44:03.583+0000] {processor.py:175} INFO - Processing /home/airflow/.local/lib/python3.7/site-packages/airflow/example_dags/example_branch_day_of_week_operator.py took 0.042 seconds
[2025-08-27T18:19:18.026+0000] {processor.py:153} INFO - Started process (PID=24139) to work on /home/airflow/.local/lib/python3.7/site-packages/airflow/example_dags/example_branch_day_of_week_operator.py
[2025-08-27T18:19:18.027+0000] {processor.py:743} INFO - Processing file /home/airflow/.local/lib/python3.7/site-packages/airflow/example_dags/example_branch_day_of_week_operator.py for tasks to queue
[2025-08-27T18:19:18.027+0000] {logging_mixin.py:137} INFO - [2025-08-27T18:19:18.027+0000] {dagbag.py:538} INFO - Filling up the DagBag from /home/airflow/.local/lib/python3.7/site-packages/airflow/example_dags/example_branch_day_of_week_operator.py
[2025-08-27T18:19:18.035+0000] {processor.py:753} INFO - DAG(s) dict_keys(['example_weekday_branch_operator']) retrieved from /home/airflow/.local/lib/python3.7/site-packages/airflow/example_dags/example_branch_day_of_week_operator.py
[2025-08-27T18:19:18.048+0000] {logging_mixin.py:137} INFO - [2025-08-27T18:19:18.048+0000] {dag.py:2690} INFO - Sync 1 DAGs
[2025-08-27T18:19:18.059+0000] {logging_mixin.py:137} INFO - [2025-08-27T18:19:18.059+0000] {dag.py:3441} INFO - Setting next_dagrun for example_weekday_branch_operator to 2025-08-26T00:00:00+00:00, run_after=2025-08-27T00:00:00+00:00
[2025-08-27T18:19:18.067+0000] {processor.py:175} INFO - Processing /home/airflow/.local/lib/python3.7/site-packages/airflow/example_dags/example_branch_day_of_week_operator.py took 0.043 seconds
[2025-08-27T19:39:50.588+0000] {processor.py:153} INFO - Started process (PID=24239) to work on /home/airflow/.local/lib/python3.7/site-packages/airflow/example_dags/example_branch_day_of_week_operator.py
[2025-08-27T19:39:50.589+0000] {processor.py:743} INFO - Processing file /home/airflow/.local/lib/python3.7/site-packages/airflow/example_dags/example_branch_day_of_week_operator.py for tasks to queue
[2025-08-27T19:39:50.589+0000] {logging_mixin.py:137} INFO - [2025-08-27T19:39:50.589+0000] {dagbag.py:538} INFO - Filling up the DagBag from /home/airflow/.local/lib/python3.7/site-packages/airflow/example_dags/example_branch_day_of_week_operator.py
[2025-08-27T19:39:50.596+0000] {processor.py:753} INFO - DAG(s) dict_keys(['example_weekday_branch_operator']) retrieved from /home/airflow/.local/lib/python3.7/site-packages/airflow/example_dags/example_branch_day_of_week_operator.py
[2025-08-27T19:39:50.607+0000] {logging_mixin.py:137} INFO - [2025-08-27T19:39:50.607+0000] {dag.py:2690} INFO - Sync 1 DAGs
[2025-08-27T19:39:50.617+0000] {logging_mixin.py:137} INFO - [2025-08-27T19:39:50.617+0000] {dag.py:3441} INFO - Setting next_dagrun for example_weekday_branch_operator to 2025-08-26T00:00:00+00:00, run_after=2025-08-27T00:00:00+00:00
[2025-08-27T19:39:50.624+0000] {processor.py:175} INFO - Processing /home/airflow/.local/lib/python3.7/site-packages/airflow/example_dags/example_branch_day_of_week_operator.py took 0.037 seconds
[2025-08-27T21:01:25.556+0000] {processor.py:153} INFO - Started process (PID=24319) to work on /home/airflow/.local/lib/python3.7/site-packages/airflow/example_dags/example_branch_day_of_week_operator.py
[2025-08-27T21:01:25.557+0000] {processor.py:743} INFO - Processing file /home/airflow/.local/lib/python3.7/site-packages/airflow/example_dags/example_branch_day_of_week_operator.py for tasks to queue
[2025-08-27T21:01:25.557+0000] {logging_mixin.py:137} INFO - [2025-08-27T21:01:25.557+0000] {dagbag.py:538} INFO - Filling up the DagBag from /home/airflow/.local/lib/python3.7/site-packages/airflow/example_dags/example_branch_day_of_week_operator.py
[2025-08-27T21:01:25.565+0000] {processor.py:753} INFO - DAG(s) dict_keys(['example_weekday_branch_operator']) retrieved from /home/airflow/.local/lib/python3.7/site-packages/airflow/example_dags/example_branch_day_of_week_operator.py
[2025-08-27T21:01:25.577+0000] {logging_mixin.py:137} INFO - [2025-08-27T21:01:25.577+0000] {dag.py:2690} INFO - Sync 1 DAGs
[2025-08-27T21:01:25.588+0000] {logging_mixin.py:137} INFO - [2025-08-27T21:01:25.588+0000] {dag.py:3441} INFO - Setting next_dagrun for example_weekday_branch_operator to 2025-08-26T00:00:00+00:00, run_after=2025-08-27T00:00:00+00:00
[2025-08-27T21:01:25.595+0000] {processor.py:175} INFO - Processing /home/airflow/.local/lib/python3.7/site-packages/airflow/example_dags/example_branch_day_of_week_operator.py took 0.041 seconds
[2025-08-27T21:51:50.557+0000] {processor.py:153} INFO - Started process (PID=24419) to work on /home/airflow/.local/lib/python3.7/site-packages/airflow/example_dags/example_branch_day_of_week_operator.py
[2025-08-27T21:51:50.557+0000] {processor.py:743} INFO - Processing file /home/airflow/.local/lib/python3.7/site-packages/airflow/example_dags/example_branch_day_of_week_operator.py for tasks to queue
[2025-08-27T21:51:50.558+0000] {logging_mixin.py:137} INFO - [2025-08-27T21:51:50.558+0000] {dagbag.py:538} INFO - Filling up the DagBag from /home/airflow/.local/lib/python3.7/site-packages/airflow/example_dags/example_branch_day_of_week_operator.py
[2025-08-27T21:51:50.565+0000] {processor.py:753} INFO - DAG(s) dict_keys(['example_weekday_branch_operator']) retrieved from /home/airflow/.local/lib/python3.7/site-packages/airflow/example_dags/example_branch_day_of_week_operator.py
[2025-08-27T21:51:50.576+0000] {logging_mixin.py:137} INFO - [2025-08-27T21:51:50.576+0000] {dag.py:2690} INFO - Sync 1 DAGs
[2025-08-27T21:51:50.587+0000] {logging_mixin.py:137} INFO - [2025-08-27T21:51:50.587+0000] {dag.py:3441} INFO - Setting next_dagrun for example_weekday_branch_operator to 2025-08-26T00:00:00+00:00, run_after=2025-08-27T00:00:00+00:00
[2025-08-27T21:51:50.597+0000] {processor.py:175} INFO - Processing /home/airflow/.local/lib/python3.7/site-packages/airflow/example_dags/example_branch_day_of_week_operator.py took 0.042 seconds
[2025-08-27T23:29:06.569+0000] {processor.py:153} INFO - Started process (PID=24519) to work on /home/airflow/.local/lib/python3.7/site-packages/airflow/example_dags/example_branch_day_of_week_operator.py
[2025-08-27T23:29:06.570+0000] {processor.py:743} INFO - Processing file /home/airflow/.local/lib/python3.7/site-packages/airflow/example_dags/example_branch_day_of_week_operator.py for tasks to queue
[2025-08-27T23:29:06.570+0000] {logging_mixin.py:137} INFO - [2025-08-27T23:29:06.570+0000] {dagbag.py:538} INFO - Filling up the DagBag from /home/airflow/.local/lib/python3.7/site-packages/airflow/example_dags/example_branch_day_of_week_operator.py
[2025-08-27T23:29:06.578+0000] {processor.py:753} INFO - DAG(s) dict_keys(['example_weekday_branch_operator']) retrieved from /home/airflow/.local/lib/python3.7/site-packages/airflow/example_dags/example_branch_day_of_week_operator.py
[2025-08-27T23:29:06.589+0000] {logging_mixin.py:137} INFO - [2025-08-27T23:29:06.589+0000] {dag.py:2690} INFO - Sync 1 DAGs
[2025-08-27T23:29:06.599+0000] {logging_mixin.py:137} INFO - [2025-08-27T23:29:06.599+0000] {dag.py:3441} INFO - Setting next_dagrun for example_weekday_branch_operator to 2025-08-26T00:00:00+00:00, run_after=2025-08-27T00:00:00+00:00
[2025-08-27T23:29:06.606+0000] {processor.py:175} INFO - Processing /home/airflow/.local/lib/python3.7/site-packages/airflow/example_dags/example_branch_day_of_week_operator.py took 0.038 seconds
