[2025-08-27T00:46:29.339+0000] {processor.py:153} INFO - Started process (PID=19498) to work on /home/airflow/.local/lib/python3.7/site-packages/airflow/example_dags/example_dynamic_task_mapping.py
[2025-08-27T00:46:29.340+0000] {processor.py:743} INFO - Processing file /home/airflow/.local/lib/python3.7/site-packages/airflow/example_dags/example_dynamic_task_mapping.py for tasks to queue
[2025-08-27T00:46:29.341+0000] {logging_mixin.py:137} INFO - [2025-08-27T00:46:29.341+0000] {dagbag.py:538} INFO - Filling up the DagBag from /home/airflow/.local/lib/python3.7/site-packages/airflow/example_dags/example_dynamic_task_mapping.py
[2025-08-27T00:46:29.358+0000] {processor.py:753} INFO - DAG(s) dict_keys(['example_dynamic_task_mapping']) retrieved from /home/airflow/.local/lib/python3.7/site-packages/airflow/example_dags/example_dynamic_task_mapping.py
[2025-08-27T00:46:29.378+0000] {logging_mixin.py:137} INFO - [2025-08-27T00:46:29.378+0000] {dag.py:2690} INFO - Sync 1 DAGs
[2025-08-27T00:46:29.397+0000] {logging_mixin.py:137} INFO - [2025-08-27T00:46:29.396+0000] {dag.py:3441} INFO - Setting next_dagrun for example_dynamic_task_mapping to 2022-03-04T00:00:00+00:00, run_after=2022-03-05T00:00:00+00:00
[2025-08-27T00:46:29.412+0000] {processor.py:175} INFO - Processing /home/airflow/.local/lib/python3.7/site-packages/airflow/example_dags/example_dynamic_task_mapping.py took 0.076 seconds
[2025-08-27T02:21:51.212+0000] {processor.py:153} INFO - Started process (PID=19578) to work on /home/airflow/.local/lib/python3.7/site-packages/airflow/example_dags/example_dynamic_task_mapping.py
[2025-08-27T02:21:51.212+0000] {processor.py:743} INFO - Processing file /home/airflow/.local/lib/python3.7/site-packages/airflow/example_dags/example_dynamic_task_mapping.py for tasks to queue
[2025-08-27T02:21:51.212+0000] {logging_mixin.py:137} INFO - [2025-08-27T02:21:51.212+0000] {dagbag.py:538} INFO - Filling up the DagBag from /home/airflow/.local/lib/python3.7/site-packages/airflow/example_dags/example_dynamic_task_mapping.py
[2025-08-27T02:21:51.222+0000] {processor.py:753} INFO - DAG(s) dict_keys(['example_dynamic_task_mapping']) retrieved from /home/airflow/.local/lib/python3.7/site-packages/airflow/example_dags/example_dynamic_task_mapping.py
[2025-08-27T02:21:51.232+0000] {logging_mixin.py:137} INFO - [2025-08-27T02:21:51.232+0000] {dag.py:2690} INFO - Sync 1 DAGs
[2025-08-27T02:21:51.240+0000] {logging_mixin.py:137} INFO - [2025-08-27T02:21:51.240+0000] {dag.py:3441} INFO - Setting next_dagrun for example_dynamic_task_mapping to 2022-03-04T00:00:00+00:00, run_after=2022-03-05T00:00:00+00:00
[2025-08-27T02:21:51.247+0000] {processor.py:175} INFO - Processing /home/airflow/.local/lib/python3.7/site-packages/airflow/example_dags/example_dynamic_task_mapping.py took 0.037 seconds
[2025-08-27T02:37:29.900+0000] {processor.py:153} INFO - Started process (PID=19678) to work on /home/airflow/.local/lib/python3.7/site-packages/airflow/example_dags/example_dynamic_task_mapping.py
[2025-08-27T02:37:29.901+0000] {processor.py:743} INFO - Processing file /home/airflow/.local/lib/python3.7/site-packages/airflow/example_dags/example_dynamic_task_mapping.py for tasks to queue
[2025-08-27T02:37:29.901+0000] {logging_mixin.py:137} INFO - [2025-08-27T02:37:29.901+0000] {dagbag.py:538} INFO - Filling up the DagBag from /home/airflow/.local/lib/python3.7/site-packages/airflow/example_dags/example_dynamic_task_mapping.py
[2025-08-27T02:37:29.916+0000] {processor.py:753} INFO - DAG(s) dict_keys(['example_dynamic_task_mapping']) retrieved from /home/airflow/.local/lib/python3.7/site-packages/airflow/example_dags/example_dynamic_task_mapping.py
[2025-08-27T02:37:29.933+0000] {logging_mixin.py:137} INFO - [2025-08-27T02:37:29.932+0000] {dag.py:2690} INFO - Sync 1 DAGs
[2025-08-27T02:37:29.961+0000] {logging_mixin.py:137} INFO - [2025-08-27T02:37:29.961+0000] {dag.py:3441} INFO - Setting next_dagrun for example_dynamic_task_mapping to 2022-03-04T00:00:00+00:00, run_after=2022-03-05T00:00:00+00:00
[2025-08-27T02:37:29.974+0000] {processor.py:175} INFO - Processing /home/airflow/.local/lib/python3.7/site-packages/airflow/example_dags/example_dynamic_task_mapping.py took 0.076 seconds
[2025-08-27T03:02:26.308+0000] {processor.py:153} INFO - Started process (PID=19778) to work on /home/airflow/.local/lib/python3.7/site-packages/airflow/example_dags/example_dynamic_task_mapping.py
[2025-08-27T03:02:26.308+0000] {processor.py:743} INFO - Processing file /home/airflow/.local/lib/python3.7/site-packages/airflow/example_dags/example_dynamic_task_mapping.py for tasks to queue
[2025-08-27T03:02:26.308+0000] {logging_mixin.py:137} INFO - [2025-08-27T03:02:26.308+0000] {dagbag.py:538} INFO - Filling up the DagBag from /home/airflow/.local/lib/python3.7/site-packages/airflow/example_dags/example_dynamic_task_mapping.py
[2025-08-27T03:02:26.317+0000] {processor.py:753} INFO - DAG(s) dict_keys(['example_dynamic_task_mapping']) retrieved from /home/airflow/.local/lib/python3.7/site-packages/airflow/example_dags/example_dynamic_task_mapping.py
[2025-08-27T03:02:26.328+0000] {logging_mixin.py:137} INFO - [2025-08-27T03:02:26.328+0000] {dag.py:2690} INFO - Sync 1 DAGs
[2025-08-27T03:02:26.337+0000] {logging_mixin.py:137} INFO - [2025-08-27T03:02:26.337+0000] {dag.py:3441} INFO - Setting next_dagrun for example_dynamic_task_mapping to 2022-03-04T00:00:00+00:00, run_after=2022-03-05T00:00:00+00:00
[2025-08-27T03:02:26.344+0000] {processor.py:175} INFO - Processing /home/airflow/.local/lib/python3.7/site-packages/airflow/example_dags/example_dynamic_task_mapping.py took 0.038 seconds
[2025-08-27T03:13:53.645+0000] {processor.py:153} INFO - Started process (PID=19877) to work on /home/airflow/.local/lib/python3.7/site-packages/airflow/example_dags/example_dynamic_task_mapping.py
[2025-08-27T03:13:53.646+0000] {processor.py:743} INFO - Processing file /home/airflow/.local/lib/python3.7/site-packages/airflow/example_dags/example_dynamic_task_mapping.py for tasks to queue
[2025-08-27T03:13:53.646+0000] {logging_mixin.py:137} INFO - [2025-08-27T03:13:53.646+0000] {dagbag.py:538} INFO - Filling up the DagBag from /home/airflow/.local/lib/python3.7/site-packages/airflow/example_dags/example_dynamic_task_mapping.py
[2025-08-27T03:13:53.658+0000] {processor.py:753} INFO - DAG(s) dict_keys(['example_dynamic_task_mapping']) retrieved from /home/airflow/.local/lib/python3.7/site-packages/airflow/example_dags/example_dynamic_task_mapping.py
[2025-08-27T03:13:53.672+0000] {logging_mixin.py:137} INFO - [2025-08-27T03:13:53.672+0000] {dag.py:2690} INFO - Sync 1 DAGs
[2025-08-27T03:13:53.687+0000] {logging_mixin.py:137} INFO - [2025-08-27T03:13:53.687+0000] {dag.py:3441} INFO - Setting next_dagrun for example_dynamic_task_mapping to 2022-03-04T00:00:00+00:00, run_after=2022-03-05T00:00:00+00:00
[2025-08-27T03:13:53.695+0000] {processor.py:175} INFO - Processing /home/airflow/.local/lib/python3.7/site-packages/airflow/example_dags/example_dynamic_task_mapping.py took 0.052 seconds
[2025-08-27T03:33:09.252+0000] {processor.py:153} INFO - Started process (PID=19957) to work on /home/airflow/.local/lib/python3.7/site-packages/airflow/example_dags/example_dynamic_task_mapping.py
[2025-08-27T03:33:09.253+0000] {processor.py:743} INFO - Processing file /home/airflow/.local/lib/python3.7/site-packages/airflow/example_dags/example_dynamic_task_mapping.py for tasks to queue
[2025-08-27T03:33:09.254+0000] {logging_mixin.py:137} INFO - [2025-08-27T03:33:09.254+0000] {dagbag.py:538} INFO - Filling up the DagBag from /home/airflow/.local/lib/python3.7/site-packages/airflow/example_dags/example_dynamic_task_mapping.py
[2025-08-27T03:33:09.278+0000] {processor.py:753} INFO - DAG(s) dict_keys(['example_dynamic_task_mapping']) retrieved from /home/airflow/.local/lib/python3.7/site-packages/airflow/example_dags/example_dynamic_task_mapping.py
[2025-08-27T03:33:09.307+0000] {logging_mixin.py:137} INFO - [2025-08-27T03:33:09.307+0000] {dag.py:2690} INFO - Sync 1 DAGs
[2025-08-27T03:33:09.326+0000] {logging_mixin.py:137} INFO - [2025-08-27T03:33:09.326+0000] {dag.py:3441} INFO - Setting next_dagrun for example_dynamic_task_mapping to 2022-03-04T00:00:00+00:00, run_after=2022-03-05T00:00:00+00:00
[2025-08-27T03:33:09.372+0000] {processor.py:175} INFO - Processing /home/airflow/.local/lib/python3.7/site-packages/airflow/example_dags/example_dynamic_task_mapping.py took 0.121 seconds
[2025-08-27T04:45:10.259+0000] {processor.py:153} INFO - Started process (PID=20057) to work on /home/airflow/.local/lib/python3.7/site-packages/airflow/example_dags/example_dynamic_task_mapping.py
[2025-08-27T04:45:10.260+0000] {processor.py:743} INFO - Processing file /home/airflow/.local/lib/python3.7/site-packages/airflow/example_dags/example_dynamic_task_mapping.py for tasks to queue
[2025-08-27T04:45:10.260+0000] {logging_mixin.py:137} INFO - [2025-08-27T04:45:10.260+0000] {dagbag.py:538} INFO - Filling up the DagBag from /home/airflow/.local/lib/python3.7/site-packages/airflow/example_dags/example_dynamic_task_mapping.py
[2025-08-27T04:45:10.274+0000] {processor.py:753} INFO - DAG(s) dict_keys(['example_dynamic_task_mapping']) retrieved from /home/airflow/.local/lib/python3.7/site-packages/airflow/example_dags/example_dynamic_task_mapping.py
[2025-08-27T04:45:10.289+0000] {logging_mixin.py:137} INFO - [2025-08-27T04:45:10.289+0000] {dag.py:2690} INFO - Sync 1 DAGs
[2025-08-27T04:45:10.302+0000] {logging_mixin.py:137} INFO - [2025-08-27T04:45:10.302+0000] {dag.py:3441} INFO - Setting next_dagrun for example_dynamic_task_mapping to 2022-03-04T00:00:00+00:00, run_after=2022-03-05T00:00:00+00:00
[2025-08-27T04:45:10.312+0000] {processor.py:175} INFO - Processing /home/airflow/.local/lib/python3.7/site-packages/airflow/example_dags/example_dynamic_task_mapping.py took 0.054 seconds
[2025-08-27T04:49:55.830+0000] {processor.py:153} INFO - Started process (PID=20157) to work on /home/airflow/.local/lib/python3.7/site-packages/airflow/example_dags/example_dynamic_task_mapping.py
[2025-08-27T04:49:55.830+0000] {processor.py:743} INFO - Processing file /home/airflow/.local/lib/python3.7/site-packages/airflow/example_dags/example_dynamic_task_mapping.py for tasks to queue
[2025-08-27T04:49:55.831+0000] {logging_mixin.py:137} INFO - [2025-08-27T04:49:55.831+0000] {dagbag.py:538} INFO - Filling up the DagBag from /home/airflow/.local/lib/python3.7/site-packages/airflow/example_dags/example_dynamic_task_mapping.py
[2025-08-27T04:49:55.843+0000] {processor.py:753} INFO - DAG(s) dict_keys(['example_dynamic_task_mapping']) retrieved from /home/airflow/.local/lib/python3.7/site-packages/airflow/example_dags/example_dynamic_task_mapping.py
[2025-08-27T04:49:55.865+0000] {logging_mixin.py:137} INFO - [2025-08-27T04:49:55.865+0000] {dag.py:2690} INFO - Sync 1 DAGs
[2025-08-27T04:49:55.880+0000] {logging_mixin.py:137} INFO - [2025-08-27T04:49:55.880+0000] {dag.py:3441} INFO - Setting next_dagrun for example_dynamic_task_mapping to 2022-03-04T00:00:00+00:00, run_after=2022-03-05T00:00:00+00:00
[2025-08-27T04:49:55.893+0000] {processor.py:175} INFO - Processing /home/airflow/.local/lib/python3.7/site-packages/airflow/example_dags/example_dynamic_task_mapping.py took 0.065 seconds
[2025-08-27T05:35:09.124+0000] {processor.py:153} INFO - Started process (PID=20237) to work on /home/airflow/.local/lib/python3.7/site-packages/airflow/example_dags/example_dynamic_task_mapping.py
[2025-08-27T05:35:09.125+0000] {processor.py:743} INFO - Processing file /home/airflow/.local/lib/python3.7/site-packages/airflow/example_dags/example_dynamic_task_mapping.py for tasks to queue
[2025-08-27T05:35:09.126+0000] {logging_mixin.py:137} INFO - [2025-08-27T05:35:09.126+0000] {dagbag.py:538} INFO - Filling up the DagBag from /home/airflow/.local/lib/python3.7/site-packages/airflow/example_dags/example_dynamic_task_mapping.py
[2025-08-27T05:35:09.136+0000] {processor.py:753} INFO - DAG(s) dict_keys(['example_dynamic_task_mapping']) retrieved from /home/airflow/.local/lib/python3.7/site-packages/airflow/example_dags/example_dynamic_task_mapping.py
[2025-08-27T05:35:09.146+0000] {logging_mixin.py:137} INFO - [2025-08-27T05:35:09.146+0000] {dag.py:2690} INFO - Sync 1 DAGs
[2025-08-27T05:35:09.156+0000] {logging_mixin.py:137} INFO - [2025-08-27T05:35:09.156+0000] {dag.py:3441} INFO - Setting next_dagrun for example_dynamic_task_mapping to 2022-03-04T00:00:00+00:00, run_after=2022-03-05T00:00:00+00:00
[2025-08-27T05:35:09.162+0000] {processor.py:175} INFO - Processing /home/airflow/.local/lib/python3.7/site-packages/airflow/example_dags/example_dynamic_task_mapping.py took 0.040 seconds
[2025-08-27T06:12:37.218+0000] {processor.py:153} INFO - Started process (PID=20337) to work on /home/airflow/.local/lib/python3.7/site-packages/airflow/example_dags/example_dynamic_task_mapping.py
[2025-08-27T06:12:37.218+0000] {processor.py:743} INFO - Processing file /home/airflow/.local/lib/python3.7/site-packages/airflow/example_dags/example_dynamic_task_mapping.py for tasks to queue
[2025-08-27T06:12:37.219+0000] {logging_mixin.py:137} INFO - [2025-08-27T06:12:37.219+0000] {dagbag.py:538} INFO - Filling up the DagBag from /home/airflow/.local/lib/python3.7/site-packages/airflow/example_dags/example_dynamic_task_mapping.py
[2025-08-27T06:12:37.234+0000] {processor.py:753} INFO - DAG(s) dict_keys(['example_dynamic_task_mapping']) retrieved from /home/airflow/.local/lib/python3.7/site-packages/airflow/example_dags/example_dynamic_task_mapping.py
[2025-08-27T06:12:37.248+0000] {logging_mixin.py:137} INFO - [2025-08-27T06:12:37.248+0000] {dag.py:2690} INFO - Sync 1 DAGs
[2025-08-27T06:12:37.260+0000] {logging_mixin.py:137} INFO - [2025-08-27T06:12:37.260+0000] {dag.py:3441} INFO - Setting next_dagrun for example_dynamic_task_mapping to 2022-03-04T00:00:00+00:00, run_after=2022-03-05T00:00:00+00:00
[2025-08-27T06:12:37.270+0000] {processor.py:175} INFO - Processing /home/airflow/.local/lib/python3.7/site-packages/airflow/example_dags/example_dynamic_task_mapping.py took 0.054 seconds
[2025-08-27T06:55:18.870+0000] {processor.py:153} INFO - Started process (PID=20437) to work on /home/airflow/.local/lib/python3.7/site-packages/airflow/example_dags/example_dynamic_task_mapping.py
[2025-08-27T06:55:18.870+0000] {processor.py:743} INFO - Processing file /home/airflow/.local/lib/python3.7/site-packages/airflow/example_dags/example_dynamic_task_mapping.py for tasks to queue
[2025-08-27T06:55:18.871+0000] {logging_mixin.py:137} INFO - [2025-08-27T06:55:18.871+0000] {dagbag.py:538} INFO - Filling up the DagBag from /home/airflow/.local/lib/python3.7/site-packages/airflow/example_dags/example_dynamic_task_mapping.py
[2025-08-27T06:55:18.879+0000] {processor.py:753} INFO - DAG(s) dict_keys(['example_dynamic_task_mapping']) retrieved from /home/airflow/.local/lib/python3.7/site-packages/airflow/example_dags/example_dynamic_task_mapping.py
[2025-08-27T06:55:18.890+0000] {logging_mixin.py:137} INFO - [2025-08-27T06:55:18.890+0000] {dag.py:2690} INFO - Sync 1 DAGs
[2025-08-27T06:55:18.899+0000] {logging_mixin.py:137} INFO - [2025-08-27T06:55:18.899+0000] {dag.py:3441} INFO - Setting next_dagrun for example_dynamic_task_mapping to 2022-03-04T00:00:00+00:00, run_after=2022-03-05T00:00:00+00:00
[2025-08-27T06:55:18.906+0000] {processor.py:175} INFO - Processing /home/airflow/.local/lib/python3.7/site-packages/airflow/example_dags/example_dynamic_task_mapping.py took 0.038 seconds
[2025-08-27T07:53:52.245+0000] {processor.py:153} INFO - Started process (PID=20537) to work on /home/airflow/.local/lib/python3.7/site-packages/airflow/example_dags/example_dynamic_task_mapping.py
[2025-08-27T07:53:52.246+0000] {processor.py:743} INFO - Processing file /home/airflow/.local/lib/python3.7/site-packages/airflow/example_dags/example_dynamic_task_mapping.py for tasks to queue
[2025-08-27T07:53:52.246+0000] {logging_mixin.py:137} INFO - [2025-08-27T07:53:52.246+0000] {dagbag.py:538} INFO - Filling up the DagBag from /home/airflow/.local/lib/python3.7/site-packages/airflow/example_dags/example_dynamic_task_mapping.py
[2025-08-27T07:53:52.256+0000] {processor.py:753} INFO - DAG(s) dict_keys(['example_dynamic_task_mapping']) retrieved from /home/airflow/.local/lib/python3.7/site-packages/airflow/example_dags/example_dynamic_task_mapping.py
[2025-08-27T07:53:52.266+0000] {logging_mixin.py:137} INFO - [2025-08-27T07:53:52.266+0000] {dag.py:2690} INFO - Sync 1 DAGs
[2025-08-27T07:53:52.276+0000] {logging_mixin.py:137} INFO - [2025-08-27T07:53:52.276+0000] {dag.py:3441} INFO - Setting next_dagrun for example_dynamic_task_mapping to 2022-03-04T00:00:00+00:00, run_after=2022-03-05T00:00:00+00:00
[2025-08-27T07:53:52.284+0000] {processor.py:175} INFO - Processing /home/airflow/.local/lib/python3.7/site-packages/airflow/example_dags/example_dynamic_task_mapping.py took 0.041 seconds
[2025-08-27T08:23:39.492+0000] {processor.py:153} INFO - Started process (PID=20617) to work on /home/airflow/.local/lib/python3.7/site-packages/airflow/example_dags/example_dynamic_task_mapping.py
[2025-08-27T08:23:39.492+0000] {processor.py:743} INFO - Processing file /home/airflow/.local/lib/python3.7/site-packages/airflow/example_dags/example_dynamic_task_mapping.py for tasks to queue
[2025-08-27T08:23:39.493+0000] {logging_mixin.py:137} INFO - [2025-08-27T08:23:39.493+0000] {dagbag.py:538} INFO - Filling up the DagBag from /home/airflow/.local/lib/python3.7/site-packages/airflow/example_dags/example_dynamic_task_mapping.py
[2025-08-27T08:23:39.502+0000] {processor.py:753} INFO - DAG(s) dict_keys(['example_dynamic_task_mapping']) retrieved from /home/airflow/.local/lib/python3.7/site-packages/airflow/example_dags/example_dynamic_task_mapping.py
[2025-08-27T08:23:39.514+0000] {logging_mixin.py:137} INFO - [2025-08-27T08:23:39.514+0000] {dag.py:2690} INFO - Sync 1 DAGs
[2025-08-27T08:23:39.527+0000] {logging_mixin.py:137} INFO - [2025-08-27T08:23:39.527+0000] {dag.py:3441} INFO - Setting next_dagrun for example_dynamic_task_mapping to 2022-03-04T00:00:00+00:00, run_after=2022-03-05T00:00:00+00:00
[2025-08-27T08:23:39.538+0000] {processor.py:175} INFO - Processing /home/airflow/.local/lib/python3.7/site-packages/airflow/example_dags/example_dynamic_task_mapping.py took 0.047 seconds
[2025-08-27T09:35:50.713+0000] {processor.py:153} INFO - Started process (PID=20717) to work on /home/airflow/.local/lib/python3.7/site-packages/airflow/example_dags/example_dynamic_task_mapping.py
[2025-08-27T09:35:50.713+0000] {processor.py:743} INFO - Processing file /home/airflow/.local/lib/python3.7/site-packages/airflow/example_dags/example_dynamic_task_mapping.py for tasks to queue
[2025-08-27T09:35:50.714+0000] {logging_mixin.py:137} INFO - [2025-08-27T09:35:50.714+0000] {dagbag.py:538} INFO - Filling up the DagBag from /home/airflow/.local/lib/python3.7/site-packages/airflow/example_dags/example_dynamic_task_mapping.py
[2025-08-27T09:35:50.724+0000] {processor.py:753} INFO - DAG(s) dict_keys(['example_dynamic_task_mapping']) retrieved from /home/airflow/.local/lib/python3.7/site-packages/airflow/example_dags/example_dynamic_task_mapping.py
[2025-08-27T09:35:50.735+0000] {logging_mixin.py:137} INFO - [2025-08-27T09:35:50.735+0000] {dag.py:2690} INFO - Sync 1 DAGs
[2025-08-27T09:35:50.744+0000] {logging_mixin.py:137} INFO - [2025-08-27T09:35:50.744+0000] {dag.py:3441} INFO - Setting next_dagrun for example_dynamic_task_mapping to 2022-03-04T00:00:00+00:00, run_after=2022-03-05T00:00:00+00:00
[2025-08-27T09:35:50.752+0000] {processor.py:175} INFO - Processing /home/airflow/.local/lib/python3.7/site-packages/airflow/example_dags/example_dynamic_task_mapping.py took 0.041 seconds
[2025-08-27T09:36:49.574+0000] {processor.py:153} INFO - Started process (PID=20817) to work on /home/airflow/.local/lib/python3.7/site-packages/airflow/example_dags/example_dynamic_task_mapping.py
[2025-08-27T09:36:49.574+0000] {processor.py:743} INFO - Processing file /home/airflow/.local/lib/python3.7/site-packages/airflow/example_dags/example_dynamic_task_mapping.py for tasks to queue
[2025-08-27T09:36:49.574+0000] {logging_mixin.py:137} INFO - [2025-08-27T09:36:49.574+0000] {dagbag.py:538} INFO - Filling up the DagBag from /home/airflow/.local/lib/python3.7/site-packages/airflow/example_dags/example_dynamic_task_mapping.py
[2025-08-27T09:36:49.584+0000] {processor.py:753} INFO - DAG(s) dict_keys(['example_dynamic_task_mapping']) retrieved from /home/airflow/.local/lib/python3.7/site-packages/airflow/example_dags/example_dynamic_task_mapping.py
[2025-08-27T09:36:49.594+0000] {logging_mixin.py:137} INFO - [2025-08-27T09:36:49.594+0000] {dag.py:2690} INFO - Sync 1 DAGs
[2025-08-27T09:36:49.604+0000] {logging_mixin.py:137} INFO - [2025-08-27T09:36:49.603+0000] {dag.py:3441} INFO - Setting next_dagrun for example_dynamic_task_mapping to 2022-03-04T00:00:00+00:00, run_after=2022-03-05T00:00:00+00:00
[2025-08-27T09:36:49.610+0000] {processor.py:175} INFO - Processing /home/airflow/.local/lib/python3.7/site-packages/airflow/example_dags/example_dynamic_task_mapping.py took 0.038 seconds
[2025-08-27T09:38:52.880+0000] {processor.py:153} INFO - Started process (PID=20917) to work on /home/airflow/.local/lib/python3.7/site-packages/airflow/example_dags/example_dynamic_task_mapping.py
[2025-08-27T09:38:52.881+0000] {processor.py:743} INFO - Processing file /home/airflow/.local/lib/python3.7/site-packages/airflow/example_dags/example_dynamic_task_mapping.py for tasks to queue
[2025-08-27T09:38:52.881+0000] {logging_mixin.py:137} INFO - [2025-08-27T09:38:52.881+0000] {dagbag.py:538} INFO - Filling up the DagBag from /home/airflow/.local/lib/python3.7/site-packages/airflow/example_dags/example_dynamic_task_mapping.py
[2025-08-27T09:38:52.893+0000] {processor.py:753} INFO - DAG(s) dict_keys(['example_dynamic_task_mapping']) retrieved from /home/airflow/.local/lib/python3.7/site-packages/airflow/example_dags/example_dynamic_task_mapping.py
[2025-08-27T09:38:52.905+0000] {logging_mixin.py:137} INFO - [2025-08-27T09:38:52.905+0000] {dag.py:2690} INFO - Sync 1 DAGs
[2025-08-27T09:38:52.917+0000] {logging_mixin.py:137} INFO - [2025-08-27T09:38:52.916+0000] {dag.py:3441} INFO - Setting next_dagrun for example_dynamic_task_mapping to 2022-03-04T00:00:00+00:00, run_after=2022-03-05T00:00:00+00:00
[2025-08-27T09:38:52.925+0000] {processor.py:175} INFO - Processing /home/airflow/.local/lib/python3.7/site-packages/airflow/example_dags/example_dynamic_task_mapping.py took 0.047 seconds
[2025-08-27T09:39:38.948+0000] {processor.py:153} INFO - Started process (PID=20997) to work on /home/airflow/.local/lib/python3.7/site-packages/airflow/example_dags/example_dynamic_task_mapping.py
[2025-08-27T09:39:38.948+0000] {processor.py:743} INFO - Processing file /home/airflow/.local/lib/python3.7/site-packages/airflow/example_dags/example_dynamic_task_mapping.py for tasks to queue
[2025-08-27T09:39:38.949+0000] {logging_mixin.py:137} INFO - [2025-08-27T09:39:38.949+0000] {dagbag.py:538} INFO - Filling up the DagBag from /home/airflow/.local/lib/python3.7/site-packages/airflow/example_dags/example_dynamic_task_mapping.py
[2025-08-27T09:39:38.958+0000] {processor.py:753} INFO - DAG(s) dict_keys(['example_dynamic_task_mapping']) retrieved from /home/airflow/.local/lib/python3.7/site-packages/airflow/example_dags/example_dynamic_task_mapping.py
[2025-08-27T09:39:38.970+0000] {logging_mixin.py:137} INFO - [2025-08-27T09:39:38.970+0000] {dag.py:2690} INFO - Sync 1 DAGs
[2025-08-27T09:39:38.979+0000] {logging_mixin.py:137} INFO - [2025-08-27T09:39:38.979+0000] {dag.py:3441} INFO - Setting next_dagrun for example_dynamic_task_mapping to 2022-03-04T00:00:00+00:00, run_after=2022-03-05T00:00:00+00:00
[2025-08-27T09:39:38.986+0000] {processor.py:175} INFO - Processing /home/airflow/.local/lib/python3.7/site-packages/airflow/example_dags/example_dynamic_task_mapping.py took 0.040 seconds
[2025-08-27T09:50:06.529+0000] {processor.py:153} INFO - Started process (PID=21097) to work on /home/airflow/.local/lib/python3.7/site-packages/airflow/example_dags/example_dynamic_task_mapping.py
[2025-08-27T09:50:06.529+0000] {processor.py:743} INFO - Processing file /home/airflow/.local/lib/python3.7/site-packages/airflow/example_dags/example_dynamic_task_mapping.py for tasks to queue
[2025-08-27T09:50:06.530+0000] {logging_mixin.py:137} INFO - [2025-08-27T09:50:06.530+0000] {dagbag.py:538} INFO - Filling up the DagBag from /home/airflow/.local/lib/python3.7/site-packages/airflow/example_dags/example_dynamic_task_mapping.py
[2025-08-27T09:50:06.540+0000] {processor.py:753} INFO - DAG(s) dict_keys(['example_dynamic_task_mapping']) retrieved from /home/airflow/.local/lib/python3.7/site-packages/airflow/example_dags/example_dynamic_task_mapping.py
[2025-08-27T09:50:06.550+0000] {logging_mixin.py:137} INFO - [2025-08-27T09:50:06.550+0000] {dag.py:2690} INFO - Sync 1 DAGs
[2025-08-27T09:50:06.560+0000] {logging_mixin.py:137} INFO - [2025-08-27T09:50:06.560+0000] {dag.py:3441} INFO - Setting next_dagrun for example_dynamic_task_mapping to 2022-03-04T00:00:00+00:00, run_after=2022-03-05T00:00:00+00:00
[2025-08-27T09:50:06.567+0000] {processor.py:175} INFO - Processing /home/airflow/.local/lib/python3.7/site-packages/airflow/example_dags/example_dynamic_task_mapping.py took 0.040 seconds
[2025-08-27T11:12:46.243+0000] {processor.py:153} INFO - Started process (PID=21197) to work on /home/airflow/.local/lib/python3.7/site-packages/airflow/example_dags/example_dynamic_task_mapping.py
[2025-08-27T11:12:46.244+0000] {processor.py:743} INFO - Processing file /home/airflow/.local/lib/python3.7/site-packages/airflow/example_dags/example_dynamic_task_mapping.py for tasks to queue
[2025-08-27T11:12:46.245+0000] {logging_mixin.py:137} INFO - [2025-08-27T11:12:46.245+0000] {dagbag.py:538} INFO - Filling up the DagBag from /home/airflow/.local/lib/python3.7/site-packages/airflow/example_dags/example_dynamic_task_mapping.py
[2025-08-27T11:12:46.269+0000] {processor.py:753} INFO - DAG(s) dict_keys(['example_dynamic_task_mapping']) retrieved from /home/airflow/.local/lib/python3.7/site-packages/airflow/example_dags/example_dynamic_task_mapping.py
[2025-08-27T11:12:46.285+0000] {logging_mixin.py:137} INFO - [2025-08-27T11:12:46.285+0000] {dag.py:2690} INFO - Sync 1 DAGs
[2025-08-27T11:12:46.298+0000] {logging_mixin.py:137} INFO - [2025-08-27T11:12:46.298+0000] {dag.py:3441} INFO - Setting next_dagrun for example_dynamic_task_mapping to 2022-03-04T00:00:00+00:00, run_after=2022-03-05T00:00:00+00:00
[2025-08-27T11:12:46.310+0000] {processor.py:175} INFO - Processing /home/airflow/.local/lib/python3.7/site-packages/airflow/example_dags/example_dynamic_task_mapping.py took 0.071 seconds
[2025-08-27T11:34:31.185+0000] {processor.py:153} INFO - Started process (PID=21277) to work on /home/airflow/.local/lib/python3.7/site-packages/airflow/example_dags/example_dynamic_task_mapping.py
[2025-08-27T11:34:31.186+0000] {processor.py:743} INFO - Processing file /home/airflow/.local/lib/python3.7/site-packages/airflow/example_dags/example_dynamic_task_mapping.py for tasks to queue
[2025-08-27T11:34:31.186+0000] {logging_mixin.py:137} INFO - [2025-08-27T11:34:31.186+0000] {dagbag.py:538} INFO - Filling up the DagBag from /home/airflow/.local/lib/python3.7/site-packages/airflow/example_dags/example_dynamic_task_mapping.py
[2025-08-27T11:34:31.194+0000] {processor.py:753} INFO - DAG(s) dict_keys(['example_dynamic_task_mapping']) retrieved from /home/airflow/.local/lib/python3.7/site-packages/airflow/example_dags/example_dynamic_task_mapping.py
[2025-08-27T11:34:31.204+0000] {logging_mixin.py:137} INFO - [2025-08-27T11:34:31.204+0000] {dag.py:2690} INFO - Sync 1 DAGs
[2025-08-27T11:34:31.214+0000] {logging_mixin.py:137} INFO - [2025-08-27T11:34:31.214+0000] {dag.py:3441} INFO - Setting next_dagrun for example_dynamic_task_mapping to 2022-03-04T00:00:00+00:00, run_after=2022-03-05T00:00:00+00:00
[2025-08-27T11:34:31.220+0000] {processor.py:175} INFO - Processing /home/airflow/.local/lib/python3.7/site-packages/airflow/example_dags/example_dynamic_task_mapping.py took 0.036 seconds
[2025-08-27T11:51:13.159+0000] {processor.py:153} INFO - Started process (PID=21377) to work on /home/airflow/.local/lib/python3.7/site-packages/airflow/example_dags/example_dynamic_task_mapping.py
[2025-08-27T11:51:13.160+0000] {processor.py:743} INFO - Processing file /home/airflow/.local/lib/python3.7/site-packages/airflow/example_dags/example_dynamic_task_mapping.py for tasks to queue
[2025-08-27T11:51:13.161+0000] {logging_mixin.py:137} INFO - [2025-08-27T11:51:13.161+0000] {dagbag.py:538} INFO - Filling up the DagBag from /home/airflow/.local/lib/python3.7/site-packages/airflow/example_dags/example_dynamic_task_mapping.py
[2025-08-27T11:51:13.174+0000] {processor.py:753} INFO - DAG(s) dict_keys(['example_dynamic_task_mapping']) retrieved from /home/airflow/.local/lib/python3.7/site-packages/airflow/example_dags/example_dynamic_task_mapping.py
[2025-08-27T11:51:13.190+0000] {logging_mixin.py:137} INFO - [2025-08-27T11:51:13.190+0000] {dag.py:2690} INFO - Sync 1 DAGs
[2025-08-27T11:51:13.203+0000] {logging_mixin.py:137} INFO - [2025-08-27T11:51:13.203+0000] {dag.py:3441} INFO - Setting next_dagrun for example_dynamic_task_mapping to 2022-03-04T00:00:00+00:00, run_after=2022-03-05T00:00:00+00:00
[2025-08-27T11:51:13.214+0000] {processor.py:175} INFO - Processing /home/airflow/.local/lib/python3.7/site-packages/airflow/example_dags/example_dynamic_task_mapping.py took 0.057 seconds
[2025-08-27T11:53:11.735+0000] {processor.py:153} INFO - Started process (PID=21477) to work on /home/airflow/.local/lib/python3.7/site-packages/airflow/example_dags/example_dynamic_task_mapping.py
[2025-08-27T11:53:11.735+0000] {processor.py:743} INFO - Processing file /home/airflow/.local/lib/python3.7/site-packages/airflow/example_dags/example_dynamic_task_mapping.py for tasks to queue
[2025-08-27T11:53:11.735+0000] {logging_mixin.py:137} INFO - [2025-08-27T11:53:11.735+0000] {dagbag.py:538} INFO - Filling up the DagBag from /home/airflow/.local/lib/python3.7/site-packages/airflow/example_dags/example_dynamic_task_mapping.py
[2025-08-27T11:53:11.745+0000] {processor.py:753} INFO - DAG(s) dict_keys(['example_dynamic_task_mapping']) retrieved from /home/airflow/.local/lib/python3.7/site-packages/airflow/example_dags/example_dynamic_task_mapping.py
[2025-08-27T11:53:11.754+0000] {logging_mixin.py:137} INFO - [2025-08-27T11:53:11.754+0000] {dag.py:2690} INFO - Sync 1 DAGs
[2025-08-27T11:53:11.764+0000] {logging_mixin.py:137} INFO - [2025-08-27T11:53:11.764+0000] {dag.py:3441} INFO - Setting next_dagrun for example_dynamic_task_mapping to 2022-03-04T00:00:00+00:00, run_after=2022-03-05T00:00:00+00:00
[2025-08-27T11:53:11.771+0000] {processor.py:175} INFO - Processing /home/airflow/.local/lib/python3.7/site-packages/airflow/example_dags/example_dynamic_task_mapping.py took 0.037 seconds
[2025-08-27T11:58:53.196+0000] {processor.py:153} INFO - Started process (PID=21577) to work on /home/airflow/.local/lib/python3.7/site-packages/airflow/example_dags/example_dynamic_task_mapping.py
[2025-08-27T11:58:53.197+0000] {processor.py:743} INFO - Processing file /home/airflow/.local/lib/python3.7/site-packages/airflow/example_dags/example_dynamic_task_mapping.py for tasks to queue
[2025-08-27T11:58:53.197+0000] {logging_mixin.py:137} INFO - [2025-08-27T11:58:53.197+0000] {dagbag.py:538} INFO - Filling up the DagBag from /home/airflow/.local/lib/python3.7/site-packages/airflow/example_dags/example_dynamic_task_mapping.py
[2025-08-27T11:58:53.217+0000] {processor.py:753} INFO - DAG(s) dict_keys(['example_dynamic_task_mapping']) retrieved from /home/airflow/.local/lib/python3.7/site-packages/airflow/example_dags/example_dynamic_task_mapping.py
[2025-08-27T11:58:53.237+0000] {logging_mixin.py:137} INFO - [2025-08-27T11:58:53.237+0000] {dag.py:2690} INFO - Sync 1 DAGs
[2025-08-27T11:58:53.253+0000] {logging_mixin.py:137} INFO - [2025-08-27T11:58:53.253+0000] {dag.py:3441} INFO - Setting next_dagrun for example_dynamic_task_mapping to 2022-03-04T00:00:00+00:00, run_after=2022-03-05T00:00:00+00:00
[2025-08-27T11:58:53.265+0000] {processor.py:175} INFO - Processing /home/airflow/.local/lib/python3.7/site-packages/airflow/example_dags/example_dynamic_task_mapping.py took 0.073 seconds
[2025-08-27T12:11:20.407+0000] {processor.py:153} INFO - Started process (PID=21657) to work on /home/airflow/.local/lib/python3.7/site-packages/airflow/example_dags/example_dynamic_task_mapping.py
[2025-08-27T12:11:20.408+0000] {processor.py:743} INFO - Processing file /home/airflow/.local/lib/python3.7/site-packages/airflow/example_dags/example_dynamic_task_mapping.py for tasks to queue
[2025-08-27T12:11:20.408+0000] {logging_mixin.py:137} INFO - [2025-08-27T12:11:20.408+0000] {dagbag.py:538} INFO - Filling up the DagBag from /home/airflow/.local/lib/python3.7/site-packages/airflow/example_dags/example_dynamic_task_mapping.py
[2025-08-27T12:11:20.419+0000] {processor.py:753} INFO - DAG(s) dict_keys(['example_dynamic_task_mapping']) retrieved from /home/airflow/.local/lib/python3.7/site-packages/airflow/example_dags/example_dynamic_task_mapping.py
[2025-08-27T12:11:20.430+0000] {logging_mixin.py:137} INFO - [2025-08-27T12:11:20.430+0000] {dag.py:2690} INFO - Sync 1 DAGs
[2025-08-27T12:11:20.439+0000] {logging_mixin.py:137} INFO - [2025-08-27T12:11:20.439+0000] {dag.py:3441} INFO - Setting next_dagrun for example_dynamic_task_mapping to 2022-03-04T00:00:00+00:00, run_after=2022-03-05T00:00:00+00:00
[2025-08-27T12:11:20.445+0000] {processor.py:175} INFO - Processing /home/airflow/.local/lib/python3.7/site-packages/airflow/example_dags/example_dynamic_task_mapping.py took 0.039 seconds
[2025-08-27T12:14:24.610+0000] {processor.py:153} INFO - Started process (PID=21757) to work on /home/airflow/.local/lib/python3.7/site-packages/airflow/example_dags/example_dynamic_task_mapping.py
[2025-08-27T12:14:24.611+0000] {processor.py:743} INFO - Processing file /home/airflow/.local/lib/python3.7/site-packages/airflow/example_dags/example_dynamic_task_mapping.py for tasks to queue
[2025-08-27T12:14:24.611+0000] {logging_mixin.py:137} INFO - [2025-08-27T12:14:24.611+0000] {dagbag.py:538} INFO - Filling up the DagBag from /home/airflow/.local/lib/python3.7/site-packages/airflow/example_dags/example_dynamic_task_mapping.py
[2025-08-27T12:14:24.624+0000] {processor.py:753} INFO - DAG(s) dict_keys(['example_dynamic_task_mapping']) retrieved from /home/airflow/.local/lib/python3.7/site-packages/airflow/example_dags/example_dynamic_task_mapping.py
[2025-08-27T12:14:24.638+0000] {logging_mixin.py:137} INFO - [2025-08-27T12:14:24.637+0000] {dag.py:2690} INFO - Sync 1 DAGs
[2025-08-27T12:14:24.649+0000] {logging_mixin.py:137} INFO - [2025-08-27T12:14:24.649+0000] {dag.py:3441} INFO - Setting next_dagrun for example_dynamic_task_mapping to 2022-03-04T00:00:00+00:00, run_after=2022-03-05T00:00:00+00:00
[2025-08-27T12:14:24.658+0000] {processor.py:175} INFO - Processing /home/airflow/.local/lib/python3.7/site-packages/airflow/example_dags/example_dynamic_task_mapping.py took 0.050 seconds
[2025-08-27T12:27:57.197+0000] {processor.py:153} INFO - Started process (PID=21857) to work on /home/airflow/.local/lib/python3.7/site-packages/airflow/example_dags/example_dynamic_task_mapping.py
[2025-08-27T12:27:57.197+0000] {processor.py:743} INFO - Processing file /home/airflow/.local/lib/python3.7/site-packages/airflow/example_dags/example_dynamic_task_mapping.py for tasks to queue
[2025-08-27T12:27:57.198+0000] {logging_mixin.py:137} INFO - [2025-08-27T12:27:57.198+0000] {dagbag.py:538} INFO - Filling up the DagBag from /home/airflow/.local/lib/python3.7/site-packages/airflow/example_dags/example_dynamic_task_mapping.py
[2025-08-27T12:27:57.209+0000] {processor.py:753} INFO - DAG(s) dict_keys(['example_dynamic_task_mapping']) retrieved from /home/airflow/.local/lib/python3.7/site-packages/airflow/example_dags/example_dynamic_task_mapping.py
[2025-08-27T12:27:57.222+0000] {logging_mixin.py:137} INFO - [2025-08-27T12:27:57.222+0000] {dag.py:2690} INFO - Sync 1 DAGs
[2025-08-27T12:27:57.233+0000] {logging_mixin.py:137} INFO - [2025-08-27T12:27:57.233+0000] {dag.py:3441} INFO - Setting next_dagrun for example_dynamic_task_mapping to 2022-03-04T00:00:00+00:00, run_after=2022-03-05T00:00:00+00:00
[2025-08-27T12:27:57.240+0000] {processor.py:175} INFO - Processing /home/airflow/.local/lib/python3.7/site-packages/airflow/example_dags/example_dynamic_task_mapping.py took 0.045 seconds
[2025-08-27T12:38:25.434+0000] {processor.py:153} INFO - Started process (PID=21937) to work on /home/airflow/.local/lib/python3.7/site-packages/airflow/example_dags/example_dynamic_task_mapping.py
[2025-08-27T12:38:25.434+0000] {processor.py:743} INFO - Processing file /home/airflow/.local/lib/python3.7/site-packages/airflow/example_dags/example_dynamic_task_mapping.py for tasks to queue
[2025-08-27T12:38:25.438+0000] {logging_mixin.py:137} INFO - [2025-08-27T12:38:25.438+0000] {dagbag.py:538} INFO - Filling up the DagBag from /home/airflow/.local/lib/python3.7/site-packages/airflow/example_dags/example_dynamic_task_mapping.py
[2025-08-27T12:38:25.449+0000] {processor.py:753} INFO - DAG(s) dict_keys(['example_dynamic_task_mapping']) retrieved from /home/airflow/.local/lib/python3.7/site-packages/airflow/example_dags/example_dynamic_task_mapping.py
[2025-08-27T12:38:25.462+0000] {logging_mixin.py:137} INFO - [2025-08-27T12:38:25.462+0000] {dag.py:2690} INFO - Sync 1 DAGs
[2025-08-27T12:38:25.472+0000] {logging_mixin.py:137} INFO - [2025-08-27T12:38:25.472+0000] {dag.py:3441} INFO - Setting next_dagrun for example_dynamic_task_mapping to 2022-03-04T00:00:00+00:00, run_after=2022-03-05T00:00:00+00:00
[2025-08-27T12:38:25.481+0000] {processor.py:175} INFO - Processing /home/airflow/.local/lib/python3.7/site-packages/airflow/example_dags/example_dynamic_task_mapping.py took 0.049 seconds
[2025-08-27T12:57:12.286+0000] {processor.py:153} INFO - Started process (PID=22037) to work on /home/airflow/.local/lib/python3.7/site-packages/airflow/example_dags/example_dynamic_task_mapping.py
[2025-08-27T12:57:12.286+0000] {processor.py:743} INFO - Processing file /home/airflow/.local/lib/python3.7/site-packages/airflow/example_dags/example_dynamic_task_mapping.py for tasks to queue
[2025-08-27T12:57:12.288+0000] {logging_mixin.py:137} INFO - [2025-08-27T12:57:12.288+0000] {dagbag.py:538} INFO - Filling up the DagBag from /home/airflow/.local/lib/python3.7/site-packages/airflow/example_dags/example_dynamic_task_mapping.py
[2025-08-27T12:57:12.302+0000] {processor.py:753} INFO - DAG(s) dict_keys(['example_dynamic_task_mapping']) retrieved from /home/airflow/.local/lib/python3.7/site-packages/airflow/example_dags/example_dynamic_task_mapping.py
[2025-08-27T12:57:12.315+0000] {logging_mixin.py:137} INFO - [2025-08-27T12:57:12.315+0000] {dag.py:2690} INFO - Sync 1 DAGs
[2025-08-27T12:57:12.329+0000] {logging_mixin.py:137} INFO - [2025-08-27T12:57:12.329+0000] {dag.py:3441} INFO - Setting next_dagrun for example_dynamic_task_mapping to 2022-03-04T00:00:00+00:00, run_after=2022-03-05T00:00:00+00:00
[2025-08-27T12:57:12.337+0000] {processor.py:175} INFO - Processing /home/airflow/.local/lib/python3.7/site-packages/airflow/example_dags/example_dynamic_task_mapping.py took 0.054 seconds
[2025-08-27T12:57:42.830+0000] {processor.py:153} INFO - Started process (PID=22137) to work on /home/airflow/.local/lib/python3.7/site-packages/airflow/example_dags/example_dynamic_task_mapping.py
[2025-08-27T12:57:42.830+0000] {processor.py:743} INFO - Processing file /home/airflow/.local/lib/python3.7/site-packages/airflow/example_dags/example_dynamic_task_mapping.py for tasks to queue
[2025-08-27T12:57:42.831+0000] {logging_mixin.py:137} INFO - [2025-08-27T12:57:42.831+0000] {dagbag.py:538} INFO - Filling up the DagBag from /home/airflow/.local/lib/python3.7/site-packages/airflow/example_dags/example_dynamic_task_mapping.py
[2025-08-27T12:57:42.842+0000] {processor.py:753} INFO - DAG(s) dict_keys(['example_dynamic_task_mapping']) retrieved from /home/airflow/.local/lib/python3.7/site-packages/airflow/example_dags/example_dynamic_task_mapping.py
[2025-08-27T12:57:42.855+0000] {logging_mixin.py:137} INFO - [2025-08-27T12:57:42.855+0000] {dag.py:2690} INFO - Sync 1 DAGs
[2025-08-27T12:57:42.867+0000] {logging_mixin.py:137} INFO - [2025-08-27T12:57:42.867+0000] {dag.py:3441} INFO - Setting next_dagrun for example_dynamic_task_mapping to 2022-03-04T00:00:00+00:00, run_after=2022-03-05T00:00:00+00:00
[2025-08-27T12:57:42.878+0000] {processor.py:175} INFO - Processing /home/airflow/.local/lib/python3.7/site-packages/airflow/example_dags/example_dynamic_task_mapping.py took 0.051 seconds
[2025-08-27T13:27:10.640+0000] {processor.py:153} INFO - Started process (PID=22237) to work on /home/airflow/.local/lib/python3.7/site-packages/airflow/example_dags/example_dynamic_task_mapping.py
[2025-08-27T13:27:10.640+0000] {processor.py:743} INFO - Processing file /home/airflow/.local/lib/python3.7/site-packages/airflow/example_dags/example_dynamic_task_mapping.py for tasks to queue
[2025-08-27T13:27:10.641+0000] {logging_mixin.py:137} INFO - [2025-08-27T13:27:10.641+0000] {dagbag.py:538} INFO - Filling up the DagBag from /home/airflow/.local/lib/python3.7/site-packages/airflow/example_dags/example_dynamic_task_mapping.py
[2025-08-27T13:27:10.654+0000] {processor.py:753} INFO - DAG(s) dict_keys(['example_dynamic_task_mapping']) retrieved from /home/airflow/.local/lib/python3.7/site-packages/airflow/example_dags/example_dynamic_task_mapping.py
[2025-08-27T13:27:10.666+0000] {logging_mixin.py:137} INFO - [2025-08-27T13:27:10.666+0000] {dag.py:2690} INFO - Sync 1 DAGs
[2025-08-27T13:27:10.677+0000] {logging_mixin.py:137} INFO - [2025-08-27T13:27:10.677+0000] {dag.py:3441} INFO - Setting next_dagrun for example_dynamic_task_mapping to 2022-03-04T00:00:00+00:00, run_after=2022-03-05T00:00:00+00:00
[2025-08-27T13:27:10.685+0000] {processor.py:175} INFO - Processing /home/airflow/.local/lib/python3.7/site-packages/airflow/example_dags/example_dynamic_task_mapping.py took 0.048 seconds
[2025-08-27T13:30:12.774+0000] {processor.py:153} INFO - Started process (PID=22317) to work on /home/airflow/.local/lib/python3.7/site-packages/airflow/example_dags/example_dynamic_task_mapping.py
[2025-08-27T13:30:12.774+0000] {processor.py:743} INFO - Processing file /home/airflow/.local/lib/python3.7/site-packages/airflow/example_dags/example_dynamic_task_mapping.py for tasks to queue
[2025-08-27T13:30:12.775+0000] {logging_mixin.py:137} INFO - [2025-08-27T13:30:12.775+0000] {dagbag.py:538} INFO - Filling up the DagBag from /home/airflow/.local/lib/python3.7/site-packages/airflow/example_dags/example_dynamic_task_mapping.py
[2025-08-27T13:30:12.787+0000] {processor.py:753} INFO - DAG(s) dict_keys(['example_dynamic_task_mapping']) retrieved from /home/airflow/.local/lib/python3.7/site-packages/airflow/example_dags/example_dynamic_task_mapping.py
[2025-08-27T13:30:12.799+0000] {logging_mixin.py:137} INFO - [2025-08-27T13:30:12.798+0000] {dag.py:2690} INFO - Sync 1 DAGs
[2025-08-27T13:30:12.810+0000] {logging_mixin.py:137} INFO - [2025-08-27T13:30:12.810+0000] {dag.py:3441} INFO - Setting next_dagrun for example_dynamic_task_mapping to 2022-03-04T00:00:00+00:00, run_after=2022-03-05T00:00:00+00:00
[2025-08-27T13:30:12.820+0000] {processor.py:175} INFO - Processing /home/airflow/.local/lib/python3.7/site-packages/airflow/example_dags/example_dynamic_task_mapping.py took 0.048 seconds
[2025-08-27T13:37:06.764+0000] {processor.py:153} INFO - Started process (PID=22417) to work on /home/airflow/.local/lib/python3.7/site-packages/airflow/example_dags/example_dynamic_task_mapping.py
[2025-08-27T13:37:06.764+0000] {processor.py:743} INFO - Processing file /home/airflow/.local/lib/python3.7/site-packages/airflow/example_dags/example_dynamic_task_mapping.py for tasks to queue
[2025-08-27T13:37:06.766+0000] {logging_mixin.py:137} INFO - [2025-08-27T13:37:06.766+0000] {dagbag.py:538} INFO - Filling up the DagBag from /home/airflow/.local/lib/python3.7/site-packages/airflow/example_dags/example_dynamic_task_mapping.py
[2025-08-27T13:37:06.783+0000] {processor.py:753} INFO - DAG(s) dict_keys(['example_dynamic_task_mapping']) retrieved from /home/airflow/.local/lib/python3.7/site-packages/airflow/example_dags/example_dynamic_task_mapping.py
[2025-08-27T13:37:06.803+0000] {logging_mixin.py:137} INFO - [2025-08-27T13:37:06.803+0000] {dag.py:2690} INFO - Sync 1 DAGs
[2025-08-27T13:37:06.815+0000] {logging_mixin.py:137} INFO - [2025-08-27T13:37:06.815+0000] {dag.py:3441} INFO - Setting next_dagrun for example_dynamic_task_mapping to 2022-03-04T00:00:00+00:00, run_after=2022-03-05T00:00:00+00:00
[2025-08-27T13:37:06.824+0000] {processor.py:175} INFO - Processing /home/airflow/.local/lib/python3.7/site-packages/airflow/example_dags/example_dynamic_task_mapping.py took 0.063 seconds
[2025-08-27T13:51:01.389+0000] {processor.py:153} INFO - Started process (PID=22517) to work on /home/airflow/.local/lib/python3.7/site-packages/airflow/example_dags/example_dynamic_task_mapping.py
[2025-08-27T13:51:01.390+0000] {processor.py:743} INFO - Processing file /home/airflow/.local/lib/python3.7/site-packages/airflow/example_dags/example_dynamic_task_mapping.py for tasks to queue
[2025-08-27T13:51:01.390+0000] {logging_mixin.py:137} INFO - [2025-08-27T13:51:01.390+0000] {dagbag.py:538} INFO - Filling up the DagBag from /home/airflow/.local/lib/python3.7/site-packages/airflow/example_dags/example_dynamic_task_mapping.py
[2025-08-27T13:51:01.400+0000] {processor.py:753} INFO - DAG(s) dict_keys(['example_dynamic_task_mapping']) retrieved from /home/airflow/.local/lib/python3.7/site-packages/airflow/example_dags/example_dynamic_task_mapping.py
[2025-08-27T13:51:01.410+0000] {logging_mixin.py:137} INFO - [2025-08-27T13:51:01.410+0000] {dag.py:2690} INFO - Sync 1 DAGs
[2025-08-27T13:51:01.419+0000] {logging_mixin.py:137} INFO - [2025-08-27T13:51:01.419+0000] {dag.py:3441} INFO - Setting next_dagrun for example_dynamic_task_mapping to 2022-03-04T00:00:00+00:00, run_after=2022-03-05T00:00:00+00:00
[2025-08-27T13:51:01.425+0000] {processor.py:175} INFO - Processing /home/airflow/.local/lib/python3.7/site-packages/airflow/example_dags/example_dynamic_task_mapping.py took 0.038 seconds
[2025-08-27T14:01:05.925+0000] {processor.py:153} INFO - Started process (PID=22597) to work on /home/airflow/.local/lib/python3.7/site-packages/airflow/example_dags/example_dynamic_task_mapping.py
[2025-08-27T14:01:05.926+0000] {processor.py:743} INFO - Processing file /home/airflow/.local/lib/python3.7/site-packages/airflow/example_dags/example_dynamic_task_mapping.py for tasks to queue
[2025-08-27T14:01:05.926+0000] {logging_mixin.py:137} INFO - [2025-08-27T14:01:05.926+0000] {dagbag.py:538} INFO - Filling up the DagBag from /home/airflow/.local/lib/python3.7/site-packages/airflow/example_dags/example_dynamic_task_mapping.py
[2025-08-27T14:01:05.939+0000] {processor.py:753} INFO - DAG(s) dict_keys(['example_dynamic_task_mapping']) retrieved from /home/airflow/.local/lib/python3.7/site-packages/airflow/example_dags/example_dynamic_task_mapping.py
[2025-08-27T14:01:05.955+0000] {logging_mixin.py:137} INFO - [2025-08-27T14:01:05.954+0000] {dag.py:2690} INFO - Sync 1 DAGs
[2025-08-27T14:01:05.965+0000] {logging_mixin.py:137} INFO - [2025-08-27T14:01:05.965+0000] {dag.py:3441} INFO - Setting next_dagrun for example_dynamic_task_mapping to 2022-03-04T00:00:00+00:00, run_after=2022-03-05T00:00:00+00:00
[2025-08-27T14:01:05.974+0000] {processor.py:175} INFO - Processing /home/airflow/.local/lib/python3.7/site-packages/airflow/example_dags/example_dynamic_task_mapping.py took 0.050 seconds
[2025-08-27T14:41:12.447+0000] {processor.py:153} INFO - Started process (PID=22697) to work on /home/airflow/.local/lib/python3.7/site-packages/airflow/example_dags/example_dynamic_task_mapping.py
[2025-08-27T14:41:12.450+0000] {processor.py:743} INFO - Processing file /home/airflow/.local/lib/python3.7/site-packages/airflow/example_dags/example_dynamic_task_mapping.py for tasks to queue
[2025-08-27T14:41:12.451+0000] {logging_mixin.py:137} INFO - [2025-08-27T14:41:12.451+0000] {dagbag.py:538} INFO - Filling up the DagBag from /home/airflow/.local/lib/python3.7/site-packages/airflow/example_dags/example_dynamic_task_mapping.py
[2025-08-27T14:41:12.460+0000] {processor.py:753} INFO - DAG(s) dict_keys(['example_dynamic_task_mapping']) retrieved from /home/airflow/.local/lib/python3.7/site-packages/airflow/example_dags/example_dynamic_task_mapping.py
[2025-08-27T14:41:12.471+0000] {logging_mixin.py:137} INFO - [2025-08-27T14:41:12.471+0000] {dag.py:2690} INFO - Sync 1 DAGs
[2025-08-27T14:41:12.483+0000] {logging_mixin.py:137} INFO - [2025-08-27T14:41:12.483+0000] {dag.py:3441} INFO - Setting next_dagrun for example_dynamic_task_mapping to 2022-03-04T00:00:00+00:00, run_after=2022-03-05T00:00:00+00:00
[2025-08-27T14:41:12.492+0000] {processor.py:175} INFO - Processing /home/airflow/.local/lib/python3.7/site-packages/airflow/example_dags/example_dynamic_task_mapping.py took 0.047 seconds
[2025-08-27T14:43:54.308+0000] {processor.py:153} INFO - Started process (PID=22797) to work on /home/airflow/.local/lib/python3.7/site-packages/airflow/example_dags/example_dynamic_task_mapping.py
[2025-08-27T14:43:54.308+0000] {processor.py:743} INFO - Processing file /home/airflow/.local/lib/python3.7/site-packages/airflow/example_dags/example_dynamic_task_mapping.py for tasks to queue
[2025-08-27T14:43:54.309+0000] {logging_mixin.py:137} INFO - [2025-08-27T14:43:54.309+0000] {dagbag.py:538} INFO - Filling up the DagBag from /home/airflow/.local/lib/python3.7/site-packages/airflow/example_dags/example_dynamic_task_mapping.py
[2025-08-27T14:43:54.326+0000] {processor.py:753} INFO - DAG(s) dict_keys(['example_dynamic_task_mapping']) retrieved from /home/airflow/.local/lib/python3.7/site-packages/airflow/example_dags/example_dynamic_task_mapping.py
[2025-08-27T14:43:54.338+0000] {logging_mixin.py:137} INFO - [2025-08-27T14:43:54.338+0000] {dag.py:2690} INFO - Sync 1 DAGs
[2025-08-27T14:43:54.350+0000] {logging_mixin.py:137} INFO - [2025-08-27T14:43:54.349+0000] {dag.py:3441} INFO - Setting next_dagrun for example_dynamic_task_mapping to 2022-03-04T00:00:00+00:00, run_after=2022-03-05T00:00:00+00:00
[2025-08-27T14:43:54.357+0000] {processor.py:175} INFO - Processing /home/airflow/.local/lib/python3.7/site-packages/airflow/example_dags/example_dynamic_task_mapping.py took 0.052 seconds
[2025-08-27T14:54:31.600+0000] {processor.py:153} INFO - Started process (PID=22897) to work on /home/airflow/.local/lib/python3.7/site-packages/airflow/example_dags/example_dynamic_task_mapping.py
[2025-08-27T14:54:31.600+0000] {processor.py:743} INFO - Processing file /home/airflow/.local/lib/python3.7/site-packages/airflow/example_dags/example_dynamic_task_mapping.py for tasks to queue
[2025-08-27T14:54:31.601+0000] {logging_mixin.py:137} INFO - [2025-08-27T14:54:31.601+0000] {dagbag.py:538} INFO - Filling up the DagBag from /home/airflow/.local/lib/python3.7/site-packages/airflow/example_dags/example_dynamic_task_mapping.py
[2025-08-27T14:54:31.615+0000] {processor.py:753} INFO - DAG(s) dict_keys(['example_dynamic_task_mapping']) retrieved from /home/airflow/.local/lib/python3.7/site-packages/airflow/example_dags/example_dynamic_task_mapping.py
[2025-08-27T14:54:31.629+0000] {logging_mixin.py:137} INFO - [2025-08-27T14:54:31.629+0000] {dag.py:2690} INFO - Sync 1 DAGs
[2025-08-27T14:54:31.640+0000] {logging_mixin.py:137} INFO - [2025-08-27T14:54:31.640+0000] {dag.py:3441} INFO - Setting next_dagrun for example_dynamic_task_mapping to 2022-03-04T00:00:00+00:00, run_after=2022-03-05T00:00:00+00:00
[2025-08-27T14:54:31.652+0000] {processor.py:175} INFO - Processing /home/airflow/.local/lib/python3.7/site-packages/airflow/example_dags/example_dynamic_task_mapping.py took 0.054 seconds
[2025-08-27T15:01:39.052+0000] {processor.py:153} INFO - Started process (PID=22977) to work on /home/airflow/.local/lib/python3.7/site-packages/airflow/example_dags/example_dynamic_task_mapping.py
[2025-08-27T15:01:39.053+0000] {processor.py:743} INFO - Processing file /home/airflow/.local/lib/python3.7/site-packages/airflow/example_dags/example_dynamic_task_mapping.py for tasks to queue
[2025-08-27T15:01:39.054+0000] {logging_mixin.py:137} INFO - [2025-08-27T15:01:39.054+0000] {dagbag.py:538} INFO - Filling up the DagBag from /home/airflow/.local/lib/python3.7/site-packages/airflow/example_dags/example_dynamic_task_mapping.py
[2025-08-27T15:01:39.070+0000] {processor.py:753} INFO - DAG(s) dict_keys(['example_dynamic_task_mapping']) retrieved from /home/airflow/.local/lib/python3.7/site-packages/airflow/example_dags/example_dynamic_task_mapping.py
[2025-08-27T15:01:39.082+0000] {logging_mixin.py:137} INFO - [2025-08-27T15:01:39.082+0000] {dag.py:2690} INFO - Sync 1 DAGs
[2025-08-27T15:01:39.093+0000] {logging_mixin.py:137} INFO - [2025-08-27T15:01:39.093+0000] {dag.py:3441} INFO - Setting next_dagrun for example_dynamic_task_mapping to 2022-03-04T00:00:00+00:00, run_after=2022-03-05T00:00:00+00:00
[2025-08-27T15:01:39.101+0000] {processor.py:175} INFO - Processing /home/airflow/.local/lib/python3.7/site-packages/airflow/example_dags/example_dynamic_task_mapping.py took 0.052 seconds
[2025-08-27T15:08:09.478+0000] {processor.py:153} INFO - Started process (PID=23077) to work on /home/airflow/.local/lib/python3.7/site-packages/airflow/example_dags/example_dynamic_task_mapping.py
[2025-08-27T15:08:09.478+0000] {processor.py:743} INFO - Processing file /home/airflow/.local/lib/python3.7/site-packages/airflow/example_dags/example_dynamic_task_mapping.py for tasks to queue
[2025-08-27T15:08:09.479+0000] {logging_mixin.py:137} INFO - [2025-08-27T15:08:09.479+0000] {dagbag.py:538} INFO - Filling up the DagBag from /home/airflow/.local/lib/python3.7/site-packages/airflow/example_dags/example_dynamic_task_mapping.py
[2025-08-27T15:08:09.496+0000] {processor.py:753} INFO - DAG(s) dict_keys(['example_dynamic_task_mapping']) retrieved from /home/airflow/.local/lib/python3.7/site-packages/airflow/example_dags/example_dynamic_task_mapping.py
[2025-08-27T15:08:09.513+0000] {logging_mixin.py:137} INFO - [2025-08-27T15:08:09.513+0000] {dag.py:2690} INFO - Sync 1 DAGs
[2025-08-27T15:08:09.531+0000] {logging_mixin.py:137} INFO - [2025-08-27T15:08:09.531+0000] {dag.py:3441} INFO - Setting next_dagrun for example_dynamic_task_mapping to 2022-03-04T00:00:00+00:00, run_after=2022-03-05T00:00:00+00:00
[2025-08-27T15:08:09.543+0000] {processor.py:175} INFO - Processing /home/airflow/.local/lib/python3.7/site-packages/airflow/example_dags/example_dynamic_task_mapping.py took 0.068 seconds
[2025-08-27T15:18:52.105+0000] {processor.py:153} INFO - Started process (PID=23177) to work on /home/airflow/.local/lib/python3.7/site-packages/airflow/example_dags/example_dynamic_task_mapping.py
[2025-08-27T15:18:52.105+0000] {processor.py:743} INFO - Processing file /home/airflow/.local/lib/python3.7/site-packages/airflow/example_dags/example_dynamic_task_mapping.py for tasks to queue
[2025-08-27T15:18:52.105+0000] {logging_mixin.py:137} INFO - [2025-08-27T15:18:52.105+0000] {dagbag.py:538} INFO - Filling up the DagBag from /home/airflow/.local/lib/python3.7/site-packages/airflow/example_dags/example_dynamic_task_mapping.py
[2025-08-27T15:18:52.115+0000] {processor.py:753} INFO - DAG(s) dict_keys(['example_dynamic_task_mapping']) retrieved from /home/airflow/.local/lib/python3.7/site-packages/airflow/example_dags/example_dynamic_task_mapping.py
[2025-08-27T15:18:52.126+0000] {logging_mixin.py:137} INFO - [2025-08-27T15:18:52.126+0000] {dag.py:2690} INFO - Sync 1 DAGs
[2025-08-27T15:18:52.135+0000] {logging_mixin.py:137} INFO - [2025-08-27T15:18:52.135+0000] {dag.py:3441} INFO - Setting next_dagrun for example_dynamic_task_mapping to 2022-03-04T00:00:00+00:00, run_after=2022-03-05T00:00:00+00:00
[2025-08-27T15:18:52.141+0000] {processor.py:175} INFO - Processing /home/airflow/.local/lib/python3.7/site-packages/airflow/example_dags/example_dynamic_task_mapping.py took 0.039 seconds
[2025-08-27T15:19:36.790+0000] {processor.py:153} INFO - Started process (PID=23257) to work on /home/airflow/.local/lib/python3.7/site-packages/airflow/example_dags/example_dynamic_task_mapping.py
[2025-08-27T15:19:36.790+0000] {processor.py:743} INFO - Processing file /home/airflow/.local/lib/python3.7/site-packages/airflow/example_dags/example_dynamic_task_mapping.py for tasks to queue
[2025-08-27T15:19:36.791+0000] {logging_mixin.py:137} INFO - [2025-08-27T15:19:36.791+0000] {dagbag.py:538} INFO - Filling up the DagBag from /home/airflow/.local/lib/python3.7/site-packages/airflow/example_dags/example_dynamic_task_mapping.py
[2025-08-27T15:19:36.801+0000] {processor.py:753} INFO - DAG(s) dict_keys(['example_dynamic_task_mapping']) retrieved from /home/airflow/.local/lib/python3.7/site-packages/airflow/example_dags/example_dynamic_task_mapping.py
[2025-08-27T15:19:36.811+0000] {logging_mixin.py:137} INFO - [2025-08-27T15:19:36.811+0000] {dag.py:2690} INFO - Sync 1 DAGs
[2025-08-27T15:19:36.821+0000] {logging_mixin.py:137} INFO - [2025-08-27T15:19:36.821+0000] {dag.py:3441} INFO - Setting next_dagrun for example_dynamic_task_mapping to 2022-03-04T00:00:00+00:00, run_after=2022-03-05T00:00:00+00:00
[2025-08-27T15:19:36.827+0000] {processor.py:175} INFO - Processing /home/airflow/.local/lib/python3.7/site-packages/airflow/example_dags/example_dynamic_task_mapping.py took 0.039 seconds
[2025-08-27T15:21:52.758+0000] {processor.py:153} INFO - Started process (PID=23357) to work on /home/airflow/.local/lib/python3.7/site-packages/airflow/example_dags/example_dynamic_task_mapping.py
[2025-08-27T15:21:52.758+0000] {processor.py:743} INFO - Processing file /home/airflow/.local/lib/python3.7/site-packages/airflow/example_dags/example_dynamic_task_mapping.py for tasks to queue
[2025-08-27T15:21:52.758+0000] {logging_mixin.py:137} INFO - [2025-08-27T15:21:52.758+0000] {dagbag.py:538} INFO - Filling up the DagBag from /home/airflow/.local/lib/python3.7/site-packages/airflow/example_dags/example_dynamic_task_mapping.py
[2025-08-27T15:21:52.767+0000] {processor.py:753} INFO - DAG(s) dict_keys(['example_dynamic_task_mapping']) retrieved from /home/airflow/.local/lib/python3.7/site-packages/airflow/example_dags/example_dynamic_task_mapping.py
[2025-08-27T15:21:52.776+0000] {logging_mixin.py:137} INFO - [2025-08-27T15:21:52.776+0000] {dag.py:2690} INFO - Sync 1 DAGs
[2025-08-27T15:21:52.786+0000] {logging_mixin.py:137} INFO - [2025-08-27T15:21:52.786+0000] {dag.py:3441} INFO - Setting next_dagrun for example_dynamic_task_mapping to 2022-03-04T00:00:00+00:00, run_after=2022-03-05T00:00:00+00:00
[2025-08-27T15:21:52.793+0000] {processor.py:175} INFO - Processing /home/airflow/.local/lib/python3.7/site-packages/airflow/example_dags/example_dynamic_task_mapping.py took 0.037 seconds
[2025-08-27T15:25:58.677+0000] {processor.py:153} INFO - Started process (PID=23457) to work on /home/airflow/.local/lib/python3.7/site-packages/airflow/example_dags/example_dynamic_task_mapping.py
[2025-08-27T15:25:58.677+0000] {processor.py:743} INFO - Processing file /home/airflow/.local/lib/python3.7/site-packages/airflow/example_dags/example_dynamic_task_mapping.py for tasks to queue
[2025-08-27T15:25:58.678+0000] {logging_mixin.py:137} INFO - [2025-08-27T15:25:58.678+0000] {dagbag.py:538} INFO - Filling up the DagBag from /home/airflow/.local/lib/python3.7/site-packages/airflow/example_dags/example_dynamic_task_mapping.py
[2025-08-27T15:25:58.694+0000] {processor.py:753} INFO - DAG(s) dict_keys(['example_dynamic_task_mapping']) retrieved from /home/airflow/.local/lib/python3.7/site-packages/airflow/example_dags/example_dynamic_task_mapping.py
[2025-08-27T15:25:58.710+0000] {logging_mixin.py:137} INFO - [2025-08-27T15:25:58.710+0000] {dag.py:2690} INFO - Sync 1 DAGs
[2025-08-27T15:25:58.726+0000] {logging_mixin.py:137} INFO - [2025-08-27T15:25:58.726+0000] {dag.py:3441} INFO - Setting next_dagrun for example_dynamic_task_mapping to 2022-03-04T00:00:00+00:00, run_after=2022-03-05T00:00:00+00:00
[2025-08-27T15:25:58.735+0000] {processor.py:175} INFO - Processing /home/airflow/.local/lib/python3.7/site-packages/airflow/example_dags/example_dynamic_task_mapping.py took 0.061 seconds
[2025-08-27T16:00:39.959+0000] {processor.py:153} INFO - Started process (PID=23557) to work on /home/airflow/.local/lib/python3.7/site-packages/airflow/example_dags/example_dynamic_task_mapping.py
[2025-08-27T16:00:39.959+0000] {processor.py:743} INFO - Processing file /home/airflow/.local/lib/python3.7/site-packages/airflow/example_dags/example_dynamic_task_mapping.py for tasks to queue
[2025-08-27T16:00:39.960+0000] {logging_mixin.py:137} INFO - [2025-08-27T16:00:39.960+0000] {dagbag.py:538} INFO - Filling up the DagBag from /home/airflow/.local/lib/python3.7/site-packages/airflow/example_dags/example_dynamic_task_mapping.py
[2025-08-27T16:00:39.975+0000] {processor.py:753} INFO - DAG(s) dict_keys(['example_dynamic_task_mapping']) retrieved from /home/airflow/.local/lib/python3.7/site-packages/airflow/example_dags/example_dynamic_task_mapping.py
[2025-08-27T16:00:39.989+0000] {logging_mixin.py:137} INFO - [2025-08-27T16:00:39.989+0000] {dag.py:2690} INFO - Sync 1 DAGs
[2025-08-27T16:00:40.001+0000] {logging_mixin.py:137} INFO - [2025-08-27T16:00:40.001+0000] {dag.py:3441} INFO - Setting next_dagrun for example_dynamic_task_mapping to 2022-03-04T00:00:00+00:00, run_after=2022-03-05T00:00:00+00:00
[2025-08-27T16:00:40.010+0000] {processor.py:175} INFO - Processing /home/airflow/.local/lib/python3.7/site-packages/airflow/example_dags/example_dynamic_task_mapping.py took 0.053 seconds
[2025-08-27T16:14:52.981+0000] {processor.py:153} INFO - Started process (PID=23637) to work on /home/airflow/.local/lib/python3.7/site-packages/airflow/example_dags/example_dynamic_task_mapping.py
[2025-08-27T16:14:52.982+0000] {processor.py:743} INFO - Processing file /home/airflow/.local/lib/python3.7/site-packages/airflow/example_dags/example_dynamic_task_mapping.py for tasks to queue
[2025-08-27T16:14:52.983+0000] {logging_mixin.py:137} INFO - [2025-08-27T16:14:52.982+0000] {dagbag.py:538} INFO - Filling up the DagBag from /home/airflow/.local/lib/python3.7/site-packages/airflow/example_dags/example_dynamic_task_mapping.py
[2025-08-27T16:14:52.995+0000] {processor.py:753} INFO - DAG(s) dict_keys(['example_dynamic_task_mapping']) retrieved from /home/airflow/.local/lib/python3.7/site-packages/airflow/example_dags/example_dynamic_task_mapping.py
[2025-08-27T16:14:53.006+0000] {logging_mixin.py:137} INFO - [2025-08-27T16:14:53.006+0000] {dag.py:2690} INFO - Sync 1 DAGs
[2025-08-27T16:14:53.016+0000] {logging_mixin.py:137} INFO - [2025-08-27T16:14:53.016+0000] {dag.py:3441} INFO - Setting next_dagrun for example_dynamic_task_mapping to 2022-03-04T00:00:00+00:00, run_after=2022-03-05T00:00:00+00:00
[2025-08-27T16:14:53.024+0000] {processor.py:175} INFO - Processing /home/airflow/.local/lib/python3.7/site-packages/airflow/example_dags/example_dynamic_task_mapping.py took 0.045 seconds
[2025-08-27T16:23:10.198+0000] {processor.py:153} INFO - Started process (PID=23737) to work on /home/airflow/.local/lib/python3.7/site-packages/airflow/example_dags/example_dynamic_task_mapping.py
[2025-08-27T16:23:10.198+0000] {processor.py:743} INFO - Processing file /home/airflow/.local/lib/python3.7/site-packages/airflow/example_dags/example_dynamic_task_mapping.py for tasks to queue
[2025-08-27T16:23:10.199+0000] {logging_mixin.py:137} INFO - [2025-08-27T16:23:10.199+0000] {dagbag.py:538} INFO - Filling up the DagBag from /home/airflow/.local/lib/python3.7/site-packages/airflow/example_dags/example_dynamic_task_mapping.py
[2025-08-27T16:23:10.211+0000] {processor.py:753} INFO - DAG(s) dict_keys(['example_dynamic_task_mapping']) retrieved from /home/airflow/.local/lib/python3.7/site-packages/airflow/example_dags/example_dynamic_task_mapping.py
[2025-08-27T16:23:10.223+0000] {logging_mixin.py:137} INFO - [2025-08-27T16:23:10.223+0000] {dag.py:2690} INFO - Sync 1 DAGs
[2025-08-27T16:23:10.236+0000] {logging_mixin.py:137} INFO - [2025-08-27T16:23:10.236+0000] {dag.py:3441} INFO - Setting next_dagrun for example_dynamic_task_mapping to 2022-03-04T00:00:00+00:00, run_after=2022-03-05T00:00:00+00:00
[2025-08-27T16:23:10.245+0000] {processor.py:175} INFO - Processing /home/airflow/.local/lib/python3.7/site-packages/airflow/example_dags/example_dynamic_task_mapping.py took 0.048 seconds
[2025-08-27T16:24:53.929+0000] {processor.py:153} INFO - Started process (PID=23837) to work on /home/airflow/.local/lib/python3.7/site-packages/airflow/example_dags/example_dynamic_task_mapping.py
[2025-08-27T16:24:53.929+0000] {processor.py:743} INFO - Processing file /home/airflow/.local/lib/python3.7/site-packages/airflow/example_dags/example_dynamic_task_mapping.py for tasks to queue
[2025-08-27T16:24:53.929+0000] {logging_mixin.py:137} INFO - [2025-08-27T16:24:53.929+0000] {dagbag.py:538} INFO - Filling up the DagBag from /home/airflow/.local/lib/python3.7/site-packages/airflow/example_dags/example_dynamic_task_mapping.py
[2025-08-27T16:24:53.942+0000] {processor.py:753} INFO - DAG(s) dict_keys(['example_dynamic_task_mapping']) retrieved from /home/airflow/.local/lib/python3.7/site-packages/airflow/example_dags/example_dynamic_task_mapping.py
[2025-08-27T16:24:53.953+0000] {logging_mixin.py:137} INFO - [2025-08-27T16:24:53.953+0000] {dag.py:2690} INFO - Sync 1 DAGs
[2025-08-27T16:24:53.963+0000] {logging_mixin.py:137} INFO - [2025-08-27T16:24:53.963+0000] {dag.py:3441} INFO - Setting next_dagrun for example_dynamic_task_mapping to 2022-03-04T00:00:00+00:00, run_after=2022-03-05T00:00:00+00:00
[2025-08-27T16:24:53.969+0000] {processor.py:175} INFO - Processing /home/airflow/.local/lib/python3.7/site-packages/airflow/example_dags/example_dynamic_task_mapping.py took 0.042 seconds
[2025-08-27T16:30:07.217+0000] {processor.py:153} INFO - Started process (PID=23937) to work on /home/airflow/.local/lib/python3.7/site-packages/airflow/example_dags/example_dynamic_task_mapping.py
[2025-08-27T16:30:07.219+0000] {processor.py:743} INFO - Processing file /home/airflow/.local/lib/python3.7/site-packages/airflow/example_dags/example_dynamic_task_mapping.py for tasks to queue
[2025-08-27T16:30:07.223+0000] {logging_mixin.py:137} INFO - [2025-08-27T16:30:07.222+0000] {dagbag.py:538} INFO - Filling up the DagBag from /home/airflow/.local/lib/python3.7/site-packages/airflow/example_dags/example_dynamic_task_mapping.py
[2025-08-27T16:30:07.309+0000] {processor.py:753} INFO - DAG(s) dict_keys(['example_dynamic_task_mapping']) retrieved from /home/airflow/.local/lib/python3.7/site-packages/airflow/example_dags/example_dynamic_task_mapping.py
[2025-08-27T16:30:07.491+0000] {logging_mixin.py:137} INFO - [2025-08-27T16:30:07.491+0000] {dag.py:2690} INFO - Sync 1 DAGs
[2025-08-27T16:30:07.516+0000] {logging_mixin.py:137} INFO - [2025-08-27T16:30:07.516+0000] {dag.py:3441} INFO - Setting next_dagrun for example_dynamic_task_mapping to 2022-03-04T00:00:00+00:00, run_after=2022-03-05T00:00:00+00:00
[2025-08-27T16:30:07.548+0000] {processor.py:175} INFO - Processing /home/airflow/.local/lib/python3.7/site-packages/airflow/example_dags/example_dynamic_task_mapping.py took 0.334 seconds
[2025-08-27T16:44:02.766+0000] {processor.py:153} INFO - Started process (PID=24017) to work on /home/airflow/.local/lib/python3.7/site-packages/airflow/example_dags/example_dynamic_task_mapping.py
[2025-08-27T16:44:02.766+0000] {processor.py:743} INFO - Processing file /home/airflow/.local/lib/python3.7/site-packages/airflow/example_dags/example_dynamic_task_mapping.py for tasks to queue
[2025-08-27T16:44:02.767+0000] {logging_mixin.py:137} INFO - [2025-08-27T16:44:02.767+0000] {dagbag.py:538} INFO - Filling up the DagBag from /home/airflow/.local/lib/python3.7/site-packages/airflow/example_dags/example_dynamic_task_mapping.py
[2025-08-27T16:44:02.780+0000] {processor.py:753} INFO - DAG(s) dict_keys(['example_dynamic_task_mapping']) retrieved from /home/airflow/.local/lib/python3.7/site-packages/airflow/example_dags/example_dynamic_task_mapping.py
[2025-08-27T16:44:02.793+0000] {logging_mixin.py:137} INFO - [2025-08-27T16:44:02.793+0000] {dag.py:2690} INFO - Sync 1 DAGs
[2025-08-27T16:44:02.804+0000] {logging_mixin.py:137} INFO - [2025-08-27T16:44:02.804+0000] {dag.py:3441} INFO - Setting next_dagrun for example_dynamic_task_mapping to 2022-03-04T00:00:00+00:00, run_after=2022-03-05T00:00:00+00:00
[2025-08-27T16:44:02.812+0000] {processor.py:175} INFO - Processing /home/airflow/.local/lib/python3.7/site-packages/airflow/example_dags/example_dynamic_task_mapping.py took 0.048 seconds
[2025-08-27T18:19:17.307+0000] {processor.py:153} INFO - Started process (PID=24117) to work on /home/airflow/.local/lib/python3.7/site-packages/airflow/example_dags/example_dynamic_task_mapping.py
[2025-08-27T18:19:17.307+0000] {processor.py:743} INFO - Processing file /home/airflow/.local/lib/python3.7/site-packages/airflow/example_dags/example_dynamic_task_mapping.py for tasks to queue
[2025-08-27T18:19:17.307+0000] {logging_mixin.py:137} INFO - [2025-08-27T18:19:17.307+0000] {dagbag.py:538} INFO - Filling up the DagBag from /home/airflow/.local/lib/python3.7/site-packages/airflow/example_dags/example_dynamic_task_mapping.py
[2025-08-27T18:19:17.319+0000] {processor.py:753} INFO - DAG(s) dict_keys(['example_dynamic_task_mapping']) retrieved from /home/airflow/.local/lib/python3.7/site-packages/airflow/example_dags/example_dynamic_task_mapping.py
[2025-08-27T18:19:17.333+0000] {logging_mixin.py:137} INFO - [2025-08-27T18:19:17.333+0000] {dag.py:2690} INFO - Sync 1 DAGs
[2025-08-27T18:19:17.346+0000] {logging_mixin.py:137} INFO - [2025-08-27T18:19:17.346+0000] {dag.py:3441} INFO - Setting next_dagrun for example_dynamic_task_mapping to 2022-03-04T00:00:00+00:00, run_after=2022-03-05T00:00:00+00:00
[2025-08-27T18:19:17.355+0000] {processor.py:175} INFO - Processing /home/airflow/.local/lib/python3.7/site-packages/airflow/example_dags/example_dynamic_task_mapping.py took 0.050 seconds
[2025-08-27T19:39:49.926+0000] {processor.py:153} INFO - Started process (PID=24217) to work on /home/airflow/.local/lib/python3.7/site-packages/airflow/example_dags/example_dynamic_task_mapping.py
[2025-08-27T19:39:49.926+0000] {processor.py:743} INFO - Processing file /home/airflow/.local/lib/python3.7/site-packages/airflow/example_dags/example_dynamic_task_mapping.py for tasks to queue
[2025-08-27T19:39:49.929+0000] {logging_mixin.py:137} INFO - [2025-08-27T19:39:49.929+0000] {dagbag.py:538} INFO - Filling up the DagBag from /home/airflow/.local/lib/python3.7/site-packages/airflow/example_dags/example_dynamic_task_mapping.py
[2025-08-27T19:39:49.946+0000] {processor.py:753} INFO - DAG(s) dict_keys(['example_dynamic_task_mapping']) retrieved from /home/airflow/.local/lib/python3.7/site-packages/airflow/example_dags/example_dynamic_task_mapping.py
[2025-08-27T19:39:49.959+0000] {logging_mixin.py:137} INFO - [2025-08-27T19:39:49.958+0000] {dag.py:2690} INFO - Sync 1 DAGs
[2025-08-27T19:39:49.970+0000] {logging_mixin.py:137} INFO - [2025-08-27T19:39:49.970+0000] {dag.py:3441} INFO - Setting next_dagrun for example_dynamic_task_mapping to 2022-03-04T00:00:00+00:00, run_after=2022-03-05T00:00:00+00:00
[2025-08-27T19:39:49.979+0000] {processor.py:175} INFO - Processing /home/airflow/.local/lib/python3.7/site-packages/airflow/example_dags/example_dynamic_task_mapping.py took 0.056 seconds
[2025-08-27T21:01:24.397+0000] {processor.py:153} INFO - Started process (PID=24297) to work on /home/airflow/.local/lib/python3.7/site-packages/airflow/example_dags/example_dynamic_task_mapping.py
[2025-08-27T21:01:24.398+0000] {processor.py:743} INFO - Processing file /home/airflow/.local/lib/python3.7/site-packages/airflow/example_dags/example_dynamic_task_mapping.py for tasks to queue
[2025-08-27T21:01:24.398+0000] {logging_mixin.py:137} INFO - [2025-08-27T21:01:24.398+0000] {dagbag.py:538} INFO - Filling up the DagBag from /home/airflow/.local/lib/python3.7/site-packages/airflow/example_dags/example_dynamic_task_mapping.py
[2025-08-27T21:01:24.411+0000] {processor.py:753} INFO - DAG(s) dict_keys(['example_dynamic_task_mapping']) retrieved from /home/airflow/.local/lib/python3.7/site-packages/airflow/example_dags/example_dynamic_task_mapping.py
[2025-08-27T21:01:24.428+0000] {logging_mixin.py:137} INFO - [2025-08-27T21:01:24.428+0000] {dag.py:2690} INFO - Sync 1 DAGs
[2025-08-27T21:01:24.440+0000] {logging_mixin.py:137} INFO - [2025-08-27T21:01:24.440+0000] {dag.py:3441} INFO - Setting next_dagrun for example_dynamic_task_mapping to 2022-03-04T00:00:00+00:00, run_after=2022-03-05T00:00:00+00:00
[2025-08-27T21:01:24.449+0000] {processor.py:175} INFO - Processing /home/airflow/.local/lib/python3.7/site-packages/airflow/example_dags/example_dynamic_task_mapping.py took 0.054 seconds
[2025-08-27T21:51:49.730+0000] {processor.py:153} INFO - Started process (PID=24397) to work on /home/airflow/.local/lib/python3.7/site-packages/airflow/example_dags/example_dynamic_task_mapping.py
[2025-08-27T21:51:49.730+0000] {processor.py:743} INFO - Processing file /home/airflow/.local/lib/python3.7/site-packages/airflow/example_dags/example_dynamic_task_mapping.py for tasks to queue
[2025-08-27T21:51:49.731+0000] {logging_mixin.py:137} INFO - [2025-08-27T21:51:49.731+0000] {dagbag.py:538} INFO - Filling up the DagBag from /home/airflow/.local/lib/python3.7/site-packages/airflow/example_dags/example_dynamic_task_mapping.py
[2025-08-27T21:51:49.745+0000] {processor.py:753} INFO - DAG(s) dict_keys(['example_dynamic_task_mapping']) retrieved from /home/airflow/.local/lib/python3.7/site-packages/airflow/example_dags/example_dynamic_task_mapping.py
[2025-08-27T21:51:49.760+0000] {logging_mixin.py:137} INFO - [2025-08-27T21:51:49.760+0000] {dag.py:2690} INFO - Sync 1 DAGs
[2025-08-27T21:51:49.771+0000] {logging_mixin.py:137} INFO - [2025-08-27T21:51:49.771+0000] {dag.py:3441} INFO - Setting next_dagrun for example_dynamic_task_mapping to 2022-03-04T00:00:00+00:00, run_after=2022-03-05T00:00:00+00:00
[2025-08-27T21:51:49.781+0000] {processor.py:175} INFO - Processing /home/airflow/.local/lib/python3.7/site-packages/airflow/example_dags/example_dynamic_task_mapping.py took 0.052 seconds
[2025-08-27T23:29:05.715+0000] {processor.py:153} INFO - Started process (PID=24497) to work on /home/airflow/.local/lib/python3.7/site-packages/airflow/example_dags/example_dynamic_task_mapping.py
[2025-08-27T23:29:05.716+0000] {processor.py:743} INFO - Processing file /home/airflow/.local/lib/python3.7/site-packages/airflow/example_dags/example_dynamic_task_mapping.py for tasks to queue
[2025-08-27T23:29:05.716+0000] {logging_mixin.py:137} INFO - [2025-08-27T23:29:05.716+0000] {dagbag.py:538} INFO - Filling up the DagBag from /home/airflow/.local/lib/python3.7/site-packages/airflow/example_dags/example_dynamic_task_mapping.py
[2025-08-27T23:29:05.726+0000] {processor.py:753} INFO - DAG(s) dict_keys(['example_dynamic_task_mapping']) retrieved from /home/airflow/.local/lib/python3.7/site-packages/airflow/example_dags/example_dynamic_task_mapping.py
[2025-08-27T23:29:05.739+0000] {logging_mixin.py:137} INFO - [2025-08-27T23:29:05.739+0000] {dag.py:2690} INFO - Sync 1 DAGs
[2025-08-27T23:29:05.751+0000] {logging_mixin.py:137} INFO - [2025-08-27T23:29:05.751+0000] {dag.py:3441} INFO - Setting next_dagrun for example_dynamic_task_mapping to 2022-03-04T00:00:00+00:00, run_after=2022-03-05T00:00:00+00:00
[2025-08-27T23:29:05.761+0000] {processor.py:175} INFO - Processing /home/airflow/.local/lib/python3.7/site-packages/airflow/example_dags/example_dynamic_task_mapping.py took 0.048 seconds
