[2025-08-27T00:46:29.852+0000] {processor.py:153} INFO - Started process (PID=19510) to work on /home/airflow/.local/lib/python3.7/site-packages/airflow/example_dags/example_short_circuit_decorator.py
[2025-08-27T00:46:29.853+0000] {processor.py:743} INFO - Processing file /home/airflow/.local/lib/python3.7/site-packages/airflow/example_dags/example_short_circuit_decorator.py for tasks to queue
[2025-08-27T00:46:29.853+0000] {logging_mixin.py:137} INFO - [2025-08-27T00:46:29.853+0000] {dagbag.py:538} INFO - Filling up the DagBag from /home/airflow/.local/lib/python3.7/site-packages/airflow/example_dags/example_short_circuit_decorator.py
[2025-08-27T00:46:29.869+0000] {processor.py:753} INFO - DAG(s) dict_keys(['example_short_circuit_decorator']) retrieved from /home/airflow/.local/lib/python3.7/site-packages/airflow/example_dags/example_short_circuit_decorator.py
[2025-08-27T00:46:29.884+0000] {logging_mixin.py:137} INFO - [2025-08-27T00:46:29.883+0000] {dag.py:2690} INFO - Sync 1 DAGs
[2025-08-27T00:46:29.898+0000] {logging_mixin.py:137} INFO - [2025-08-27T00:46:29.898+0000] {dag.py:3441} INFO - Setting next_dagrun for example_short_circuit_decorator to 2025-08-26T00:46:29.898624+00:00, run_after=2025-08-27T00:46:29.898624+00:00
[2025-08-27T00:46:29.909+0000] {processor.py:175} INFO - Processing /home/airflow/.local/lib/python3.7/site-packages/airflow/example_dags/example_short_circuit_decorator.py took 0.059 seconds
[2025-08-27T02:21:51.622+0000] {processor.py:153} INFO - Started process (PID=19590) to work on /home/airflow/.local/lib/python3.7/site-packages/airflow/example_dags/example_short_circuit_decorator.py
[2025-08-27T02:21:51.622+0000] {processor.py:743} INFO - Processing file /home/airflow/.local/lib/python3.7/site-packages/airflow/example_dags/example_short_circuit_decorator.py for tasks to queue
[2025-08-27T02:21:51.623+0000] {logging_mixin.py:137} INFO - [2025-08-27T02:21:51.623+0000] {dagbag.py:538} INFO - Filling up the DagBag from /home/airflow/.local/lib/python3.7/site-packages/airflow/example_dags/example_short_circuit_decorator.py
[2025-08-27T02:21:51.639+0000] {processor.py:753} INFO - DAG(s) dict_keys(['example_short_circuit_decorator']) retrieved from /home/airflow/.local/lib/python3.7/site-packages/airflow/example_dags/example_short_circuit_decorator.py
[2025-08-27T02:21:51.658+0000] {logging_mixin.py:137} INFO - [2025-08-27T02:21:51.658+0000] {dag.py:2690} INFO - Sync 1 DAGs
[2025-08-27T02:21:51.672+0000] {logging_mixin.py:137} INFO - [2025-08-27T02:21:51.672+0000] {dag.py:3441} INFO - Setting next_dagrun for example_short_circuit_decorator to 2025-08-26T02:21:51.672240+00:00, run_after=2025-08-27T02:21:51.672240+00:00
[2025-08-27T02:21:51.679+0000] {processor.py:175} INFO - Processing /home/airflow/.local/lib/python3.7/site-packages/airflow/example_dags/example_short_circuit_decorator.py took 0.058 seconds
[2025-08-27T02:37:30.479+0000] {processor.py:153} INFO - Started process (PID=19690) to work on /home/airflow/.local/lib/python3.7/site-packages/airflow/example_dags/example_short_circuit_decorator.py
[2025-08-27T02:37:30.479+0000] {processor.py:743} INFO - Processing file /home/airflow/.local/lib/python3.7/site-packages/airflow/example_dags/example_short_circuit_decorator.py for tasks to queue
[2025-08-27T02:37:30.480+0000] {logging_mixin.py:137} INFO - [2025-08-27T02:37:30.479+0000] {dagbag.py:538} INFO - Filling up the DagBag from /home/airflow/.local/lib/python3.7/site-packages/airflow/example_dags/example_short_circuit_decorator.py
[2025-08-27T02:37:30.494+0000] {processor.py:753} INFO - DAG(s) dict_keys(['example_short_circuit_decorator']) retrieved from /home/airflow/.local/lib/python3.7/site-packages/airflow/example_dags/example_short_circuit_decorator.py
[2025-08-27T02:37:30.507+0000] {logging_mixin.py:137} INFO - [2025-08-27T02:37:30.507+0000] {dag.py:2690} INFO - Sync 1 DAGs
[2025-08-27T02:37:30.521+0000] {logging_mixin.py:137} INFO - [2025-08-27T02:37:30.521+0000] {dag.py:3441} INFO - Setting next_dagrun for example_short_circuit_decorator to 2025-08-26T02:37:30.520878+00:00, run_after=2025-08-27T02:37:30.520878+00:00
[2025-08-27T02:37:30.530+0000] {processor.py:175} INFO - Processing /home/airflow/.local/lib/python3.7/site-packages/airflow/example_dags/example_short_circuit_decorator.py took 0.053 seconds
[2025-08-27T03:02:26.629+0000] {processor.py:153} INFO - Started process (PID=19790) to work on /home/airflow/.local/lib/python3.7/site-packages/airflow/example_dags/example_short_circuit_decorator.py
[2025-08-27T03:02:26.630+0000] {processor.py:743} INFO - Processing file /home/airflow/.local/lib/python3.7/site-packages/airflow/example_dags/example_short_circuit_decorator.py for tasks to queue
[2025-08-27T03:02:26.630+0000] {logging_mixin.py:137} INFO - [2025-08-27T03:02:26.630+0000] {dagbag.py:538} INFO - Filling up the DagBag from /home/airflow/.local/lib/python3.7/site-packages/airflow/example_dags/example_short_circuit_decorator.py
[2025-08-27T03:02:26.640+0000] {processor.py:753} INFO - DAG(s) dict_keys(['example_short_circuit_decorator']) retrieved from /home/airflow/.local/lib/python3.7/site-packages/airflow/example_dags/example_short_circuit_decorator.py
[2025-08-27T03:02:26.649+0000] {logging_mixin.py:137} INFO - [2025-08-27T03:02:26.649+0000] {dag.py:2690} INFO - Sync 1 DAGs
[2025-08-27T03:02:26.659+0000] {logging_mixin.py:137} INFO - [2025-08-27T03:02:26.659+0000] {dag.py:3441} INFO - Setting next_dagrun for example_short_circuit_decorator to 2025-08-26T03:02:26.659341+00:00, run_after=2025-08-27T03:02:26.659341+00:00
[2025-08-27T03:02:26.666+0000] {processor.py:175} INFO - Processing /home/airflow/.local/lib/python3.7/site-packages/airflow/example_dags/example_short_circuit_decorator.py took 0.038 seconds
[2025-08-27T03:13:53.959+0000] {processor.py:153} INFO - Started process (PID=19889) to work on /home/airflow/.local/lib/python3.7/site-packages/airflow/example_dags/example_short_circuit_decorator.py
[2025-08-27T03:13:53.960+0000] {processor.py:743} INFO - Processing file /home/airflow/.local/lib/python3.7/site-packages/airflow/example_dags/example_short_circuit_decorator.py for tasks to queue
[2025-08-27T03:13:53.960+0000] {logging_mixin.py:137} INFO - [2025-08-27T03:13:53.960+0000] {dagbag.py:538} INFO - Filling up the DagBag from /home/airflow/.local/lib/python3.7/site-packages/airflow/example_dags/example_short_circuit_decorator.py
[2025-08-27T03:13:53.971+0000] {processor.py:753} INFO - DAG(s) dict_keys(['example_short_circuit_decorator']) retrieved from /home/airflow/.local/lib/python3.7/site-packages/airflow/example_dags/example_short_circuit_decorator.py
[2025-08-27T03:13:53.983+0000] {logging_mixin.py:137} INFO - [2025-08-27T03:13:53.982+0000] {dag.py:2690} INFO - Sync 1 DAGs
[2025-08-27T03:13:53.993+0000] {logging_mixin.py:137} INFO - [2025-08-27T03:13:53.992+0000] {dag.py:3441} INFO - Setting next_dagrun for example_short_circuit_decorator to 2025-08-26T03:13:53.992843+00:00, run_after=2025-08-27T03:13:53.992843+00:00
[2025-08-27T03:13:54.000+0000] {processor.py:175} INFO - Processing /home/airflow/.local/lib/python3.7/site-packages/airflow/example_dags/example_short_circuit_decorator.py took 0.043 seconds
[2025-08-27T03:33:09.778+0000] {processor.py:153} INFO - Started process (PID=19969) to work on /home/airflow/.local/lib/python3.7/site-packages/airflow/example_dags/example_short_circuit_decorator.py
[2025-08-27T03:33:09.782+0000] {processor.py:743} INFO - Processing file /home/airflow/.local/lib/python3.7/site-packages/airflow/example_dags/example_short_circuit_decorator.py for tasks to queue
[2025-08-27T03:33:09.783+0000] {logging_mixin.py:137} INFO - [2025-08-27T03:33:09.783+0000] {dagbag.py:538} INFO - Filling up the DagBag from /home/airflow/.local/lib/python3.7/site-packages/airflow/example_dags/example_short_circuit_decorator.py
[2025-08-27T03:33:09.797+0000] {processor.py:753} INFO - DAG(s) dict_keys(['example_short_circuit_decorator']) retrieved from /home/airflow/.local/lib/python3.7/site-packages/airflow/example_dags/example_short_circuit_decorator.py
[2025-08-27T03:33:09.937+0000] {logging_mixin.py:137} INFO - [2025-08-27T03:33:09.937+0000] {dag.py:2690} INFO - Sync 1 DAGs
[2025-08-27T03:33:10.060+0000] {logging_mixin.py:137} INFO - [2025-08-27T03:33:10.060+0000] {dag.py:3441} INFO - Setting next_dagrun for example_short_circuit_decorator to 2025-08-26T03:33:10.059989+00:00, run_after=2025-08-27T03:33:10.059989+00:00
[2025-08-27T03:33:10.089+0000] {processor.py:175} INFO - Processing /home/airflow/.local/lib/python3.7/site-packages/airflow/example_dags/example_short_circuit_decorator.py took 0.314 seconds
[2025-08-27T04:45:10.733+0000] {processor.py:153} INFO - Started process (PID=20069) to work on /home/airflow/.local/lib/python3.7/site-packages/airflow/example_dags/example_short_circuit_decorator.py
[2025-08-27T04:45:10.733+0000] {processor.py:743} INFO - Processing file /home/airflow/.local/lib/python3.7/site-packages/airflow/example_dags/example_short_circuit_decorator.py for tasks to queue
[2025-08-27T04:45:10.734+0000] {logging_mixin.py:137} INFO - [2025-08-27T04:45:10.733+0000] {dagbag.py:538} INFO - Filling up the DagBag from /home/airflow/.local/lib/python3.7/site-packages/airflow/example_dags/example_short_circuit_decorator.py
[2025-08-27T04:45:10.749+0000] {processor.py:753} INFO - DAG(s) dict_keys(['example_short_circuit_decorator']) retrieved from /home/airflow/.local/lib/python3.7/site-packages/airflow/example_dags/example_short_circuit_decorator.py
[2025-08-27T04:45:10.761+0000] {logging_mixin.py:137} INFO - [2025-08-27T04:45:10.761+0000] {dag.py:2690} INFO - Sync 1 DAGs
[2025-08-27T04:45:10.773+0000] {logging_mixin.py:137} INFO - [2025-08-27T04:45:10.773+0000] {dag.py:3441} INFO - Setting next_dagrun for example_short_circuit_decorator to 2025-08-26T04:45:10.773111+00:00, run_after=2025-08-27T04:45:10.773111+00:00
[2025-08-27T04:45:10.781+0000] {processor.py:175} INFO - Processing /home/airflow/.local/lib/python3.7/site-packages/airflow/example_dags/example_short_circuit_decorator.py took 0.050 seconds
[2025-08-27T04:49:56.229+0000] {processor.py:153} INFO - Started process (PID=20169) to work on /home/airflow/.local/lib/python3.7/site-packages/airflow/example_dags/example_short_circuit_decorator.py
[2025-08-27T04:49:56.230+0000] {processor.py:743} INFO - Processing file /home/airflow/.local/lib/python3.7/site-packages/airflow/example_dags/example_short_circuit_decorator.py for tasks to queue
[2025-08-27T04:49:56.230+0000] {logging_mixin.py:137} INFO - [2025-08-27T04:49:56.230+0000] {dagbag.py:538} INFO - Filling up the DagBag from /home/airflow/.local/lib/python3.7/site-packages/airflow/example_dags/example_short_circuit_decorator.py
[2025-08-27T04:49:56.241+0000] {processor.py:753} INFO - DAG(s) dict_keys(['example_short_circuit_decorator']) retrieved from /home/airflow/.local/lib/python3.7/site-packages/airflow/example_dags/example_short_circuit_decorator.py
[2025-08-27T04:49:56.254+0000] {logging_mixin.py:137} INFO - [2025-08-27T04:49:56.254+0000] {dag.py:2690} INFO - Sync 1 DAGs
[2025-08-27T04:49:56.265+0000] {logging_mixin.py:137} INFO - [2025-08-27T04:49:56.265+0000] {dag.py:3441} INFO - Setting next_dagrun for example_short_circuit_decorator to 2025-08-26T04:49:56.265583+00:00, run_after=2025-08-27T04:49:56.265583+00:00
[2025-08-27T04:49:56.272+0000] {processor.py:175} INFO - Processing /home/airflow/.local/lib/python3.7/site-packages/airflow/example_dags/example_short_circuit_decorator.py took 0.045 seconds
[2025-08-27T05:35:09.463+0000] {processor.py:153} INFO - Started process (PID=20256) to work on /home/airflow/.local/lib/python3.7/site-packages/airflow/example_dags/example_short_circuit_decorator.py
[2025-08-27T05:35:09.464+0000] {processor.py:743} INFO - Processing file /home/airflow/.local/lib/python3.7/site-packages/airflow/example_dags/example_short_circuit_decorator.py for tasks to queue
[2025-08-27T05:35:09.464+0000] {logging_mixin.py:137} INFO - [2025-08-27T05:35:09.464+0000] {dagbag.py:538} INFO - Filling up the DagBag from /home/airflow/.local/lib/python3.7/site-packages/airflow/example_dags/example_short_circuit_decorator.py
[2025-08-27T05:35:09.476+0000] {processor.py:753} INFO - DAG(s) dict_keys(['example_short_circuit_decorator']) retrieved from /home/airflow/.local/lib/python3.7/site-packages/airflow/example_dags/example_short_circuit_decorator.py
[2025-08-27T05:35:09.488+0000] {logging_mixin.py:137} INFO - [2025-08-27T05:35:09.488+0000] {dag.py:2690} INFO - Sync 1 DAGs
[2025-08-27T05:35:09.499+0000] {logging_mixin.py:137} INFO - [2025-08-27T05:35:09.499+0000] {dag.py:3441} INFO - Setting next_dagrun for example_short_circuit_decorator to 2025-08-26T05:35:09.499046+00:00, run_after=2025-08-27T05:35:09.499046+00:00
[2025-08-27T05:35:09.508+0000] {processor.py:175} INFO - Processing /home/airflow/.local/lib/python3.7/site-packages/airflow/example_dags/example_short_circuit_decorator.py took 0.047 seconds
[2025-08-27T06:12:37.737+0000] {processor.py:153} INFO - Started process (PID=20349) to work on /home/airflow/.local/lib/python3.7/site-packages/airflow/example_dags/example_short_circuit_decorator.py
[2025-08-27T06:12:37.737+0000] {processor.py:743} INFO - Processing file /home/airflow/.local/lib/python3.7/site-packages/airflow/example_dags/example_short_circuit_decorator.py for tasks to queue
[2025-08-27T06:12:37.738+0000] {logging_mixin.py:137} INFO - [2025-08-27T06:12:37.738+0000] {dagbag.py:538} INFO - Filling up the DagBag from /home/airflow/.local/lib/python3.7/site-packages/airflow/example_dags/example_short_circuit_decorator.py
[2025-08-27T06:12:37.749+0000] {processor.py:753} INFO - DAG(s) dict_keys(['example_short_circuit_decorator']) retrieved from /home/airflow/.local/lib/python3.7/site-packages/airflow/example_dags/example_short_circuit_decorator.py
[2025-08-27T06:12:37.778+0000] {logging_mixin.py:137} INFO - [2025-08-27T06:12:37.778+0000] {dag.py:2690} INFO - Sync 1 DAGs
[2025-08-27T06:12:37.806+0000] {logging_mixin.py:137} INFO - [2025-08-27T06:12:37.806+0000] {dag.py:3441} INFO - Setting next_dagrun for example_short_circuit_decorator to 2025-08-26T06:12:37.805649+00:00, run_after=2025-08-27T06:12:37.805649+00:00
[2025-08-27T06:12:37.830+0000] {processor.py:175} INFO - Processing /home/airflow/.local/lib/python3.7/site-packages/airflow/example_dags/example_short_circuit_decorator.py took 0.095 seconds
[2025-08-27T06:55:19.447+0000] {processor.py:153} INFO - Started process (PID=20449) to work on /home/airflow/.local/lib/python3.7/site-packages/airflow/example_dags/example_short_circuit_decorator.py
[2025-08-27T06:55:19.448+0000] {processor.py:743} INFO - Processing file /home/airflow/.local/lib/python3.7/site-packages/airflow/example_dags/example_short_circuit_decorator.py for tasks to queue
[2025-08-27T06:55:19.448+0000] {logging_mixin.py:137} INFO - [2025-08-27T06:55:19.448+0000] {dagbag.py:538} INFO - Filling up the DagBag from /home/airflow/.local/lib/python3.7/site-packages/airflow/example_dags/example_short_circuit_decorator.py
[2025-08-27T06:55:19.462+0000] {processor.py:753} INFO - DAG(s) dict_keys(['example_short_circuit_decorator']) retrieved from /home/airflow/.local/lib/python3.7/site-packages/airflow/example_dags/example_short_circuit_decorator.py
[2025-08-27T06:55:19.476+0000] {logging_mixin.py:137} INFO - [2025-08-27T06:55:19.476+0000] {dag.py:2690} INFO - Sync 1 DAGs
[2025-08-27T06:55:19.488+0000] {logging_mixin.py:137} INFO - [2025-08-27T06:55:19.488+0000] {dag.py:3441} INFO - Setting next_dagrun for example_short_circuit_decorator to 2025-08-26T06:55:19.488132+00:00, run_after=2025-08-27T06:55:19.488132+00:00
[2025-08-27T06:55:19.497+0000] {processor.py:175} INFO - Processing /home/airflow/.local/lib/python3.7/site-packages/airflow/example_dags/example_short_circuit_decorator.py took 0.052 seconds
[2025-08-27T07:53:52.613+0000] {processor.py:153} INFO - Started process (PID=20549) to work on /home/airflow/.local/lib/python3.7/site-packages/airflow/example_dags/example_short_circuit_decorator.py
[2025-08-27T07:53:52.613+0000] {processor.py:743} INFO - Processing file /home/airflow/.local/lib/python3.7/site-packages/airflow/example_dags/example_short_circuit_decorator.py for tasks to queue
[2025-08-27T07:53:52.614+0000] {logging_mixin.py:137} INFO - [2025-08-27T07:53:52.614+0000] {dagbag.py:538} INFO - Filling up the DagBag from /home/airflow/.local/lib/python3.7/site-packages/airflow/example_dags/example_short_circuit_decorator.py
[2025-08-27T07:53:52.625+0000] {processor.py:753} INFO - DAG(s) dict_keys(['example_short_circuit_decorator']) retrieved from /home/airflow/.local/lib/python3.7/site-packages/airflow/example_dags/example_short_circuit_decorator.py
[2025-08-27T07:53:52.636+0000] {logging_mixin.py:137} INFO - [2025-08-27T07:53:52.636+0000] {dag.py:2690} INFO - Sync 1 DAGs
[2025-08-27T07:53:52.646+0000] {logging_mixin.py:137} INFO - [2025-08-27T07:53:52.646+0000] {dag.py:3441} INFO - Setting next_dagrun for example_short_circuit_decorator to 2025-08-26T07:53:52.646552+00:00, run_after=2025-08-27T07:53:52.646552+00:00
[2025-08-27T07:53:52.654+0000] {processor.py:175} INFO - Processing /home/airflow/.local/lib/python3.7/site-packages/airflow/example_dags/example_short_circuit_decorator.py took 0.043 seconds
[2025-08-27T08:23:39.873+0000] {processor.py:153} INFO - Started process (PID=20629) to work on /home/airflow/.local/lib/python3.7/site-packages/airflow/example_dags/example_short_circuit_decorator.py
[2025-08-27T08:23:39.873+0000] {processor.py:743} INFO - Processing file /home/airflow/.local/lib/python3.7/site-packages/airflow/example_dags/example_short_circuit_decorator.py for tasks to queue
[2025-08-27T08:23:39.873+0000] {logging_mixin.py:137} INFO - [2025-08-27T08:23:39.873+0000] {dagbag.py:538} INFO - Filling up the DagBag from /home/airflow/.local/lib/python3.7/site-packages/airflow/example_dags/example_short_circuit_decorator.py
[2025-08-27T08:23:39.883+0000] {processor.py:753} INFO - DAG(s) dict_keys(['example_short_circuit_decorator']) retrieved from /home/airflow/.local/lib/python3.7/site-packages/airflow/example_dags/example_short_circuit_decorator.py
[2025-08-27T08:23:39.893+0000] {logging_mixin.py:137} INFO - [2025-08-27T08:23:39.893+0000] {dag.py:2690} INFO - Sync 1 DAGs
[2025-08-27T08:23:39.902+0000] {logging_mixin.py:137} INFO - [2025-08-27T08:23:39.902+0000] {dag.py:3441} INFO - Setting next_dagrun for example_short_circuit_decorator to 2025-08-26T08:23:39.902646+00:00, run_after=2025-08-27T08:23:39.902646+00:00
[2025-08-27T08:23:39.909+0000] {processor.py:175} INFO - Processing /home/airflow/.local/lib/python3.7/site-packages/airflow/example_dags/example_short_circuit_decorator.py took 0.038 seconds
[2025-08-27T09:35:51.053+0000] {processor.py:153} INFO - Started process (PID=20729) to work on /home/airflow/.local/lib/python3.7/site-packages/airflow/example_dags/example_short_circuit_decorator.py
[2025-08-27T09:35:51.053+0000] {processor.py:743} INFO - Processing file /home/airflow/.local/lib/python3.7/site-packages/airflow/example_dags/example_short_circuit_decorator.py for tasks to queue
[2025-08-27T09:35:51.054+0000] {logging_mixin.py:137} INFO - [2025-08-27T09:35:51.054+0000] {dagbag.py:538} INFO - Filling up the DagBag from /home/airflow/.local/lib/python3.7/site-packages/airflow/example_dags/example_short_circuit_decorator.py
[2025-08-27T09:35:51.064+0000] {processor.py:753} INFO - DAG(s) dict_keys(['example_short_circuit_decorator']) retrieved from /home/airflow/.local/lib/python3.7/site-packages/airflow/example_dags/example_short_circuit_decorator.py
[2025-08-27T09:35:51.074+0000] {logging_mixin.py:137} INFO - [2025-08-27T09:35:51.074+0000] {dag.py:2690} INFO - Sync 1 DAGs
[2025-08-27T09:35:51.083+0000] {logging_mixin.py:137} INFO - [2025-08-27T09:35:51.083+0000] {dag.py:3441} INFO - Setting next_dagrun for example_short_circuit_decorator to 2025-08-26T09:35:51.083699+00:00, run_after=2025-08-27T09:35:51.083699+00:00
[2025-08-27T09:35:51.090+0000] {processor.py:175} INFO - Processing /home/airflow/.local/lib/python3.7/site-packages/airflow/example_dags/example_short_circuit_decorator.py took 0.039 seconds
[2025-08-27T09:36:49.974+0000] {processor.py:153} INFO - Started process (PID=20829) to work on /home/airflow/.local/lib/python3.7/site-packages/airflow/example_dags/example_short_circuit_decorator.py
[2025-08-27T09:36:49.975+0000] {processor.py:743} INFO - Processing file /home/airflow/.local/lib/python3.7/site-packages/airflow/example_dags/example_short_circuit_decorator.py for tasks to queue
[2025-08-27T09:36:49.975+0000] {logging_mixin.py:137} INFO - [2025-08-27T09:36:49.975+0000] {dagbag.py:538} INFO - Filling up the DagBag from /home/airflow/.local/lib/python3.7/site-packages/airflow/example_dags/example_short_circuit_decorator.py
[2025-08-27T09:36:49.986+0000] {processor.py:753} INFO - DAG(s) dict_keys(['example_short_circuit_decorator']) retrieved from /home/airflow/.local/lib/python3.7/site-packages/airflow/example_dags/example_short_circuit_decorator.py
[2025-08-27T09:36:49.996+0000] {logging_mixin.py:137} INFO - [2025-08-27T09:36:49.995+0000] {dag.py:2690} INFO - Sync 1 DAGs
[2025-08-27T09:36:50.005+0000] {logging_mixin.py:137} INFO - [2025-08-27T09:36:50.005+0000] {dag.py:3441} INFO - Setting next_dagrun for example_short_circuit_decorator to 2025-08-26T09:36:50.004998+00:00, run_after=2025-08-27T09:36:50.004998+00:00
[2025-08-27T09:36:50.012+0000] {processor.py:175} INFO - Processing /home/airflow/.local/lib/python3.7/site-packages/airflow/example_dags/example_short_circuit_decorator.py took 0.040 seconds
[2025-08-27T09:38:53.191+0000] {processor.py:153} INFO - Started process (PID=20929) to work on /home/airflow/.local/lib/python3.7/site-packages/airflow/example_dags/example_short_circuit_decorator.py
[2025-08-27T09:38:53.191+0000] {processor.py:743} INFO - Processing file /home/airflow/.local/lib/python3.7/site-packages/airflow/example_dags/example_short_circuit_decorator.py for tasks to queue
[2025-08-27T09:38:53.191+0000] {logging_mixin.py:137} INFO - [2025-08-27T09:38:53.191+0000] {dagbag.py:538} INFO - Filling up the DagBag from /home/airflow/.local/lib/python3.7/site-packages/airflow/example_dags/example_short_circuit_decorator.py
[2025-08-27T09:38:53.202+0000] {processor.py:753} INFO - DAG(s) dict_keys(['example_short_circuit_decorator']) retrieved from /home/airflow/.local/lib/python3.7/site-packages/airflow/example_dags/example_short_circuit_decorator.py
[2025-08-27T09:38:53.215+0000] {logging_mixin.py:137} INFO - [2025-08-27T09:38:53.215+0000] {dag.py:2690} INFO - Sync 1 DAGs
[2025-08-27T09:38:53.224+0000] {logging_mixin.py:137} INFO - [2025-08-27T09:38:53.224+0000] {dag.py:3441} INFO - Setting next_dagrun for example_short_circuit_decorator to 2025-08-26T09:38:53.224619+00:00, run_after=2025-08-27T09:38:53.224619+00:00
[2025-08-27T09:38:53.232+0000] {processor.py:175} INFO - Processing /home/airflow/.local/lib/python3.7/site-packages/airflow/example_dags/example_short_circuit_decorator.py took 0.043 seconds
[2025-08-27T09:39:39.317+0000] {processor.py:153} INFO - Started process (PID=21009) to work on /home/airflow/.local/lib/python3.7/site-packages/airflow/example_dags/example_short_circuit_decorator.py
[2025-08-27T09:39:39.318+0000] {processor.py:743} INFO - Processing file /home/airflow/.local/lib/python3.7/site-packages/airflow/example_dags/example_short_circuit_decorator.py for tasks to queue
[2025-08-27T09:39:39.318+0000] {logging_mixin.py:137} INFO - [2025-08-27T09:39:39.318+0000] {dagbag.py:538} INFO - Filling up the DagBag from /home/airflow/.local/lib/python3.7/site-packages/airflow/example_dags/example_short_circuit_decorator.py
[2025-08-27T09:39:39.329+0000] {processor.py:753} INFO - DAG(s) dict_keys(['example_short_circuit_decorator']) retrieved from /home/airflow/.local/lib/python3.7/site-packages/airflow/example_dags/example_short_circuit_decorator.py
[2025-08-27T09:39:39.339+0000] {logging_mixin.py:137} INFO - [2025-08-27T09:39:39.339+0000] {dag.py:2690} INFO - Sync 1 DAGs
[2025-08-27T09:39:39.352+0000] {logging_mixin.py:137} INFO - [2025-08-27T09:39:39.352+0000] {dag.py:3441} INFO - Setting next_dagrun for example_short_circuit_decorator to 2025-08-26T09:39:39.352009+00:00, run_after=2025-08-27T09:39:39.352009+00:00
[2025-08-27T09:39:39.359+0000] {processor.py:175} INFO - Processing /home/airflow/.local/lib/python3.7/site-packages/airflow/example_dags/example_short_circuit_decorator.py took 0.043 seconds
[2025-08-27T09:50:06.864+0000] {processor.py:153} INFO - Started process (PID=21109) to work on /home/airflow/.local/lib/python3.7/site-packages/airflow/example_dags/example_short_circuit_decorator.py
[2025-08-27T09:50:06.865+0000] {processor.py:743} INFO - Processing file /home/airflow/.local/lib/python3.7/site-packages/airflow/example_dags/example_short_circuit_decorator.py for tasks to queue
[2025-08-27T09:50:06.865+0000] {logging_mixin.py:137} INFO - [2025-08-27T09:50:06.865+0000] {dagbag.py:538} INFO - Filling up the DagBag from /home/airflow/.local/lib/python3.7/site-packages/airflow/example_dags/example_short_circuit_decorator.py
[2025-08-27T09:50:06.875+0000] {processor.py:753} INFO - DAG(s) dict_keys(['example_short_circuit_decorator']) retrieved from /home/airflow/.local/lib/python3.7/site-packages/airflow/example_dags/example_short_circuit_decorator.py
[2025-08-27T09:50:06.887+0000] {logging_mixin.py:137} INFO - [2025-08-27T09:50:06.887+0000] {dag.py:2690} INFO - Sync 1 DAGs
[2025-08-27T09:50:06.897+0000] {logging_mixin.py:137} INFO - [2025-08-27T09:50:06.897+0000] {dag.py:3441} INFO - Setting next_dagrun for example_short_circuit_decorator to 2025-08-26T09:50:06.897310+00:00, run_after=2025-08-27T09:50:06.897310+00:00
[2025-08-27T09:50:06.904+0000] {processor.py:175} INFO - Processing /home/airflow/.local/lib/python3.7/site-packages/airflow/example_dags/example_short_circuit_decorator.py took 0.042 seconds
[2025-08-27T11:12:46.712+0000] {processor.py:153} INFO - Started process (PID=21209) to work on /home/airflow/.local/lib/python3.7/site-packages/airflow/example_dags/example_short_circuit_decorator.py
[2025-08-27T11:12:46.713+0000] {processor.py:743} INFO - Processing file /home/airflow/.local/lib/python3.7/site-packages/airflow/example_dags/example_short_circuit_decorator.py for tasks to queue
[2025-08-27T11:12:46.713+0000] {logging_mixin.py:137} INFO - [2025-08-27T11:12:46.713+0000] {dagbag.py:538} INFO - Filling up the DagBag from /home/airflow/.local/lib/python3.7/site-packages/airflow/example_dags/example_short_circuit_decorator.py
[2025-08-27T11:12:46.729+0000] {processor.py:753} INFO - DAG(s) dict_keys(['example_short_circuit_decorator']) retrieved from /home/airflow/.local/lib/python3.7/site-packages/airflow/example_dags/example_short_circuit_decorator.py
[2025-08-27T11:12:46.743+0000] {logging_mixin.py:137} INFO - [2025-08-27T11:12:46.742+0000] {dag.py:2690} INFO - Sync 1 DAGs
[2025-08-27T11:12:46.758+0000] {logging_mixin.py:137} INFO - [2025-08-27T11:12:46.758+0000] {dag.py:3441} INFO - Setting next_dagrun for example_short_circuit_decorator to 2025-08-26T11:12:46.757850+00:00, run_after=2025-08-27T11:12:46.757850+00:00
[2025-08-27T11:12:46.768+0000] {processor.py:175} INFO - Processing /home/airflow/.local/lib/python3.7/site-packages/airflow/example_dags/example_short_circuit_decorator.py took 0.059 seconds
[2025-08-27T11:34:31.568+0000] {processor.py:153} INFO - Started process (PID=21289) to work on /home/airflow/.local/lib/python3.7/site-packages/airflow/example_dags/example_short_circuit_decorator.py
[2025-08-27T11:34:31.568+0000] {processor.py:743} INFO - Processing file /home/airflow/.local/lib/python3.7/site-packages/airflow/example_dags/example_short_circuit_decorator.py for tasks to queue
[2025-08-27T11:34:31.569+0000] {logging_mixin.py:137} INFO - [2025-08-27T11:34:31.569+0000] {dagbag.py:538} INFO - Filling up the DagBag from /home/airflow/.local/lib/python3.7/site-packages/airflow/example_dags/example_short_circuit_decorator.py
[2025-08-27T11:34:31.579+0000] {processor.py:753} INFO - DAG(s) dict_keys(['example_short_circuit_decorator']) retrieved from /home/airflow/.local/lib/python3.7/site-packages/airflow/example_dags/example_short_circuit_decorator.py
[2025-08-27T11:34:31.589+0000] {logging_mixin.py:137} INFO - [2025-08-27T11:34:31.589+0000] {dag.py:2690} INFO - Sync 1 DAGs
[2025-08-27T11:34:31.598+0000] {logging_mixin.py:137} INFO - [2025-08-27T11:34:31.598+0000] {dag.py:3441} INFO - Setting next_dagrun for example_short_circuit_decorator to 2025-08-26T11:34:31.598734+00:00, run_after=2025-08-27T11:34:31.598734+00:00
[2025-08-27T11:34:31.605+0000] {processor.py:175} INFO - Processing /home/airflow/.local/lib/python3.7/site-packages/airflow/example_dags/example_short_circuit_decorator.py took 0.038 seconds
[2025-08-27T11:51:13.628+0000] {processor.py:153} INFO - Started process (PID=21389) to work on /home/airflow/.local/lib/python3.7/site-packages/airflow/example_dags/example_short_circuit_decorator.py
[2025-08-27T11:51:13.629+0000] {processor.py:743} INFO - Processing file /home/airflow/.local/lib/python3.7/site-packages/airflow/example_dags/example_short_circuit_decorator.py for tasks to queue
[2025-08-27T11:51:13.629+0000] {logging_mixin.py:137} INFO - [2025-08-27T11:51:13.629+0000] {dagbag.py:538} INFO - Filling up the DagBag from /home/airflow/.local/lib/python3.7/site-packages/airflow/example_dags/example_short_circuit_decorator.py
[2025-08-27T11:51:13.649+0000] {processor.py:753} INFO - DAG(s) dict_keys(['example_short_circuit_decorator']) retrieved from /home/airflow/.local/lib/python3.7/site-packages/airflow/example_dags/example_short_circuit_decorator.py
[2025-08-27T11:51:13.672+0000] {logging_mixin.py:137} INFO - [2025-08-27T11:51:13.672+0000] {dag.py:2690} INFO - Sync 1 DAGs
[2025-08-27T11:51:13.684+0000] {logging_mixin.py:137} INFO - [2025-08-27T11:51:13.684+0000] {dag.py:3441} INFO - Setting next_dagrun for example_short_circuit_decorator to 2025-08-26T11:51:13.683988+00:00, run_after=2025-08-27T11:51:13.683988+00:00
[2025-08-27T11:51:13.691+0000] {processor.py:175} INFO - Processing /home/airflow/.local/lib/python3.7/site-packages/airflow/example_dags/example_short_circuit_decorator.py took 0.065 seconds
[2025-08-27T11:53:12.129+0000] {processor.py:153} INFO - Started process (PID=21489) to work on /home/airflow/.local/lib/python3.7/site-packages/airflow/example_dags/example_short_circuit_decorator.py
[2025-08-27T11:53:12.129+0000] {processor.py:743} INFO - Processing file /home/airflow/.local/lib/python3.7/site-packages/airflow/example_dags/example_short_circuit_decorator.py for tasks to queue
[2025-08-27T11:53:12.130+0000] {logging_mixin.py:137} INFO - [2025-08-27T11:53:12.130+0000] {dagbag.py:538} INFO - Filling up the DagBag from /home/airflow/.local/lib/python3.7/site-packages/airflow/example_dags/example_short_circuit_decorator.py
[2025-08-27T11:53:12.144+0000] {processor.py:753} INFO - DAG(s) dict_keys(['example_short_circuit_decorator']) retrieved from /home/airflow/.local/lib/python3.7/site-packages/airflow/example_dags/example_short_circuit_decorator.py
[2025-08-27T11:53:12.160+0000] {logging_mixin.py:137} INFO - [2025-08-27T11:53:12.160+0000] {dag.py:2690} INFO - Sync 1 DAGs
[2025-08-27T11:53:12.170+0000] {logging_mixin.py:137} INFO - [2025-08-27T11:53:12.170+0000] {dag.py:3441} INFO - Setting next_dagrun for example_short_circuit_decorator to 2025-08-26T11:53:12.170416+00:00, run_after=2025-08-27T11:53:12.170416+00:00
[2025-08-27T11:53:12.177+0000] {processor.py:175} INFO - Processing /home/airflow/.local/lib/python3.7/site-packages/airflow/example_dags/example_short_circuit_decorator.py took 0.050 seconds
[2025-08-27T11:58:53.828+0000] {processor.py:153} INFO - Started process (PID=21589) to work on /home/airflow/.local/lib/python3.7/site-packages/airflow/example_dags/example_short_circuit_decorator.py
[2025-08-27T11:58:53.829+0000] {processor.py:743} INFO - Processing file /home/airflow/.local/lib/python3.7/site-packages/airflow/example_dags/example_short_circuit_decorator.py for tasks to queue
[2025-08-27T11:58:53.829+0000] {logging_mixin.py:137} INFO - [2025-08-27T11:58:53.829+0000] {dagbag.py:538} INFO - Filling up the DagBag from /home/airflow/.local/lib/python3.7/site-packages/airflow/example_dags/example_short_circuit_decorator.py
[2025-08-27T11:58:53.848+0000] {processor.py:753} INFO - DAG(s) dict_keys(['example_short_circuit_decorator']) retrieved from /home/airflow/.local/lib/python3.7/site-packages/airflow/example_dags/example_short_circuit_decorator.py
[2025-08-27T11:58:53.863+0000] {logging_mixin.py:137} INFO - [2025-08-27T11:58:53.863+0000] {dag.py:2690} INFO - Sync 1 DAGs
[2025-08-27T11:58:53.878+0000] {logging_mixin.py:137} INFO - [2025-08-27T11:58:53.878+0000] {dag.py:3441} INFO - Setting next_dagrun for example_short_circuit_decorator to 2025-08-26T11:58:53.878348+00:00, run_after=2025-08-27T11:58:53.878348+00:00
[2025-08-27T11:58:53.889+0000] {processor.py:175} INFO - Processing /home/airflow/.local/lib/python3.7/site-packages/airflow/example_dags/example_short_circuit_decorator.py took 0.063 seconds
[2025-08-27T12:11:20.797+0000] {processor.py:153} INFO - Started process (PID=21669) to work on /home/airflow/.local/lib/python3.7/site-packages/airflow/example_dags/example_short_circuit_decorator.py
[2025-08-27T12:11:20.797+0000] {processor.py:743} INFO - Processing file /home/airflow/.local/lib/python3.7/site-packages/airflow/example_dags/example_short_circuit_decorator.py for tasks to queue
[2025-08-27T12:11:20.797+0000] {logging_mixin.py:137} INFO - [2025-08-27T12:11:20.797+0000] {dagbag.py:538} INFO - Filling up the DagBag from /home/airflow/.local/lib/python3.7/site-packages/airflow/example_dags/example_short_circuit_decorator.py
[2025-08-27T12:11:20.807+0000] {processor.py:753} INFO - DAG(s) dict_keys(['example_short_circuit_decorator']) retrieved from /home/airflow/.local/lib/python3.7/site-packages/airflow/example_dags/example_short_circuit_decorator.py
[2025-08-27T12:11:20.818+0000] {logging_mixin.py:137} INFO - [2025-08-27T12:11:20.818+0000] {dag.py:2690} INFO - Sync 1 DAGs
[2025-08-27T12:11:20.827+0000] {logging_mixin.py:137} INFO - [2025-08-27T12:11:20.827+0000] {dag.py:3441} INFO - Setting next_dagrun for example_short_circuit_decorator to 2025-08-26T12:11:20.827223+00:00, run_after=2025-08-27T12:11:20.827223+00:00
[2025-08-27T12:11:20.833+0000] {processor.py:175} INFO - Processing /home/airflow/.local/lib/python3.7/site-packages/airflow/example_dags/example_short_circuit_decorator.py took 0.038 seconds
[2025-08-27T12:14:25.043+0000] {processor.py:153} INFO - Started process (PID=21769) to work on /home/airflow/.local/lib/python3.7/site-packages/airflow/example_dags/example_short_circuit_decorator.py
[2025-08-27T12:14:25.043+0000] {processor.py:743} INFO - Processing file /home/airflow/.local/lib/python3.7/site-packages/airflow/example_dags/example_short_circuit_decorator.py for tasks to queue
[2025-08-27T12:14:25.044+0000] {logging_mixin.py:137} INFO - [2025-08-27T12:14:25.044+0000] {dagbag.py:538} INFO - Filling up the DagBag from /home/airflow/.local/lib/python3.7/site-packages/airflow/example_dags/example_short_circuit_decorator.py
[2025-08-27T12:14:25.161+0000] {processor.py:753} INFO - DAG(s) dict_keys(['example_short_circuit_decorator']) retrieved from /home/airflow/.local/lib/python3.7/site-packages/airflow/example_dags/example_short_circuit_decorator.py
[2025-08-27T12:14:25.186+0000] {logging_mixin.py:137} INFO - [2025-08-27T12:14:25.186+0000] {dag.py:2690} INFO - Sync 1 DAGs
[2025-08-27T12:14:25.200+0000] {logging_mixin.py:137} INFO - [2025-08-27T12:14:25.200+0000] {dag.py:3441} INFO - Setting next_dagrun for example_short_circuit_decorator to 2025-08-26T12:14:25.200275+00:00, run_after=2025-08-27T12:14:25.200275+00:00
[2025-08-27T12:14:25.303+0000] {processor.py:175} INFO - Processing /home/airflow/.local/lib/python3.7/site-packages/airflow/example_dags/example_short_circuit_decorator.py took 0.261 seconds
[2025-08-27T12:27:57.832+0000] {processor.py:153} INFO - Started process (PID=21869) to work on /home/airflow/.local/lib/python3.7/site-packages/airflow/example_dags/example_short_circuit_decorator.py
[2025-08-27T12:27:57.833+0000] {processor.py:743} INFO - Processing file /home/airflow/.local/lib/python3.7/site-packages/airflow/example_dags/example_short_circuit_decorator.py for tasks to queue
[2025-08-27T12:27:57.834+0000] {logging_mixin.py:137} INFO - [2025-08-27T12:27:57.834+0000] {dagbag.py:538} INFO - Filling up the DagBag from /home/airflow/.local/lib/python3.7/site-packages/airflow/example_dags/example_short_circuit_decorator.py
[2025-08-27T12:27:57.847+0000] {processor.py:753} INFO - DAG(s) dict_keys(['example_short_circuit_decorator']) retrieved from /home/airflow/.local/lib/python3.7/site-packages/airflow/example_dags/example_short_circuit_decorator.py
[2025-08-27T12:27:57.862+0000] {logging_mixin.py:137} INFO - [2025-08-27T12:27:57.862+0000] {dag.py:2690} INFO - Sync 1 DAGs
[2025-08-27T12:27:57.873+0000] {logging_mixin.py:137} INFO - [2025-08-27T12:27:57.873+0000] {dag.py:3441} INFO - Setting next_dagrun for example_short_circuit_decorator to 2025-08-26T12:27:57.872912+00:00, run_after=2025-08-27T12:27:57.872912+00:00
[2025-08-27T12:27:57.881+0000] {processor.py:175} INFO - Processing /home/airflow/.local/lib/python3.7/site-packages/airflow/example_dags/example_short_circuit_decorator.py took 0.051 seconds
[2025-08-27T12:38:25.848+0000] {processor.py:153} INFO - Started process (PID=21949) to work on /home/airflow/.local/lib/python3.7/site-packages/airflow/example_dags/example_short_circuit_decorator.py
[2025-08-27T12:38:25.848+0000] {processor.py:743} INFO - Processing file /home/airflow/.local/lib/python3.7/site-packages/airflow/example_dags/example_short_circuit_decorator.py for tasks to queue
[2025-08-27T12:38:25.848+0000] {logging_mixin.py:137} INFO - [2025-08-27T12:38:25.848+0000] {dagbag.py:538} INFO - Filling up the DagBag from /home/airflow/.local/lib/python3.7/site-packages/airflow/example_dags/example_short_circuit_decorator.py
[2025-08-27T12:38:25.861+0000] {processor.py:753} INFO - DAG(s) dict_keys(['example_short_circuit_decorator']) retrieved from /home/airflow/.local/lib/python3.7/site-packages/airflow/example_dags/example_short_circuit_decorator.py
[2025-08-27T12:38:25.872+0000] {logging_mixin.py:137} INFO - [2025-08-27T12:38:25.872+0000] {dag.py:2690} INFO - Sync 1 DAGs
[2025-08-27T12:38:25.882+0000] {logging_mixin.py:137} INFO - [2025-08-27T12:38:25.882+0000] {dag.py:3441} INFO - Setting next_dagrun for example_short_circuit_decorator to 2025-08-26T12:38:25.882779+00:00, run_after=2025-08-27T12:38:25.882779+00:00
[2025-08-27T12:38:25.890+0000] {processor.py:175} INFO - Processing /home/airflow/.local/lib/python3.7/site-packages/airflow/example_dags/example_short_circuit_decorator.py took 0.044 seconds
[2025-08-27T12:57:12.741+0000] {processor.py:153} INFO - Started process (PID=22049) to work on /home/airflow/.local/lib/python3.7/site-packages/airflow/example_dags/example_short_circuit_decorator.py
[2025-08-27T12:57:12.742+0000] {processor.py:743} INFO - Processing file /home/airflow/.local/lib/python3.7/site-packages/airflow/example_dags/example_short_circuit_decorator.py for tasks to queue
[2025-08-27T12:57:12.742+0000] {logging_mixin.py:137} INFO - [2025-08-27T12:57:12.742+0000] {dagbag.py:538} INFO - Filling up the DagBag from /home/airflow/.local/lib/python3.7/site-packages/airflow/example_dags/example_short_circuit_decorator.py
[2025-08-27T12:57:12.758+0000] {processor.py:753} INFO - DAG(s) dict_keys(['example_short_circuit_decorator']) retrieved from /home/airflow/.local/lib/python3.7/site-packages/airflow/example_dags/example_short_circuit_decorator.py
[2025-08-27T12:57:12.780+0000] {logging_mixin.py:137} INFO - [2025-08-27T12:57:12.780+0000] {dag.py:2690} INFO - Sync 1 DAGs
[2025-08-27T12:57:12.796+0000] {logging_mixin.py:137} INFO - [2025-08-27T12:57:12.796+0000] {dag.py:3441} INFO - Setting next_dagrun for example_short_circuit_decorator to 2025-08-26T12:57:12.796049+00:00, run_after=2025-08-27T12:57:12.796049+00:00
[2025-08-27T12:57:12.812+0000] {processor.py:175} INFO - Processing /home/airflow/.local/lib/python3.7/site-packages/airflow/example_dags/example_short_circuit_decorator.py took 0.073 seconds
[2025-08-27T12:57:43.181+0000] {processor.py:153} INFO - Started process (PID=22149) to work on /home/airflow/.local/lib/python3.7/site-packages/airflow/example_dags/example_short_circuit_decorator.py
[2025-08-27T12:57:43.182+0000] {processor.py:743} INFO - Processing file /home/airflow/.local/lib/python3.7/site-packages/airflow/example_dags/example_short_circuit_decorator.py for tasks to queue
[2025-08-27T12:57:43.182+0000] {logging_mixin.py:137} INFO - [2025-08-27T12:57:43.182+0000] {dagbag.py:538} INFO - Filling up the DagBag from /home/airflow/.local/lib/python3.7/site-packages/airflow/example_dags/example_short_circuit_decorator.py
[2025-08-27T12:57:43.192+0000] {processor.py:753} INFO - DAG(s) dict_keys(['example_short_circuit_decorator']) retrieved from /home/airflow/.local/lib/python3.7/site-packages/airflow/example_dags/example_short_circuit_decorator.py
[2025-08-27T12:57:43.202+0000] {logging_mixin.py:137} INFO - [2025-08-27T12:57:43.202+0000] {dag.py:2690} INFO - Sync 1 DAGs
[2025-08-27T12:57:43.211+0000] {logging_mixin.py:137} INFO - [2025-08-27T12:57:43.211+0000] {dag.py:3441} INFO - Setting next_dagrun for example_short_circuit_decorator to 2025-08-26T12:57:43.211389+00:00, run_after=2025-08-27T12:57:43.211389+00:00
[2025-08-27T12:57:43.217+0000] {processor.py:175} INFO - Processing /home/airflow/.local/lib/python3.7/site-packages/airflow/example_dags/example_short_circuit_decorator.py took 0.037 seconds
[2025-08-27T13:27:11.043+0000] {processor.py:153} INFO - Started process (PID=22249) to work on /home/airflow/.local/lib/python3.7/site-packages/airflow/example_dags/example_short_circuit_decorator.py
[2025-08-27T13:27:11.044+0000] {processor.py:743} INFO - Processing file /home/airflow/.local/lib/python3.7/site-packages/airflow/example_dags/example_short_circuit_decorator.py for tasks to queue
[2025-08-27T13:27:11.044+0000] {logging_mixin.py:137} INFO - [2025-08-27T13:27:11.044+0000] {dagbag.py:538} INFO - Filling up the DagBag from /home/airflow/.local/lib/python3.7/site-packages/airflow/example_dags/example_short_circuit_decorator.py
[2025-08-27T13:27:11.058+0000] {processor.py:753} INFO - DAG(s) dict_keys(['example_short_circuit_decorator']) retrieved from /home/airflow/.local/lib/python3.7/site-packages/airflow/example_dags/example_short_circuit_decorator.py
[2025-08-27T13:27:11.072+0000] {logging_mixin.py:137} INFO - [2025-08-27T13:27:11.072+0000] {dag.py:2690} INFO - Sync 1 DAGs
[2025-08-27T13:27:11.083+0000] {logging_mixin.py:137} INFO - [2025-08-27T13:27:11.083+0000] {dag.py:3441} INFO - Setting next_dagrun for example_short_circuit_decorator to 2025-08-26T13:27:11.083716+00:00, run_after=2025-08-27T13:27:11.083716+00:00
[2025-08-27T13:27:11.091+0000] {processor.py:175} INFO - Processing /home/airflow/.local/lib/python3.7/site-packages/airflow/example_dags/example_short_circuit_decorator.py took 0.051 seconds
[2025-08-27T13:30:13.107+0000] {processor.py:153} INFO - Started process (PID=22329) to work on /home/airflow/.local/lib/python3.7/site-packages/airflow/example_dags/example_short_circuit_decorator.py
[2025-08-27T13:30:13.108+0000] {processor.py:743} INFO - Processing file /home/airflow/.local/lib/python3.7/site-packages/airflow/example_dags/example_short_circuit_decorator.py for tasks to queue
[2025-08-27T13:30:13.109+0000] {logging_mixin.py:137} INFO - [2025-08-27T13:30:13.109+0000] {dagbag.py:538} INFO - Filling up the DagBag from /home/airflow/.local/lib/python3.7/site-packages/airflow/example_dags/example_short_circuit_decorator.py
[2025-08-27T13:30:13.123+0000] {processor.py:753} INFO - DAG(s) dict_keys(['example_short_circuit_decorator']) retrieved from /home/airflow/.local/lib/python3.7/site-packages/airflow/example_dags/example_short_circuit_decorator.py
[2025-08-27T13:30:13.135+0000] {logging_mixin.py:137} INFO - [2025-08-27T13:30:13.135+0000] {dag.py:2690} INFO - Sync 1 DAGs
[2025-08-27T13:30:13.146+0000] {logging_mixin.py:137} INFO - [2025-08-27T13:30:13.146+0000] {dag.py:3441} INFO - Setting next_dagrun for example_short_circuit_decorator to 2025-08-26T13:30:13.146023+00:00, run_after=2025-08-27T13:30:13.146023+00:00
[2025-08-27T13:30:13.156+0000] {processor.py:175} INFO - Processing /home/airflow/.local/lib/python3.7/site-packages/airflow/example_dags/example_short_circuit_decorator.py took 0.050 seconds
[2025-08-27T13:37:07.216+0000] {processor.py:153} INFO - Started process (PID=22429) to work on /home/airflow/.local/lib/python3.7/site-packages/airflow/example_dags/example_short_circuit_decorator.py
[2025-08-27T13:37:07.217+0000] {processor.py:743} INFO - Processing file /home/airflow/.local/lib/python3.7/site-packages/airflow/example_dags/example_short_circuit_decorator.py for tasks to queue
[2025-08-27T13:37:07.217+0000] {logging_mixin.py:137} INFO - [2025-08-27T13:37:07.217+0000] {dagbag.py:538} INFO - Filling up the DagBag from /home/airflow/.local/lib/python3.7/site-packages/airflow/example_dags/example_short_circuit_decorator.py
[2025-08-27T13:37:07.231+0000] {processor.py:753} INFO - DAG(s) dict_keys(['example_short_circuit_decorator']) retrieved from /home/airflow/.local/lib/python3.7/site-packages/airflow/example_dags/example_short_circuit_decorator.py
[2025-08-27T13:37:07.242+0000] {logging_mixin.py:137} INFO - [2025-08-27T13:37:07.242+0000] {dag.py:2690} INFO - Sync 1 DAGs
[2025-08-27T13:37:07.251+0000] {logging_mixin.py:137} INFO - [2025-08-27T13:37:07.251+0000] {dag.py:3441} INFO - Setting next_dagrun for example_short_circuit_decorator to 2025-08-26T13:37:07.251452+00:00, run_after=2025-08-27T13:37:07.251452+00:00
[2025-08-27T13:37:07.259+0000] {processor.py:175} INFO - Processing /home/airflow/.local/lib/python3.7/site-packages/airflow/example_dags/example_short_circuit_decorator.py took 0.044 seconds
[2025-08-27T13:51:01.787+0000] {processor.py:153} INFO - Started process (PID=22529) to work on /home/airflow/.local/lib/python3.7/site-packages/airflow/example_dags/example_short_circuit_decorator.py
[2025-08-27T13:51:01.787+0000] {processor.py:743} INFO - Processing file /home/airflow/.local/lib/python3.7/site-packages/airflow/example_dags/example_short_circuit_decorator.py for tasks to queue
[2025-08-27T13:51:01.787+0000] {logging_mixin.py:137} INFO - [2025-08-27T13:51:01.787+0000] {dagbag.py:538} INFO - Filling up the DagBag from /home/airflow/.local/lib/python3.7/site-packages/airflow/example_dags/example_short_circuit_decorator.py
[2025-08-27T13:51:01.797+0000] {processor.py:753} INFO - DAG(s) dict_keys(['example_short_circuit_decorator']) retrieved from /home/airflow/.local/lib/python3.7/site-packages/airflow/example_dags/example_short_circuit_decorator.py
[2025-08-27T13:51:01.807+0000] {logging_mixin.py:137} INFO - [2025-08-27T13:51:01.807+0000] {dag.py:2690} INFO - Sync 1 DAGs
[2025-08-27T13:51:01.818+0000] {logging_mixin.py:137} INFO - [2025-08-27T13:51:01.818+0000] {dag.py:3441} INFO - Setting next_dagrun for example_short_circuit_decorator to 2025-08-26T13:51:01.818161+00:00, run_after=2025-08-27T13:51:01.818161+00:00
[2025-08-27T13:51:01.825+0000] {processor.py:175} INFO - Processing /home/airflow/.local/lib/python3.7/site-packages/airflow/example_dags/example_short_circuit_decorator.py took 0.040 seconds
[2025-08-27T14:01:06.451+0000] {processor.py:153} INFO - Started process (PID=22618) to work on /home/airflow/.local/lib/python3.7/site-packages/airflow/example_dags/example_short_circuit_decorator.py
[2025-08-27T14:01:06.452+0000] {processor.py:743} INFO - Processing file /home/airflow/.local/lib/python3.7/site-packages/airflow/example_dags/example_short_circuit_decorator.py for tasks to queue
[2025-08-27T14:01:06.452+0000] {logging_mixin.py:137} INFO - [2025-08-27T14:01:06.452+0000] {dagbag.py:538} INFO - Filling up the DagBag from /home/airflow/.local/lib/python3.7/site-packages/airflow/example_dags/example_short_circuit_decorator.py
[2025-08-27T14:01:06.465+0000] {processor.py:753} INFO - DAG(s) dict_keys(['example_short_circuit_decorator']) retrieved from /home/airflow/.local/lib/python3.7/site-packages/airflow/example_dags/example_short_circuit_decorator.py
[2025-08-27T14:01:06.478+0000] {logging_mixin.py:137} INFO - [2025-08-27T14:01:06.478+0000] {dag.py:2690} INFO - Sync 1 DAGs
[2025-08-27T14:01:06.492+0000] {logging_mixin.py:137} INFO - [2025-08-27T14:01:06.491+0000] {dag.py:3441} INFO - Setting next_dagrun for example_short_circuit_decorator to 2025-08-26T14:01:06.491749+00:00, run_after=2025-08-27T14:01:06.491749+00:00
[2025-08-27T14:01:06.503+0000] {processor.py:175} INFO - Processing /home/airflow/.local/lib/python3.7/site-packages/airflow/example_dags/example_short_circuit_decorator.py took 0.053 seconds
[2025-08-27T14:41:12.807+0000] {processor.py:153} INFO - Started process (PID=22709) to work on /home/airflow/.local/lib/python3.7/site-packages/airflow/example_dags/example_short_circuit_decorator.py
[2025-08-27T14:41:12.807+0000] {processor.py:743} INFO - Processing file /home/airflow/.local/lib/python3.7/site-packages/airflow/example_dags/example_short_circuit_decorator.py for tasks to queue
[2025-08-27T14:41:12.808+0000] {logging_mixin.py:137} INFO - [2025-08-27T14:41:12.808+0000] {dagbag.py:538} INFO - Filling up the DagBag from /home/airflow/.local/lib/python3.7/site-packages/airflow/example_dags/example_short_circuit_decorator.py
[2025-08-27T14:41:12.819+0000] {processor.py:753} INFO - DAG(s) dict_keys(['example_short_circuit_decorator']) retrieved from /home/airflow/.local/lib/python3.7/site-packages/airflow/example_dags/example_short_circuit_decorator.py
[2025-08-27T14:41:12.831+0000] {logging_mixin.py:137} INFO - [2025-08-27T14:41:12.831+0000] {dag.py:2690} INFO - Sync 1 DAGs
[2025-08-27T14:41:12.844+0000] {logging_mixin.py:137} INFO - [2025-08-27T14:41:12.844+0000] {dag.py:3441} INFO - Setting next_dagrun for example_short_circuit_decorator to 2025-08-26T14:41:12.844006+00:00, run_after=2025-08-27T14:41:12.844006+00:00
[2025-08-27T14:41:12.854+0000] {processor.py:175} INFO - Processing /home/airflow/.local/lib/python3.7/site-packages/airflow/example_dags/example_short_circuit_decorator.py took 0.049 seconds
[2025-08-27T14:43:54.801+0000] {processor.py:153} INFO - Started process (PID=22809) to work on /home/airflow/.local/lib/python3.7/site-packages/airflow/example_dags/example_short_circuit_decorator.py
[2025-08-27T14:43:54.802+0000] {processor.py:743} INFO - Processing file /home/airflow/.local/lib/python3.7/site-packages/airflow/example_dags/example_short_circuit_decorator.py for tasks to queue
[2025-08-27T14:43:54.806+0000] {logging_mixin.py:137} INFO - [2025-08-27T14:43:54.806+0000] {dagbag.py:538} INFO - Filling up the DagBag from /home/airflow/.local/lib/python3.7/site-packages/airflow/example_dags/example_short_circuit_decorator.py
[2025-08-27T14:43:54.819+0000] {processor.py:753} INFO - DAG(s) dict_keys(['example_short_circuit_decorator']) retrieved from /home/airflow/.local/lib/python3.7/site-packages/airflow/example_dags/example_short_circuit_decorator.py
[2025-08-27T14:43:54.831+0000] {logging_mixin.py:137} INFO - [2025-08-27T14:43:54.830+0000] {dag.py:2690} INFO - Sync 1 DAGs
[2025-08-27T14:43:54.841+0000] {logging_mixin.py:137} INFO - [2025-08-27T14:43:54.841+0000] {dag.py:3441} INFO - Setting next_dagrun for example_short_circuit_decorator to 2025-08-26T14:43:54.840963+00:00, run_after=2025-08-27T14:43:54.840963+00:00
[2025-08-27T14:43:54.847+0000] {processor.py:175} INFO - Processing /home/airflow/.local/lib/python3.7/site-packages/airflow/example_dags/example_short_circuit_decorator.py took 0.048 seconds
[2025-08-27T14:54:31.946+0000] {processor.py:153} INFO - Started process (PID=22909) to work on /home/airflow/.local/lib/python3.7/site-packages/airflow/example_dags/example_short_circuit_decorator.py
[2025-08-27T14:54:31.947+0000] {processor.py:743} INFO - Processing file /home/airflow/.local/lib/python3.7/site-packages/airflow/example_dags/example_short_circuit_decorator.py for tasks to queue
[2025-08-27T14:54:31.950+0000] {logging_mixin.py:137} INFO - [2025-08-27T14:54:31.950+0000] {dagbag.py:538} INFO - Filling up the DagBag from /home/airflow/.local/lib/python3.7/site-packages/airflow/example_dags/example_short_circuit_decorator.py
[2025-08-27T14:54:31.961+0000] {processor.py:753} INFO - DAG(s) dict_keys(['example_short_circuit_decorator']) retrieved from /home/airflow/.local/lib/python3.7/site-packages/airflow/example_dags/example_short_circuit_decorator.py
[2025-08-27T14:54:31.972+0000] {logging_mixin.py:137} INFO - [2025-08-27T14:54:31.972+0000] {dag.py:2690} INFO - Sync 1 DAGs
[2025-08-27T14:54:31.982+0000] {logging_mixin.py:137} INFO - [2025-08-27T14:54:31.982+0000] {dag.py:3441} INFO - Setting next_dagrun for example_short_circuit_decorator to 2025-08-26T14:54:31.982086+00:00, run_after=2025-08-27T14:54:31.982086+00:00
[2025-08-27T14:54:31.988+0000] {processor.py:175} INFO - Processing /home/airflow/.local/lib/python3.7/site-packages/airflow/example_dags/example_short_circuit_decorator.py took 0.044 seconds
[2025-08-27T15:01:39.551+0000] {processor.py:153} INFO - Started process (PID=22989) to work on /home/airflow/.local/lib/python3.7/site-packages/airflow/example_dags/example_short_circuit_decorator.py
[2025-08-27T15:01:39.551+0000] {processor.py:743} INFO - Processing file /home/airflow/.local/lib/python3.7/site-packages/airflow/example_dags/example_short_circuit_decorator.py for tasks to queue
[2025-08-27T15:01:39.551+0000] {logging_mixin.py:137} INFO - [2025-08-27T15:01:39.551+0000] {dagbag.py:538} INFO - Filling up the DagBag from /home/airflow/.local/lib/python3.7/site-packages/airflow/example_dags/example_short_circuit_decorator.py
[2025-08-27T15:01:39.565+0000] {processor.py:753} INFO - DAG(s) dict_keys(['example_short_circuit_decorator']) retrieved from /home/airflow/.local/lib/python3.7/site-packages/airflow/example_dags/example_short_circuit_decorator.py
[2025-08-27T15:01:39.575+0000] {logging_mixin.py:137} INFO - [2025-08-27T15:01:39.575+0000] {dag.py:2690} INFO - Sync 1 DAGs
[2025-08-27T15:01:39.584+0000] {logging_mixin.py:137} INFO - [2025-08-27T15:01:39.584+0000] {dag.py:3441} INFO - Setting next_dagrun for example_short_circuit_decorator to 2025-08-26T15:01:39.584291+00:00, run_after=2025-08-27T15:01:39.584291+00:00
[2025-08-27T15:01:39.591+0000] {processor.py:175} INFO - Processing /home/airflow/.local/lib/python3.7/site-packages/airflow/example_dags/example_short_circuit_decorator.py took 0.042 seconds
[2025-08-27T15:08:10.022+0000] {processor.py:153} INFO - Started process (PID=23089) to work on /home/airflow/.local/lib/python3.7/site-packages/airflow/example_dags/example_short_circuit_decorator.py
[2025-08-27T15:08:10.022+0000] {processor.py:743} INFO - Processing file /home/airflow/.local/lib/python3.7/site-packages/airflow/example_dags/example_short_circuit_decorator.py for tasks to queue
[2025-08-27T15:08:10.022+0000] {logging_mixin.py:137} INFO - [2025-08-27T15:08:10.022+0000] {dagbag.py:538} INFO - Filling up the DagBag from /home/airflow/.local/lib/python3.7/site-packages/airflow/example_dags/example_short_circuit_decorator.py
[2025-08-27T15:08:10.040+0000] {processor.py:753} INFO - DAG(s) dict_keys(['example_short_circuit_decorator']) retrieved from /home/airflow/.local/lib/python3.7/site-packages/airflow/example_dags/example_short_circuit_decorator.py
[2025-08-27T15:08:10.059+0000] {logging_mixin.py:137} INFO - [2025-08-27T15:08:10.059+0000] {dag.py:2690} INFO - Sync 1 DAGs
[2025-08-27T15:08:10.079+0000] {logging_mixin.py:137} INFO - [2025-08-27T15:08:10.079+0000] {dag.py:3441} INFO - Setting next_dagrun for example_short_circuit_decorator to 2025-08-26T15:08:10.079065+00:00, run_after=2025-08-27T15:08:10.079065+00:00
[2025-08-27T15:08:10.098+0000] {processor.py:175} INFO - Processing /home/airflow/.local/lib/python3.7/site-packages/airflow/example_dags/example_short_circuit_decorator.py took 0.078 seconds
[2025-08-27T15:18:52.664+0000] {processor.py:153} INFO - Started process (PID=23189) to work on /home/airflow/.local/lib/python3.7/site-packages/airflow/example_dags/example_short_circuit_decorator.py
[2025-08-27T15:18:52.664+0000] {processor.py:743} INFO - Processing file /home/airflow/.local/lib/python3.7/site-packages/airflow/example_dags/example_short_circuit_decorator.py for tasks to queue
[2025-08-27T15:18:52.665+0000] {logging_mixin.py:137} INFO - [2025-08-27T15:18:52.665+0000] {dagbag.py:538} INFO - Filling up the DagBag from /home/airflow/.local/lib/python3.7/site-packages/airflow/example_dags/example_short_circuit_decorator.py
[2025-08-27T15:18:52.680+0000] {processor.py:753} INFO - DAG(s) dict_keys(['example_short_circuit_decorator']) retrieved from /home/airflow/.local/lib/python3.7/site-packages/airflow/example_dags/example_short_circuit_decorator.py
[2025-08-27T15:18:52.701+0000] {logging_mixin.py:137} INFO - [2025-08-27T15:18:52.700+0000] {dag.py:2690} INFO - Sync 1 DAGs
[2025-08-27T15:18:52.712+0000] {logging_mixin.py:137} INFO - [2025-08-27T15:18:52.712+0000] {dag.py:3441} INFO - Setting next_dagrun for example_short_circuit_decorator to 2025-08-26T15:18:52.712428+00:00, run_after=2025-08-27T15:18:52.712428+00:00
[2025-08-27T15:18:52.721+0000] {processor.py:175} INFO - Processing /home/airflow/.local/lib/python3.7/site-packages/airflow/example_dags/example_short_circuit_decorator.py took 0.059 seconds
[2025-08-27T15:19:37.084+0000] {processor.py:153} INFO - Started process (PID=23269) to work on /home/airflow/.local/lib/python3.7/site-packages/airflow/example_dags/example_short_circuit_decorator.py
[2025-08-27T15:19:37.085+0000] {processor.py:743} INFO - Processing file /home/airflow/.local/lib/python3.7/site-packages/airflow/example_dags/example_short_circuit_decorator.py for tasks to queue
[2025-08-27T15:19:37.085+0000] {logging_mixin.py:137} INFO - [2025-08-27T15:19:37.085+0000] {dagbag.py:538} INFO - Filling up the DagBag from /home/airflow/.local/lib/python3.7/site-packages/airflow/example_dags/example_short_circuit_decorator.py
[2025-08-27T15:19:37.098+0000] {processor.py:753} INFO - DAG(s) dict_keys(['example_short_circuit_decorator']) retrieved from /home/airflow/.local/lib/python3.7/site-packages/airflow/example_dags/example_short_circuit_decorator.py
[2025-08-27T15:19:37.110+0000] {logging_mixin.py:137} INFO - [2025-08-27T15:19:37.110+0000] {dag.py:2690} INFO - Sync 1 DAGs
[2025-08-27T15:19:37.120+0000] {logging_mixin.py:137} INFO - [2025-08-27T15:19:37.120+0000] {dag.py:3441} INFO - Setting next_dagrun for example_short_circuit_decorator to 2025-08-26T15:19:37.120019+00:00, run_after=2025-08-27T15:19:37.120019+00:00
[2025-08-27T15:19:37.127+0000] {processor.py:175} INFO - Processing /home/airflow/.local/lib/python3.7/site-packages/airflow/example_dags/example_short_circuit_decorator.py took 0.044 seconds
[2025-08-27T15:21:53.139+0000] {processor.py:153} INFO - Started process (PID=23369) to work on /home/airflow/.local/lib/python3.7/site-packages/airflow/example_dags/example_short_circuit_decorator.py
[2025-08-27T15:21:53.139+0000] {processor.py:743} INFO - Processing file /home/airflow/.local/lib/python3.7/site-packages/airflow/example_dags/example_short_circuit_decorator.py for tasks to queue
[2025-08-27T15:21:53.139+0000] {logging_mixin.py:137} INFO - [2025-08-27T15:21:53.139+0000] {dagbag.py:538} INFO - Filling up the DagBag from /home/airflow/.local/lib/python3.7/site-packages/airflow/example_dags/example_short_circuit_decorator.py
[2025-08-27T15:21:53.149+0000] {processor.py:753} INFO - DAG(s) dict_keys(['example_short_circuit_decorator']) retrieved from /home/airflow/.local/lib/python3.7/site-packages/airflow/example_dags/example_short_circuit_decorator.py
[2025-08-27T15:21:53.159+0000] {logging_mixin.py:137} INFO - [2025-08-27T15:21:53.159+0000] {dag.py:2690} INFO - Sync 1 DAGs
[2025-08-27T15:21:53.168+0000] {logging_mixin.py:137} INFO - [2025-08-27T15:21:53.168+0000] {dag.py:3441} INFO - Setting next_dagrun for example_short_circuit_decorator to 2025-08-26T15:21:53.168147+00:00, run_after=2025-08-27T15:21:53.168147+00:00
[2025-08-27T15:21:53.175+0000] {processor.py:175} INFO - Processing /home/airflow/.local/lib/python3.7/site-packages/airflow/example_dags/example_short_circuit_decorator.py took 0.038 seconds
[2025-08-27T15:25:59.354+0000] {processor.py:153} INFO - Started process (PID=23469) to work on /home/airflow/.local/lib/python3.7/site-packages/airflow/example_dags/example_short_circuit_decorator.py
[2025-08-27T15:25:59.354+0000] {processor.py:743} INFO - Processing file /home/airflow/.local/lib/python3.7/site-packages/airflow/example_dags/example_short_circuit_decorator.py for tasks to queue
[2025-08-27T15:25:59.355+0000] {logging_mixin.py:137} INFO - [2025-08-27T15:25:59.354+0000] {dagbag.py:538} INFO - Filling up the DagBag from /home/airflow/.local/lib/python3.7/site-packages/airflow/example_dags/example_short_circuit_decorator.py
[2025-08-27T15:25:59.370+0000] {processor.py:753} INFO - DAG(s) dict_keys(['example_short_circuit_decorator']) retrieved from /home/airflow/.local/lib/python3.7/site-packages/airflow/example_dags/example_short_circuit_decorator.py
[2025-08-27T15:25:59.382+0000] {logging_mixin.py:137} INFO - [2025-08-27T15:25:59.382+0000] {dag.py:2690} INFO - Sync 1 DAGs
[2025-08-27T15:25:59.394+0000] {logging_mixin.py:137} INFO - [2025-08-27T15:25:59.394+0000] {dag.py:3441} INFO - Setting next_dagrun for example_short_circuit_decorator to 2025-08-26T15:25:59.394147+00:00, run_after=2025-08-27T15:25:59.394147+00:00
[2025-08-27T15:25:59.402+0000] {processor.py:175} INFO - Processing /home/airflow/.local/lib/python3.7/site-packages/airflow/example_dags/example_short_circuit_decorator.py took 0.050 seconds
[2025-08-27T16:00:40.534+0000] {processor.py:153} INFO - Started process (PID=23569) to work on /home/airflow/.local/lib/python3.7/site-packages/airflow/example_dags/example_short_circuit_decorator.py
[2025-08-27T16:00:40.535+0000] {processor.py:743} INFO - Processing file /home/airflow/.local/lib/python3.7/site-packages/airflow/example_dags/example_short_circuit_decorator.py for tasks to queue
[2025-08-27T16:00:40.535+0000] {logging_mixin.py:137} INFO - [2025-08-27T16:00:40.535+0000] {dagbag.py:538} INFO - Filling up the DagBag from /home/airflow/.local/lib/python3.7/site-packages/airflow/example_dags/example_short_circuit_decorator.py
[2025-08-27T16:00:40.556+0000] {processor.py:753} INFO - DAG(s) dict_keys(['example_short_circuit_decorator']) retrieved from /home/airflow/.local/lib/python3.7/site-packages/airflow/example_dags/example_short_circuit_decorator.py
[2025-08-27T16:00:40.570+0000] {logging_mixin.py:137} INFO - [2025-08-27T16:00:40.570+0000] {dag.py:2690} INFO - Sync 1 DAGs
[2025-08-27T16:00:40.579+0000] {logging_mixin.py:137} INFO - [2025-08-27T16:00:40.579+0000] {dag.py:3441} INFO - Setting next_dagrun for example_short_circuit_decorator to 2025-08-26T16:00:40.579433+00:00, run_after=2025-08-27T16:00:40.579433+00:00
[2025-08-27T16:00:40.592+0000] {processor.py:175} INFO - Processing /home/airflow/.local/lib/python3.7/site-packages/airflow/example_dags/example_short_circuit_decorator.py took 0.059 seconds
[2025-08-27T16:14:53.290+0000] {processor.py:153} INFO - Started process (PID=23649) to work on /home/airflow/.local/lib/python3.7/site-packages/airflow/example_dags/example_short_circuit_decorator.py
[2025-08-27T16:14:53.291+0000] {processor.py:743} INFO - Processing file /home/airflow/.local/lib/python3.7/site-packages/airflow/example_dags/example_short_circuit_decorator.py for tasks to queue
[2025-08-27T16:14:53.291+0000] {logging_mixin.py:137} INFO - [2025-08-27T16:14:53.291+0000] {dagbag.py:538} INFO - Filling up the DagBag from /home/airflow/.local/lib/python3.7/site-packages/airflow/example_dags/example_short_circuit_decorator.py
[2025-08-27T16:14:53.303+0000] {processor.py:753} INFO - DAG(s) dict_keys(['example_short_circuit_decorator']) retrieved from /home/airflow/.local/lib/python3.7/site-packages/airflow/example_dags/example_short_circuit_decorator.py
[2025-08-27T16:14:53.314+0000] {logging_mixin.py:137} INFO - [2025-08-27T16:14:53.313+0000] {dag.py:2690} INFO - Sync 1 DAGs
[2025-08-27T16:14:53.324+0000] {logging_mixin.py:137} INFO - [2025-08-27T16:14:53.324+0000] {dag.py:3441} INFO - Setting next_dagrun for example_short_circuit_decorator to 2025-08-26T16:14:53.324439+00:00, run_after=2025-08-27T16:14:53.324439+00:00
[2025-08-27T16:14:53.331+0000] {processor.py:175} INFO - Processing /home/airflow/.local/lib/python3.7/site-packages/airflow/example_dags/example_short_circuit_decorator.py took 0.043 seconds
[2025-08-27T16:23:10.631+0000] {processor.py:153} INFO - Started process (PID=23749) to work on /home/airflow/.local/lib/python3.7/site-packages/airflow/example_dags/example_short_circuit_decorator.py
[2025-08-27T16:23:10.631+0000] {processor.py:743} INFO - Processing file /home/airflow/.local/lib/python3.7/site-packages/airflow/example_dags/example_short_circuit_decorator.py for tasks to queue
[2025-08-27T16:23:10.631+0000] {logging_mixin.py:137} INFO - [2025-08-27T16:23:10.631+0000] {dagbag.py:538} INFO - Filling up the DagBag from /home/airflow/.local/lib/python3.7/site-packages/airflow/example_dags/example_short_circuit_decorator.py
[2025-08-27T16:23:10.643+0000] {processor.py:753} INFO - DAG(s) dict_keys(['example_short_circuit_decorator']) retrieved from /home/airflow/.local/lib/python3.7/site-packages/airflow/example_dags/example_short_circuit_decorator.py
[2025-08-27T16:23:10.655+0000] {logging_mixin.py:137} INFO - [2025-08-27T16:23:10.654+0000] {dag.py:2690} INFO - Sync 1 DAGs
[2025-08-27T16:23:10.666+0000] {logging_mixin.py:137} INFO - [2025-08-27T16:23:10.666+0000] {dag.py:3441} INFO - Setting next_dagrun for example_short_circuit_decorator to 2025-08-26T16:23:10.665992+00:00, run_after=2025-08-27T16:23:10.665992+00:00
[2025-08-27T16:23:10.675+0000] {processor.py:175} INFO - Processing /home/airflow/.local/lib/python3.7/site-packages/airflow/example_dags/example_short_circuit_decorator.py took 0.046 seconds
[2025-08-27T16:24:54.237+0000] {processor.py:153} INFO - Started process (PID=23849) to work on /home/airflow/.local/lib/python3.7/site-packages/airflow/example_dags/example_short_circuit_decorator.py
[2025-08-27T16:24:54.240+0000] {processor.py:743} INFO - Processing file /home/airflow/.local/lib/python3.7/site-packages/airflow/example_dags/example_short_circuit_decorator.py for tasks to queue
[2025-08-27T16:24:54.241+0000] {logging_mixin.py:137} INFO - [2025-08-27T16:24:54.241+0000] {dagbag.py:538} INFO - Filling up the DagBag from /home/airflow/.local/lib/python3.7/site-packages/airflow/example_dags/example_short_circuit_decorator.py
[2025-08-27T16:24:54.251+0000] {processor.py:753} INFO - DAG(s) dict_keys(['example_short_circuit_decorator']) retrieved from /home/airflow/.local/lib/python3.7/site-packages/airflow/example_dags/example_short_circuit_decorator.py
[2025-08-27T16:24:54.263+0000] {logging_mixin.py:137} INFO - [2025-08-27T16:24:54.263+0000] {dag.py:2690} INFO - Sync 1 DAGs
[2025-08-27T16:24:54.272+0000] {logging_mixin.py:137} INFO - [2025-08-27T16:24:54.272+0000] {dag.py:3441} INFO - Setting next_dagrun for example_short_circuit_decorator to 2025-08-26T16:24:54.272463+00:00, run_after=2025-08-27T16:24:54.272463+00:00
[2025-08-27T16:24:54.282+0000] {processor.py:175} INFO - Processing /home/airflow/.local/lib/python3.7/site-packages/airflow/example_dags/example_short_circuit_decorator.py took 0.046 seconds
[2025-08-27T16:30:07.891+0000] {processor.py:153} INFO - Started process (PID=23949) to work on /home/airflow/.local/lib/python3.7/site-packages/airflow/example_dags/example_short_circuit_decorator.py
[2025-08-27T16:30:07.891+0000] {processor.py:743} INFO - Processing file /home/airflow/.local/lib/python3.7/site-packages/airflow/example_dags/example_short_circuit_decorator.py for tasks to queue
[2025-08-27T16:30:07.891+0000] {logging_mixin.py:137} INFO - [2025-08-27T16:30:07.891+0000] {dagbag.py:538} INFO - Filling up the DagBag from /home/airflow/.local/lib/python3.7/site-packages/airflow/example_dags/example_short_circuit_decorator.py
[2025-08-27T16:30:07.902+0000] {processor.py:753} INFO - DAG(s) dict_keys(['example_short_circuit_decorator']) retrieved from /home/airflow/.local/lib/python3.7/site-packages/airflow/example_dags/example_short_circuit_decorator.py
[2025-08-27T16:30:07.911+0000] {logging_mixin.py:137} INFO - [2025-08-27T16:30:07.911+0000] {dag.py:2690} INFO - Sync 1 DAGs
[2025-08-27T16:30:07.921+0000] {logging_mixin.py:137} INFO - [2025-08-27T16:30:07.920+0000] {dag.py:3441} INFO - Setting next_dagrun for example_short_circuit_decorator to 2025-08-26T16:30:07.920868+00:00, run_after=2025-08-27T16:30:07.920868+00:00
[2025-08-27T16:30:07.928+0000] {processor.py:175} INFO - Processing /home/airflow/.local/lib/python3.7/site-packages/airflow/example_dags/example_short_circuit_decorator.py took 0.039 seconds
[2025-08-27T16:44:03.267+0000] {processor.py:153} INFO - Started process (PID=24029) to work on /home/airflow/.local/lib/python3.7/site-packages/airflow/example_dags/example_short_circuit_decorator.py
[2025-08-27T16:44:03.268+0000] {processor.py:743} INFO - Processing file /home/airflow/.local/lib/python3.7/site-packages/airflow/example_dags/example_short_circuit_decorator.py for tasks to queue
[2025-08-27T16:44:03.269+0000] {logging_mixin.py:137} INFO - [2025-08-27T16:44:03.268+0000] {dagbag.py:538} INFO - Filling up the DagBag from /home/airflow/.local/lib/python3.7/site-packages/airflow/example_dags/example_short_circuit_decorator.py
[2025-08-27T16:44:03.279+0000] {processor.py:753} INFO - DAG(s) dict_keys(['example_short_circuit_decorator']) retrieved from /home/airflow/.local/lib/python3.7/site-packages/airflow/example_dags/example_short_circuit_decorator.py
[2025-08-27T16:44:03.292+0000] {logging_mixin.py:137} INFO - [2025-08-27T16:44:03.291+0000] {dag.py:2690} INFO - Sync 1 DAGs
[2025-08-27T16:44:03.302+0000] {logging_mixin.py:137} INFO - [2025-08-27T16:44:03.302+0000] {dag.py:3441} INFO - Setting next_dagrun for example_short_circuit_decorator to 2025-08-26T16:44:03.302166+00:00, run_after=2025-08-27T16:44:03.302166+00:00
[2025-08-27T16:44:03.309+0000] {processor.py:175} INFO - Processing /home/airflow/.local/lib/python3.7/site-packages/airflow/example_dags/example_short_circuit_decorator.py took 0.043 seconds
[2025-08-27T18:19:17.715+0000] {processor.py:153} INFO - Started process (PID=24129) to work on /home/airflow/.local/lib/python3.7/site-packages/airflow/example_dags/example_short_circuit_decorator.py
[2025-08-27T18:19:17.715+0000] {processor.py:743} INFO - Processing file /home/airflow/.local/lib/python3.7/site-packages/airflow/example_dags/example_short_circuit_decorator.py for tasks to queue
[2025-08-27T18:19:17.719+0000] {logging_mixin.py:137} INFO - [2025-08-27T18:19:17.719+0000] {dagbag.py:538} INFO - Filling up the DagBag from /home/airflow/.local/lib/python3.7/site-packages/airflow/example_dags/example_short_circuit_decorator.py
[2025-08-27T18:19:17.730+0000] {processor.py:753} INFO - DAG(s) dict_keys(['example_short_circuit_decorator']) retrieved from /home/airflow/.local/lib/python3.7/site-packages/airflow/example_dags/example_short_circuit_decorator.py
[2025-08-27T18:19:17.743+0000] {logging_mixin.py:137} INFO - [2025-08-27T18:19:17.743+0000] {dag.py:2690} INFO - Sync 1 DAGs
[2025-08-27T18:19:17.753+0000] {logging_mixin.py:137} INFO - [2025-08-27T18:19:17.753+0000] {dag.py:3441} INFO - Setting next_dagrun for example_short_circuit_decorator to 2025-08-26T18:19:17.753671+00:00, run_after=2025-08-27T18:19:17.753671+00:00
[2025-08-27T18:19:17.765+0000] {processor.py:175} INFO - Processing /home/airflow/.local/lib/python3.7/site-packages/airflow/example_dags/example_short_circuit_decorator.py took 0.052 seconds
[2025-08-27T19:39:50.323+0000] {processor.py:153} INFO - Started process (PID=24229) to work on /home/airflow/.local/lib/python3.7/site-packages/airflow/example_dags/example_short_circuit_decorator.py
[2025-08-27T19:39:50.324+0000] {processor.py:743} INFO - Processing file /home/airflow/.local/lib/python3.7/site-packages/airflow/example_dags/example_short_circuit_decorator.py for tasks to queue
[2025-08-27T19:39:50.324+0000] {logging_mixin.py:137} INFO - [2025-08-27T19:39:50.324+0000] {dagbag.py:538} INFO - Filling up the DagBag from /home/airflow/.local/lib/python3.7/site-packages/airflow/example_dags/example_short_circuit_decorator.py
[2025-08-27T19:39:50.334+0000] {processor.py:753} INFO - DAG(s) dict_keys(['example_short_circuit_decorator']) retrieved from /home/airflow/.local/lib/python3.7/site-packages/airflow/example_dags/example_short_circuit_decorator.py
[2025-08-27T19:39:50.345+0000] {logging_mixin.py:137} INFO - [2025-08-27T19:39:50.345+0000] {dag.py:2690} INFO - Sync 1 DAGs
[2025-08-27T19:39:50.355+0000] {logging_mixin.py:137} INFO - [2025-08-27T19:39:50.355+0000] {dag.py:3441} INFO - Setting next_dagrun for example_short_circuit_decorator to 2025-08-26T19:39:50.355318+00:00, run_after=2025-08-27T19:39:50.355318+00:00
[2025-08-27T19:39:50.363+0000] {processor.py:175} INFO - Processing /home/airflow/.local/lib/python3.7/site-packages/airflow/example_dags/example_short_circuit_decorator.py took 0.042 seconds
[2025-08-27T21:01:25.255+0000] {processor.py:153} INFO - Started process (PID=24309) to work on /home/airflow/.local/lib/python3.7/site-packages/airflow/example_dags/example_short_circuit_decorator.py
[2025-08-27T21:01:25.256+0000] {processor.py:743} INFO - Processing file /home/airflow/.local/lib/python3.7/site-packages/airflow/example_dags/example_short_circuit_decorator.py for tasks to queue
[2025-08-27T21:01:25.256+0000] {logging_mixin.py:137} INFO - [2025-08-27T21:01:25.256+0000] {dagbag.py:538} INFO - Filling up the DagBag from /home/airflow/.local/lib/python3.7/site-packages/airflow/example_dags/example_short_circuit_decorator.py
[2025-08-27T21:01:25.268+0000] {processor.py:753} INFO - DAG(s) dict_keys(['example_short_circuit_decorator']) retrieved from /home/airflow/.local/lib/python3.7/site-packages/airflow/example_dags/example_short_circuit_decorator.py
[2025-08-27T21:01:25.278+0000] {logging_mixin.py:137} INFO - [2025-08-27T21:01:25.278+0000] {dag.py:2690} INFO - Sync 1 DAGs
[2025-08-27T21:01:25.288+0000] {logging_mixin.py:137} INFO - [2025-08-27T21:01:25.288+0000] {dag.py:3441} INFO - Setting next_dagrun for example_short_circuit_decorator to 2025-08-26T21:01:25.288013+00:00, run_after=2025-08-27T21:01:25.288013+00:00
[2025-08-27T21:01:25.295+0000] {processor.py:175} INFO - Processing /home/airflow/.local/lib/python3.7/site-packages/airflow/example_dags/example_short_circuit_decorator.py took 0.042 seconds
[2025-08-27T21:51:50.218+0000] {processor.py:153} INFO - Started process (PID=24409) to work on /home/airflow/.local/lib/python3.7/site-packages/airflow/example_dags/example_short_circuit_decorator.py
[2025-08-27T21:51:50.219+0000] {processor.py:743} INFO - Processing file /home/airflow/.local/lib/python3.7/site-packages/airflow/example_dags/example_short_circuit_decorator.py for tasks to queue
[2025-08-27T21:51:50.219+0000] {logging_mixin.py:137} INFO - [2025-08-27T21:51:50.219+0000] {dagbag.py:538} INFO - Filling up the DagBag from /home/airflow/.local/lib/python3.7/site-packages/airflow/example_dags/example_short_circuit_decorator.py
[2025-08-27T21:51:50.230+0000] {processor.py:753} INFO - DAG(s) dict_keys(['example_short_circuit_decorator']) retrieved from /home/airflow/.local/lib/python3.7/site-packages/airflow/example_dags/example_short_circuit_decorator.py
[2025-08-27T21:51:50.240+0000] {logging_mixin.py:137} INFO - [2025-08-27T21:51:50.240+0000] {dag.py:2690} INFO - Sync 1 DAGs
[2025-08-27T21:51:50.249+0000] {logging_mixin.py:137} INFO - [2025-08-27T21:51:50.248+0000] {dag.py:3441} INFO - Setting next_dagrun for example_short_circuit_decorator to 2025-08-26T21:51:50.248861+00:00, run_after=2025-08-27T21:51:50.248861+00:00
[2025-08-27T21:51:50.255+0000] {processor.py:175} INFO - Processing /home/airflow/.local/lib/python3.7/site-packages/airflow/example_dags/example_short_circuit_decorator.py took 0.038 seconds
[2025-08-27T23:29:06.166+0000] {processor.py:153} INFO - Started process (PID=24509) to work on /home/airflow/.local/lib/python3.7/site-packages/airflow/example_dags/example_short_circuit_decorator.py
[2025-08-27T23:29:06.167+0000] {processor.py:743} INFO - Processing file /home/airflow/.local/lib/python3.7/site-packages/airflow/example_dags/example_short_circuit_decorator.py for tasks to queue
[2025-08-27T23:29:06.167+0000] {logging_mixin.py:137} INFO - [2025-08-27T23:29:06.167+0000] {dagbag.py:538} INFO - Filling up the DagBag from /home/airflow/.local/lib/python3.7/site-packages/airflow/example_dags/example_short_circuit_decorator.py
[2025-08-27T23:29:06.181+0000] {processor.py:753} INFO - DAG(s) dict_keys(['example_short_circuit_decorator']) retrieved from /home/airflow/.local/lib/python3.7/site-packages/airflow/example_dags/example_short_circuit_decorator.py
[2025-08-27T23:29:06.193+0000] {logging_mixin.py:137} INFO - [2025-08-27T23:29:06.193+0000] {dag.py:2690} INFO - Sync 1 DAGs
[2025-08-27T23:29:06.204+0000] {logging_mixin.py:137} INFO - [2025-08-27T23:29:06.204+0000] {dag.py:3441} INFO - Setting next_dagrun for example_short_circuit_decorator to 2025-08-26T23:29:06.204486+00:00, run_after=2025-08-27T23:29:06.204486+00:00
[2025-08-27T23:29:06.215+0000] {processor.py:175} INFO - Processing /home/airflow/.local/lib/python3.7/site-packages/airflow/example_dags/example_short_circuit_decorator.py took 0.052 seconds
