[2025-08-27T00:46:29.500+0000] {processor.py:153} INFO - Started process (PID=19501) to work on /home/airflow/.local/lib/python3.7/site-packages/airflow/example_dags/example_branch_operator_decorator.py
[2025-08-27T00:46:29.501+0000] {processor.py:743} INFO - Processing file /home/airflow/.local/lib/python3.7/site-packages/airflow/example_dags/example_branch_operator_decorator.py for tasks to queue
[2025-08-27T00:46:29.501+0000] {logging_mixin.py:137} INFO - [2025-08-27T00:46:29.501+0000] {dagbag.py:538} INFO - Filling up the DagBag from /home/airflow/.local/lib/python3.7/site-packages/airflow/example_dags/example_branch_operator_decorator.py
[2025-08-27T00:46:29.515+0000] {processor.py:753} INFO - DAG(s) dict_keys(['example_branch_python_operator_decorator']) retrieved from /home/airflow/.local/lib/python3.7/site-packages/airflow/example_dags/example_branch_operator_decorator.py
[2025-08-27T00:46:29.530+0000] {logging_mixin.py:137} INFO - [2025-08-27T00:46:29.530+0000] {dag.py:2690} INFO - Sync 1 DAGs
[2025-08-27T00:46:29.544+0000] {logging_mixin.py:137} INFO - [2025-08-27T00:46:29.544+0000] {dag.py:3441} INFO - Setting next_dagrun for example_branch_python_operator_decorator to 2025-08-26T00:00:00+00:00, run_after=2025-08-27T00:00:00+00:00
[2025-08-27T00:46:29.552+0000] {processor.py:175} INFO - Processing /home/airflow/.local/lib/python3.7/site-packages/airflow/example_dags/example_branch_operator_decorator.py took 0.054 seconds
[2025-08-27T02:21:51.303+0000] {processor.py:153} INFO - Started process (PID=19581) to work on /home/airflow/.local/lib/python3.7/site-packages/airflow/example_dags/example_branch_operator_decorator.py
[2025-08-27T02:21:51.303+0000] {processor.py:743} INFO - Processing file /home/airflow/.local/lib/python3.7/site-packages/airflow/example_dags/example_branch_operator_decorator.py for tasks to queue
[2025-08-27T02:21:51.303+0000] {logging_mixin.py:137} INFO - [2025-08-27T02:21:51.303+0000] {dagbag.py:538} INFO - Filling up the DagBag from /home/airflow/.local/lib/python3.7/site-packages/airflow/example_dags/example_branch_operator_decorator.py
[2025-08-27T02:21:51.313+0000] {processor.py:753} INFO - DAG(s) dict_keys(['example_branch_python_operator_decorator']) retrieved from /home/airflow/.local/lib/python3.7/site-packages/airflow/example_dags/example_branch_operator_decorator.py
[2025-08-27T02:21:51.325+0000] {logging_mixin.py:137} INFO - [2025-08-27T02:21:51.325+0000] {dag.py:2690} INFO - Sync 1 DAGs
[2025-08-27T02:21:51.335+0000] {logging_mixin.py:137} INFO - [2025-08-27T02:21:51.335+0000] {dag.py:3441} INFO - Setting next_dagrun for example_branch_python_operator_decorator to 2025-08-26T00:00:00+00:00, run_after=2025-08-27T00:00:00+00:00
[2025-08-27T02:21:51.342+0000] {processor.py:175} INFO - Processing /home/airflow/.local/lib/python3.7/site-packages/airflow/example_dags/example_branch_operator_decorator.py took 0.040 seconds
[2025-08-27T02:37:30.063+0000] {processor.py:153} INFO - Started process (PID=19681) to work on /home/airflow/.local/lib/python3.7/site-packages/airflow/example_dags/example_branch_operator_decorator.py
[2025-08-27T02:37:30.063+0000] {processor.py:743} INFO - Processing file /home/airflow/.local/lib/python3.7/site-packages/airflow/example_dags/example_branch_operator_decorator.py for tasks to queue
[2025-08-27T02:37:30.064+0000] {logging_mixin.py:137} INFO - [2025-08-27T02:37:30.063+0000] {dagbag.py:538} INFO - Filling up the DagBag from /home/airflow/.local/lib/python3.7/site-packages/airflow/example_dags/example_branch_operator_decorator.py
[2025-08-27T02:37:30.076+0000] {processor.py:753} INFO - DAG(s) dict_keys(['example_branch_python_operator_decorator']) retrieved from /home/airflow/.local/lib/python3.7/site-packages/airflow/example_dags/example_branch_operator_decorator.py
[2025-08-27T02:37:30.095+0000] {logging_mixin.py:137} INFO - [2025-08-27T02:37:30.095+0000] {dag.py:2690} INFO - Sync 1 DAGs
[2025-08-27T02:37:30.109+0000] {logging_mixin.py:137} INFO - [2025-08-27T02:37:30.109+0000] {dag.py:3441} INFO - Setting next_dagrun for example_branch_python_operator_decorator to 2025-08-26T00:00:00+00:00, run_after=2025-08-27T00:00:00+00:00
[2025-08-27T02:37:30.120+0000] {processor.py:175} INFO - Processing /home/airflow/.local/lib/python3.7/site-packages/airflow/example_dags/example_branch_operator_decorator.py took 0.059 seconds
[2025-08-27T03:02:26.357+0000] {processor.py:153} INFO - Started process (PID=19781) to work on /home/airflow/.local/lib/python3.7/site-packages/airflow/example_dags/example_branch_operator_decorator.py
[2025-08-27T03:02:26.357+0000] {processor.py:743} INFO - Processing file /home/airflow/.local/lib/python3.7/site-packages/airflow/example_dags/example_branch_operator_decorator.py for tasks to queue
[2025-08-27T03:02:26.358+0000] {logging_mixin.py:137} INFO - [2025-08-27T03:02:26.358+0000] {dagbag.py:538} INFO - Filling up the DagBag from /home/airflow/.local/lib/python3.7/site-packages/airflow/example_dags/example_branch_operator_decorator.py
[2025-08-27T03:02:26.367+0000] {processor.py:753} INFO - DAG(s) dict_keys(['example_branch_python_operator_decorator']) retrieved from /home/airflow/.local/lib/python3.7/site-packages/airflow/example_dags/example_branch_operator_decorator.py
[2025-08-27T03:02:26.377+0000] {logging_mixin.py:137} INFO - [2025-08-27T03:02:26.377+0000] {dag.py:2690} INFO - Sync 1 DAGs
[2025-08-27T03:02:26.386+0000] {logging_mixin.py:137} INFO - [2025-08-27T03:02:26.386+0000] {dag.py:3441} INFO - Setting next_dagrun for example_branch_python_operator_decorator to 2025-08-26T00:00:00+00:00, run_after=2025-08-27T00:00:00+00:00
[2025-08-27T03:02:26.393+0000] {processor.py:175} INFO - Processing /home/airflow/.local/lib/python3.7/site-packages/airflow/example_dags/example_branch_operator_decorator.py took 0.037 seconds
[2025-08-27T03:13:53.713+0000] {processor.py:153} INFO - Started process (PID=19880) to work on /home/airflow/.local/lib/python3.7/site-packages/airflow/example_dags/example_branch_operator_decorator.py
[2025-08-27T03:13:53.713+0000] {processor.py:743} INFO - Processing file /home/airflow/.local/lib/python3.7/site-packages/airflow/example_dags/example_branch_operator_decorator.py for tasks to queue
[2025-08-27T03:13:53.713+0000] {logging_mixin.py:137} INFO - [2025-08-27T03:13:53.713+0000] {dagbag.py:538} INFO - Filling up the DagBag from /home/airflow/.local/lib/python3.7/site-packages/airflow/example_dags/example_branch_operator_decorator.py
[2025-08-27T03:13:53.724+0000] {processor.py:753} INFO - DAG(s) dict_keys(['example_branch_python_operator_decorator']) retrieved from /home/airflow/.local/lib/python3.7/site-packages/airflow/example_dags/example_branch_operator_decorator.py
[2025-08-27T03:13:53.737+0000] {logging_mixin.py:137} INFO - [2025-08-27T03:13:53.737+0000] {dag.py:2690} INFO - Sync 1 DAGs
[2025-08-27T03:13:53.747+0000] {logging_mixin.py:137} INFO - [2025-08-27T03:13:53.747+0000] {dag.py:3441} INFO - Setting next_dagrun for example_branch_python_operator_decorator to 2025-08-26T00:00:00+00:00, run_after=2025-08-27T00:00:00+00:00
[2025-08-27T03:13:53.754+0000] {processor.py:175} INFO - Processing /home/airflow/.local/lib/python3.7/site-packages/airflow/example_dags/example_branch_operator_decorator.py took 0.043 seconds
[2025-08-27T03:33:09.407+0000] {processor.py:153} INFO - Started process (PID=19960) to work on /home/airflow/.local/lib/python3.7/site-packages/airflow/example_dags/example_branch_operator_decorator.py
[2025-08-27T03:33:09.408+0000] {processor.py:743} INFO - Processing file /home/airflow/.local/lib/python3.7/site-packages/airflow/example_dags/example_branch_operator_decorator.py for tasks to queue
[2025-08-27T03:33:09.409+0000] {logging_mixin.py:137} INFO - [2025-08-27T03:33:09.408+0000] {dagbag.py:538} INFO - Filling up the DagBag from /home/airflow/.local/lib/python3.7/site-packages/airflow/example_dags/example_branch_operator_decorator.py
[2025-08-27T03:33:09.432+0000] {processor.py:753} INFO - DAG(s) dict_keys(['example_branch_python_operator_decorator']) retrieved from /home/airflow/.local/lib/python3.7/site-packages/airflow/example_dags/example_branch_operator_decorator.py
[2025-08-27T03:33:09.457+0000] {logging_mixin.py:137} INFO - [2025-08-27T03:33:09.457+0000] {dag.py:2690} INFO - Sync 1 DAGs
[2025-08-27T03:33:09.472+0000] {logging_mixin.py:137} INFO - [2025-08-27T03:33:09.472+0000] {dag.py:3441} INFO - Setting next_dagrun for example_branch_python_operator_decorator to 2025-08-26T00:00:00+00:00, run_after=2025-08-27T00:00:00+00:00
[2025-08-27T03:33:09.484+0000] {processor.py:175} INFO - Processing /home/airflow/.local/lib/python3.7/site-packages/airflow/example_dags/example_branch_operator_decorator.py took 0.079 seconds
[2025-08-27T04:45:10.383+0000] {processor.py:153} INFO - Started process (PID=20060) to work on /home/airflow/.local/lib/python3.7/site-packages/airflow/example_dags/example_branch_operator_decorator.py
[2025-08-27T04:45:10.383+0000] {processor.py:743} INFO - Processing file /home/airflow/.local/lib/python3.7/site-packages/airflow/example_dags/example_branch_operator_decorator.py for tasks to queue
[2025-08-27T04:45:10.387+0000] {logging_mixin.py:137} INFO - [2025-08-27T04:45:10.387+0000] {dagbag.py:538} INFO - Filling up the DagBag from /home/airflow/.local/lib/python3.7/site-packages/airflow/example_dags/example_branch_operator_decorator.py
[2025-08-27T04:45:10.399+0000] {processor.py:753} INFO - DAG(s) dict_keys(['example_branch_python_operator_decorator']) retrieved from /home/airflow/.local/lib/python3.7/site-packages/airflow/example_dags/example_branch_operator_decorator.py
[2025-08-27T04:45:10.413+0000] {logging_mixin.py:137} INFO - [2025-08-27T04:45:10.413+0000] {dag.py:2690} INFO - Sync 1 DAGs
[2025-08-27T04:45:10.427+0000] {logging_mixin.py:137} INFO - [2025-08-27T04:45:10.427+0000] {dag.py:3441} INFO - Setting next_dagrun for example_branch_python_operator_decorator to 2025-08-26T00:00:00+00:00, run_after=2025-08-27T00:00:00+00:00
[2025-08-27T04:45:10.434+0000] {processor.py:175} INFO - Processing /home/airflow/.local/lib/python3.7/site-packages/airflow/example_dags/example_branch_operator_decorator.py took 0.053 seconds
[2025-08-27T04:49:55.918+0000] {processor.py:153} INFO - Started process (PID=20160) to work on /home/airflow/.local/lib/python3.7/site-packages/airflow/example_dags/example_branch_operator_decorator.py
[2025-08-27T04:49:55.919+0000] {processor.py:743} INFO - Processing file /home/airflow/.local/lib/python3.7/site-packages/airflow/example_dags/example_branch_operator_decorator.py for tasks to queue
[2025-08-27T04:49:55.919+0000] {logging_mixin.py:137} INFO - [2025-08-27T04:49:55.919+0000] {dagbag.py:538} INFO - Filling up the DagBag from /home/airflow/.local/lib/python3.7/site-packages/airflow/example_dags/example_branch_operator_decorator.py
[2025-08-27T04:49:55.933+0000] {processor.py:753} INFO - DAG(s) dict_keys(['example_branch_python_operator_decorator']) retrieved from /home/airflow/.local/lib/python3.7/site-packages/airflow/example_dags/example_branch_operator_decorator.py
[2025-08-27T04:49:55.947+0000] {logging_mixin.py:137} INFO - [2025-08-27T04:49:55.947+0000] {dag.py:2690} INFO - Sync 1 DAGs
[2025-08-27T04:49:55.960+0000] {logging_mixin.py:137} INFO - [2025-08-27T04:49:55.960+0000] {dag.py:3441} INFO - Setting next_dagrun for example_branch_python_operator_decorator to 2025-08-26T00:00:00+00:00, run_after=2025-08-27T00:00:00+00:00
[2025-08-27T04:49:55.969+0000] {processor.py:175} INFO - Processing /home/airflow/.local/lib/python3.7/site-packages/airflow/example_dags/example_branch_operator_decorator.py took 0.053 seconds
[2025-08-27T05:35:09.225+0000] {processor.py:153} INFO - Started process (PID=20240) to work on /home/airflow/.local/lib/python3.7/site-packages/airflow/example_dags/example_branch_operator_decorator.py
[2025-08-27T05:35:09.225+0000] {processor.py:743} INFO - Processing file /home/airflow/.local/lib/python3.7/site-packages/airflow/example_dags/example_branch_operator_decorator.py for tasks to queue
[2025-08-27T05:35:09.225+0000] {logging_mixin.py:137} INFO - [2025-08-27T05:35:09.225+0000] {dagbag.py:538} INFO - Filling up the DagBag from /home/airflow/.local/lib/python3.7/site-packages/airflow/example_dags/example_branch_operator_decorator.py
[2025-08-27T05:35:09.237+0000] {processor.py:753} INFO - DAG(s) dict_keys(['example_branch_python_operator_decorator']) retrieved from /home/airflow/.local/lib/python3.7/site-packages/airflow/example_dags/example_branch_operator_decorator.py
[2025-08-27T05:35:09.249+0000] {logging_mixin.py:137} INFO - [2025-08-27T05:35:09.249+0000] {dag.py:2690} INFO - Sync 1 DAGs
[2025-08-27T05:35:09.260+0000] {logging_mixin.py:137} INFO - [2025-08-27T05:35:09.260+0000] {dag.py:3441} INFO - Setting next_dagrun for example_branch_python_operator_decorator to 2025-08-26T00:00:00+00:00, run_after=2025-08-27T00:00:00+00:00
[2025-08-27T05:35:09.267+0000] {processor.py:175} INFO - Processing /home/airflow/.local/lib/python3.7/site-packages/airflow/example_dags/example_branch_operator_decorator.py took 0.044 seconds
[2025-08-27T06:12:37.308+0000] {processor.py:153} INFO - Started process (PID=20340) to work on /home/airflow/.local/lib/python3.7/site-packages/airflow/example_dags/example_branch_operator_decorator.py
[2025-08-27T06:12:37.309+0000] {processor.py:743} INFO - Processing file /home/airflow/.local/lib/python3.7/site-packages/airflow/example_dags/example_branch_operator_decorator.py for tasks to queue
[2025-08-27T06:12:37.309+0000] {logging_mixin.py:137} INFO - [2025-08-27T06:12:37.309+0000] {dagbag.py:538} INFO - Filling up the DagBag from /home/airflow/.local/lib/python3.7/site-packages/airflow/example_dags/example_branch_operator_decorator.py
[2025-08-27T06:12:37.329+0000] {processor.py:753} INFO - DAG(s) dict_keys(['example_branch_python_operator_decorator']) retrieved from /home/airflow/.local/lib/python3.7/site-packages/airflow/example_dags/example_branch_operator_decorator.py
[2025-08-27T06:12:37.353+0000] {logging_mixin.py:137} INFO - [2025-08-27T06:12:37.353+0000] {dag.py:2690} INFO - Sync 1 DAGs
[2025-08-27T06:12:37.378+0000] {logging_mixin.py:137} INFO - [2025-08-27T06:12:37.378+0000] {dag.py:3441} INFO - Setting next_dagrun for example_branch_python_operator_decorator to 2025-08-26T00:00:00+00:00, run_after=2025-08-27T00:00:00+00:00
[2025-08-27T06:12:37.395+0000] {processor.py:175} INFO - Processing /home/airflow/.local/lib/python3.7/site-packages/airflow/example_dags/example_branch_operator_decorator.py took 0.089 seconds
[2025-08-27T06:55:18.921+0000] {processor.py:153} INFO - Started process (PID=20440) to work on /home/airflow/.local/lib/python3.7/site-packages/airflow/example_dags/example_branch_operator_decorator.py
[2025-08-27T06:55:18.921+0000] {processor.py:743} INFO - Processing file /home/airflow/.local/lib/python3.7/site-packages/airflow/example_dags/example_branch_operator_decorator.py for tasks to queue
[2025-08-27T06:55:18.922+0000] {logging_mixin.py:137} INFO - [2025-08-27T06:55:18.922+0000] {dagbag.py:538} INFO - Filling up the DagBag from /home/airflow/.local/lib/python3.7/site-packages/airflow/example_dags/example_branch_operator_decorator.py
[2025-08-27T06:55:18.932+0000] {processor.py:753} INFO - DAG(s) dict_keys(['example_branch_python_operator_decorator']) retrieved from /home/airflow/.local/lib/python3.7/site-packages/airflow/example_dags/example_branch_operator_decorator.py
[2025-08-27T06:55:18.942+0000] {logging_mixin.py:137} INFO - [2025-08-27T06:55:18.942+0000] {dag.py:2690} INFO - Sync 1 DAGs
[2025-08-27T06:55:18.952+0000] {logging_mixin.py:137} INFO - [2025-08-27T06:55:18.952+0000] {dag.py:3441} INFO - Setting next_dagrun for example_branch_python_operator_decorator to 2025-08-26T00:00:00+00:00, run_after=2025-08-27T00:00:00+00:00
[2025-08-27T06:55:18.958+0000] {processor.py:175} INFO - Processing /home/airflow/.local/lib/python3.7/site-packages/airflow/example_dags/example_branch_operator_decorator.py took 0.039 seconds
[2025-08-27T07:53:52.300+0000] {processor.py:153} INFO - Started process (PID=20540) to work on /home/airflow/.local/lib/python3.7/site-packages/airflow/example_dags/example_branch_operator_decorator.py
[2025-08-27T07:53:52.300+0000] {processor.py:743} INFO - Processing file /home/airflow/.local/lib/python3.7/site-packages/airflow/example_dags/example_branch_operator_decorator.py for tasks to queue
[2025-08-27T07:53:52.301+0000] {logging_mixin.py:137} INFO - [2025-08-27T07:53:52.301+0000] {dagbag.py:538} INFO - Filling up the DagBag from /home/airflow/.local/lib/python3.7/site-packages/airflow/example_dags/example_branch_operator_decorator.py
[2025-08-27T07:53:52.311+0000] {processor.py:753} INFO - DAG(s) dict_keys(['example_branch_python_operator_decorator']) retrieved from /home/airflow/.local/lib/python3.7/site-packages/airflow/example_dags/example_branch_operator_decorator.py
[2025-08-27T07:53:52.321+0000] {logging_mixin.py:137} INFO - [2025-08-27T07:53:52.321+0000] {dag.py:2690} INFO - Sync 1 DAGs
[2025-08-27T07:53:52.331+0000] {logging_mixin.py:137} INFO - [2025-08-27T07:53:52.331+0000] {dag.py:3441} INFO - Setting next_dagrun for example_branch_python_operator_decorator to 2025-08-26T00:00:00+00:00, run_after=2025-08-27T00:00:00+00:00
[2025-08-27T07:53:52.338+0000] {processor.py:175} INFO - Processing /home/airflow/.local/lib/python3.7/site-packages/airflow/example_dags/example_branch_operator_decorator.py took 0.040 seconds
[2025-08-27T08:23:39.553+0000] {processor.py:153} INFO - Started process (PID=20620) to work on /home/airflow/.local/lib/python3.7/site-packages/airflow/example_dags/example_branch_operator_decorator.py
[2025-08-27T08:23:39.553+0000] {processor.py:743} INFO - Processing file /home/airflow/.local/lib/python3.7/site-packages/airflow/example_dags/example_branch_operator_decorator.py for tasks to queue
[2025-08-27T08:23:39.554+0000] {logging_mixin.py:137} INFO - [2025-08-27T08:23:39.554+0000] {dagbag.py:538} INFO - Filling up the DagBag from /home/airflow/.local/lib/python3.7/site-packages/airflow/example_dags/example_branch_operator_decorator.py
[2025-08-27T08:23:39.563+0000] {processor.py:753} INFO - DAG(s) dict_keys(['example_branch_python_operator_decorator']) retrieved from /home/airflow/.local/lib/python3.7/site-packages/airflow/example_dags/example_branch_operator_decorator.py
[2025-08-27T08:23:39.575+0000] {logging_mixin.py:137} INFO - [2025-08-27T08:23:39.575+0000] {dag.py:2690} INFO - Sync 1 DAGs
[2025-08-27T08:23:39.587+0000] {logging_mixin.py:137} INFO - [2025-08-27T08:23:39.586+0000] {dag.py:3441} INFO - Setting next_dagrun for example_branch_python_operator_decorator to 2025-08-26T00:00:00+00:00, run_after=2025-08-27T00:00:00+00:00
[2025-08-27T08:23:39.594+0000] {processor.py:175} INFO - Processing /home/airflow/.local/lib/python3.7/site-packages/airflow/example_dags/example_branch_operator_decorator.py took 0.043 seconds
[2025-08-27T09:35:50.805+0000] {processor.py:153} INFO - Started process (PID=20720) to work on /home/airflow/.local/lib/python3.7/site-packages/airflow/example_dags/example_branch_operator_decorator.py
[2025-08-27T09:35:50.806+0000] {processor.py:743} INFO - Processing file /home/airflow/.local/lib/python3.7/site-packages/airflow/example_dags/example_branch_operator_decorator.py for tasks to queue
[2025-08-27T09:35:50.806+0000] {logging_mixin.py:137} INFO - [2025-08-27T09:35:50.806+0000] {dagbag.py:538} INFO - Filling up the DagBag from /home/airflow/.local/lib/python3.7/site-packages/airflow/example_dags/example_branch_operator_decorator.py
[2025-08-27T09:35:50.817+0000] {processor.py:753} INFO - DAG(s) dict_keys(['example_branch_python_operator_decorator']) retrieved from /home/airflow/.local/lib/python3.7/site-packages/airflow/example_dags/example_branch_operator_decorator.py
[2025-08-27T09:35:50.829+0000] {logging_mixin.py:137} INFO - [2025-08-27T09:35:50.829+0000] {dag.py:2690} INFO - Sync 1 DAGs
[2025-08-27T09:35:50.839+0000] {logging_mixin.py:137} INFO - [2025-08-27T09:35:50.839+0000] {dag.py:3441} INFO - Setting next_dagrun for example_branch_python_operator_decorator to 2025-08-26T00:00:00+00:00, run_after=2025-08-27T00:00:00+00:00
[2025-08-27T09:35:50.847+0000] {processor.py:175} INFO - Processing /home/airflow/.local/lib/python3.7/site-packages/airflow/example_dags/example_branch_operator_decorator.py took 0.043 seconds
[2025-08-27T09:36:49.670+0000] {processor.py:153} INFO - Started process (PID=20820) to work on /home/airflow/.local/lib/python3.7/site-packages/airflow/example_dags/example_branch_operator_decorator.py
[2025-08-27T09:36:49.671+0000] {processor.py:743} INFO - Processing file /home/airflow/.local/lib/python3.7/site-packages/airflow/example_dags/example_branch_operator_decorator.py for tasks to queue
[2025-08-27T09:36:49.671+0000] {logging_mixin.py:137} INFO - [2025-08-27T09:36:49.671+0000] {dagbag.py:538} INFO - Filling up the DagBag from /home/airflow/.local/lib/python3.7/site-packages/airflow/example_dags/example_branch_operator_decorator.py
[2025-08-27T09:36:49.684+0000] {processor.py:753} INFO - DAG(s) dict_keys(['example_branch_python_operator_decorator']) retrieved from /home/airflow/.local/lib/python3.7/site-packages/airflow/example_dags/example_branch_operator_decorator.py
[2025-08-27T09:36:49.695+0000] {logging_mixin.py:137} INFO - [2025-08-27T09:36:49.695+0000] {dag.py:2690} INFO - Sync 1 DAGs
[2025-08-27T09:36:49.704+0000] {logging_mixin.py:137} INFO - [2025-08-27T09:36:49.704+0000] {dag.py:3441} INFO - Setting next_dagrun for example_branch_python_operator_decorator to 2025-08-26T00:00:00+00:00, run_after=2025-08-27T00:00:00+00:00
[2025-08-27T09:36:49.711+0000] {processor.py:175} INFO - Processing /home/airflow/.local/lib/python3.7/site-packages/airflow/example_dags/example_branch_operator_decorator.py took 0.042 seconds
[2025-08-27T09:38:52.981+0000] {processor.py:153} INFO - Started process (PID=20920) to work on /home/airflow/.local/lib/python3.7/site-packages/airflow/example_dags/example_branch_operator_decorator.py
[2025-08-27T09:38:52.982+0000] {processor.py:743} INFO - Processing file /home/airflow/.local/lib/python3.7/site-packages/airflow/example_dags/example_branch_operator_decorator.py for tasks to queue
[2025-08-27T09:38:52.982+0000] {logging_mixin.py:137} INFO - [2025-08-27T09:38:52.982+0000] {dagbag.py:538} INFO - Filling up the DagBag from /home/airflow/.local/lib/python3.7/site-packages/airflow/example_dags/example_branch_operator_decorator.py
[2025-08-27T09:38:52.994+0000] {processor.py:753} INFO - DAG(s) dict_keys(['example_branch_python_operator_decorator']) retrieved from /home/airflow/.local/lib/python3.7/site-packages/airflow/example_dags/example_branch_operator_decorator.py
[2025-08-27T09:38:53.006+0000] {logging_mixin.py:137} INFO - [2025-08-27T09:38:53.006+0000] {dag.py:2690} INFO - Sync 1 DAGs
[2025-08-27T09:38:53.016+0000] {logging_mixin.py:137} INFO - [2025-08-27T09:38:53.016+0000] {dag.py:3441} INFO - Setting next_dagrun for example_branch_python_operator_decorator to 2025-08-26T00:00:00+00:00, run_after=2025-08-27T00:00:00+00:00
[2025-08-27T09:38:53.024+0000] {processor.py:175} INFO - Processing /home/airflow/.local/lib/python3.7/site-packages/airflow/example_dags/example_branch_operator_decorator.py took 0.045 seconds
[2025-08-27T09:39:39.041+0000] {processor.py:153} INFO - Started process (PID=21000) to work on /home/airflow/.local/lib/python3.7/site-packages/airflow/example_dags/example_branch_operator_decorator.py
[2025-08-27T09:39:39.042+0000] {processor.py:743} INFO - Processing file /home/airflow/.local/lib/python3.7/site-packages/airflow/example_dags/example_branch_operator_decorator.py for tasks to queue
[2025-08-27T09:39:39.042+0000] {logging_mixin.py:137} INFO - [2025-08-27T09:39:39.042+0000] {dagbag.py:538} INFO - Filling up the DagBag from /home/airflow/.local/lib/python3.7/site-packages/airflow/example_dags/example_branch_operator_decorator.py
[2025-08-27T09:39:39.053+0000] {processor.py:753} INFO - DAG(s) dict_keys(['example_branch_python_operator_decorator']) retrieved from /home/airflow/.local/lib/python3.7/site-packages/airflow/example_dags/example_branch_operator_decorator.py
[2025-08-27T09:39:39.064+0000] {logging_mixin.py:137} INFO - [2025-08-27T09:39:39.064+0000] {dag.py:2690} INFO - Sync 1 DAGs
[2025-08-27T09:39:39.074+0000] {logging_mixin.py:137} INFO - [2025-08-27T09:39:39.074+0000] {dag.py:3441} INFO - Setting next_dagrun for example_branch_python_operator_decorator to 2025-08-26T00:00:00+00:00, run_after=2025-08-27T00:00:00+00:00
[2025-08-27T09:39:39.081+0000] {processor.py:175} INFO - Processing /home/airflow/.local/lib/python3.7/site-packages/airflow/example_dags/example_branch_operator_decorator.py took 0.041 seconds
[2025-08-27T09:50:06.592+0000] {processor.py:153} INFO - Started process (PID=21100) to work on /home/airflow/.local/lib/python3.7/site-packages/airflow/example_dags/example_branch_operator_decorator.py
[2025-08-27T09:50:06.593+0000] {processor.py:743} INFO - Processing file /home/airflow/.local/lib/python3.7/site-packages/airflow/example_dags/example_branch_operator_decorator.py for tasks to queue
[2025-08-27T09:50:06.593+0000] {logging_mixin.py:137} INFO - [2025-08-27T09:50:06.593+0000] {dagbag.py:538} INFO - Filling up the DagBag from /home/airflow/.local/lib/python3.7/site-packages/airflow/example_dags/example_branch_operator_decorator.py
[2025-08-27T09:50:06.604+0000] {processor.py:753} INFO - DAG(s) dict_keys(['example_branch_python_operator_decorator']) retrieved from /home/airflow/.local/lib/python3.7/site-packages/airflow/example_dags/example_branch_operator_decorator.py
[2025-08-27T09:50:06.615+0000] {logging_mixin.py:137} INFO - [2025-08-27T09:50:06.615+0000] {dag.py:2690} INFO - Sync 1 DAGs
[2025-08-27T09:50:06.626+0000] {logging_mixin.py:137} INFO - [2025-08-27T09:50:06.626+0000] {dag.py:3441} INFO - Setting next_dagrun for example_branch_python_operator_decorator to 2025-08-26T00:00:00+00:00, run_after=2025-08-27T00:00:00+00:00
[2025-08-27T09:50:06.633+0000] {processor.py:175} INFO - Processing /home/airflow/.local/lib/python3.7/site-packages/airflow/example_dags/example_branch_operator_decorator.py took 0.043 seconds
[2025-08-27T11:12:46.393+0000] {processor.py:153} INFO - Started process (PID=21200) to work on /home/airflow/.local/lib/python3.7/site-packages/airflow/example_dags/example_branch_operator_decorator.py
[2025-08-27T11:12:46.393+0000] {processor.py:743} INFO - Processing file /home/airflow/.local/lib/python3.7/site-packages/airflow/example_dags/example_branch_operator_decorator.py for tasks to queue
[2025-08-27T11:12:46.393+0000] {logging_mixin.py:137} INFO - [2025-08-27T11:12:46.393+0000] {dagbag.py:538} INFO - Filling up the DagBag from /home/airflow/.local/lib/python3.7/site-packages/airflow/example_dags/example_branch_operator_decorator.py
[2025-08-27T11:12:46.408+0000] {processor.py:753} INFO - DAG(s) dict_keys(['example_branch_python_operator_decorator']) retrieved from /home/airflow/.local/lib/python3.7/site-packages/airflow/example_dags/example_branch_operator_decorator.py
[2025-08-27T11:12:46.423+0000] {logging_mixin.py:137} INFO - [2025-08-27T11:12:46.423+0000] {dag.py:2690} INFO - Sync 1 DAGs
[2025-08-27T11:12:46.434+0000] {logging_mixin.py:137} INFO - [2025-08-27T11:12:46.434+0000] {dag.py:3441} INFO - Setting next_dagrun for example_branch_python_operator_decorator to 2025-08-26T00:00:00+00:00, run_after=2025-08-27T00:00:00+00:00
[2025-08-27T11:12:46.443+0000] {processor.py:175} INFO - Processing /home/airflow/.local/lib/python3.7/site-packages/airflow/example_dags/example_branch_operator_decorator.py took 0.053 seconds
[2025-08-27T11:34:31.275+0000] {processor.py:153} INFO - Started process (PID=21280) to work on /home/airflow/.local/lib/python3.7/site-packages/airflow/example_dags/example_branch_operator_decorator.py
[2025-08-27T11:34:31.276+0000] {processor.py:743} INFO - Processing file /home/airflow/.local/lib/python3.7/site-packages/airflow/example_dags/example_branch_operator_decorator.py for tasks to queue
[2025-08-27T11:34:31.276+0000] {logging_mixin.py:137} INFO - [2025-08-27T11:34:31.276+0000] {dagbag.py:538} INFO - Filling up the DagBag from /home/airflow/.local/lib/python3.7/site-packages/airflow/example_dags/example_branch_operator_decorator.py
[2025-08-27T11:34:31.286+0000] {processor.py:753} INFO - DAG(s) dict_keys(['example_branch_python_operator_decorator']) retrieved from /home/airflow/.local/lib/python3.7/site-packages/airflow/example_dags/example_branch_operator_decorator.py
[2025-08-27T11:34:31.298+0000] {logging_mixin.py:137} INFO - [2025-08-27T11:34:31.298+0000] {dag.py:2690} INFO - Sync 1 DAGs
[2025-08-27T11:34:31.309+0000] {logging_mixin.py:137} INFO - [2025-08-27T11:34:31.308+0000] {dag.py:3441} INFO - Setting next_dagrun for example_branch_python_operator_decorator to 2025-08-26T00:00:00+00:00, run_after=2025-08-27T00:00:00+00:00
[2025-08-27T11:34:31.316+0000] {processor.py:175} INFO - Processing /home/airflow/.local/lib/python3.7/site-packages/airflow/example_dags/example_branch_operator_decorator.py took 0.042 seconds
[2025-08-27T11:51:13.234+0000] {processor.py:153} INFO - Started process (PID=21380) to work on /home/airflow/.local/lib/python3.7/site-packages/airflow/example_dags/example_branch_operator_decorator.py
[2025-08-27T11:51:13.235+0000] {processor.py:743} INFO - Processing file /home/airflow/.local/lib/python3.7/site-packages/airflow/example_dags/example_branch_operator_decorator.py for tasks to queue
[2025-08-27T11:51:13.235+0000] {logging_mixin.py:137} INFO - [2025-08-27T11:51:13.235+0000] {dagbag.py:538} INFO - Filling up the DagBag from /home/airflow/.local/lib/python3.7/site-packages/airflow/example_dags/example_branch_operator_decorator.py
[2025-08-27T11:51:13.248+0000] {processor.py:753} INFO - DAG(s) dict_keys(['example_branch_python_operator_decorator']) retrieved from /home/airflow/.local/lib/python3.7/site-packages/airflow/example_dags/example_branch_operator_decorator.py
[2025-08-27T11:51:13.262+0000] {logging_mixin.py:137} INFO - [2025-08-27T11:51:13.262+0000] {dag.py:2690} INFO - Sync 1 DAGs
[2025-08-27T11:51:13.279+0000] {logging_mixin.py:137} INFO - [2025-08-27T11:51:13.279+0000] {dag.py:3441} INFO - Setting next_dagrun for example_branch_python_operator_decorator to 2025-08-26T00:00:00+00:00, run_after=2025-08-27T00:00:00+00:00
[2025-08-27T11:51:13.290+0000] {processor.py:175} INFO - Processing /home/airflow/.local/lib/python3.7/site-packages/airflow/example_dags/example_branch_operator_decorator.py took 0.058 seconds
[2025-08-27T11:53:11.833+0000] {processor.py:153} INFO - Started process (PID=21480) to work on /home/airflow/.local/lib/python3.7/site-packages/airflow/example_dags/example_branch_operator_decorator.py
[2025-08-27T11:53:11.833+0000] {processor.py:743} INFO - Processing file /home/airflow/.local/lib/python3.7/site-packages/airflow/example_dags/example_branch_operator_decorator.py for tasks to queue
[2025-08-27T11:53:11.833+0000] {logging_mixin.py:137} INFO - [2025-08-27T11:53:11.833+0000] {dagbag.py:538} INFO - Filling up the DagBag from /home/airflow/.local/lib/python3.7/site-packages/airflow/example_dags/example_branch_operator_decorator.py
[2025-08-27T11:53:11.844+0000] {processor.py:753} INFO - DAG(s) dict_keys(['example_branch_python_operator_decorator']) retrieved from /home/airflow/.local/lib/python3.7/site-packages/airflow/example_dags/example_branch_operator_decorator.py
[2025-08-27T11:53:11.855+0000] {logging_mixin.py:137} INFO - [2025-08-27T11:53:11.855+0000] {dag.py:2690} INFO - Sync 1 DAGs
[2025-08-27T11:53:11.864+0000] {logging_mixin.py:137} INFO - [2025-08-27T11:53:11.864+0000] {dag.py:3441} INFO - Setting next_dagrun for example_branch_python_operator_decorator to 2025-08-26T00:00:00+00:00, run_after=2025-08-27T00:00:00+00:00
[2025-08-27T11:53:11.871+0000] {processor.py:175} INFO - Processing /home/airflow/.local/lib/python3.7/site-packages/airflow/example_dags/example_branch_operator_decorator.py took 0.040 seconds
[2025-08-27T11:58:53.362+0000] {processor.py:153} INFO - Started process (PID=21580) to work on /home/airflow/.local/lib/python3.7/site-packages/airflow/example_dags/example_branch_operator_decorator.py
[2025-08-27T11:58:53.363+0000] {processor.py:743} INFO - Processing file /home/airflow/.local/lib/python3.7/site-packages/airflow/example_dags/example_branch_operator_decorator.py for tasks to queue
[2025-08-27T11:58:53.363+0000] {logging_mixin.py:137} INFO - [2025-08-27T11:58:53.363+0000] {dagbag.py:538} INFO - Filling up the DagBag from /home/airflow/.local/lib/python3.7/site-packages/airflow/example_dags/example_branch_operator_decorator.py
[2025-08-27T11:58:53.378+0000] {processor.py:753} INFO - DAG(s) dict_keys(['example_branch_python_operator_decorator']) retrieved from /home/airflow/.local/lib/python3.7/site-packages/airflow/example_dags/example_branch_operator_decorator.py
[2025-08-27T11:58:53.394+0000] {logging_mixin.py:137} INFO - [2025-08-27T11:58:53.394+0000] {dag.py:2690} INFO - Sync 1 DAGs
[2025-08-27T11:58:53.409+0000] {logging_mixin.py:137} INFO - [2025-08-27T11:58:53.409+0000] {dag.py:3441} INFO - Setting next_dagrun for example_branch_python_operator_decorator to 2025-08-26T00:00:00+00:00, run_after=2025-08-27T00:00:00+00:00
[2025-08-27T11:58:53.418+0000] {processor.py:175} INFO - Processing /home/airflow/.local/lib/python3.7/site-packages/airflow/example_dags/example_branch_operator_decorator.py took 0.058 seconds
[2025-08-27T12:11:20.504+0000] {processor.py:153} INFO - Started process (PID=21660) to work on /home/airflow/.local/lib/python3.7/site-packages/airflow/example_dags/example_branch_operator_decorator.py
[2025-08-27T12:11:20.504+0000] {processor.py:743} INFO - Processing file /home/airflow/.local/lib/python3.7/site-packages/airflow/example_dags/example_branch_operator_decorator.py for tasks to queue
[2025-08-27T12:11:20.504+0000] {logging_mixin.py:137} INFO - [2025-08-27T12:11:20.504+0000] {dagbag.py:538} INFO - Filling up the DagBag from /home/airflow/.local/lib/python3.7/site-packages/airflow/example_dags/example_branch_operator_decorator.py
[2025-08-27T12:11:20.514+0000] {processor.py:753} INFO - DAG(s) dict_keys(['example_branch_python_operator_decorator']) retrieved from /home/airflow/.local/lib/python3.7/site-packages/airflow/example_dags/example_branch_operator_decorator.py
[2025-08-27T12:11:20.525+0000] {logging_mixin.py:137} INFO - [2025-08-27T12:11:20.525+0000] {dag.py:2690} INFO - Sync 1 DAGs
[2025-08-27T12:11:20.535+0000] {logging_mixin.py:137} INFO - [2025-08-27T12:11:20.535+0000] {dag.py:3441} INFO - Setting next_dagrun for example_branch_python_operator_decorator to 2025-08-26T00:00:00+00:00, run_after=2025-08-27T00:00:00+00:00
[2025-08-27T12:11:20.542+0000] {processor.py:175} INFO - Processing /home/airflow/.local/lib/python3.7/site-packages/airflow/example_dags/example_branch_operator_decorator.py took 0.040 seconds
[2025-08-27T12:14:24.680+0000] {processor.py:153} INFO - Started process (PID=21760) to work on /home/airflow/.local/lib/python3.7/site-packages/airflow/example_dags/example_branch_operator_decorator.py
[2025-08-27T12:14:24.680+0000] {processor.py:743} INFO - Processing file /home/airflow/.local/lib/python3.7/site-packages/airflow/example_dags/example_branch_operator_decorator.py for tasks to queue
[2025-08-27T12:14:24.681+0000] {logging_mixin.py:137} INFO - [2025-08-27T12:14:24.681+0000] {dagbag.py:538} INFO - Filling up the DagBag from /home/airflow/.local/lib/python3.7/site-packages/airflow/example_dags/example_branch_operator_decorator.py
[2025-08-27T12:14:24.698+0000] {processor.py:753} INFO - DAG(s) dict_keys(['example_branch_python_operator_decorator']) retrieved from /home/airflow/.local/lib/python3.7/site-packages/airflow/example_dags/example_branch_operator_decorator.py
[2025-08-27T12:14:24.720+0000] {logging_mixin.py:137} INFO - [2025-08-27T12:14:24.720+0000] {dag.py:2690} INFO - Sync 1 DAGs
[2025-08-27T12:14:24.737+0000] {logging_mixin.py:137} INFO - [2025-08-27T12:14:24.737+0000] {dag.py:3441} INFO - Setting next_dagrun for example_branch_python_operator_decorator to 2025-08-26T00:00:00+00:00, run_after=2025-08-27T00:00:00+00:00
[2025-08-27T12:14:24.750+0000] {processor.py:175} INFO - Processing /home/airflow/.local/lib/python3.7/site-packages/airflow/example_dags/example_branch_operator_decorator.py took 0.073 seconds
[2025-08-27T12:27:57.256+0000] {processor.py:153} INFO - Started process (PID=21860) to work on /home/airflow/.local/lib/python3.7/site-packages/airflow/example_dags/example_branch_operator_decorator.py
[2025-08-27T12:27:57.257+0000] {processor.py:743} INFO - Processing file /home/airflow/.local/lib/python3.7/site-packages/airflow/example_dags/example_branch_operator_decorator.py for tasks to queue
[2025-08-27T12:27:57.257+0000] {logging_mixin.py:137} INFO - [2025-08-27T12:27:57.257+0000] {dagbag.py:538} INFO - Filling up the DagBag from /home/airflow/.local/lib/python3.7/site-packages/airflow/example_dags/example_branch_operator_decorator.py
[2025-08-27T12:27:57.270+0000] {processor.py:753} INFO - DAG(s) dict_keys(['example_branch_python_operator_decorator']) retrieved from /home/airflow/.local/lib/python3.7/site-packages/airflow/example_dags/example_branch_operator_decorator.py
[2025-08-27T12:27:57.284+0000] {logging_mixin.py:137} INFO - [2025-08-27T12:27:57.284+0000] {dag.py:2690} INFO - Sync 1 DAGs
[2025-08-27T12:27:57.296+0000] {logging_mixin.py:137} INFO - [2025-08-27T12:27:57.296+0000] {dag.py:3441} INFO - Setting next_dagrun for example_branch_python_operator_decorator to 2025-08-26T00:00:00+00:00, run_after=2025-08-27T00:00:00+00:00
[2025-08-27T12:27:57.304+0000] {processor.py:175} INFO - Processing /home/airflow/.local/lib/python3.7/site-packages/airflow/example_dags/example_branch_operator_decorator.py took 0.050 seconds
[2025-08-27T12:38:25.546+0000] {processor.py:153} INFO - Started process (PID=21940) to work on /home/airflow/.local/lib/python3.7/site-packages/airflow/example_dags/example_branch_operator_decorator.py
[2025-08-27T12:38:25.546+0000] {processor.py:743} INFO - Processing file /home/airflow/.local/lib/python3.7/site-packages/airflow/example_dags/example_branch_operator_decorator.py for tasks to queue
[2025-08-27T12:38:25.547+0000] {logging_mixin.py:137} INFO - [2025-08-27T12:38:25.547+0000] {dagbag.py:538} INFO - Filling up the DagBag from /home/airflow/.local/lib/python3.7/site-packages/airflow/example_dags/example_branch_operator_decorator.py
[2025-08-27T12:38:25.557+0000] {processor.py:753} INFO - DAG(s) dict_keys(['example_branch_python_operator_decorator']) retrieved from /home/airflow/.local/lib/python3.7/site-packages/airflow/example_dags/example_branch_operator_decorator.py
[2025-08-27T12:38:25.569+0000] {logging_mixin.py:137} INFO - [2025-08-27T12:38:25.568+0000] {dag.py:2690} INFO - Sync 1 DAGs
[2025-08-27T12:38:25.578+0000] {logging_mixin.py:137} INFO - [2025-08-27T12:38:25.578+0000] {dag.py:3441} INFO - Setting next_dagrun for example_branch_python_operator_decorator to 2025-08-26T00:00:00+00:00, run_after=2025-08-27T00:00:00+00:00
[2025-08-27T12:38:25.584+0000] {processor.py:175} INFO - Processing /home/airflow/.local/lib/python3.7/site-packages/airflow/example_dags/example_branch_operator_decorator.py took 0.040 seconds
[2025-08-27T12:57:12.401+0000] {processor.py:153} INFO - Started process (PID=22040) to work on /home/airflow/.local/lib/python3.7/site-packages/airflow/example_dags/example_branch_operator_decorator.py
[2025-08-27T12:57:12.401+0000] {processor.py:743} INFO - Processing file /home/airflow/.local/lib/python3.7/site-packages/airflow/example_dags/example_branch_operator_decorator.py for tasks to queue
[2025-08-27T12:57:12.402+0000] {logging_mixin.py:137} INFO - [2025-08-27T12:57:12.402+0000] {dagbag.py:538} INFO - Filling up the DagBag from /home/airflow/.local/lib/python3.7/site-packages/airflow/example_dags/example_branch_operator_decorator.py
[2025-08-27T12:57:12.416+0000] {processor.py:753} INFO - DAG(s) dict_keys(['example_branch_python_operator_decorator']) retrieved from /home/airflow/.local/lib/python3.7/site-packages/airflow/example_dags/example_branch_operator_decorator.py
[2025-08-27T12:57:12.430+0000] {logging_mixin.py:137} INFO - [2025-08-27T12:57:12.430+0000] {dag.py:2690} INFO - Sync 1 DAGs
[2025-08-27T12:57:12.442+0000] {logging_mixin.py:137} INFO - [2025-08-27T12:57:12.442+0000] {dag.py:3441} INFO - Setting next_dagrun for example_branch_python_operator_decorator to 2025-08-26T00:00:00+00:00, run_after=2025-08-27T00:00:00+00:00
[2025-08-27T12:57:12.451+0000] {processor.py:175} INFO - Processing /home/airflow/.local/lib/python3.7/site-packages/airflow/example_dags/example_branch_operator_decorator.py took 0.052 seconds
[2025-08-27T12:57:42.896+0000] {processor.py:153} INFO - Started process (PID=22140) to work on /home/airflow/.local/lib/python3.7/site-packages/airflow/example_dags/example_branch_operator_decorator.py
[2025-08-27T12:57:42.897+0000] {processor.py:743} INFO - Processing file /home/airflow/.local/lib/python3.7/site-packages/airflow/example_dags/example_branch_operator_decorator.py for tasks to queue
[2025-08-27T12:57:42.897+0000] {logging_mixin.py:137} INFO - [2025-08-27T12:57:42.897+0000] {dagbag.py:538} INFO - Filling up the DagBag from /home/airflow/.local/lib/python3.7/site-packages/airflow/example_dags/example_branch_operator_decorator.py
[2025-08-27T12:57:42.908+0000] {processor.py:753} INFO - DAG(s) dict_keys(['example_branch_python_operator_decorator']) retrieved from /home/airflow/.local/lib/python3.7/site-packages/airflow/example_dags/example_branch_operator_decorator.py
[2025-08-27T12:57:42.918+0000] {logging_mixin.py:137} INFO - [2025-08-27T12:57:42.918+0000] {dag.py:2690} INFO - Sync 1 DAGs
[2025-08-27T12:57:42.928+0000] {logging_mixin.py:137} INFO - [2025-08-27T12:57:42.928+0000] {dag.py:3441} INFO - Setting next_dagrun for example_branch_python_operator_decorator to 2025-08-26T00:00:00+00:00, run_after=2025-08-27T00:00:00+00:00
[2025-08-27T12:57:42.935+0000] {processor.py:175} INFO - Processing /home/airflow/.local/lib/python3.7/site-packages/airflow/example_dags/example_branch_operator_decorator.py took 0.041 seconds
[2025-08-27T13:27:10.714+0000] {processor.py:153} INFO - Started process (PID=22240) to work on /home/airflow/.local/lib/python3.7/site-packages/airflow/example_dags/example_branch_operator_decorator.py
[2025-08-27T13:27:10.716+0000] {processor.py:743} INFO - Processing file /home/airflow/.local/lib/python3.7/site-packages/airflow/example_dags/example_branch_operator_decorator.py for tasks to queue
[2025-08-27T13:27:10.716+0000] {logging_mixin.py:137} INFO - [2025-08-27T13:27:10.716+0000] {dagbag.py:538} INFO - Filling up the DagBag from /home/airflow/.local/lib/python3.7/site-packages/airflow/example_dags/example_branch_operator_decorator.py
[2025-08-27T13:27:10.728+0000] {processor.py:753} INFO - DAG(s) dict_keys(['example_branch_python_operator_decorator']) retrieved from /home/airflow/.local/lib/python3.7/site-packages/airflow/example_dags/example_branch_operator_decorator.py
[2025-08-27T13:27:10.745+0000] {logging_mixin.py:137} INFO - [2025-08-27T13:27:10.745+0000] {dag.py:2690} INFO - Sync 1 DAGs
[2025-08-27T13:27:10.762+0000] {logging_mixin.py:137} INFO - [2025-08-27T13:27:10.762+0000] {dag.py:3441} INFO - Setting next_dagrun for example_branch_python_operator_decorator to 2025-08-26T00:00:00+00:00, run_after=2025-08-27T00:00:00+00:00
[2025-08-27T13:27:10.770+0000] {processor.py:175} INFO - Processing /home/airflow/.local/lib/python3.7/site-packages/airflow/example_dags/example_branch_operator_decorator.py took 0.058 seconds
[2025-08-27T13:30:12.844+0000] {processor.py:153} INFO - Started process (PID=22320) to work on /home/airflow/.local/lib/python3.7/site-packages/airflow/example_dags/example_branch_operator_decorator.py
[2025-08-27T13:30:12.844+0000] {processor.py:743} INFO - Processing file /home/airflow/.local/lib/python3.7/site-packages/airflow/example_dags/example_branch_operator_decorator.py for tasks to queue
[2025-08-27T13:30:12.845+0000] {logging_mixin.py:137} INFO - [2025-08-27T13:30:12.845+0000] {dagbag.py:538} INFO - Filling up the DagBag from /home/airflow/.local/lib/python3.7/site-packages/airflow/example_dags/example_branch_operator_decorator.py
[2025-08-27T13:30:12.856+0000] {processor.py:753} INFO - DAG(s) dict_keys(['example_branch_python_operator_decorator']) retrieved from /home/airflow/.local/lib/python3.7/site-packages/airflow/example_dags/example_branch_operator_decorator.py
[2025-08-27T13:30:12.868+0000] {logging_mixin.py:137} INFO - [2025-08-27T13:30:12.868+0000] {dag.py:2690} INFO - Sync 1 DAGs
[2025-08-27T13:30:12.881+0000] {logging_mixin.py:137} INFO - [2025-08-27T13:30:12.881+0000] {dag.py:3441} INFO - Setting next_dagrun for example_branch_python_operator_decorator to 2025-08-26T00:00:00+00:00, run_after=2025-08-27T00:00:00+00:00
[2025-08-27T13:30:12.890+0000] {processor.py:175} INFO - Processing /home/airflow/.local/lib/python3.7/site-packages/airflow/example_dags/example_branch_operator_decorator.py took 0.048 seconds
[2025-08-27T13:37:06.856+0000] {processor.py:153} INFO - Started process (PID=22420) to work on /home/airflow/.local/lib/python3.7/site-packages/airflow/example_dags/example_branch_operator_decorator.py
[2025-08-27T13:37:06.857+0000] {processor.py:743} INFO - Processing file /home/airflow/.local/lib/python3.7/site-packages/airflow/example_dags/example_branch_operator_decorator.py for tasks to queue
[2025-08-27T13:37:06.859+0000] {logging_mixin.py:137} INFO - [2025-08-27T13:37:06.859+0000] {dagbag.py:538} INFO - Filling up the DagBag from /home/airflow/.local/lib/python3.7/site-packages/airflow/example_dags/example_branch_operator_decorator.py
[2025-08-27T13:37:06.873+0000] {processor.py:753} INFO - DAG(s) dict_keys(['example_branch_python_operator_decorator']) retrieved from /home/airflow/.local/lib/python3.7/site-packages/airflow/example_dags/example_branch_operator_decorator.py
[2025-08-27T13:37:06.888+0000] {logging_mixin.py:137} INFO - [2025-08-27T13:37:06.888+0000] {dag.py:2690} INFO - Sync 1 DAGs
[2025-08-27T13:37:06.902+0000] {logging_mixin.py:137} INFO - [2025-08-27T13:37:06.902+0000] {dag.py:3441} INFO - Setting next_dagrun for example_branch_python_operator_decorator to 2025-08-26T00:00:00+00:00, run_after=2025-08-27T00:00:00+00:00
[2025-08-27T13:37:06.912+0000] {processor.py:175} INFO - Processing /home/airflow/.local/lib/python3.7/site-packages/airflow/example_dags/example_branch_operator_decorator.py took 0.059 seconds
[2025-08-27T13:51:01.489+0000] {processor.py:153} INFO - Started process (PID=22520) to work on /home/airflow/.local/lib/python3.7/site-packages/airflow/example_dags/example_branch_operator_decorator.py
[2025-08-27T13:51:01.489+0000] {processor.py:743} INFO - Processing file /home/airflow/.local/lib/python3.7/site-packages/airflow/example_dags/example_branch_operator_decorator.py for tasks to queue
[2025-08-27T13:51:01.490+0000] {logging_mixin.py:137} INFO - [2025-08-27T13:51:01.490+0000] {dagbag.py:538} INFO - Filling up the DagBag from /home/airflow/.local/lib/python3.7/site-packages/airflow/example_dags/example_branch_operator_decorator.py
[2025-08-27T13:51:01.500+0000] {processor.py:753} INFO - DAG(s) dict_keys(['example_branch_python_operator_decorator']) retrieved from /home/airflow/.local/lib/python3.7/site-packages/airflow/example_dags/example_branch_operator_decorator.py
[2025-08-27T13:51:01.511+0000] {logging_mixin.py:137} INFO - [2025-08-27T13:51:01.511+0000] {dag.py:2690} INFO - Sync 1 DAGs
[2025-08-27T13:51:01.522+0000] {logging_mixin.py:137} INFO - [2025-08-27T13:51:01.522+0000] {dag.py:3441} INFO - Setting next_dagrun for example_branch_python_operator_decorator to 2025-08-26T00:00:00+00:00, run_after=2025-08-27T00:00:00+00:00
[2025-08-27T13:51:01.529+0000] {processor.py:175} INFO - Processing /home/airflow/.local/lib/python3.7/site-packages/airflow/example_dags/example_branch_operator_decorator.py took 0.041 seconds
[2025-08-27T14:01:06.054+0000] {processor.py:153} INFO - Started process (PID=22600) to work on /home/airflow/.local/lib/python3.7/site-packages/airflow/example_dags/example_branch_operator_decorator.py
[2025-08-27T14:01:06.054+0000] {processor.py:743} INFO - Processing file /home/airflow/.local/lib/python3.7/site-packages/airflow/example_dags/example_branch_operator_decorator.py for tasks to queue
[2025-08-27T14:01:06.055+0000] {logging_mixin.py:137} INFO - [2025-08-27T14:01:06.055+0000] {dagbag.py:538} INFO - Filling up the DagBag from /home/airflow/.local/lib/python3.7/site-packages/airflow/example_dags/example_branch_operator_decorator.py
[2025-08-27T14:01:06.069+0000] {processor.py:753} INFO - DAG(s) dict_keys(['example_branch_python_operator_decorator']) retrieved from /home/airflow/.local/lib/python3.7/site-packages/airflow/example_dags/example_branch_operator_decorator.py
[2025-08-27T14:01:06.082+0000] {logging_mixin.py:137} INFO - [2025-08-27T14:01:06.082+0000] {dag.py:2690} INFO - Sync 1 DAGs
[2025-08-27T14:01:06.099+0000] {logging_mixin.py:137} INFO - [2025-08-27T14:01:06.099+0000] {dag.py:3441} INFO - Setting next_dagrun for example_branch_python_operator_decorator to 2025-08-26T00:00:00+00:00, run_after=2025-08-27T00:00:00+00:00
[2025-08-27T14:01:06.111+0000] {processor.py:175} INFO - Processing /home/airflow/.local/lib/python3.7/site-packages/airflow/example_dags/example_branch_operator_decorator.py took 0.060 seconds
[2025-08-27T14:41:12.533+0000] {processor.py:153} INFO - Started process (PID=22700) to work on /home/airflow/.local/lib/python3.7/site-packages/airflow/example_dags/example_branch_operator_decorator.py
[2025-08-27T14:41:12.537+0000] {processor.py:743} INFO - Processing file /home/airflow/.local/lib/python3.7/site-packages/airflow/example_dags/example_branch_operator_decorator.py for tasks to queue
[2025-08-27T14:41:12.538+0000] {logging_mixin.py:137} INFO - [2025-08-27T14:41:12.538+0000] {dagbag.py:538} INFO - Filling up the DagBag from /home/airflow/.local/lib/python3.7/site-packages/airflow/example_dags/example_branch_operator_decorator.py
[2025-08-27T14:41:12.550+0000] {processor.py:753} INFO - DAG(s) dict_keys(['example_branch_python_operator_decorator']) retrieved from /home/airflow/.local/lib/python3.7/site-packages/airflow/example_dags/example_branch_operator_decorator.py
[2025-08-27T14:41:12.564+0000] {logging_mixin.py:137} INFO - [2025-08-27T14:41:12.564+0000] {dag.py:2690} INFO - Sync 1 DAGs
[2025-08-27T14:41:12.576+0000] {logging_mixin.py:137} INFO - [2025-08-27T14:41:12.576+0000] {dag.py:3441} INFO - Setting next_dagrun for example_branch_python_operator_decorator to 2025-08-26T00:00:00+00:00, run_after=2025-08-27T00:00:00+00:00
[2025-08-27T14:41:12.586+0000] {processor.py:175} INFO - Processing /home/airflow/.local/lib/python3.7/site-packages/airflow/example_dags/example_branch_operator_decorator.py took 0.054 seconds
[2025-08-27T14:43:54.401+0000] {processor.py:153} INFO - Started process (PID=22800) to work on /home/airflow/.local/lib/python3.7/site-packages/airflow/example_dags/example_branch_operator_decorator.py
[2025-08-27T14:43:54.402+0000] {processor.py:743} INFO - Processing file /home/airflow/.local/lib/python3.7/site-packages/airflow/example_dags/example_branch_operator_decorator.py for tasks to queue
[2025-08-27T14:43:54.403+0000] {logging_mixin.py:137} INFO - [2025-08-27T14:43:54.402+0000] {dagbag.py:538} INFO - Filling up the DagBag from /home/airflow/.local/lib/python3.7/site-packages/airflow/example_dags/example_branch_operator_decorator.py
[2025-08-27T14:43:54.431+0000] {processor.py:753} INFO - DAG(s) dict_keys(['example_branch_python_operator_decorator']) retrieved from /home/airflow/.local/lib/python3.7/site-packages/airflow/example_dags/example_branch_operator_decorator.py
[2025-08-27T14:43:54.468+0000] {logging_mixin.py:137} INFO - [2025-08-27T14:43:54.468+0000] {dag.py:2690} INFO - Sync 1 DAGs
[2025-08-27T14:43:54.486+0000] {logging_mixin.py:137} INFO - [2025-08-27T14:43:54.486+0000] {dag.py:3441} INFO - Setting next_dagrun for example_branch_python_operator_decorator to 2025-08-26T00:00:00+00:00, run_after=2025-08-27T00:00:00+00:00
[2025-08-27T14:43:54.500+0000] {processor.py:175} INFO - Processing /home/airflow/.local/lib/python3.7/site-packages/airflow/example_dags/example_branch_operator_decorator.py took 0.102 seconds
[2025-08-27T14:54:31.695+0000] {processor.py:153} INFO - Started process (PID=22900) to work on /home/airflow/.local/lib/python3.7/site-packages/airflow/example_dags/example_branch_operator_decorator.py
[2025-08-27T14:54:31.695+0000] {processor.py:743} INFO - Processing file /home/airflow/.local/lib/python3.7/site-packages/airflow/example_dags/example_branch_operator_decorator.py for tasks to queue
[2025-08-27T14:54:31.696+0000] {logging_mixin.py:137} INFO - [2025-08-27T14:54:31.696+0000] {dagbag.py:538} INFO - Filling up the DagBag from /home/airflow/.local/lib/python3.7/site-packages/airflow/example_dags/example_branch_operator_decorator.py
[2025-08-27T14:54:31.706+0000] {processor.py:753} INFO - DAG(s) dict_keys(['example_branch_python_operator_decorator']) retrieved from /home/airflow/.local/lib/python3.7/site-packages/airflow/example_dags/example_branch_operator_decorator.py
[2025-08-27T14:54:31.719+0000] {logging_mixin.py:137} INFO - [2025-08-27T14:54:31.719+0000] {dag.py:2690} INFO - Sync 1 DAGs
[2025-08-27T14:54:31.732+0000] {logging_mixin.py:137} INFO - [2025-08-27T14:54:31.732+0000] {dag.py:3441} INFO - Setting next_dagrun for example_branch_python_operator_decorator to 2025-08-26T00:00:00+00:00, run_after=2025-08-27T00:00:00+00:00
[2025-08-27T14:54:31.740+0000] {processor.py:175} INFO - Processing /home/airflow/.local/lib/python3.7/site-packages/airflow/example_dags/example_branch_operator_decorator.py took 0.047 seconds
[2025-08-27T15:01:39.135+0000] {processor.py:153} INFO - Started process (PID=22980) to work on /home/airflow/.local/lib/python3.7/site-packages/airflow/example_dags/example_branch_operator_decorator.py
[2025-08-27T15:01:39.136+0000] {processor.py:743} INFO - Processing file /home/airflow/.local/lib/python3.7/site-packages/airflow/example_dags/example_branch_operator_decorator.py for tasks to queue
[2025-08-27T15:01:39.136+0000] {logging_mixin.py:137} INFO - [2025-08-27T15:01:39.136+0000] {dagbag.py:538} INFO - Filling up the DagBag from /home/airflow/.local/lib/python3.7/site-packages/airflow/example_dags/example_branch_operator_decorator.py
[2025-08-27T15:01:39.150+0000] {processor.py:753} INFO - DAG(s) dict_keys(['example_branch_python_operator_decorator']) retrieved from /home/airflow/.local/lib/python3.7/site-packages/airflow/example_dags/example_branch_operator_decorator.py
[2025-08-27T15:01:39.168+0000] {logging_mixin.py:137} INFO - [2025-08-27T15:01:39.168+0000] {dag.py:2690} INFO - Sync 1 DAGs
[2025-08-27T15:01:39.183+0000] {logging_mixin.py:137} INFO - [2025-08-27T15:01:39.183+0000] {dag.py:3441} INFO - Setting next_dagrun for example_branch_python_operator_decorator to 2025-08-26T00:00:00+00:00, run_after=2025-08-27T00:00:00+00:00
[2025-08-27T15:01:39.205+0000] {processor.py:175} INFO - Processing /home/airflow/.local/lib/python3.7/site-packages/airflow/example_dags/example_branch_operator_decorator.py took 0.071 seconds
[2025-08-27T15:08:09.626+0000] {processor.py:153} INFO - Started process (PID=23080) to work on /home/airflow/.local/lib/python3.7/site-packages/airflow/example_dags/example_branch_operator_decorator.py
[2025-08-27T15:08:09.627+0000] {processor.py:743} INFO - Processing file /home/airflow/.local/lib/python3.7/site-packages/airflow/example_dags/example_branch_operator_decorator.py for tasks to queue
[2025-08-27T15:08:09.627+0000] {logging_mixin.py:137} INFO - [2025-08-27T15:08:09.627+0000] {dagbag.py:538} INFO - Filling up the DagBag from /home/airflow/.local/lib/python3.7/site-packages/airflow/example_dags/example_branch_operator_decorator.py
[2025-08-27T15:08:09.642+0000] {processor.py:753} INFO - DAG(s) dict_keys(['example_branch_python_operator_decorator']) retrieved from /home/airflow/.local/lib/python3.7/site-packages/airflow/example_dags/example_branch_operator_decorator.py
[2025-08-27T15:08:09.659+0000] {logging_mixin.py:137} INFO - [2025-08-27T15:08:09.659+0000] {dag.py:2690} INFO - Sync 1 DAGs
[2025-08-27T15:08:09.670+0000] {logging_mixin.py:137} INFO - [2025-08-27T15:08:09.670+0000] {dag.py:3441} INFO - Setting next_dagrun for example_branch_python_operator_decorator to 2025-08-26T00:00:00+00:00, run_after=2025-08-27T00:00:00+00:00
[2025-08-27T15:08:09.678+0000] {processor.py:175} INFO - Processing /home/airflow/.local/lib/python3.7/site-packages/airflow/example_dags/example_branch_operator_decorator.py took 0.055 seconds
[2025-08-27T15:18:52.207+0000] {processor.py:153} INFO - Started process (PID=23180) to work on /home/airflow/.local/lib/python3.7/site-packages/airflow/example_dags/example_branch_operator_decorator.py
[2025-08-27T15:18:52.208+0000] {processor.py:743} INFO - Processing file /home/airflow/.local/lib/python3.7/site-packages/airflow/example_dags/example_branch_operator_decorator.py for tasks to queue
[2025-08-27T15:18:52.208+0000] {logging_mixin.py:137} INFO - [2025-08-27T15:18:52.208+0000] {dagbag.py:538} INFO - Filling up the DagBag from /home/airflow/.local/lib/python3.7/site-packages/airflow/example_dags/example_branch_operator_decorator.py
[2025-08-27T15:18:52.220+0000] {processor.py:753} INFO - DAG(s) dict_keys(['example_branch_python_operator_decorator']) retrieved from /home/airflow/.local/lib/python3.7/site-packages/airflow/example_dags/example_branch_operator_decorator.py
[2025-08-27T15:18:52.235+0000] {logging_mixin.py:137} INFO - [2025-08-27T15:18:52.235+0000] {dag.py:2690} INFO - Sync 1 DAGs
[2025-08-27T15:18:52.248+0000] {logging_mixin.py:137} INFO - [2025-08-27T15:18:52.247+0000] {dag.py:3441} INFO - Setting next_dagrun for example_branch_python_operator_decorator to 2025-08-26T00:00:00+00:00, run_after=2025-08-27T00:00:00+00:00
[2025-08-27T15:18:52.259+0000] {processor.py:175} INFO - Processing /home/airflow/.local/lib/python3.7/site-packages/airflow/example_dags/example_branch_operator_decorator.py took 0.053 seconds
[2025-08-27T15:19:36.850+0000] {processor.py:153} INFO - Started process (PID=23260) to work on /home/airflow/.local/lib/python3.7/site-packages/airflow/example_dags/example_branch_operator_decorator.py
[2025-08-27T15:19:36.851+0000] {processor.py:743} INFO - Processing file /home/airflow/.local/lib/python3.7/site-packages/airflow/example_dags/example_branch_operator_decorator.py for tasks to queue
[2025-08-27T15:19:36.851+0000] {logging_mixin.py:137} INFO - [2025-08-27T15:19:36.851+0000] {dagbag.py:538} INFO - Filling up the DagBag from /home/airflow/.local/lib/python3.7/site-packages/airflow/example_dags/example_branch_operator_decorator.py
[2025-08-27T15:19:36.861+0000] {processor.py:753} INFO - DAG(s) dict_keys(['example_branch_python_operator_decorator']) retrieved from /home/airflow/.local/lib/python3.7/site-packages/airflow/example_dags/example_branch_operator_decorator.py
[2025-08-27T15:19:36.873+0000] {logging_mixin.py:137} INFO - [2025-08-27T15:19:36.873+0000] {dag.py:2690} INFO - Sync 1 DAGs
[2025-08-27T15:19:36.883+0000] {logging_mixin.py:137} INFO - [2025-08-27T15:19:36.883+0000] {dag.py:3441} INFO - Setting next_dagrun for example_branch_python_operator_decorator to 2025-08-26T00:00:00+00:00, run_after=2025-08-27T00:00:00+00:00
[2025-08-27T15:19:36.890+0000] {processor.py:175} INFO - Processing /home/airflow/.local/lib/python3.7/site-packages/airflow/example_dags/example_branch_operator_decorator.py took 0.041 seconds
[2025-08-27T15:21:52.851+0000] {processor.py:153} INFO - Started process (PID=23360) to work on /home/airflow/.local/lib/python3.7/site-packages/airflow/example_dags/example_branch_operator_decorator.py
[2025-08-27T15:21:52.851+0000] {processor.py:743} INFO - Processing file /home/airflow/.local/lib/python3.7/site-packages/airflow/example_dags/example_branch_operator_decorator.py for tasks to queue
[2025-08-27T15:21:52.851+0000] {logging_mixin.py:137} INFO - [2025-08-27T15:21:52.851+0000] {dagbag.py:538} INFO - Filling up the DagBag from /home/airflow/.local/lib/python3.7/site-packages/airflow/example_dags/example_branch_operator_decorator.py
[2025-08-27T15:21:52.862+0000] {processor.py:753} INFO - DAG(s) dict_keys(['example_branch_python_operator_decorator']) retrieved from /home/airflow/.local/lib/python3.7/site-packages/airflow/example_dags/example_branch_operator_decorator.py
[2025-08-27T15:21:52.874+0000] {logging_mixin.py:137} INFO - [2025-08-27T15:21:52.874+0000] {dag.py:2690} INFO - Sync 1 DAGs
[2025-08-27T15:21:52.884+0000] {logging_mixin.py:137} INFO - [2025-08-27T15:21:52.884+0000] {dag.py:3441} INFO - Setting next_dagrun for example_branch_python_operator_decorator to 2025-08-26T00:00:00+00:00, run_after=2025-08-27T00:00:00+00:00
[2025-08-27T15:21:52.891+0000] {processor.py:175} INFO - Processing /home/airflow/.local/lib/python3.7/site-packages/airflow/example_dags/example_branch_operator_decorator.py took 0.041 seconds
[2025-08-27T15:25:58.857+0000] {processor.py:153} INFO - Started process (PID=23460) to work on /home/airflow/.local/lib/python3.7/site-packages/airflow/example_dags/example_branch_operator_decorator.py
[2025-08-27T15:25:58.857+0000] {processor.py:743} INFO - Processing file /home/airflow/.local/lib/python3.7/site-packages/airflow/example_dags/example_branch_operator_decorator.py for tasks to queue
[2025-08-27T15:25:58.858+0000] {logging_mixin.py:137} INFO - [2025-08-27T15:25:58.858+0000] {dagbag.py:538} INFO - Filling up the DagBag from /home/airflow/.local/lib/python3.7/site-packages/airflow/example_dags/example_branch_operator_decorator.py
[2025-08-27T15:25:58.882+0000] {processor.py:753} INFO - DAG(s) dict_keys(['example_branch_python_operator_decorator']) retrieved from /home/airflow/.local/lib/python3.7/site-packages/airflow/example_dags/example_branch_operator_decorator.py
[2025-08-27T15:25:58.911+0000] {logging_mixin.py:137} INFO - [2025-08-27T15:25:58.911+0000] {dag.py:2690} INFO - Sync 1 DAGs
[2025-08-27T15:25:58.932+0000] {logging_mixin.py:137} INFO - [2025-08-27T15:25:58.931+0000] {dag.py:3441} INFO - Setting next_dagrun for example_branch_python_operator_decorator to 2025-08-26T00:00:00+00:00, run_after=2025-08-27T00:00:00+00:00
[2025-08-27T15:25:58.941+0000] {processor.py:175} INFO - Processing /home/airflow/.local/lib/python3.7/site-packages/airflow/example_dags/example_branch_operator_decorator.py took 0.087 seconds
[2025-08-27T16:00:40.099+0000] {processor.py:153} INFO - Started process (PID=23560) to work on /home/airflow/.local/lib/python3.7/site-packages/airflow/example_dags/example_branch_operator_decorator.py
[2025-08-27T16:00:40.099+0000] {processor.py:743} INFO - Processing file /home/airflow/.local/lib/python3.7/site-packages/airflow/example_dags/example_branch_operator_decorator.py for tasks to queue
[2025-08-27T16:00:40.099+0000] {logging_mixin.py:137} INFO - [2025-08-27T16:00:40.099+0000] {dagbag.py:538} INFO - Filling up the DagBag from /home/airflow/.local/lib/python3.7/site-packages/airflow/example_dags/example_branch_operator_decorator.py
[2025-08-27T16:00:40.115+0000] {processor.py:753} INFO - DAG(s) dict_keys(['example_branch_python_operator_decorator']) retrieved from /home/airflow/.local/lib/python3.7/site-packages/airflow/example_dags/example_branch_operator_decorator.py
[2025-08-27T16:00:40.131+0000] {logging_mixin.py:137} INFO - [2025-08-27T16:00:40.131+0000] {dag.py:2690} INFO - Sync 1 DAGs
[2025-08-27T16:00:40.143+0000] {logging_mixin.py:137} INFO - [2025-08-27T16:00:40.143+0000] {dag.py:3441} INFO - Setting next_dagrun for example_branch_python_operator_decorator to 2025-08-26T00:00:00+00:00, run_after=2025-08-27T00:00:00+00:00
[2025-08-27T16:00:40.154+0000] {processor.py:175} INFO - Processing /home/airflow/.local/lib/python3.7/site-packages/airflow/example_dags/example_branch_operator_decorator.py took 0.057 seconds
[2025-08-27T16:14:53.042+0000] {processor.py:153} INFO - Started process (PID=23640) to work on /home/airflow/.local/lib/python3.7/site-packages/airflow/example_dags/example_branch_operator_decorator.py
[2025-08-27T16:14:53.042+0000] {processor.py:743} INFO - Processing file /home/airflow/.local/lib/python3.7/site-packages/airflow/example_dags/example_branch_operator_decorator.py for tasks to queue
[2025-08-27T16:14:53.042+0000] {logging_mixin.py:137} INFO - [2025-08-27T16:14:53.042+0000] {dagbag.py:538} INFO - Filling up the DagBag from /home/airflow/.local/lib/python3.7/site-packages/airflow/example_dags/example_branch_operator_decorator.py
[2025-08-27T16:14:53.053+0000] {processor.py:753} INFO - DAG(s) dict_keys(['example_branch_python_operator_decorator']) retrieved from /home/airflow/.local/lib/python3.7/site-packages/airflow/example_dags/example_branch_operator_decorator.py
[2025-08-27T16:14:53.064+0000] {logging_mixin.py:137} INFO - [2025-08-27T16:14:53.064+0000] {dag.py:2690} INFO - Sync 1 DAGs
[2025-08-27T16:14:53.075+0000] {logging_mixin.py:137} INFO - [2025-08-27T16:14:53.075+0000] {dag.py:3441} INFO - Setting next_dagrun for example_branch_python_operator_decorator to 2025-08-26T00:00:00+00:00, run_after=2025-08-27T00:00:00+00:00
[2025-08-27T16:14:53.086+0000] {processor.py:175} INFO - Processing /home/airflow/.local/lib/python3.7/site-packages/airflow/example_dags/example_branch_operator_decorator.py took 0.046 seconds
[2025-08-27T16:23:10.318+0000] {processor.py:153} INFO - Started process (PID=23740) to work on /home/airflow/.local/lib/python3.7/site-packages/airflow/example_dags/example_branch_operator_decorator.py
[2025-08-27T16:23:10.319+0000] {processor.py:743} INFO - Processing file /home/airflow/.local/lib/python3.7/site-packages/airflow/example_dags/example_branch_operator_decorator.py for tasks to queue
[2025-08-27T16:23:10.319+0000] {logging_mixin.py:137} INFO - [2025-08-27T16:23:10.319+0000] {dagbag.py:538} INFO - Filling up the DagBag from /home/airflow/.local/lib/python3.7/site-packages/airflow/example_dags/example_branch_operator_decorator.py
[2025-08-27T16:23:10.333+0000] {processor.py:753} INFO - DAG(s) dict_keys(['example_branch_python_operator_decorator']) retrieved from /home/airflow/.local/lib/python3.7/site-packages/airflow/example_dags/example_branch_operator_decorator.py
[2025-08-27T16:23:10.354+0000] {logging_mixin.py:137} INFO - [2025-08-27T16:23:10.354+0000] {dag.py:2690} INFO - Sync 1 DAGs
[2025-08-27T16:23:10.369+0000] {logging_mixin.py:137} INFO - [2025-08-27T16:23:10.369+0000] {dag.py:3441} INFO - Setting next_dagrun for example_branch_python_operator_decorator to 2025-08-26T00:00:00+00:00, run_after=2025-08-27T00:00:00+00:00
[2025-08-27T16:23:10.380+0000] {processor.py:175} INFO - Processing /home/airflow/.local/lib/python3.7/site-packages/airflow/example_dags/example_branch_operator_decorator.py took 0.063 seconds
[2025-08-27T16:24:54.017+0000] {processor.py:153} INFO - Started process (PID=23840) to work on /home/airflow/.local/lib/python3.7/site-packages/airflow/example_dags/example_branch_operator_decorator.py
[2025-08-27T16:24:54.017+0000] {processor.py:743} INFO - Processing file /home/airflow/.local/lib/python3.7/site-packages/airflow/example_dags/example_branch_operator_decorator.py for tasks to queue
[2025-08-27T16:24:54.019+0000] {logging_mixin.py:137} INFO - [2025-08-27T16:24:54.019+0000] {dagbag.py:538} INFO - Filling up the DagBag from /home/airflow/.local/lib/python3.7/site-packages/airflow/example_dags/example_branch_operator_decorator.py
[2025-08-27T16:24:54.030+0000] {processor.py:753} INFO - DAG(s) dict_keys(['example_branch_python_operator_decorator']) retrieved from /home/airflow/.local/lib/python3.7/site-packages/airflow/example_dags/example_branch_operator_decorator.py
[2025-08-27T16:24:54.042+0000] {logging_mixin.py:137} INFO - [2025-08-27T16:24:54.042+0000] {dag.py:2690} INFO - Sync 1 DAGs
[2025-08-27T16:24:54.053+0000] {logging_mixin.py:137} INFO - [2025-08-27T16:24:54.053+0000] {dag.py:3441} INFO - Setting next_dagrun for example_branch_python_operator_decorator to 2025-08-26T00:00:00+00:00, run_after=2025-08-27T00:00:00+00:00
[2025-08-27T16:24:54.064+0000] {processor.py:175} INFO - Processing /home/airflow/.local/lib/python3.7/site-packages/airflow/example_dags/example_branch_operator_decorator.py took 0.048 seconds
[2025-08-27T16:30:07.564+0000] {processor.py:153} INFO - Started process (PID=23940) to work on /home/airflow/.local/lib/python3.7/site-packages/airflow/example_dags/example_branch_operator_decorator.py
[2025-08-27T16:30:07.565+0000] {processor.py:743} INFO - Processing file /home/airflow/.local/lib/python3.7/site-packages/airflow/example_dags/example_branch_operator_decorator.py for tasks to queue
[2025-08-27T16:30:07.565+0000] {logging_mixin.py:137} INFO - [2025-08-27T16:30:07.565+0000] {dagbag.py:538} INFO - Filling up the DagBag from /home/airflow/.local/lib/python3.7/site-packages/airflow/example_dags/example_branch_operator_decorator.py
[2025-08-27T16:30:07.584+0000] {processor.py:753} INFO - DAG(s) dict_keys(['example_branch_python_operator_decorator']) retrieved from /home/airflow/.local/lib/python3.7/site-packages/airflow/example_dags/example_branch_operator_decorator.py
[2025-08-27T16:30:07.596+0000] {logging_mixin.py:137} INFO - [2025-08-27T16:30:07.596+0000] {dag.py:2690} INFO - Sync 1 DAGs
[2025-08-27T16:30:07.607+0000] {logging_mixin.py:137} INFO - [2025-08-27T16:30:07.607+0000] {dag.py:3441} INFO - Setting next_dagrun for example_branch_python_operator_decorator to 2025-08-26T00:00:00+00:00, run_after=2025-08-27T00:00:00+00:00
[2025-08-27T16:30:07.615+0000] {processor.py:175} INFO - Processing /home/airflow/.local/lib/python3.7/site-packages/airflow/example_dags/example_branch_operator_decorator.py took 0.053 seconds
[2025-08-27T16:44:02.896+0000] {processor.py:153} INFO - Started process (PID=24020) to work on /home/airflow/.local/lib/python3.7/site-packages/airflow/example_dags/example_branch_operator_decorator.py
[2025-08-27T16:44:02.896+0000] {processor.py:743} INFO - Processing file /home/airflow/.local/lib/python3.7/site-packages/airflow/example_dags/example_branch_operator_decorator.py for tasks to queue
[2025-08-27T16:44:02.897+0000] {logging_mixin.py:137} INFO - [2025-08-27T16:44:02.897+0000] {dagbag.py:538} INFO - Filling up the DagBag from /home/airflow/.local/lib/python3.7/site-packages/airflow/example_dags/example_branch_operator_decorator.py
[2025-08-27T16:44:02.920+0000] {processor.py:753} INFO - DAG(s) dict_keys(['example_branch_python_operator_decorator']) retrieved from /home/airflow/.local/lib/python3.7/site-packages/airflow/example_dags/example_branch_operator_decorator.py
[2025-08-27T16:44:02.938+0000] {logging_mixin.py:137} INFO - [2025-08-27T16:44:02.938+0000] {dag.py:2690} INFO - Sync 1 DAGs
[2025-08-27T16:44:02.953+0000] {logging_mixin.py:137} INFO - [2025-08-27T16:44:02.953+0000] {dag.py:3441} INFO - Setting next_dagrun for example_branch_python_operator_decorator to 2025-08-26T00:00:00+00:00, run_after=2025-08-27T00:00:00+00:00
[2025-08-27T16:44:02.966+0000] {processor.py:175} INFO - Processing /home/airflow/.local/lib/python3.7/site-packages/airflow/example_dags/example_branch_operator_decorator.py took 0.072 seconds
[2025-08-27T18:19:17.438+0000] {processor.py:153} INFO - Started process (PID=24120) to work on /home/airflow/.local/lib/python3.7/site-packages/airflow/example_dags/example_branch_operator_decorator.py
[2025-08-27T18:19:17.439+0000] {processor.py:743} INFO - Processing file /home/airflow/.local/lib/python3.7/site-packages/airflow/example_dags/example_branch_operator_decorator.py for tasks to queue
[2025-08-27T18:19:17.440+0000] {logging_mixin.py:137} INFO - [2025-08-27T18:19:17.440+0000] {dagbag.py:538} INFO - Filling up the DagBag from /home/airflow/.local/lib/python3.7/site-packages/airflow/example_dags/example_branch_operator_decorator.py
[2025-08-27T18:19:17.453+0000] {processor.py:753} INFO - DAG(s) dict_keys(['example_branch_python_operator_decorator']) retrieved from /home/airflow/.local/lib/python3.7/site-packages/airflow/example_dags/example_branch_operator_decorator.py
[2025-08-27T18:19:17.465+0000] {logging_mixin.py:137} INFO - [2025-08-27T18:19:17.465+0000] {dag.py:2690} INFO - Sync 1 DAGs
[2025-08-27T18:19:17.477+0000] {logging_mixin.py:137} INFO - [2025-08-27T18:19:17.476+0000] {dag.py:3441} INFO - Setting next_dagrun for example_branch_python_operator_decorator to 2025-08-26T00:00:00+00:00, run_after=2025-08-27T00:00:00+00:00
[2025-08-27T18:19:17.485+0000] {processor.py:175} INFO - Processing /home/airflow/.local/lib/python3.7/site-packages/airflow/example_dags/example_branch_operator_decorator.py took 0.049 seconds
[2025-08-27T19:39:50.001+0000] {processor.py:153} INFO - Started process (PID=24220) to work on /home/airflow/.local/lib/python3.7/site-packages/airflow/example_dags/example_branch_operator_decorator.py
[2025-08-27T19:39:50.002+0000] {processor.py:743} INFO - Processing file /home/airflow/.local/lib/python3.7/site-packages/airflow/example_dags/example_branch_operator_decorator.py for tasks to queue
[2025-08-27T19:39:50.002+0000] {logging_mixin.py:137} INFO - [2025-08-27T19:39:50.002+0000] {dagbag.py:538} INFO - Filling up the DagBag from /home/airflow/.local/lib/python3.7/site-packages/airflow/example_dags/example_branch_operator_decorator.py
[2025-08-27T19:39:50.013+0000] {processor.py:753} INFO - DAG(s) dict_keys(['example_branch_python_operator_decorator']) retrieved from /home/airflow/.local/lib/python3.7/site-packages/airflow/example_dags/example_branch_operator_decorator.py
[2025-08-27T19:39:50.025+0000] {logging_mixin.py:137} INFO - [2025-08-27T19:39:50.025+0000] {dag.py:2690} INFO - Sync 1 DAGs
[2025-08-27T19:39:50.036+0000] {logging_mixin.py:137} INFO - [2025-08-27T19:39:50.036+0000] {dag.py:3441} INFO - Setting next_dagrun for example_branch_python_operator_decorator to 2025-08-26T00:00:00+00:00, run_after=2025-08-27T00:00:00+00:00
[2025-08-27T19:39:50.045+0000] {processor.py:175} INFO - Processing /home/airflow/.local/lib/python3.7/site-packages/airflow/example_dags/example_branch_operator_decorator.py took 0.046 seconds
[2025-08-27T21:01:24.542+0000] {processor.py:153} INFO - Started process (PID=24300) to work on /home/airflow/.local/lib/python3.7/site-packages/airflow/example_dags/example_branch_operator_decorator.py
[2025-08-27T21:01:24.543+0000] {processor.py:743} INFO - Processing file /home/airflow/.local/lib/python3.7/site-packages/airflow/example_dags/example_branch_operator_decorator.py for tasks to queue
[2025-08-27T21:01:24.543+0000] {logging_mixin.py:137} INFO - [2025-08-27T21:01:24.543+0000] {dagbag.py:538} INFO - Filling up the DagBag from /home/airflow/.local/lib/python3.7/site-packages/airflow/example_dags/example_branch_operator_decorator.py
[2025-08-27T21:01:24.556+0000] {processor.py:753} INFO - DAG(s) dict_keys(['example_branch_python_operator_decorator']) retrieved from /home/airflow/.local/lib/python3.7/site-packages/airflow/example_dags/example_branch_operator_decorator.py
[2025-08-27T21:01:24.572+0000] {logging_mixin.py:137} INFO - [2025-08-27T21:01:24.572+0000] {dag.py:2690} INFO - Sync 1 DAGs
[2025-08-27T21:01:24.585+0000] {logging_mixin.py:137} INFO - [2025-08-27T21:01:24.585+0000] {dag.py:3441} INFO - Setting next_dagrun for example_branch_python_operator_decorator to 2025-08-26T00:00:00+00:00, run_after=2025-08-27T00:00:00+00:00
[2025-08-27T21:01:24.594+0000] {processor.py:175} INFO - Processing /home/airflow/.local/lib/python3.7/site-packages/airflow/example_dags/example_branch_operator_decorator.py took 0.053 seconds
[2025-08-27T21:51:49.912+0000] {processor.py:153} INFO - Started process (PID=24400) to work on /home/airflow/.local/lib/python3.7/site-packages/airflow/example_dags/example_branch_operator_decorator.py
[2025-08-27T21:51:49.913+0000] {processor.py:743} INFO - Processing file /home/airflow/.local/lib/python3.7/site-packages/airflow/example_dags/example_branch_operator_decorator.py for tasks to queue
[2025-08-27T21:51:49.914+0000] {logging_mixin.py:137} INFO - [2025-08-27T21:51:49.914+0000] {dagbag.py:538} INFO - Filling up the DagBag from /home/airflow/.local/lib/python3.7/site-packages/airflow/example_dags/example_branch_operator_decorator.py
[2025-08-27T21:51:49.944+0000] {processor.py:753} INFO - DAG(s) dict_keys(['example_branch_python_operator_decorator']) retrieved from /home/airflow/.local/lib/python3.7/site-packages/airflow/example_dags/example_branch_operator_decorator.py
[2025-08-27T21:51:49.979+0000] {logging_mixin.py:137} INFO - [2025-08-27T21:51:49.979+0000] {dag.py:2690} INFO - Sync 1 DAGs
[2025-08-27T21:51:49.992+0000] {logging_mixin.py:137} INFO - [2025-08-27T21:51:49.992+0000] {dag.py:3441} INFO - Setting next_dagrun for example_branch_python_operator_decorator to 2025-08-26T00:00:00+00:00, run_after=2025-08-27T00:00:00+00:00
[2025-08-27T21:51:49.999+0000] {processor.py:175} INFO - Processing /home/airflow/.local/lib/python3.7/site-packages/airflow/example_dags/example_branch_operator_decorator.py took 0.089 seconds
[2025-08-27T23:29:05.802+0000] {processor.py:153} INFO - Started process (PID=24500) to work on /home/airflow/.local/lib/python3.7/site-packages/airflow/example_dags/example_branch_operator_decorator.py
[2025-08-27T23:29:05.802+0000] {processor.py:743} INFO - Processing file /home/airflow/.local/lib/python3.7/site-packages/airflow/example_dags/example_branch_operator_decorator.py for tasks to queue
[2025-08-27T23:29:05.803+0000] {logging_mixin.py:137} INFO - [2025-08-27T23:29:05.803+0000] {dagbag.py:538} INFO - Filling up the DagBag from /home/airflow/.local/lib/python3.7/site-packages/airflow/example_dags/example_branch_operator_decorator.py
[2025-08-27T23:29:05.820+0000] {processor.py:753} INFO - DAG(s) dict_keys(['example_branch_python_operator_decorator']) retrieved from /home/airflow/.local/lib/python3.7/site-packages/airflow/example_dags/example_branch_operator_decorator.py
[2025-08-27T23:29:05.833+0000] {logging_mixin.py:137} INFO - [2025-08-27T23:29:05.833+0000] {dag.py:2690} INFO - Sync 1 DAGs
[2025-08-27T23:29:05.845+0000] {logging_mixin.py:137} INFO - [2025-08-27T23:29:05.845+0000] {dag.py:3441} INFO - Setting next_dagrun for example_branch_python_operator_decorator to 2025-08-26T00:00:00+00:00, run_after=2025-08-27T00:00:00+00:00
[2025-08-27T23:29:05.857+0000] {processor.py:175} INFO - Processing /home/airflow/.local/lib/python3.7/site-packages/airflow/example_dags/example_branch_operator_decorator.py took 0.058 seconds
