[2025-08-27T00:46:29.430+0000] {processor.py:153} INFO - Started process (PID=19500) to work on /home/airflow/.local/lib/python3.7/site-packages/airflow/example_dags/example_local_kubernetes_executor.py
[2025-08-27T00:46:29.431+0000] {processor.py:743} INFO - Processing file /home/airflow/.local/lib/python3.7/site-packages/airflow/example_dags/example_local_kubernetes_executor.py for tasks to queue
[2025-08-27T00:46:29.431+0000] {logging_mixin.py:137} INFO - [2025-08-27T00:46:29.431+0000] {dagbag.py:538} INFO - Filling up the DagBag from /home/airflow/.local/lib/python3.7/site-packages/airflow/example_dags/example_local_kubernetes_executor.py
[2025-08-27T00:46:29.447+0000] {processor.py:753} INFO - DAG(s) dict_keys(['example_local_kubernetes_executor']) retrieved from /home/airflow/.local/lib/python3.7/site-packages/airflow/example_dags/example_local_kubernetes_executor.py
[2025-08-27T00:46:29.462+0000] {logging_mixin.py:137} INFO - [2025-08-27T00:46:29.462+0000] {dag.py:2690} INFO - Sync 1 DAGs
[2025-08-27T00:46:29.475+0000] {logging_mixin.py:137} INFO - [2025-08-27T00:46:29.475+0000] {dag.py:3441} INFO - Setting next_dagrun for example_local_kubernetes_executor to None, run_after=None
[2025-08-27T00:46:29.483+0000] {processor.py:175} INFO - Processing /home/airflow/.local/lib/python3.7/site-packages/airflow/example_dags/example_local_kubernetes_executor.py took 0.056 seconds
[2025-08-27T02:21:51.256+0000] {processor.py:153} INFO - Started process (PID=19580) to work on /home/airflow/.local/lib/python3.7/site-packages/airflow/example_dags/example_local_kubernetes_executor.py
[2025-08-27T02:21:51.256+0000] {processor.py:743} INFO - Processing file /home/airflow/.local/lib/python3.7/site-packages/airflow/example_dags/example_local_kubernetes_executor.py for tasks to queue
[2025-08-27T02:21:51.256+0000] {logging_mixin.py:137} INFO - [2025-08-27T02:21:51.256+0000] {dagbag.py:538} INFO - Filling up the DagBag from /home/airflow/.local/lib/python3.7/site-packages/airflow/example_dags/example_local_kubernetes_executor.py
[2025-08-27T02:21:51.266+0000] {processor.py:753} INFO - DAG(s) dict_keys(['example_local_kubernetes_executor']) retrieved from /home/airflow/.local/lib/python3.7/site-packages/airflow/example_dags/example_local_kubernetes_executor.py
[2025-08-27T02:21:51.277+0000] {logging_mixin.py:137} INFO - [2025-08-27T02:21:51.277+0000] {dag.py:2690} INFO - Sync 1 DAGs
[2025-08-27T02:21:51.286+0000] {logging_mixin.py:137} INFO - [2025-08-27T02:21:51.286+0000] {dag.py:3441} INFO - Setting next_dagrun for example_local_kubernetes_executor to None, run_after=None
[2025-08-27T02:21:51.293+0000] {processor.py:175} INFO - Processing /home/airflow/.local/lib/python3.7/site-packages/airflow/example_dags/example_local_kubernetes_executor.py took 0.039 seconds
[2025-08-27T02:37:30.062+0000] {processor.py:153} INFO - Started process (PID=19680) to work on /home/airflow/.local/lib/python3.7/site-packages/airflow/example_dags/example_local_kubernetes_executor.py
[2025-08-27T02:37:30.063+0000] {processor.py:743} INFO - Processing file /home/airflow/.local/lib/python3.7/site-packages/airflow/example_dags/example_local_kubernetes_executor.py for tasks to queue
[2025-08-27T02:37:30.063+0000] {logging_mixin.py:137} INFO - [2025-08-27T02:37:30.063+0000] {dagbag.py:538} INFO - Filling up the DagBag from /home/airflow/.local/lib/python3.7/site-packages/airflow/example_dags/example_local_kubernetes_executor.py
[2025-08-27T02:37:30.076+0000] {processor.py:753} INFO - DAG(s) dict_keys(['example_local_kubernetes_executor']) retrieved from /home/airflow/.local/lib/python3.7/site-packages/airflow/example_dags/example_local_kubernetes_executor.py
[2025-08-27T02:37:30.095+0000] {logging_mixin.py:137} INFO - [2025-08-27T02:37:30.095+0000] {dag.py:2690} INFO - Sync 1 DAGs
[2025-08-27T02:37:30.108+0000] {logging_mixin.py:137} INFO - [2025-08-27T02:37:30.108+0000] {dag.py:3441} INFO - Setting next_dagrun for example_local_kubernetes_executor to None, run_after=None
[2025-08-27T02:37:30.120+0000] {processor.py:175} INFO - Processing /home/airflow/.local/lib/python3.7/site-packages/airflow/example_dags/example_local_kubernetes_executor.py took 0.059 seconds
[2025-08-27T03:02:26.353+0000] {processor.py:153} INFO - Started process (PID=19780) to work on /home/airflow/.local/lib/python3.7/site-packages/airflow/example_dags/example_local_kubernetes_executor.py
[2025-08-27T03:02:26.354+0000] {processor.py:743} INFO - Processing file /home/airflow/.local/lib/python3.7/site-packages/airflow/example_dags/example_local_kubernetes_executor.py for tasks to queue
[2025-08-27T03:02:26.354+0000] {logging_mixin.py:137} INFO - [2025-08-27T03:02:26.354+0000] {dagbag.py:538} INFO - Filling up the DagBag from /home/airflow/.local/lib/python3.7/site-packages/airflow/example_dags/example_local_kubernetes_executor.py
[2025-08-27T03:02:26.364+0000] {processor.py:753} INFO - DAG(s) dict_keys(['example_local_kubernetes_executor']) retrieved from /home/airflow/.local/lib/python3.7/site-packages/airflow/example_dags/example_local_kubernetes_executor.py
[2025-08-27T03:02:26.376+0000] {logging_mixin.py:137} INFO - [2025-08-27T03:02:26.376+0000] {dag.py:2690} INFO - Sync 1 DAGs
[2025-08-27T03:02:26.386+0000] {logging_mixin.py:137} INFO - [2025-08-27T03:02:26.386+0000] {dag.py:3441} INFO - Setting next_dagrun for example_local_kubernetes_executor to None, run_after=None
[2025-08-27T03:02:26.392+0000] {processor.py:175} INFO - Processing /home/airflow/.local/lib/python3.7/site-packages/airflow/example_dags/example_local_kubernetes_executor.py took 0.040 seconds
[2025-08-27T03:13:53.706+0000] {processor.py:153} INFO - Started process (PID=19879) to work on /home/airflow/.local/lib/python3.7/site-packages/airflow/example_dags/example_local_kubernetes_executor.py
[2025-08-27T03:13:53.707+0000] {processor.py:743} INFO - Processing file /home/airflow/.local/lib/python3.7/site-packages/airflow/example_dags/example_local_kubernetes_executor.py for tasks to queue
[2025-08-27T03:13:53.707+0000] {logging_mixin.py:137} INFO - [2025-08-27T03:13:53.707+0000] {dagbag.py:538} INFO - Filling up the DagBag from /home/airflow/.local/lib/python3.7/site-packages/airflow/example_dags/example_local_kubernetes_executor.py
[2025-08-27T03:13:53.719+0000] {processor.py:753} INFO - DAG(s) dict_keys(['example_local_kubernetes_executor']) retrieved from /home/airflow/.local/lib/python3.7/site-packages/airflow/example_dags/example_local_kubernetes_executor.py
[2025-08-27T03:13:53.732+0000] {logging_mixin.py:137} INFO - [2025-08-27T03:13:53.732+0000] {dag.py:2690} INFO - Sync 1 DAGs
[2025-08-27T03:13:53.742+0000] {logging_mixin.py:137} INFO - [2025-08-27T03:13:53.742+0000] {dag.py:3441} INFO - Setting next_dagrun for example_local_kubernetes_executor to None, run_after=None
[2025-08-27T03:13:53.749+0000] {processor.py:175} INFO - Processing /home/airflow/.local/lib/python3.7/site-packages/airflow/example_dags/example_local_kubernetes_executor.py took 0.044 seconds
[2025-08-27T03:33:09.399+0000] {processor.py:153} INFO - Started process (PID=19959) to work on /home/airflow/.local/lib/python3.7/site-packages/airflow/example_dags/example_local_kubernetes_executor.py
[2025-08-27T03:33:09.400+0000] {processor.py:743} INFO - Processing file /home/airflow/.local/lib/python3.7/site-packages/airflow/example_dags/example_local_kubernetes_executor.py for tasks to queue
[2025-08-27T03:33:09.400+0000] {logging_mixin.py:137} INFO - [2025-08-27T03:33:09.400+0000] {dagbag.py:538} INFO - Filling up the DagBag from /home/airflow/.local/lib/python3.7/site-packages/airflow/example_dags/example_local_kubernetes_executor.py
[2025-08-27T03:33:09.419+0000] {processor.py:753} INFO - DAG(s) dict_keys(['example_local_kubernetes_executor']) retrieved from /home/airflow/.local/lib/python3.7/site-packages/airflow/example_dags/example_local_kubernetes_executor.py
[2025-08-27T03:33:09.444+0000] {logging_mixin.py:137} INFO - [2025-08-27T03:33:09.443+0000] {dag.py:2690} INFO - Sync 1 DAGs
[2025-08-27T03:33:09.459+0000] {logging_mixin.py:137} INFO - [2025-08-27T03:33:09.459+0000] {dag.py:3441} INFO - Setting next_dagrun for example_local_kubernetes_executor to None, run_after=None
[2025-08-27T03:33:09.478+0000] {processor.py:175} INFO - Processing /home/airflow/.local/lib/python3.7/site-packages/airflow/example_dags/example_local_kubernetes_executor.py took 0.080 seconds
[2025-08-27T04:45:10.381+0000] {processor.py:153} INFO - Started process (PID=20059) to work on /home/airflow/.local/lib/python3.7/site-packages/airflow/example_dags/example_local_kubernetes_executor.py
[2025-08-27T04:45:10.382+0000] {processor.py:743} INFO - Processing file /home/airflow/.local/lib/python3.7/site-packages/airflow/example_dags/example_local_kubernetes_executor.py for tasks to queue
[2025-08-27T04:45:10.382+0000] {logging_mixin.py:137} INFO - [2025-08-27T04:45:10.382+0000] {dagbag.py:538} INFO - Filling up the DagBag from /home/airflow/.local/lib/python3.7/site-packages/airflow/example_dags/example_local_kubernetes_executor.py
[2025-08-27T04:45:10.395+0000] {processor.py:753} INFO - DAG(s) dict_keys(['example_local_kubernetes_executor']) retrieved from /home/airflow/.local/lib/python3.7/site-packages/airflow/example_dags/example_local_kubernetes_executor.py
[2025-08-27T04:45:10.412+0000] {logging_mixin.py:137} INFO - [2025-08-27T04:45:10.412+0000] {dag.py:2690} INFO - Sync 1 DAGs
[2025-08-27T04:45:10.423+0000] {logging_mixin.py:137} INFO - [2025-08-27T04:45:10.423+0000] {dag.py:3441} INFO - Setting next_dagrun for example_local_kubernetes_executor to None, run_after=None
[2025-08-27T04:45:10.430+0000] {processor.py:175} INFO - Processing /home/airflow/.local/lib/python3.7/site-packages/airflow/example_dags/example_local_kubernetes_executor.py took 0.051 seconds
[2025-08-27T04:49:55.907+0000] {processor.py:153} INFO - Started process (PID=20159) to work on /home/airflow/.local/lib/python3.7/site-packages/airflow/example_dags/example_local_kubernetes_executor.py
[2025-08-27T04:49:55.910+0000] {processor.py:743} INFO - Processing file /home/airflow/.local/lib/python3.7/site-packages/airflow/example_dags/example_local_kubernetes_executor.py for tasks to queue
[2025-08-27T04:49:55.911+0000] {logging_mixin.py:137} INFO - [2025-08-27T04:49:55.911+0000] {dagbag.py:538} INFO - Filling up the DagBag from /home/airflow/.local/lib/python3.7/site-packages/airflow/example_dags/example_local_kubernetes_executor.py
[2025-08-27T04:49:55.926+0000] {processor.py:753} INFO - DAG(s) dict_keys(['example_local_kubernetes_executor']) retrieved from /home/airflow/.local/lib/python3.7/site-packages/airflow/example_dags/example_local_kubernetes_executor.py
[2025-08-27T04:49:55.942+0000] {logging_mixin.py:137} INFO - [2025-08-27T04:49:55.942+0000] {dag.py:2690} INFO - Sync 1 DAGs
[2025-08-27T04:49:55.955+0000] {logging_mixin.py:137} INFO - [2025-08-27T04:49:55.955+0000] {dag.py:3441} INFO - Setting next_dagrun for example_local_kubernetes_executor to None, run_after=None
[2025-08-27T04:49:55.963+0000] {processor.py:175} INFO - Processing /home/airflow/.local/lib/python3.7/site-packages/airflow/example_dags/example_local_kubernetes_executor.py took 0.058 seconds
[2025-08-27T05:35:09.173+0000] {processor.py:153} INFO - Started process (PID=20239) to work on /home/airflow/.local/lib/python3.7/site-packages/airflow/example_dags/example_local_kubernetes_executor.py
[2025-08-27T05:35:09.173+0000] {processor.py:743} INFO - Processing file /home/airflow/.local/lib/python3.7/site-packages/airflow/example_dags/example_local_kubernetes_executor.py for tasks to queue
[2025-08-27T05:35:09.177+0000] {logging_mixin.py:137} INFO - [2025-08-27T05:35:09.177+0000] {dagbag.py:538} INFO - Filling up the DagBag from /home/airflow/.local/lib/python3.7/site-packages/airflow/example_dags/example_local_kubernetes_executor.py
[2025-08-27T05:35:09.188+0000] {processor.py:753} INFO - DAG(s) dict_keys(['example_local_kubernetes_executor']) retrieved from /home/airflow/.local/lib/python3.7/site-packages/airflow/example_dags/example_local_kubernetes_executor.py
[2025-08-27T05:35:09.203+0000] {logging_mixin.py:137} INFO - [2025-08-27T05:35:09.203+0000] {dag.py:2690} INFO - Sync 1 DAGs
[2025-08-27T05:35:09.215+0000] {logging_mixin.py:137} INFO - [2025-08-27T05:35:09.215+0000] {dag.py:3441} INFO - Setting next_dagrun for example_local_kubernetes_executor to None, run_after=None
[2025-08-27T05:35:09.225+0000] {processor.py:175} INFO - Processing /home/airflow/.local/lib/python3.7/site-packages/airflow/example_dags/example_local_kubernetes_executor.py took 0.054 seconds
[2025-08-27T06:12:37.284+0000] {processor.py:153} INFO - Started process (PID=20339) to work on /home/airflow/.local/lib/python3.7/site-packages/airflow/example_dags/example_local_kubernetes_executor.py
[2025-08-27T06:12:37.285+0000] {processor.py:743} INFO - Processing file /home/airflow/.local/lib/python3.7/site-packages/airflow/example_dags/example_local_kubernetes_executor.py for tasks to queue
[2025-08-27T06:12:37.286+0000] {logging_mixin.py:137} INFO - [2025-08-27T06:12:37.286+0000] {dagbag.py:538} INFO - Filling up the DagBag from /home/airflow/.local/lib/python3.7/site-packages/airflow/example_dags/example_local_kubernetes_executor.py
[2025-08-27T06:12:37.315+0000] {processor.py:753} INFO - DAG(s) dict_keys(['example_local_kubernetes_executor']) retrieved from /home/airflow/.local/lib/python3.7/site-packages/airflow/example_dags/example_local_kubernetes_executor.py
[2025-08-27T06:12:37.351+0000] {logging_mixin.py:137} INFO - [2025-08-27T06:12:37.351+0000] {dag.py:2690} INFO - Sync 1 DAGs
[2025-08-27T06:12:37.378+0000] {logging_mixin.py:137} INFO - [2025-08-27T06:12:37.378+0000] {dag.py:3441} INFO - Setting next_dagrun for example_local_kubernetes_executor to None, run_after=None
[2025-08-27T06:12:37.401+0000] {processor.py:175} INFO - Processing /home/airflow/.local/lib/python3.7/site-packages/airflow/example_dags/example_local_kubernetes_executor.py took 0.120 seconds
[2025-08-27T06:55:18.917+0000] {processor.py:153} INFO - Started process (PID=20439) to work on /home/airflow/.local/lib/python3.7/site-packages/airflow/example_dags/example_local_kubernetes_executor.py
[2025-08-27T06:55:18.917+0000] {processor.py:743} INFO - Processing file /home/airflow/.local/lib/python3.7/site-packages/airflow/example_dags/example_local_kubernetes_executor.py for tasks to queue
[2025-08-27T06:55:18.917+0000] {logging_mixin.py:137} INFO - [2025-08-27T06:55:18.917+0000] {dagbag.py:538} INFO - Filling up the DagBag from /home/airflow/.local/lib/python3.7/site-packages/airflow/example_dags/example_local_kubernetes_executor.py
[2025-08-27T06:55:18.928+0000] {processor.py:753} INFO - DAG(s) dict_keys(['example_local_kubernetes_executor']) retrieved from /home/airflow/.local/lib/python3.7/site-packages/airflow/example_dags/example_local_kubernetes_executor.py
[2025-08-27T06:55:18.942+0000] {logging_mixin.py:137} INFO - [2025-08-27T06:55:18.942+0000] {dag.py:2690} INFO - Sync 1 DAGs
[2025-08-27T06:55:18.951+0000] {logging_mixin.py:137} INFO - [2025-08-27T06:55:18.951+0000] {dag.py:3441} INFO - Setting next_dagrun for example_local_kubernetes_executor to None, run_after=None
[2025-08-27T06:55:18.958+0000] {processor.py:175} INFO - Processing /home/airflow/.local/lib/python3.7/site-packages/airflow/example_dags/example_local_kubernetes_executor.py took 0.043 seconds
[2025-08-27T07:53:52.295+0000] {processor.py:153} INFO - Started process (PID=20539) to work on /home/airflow/.local/lib/python3.7/site-packages/airflow/example_dags/example_local_kubernetes_executor.py
[2025-08-27T07:53:52.295+0000] {processor.py:743} INFO - Processing file /home/airflow/.local/lib/python3.7/site-packages/airflow/example_dags/example_local_kubernetes_executor.py for tasks to queue
[2025-08-27T07:53:52.296+0000] {logging_mixin.py:137} INFO - [2025-08-27T07:53:52.296+0000] {dagbag.py:538} INFO - Filling up the DagBag from /home/airflow/.local/lib/python3.7/site-packages/airflow/example_dags/example_local_kubernetes_executor.py
[2025-08-27T07:53:52.306+0000] {processor.py:753} INFO - DAG(s) dict_keys(['example_local_kubernetes_executor']) retrieved from /home/airflow/.local/lib/python3.7/site-packages/airflow/example_dags/example_local_kubernetes_executor.py
[2025-08-27T07:53:52.319+0000] {logging_mixin.py:137} INFO - [2025-08-27T07:53:52.319+0000] {dag.py:2690} INFO - Sync 1 DAGs
[2025-08-27T07:53:52.328+0000] {logging_mixin.py:137} INFO - [2025-08-27T07:53:52.328+0000] {dag.py:3441} INFO - Setting next_dagrun for example_local_kubernetes_executor to None, run_after=None
[2025-08-27T07:53:52.336+0000] {processor.py:175} INFO - Processing /home/airflow/.local/lib/python3.7/site-packages/airflow/example_dags/example_local_kubernetes_executor.py took 0.043 seconds
[2025-08-27T08:23:39.549+0000] {processor.py:153} INFO - Started process (PID=20619) to work on /home/airflow/.local/lib/python3.7/site-packages/airflow/example_dags/example_local_kubernetes_executor.py
[2025-08-27T08:23:39.550+0000] {processor.py:743} INFO - Processing file /home/airflow/.local/lib/python3.7/site-packages/airflow/example_dags/example_local_kubernetes_executor.py for tasks to queue
[2025-08-27T08:23:39.550+0000] {logging_mixin.py:137} INFO - [2025-08-27T08:23:39.550+0000] {dagbag.py:538} INFO - Filling up the DagBag from /home/airflow/.local/lib/python3.7/site-packages/airflow/example_dags/example_local_kubernetes_executor.py
[2025-08-27T08:23:39.560+0000] {processor.py:753} INFO - DAG(s) dict_keys(['example_local_kubernetes_executor']) retrieved from /home/airflow/.local/lib/python3.7/site-packages/airflow/example_dags/example_local_kubernetes_executor.py
[2025-08-27T08:23:39.573+0000] {logging_mixin.py:137} INFO - [2025-08-27T08:23:39.573+0000] {dag.py:2690} INFO - Sync 1 DAGs
[2025-08-27T08:23:39.586+0000] {logging_mixin.py:137} INFO - [2025-08-27T08:23:39.586+0000] {dag.py:3441} INFO - Setting next_dagrun for example_local_kubernetes_executor to None, run_after=None
[2025-08-27T08:23:39.594+0000] {processor.py:175} INFO - Processing /home/airflow/.local/lib/python3.7/site-packages/airflow/example_dags/example_local_kubernetes_executor.py took 0.047 seconds
[2025-08-27T09:35:50.761+0000] {processor.py:153} INFO - Started process (PID=20719) to work on /home/airflow/.local/lib/python3.7/site-packages/airflow/example_dags/example_local_kubernetes_executor.py
[2025-08-27T09:35:50.762+0000] {processor.py:743} INFO - Processing file /home/airflow/.local/lib/python3.7/site-packages/airflow/example_dags/example_local_kubernetes_executor.py for tasks to queue
[2025-08-27T09:35:50.762+0000] {logging_mixin.py:137} INFO - [2025-08-27T09:35:50.762+0000] {dagbag.py:538} INFO - Filling up the DagBag from /home/airflow/.local/lib/python3.7/site-packages/airflow/example_dags/example_local_kubernetes_executor.py
[2025-08-27T09:35:50.772+0000] {processor.py:753} INFO - DAG(s) dict_keys(['example_local_kubernetes_executor']) retrieved from /home/airflow/.local/lib/python3.7/site-packages/airflow/example_dags/example_local_kubernetes_executor.py
[2025-08-27T09:35:50.784+0000] {logging_mixin.py:137} INFO - [2025-08-27T09:35:50.784+0000] {dag.py:2690} INFO - Sync 1 DAGs
[2025-08-27T09:35:50.793+0000] {logging_mixin.py:137} INFO - [2025-08-27T09:35:50.793+0000] {dag.py:3441} INFO - Setting next_dagrun for example_local_kubernetes_executor to None, run_after=None
[2025-08-27T09:35:50.800+0000] {processor.py:175} INFO - Processing /home/airflow/.local/lib/python3.7/site-packages/airflow/example_dags/example_local_kubernetes_executor.py took 0.040 seconds
[2025-08-27T09:36:49.620+0000] {processor.py:153} INFO - Started process (PID=20819) to work on /home/airflow/.local/lib/python3.7/site-packages/airflow/example_dags/example_local_kubernetes_executor.py
[2025-08-27T09:36:49.621+0000] {processor.py:743} INFO - Processing file /home/airflow/.local/lib/python3.7/site-packages/airflow/example_dags/example_local_kubernetes_executor.py for tasks to queue
[2025-08-27T09:36:49.621+0000] {logging_mixin.py:137} INFO - [2025-08-27T09:36:49.621+0000] {dagbag.py:538} INFO - Filling up the DagBag from /home/airflow/.local/lib/python3.7/site-packages/airflow/example_dags/example_local_kubernetes_executor.py
[2025-08-27T09:36:49.631+0000] {processor.py:753} INFO - DAG(s) dict_keys(['example_local_kubernetes_executor']) retrieved from /home/airflow/.local/lib/python3.7/site-packages/airflow/example_dags/example_local_kubernetes_executor.py
[2025-08-27T09:36:49.644+0000] {logging_mixin.py:137} INFO - [2025-08-27T09:36:49.644+0000] {dag.py:2690} INFO - Sync 1 DAGs
[2025-08-27T09:36:49.654+0000] {logging_mixin.py:137} INFO - [2025-08-27T09:36:49.654+0000] {dag.py:3441} INFO - Setting next_dagrun for example_local_kubernetes_executor to None, run_after=None
[2025-08-27T09:36:49.660+0000] {processor.py:175} INFO - Processing /home/airflow/.local/lib/python3.7/site-packages/airflow/example_dags/example_local_kubernetes_executor.py took 0.042 seconds
[2025-08-27T09:38:52.938+0000] {processor.py:153} INFO - Started process (PID=20919) to work on /home/airflow/.local/lib/python3.7/site-packages/airflow/example_dags/example_local_kubernetes_executor.py
[2025-08-27T09:38:52.938+0000] {processor.py:743} INFO - Processing file /home/airflow/.local/lib/python3.7/site-packages/airflow/example_dags/example_local_kubernetes_executor.py for tasks to queue
[2025-08-27T09:38:52.939+0000] {logging_mixin.py:137} INFO - [2025-08-27T09:38:52.939+0000] {dagbag.py:538} INFO - Filling up the DagBag from /home/airflow/.local/lib/python3.7/site-packages/airflow/example_dags/example_local_kubernetes_executor.py
[2025-08-27T09:38:52.950+0000] {processor.py:753} INFO - DAG(s) dict_keys(['example_local_kubernetes_executor']) retrieved from /home/airflow/.local/lib/python3.7/site-packages/airflow/example_dags/example_local_kubernetes_executor.py
[2025-08-27T09:38:52.964+0000] {logging_mixin.py:137} INFO - [2025-08-27T09:38:52.964+0000] {dag.py:2690} INFO - Sync 1 DAGs
[2025-08-27T09:38:52.974+0000] {logging_mixin.py:137} INFO - [2025-08-27T09:38:52.974+0000] {dag.py:3441} INFO - Setting next_dagrun for example_local_kubernetes_executor to None, run_after=None
[2025-08-27T09:38:52.983+0000] {processor.py:175} INFO - Processing /home/airflow/.local/lib/python3.7/site-packages/airflow/example_dags/example_local_kubernetes_executor.py took 0.047 seconds
[2025-08-27T09:39:38.996+0000] {processor.py:153} INFO - Started process (PID=20999) to work on /home/airflow/.local/lib/python3.7/site-packages/airflow/example_dags/example_local_kubernetes_executor.py
[2025-08-27T09:39:38.996+0000] {processor.py:743} INFO - Processing file /home/airflow/.local/lib/python3.7/site-packages/airflow/example_dags/example_local_kubernetes_executor.py for tasks to queue
[2025-08-27T09:39:38.996+0000] {logging_mixin.py:137} INFO - [2025-08-27T09:39:38.996+0000] {dagbag.py:538} INFO - Filling up the DagBag from /home/airflow/.local/lib/python3.7/site-packages/airflow/example_dags/example_local_kubernetes_executor.py
[2025-08-27T09:39:39.006+0000] {processor.py:753} INFO - DAG(s) dict_keys(['example_local_kubernetes_executor']) retrieved from /home/airflow/.local/lib/python3.7/site-packages/airflow/example_dags/example_local_kubernetes_executor.py
[2025-08-27T09:39:39.018+0000] {logging_mixin.py:137} INFO - [2025-08-27T09:39:39.017+0000] {dag.py:2690} INFO - Sync 1 DAGs
[2025-08-27T09:39:39.026+0000] {logging_mixin.py:137} INFO - [2025-08-27T09:39:39.026+0000] {dag.py:3441} INFO - Setting next_dagrun for example_local_kubernetes_executor to None, run_after=None
[2025-08-27T09:39:39.033+0000] {processor.py:175} INFO - Processing /home/airflow/.local/lib/python3.7/site-packages/airflow/example_dags/example_local_kubernetes_executor.py took 0.038 seconds
[2025-08-27T09:50:06.579+0000] {processor.py:153} INFO - Started process (PID=21099) to work on /home/airflow/.local/lib/python3.7/site-packages/airflow/example_dags/example_local_kubernetes_executor.py
[2025-08-27T09:50:06.580+0000] {processor.py:743} INFO - Processing file /home/airflow/.local/lib/python3.7/site-packages/airflow/example_dags/example_local_kubernetes_executor.py for tasks to queue
[2025-08-27T09:50:06.580+0000] {logging_mixin.py:137} INFO - [2025-08-27T09:50:06.580+0000] {dagbag.py:538} INFO - Filling up the DagBag from /home/airflow/.local/lib/python3.7/site-packages/airflow/example_dags/example_local_kubernetes_executor.py
[2025-08-27T09:50:06.593+0000] {processor.py:753} INFO - DAG(s) dict_keys(['example_local_kubernetes_executor']) retrieved from /home/airflow/.local/lib/python3.7/site-packages/airflow/example_dags/example_local_kubernetes_executor.py
[2025-08-27T09:50:06.605+0000] {logging_mixin.py:137} INFO - [2025-08-27T09:50:06.605+0000] {dag.py:2690} INFO - Sync 1 DAGs
[2025-08-27T09:50:06.616+0000] {logging_mixin.py:137} INFO - [2025-08-27T09:50:06.616+0000] {dag.py:3441} INFO - Setting next_dagrun for example_local_kubernetes_executor to None, run_after=None
[2025-08-27T09:50:06.623+0000] {processor.py:175} INFO - Processing /home/airflow/.local/lib/python3.7/site-packages/airflow/example_dags/example_local_kubernetes_executor.py took 0.046 seconds
[2025-08-27T11:12:46.323+0000] {processor.py:153} INFO - Started process (PID=21199) to work on /home/airflow/.local/lib/python3.7/site-packages/airflow/example_dags/example_local_kubernetes_executor.py
[2025-08-27T11:12:46.323+0000] {processor.py:743} INFO - Processing file /home/airflow/.local/lib/python3.7/site-packages/airflow/example_dags/example_local_kubernetes_executor.py for tasks to queue
[2025-08-27T11:12:46.324+0000] {logging_mixin.py:137} INFO - [2025-08-27T11:12:46.324+0000] {dagbag.py:538} INFO - Filling up the DagBag from /home/airflow/.local/lib/python3.7/site-packages/airflow/example_dags/example_local_kubernetes_executor.py
[2025-08-27T11:12:46.338+0000] {processor.py:753} INFO - DAG(s) dict_keys(['example_local_kubernetes_executor']) retrieved from /home/airflow/.local/lib/python3.7/site-packages/airflow/example_dags/example_local_kubernetes_executor.py
[2025-08-27T11:12:46.354+0000] {logging_mixin.py:137} INFO - [2025-08-27T11:12:46.354+0000] {dag.py:2690} INFO - Sync 1 DAGs
[2025-08-27T11:12:46.368+0000] {logging_mixin.py:137} INFO - [2025-08-27T11:12:46.367+0000] {dag.py:3441} INFO - Setting next_dagrun for example_local_kubernetes_executor to None, run_after=None
[2025-08-27T11:12:46.380+0000] {processor.py:175} INFO - Processing /home/airflow/.local/lib/python3.7/site-packages/airflow/example_dags/example_local_kubernetes_executor.py took 0.059 seconds
[2025-08-27T11:34:31.230+0000] {processor.py:153} INFO - Started process (PID=21279) to work on /home/airflow/.local/lib/python3.7/site-packages/airflow/example_dags/example_local_kubernetes_executor.py
[2025-08-27T11:34:31.230+0000] {processor.py:743} INFO - Processing file /home/airflow/.local/lib/python3.7/site-packages/airflow/example_dags/example_local_kubernetes_executor.py for tasks to queue
[2025-08-27T11:34:31.231+0000] {logging_mixin.py:137} INFO - [2025-08-27T11:34:31.231+0000] {dagbag.py:538} INFO - Filling up the DagBag from /home/airflow/.local/lib/python3.7/site-packages/airflow/example_dags/example_local_kubernetes_executor.py
[2025-08-27T11:34:31.241+0000] {processor.py:753} INFO - DAG(s) dict_keys(['example_local_kubernetes_executor']) retrieved from /home/airflow/.local/lib/python3.7/site-packages/airflow/example_dags/example_local_kubernetes_executor.py
[2025-08-27T11:34:31.253+0000] {logging_mixin.py:137} INFO - [2025-08-27T11:34:31.253+0000] {dag.py:2690} INFO - Sync 1 DAGs
[2025-08-27T11:34:31.262+0000] {logging_mixin.py:137} INFO - [2025-08-27T11:34:31.262+0000] {dag.py:3441} INFO - Setting next_dagrun for example_local_kubernetes_executor to None, run_after=None
[2025-08-27T11:34:31.269+0000] {processor.py:175} INFO - Processing /home/airflow/.local/lib/python3.7/site-packages/airflow/example_dags/example_local_kubernetes_executor.py took 0.041 seconds
[2025-08-27T11:51:13.228+0000] {processor.py:153} INFO - Started process (PID=21379) to work on /home/airflow/.local/lib/python3.7/site-packages/airflow/example_dags/example_local_kubernetes_executor.py
[2025-08-27T11:51:13.229+0000] {processor.py:743} INFO - Processing file /home/airflow/.local/lib/python3.7/site-packages/airflow/example_dags/example_local_kubernetes_executor.py for tasks to queue
[2025-08-27T11:51:13.229+0000] {logging_mixin.py:137} INFO - [2025-08-27T11:51:13.229+0000] {dagbag.py:538} INFO - Filling up the DagBag from /home/airflow/.local/lib/python3.7/site-packages/airflow/example_dags/example_local_kubernetes_executor.py
[2025-08-27T11:51:13.242+0000] {processor.py:753} INFO - DAG(s) dict_keys(['example_local_kubernetes_executor']) retrieved from /home/airflow/.local/lib/python3.7/site-packages/airflow/example_dags/example_local_kubernetes_executor.py
[2025-08-27T11:51:13.258+0000] {logging_mixin.py:137} INFO - [2025-08-27T11:51:13.258+0000] {dag.py:2690} INFO - Sync 1 DAGs
[2025-08-27T11:51:13.278+0000] {logging_mixin.py:137} INFO - [2025-08-27T11:51:13.278+0000] {dag.py:3441} INFO - Setting next_dagrun for example_local_kubernetes_executor to None, run_after=None
[2025-08-27T11:51:13.290+0000] {processor.py:175} INFO - Processing /home/airflow/.local/lib/python3.7/site-packages/airflow/example_dags/example_local_kubernetes_executor.py took 0.065 seconds
[2025-08-27T11:53:11.782+0000] {processor.py:153} INFO - Started process (PID=21479) to work on /home/airflow/.local/lib/python3.7/site-packages/airflow/example_dags/example_local_kubernetes_executor.py
[2025-08-27T11:53:11.783+0000] {processor.py:743} INFO - Processing file /home/airflow/.local/lib/python3.7/site-packages/airflow/example_dags/example_local_kubernetes_executor.py for tasks to queue
[2025-08-27T11:53:11.783+0000] {logging_mixin.py:137} INFO - [2025-08-27T11:53:11.783+0000] {dagbag.py:538} INFO - Filling up the DagBag from /home/airflow/.local/lib/python3.7/site-packages/airflow/example_dags/example_local_kubernetes_executor.py
[2025-08-27T11:53:11.794+0000] {processor.py:753} INFO - DAG(s) dict_keys(['example_local_kubernetes_executor']) retrieved from /home/airflow/.local/lib/python3.7/site-packages/airflow/example_dags/example_local_kubernetes_executor.py
[2025-08-27T11:53:11.806+0000] {logging_mixin.py:137} INFO - [2025-08-27T11:53:11.806+0000] {dag.py:2690} INFO - Sync 1 DAGs
[2025-08-27T11:53:11.815+0000] {logging_mixin.py:137} INFO - [2025-08-27T11:53:11.815+0000] {dag.py:3441} INFO - Setting next_dagrun for example_local_kubernetes_executor to None, run_after=None
[2025-08-27T11:53:11.822+0000] {processor.py:175} INFO - Processing /home/airflow/.local/lib/python3.7/site-packages/airflow/example_dags/example_local_kubernetes_executor.py took 0.042 seconds
[2025-08-27T11:58:53.362+0000] {processor.py:153} INFO - Started process (PID=21579) to work on /home/airflow/.local/lib/python3.7/site-packages/airflow/example_dags/example_local_kubernetes_executor.py
[2025-08-27T11:58:53.362+0000] {processor.py:743} INFO - Processing file /home/airflow/.local/lib/python3.7/site-packages/airflow/example_dags/example_local_kubernetes_executor.py for tasks to queue
[2025-08-27T11:58:53.363+0000] {logging_mixin.py:137} INFO - [2025-08-27T11:58:53.363+0000] {dagbag.py:538} INFO - Filling up the DagBag from /home/airflow/.local/lib/python3.7/site-packages/airflow/example_dags/example_local_kubernetes_executor.py
[2025-08-27T11:58:53.378+0000] {processor.py:753} INFO - DAG(s) dict_keys(['example_local_kubernetes_executor']) retrieved from /home/airflow/.local/lib/python3.7/site-packages/airflow/example_dags/example_local_kubernetes_executor.py
[2025-08-27T11:58:53.396+0000] {logging_mixin.py:137} INFO - [2025-08-27T11:58:53.395+0000] {dag.py:2690} INFO - Sync 1 DAGs
[2025-08-27T11:58:53.409+0000] {logging_mixin.py:137} INFO - [2025-08-27T11:58:53.409+0000] {dag.py:3441} INFO - Setting next_dagrun for example_local_kubernetes_executor to None, run_after=None
[2025-08-27T11:58:53.418+0000] {processor.py:175} INFO - Processing /home/airflow/.local/lib/python3.7/site-packages/airflow/example_dags/example_local_kubernetes_executor.py took 0.058 seconds
[2025-08-27T12:11:20.455+0000] {processor.py:153} INFO - Started process (PID=21659) to work on /home/airflow/.local/lib/python3.7/site-packages/airflow/example_dags/example_local_kubernetes_executor.py
[2025-08-27T12:11:20.456+0000] {processor.py:743} INFO - Processing file /home/airflow/.local/lib/python3.7/site-packages/airflow/example_dags/example_local_kubernetes_executor.py for tasks to queue
[2025-08-27T12:11:20.456+0000] {logging_mixin.py:137} INFO - [2025-08-27T12:11:20.456+0000] {dagbag.py:538} INFO - Filling up the DagBag from /home/airflow/.local/lib/python3.7/site-packages/airflow/example_dags/example_local_kubernetes_executor.py
[2025-08-27T12:11:20.466+0000] {processor.py:753} INFO - DAG(s) dict_keys(['example_local_kubernetes_executor']) retrieved from /home/airflow/.local/lib/python3.7/site-packages/airflow/example_dags/example_local_kubernetes_executor.py
[2025-08-27T12:11:20.478+0000] {logging_mixin.py:137} INFO - [2025-08-27T12:11:20.478+0000] {dag.py:2690} INFO - Sync 1 DAGs
[2025-08-27T12:11:20.487+0000] {logging_mixin.py:137} INFO - [2025-08-27T12:11:20.487+0000] {dag.py:3441} INFO - Setting next_dagrun for example_local_kubernetes_executor to None, run_after=None
[2025-08-27T12:11:20.494+0000] {processor.py:175} INFO - Processing /home/airflow/.local/lib/python3.7/site-packages/airflow/example_dags/example_local_kubernetes_executor.py took 0.040 seconds
[2025-08-27T12:14:24.673+0000] {processor.py:153} INFO - Started process (PID=21759) to work on /home/airflow/.local/lib/python3.7/site-packages/airflow/example_dags/example_local_kubernetes_executor.py
[2025-08-27T12:14:24.675+0000] {processor.py:743} INFO - Processing file /home/airflow/.local/lib/python3.7/site-packages/airflow/example_dags/example_local_kubernetes_executor.py for tasks to queue
[2025-08-27T12:14:24.676+0000] {logging_mixin.py:137} INFO - [2025-08-27T12:14:24.676+0000] {dagbag.py:538} INFO - Filling up the DagBag from /home/airflow/.local/lib/python3.7/site-packages/airflow/example_dags/example_local_kubernetes_executor.py
[2025-08-27T12:14:24.691+0000] {processor.py:753} INFO - DAG(s) dict_keys(['example_local_kubernetes_executor']) retrieved from /home/airflow/.local/lib/python3.7/site-packages/airflow/example_dags/example_local_kubernetes_executor.py
[2025-08-27T12:14:24.721+0000] {logging_mixin.py:137} INFO - [2025-08-27T12:14:24.721+0000] {dag.py:2690} INFO - Sync 1 DAGs
[2025-08-27T12:14:24.736+0000] {logging_mixin.py:137} INFO - [2025-08-27T12:14:24.736+0000] {dag.py:3441} INFO - Setting next_dagrun for example_local_kubernetes_executor to None, run_after=None
[2025-08-27T12:14:24.749+0000] {processor.py:175} INFO - Processing /home/airflow/.local/lib/python3.7/site-packages/airflow/example_dags/example_local_kubernetes_executor.py took 0.077 seconds
[2025-08-27T12:27:57.251+0000] {processor.py:153} INFO - Started process (PID=21859) to work on /home/airflow/.local/lib/python3.7/site-packages/airflow/example_dags/example_local_kubernetes_executor.py
[2025-08-27T12:27:57.251+0000] {processor.py:743} INFO - Processing file /home/airflow/.local/lib/python3.7/site-packages/airflow/example_dags/example_local_kubernetes_executor.py for tasks to queue
[2025-08-27T12:27:57.252+0000] {logging_mixin.py:137} INFO - [2025-08-27T12:27:57.251+0000] {dagbag.py:538} INFO - Filling up the DagBag from /home/airflow/.local/lib/python3.7/site-packages/airflow/example_dags/example_local_kubernetes_executor.py
[2025-08-27T12:27:57.263+0000] {processor.py:753} INFO - DAG(s) dict_keys(['example_local_kubernetes_executor']) retrieved from /home/airflow/.local/lib/python3.7/site-packages/airflow/example_dags/example_local_kubernetes_executor.py
[2025-08-27T12:27:57.280+0000] {logging_mixin.py:137} INFO - [2025-08-27T12:27:57.280+0000] {dag.py:2690} INFO - Sync 1 DAGs
[2025-08-27T12:27:57.292+0000] {logging_mixin.py:137} INFO - [2025-08-27T12:27:57.292+0000] {dag.py:3441} INFO - Setting next_dagrun for example_local_kubernetes_executor to None, run_after=None
[2025-08-27T12:27:57.300+0000] {processor.py:175} INFO - Processing /home/airflow/.local/lib/python3.7/site-packages/airflow/example_dags/example_local_kubernetes_executor.py took 0.051 seconds
[2025-08-27T12:38:25.493+0000] {processor.py:153} INFO - Started process (PID=21939) to work on /home/airflow/.local/lib/python3.7/site-packages/airflow/example_dags/example_local_kubernetes_executor.py
[2025-08-27T12:38:25.493+0000] {processor.py:743} INFO - Processing file /home/airflow/.local/lib/python3.7/site-packages/airflow/example_dags/example_local_kubernetes_executor.py for tasks to queue
[2025-08-27T12:38:25.494+0000] {logging_mixin.py:137} INFO - [2025-08-27T12:38:25.494+0000] {dagbag.py:538} INFO - Filling up the DagBag from /home/airflow/.local/lib/python3.7/site-packages/airflow/example_dags/example_local_kubernetes_executor.py
[2025-08-27T12:38:25.504+0000] {processor.py:753} INFO - DAG(s) dict_keys(['example_local_kubernetes_executor']) retrieved from /home/airflow/.local/lib/python3.7/site-packages/airflow/example_dags/example_local_kubernetes_executor.py
[2025-08-27T12:38:25.517+0000] {logging_mixin.py:137} INFO - [2025-08-27T12:38:25.517+0000] {dag.py:2690} INFO - Sync 1 DAGs
[2025-08-27T12:38:25.529+0000] {logging_mixin.py:137} INFO - [2025-08-27T12:38:25.529+0000] {dag.py:3441} INFO - Setting next_dagrun for example_local_kubernetes_executor to None, run_after=None
[2025-08-27T12:38:25.538+0000] {processor.py:175} INFO - Processing /home/airflow/.local/lib/python3.7/site-packages/airflow/example_dags/example_local_kubernetes_executor.py took 0.047 seconds
[2025-08-27T12:57:12.353+0000] {processor.py:153} INFO - Started process (PID=22039) to work on /home/airflow/.local/lib/python3.7/site-packages/airflow/example_dags/example_local_kubernetes_executor.py
[2025-08-27T12:57:12.354+0000] {processor.py:743} INFO - Processing file /home/airflow/.local/lib/python3.7/site-packages/airflow/example_dags/example_local_kubernetes_executor.py for tasks to queue
[2025-08-27T12:57:12.355+0000] {logging_mixin.py:137} INFO - [2025-08-27T12:57:12.355+0000] {dagbag.py:538} INFO - Filling up the DagBag from /home/airflow/.local/lib/python3.7/site-packages/airflow/example_dags/example_local_kubernetes_executor.py
[2025-08-27T12:57:12.370+0000] {processor.py:753} INFO - DAG(s) dict_keys(['example_local_kubernetes_executor']) retrieved from /home/airflow/.local/lib/python3.7/site-packages/airflow/example_dags/example_local_kubernetes_executor.py
[2025-08-27T12:57:12.388+0000] {logging_mixin.py:137} INFO - [2025-08-27T12:57:12.387+0000] {dag.py:2690} INFO - Sync 1 DAGs
[2025-08-27T12:57:12.401+0000] {logging_mixin.py:137} INFO - [2025-08-27T12:57:12.401+0000] {dag.py:3441} INFO - Setting next_dagrun for example_local_kubernetes_executor to None, run_after=None
[2025-08-27T12:57:12.411+0000] {processor.py:175} INFO - Processing /home/airflow/.local/lib/python3.7/site-packages/airflow/example_dags/example_local_kubernetes_executor.py took 0.060 seconds
[2025-08-27T12:57:42.890+0000] {processor.py:153} INFO - Started process (PID=22139) to work on /home/airflow/.local/lib/python3.7/site-packages/airflow/example_dags/example_local_kubernetes_executor.py
[2025-08-27T12:57:42.891+0000] {processor.py:743} INFO - Processing file /home/airflow/.local/lib/python3.7/site-packages/airflow/example_dags/example_local_kubernetes_executor.py for tasks to queue
[2025-08-27T12:57:42.892+0000] {logging_mixin.py:137} INFO - [2025-08-27T12:57:42.892+0000] {dagbag.py:538} INFO - Filling up the DagBag from /home/airflow/.local/lib/python3.7/site-packages/airflow/example_dags/example_local_kubernetes_executor.py
[2025-08-27T12:57:42.904+0000] {processor.py:753} INFO - DAG(s) dict_keys(['example_local_kubernetes_executor']) retrieved from /home/airflow/.local/lib/python3.7/site-packages/airflow/example_dags/example_local_kubernetes_executor.py
[2025-08-27T12:57:42.917+0000] {logging_mixin.py:137} INFO - [2025-08-27T12:57:42.917+0000] {dag.py:2690} INFO - Sync 1 DAGs
[2025-08-27T12:57:42.927+0000] {logging_mixin.py:137} INFO - [2025-08-27T12:57:42.927+0000] {dag.py:3441} INFO - Setting next_dagrun for example_local_kubernetes_executor to None, run_after=None
[2025-08-27T12:57:42.934+0000] {processor.py:175} INFO - Processing /home/airflow/.local/lib/python3.7/site-packages/airflow/example_dags/example_local_kubernetes_executor.py took 0.046 seconds
[2025-08-27T13:27:10.698+0000] {processor.py:153} INFO - Started process (PID=22239) to work on /home/airflow/.local/lib/python3.7/site-packages/airflow/example_dags/example_local_kubernetes_executor.py
[2025-08-27T13:27:10.698+0000] {processor.py:743} INFO - Processing file /home/airflow/.local/lib/python3.7/site-packages/airflow/example_dags/example_local_kubernetes_executor.py for tasks to queue
[2025-08-27T13:27:10.701+0000] {logging_mixin.py:137} INFO - [2025-08-27T13:27:10.701+0000] {dagbag.py:538} INFO - Filling up the DagBag from /home/airflow/.local/lib/python3.7/site-packages/airflow/example_dags/example_local_kubernetes_executor.py
[2025-08-27T13:27:10.714+0000] {processor.py:753} INFO - DAG(s) dict_keys(['example_local_kubernetes_executor']) retrieved from /home/airflow/.local/lib/python3.7/site-packages/airflow/example_dags/example_local_kubernetes_executor.py
[2025-08-27T13:27:10.727+0000] {logging_mixin.py:137} INFO - [2025-08-27T13:27:10.727+0000] {dag.py:2690} INFO - Sync 1 DAGs
[2025-08-27T13:27:10.740+0000] {logging_mixin.py:137} INFO - [2025-08-27T13:27:10.740+0000] {dag.py:3441} INFO - Setting next_dagrun for example_local_kubernetes_executor to None, run_after=None
[2025-08-27T13:27:10.751+0000] {processor.py:175} INFO - Processing /home/airflow/.local/lib/python3.7/site-packages/airflow/example_dags/example_local_kubernetes_executor.py took 0.055 seconds
[2025-08-27T13:30:12.830+0000] {processor.py:153} INFO - Started process (PID=22319) to work on /home/airflow/.local/lib/python3.7/site-packages/airflow/example_dags/example_local_kubernetes_executor.py
[2025-08-27T13:30:12.831+0000] {processor.py:743} INFO - Processing file /home/airflow/.local/lib/python3.7/site-packages/airflow/example_dags/example_local_kubernetes_executor.py for tasks to queue
[2025-08-27T13:30:12.831+0000] {logging_mixin.py:137} INFO - [2025-08-27T13:30:12.831+0000] {dagbag.py:538} INFO - Filling up the DagBag from /home/airflow/.local/lib/python3.7/site-packages/airflow/example_dags/example_local_kubernetes_executor.py
[2025-08-27T13:30:12.843+0000] {processor.py:753} INFO - DAG(s) dict_keys(['example_local_kubernetes_executor']) retrieved from /home/airflow/.local/lib/python3.7/site-packages/airflow/example_dags/example_local_kubernetes_executor.py
[2025-08-27T13:30:12.857+0000] {logging_mixin.py:137} INFO - [2025-08-27T13:30:12.857+0000] {dag.py:2690} INFO - Sync 1 DAGs
[2025-08-27T13:30:12.869+0000] {logging_mixin.py:137} INFO - [2025-08-27T13:30:12.868+0000] {dag.py:3441} INFO - Setting next_dagrun for example_local_kubernetes_executor to None, run_after=None
[2025-08-27T13:30:12.880+0000] {processor.py:175} INFO - Processing /home/airflow/.local/lib/python3.7/site-packages/airflow/example_dags/example_local_kubernetes_executor.py took 0.051 seconds
[2025-08-27T13:37:06.839+0000] {processor.py:153} INFO - Started process (PID=22419) to work on /home/airflow/.local/lib/python3.7/site-packages/airflow/example_dags/example_local_kubernetes_executor.py
[2025-08-27T13:37:06.839+0000] {processor.py:743} INFO - Processing file /home/airflow/.local/lib/python3.7/site-packages/airflow/example_dags/example_local_kubernetes_executor.py for tasks to queue
[2025-08-27T13:37:06.843+0000] {logging_mixin.py:137} INFO - [2025-08-27T13:37:06.843+0000] {dagbag.py:538} INFO - Filling up the DagBag from /home/airflow/.local/lib/python3.7/site-packages/airflow/example_dags/example_local_kubernetes_executor.py
[2025-08-27T13:37:06.859+0000] {processor.py:753} INFO - DAG(s) dict_keys(['example_local_kubernetes_executor']) retrieved from /home/airflow/.local/lib/python3.7/site-packages/airflow/example_dags/example_local_kubernetes_executor.py
[2025-08-27T13:37:06.876+0000] {logging_mixin.py:137} INFO - [2025-08-27T13:37:06.876+0000] {dag.py:2690} INFO - Sync 1 DAGs
[2025-08-27T13:37:06.889+0000] {logging_mixin.py:137} INFO - [2025-08-27T13:37:06.888+0000] {dag.py:3441} INFO - Setting next_dagrun for example_local_kubernetes_executor to None, run_after=None
[2025-08-27T13:37:06.900+0000] {processor.py:175} INFO - Processing /home/airflow/.local/lib/python3.7/site-packages/airflow/example_dags/example_local_kubernetes_executor.py took 0.064 seconds
[2025-08-27T13:51:01.436+0000] {processor.py:153} INFO - Started process (PID=22519) to work on /home/airflow/.local/lib/python3.7/site-packages/airflow/example_dags/example_local_kubernetes_executor.py
[2025-08-27T13:51:01.436+0000] {processor.py:743} INFO - Processing file /home/airflow/.local/lib/python3.7/site-packages/airflow/example_dags/example_local_kubernetes_executor.py for tasks to queue
[2025-08-27T13:51:01.436+0000] {logging_mixin.py:137} INFO - [2025-08-27T13:51:01.436+0000] {dagbag.py:538} INFO - Filling up the DagBag from /home/airflow/.local/lib/python3.7/site-packages/airflow/example_dags/example_local_kubernetes_executor.py
[2025-08-27T13:51:01.447+0000] {processor.py:753} INFO - DAG(s) dict_keys(['example_local_kubernetes_executor']) retrieved from /home/airflow/.local/lib/python3.7/site-packages/airflow/example_dags/example_local_kubernetes_executor.py
[2025-08-27T13:51:01.458+0000] {logging_mixin.py:137} INFO - [2025-08-27T13:51:01.458+0000] {dag.py:2690} INFO - Sync 1 DAGs
[2025-08-27T13:51:01.468+0000] {logging_mixin.py:137} INFO - [2025-08-27T13:51:01.468+0000] {dag.py:3441} INFO - Setting next_dagrun for example_local_kubernetes_executor to None, run_after=None
[2025-08-27T13:51:01.476+0000] {processor.py:175} INFO - Processing /home/airflow/.local/lib/python3.7/site-packages/airflow/example_dags/example_local_kubernetes_executor.py took 0.042 seconds
[2025-08-27T14:01:05.990+0000] {processor.py:153} INFO - Started process (PID=22599) to work on /home/airflow/.local/lib/python3.7/site-packages/airflow/example_dags/example_local_kubernetes_executor.py
[2025-08-27T14:01:05.990+0000] {processor.py:743} INFO - Processing file /home/airflow/.local/lib/python3.7/site-packages/airflow/example_dags/example_local_kubernetes_executor.py for tasks to queue
[2025-08-27T14:01:05.991+0000] {logging_mixin.py:137} INFO - [2025-08-27T14:01:05.991+0000] {dagbag.py:538} INFO - Filling up the DagBag from /home/airflow/.local/lib/python3.7/site-packages/airflow/example_dags/example_local_kubernetes_executor.py
[2025-08-27T14:01:06.005+0000] {processor.py:753} INFO - DAG(s) dict_keys(['example_local_kubernetes_executor']) retrieved from /home/airflow/.local/lib/python3.7/site-packages/airflow/example_dags/example_local_kubernetes_executor.py
[2025-08-27T14:01:06.019+0000] {logging_mixin.py:137} INFO - [2025-08-27T14:01:06.019+0000] {dag.py:2690} INFO - Sync 1 DAGs
[2025-08-27T14:01:06.031+0000] {logging_mixin.py:137} INFO - [2025-08-27T14:01:06.031+0000] {dag.py:3441} INFO - Setting next_dagrun for example_local_kubernetes_executor to None, run_after=None
[2025-08-27T14:01:06.040+0000] {processor.py:175} INFO - Processing /home/airflow/.local/lib/python3.7/site-packages/airflow/example_dags/example_local_kubernetes_executor.py took 0.052 seconds
[2025-08-27T14:41:12.503+0000] {processor.py:153} INFO - Started process (PID=22699) to work on /home/airflow/.local/lib/python3.7/site-packages/airflow/example_dags/example_local_kubernetes_executor.py
[2025-08-27T14:41:12.506+0000] {processor.py:743} INFO - Processing file /home/airflow/.local/lib/python3.7/site-packages/airflow/example_dags/example_local_kubernetes_executor.py for tasks to queue
[2025-08-27T14:41:12.507+0000] {logging_mixin.py:137} INFO - [2025-08-27T14:41:12.506+0000] {dagbag.py:538} INFO - Filling up the DagBag from /home/airflow/.local/lib/python3.7/site-packages/airflow/example_dags/example_local_kubernetes_executor.py
[2025-08-27T14:41:12.519+0000] {processor.py:753} INFO - DAG(s) dict_keys(['example_local_kubernetes_executor']) retrieved from /home/airflow/.local/lib/python3.7/site-packages/airflow/example_dags/example_local_kubernetes_executor.py
[2025-08-27T14:41:12.533+0000] {logging_mixin.py:137} INFO - [2025-08-27T14:41:12.533+0000] {dag.py:2690} INFO - Sync 1 DAGs
[2025-08-27T14:41:12.546+0000] {logging_mixin.py:137} INFO - [2025-08-27T14:41:12.546+0000] {dag.py:3441} INFO - Setting next_dagrun for example_local_kubernetes_executor to None, run_after=None
[2025-08-27T14:41:12.556+0000] {processor.py:175} INFO - Processing /home/airflow/.local/lib/python3.7/site-packages/airflow/example_dags/example_local_kubernetes_executor.py took 0.054 seconds
[2025-08-27T14:43:54.374+0000] {processor.py:153} INFO - Started process (PID=22799) to work on /home/airflow/.local/lib/python3.7/site-packages/airflow/example_dags/example_local_kubernetes_executor.py
[2025-08-27T14:43:54.375+0000] {processor.py:743} INFO - Processing file /home/airflow/.local/lib/python3.7/site-packages/airflow/example_dags/example_local_kubernetes_executor.py for tasks to queue
[2025-08-27T14:43:54.376+0000] {logging_mixin.py:137} INFO - [2025-08-27T14:43:54.375+0000] {dagbag.py:538} INFO - Filling up the DagBag from /home/airflow/.local/lib/python3.7/site-packages/airflow/example_dags/example_local_kubernetes_executor.py
[2025-08-27T14:43:54.399+0000] {processor.py:753} INFO - DAG(s) dict_keys(['example_local_kubernetes_executor']) retrieved from /home/airflow/.local/lib/python3.7/site-packages/airflow/example_dags/example_local_kubernetes_executor.py
[2025-08-27T14:43:54.445+0000] {logging_mixin.py:137} INFO - [2025-08-27T14:43:54.445+0000] {dag.py:2690} INFO - Sync 1 DAGs
[2025-08-27T14:43:54.475+0000] {logging_mixin.py:137} INFO - [2025-08-27T14:43:54.475+0000] {dag.py:3441} INFO - Setting next_dagrun for example_local_kubernetes_executor to None, run_after=None
[2025-08-27T14:43:54.495+0000] {processor.py:175} INFO - Processing /home/airflow/.local/lib/python3.7/site-packages/airflow/example_dags/example_local_kubernetes_executor.py took 0.124 seconds
[2025-08-27T14:54:31.671+0000] {processor.py:153} INFO - Started process (PID=22899) to work on /home/airflow/.local/lib/python3.7/site-packages/airflow/example_dags/example_local_kubernetes_executor.py
[2025-08-27T14:54:31.674+0000] {processor.py:743} INFO - Processing file /home/airflow/.local/lib/python3.7/site-packages/airflow/example_dags/example_local_kubernetes_executor.py for tasks to queue
[2025-08-27T14:54:31.674+0000] {logging_mixin.py:137} INFO - [2025-08-27T14:54:31.674+0000] {dagbag.py:538} INFO - Filling up the DagBag from /home/airflow/.local/lib/python3.7/site-packages/airflow/example_dags/example_local_kubernetes_executor.py
[2025-08-27T14:54:31.686+0000] {processor.py:753} INFO - DAG(s) dict_keys(['example_local_kubernetes_executor']) retrieved from /home/airflow/.local/lib/python3.7/site-packages/airflow/example_dags/example_local_kubernetes_executor.py
[2025-08-27T14:54:31.700+0000] {logging_mixin.py:137} INFO - [2025-08-27T14:54:31.700+0000] {dag.py:2690} INFO - Sync 1 DAGs
[2025-08-27T14:54:31.712+0000] {logging_mixin.py:137} INFO - [2025-08-27T14:54:31.712+0000] {dag.py:3441} INFO - Setting next_dagrun for example_local_kubernetes_executor to None, run_after=None
[2025-08-27T14:54:31.721+0000] {processor.py:175} INFO - Processing /home/airflow/.local/lib/python3.7/site-packages/airflow/example_dags/example_local_kubernetes_executor.py took 0.052 seconds
[2025-08-27T15:01:39.117+0000] {processor.py:153} INFO - Started process (PID=22979) to work on /home/airflow/.local/lib/python3.7/site-packages/airflow/example_dags/example_local_kubernetes_executor.py
[2025-08-27T15:01:39.118+0000] {processor.py:743} INFO - Processing file /home/airflow/.local/lib/python3.7/site-packages/airflow/example_dags/example_local_kubernetes_executor.py for tasks to queue
[2025-08-27T15:01:39.118+0000] {logging_mixin.py:137} INFO - [2025-08-27T15:01:39.118+0000] {dagbag.py:538} INFO - Filling up the DagBag from /home/airflow/.local/lib/python3.7/site-packages/airflow/example_dags/example_local_kubernetes_executor.py
[2025-08-27T15:01:39.134+0000] {processor.py:753} INFO - DAG(s) dict_keys(['example_local_kubernetes_executor']) retrieved from /home/airflow/.local/lib/python3.7/site-packages/airflow/example_dags/example_local_kubernetes_executor.py
[2025-08-27T15:01:39.150+0000] {logging_mixin.py:137} INFO - [2025-08-27T15:01:39.150+0000] {dag.py:2690} INFO - Sync 1 DAGs
[2025-08-27T15:01:39.163+0000] {logging_mixin.py:137} INFO - [2025-08-27T15:01:39.163+0000] {dag.py:3441} INFO - Setting next_dagrun for example_local_kubernetes_executor to None, run_after=None
[2025-08-27T15:01:39.173+0000] {processor.py:175} INFO - Processing /home/airflow/.local/lib/python3.7/site-packages/airflow/example_dags/example_local_kubernetes_executor.py took 0.058 seconds
[2025-08-27T15:08:09.623+0000] {processor.py:153} INFO - Started process (PID=23079) to work on /home/airflow/.local/lib/python3.7/site-packages/airflow/example_dags/example_local_kubernetes_executor.py
[2025-08-27T15:08:09.624+0000] {processor.py:743} INFO - Processing file /home/airflow/.local/lib/python3.7/site-packages/airflow/example_dags/example_local_kubernetes_executor.py for tasks to queue
[2025-08-27T15:08:09.625+0000] {logging_mixin.py:137} INFO - [2025-08-27T15:08:09.624+0000] {dagbag.py:538} INFO - Filling up the DagBag from /home/airflow/.local/lib/python3.7/site-packages/airflow/example_dags/example_local_kubernetes_executor.py
[2025-08-27T15:08:09.642+0000] {processor.py:753} INFO - DAG(s) dict_keys(['example_local_kubernetes_executor']) retrieved from /home/airflow/.local/lib/python3.7/site-packages/airflow/example_dags/example_local_kubernetes_executor.py
[2025-08-27T15:08:09.659+0000] {logging_mixin.py:137} INFO - [2025-08-27T15:08:09.659+0000] {dag.py:2690} INFO - Sync 1 DAGs
[2025-08-27T15:08:09.670+0000] {logging_mixin.py:137} INFO - [2025-08-27T15:08:09.670+0000] {dag.py:3441} INFO - Setting next_dagrun for example_local_kubernetes_executor to None, run_after=None
[2025-08-27T15:08:09.678+0000] {processor.py:175} INFO - Processing /home/airflow/.local/lib/python3.7/site-packages/airflow/example_dags/example_local_kubernetes_executor.py took 0.058 seconds
[2025-08-27T15:18:52.153+0000] {processor.py:153} INFO - Started process (PID=23179) to work on /home/airflow/.local/lib/python3.7/site-packages/airflow/example_dags/example_local_kubernetes_executor.py
[2025-08-27T15:18:52.157+0000] {processor.py:743} INFO - Processing file /home/airflow/.local/lib/python3.7/site-packages/airflow/example_dags/example_local_kubernetes_executor.py for tasks to queue
[2025-08-27T15:18:52.158+0000] {logging_mixin.py:137} INFO - [2025-08-27T15:18:52.157+0000] {dagbag.py:538} INFO - Filling up the DagBag from /home/airflow/.local/lib/python3.7/site-packages/airflow/example_dags/example_local_kubernetes_executor.py
[2025-08-27T15:18:52.168+0000] {processor.py:753} INFO - DAG(s) dict_keys(['example_local_kubernetes_executor']) retrieved from /home/airflow/.local/lib/python3.7/site-packages/airflow/example_dags/example_local_kubernetes_executor.py
[2025-08-27T15:18:52.181+0000] {logging_mixin.py:137} INFO - [2025-08-27T15:18:52.181+0000] {dag.py:2690} INFO - Sync 1 DAGs
[2025-08-27T15:18:52.192+0000] {logging_mixin.py:137} INFO - [2025-08-27T15:18:52.192+0000] {dag.py:3441} INFO - Setting next_dagrun for example_local_kubernetes_executor to None, run_after=None
[2025-08-27T15:18:52.200+0000] {processor.py:175} INFO - Processing /home/airflow/.local/lib/python3.7/site-packages/airflow/example_dags/example_local_kubernetes_executor.py took 0.049 seconds
[2025-08-27T15:19:36.837+0000] {processor.py:153} INFO - Started process (PID=23259) to work on /home/airflow/.local/lib/python3.7/site-packages/airflow/example_dags/example_local_kubernetes_executor.py
[2025-08-27T15:19:36.838+0000] {processor.py:743} INFO - Processing file /home/airflow/.local/lib/python3.7/site-packages/airflow/example_dags/example_local_kubernetes_executor.py for tasks to queue
[2025-08-27T15:19:36.838+0000] {logging_mixin.py:137} INFO - [2025-08-27T15:19:36.838+0000] {dagbag.py:538} INFO - Filling up the DagBag from /home/airflow/.local/lib/python3.7/site-packages/airflow/example_dags/example_local_kubernetes_executor.py
[2025-08-27T15:19:36.849+0000] {processor.py:753} INFO - DAG(s) dict_keys(['example_local_kubernetes_executor']) retrieved from /home/airflow/.local/lib/python3.7/site-packages/airflow/example_dags/example_local_kubernetes_executor.py
[2025-08-27T15:19:36.861+0000] {logging_mixin.py:137} INFO - [2025-08-27T15:19:36.861+0000] {dag.py:2690} INFO - Sync 1 DAGs
[2025-08-27T15:19:36.870+0000] {logging_mixin.py:137} INFO - [2025-08-27T15:19:36.870+0000] {dag.py:3441} INFO - Setting next_dagrun for example_local_kubernetes_executor to None, run_after=None
[2025-08-27T15:19:36.877+0000] {processor.py:175} INFO - Processing /home/airflow/.local/lib/python3.7/site-packages/airflow/example_dags/example_local_kubernetes_executor.py took 0.041 seconds
[2025-08-27T15:21:52.851+0000] {processor.py:153} INFO - Started process (PID=23359) to work on /home/airflow/.local/lib/python3.7/site-packages/airflow/example_dags/example_local_kubernetes_executor.py
[2025-08-27T15:21:52.851+0000] {processor.py:743} INFO - Processing file /home/airflow/.local/lib/python3.7/site-packages/airflow/example_dags/example_local_kubernetes_executor.py for tasks to queue
[2025-08-27T15:21:52.851+0000] {logging_mixin.py:137} INFO - [2025-08-27T15:21:52.851+0000] {dagbag.py:538} INFO - Filling up the DagBag from /home/airflow/.local/lib/python3.7/site-packages/airflow/example_dags/example_local_kubernetes_executor.py
[2025-08-27T15:21:52.862+0000] {processor.py:753} INFO - DAG(s) dict_keys(['example_local_kubernetes_executor']) retrieved from /home/airflow/.local/lib/python3.7/site-packages/airflow/example_dags/example_local_kubernetes_executor.py
[2025-08-27T15:21:52.874+0000] {logging_mixin.py:137} INFO - [2025-08-27T15:21:52.874+0000] {dag.py:2690} INFO - Sync 1 DAGs
[2025-08-27T15:21:52.883+0000] {logging_mixin.py:137} INFO - [2025-08-27T15:21:52.883+0000] {dag.py:3441} INFO - Setting next_dagrun for example_local_kubernetes_executor to None, run_after=None
[2025-08-27T15:21:52.891+0000] {processor.py:175} INFO - Processing /home/airflow/.local/lib/python3.7/site-packages/airflow/example_dags/example_local_kubernetes_executor.py took 0.042 seconds
[2025-08-27T15:25:58.748+0000] {processor.py:153} INFO - Started process (PID=23459) to work on /home/airflow/.local/lib/python3.7/site-packages/airflow/example_dags/example_local_kubernetes_executor.py
[2025-08-27T15:25:58.749+0000] {processor.py:743} INFO - Processing file /home/airflow/.local/lib/python3.7/site-packages/airflow/example_dags/example_local_kubernetes_executor.py for tasks to queue
[2025-08-27T15:25:58.749+0000] {logging_mixin.py:137} INFO - [2025-08-27T15:25:58.749+0000] {dagbag.py:538} INFO - Filling up the DagBag from /home/airflow/.local/lib/python3.7/site-packages/airflow/example_dags/example_local_kubernetes_executor.py
[2025-08-27T15:25:58.768+0000] {processor.py:753} INFO - DAG(s) dict_keys(['example_local_kubernetes_executor']) retrieved from /home/airflow/.local/lib/python3.7/site-packages/airflow/example_dags/example_local_kubernetes_executor.py
[2025-08-27T15:25:58.811+0000] {logging_mixin.py:137} INFO - [2025-08-27T15:25:58.811+0000] {dag.py:2690} INFO - Sync 1 DAGs
[2025-08-27T15:25:58.833+0000] {logging_mixin.py:137} INFO - [2025-08-27T15:25:58.833+0000] {dag.py:3441} INFO - Setting next_dagrun for example_local_kubernetes_executor to None, run_after=None
[2025-08-27T15:25:58.848+0000] {processor.py:175} INFO - Processing /home/airflow/.local/lib/python3.7/site-packages/airflow/example_dags/example_local_kubernetes_executor.py took 0.102 seconds
[2025-08-27T16:00:40.026+0000] {processor.py:153} INFO - Started process (PID=23559) to work on /home/airflow/.local/lib/python3.7/site-packages/airflow/example_dags/example_local_kubernetes_executor.py
[2025-08-27T16:00:40.026+0000] {processor.py:743} INFO - Processing file /home/airflow/.local/lib/python3.7/site-packages/airflow/example_dags/example_local_kubernetes_executor.py for tasks to queue
[2025-08-27T16:00:40.027+0000] {logging_mixin.py:137} INFO - [2025-08-27T16:00:40.027+0000] {dagbag.py:538} INFO - Filling up the DagBag from /home/airflow/.local/lib/python3.7/site-packages/airflow/example_dags/example_local_kubernetes_executor.py
[2025-08-27T16:00:40.043+0000] {processor.py:753} INFO - DAG(s) dict_keys(['example_local_kubernetes_executor']) retrieved from /home/airflow/.local/lib/python3.7/site-packages/airflow/example_dags/example_local_kubernetes_executor.py
[2025-08-27T16:00:40.061+0000] {logging_mixin.py:137} INFO - [2025-08-27T16:00:40.061+0000] {dag.py:2690} INFO - Sync 1 DAGs
[2025-08-27T16:00:40.077+0000] {logging_mixin.py:137} INFO - [2025-08-27T16:00:40.077+0000] {dag.py:3441} INFO - Setting next_dagrun for example_local_kubernetes_executor to None, run_after=None
[2025-08-27T16:00:40.087+0000] {processor.py:175} INFO - Processing /home/airflow/.local/lib/python3.7/site-packages/airflow/example_dags/example_local_kubernetes_executor.py took 0.063 seconds
[2025-08-27T16:14:53.034+0000] {processor.py:153} INFO - Started process (PID=23639) to work on /home/airflow/.local/lib/python3.7/site-packages/airflow/example_dags/example_local_kubernetes_executor.py
[2025-08-27T16:14:53.034+0000] {processor.py:743} INFO - Processing file /home/airflow/.local/lib/python3.7/site-packages/airflow/example_dags/example_local_kubernetes_executor.py for tasks to queue
[2025-08-27T16:14:53.035+0000] {logging_mixin.py:137} INFO - [2025-08-27T16:14:53.035+0000] {dagbag.py:538} INFO - Filling up the DagBag from /home/airflow/.local/lib/python3.7/site-packages/airflow/example_dags/example_local_kubernetes_executor.py
[2025-08-27T16:14:53.046+0000] {processor.py:753} INFO - DAG(s) dict_keys(['example_local_kubernetes_executor']) retrieved from /home/airflow/.local/lib/python3.7/site-packages/airflow/example_dags/example_local_kubernetes_executor.py
[2025-08-27T16:14:53.059+0000] {logging_mixin.py:137} INFO - [2025-08-27T16:14:53.058+0000] {dag.py:2690} INFO - Sync 1 DAGs
[2025-08-27T16:14:53.068+0000] {logging_mixin.py:137} INFO - [2025-08-27T16:14:53.068+0000] {dag.py:3441} INFO - Setting next_dagrun for example_local_kubernetes_executor to None, run_after=None
[2025-08-27T16:14:53.075+0000] {processor.py:175} INFO - Processing /home/airflow/.local/lib/python3.7/site-packages/airflow/example_dags/example_local_kubernetes_executor.py took 0.043 seconds
[2025-08-27T16:23:10.258+0000] {processor.py:153} INFO - Started process (PID=23739) to work on /home/airflow/.local/lib/python3.7/site-packages/airflow/example_dags/example_local_kubernetes_executor.py
[2025-08-27T16:23:10.259+0000] {processor.py:743} INFO - Processing file /home/airflow/.local/lib/python3.7/site-packages/airflow/example_dags/example_local_kubernetes_executor.py for tasks to queue
[2025-08-27T16:23:10.259+0000] {logging_mixin.py:137} INFO - [2025-08-27T16:23:10.259+0000] {dagbag.py:538} INFO - Filling up the DagBag from /home/airflow/.local/lib/python3.7/site-packages/airflow/example_dags/example_local_kubernetes_executor.py
[2025-08-27T16:23:10.271+0000] {processor.py:753} INFO - DAG(s) dict_keys(['example_local_kubernetes_executor']) retrieved from /home/airflow/.local/lib/python3.7/site-packages/airflow/example_dags/example_local_kubernetes_executor.py
[2025-08-27T16:23:10.289+0000] {logging_mixin.py:137} INFO - [2025-08-27T16:23:10.289+0000] {dag.py:2690} INFO - Sync 1 DAGs
[2025-08-27T16:23:10.300+0000] {logging_mixin.py:137} INFO - [2025-08-27T16:23:10.300+0000] {dag.py:3441} INFO - Setting next_dagrun for example_local_kubernetes_executor to None, run_after=None
[2025-08-27T16:23:10.308+0000] {processor.py:175} INFO - Processing /home/airflow/.local/lib/python3.7/site-packages/airflow/example_dags/example_local_kubernetes_executor.py took 0.051 seconds
[2025-08-27T16:24:53.980+0000] {processor.py:153} INFO - Started process (PID=23839) to work on /home/airflow/.local/lib/python3.7/site-packages/airflow/example_dags/example_local_kubernetes_executor.py
[2025-08-27T16:24:53.981+0000] {processor.py:743} INFO - Processing file /home/airflow/.local/lib/python3.7/site-packages/airflow/example_dags/example_local_kubernetes_executor.py for tasks to queue
[2025-08-27T16:24:53.981+0000] {logging_mixin.py:137} INFO - [2025-08-27T16:24:53.981+0000] {dagbag.py:538} INFO - Filling up the DagBag from /home/airflow/.local/lib/python3.7/site-packages/airflow/example_dags/example_local_kubernetes_executor.py
[2025-08-27T16:24:53.991+0000] {processor.py:753} INFO - DAG(s) dict_keys(['example_local_kubernetes_executor']) retrieved from /home/airflow/.local/lib/python3.7/site-packages/airflow/example_dags/example_local_kubernetes_executor.py
[2025-08-27T16:24:54.005+0000] {logging_mixin.py:137} INFO - [2025-08-27T16:24:54.005+0000] {dag.py:2690} INFO - Sync 1 DAGs
[2025-08-27T16:24:54.015+0000] {logging_mixin.py:137} INFO - [2025-08-27T16:24:54.015+0000] {dag.py:3441} INFO - Setting next_dagrun for example_local_kubernetes_executor to None, run_after=None
[2025-08-27T16:24:54.023+0000] {processor.py:175} INFO - Processing /home/airflow/.local/lib/python3.7/site-packages/airflow/example_dags/example_local_kubernetes_executor.py took 0.044 seconds
[2025-08-27T16:30:07.535+0000] {processor.py:153} INFO - Started process (PID=23939) to work on /home/airflow/.local/lib/python3.7/site-packages/airflow/example_dags/example_local_kubernetes_executor.py
[2025-08-27T16:30:07.535+0000] {processor.py:743} INFO - Processing file /home/airflow/.local/lib/python3.7/site-packages/airflow/example_dags/example_local_kubernetes_executor.py for tasks to queue
[2025-08-27T16:30:07.536+0000] {logging_mixin.py:137} INFO - [2025-08-27T16:30:07.536+0000] {dagbag.py:538} INFO - Filling up the DagBag from /home/airflow/.local/lib/python3.7/site-packages/airflow/example_dags/example_local_kubernetes_executor.py
[2025-08-27T16:30:07.562+0000] {processor.py:753} INFO - DAG(s) dict_keys(['example_local_kubernetes_executor']) retrieved from /home/airflow/.local/lib/python3.7/site-packages/airflow/example_dags/example_local_kubernetes_executor.py
[2025-08-27T16:30:07.585+0000] {logging_mixin.py:137} INFO - [2025-08-27T16:30:07.585+0000] {dag.py:2690} INFO - Sync 1 DAGs
[2025-08-27T16:30:07.596+0000] {logging_mixin.py:137} INFO - [2025-08-27T16:30:07.596+0000] {dag.py:3441} INFO - Setting next_dagrun for example_local_kubernetes_executor to None, run_after=None
[2025-08-27T16:30:07.607+0000] {processor.py:175} INFO - Processing /home/airflow/.local/lib/python3.7/site-packages/airflow/example_dags/example_local_kubernetes_executor.py took 0.075 seconds
[2025-08-27T16:44:02.828+0000] {processor.py:153} INFO - Started process (PID=24019) to work on /home/airflow/.local/lib/python3.7/site-packages/airflow/example_dags/example_local_kubernetes_executor.py
[2025-08-27T16:44:02.829+0000] {processor.py:743} INFO - Processing file /home/airflow/.local/lib/python3.7/site-packages/airflow/example_dags/example_local_kubernetes_executor.py for tasks to queue
[2025-08-27T16:44:02.829+0000] {logging_mixin.py:137} INFO - [2025-08-27T16:44:02.829+0000] {dagbag.py:538} INFO - Filling up the DagBag from /home/airflow/.local/lib/python3.7/site-packages/airflow/example_dags/example_local_kubernetes_executor.py
[2025-08-27T16:44:02.843+0000] {processor.py:753} INFO - DAG(s) dict_keys(['example_local_kubernetes_executor']) retrieved from /home/airflow/.local/lib/python3.7/site-packages/airflow/example_dags/example_local_kubernetes_executor.py
[2025-08-27T16:44:02.859+0000] {logging_mixin.py:137} INFO - [2025-08-27T16:44:02.858+0000] {dag.py:2690} INFO - Sync 1 DAGs
[2025-08-27T16:44:02.872+0000] {logging_mixin.py:137} INFO - [2025-08-27T16:44:02.872+0000] {dag.py:3441} INFO - Setting next_dagrun for example_local_kubernetes_executor to None, run_after=None
[2025-08-27T16:44:02.882+0000] {processor.py:175} INFO - Processing /home/airflow/.local/lib/python3.7/site-packages/airflow/example_dags/example_local_kubernetes_executor.py took 0.055 seconds
[2025-08-27T18:19:17.371+0000] {processor.py:153} INFO - Started process (PID=24119) to work on /home/airflow/.local/lib/python3.7/site-packages/airflow/example_dags/example_local_kubernetes_executor.py
[2025-08-27T18:19:17.372+0000] {processor.py:743} INFO - Processing file /home/airflow/.local/lib/python3.7/site-packages/airflow/example_dags/example_local_kubernetes_executor.py for tasks to queue
[2025-08-27T18:19:17.373+0000] {logging_mixin.py:137} INFO - [2025-08-27T18:19:17.372+0000] {dagbag.py:538} INFO - Filling up the DagBag from /home/airflow/.local/lib/python3.7/site-packages/airflow/example_dags/example_local_kubernetes_executor.py
[2025-08-27T18:19:17.390+0000] {processor.py:753} INFO - DAG(s) dict_keys(['example_local_kubernetes_executor']) retrieved from /home/airflow/.local/lib/python3.7/site-packages/airflow/example_dags/example_local_kubernetes_executor.py
[2025-08-27T18:19:17.409+0000] {logging_mixin.py:137} INFO - [2025-08-27T18:19:17.409+0000] {dag.py:2690} INFO - Sync 1 DAGs
[2025-08-27T18:19:17.422+0000] {logging_mixin.py:137} INFO - [2025-08-27T18:19:17.422+0000] {dag.py:3441} INFO - Setting next_dagrun for example_local_kubernetes_executor to None, run_after=None
[2025-08-27T18:19:17.435+0000] {processor.py:175} INFO - Processing /home/airflow/.local/lib/python3.7/site-packages/airflow/example_dags/example_local_kubernetes_executor.py took 0.067 seconds
[2025-08-27T19:39:49.995+0000] {processor.py:153} INFO - Started process (PID=24219) to work on /home/airflow/.local/lib/python3.7/site-packages/airflow/example_dags/example_local_kubernetes_executor.py
[2025-08-27T19:39:49.995+0000] {processor.py:743} INFO - Processing file /home/airflow/.local/lib/python3.7/site-packages/airflow/example_dags/example_local_kubernetes_executor.py for tasks to queue
[2025-08-27T19:39:49.995+0000] {logging_mixin.py:137} INFO - [2025-08-27T19:39:49.995+0000] {dagbag.py:538} INFO - Filling up the DagBag from /home/airflow/.local/lib/python3.7/site-packages/airflow/example_dags/example_local_kubernetes_executor.py
[2025-08-27T19:39:50.011+0000] {processor.py:753} INFO - DAG(s) dict_keys(['example_local_kubernetes_executor']) retrieved from /home/airflow/.local/lib/python3.7/site-packages/airflow/example_dags/example_local_kubernetes_executor.py
[2025-08-27T19:39:50.026+0000] {logging_mixin.py:137} INFO - [2025-08-27T19:39:50.025+0000] {dag.py:2690} INFO - Sync 1 DAGs
[2025-08-27T19:39:50.037+0000] {logging_mixin.py:137} INFO - [2025-08-27T19:39:50.036+0000] {dag.py:3441} INFO - Setting next_dagrun for example_local_kubernetes_executor to None, run_after=None
[2025-08-27T19:39:50.049+0000] {processor.py:175} INFO - Processing /home/airflow/.local/lib/python3.7/site-packages/airflow/example_dags/example_local_kubernetes_executor.py took 0.056 seconds
[2025-08-27T21:01:24.467+0000] {processor.py:153} INFO - Started process (PID=24299) to work on /home/airflow/.local/lib/python3.7/site-packages/airflow/example_dags/example_local_kubernetes_executor.py
[2025-08-27T21:01:24.468+0000] {processor.py:743} INFO - Processing file /home/airflow/.local/lib/python3.7/site-packages/airflow/example_dags/example_local_kubernetes_executor.py for tasks to queue
[2025-08-27T21:01:24.469+0000] {logging_mixin.py:137} INFO - [2025-08-27T21:01:24.469+0000] {dagbag.py:538} INFO - Filling up the DagBag from /home/airflow/.local/lib/python3.7/site-packages/airflow/example_dags/example_local_kubernetes_executor.py
[2025-08-27T21:01:24.485+0000] {processor.py:753} INFO - DAG(s) dict_keys(['example_local_kubernetes_executor']) retrieved from /home/airflow/.local/lib/python3.7/site-packages/airflow/example_dags/example_local_kubernetes_executor.py
[2025-08-27T21:01:24.505+0000] {logging_mixin.py:137} INFO - [2025-08-27T21:01:24.505+0000] {dag.py:2690} INFO - Sync 1 DAGs
[2025-08-27T21:01:24.519+0000] {logging_mixin.py:137} INFO - [2025-08-27T21:01:24.519+0000] {dag.py:3441} INFO - Setting next_dagrun for example_local_kubernetes_executor to None, run_after=None
[2025-08-27T21:01:24.529+0000] {processor.py:175} INFO - Processing /home/airflow/.local/lib/python3.7/site-packages/airflow/example_dags/example_local_kubernetes_executor.py took 0.066 seconds
[2025-08-27T21:51:49.797+0000] {processor.py:153} INFO - Started process (PID=24399) to work on /home/airflow/.local/lib/python3.7/site-packages/airflow/example_dags/example_local_kubernetes_executor.py
[2025-08-27T21:51:49.798+0000] {processor.py:743} INFO - Processing file /home/airflow/.local/lib/python3.7/site-packages/airflow/example_dags/example_local_kubernetes_executor.py for tasks to queue
[2025-08-27T21:51:49.798+0000] {logging_mixin.py:137} INFO - [2025-08-27T21:51:49.798+0000] {dagbag.py:538} INFO - Filling up the DagBag from /home/airflow/.local/lib/python3.7/site-packages/airflow/example_dags/example_local_kubernetes_executor.py
[2025-08-27T21:51:49.814+0000] {processor.py:753} INFO - DAG(s) dict_keys(['example_local_kubernetes_executor']) retrieved from /home/airflow/.local/lib/python3.7/site-packages/airflow/example_dags/example_local_kubernetes_executor.py
[2025-08-27T21:51:49.841+0000] {logging_mixin.py:137} INFO - [2025-08-27T21:51:49.841+0000] {dag.py:2690} INFO - Sync 1 DAGs
[2025-08-27T21:51:49.860+0000] {logging_mixin.py:137} INFO - [2025-08-27T21:51:49.860+0000] {dag.py:3441} INFO - Setting next_dagrun for example_local_kubernetes_executor to None, run_after=None
[2025-08-27T21:51:49.889+0000] {processor.py:175} INFO - Processing /home/airflow/.local/lib/python3.7/site-packages/airflow/example_dags/example_local_kubernetes_executor.py took 0.093 seconds
[2025-08-27T23:29:05.775+0000] {processor.py:153} INFO - Started process (PID=24499) to work on /home/airflow/.local/lib/python3.7/site-packages/airflow/example_dags/example_local_kubernetes_executor.py
[2025-08-27T23:29:05.776+0000] {processor.py:743} INFO - Processing file /home/airflow/.local/lib/python3.7/site-packages/airflow/example_dags/example_local_kubernetes_executor.py for tasks to queue
[2025-08-27T23:29:05.776+0000] {logging_mixin.py:137} INFO - [2025-08-27T23:29:05.776+0000] {dagbag.py:538} INFO - Filling up the DagBag from /home/airflow/.local/lib/python3.7/site-packages/airflow/example_dags/example_local_kubernetes_executor.py
[2025-08-27T23:29:05.792+0000] {processor.py:753} INFO - DAG(s) dict_keys(['example_local_kubernetes_executor']) retrieved from /home/airflow/.local/lib/python3.7/site-packages/airflow/example_dags/example_local_kubernetes_executor.py
[2025-08-27T23:29:05.815+0000] {logging_mixin.py:137} INFO - [2025-08-27T23:29:05.815+0000] {dag.py:2690} INFO - Sync 1 DAGs
[2025-08-27T23:29:05.829+0000] {logging_mixin.py:137} INFO - [2025-08-27T23:29:05.829+0000] {dag.py:3441} INFO - Setting next_dagrun for example_local_kubernetes_executor to None, run_after=None
[2025-08-27T23:29:05.838+0000] {processor.py:175} INFO - Processing /home/airflow/.local/lib/python3.7/site-packages/airflow/example_dags/example_local_kubernetes_executor.py took 0.065 seconds
