[2025-08-27T00:46:29.099+0000] {processor.py:153} INFO - Started process (PID=19489) to work on /home/airflow/.local/lib/python3.7/site-packages/airflow/example_dags/example_time_delta_sensor_async.py
[2025-08-27T00:46:29.099+0000] {processor.py:743} INFO - Processing file /home/airflow/.local/lib/python3.7/site-packages/airflow/example_dags/example_time_delta_sensor_async.py for tasks to queue
[2025-08-27T00:46:29.100+0000] {logging_mixin.py:137} INFO - [2025-08-27T00:46:29.100+0000] {dagbag.py:538} INFO - Filling up the DagBag from /home/airflow/.local/lib/python3.7/site-packages/airflow/example_dags/example_time_delta_sensor_async.py
[2025-08-27T00:46:29.106+0000] {processor.py:753} INFO - DAG(s) dict_keys(['example_time_delta_sensor_async']) retrieved from /home/airflow/.local/lib/python3.7/site-packages/airflow/example_dags/example_time_delta_sensor_async.py
[2025-08-27T00:46:29.118+0000] {logging_mixin.py:137} INFO - [2025-08-27T00:46:29.118+0000] {dag.py:2690} INFO - Sync 1 DAGs
[2025-08-27T00:46:29.128+0000] {logging_mixin.py:137} INFO - [2025-08-27T00:46:29.128+0000] {dag.py:3441} INFO - Setting next_dagrun for example_time_delta_sensor_async to None, run_after=None
[2025-08-27T00:46:29.135+0000] {processor.py:175} INFO - Processing /home/airflow/.local/lib/python3.7/site-packages/airflow/example_dags/example_time_delta_sensor_async.py took 0.037 seconds
[2025-08-27T02:21:51.006+0000] {processor.py:153} INFO - Started process (PID=19569) to work on /home/airflow/.local/lib/python3.7/site-packages/airflow/example_dags/example_time_delta_sensor_async.py
[2025-08-27T02:21:51.006+0000] {processor.py:743} INFO - Processing file /home/airflow/.local/lib/python3.7/site-packages/airflow/example_dags/example_time_delta_sensor_async.py for tasks to queue
[2025-08-27T02:21:51.006+0000] {logging_mixin.py:137} INFO - [2025-08-27T02:21:51.006+0000] {dagbag.py:538} INFO - Filling up the DagBag from /home/airflow/.local/lib/python3.7/site-packages/airflow/example_dags/example_time_delta_sensor_async.py
[2025-08-27T02:21:51.013+0000] {processor.py:753} INFO - DAG(s) dict_keys(['example_time_delta_sensor_async']) retrieved from /home/airflow/.local/lib/python3.7/site-packages/airflow/example_dags/example_time_delta_sensor_async.py
[2025-08-27T02:21:51.025+0000] {logging_mixin.py:137} INFO - [2025-08-27T02:21:51.024+0000] {dag.py:2690} INFO - Sync 1 DAGs
[2025-08-27T02:21:51.035+0000] {logging_mixin.py:137} INFO - [2025-08-27T02:21:51.035+0000] {dag.py:3441} INFO - Setting next_dagrun for example_time_delta_sensor_async to None, run_after=None
[2025-08-27T02:21:51.043+0000] {processor.py:175} INFO - Processing /home/airflow/.local/lib/python3.7/site-packages/airflow/example_dags/example_time_delta_sensor_async.py took 0.039 seconds
[2025-08-27T02:37:29.692+0000] {processor.py:153} INFO - Started process (PID=19669) to work on /home/airflow/.local/lib/python3.7/site-packages/airflow/example_dags/example_time_delta_sensor_async.py
[2025-08-27T02:37:29.692+0000] {processor.py:743} INFO - Processing file /home/airflow/.local/lib/python3.7/site-packages/airflow/example_dags/example_time_delta_sensor_async.py for tasks to queue
[2025-08-27T02:37:29.692+0000] {logging_mixin.py:137} INFO - [2025-08-27T02:37:29.692+0000] {dagbag.py:538} INFO - Filling up the DagBag from /home/airflow/.local/lib/python3.7/site-packages/airflow/example_dags/example_time_delta_sensor_async.py
[2025-08-27T02:37:29.699+0000] {processor.py:753} INFO - DAG(s) dict_keys(['example_time_delta_sensor_async']) retrieved from /home/airflow/.local/lib/python3.7/site-packages/airflow/example_dags/example_time_delta_sensor_async.py
[2025-08-27T02:37:29.710+0000] {logging_mixin.py:137} INFO - [2025-08-27T02:37:29.710+0000] {dag.py:2690} INFO - Sync 1 DAGs
[2025-08-27T02:37:29.721+0000] {logging_mixin.py:137} INFO - [2025-08-27T02:37:29.721+0000] {dag.py:3441} INFO - Setting next_dagrun for example_time_delta_sensor_async to None, run_after=None
[2025-08-27T02:37:29.728+0000] {processor.py:175} INFO - Processing /home/airflow/.local/lib/python3.7/site-packages/airflow/example_dags/example_time_delta_sensor_async.py took 0.038 seconds
[2025-08-27T03:02:26.057+0000] {processor.py:153} INFO - Started process (PID=19769) to work on /home/airflow/.local/lib/python3.7/site-packages/airflow/example_dags/example_time_delta_sensor_async.py
[2025-08-27T03:02:26.057+0000] {processor.py:743} INFO - Processing file /home/airflow/.local/lib/python3.7/site-packages/airflow/example_dags/example_time_delta_sensor_async.py for tasks to queue
[2025-08-27T03:02:26.058+0000] {logging_mixin.py:137} INFO - [2025-08-27T03:02:26.058+0000] {dagbag.py:538} INFO - Filling up the DagBag from /home/airflow/.local/lib/python3.7/site-packages/airflow/example_dags/example_time_delta_sensor_async.py
[2025-08-27T03:02:26.068+0000] {processor.py:753} INFO - DAG(s) dict_keys(['example_time_delta_sensor_async']) retrieved from /home/airflow/.local/lib/python3.7/site-packages/airflow/example_dags/example_time_delta_sensor_async.py
[2025-08-27T03:02:26.081+0000] {logging_mixin.py:137} INFO - [2025-08-27T03:02:26.081+0000] {dag.py:2690} INFO - Sync 1 DAGs
[2025-08-27T03:02:26.093+0000] {logging_mixin.py:137} INFO - [2025-08-27T03:02:26.093+0000] {dag.py:3441} INFO - Setting next_dagrun for example_time_delta_sensor_async to None, run_after=None
[2025-08-27T03:02:26.102+0000] {processor.py:175} INFO - Processing /home/airflow/.local/lib/python3.7/site-packages/airflow/example_dags/example_time_delta_sensor_async.py took 0.048 seconds
[2025-08-27T03:13:53.337+0000] {processor.py:153} INFO - Started process (PID=19868) to work on /home/airflow/.local/lib/python3.7/site-packages/airflow/example_dags/example_time_delta_sensor_async.py
[2025-08-27T03:13:53.338+0000] {processor.py:743} INFO - Processing file /home/airflow/.local/lib/python3.7/site-packages/airflow/example_dags/example_time_delta_sensor_async.py for tasks to queue
[2025-08-27T03:13:53.339+0000] {logging_mixin.py:137} INFO - [2025-08-27T03:13:53.339+0000] {dagbag.py:538} INFO - Filling up the DagBag from /home/airflow/.local/lib/python3.7/site-packages/airflow/example_dags/example_time_delta_sensor_async.py
[2025-08-27T03:13:53.345+0000] {processor.py:753} INFO - DAG(s) dict_keys(['example_time_delta_sensor_async']) retrieved from /home/airflow/.local/lib/python3.7/site-packages/airflow/example_dags/example_time_delta_sensor_async.py
[2025-08-27T03:13:53.357+0000] {logging_mixin.py:137} INFO - [2025-08-27T03:13:53.357+0000] {dag.py:2690} INFO - Sync 1 DAGs
[2025-08-27T03:13:53.369+0000] {logging_mixin.py:137} INFO - [2025-08-27T03:13:53.368+0000] {dag.py:3441} INFO - Setting next_dagrun for example_time_delta_sensor_async to None, run_after=None
[2025-08-27T03:13:53.377+0000] {processor.py:175} INFO - Processing /home/airflow/.local/lib/python3.7/site-packages/airflow/example_dags/example_time_delta_sensor_async.py took 0.042 seconds
[2025-08-27T03:33:08.723+0000] {processor.py:153} INFO - Started process (PID=19948) to work on /home/airflow/.local/lib/python3.7/site-packages/airflow/example_dags/example_time_delta_sensor_async.py
[2025-08-27T03:33:08.724+0000] {processor.py:743} INFO - Processing file /home/airflow/.local/lib/python3.7/site-packages/airflow/example_dags/example_time_delta_sensor_async.py for tasks to queue
[2025-08-27T03:33:08.724+0000] {logging_mixin.py:137} INFO - [2025-08-27T03:33:08.724+0000] {dagbag.py:538} INFO - Filling up the DagBag from /home/airflow/.local/lib/python3.7/site-packages/airflow/example_dags/example_time_delta_sensor_async.py
[2025-08-27T03:33:08.738+0000] {processor.py:753} INFO - DAG(s) dict_keys(['example_time_delta_sensor_async']) retrieved from /home/airflow/.local/lib/python3.7/site-packages/airflow/example_dags/example_time_delta_sensor_async.py
[2025-08-27T03:33:08.767+0000] {logging_mixin.py:137} INFO - [2025-08-27T03:33:08.767+0000] {dag.py:2690} INFO - Sync 1 DAGs
[2025-08-27T03:33:08.783+0000] {logging_mixin.py:137} INFO - [2025-08-27T03:33:08.783+0000] {dag.py:3441} INFO - Setting next_dagrun for example_time_delta_sensor_async to None, run_after=None
[2025-08-27T03:33:08.805+0000] {processor.py:175} INFO - Processing /home/airflow/.local/lib/python3.7/site-packages/airflow/example_dags/example_time_delta_sensor_async.py took 0.084 seconds
[2025-08-27T04:45:09.900+0000] {processor.py:153} INFO - Started process (PID=20048) to work on /home/airflow/.local/lib/python3.7/site-packages/airflow/example_dags/example_time_delta_sensor_async.py
[2025-08-27T04:45:09.900+0000] {processor.py:743} INFO - Processing file /home/airflow/.local/lib/python3.7/site-packages/airflow/example_dags/example_time_delta_sensor_async.py for tasks to queue
[2025-08-27T04:45:09.901+0000] {logging_mixin.py:137} INFO - [2025-08-27T04:45:09.901+0000] {dagbag.py:538} INFO - Filling up the DagBag from /home/airflow/.local/lib/python3.7/site-packages/airflow/example_dags/example_time_delta_sensor_async.py
[2025-08-27T04:45:09.914+0000] {processor.py:753} INFO - DAG(s) dict_keys(['example_time_delta_sensor_async']) retrieved from /home/airflow/.local/lib/python3.7/site-packages/airflow/example_dags/example_time_delta_sensor_async.py
[2025-08-27T04:45:09.932+0000] {logging_mixin.py:137} INFO - [2025-08-27T04:45:09.932+0000] {dag.py:2690} INFO - Sync 1 DAGs
[2025-08-27T04:45:09.948+0000] {logging_mixin.py:137} INFO - [2025-08-27T04:45:09.948+0000] {dag.py:3441} INFO - Setting next_dagrun for example_time_delta_sensor_async to None, run_after=None
[2025-08-27T04:45:09.963+0000] {processor.py:175} INFO - Processing /home/airflow/.local/lib/python3.7/site-packages/airflow/example_dags/example_time_delta_sensor_async.py took 0.065 seconds
[2025-08-27T04:49:55.491+0000] {processor.py:153} INFO - Started process (PID=20148) to work on /home/airflow/.local/lib/python3.7/site-packages/airflow/example_dags/example_time_delta_sensor_async.py
[2025-08-27T04:49:55.493+0000] {processor.py:743} INFO - Processing file /home/airflow/.local/lib/python3.7/site-packages/airflow/example_dags/example_time_delta_sensor_async.py for tasks to queue
[2025-08-27T04:49:55.494+0000] {logging_mixin.py:137} INFO - [2025-08-27T04:49:55.494+0000] {dagbag.py:538} INFO - Filling up the DagBag from /home/airflow/.local/lib/python3.7/site-packages/airflow/example_dags/example_time_delta_sensor_async.py
[2025-08-27T04:49:55.504+0000] {processor.py:753} INFO - DAG(s) dict_keys(['example_time_delta_sensor_async']) retrieved from /home/airflow/.local/lib/python3.7/site-packages/airflow/example_dags/example_time_delta_sensor_async.py
[2025-08-27T04:49:55.522+0000] {logging_mixin.py:137} INFO - [2025-08-27T04:49:55.522+0000] {dag.py:2690} INFO - Sync 1 DAGs
[2025-08-27T04:49:55.535+0000] {logging_mixin.py:137} INFO - [2025-08-27T04:49:55.535+0000] {dag.py:3441} INFO - Setting next_dagrun for example_time_delta_sensor_async to None, run_after=None
[2025-08-27T04:49:55.544+0000] {processor.py:175} INFO - Processing /home/airflow/.local/lib/python3.7/site-packages/airflow/example_dags/example_time_delta_sensor_async.py took 0.054 seconds
[2025-08-27T05:35:08.837+0000] {processor.py:153} INFO - Started process (PID=20228) to work on /home/airflow/.local/lib/python3.7/site-packages/airflow/example_dags/example_time_delta_sensor_async.py
[2025-08-27T05:35:08.837+0000] {processor.py:743} INFO - Processing file /home/airflow/.local/lib/python3.7/site-packages/airflow/example_dags/example_time_delta_sensor_async.py for tasks to queue
[2025-08-27T05:35:08.838+0000] {logging_mixin.py:137} INFO - [2025-08-27T05:35:08.838+0000] {dagbag.py:538} INFO - Filling up the DagBag from /home/airflow/.local/lib/python3.7/site-packages/airflow/example_dags/example_time_delta_sensor_async.py
[2025-08-27T05:35:08.851+0000] {processor.py:753} INFO - DAG(s) dict_keys(['example_time_delta_sensor_async']) retrieved from /home/airflow/.local/lib/python3.7/site-packages/airflow/example_dags/example_time_delta_sensor_async.py
[2025-08-27T05:35:08.865+0000] {logging_mixin.py:137} INFO - [2025-08-27T05:35:08.865+0000] {dag.py:2690} INFO - Sync 1 DAGs
[2025-08-27T05:35:08.875+0000] {logging_mixin.py:137} INFO - [2025-08-27T05:35:08.875+0000] {dag.py:3441} INFO - Setting next_dagrun for example_time_delta_sensor_async to None, run_after=None
[2025-08-27T05:35:08.882+0000] {processor.py:175} INFO - Processing /home/airflow/.local/lib/python3.7/site-packages/airflow/example_dags/example_time_delta_sensor_async.py took 0.048 seconds
[2025-08-27T06:12:36.761+0000] {processor.py:153} INFO - Started process (PID=20328) to work on /home/airflow/.local/lib/python3.7/site-packages/airflow/example_dags/example_time_delta_sensor_async.py
[2025-08-27T06:12:36.762+0000] {processor.py:743} INFO - Processing file /home/airflow/.local/lib/python3.7/site-packages/airflow/example_dags/example_time_delta_sensor_async.py for tasks to queue
[2025-08-27T06:12:36.763+0000] {logging_mixin.py:137} INFO - [2025-08-27T06:12:36.762+0000] {dagbag.py:538} INFO - Filling up the DagBag from /home/airflow/.local/lib/python3.7/site-packages/airflow/example_dags/example_time_delta_sensor_async.py
[2025-08-27T06:12:36.777+0000] {processor.py:753} INFO - DAG(s) dict_keys(['example_time_delta_sensor_async']) retrieved from /home/airflow/.local/lib/python3.7/site-packages/airflow/example_dags/example_time_delta_sensor_async.py
[2025-08-27T06:12:36.797+0000] {logging_mixin.py:137} INFO - [2025-08-27T06:12:36.797+0000] {dag.py:2690} INFO - Sync 1 DAGs
[2025-08-27T06:12:36.810+0000] {logging_mixin.py:137} INFO - [2025-08-27T06:12:36.810+0000] {dag.py:3441} INFO - Setting next_dagrun for example_time_delta_sensor_async to None, run_after=None
[2025-08-27T06:12:36.820+0000] {processor.py:175} INFO - Processing /home/airflow/.local/lib/python3.7/site-packages/airflow/example_dags/example_time_delta_sensor_async.py took 0.061 seconds
[2025-08-27T06:55:18.634+0000] {processor.py:153} INFO - Started process (PID=20428) to work on /home/airflow/.local/lib/python3.7/site-packages/airflow/example_dags/example_time_delta_sensor_async.py
[2025-08-27T06:55:18.634+0000] {processor.py:743} INFO - Processing file /home/airflow/.local/lib/python3.7/site-packages/airflow/example_dags/example_time_delta_sensor_async.py for tasks to queue
[2025-08-27T06:55:18.635+0000] {logging_mixin.py:137} INFO - [2025-08-27T06:55:18.635+0000] {dagbag.py:538} INFO - Filling up the DagBag from /home/airflow/.local/lib/python3.7/site-packages/airflow/example_dags/example_time_delta_sensor_async.py
[2025-08-27T06:55:18.640+0000] {processor.py:753} INFO - DAG(s) dict_keys(['example_time_delta_sensor_async']) retrieved from /home/airflow/.local/lib/python3.7/site-packages/airflow/example_dags/example_time_delta_sensor_async.py
[2025-08-27T06:55:18.652+0000] {logging_mixin.py:137} INFO - [2025-08-27T06:55:18.652+0000] {dag.py:2690} INFO - Sync 1 DAGs
[2025-08-27T06:55:18.662+0000] {logging_mixin.py:137} INFO - [2025-08-27T06:55:18.662+0000] {dag.py:3441} INFO - Setting next_dagrun for example_time_delta_sensor_async to None, run_after=None
[2025-08-27T06:55:18.669+0000] {processor.py:175} INFO - Processing /home/airflow/.local/lib/python3.7/site-packages/airflow/example_dags/example_time_delta_sensor_async.py took 0.037 seconds
[2025-08-27T07:53:51.972+0000] {processor.py:153} INFO - Started process (PID=20528) to work on /home/airflow/.local/lib/python3.7/site-packages/airflow/example_dags/example_time_delta_sensor_async.py
[2025-08-27T07:53:51.973+0000] {processor.py:743} INFO - Processing file /home/airflow/.local/lib/python3.7/site-packages/airflow/example_dags/example_time_delta_sensor_async.py for tasks to queue
[2025-08-27T07:53:51.973+0000] {logging_mixin.py:137} INFO - [2025-08-27T07:53:51.973+0000] {dagbag.py:538} INFO - Filling up the DagBag from /home/airflow/.local/lib/python3.7/site-packages/airflow/example_dags/example_time_delta_sensor_async.py
[2025-08-27T07:53:51.981+0000] {processor.py:753} INFO - DAG(s) dict_keys(['example_time_delta_sensor_async']) retrieved from /home/airflow/.local/lib/python3.7/site-packages/airflow/example_dags/example_time_delta_sensor_async.py
[2025-08-27T07:53:51.994+0000] {logging_mixin.py:137} INFO - [2025-08-27T07:53:51.994+0000] {dag.py:2690} INFO - Sync 1 DAGs
[2025-08-27T07:53:52.004+0000] {logging_mixin.py:137} INFO - [2025-08-27T07:53:52.004+0000] {dag.py:3441} INFO - Setting next_dagrun for example_time_delta_sensor_async to None, run_after=None
[2025-08-27T07:53:52.013+0000] {processor.py:175} INFO - Processing /home/airflow/.local/lib/python3.7/site-packages/airflow/example_dags/example_time_delta_sensor_async.py took 0.043 seconds
[2025-08-27T08:23:39.253+0000] {processor.py:153} INFO - Started process (PID=20608) to work on /home/airflow/.local/lib/python3.7/site-packages/airflow/example_dags/example_time_delta_sensor_async.py
[2025-08-27T08:23:39.254+0000] {processor.py:743} INFO - Processing file /home/airflow/.local/lib/python3.7/site-packages/airflow/example_dags/example_time_delta_sensor_async.py for tasks to queue
[2025-08-27T08:23:39.254+0000] {logging_mixin.py:137} INFO - [2025-08-27T08:23:39.254+0000] {dagbag.py:538} INFO - Filling up the DagBag from /home/airflow/.local/lib/python3.7/site-packages/airflow/example_dags/example_time_delta_sensor_async.py
[2025-08-27T08:23:39.259+0000] {processor.py:753} INFO - DAG(s) dict_keys(['example_time_delta_sensor_async']) retrieved from /home/airflow/.local/lib/python3.7/site-packages/airflow/example_dags/example_time_delta_sensor_async.py
[2025-08-27T08:23:39.270+0000] {logging_mixin.py:137} INFO - [2025-08-27T08:23:39.270+0000] {dag.py:2690} INFO - Sync 1 DAGs
[2025-08-27T08:23:39.280+0000] {logging_mixin.py:137} INFO - [2025-08-27T08:23:39.280+0000] {dag.py:3441} INFO - Setting next_dagrun for example_time_delta_sensor_async to None, run_after=None
[2025-08-27T08:23:39.288+0000] {processor.py:175} INFO - Processing /home/airflow/.local/lib/python3.7/site-packages/airflow/example_dags/example_time_delta_sensor_async.py took 0.036 seconds
[2025-08-27T09:35:50.506+0000] {processor.py:153} INFO - Started process (PID=20708) to work on /home/airflow/.local/lib/python3.7/site-packages/airflow/example_dags/example_time_delta_sensor_async.py
[2025-08-27T09:35:50.506+0000] {processor.py:743} INFO - Processing file /home/airflow/.local/lib/python3.7/site-packages/airflow/example_dags/example_time_delta_sensor_async.py for tasks to queue
[2025-08-27T09:35:50.507+0000] {logging_mixin.py:137} INFO - [2025-08-27T09:35:50.507+0000] {dagbag.py:538} INFO - Filling up the DagBag from /home/airflow/.local/lib/python3.7/site-packages/airflow/example_dags/example_time_delta_sensor_async.py
[2025-08-27T09:35:50.512+0000] {processor.py:753} INFO - DAG(s) dict_keys(['example_time_delta_sensor_async']) retrieved from /home/airflow/.local/lib/python3.7/site-packages/airflow/example_dags/example_time_delta_sensor_async.py
[2025-08-27T09:35:50.524+0000] {logging_mixin.py:137} INFO - [2025-08-27T09:35:50.524+0000] {dag.py:2690} INFO - Sync 1 DAGs
[2025-08-27T09:35:50.534+0000] {logging_mixin.py:137} INFO - [2025-08-27T09:35:50.534+0000] {dag.py:3441} INFO - Setting next_dagrun for example_time_delta_sensor_async to None, run_after=None
[2025-08-27T09:35:50.541+0000] {processor.py:175} INFO - Processing /home/airflow/.local/lib/python3.7/site-packages/airflow/example_dags/example_time_delta_sensor_async.py took 0.037 seconds
[2025-08-27T09:36:49.367+0000] {processor.py:153} INFO - Started process (PID=20808) to work on /home/airflow/.local/lib/python3.7/site-packages/airflow/example_dags/example_time_delta_sensor_async.py
[2025-08-27T09:36:49.367+0000] {processor.py:743} INFO - Processing file /home/airflow/.local/lib/python3.7/site-packages/airflow/example_dags/example_time_delta_sensor_async.py for tasks to queue
[2025-08-27T09:36:49.368+0000] {logging_mixin.py:137} INFO - [2025-08-27T09:36:49.367+0000] {dagbag.py:538} INFO - Filling up the DagBag from /home/airflow/.local/lib/python3.7/site-packages/airflow/example_dags/example_time_delta_sensor_async.py
[2025-08-27T09:36:49.373+0000] {processor.py:753} INFO - DAG(s) dict_keys(['example_time_delta_sensor_async']) retrieved from /home/airflow/.local/lib/python3.7/site-packages/airflow/example_dags/example_time_delta_sensor_async.py
[2025-08-27T09:36:49.385+0000] {logging_mixin.py:137} INFO - [2025-08-27T09:36:49.385+0000] {dag.py:2690} INFO - Sync 1 DAGs
[2025-08-27T09:36:49.398+0000] {logging_mixin.py:137} INFO - [2025-08-27T09:36:49.398+0000] {dag.py:3441} INFO - Setting next_dagrun for example_time_delta_sensor_async to None, run_after=None
[2025-08-27T09:36:49.406+0000] {processor.py:175} INFO - Processing /home/airflow/.local/lib/python3.7/site-packages/airflow/example_dags/example_time_delta_sensor_async.py took 0.041 seconds
[2025-08-27T09:38:52.626+0000] {processor.py:153} INFO - Started process (PID=20908) to work on /home/airflow/.local/lib/python3.7/site-packages/airflow/example_dags/example_time_delta_sensor_async.py
[2025-08-27T09:38:52.626+0000] {processor.py:743} INFO - Processing file /home/airflow/.local/lib/python3.7/site-packages/airflow/example_dags/example_time_delta_sensor_async.py for tasks to queue
[2025-08-27T09:38:52.627+0000] {logging_mixin.py:137} INFO - [2025-08-27T09:38:52.626+0000] {dagbag.py:538} INFO - Filling up the DagBag from /home/airflow/.local/lib/python3.7/site-packages/airflow/example_dags/example_time_delta_sensor_async.py
[2025-08-27T09:38:52.633+0000] {processor.py:753} INFO - DAG(s) dict_keys(['example_time_delta_sensor_async']) retrieved from /home/airflow/.local/lib/python3.7/site-packages/airflow/example_dags/example_time_delta_sensor_async.py
[2025-08-27T09:38:52.645+0000] {logging_mixin.py:137} INFO - [2025-08-27T09:38:52.645+0000] {dag.py:2690} INFO - Sync 1 DAGs
[2025-08-27T09:38:52.656+0000] {logging_mixin.py:137} INFO - [2025-08-27T09:38:52.656+0000] {dag.py:3441} INFO - Setting next_dagrun for example_time_delta_sensor_async to None, run_after=None
[2025-08-27T09:38:52.663+0000] {processor.py:175} INFO - Processing /home/airflow/.local/lib/python3.7/site-packages/airflow/example_dags/example_time_delta_sensor_async.py took 0.039 seconds
[2025-08-27T09:39:38.712+0000] {processor.py:153} INFO - Started process (PID=20988) to work on /home/airflow/.local/lib/python3.7/site-packages/airflow/example_dags/example_time_delta_sensor_async.py
[2025-08-27T09:39:38.712+0000] {processor.py:743} INFO - Processing file /home/airflow/.local/lib/python3.7/site-packages/airflow/example_dags/example_time_delta_sensor_async.py for tasks to queue
[2025-08-27T09:39:38.712+0000] {logging_mixin.py:137} INFO - [2025-08-27T09:39:38.712+0000] {dagbag.py:538} INFO - Filling up the DagBag from /home/airflow/.local/lib/python3.7/site-packages/airflow/example_dags/example_time_delta_sensor_async.py
[2025-08-27T09:39:38.719+0000] {processor.py:753} INFO - DAG(s) dict_keys(['example_time_delta_sensor_async']) retrieved from /home/airflow/.local/lib/python3.7/site-packages/airflow/example_dags/example_time_delta_sensor_async.py
[2025-08-27T09:39:38.730+0000] {logging_mixin.py:137} INFO - [2025-08-27T09:39:38.730+0000] {dag.py:2690} INFO - Sync 1 DAGs
[2025-08-27T09:39:38.741+0000] {logging_mixin.py:137} INFO - [2025-08-27T09:39:38.741+0000] {dag.py:3441} INFO - Setting next_dagrun for example_time_delta_sensor_async to None, run_after=None
[2025-08-27T09:39:38.748+0000] {processor.py:175} INFO - Processing /home/airflow/.local/lib/python3.7/site-packages/airflow/example_dags/example_time_delta_sensor_async.py took 0.038 seconds
[2025-08-27T09:50:05.967+0000] {processor.py:153} INFO - Started process (PID=21088) to work on /home/airflow/.local/lib/python3.7/site-packages/airflow/example_dags/example_time_delta_sensor_async.py
[2025-08-27T09:50:05.968+0000] {processor.py:743} INFO - Processing file /home/airflow/.local/lib/python3.7/site-packages/airflow/example_dags/example_time_delta_sensor_async.py for tasks to queue
[2025-08-27T09:50:05.968+0000] {logging_mixin.py:137} INFO - [2025-08-27T09:50:05.968+0000] {dagbag.py:538} INFO - Filling up the DagBag from /home/airflow/.local/lib/python3.7/site-packages/airflow/example_dags/example_time_delta_sensor_async.py
[2025-08-27T09:50:05.975+0000] {processor.py:753} INFO - DAG(s) dict_keys(['example_time_delta_sensor_async']) retrieved from /home/airflow/.local/lib/python3.7/site-packages/airflow/example_dags/example_time_delta_sensor_async.py
[2025-08-27T09:50:05.990+0000] {logging_mixin.py:137} INFO - [2025-08-27T09:50:05.990+0000] {dag.py:2690} INFO - Sync 1 DAGs
[2025-08-27T09:50:06.004+0000] {logging_mixin.py:137} INFO - [2025-08-27T09:50:06.004+0000] {dag.py:3441} INFO - Setting next_dagrun for example_time_delta_sensor_async to None, run_after=None
[2025-08-27T09:50:06.019+0000] {processor.py:175} INFO - Processing /home/airflow/.local/lib/python3.7/site-packages/airflow/example_dags/example_time_delta_sensor_async.py took 0.055 seconds
[2025-08-27T11:12:45.653+0000] {processor.py:153} INFO - Started process (PID=21188) to work on /home/airflow/.local/lib/python3.7/site-packages/airflow/example_dags/example_time_delta_sensor_async.py
[2025-08-27T11:12:45.654+0000] {processor.py:743} INFO - Processing file /home/airflow/.local/lib/python3.7/site-packages/airflow/example_dags/example_time_delta_sensor_async.py for tasks to queue
[2025-08-27T11:12:45.654+0000] {logging_mixin.py:137} INFO - [2025-08-27T11:12:45.654+0000] {dagbag.py:538} INFO - Filling up the DagBag from /home/airflow/.local/lib/python3.7/site-packages/airflow/example_dags/example_time_delta_sensor_async.py
[2025-08-27T11:12:45.660+0000] {processor.py:753} INFO - DAG(s) dict_keys(['example_time_delta_sensor_async']) retrieved from /home/airflow/.local/lib/python3.7/site-packages/airflow/example_dags/example_time_delta_sensor_async.py
[2025-08-27T11:12:45.672+0000] {logging_mixin.py:137} INFO - [2025-08-27T11:12:45.672+0000] {dag.py:2690} INFO - Sync 1 DAGs
[2025-08-27T11:12:45.682+0000] {logging_mixin.py:137} INFO - [2025-08-27T11:12:45.682+0000] {dag.py:3441} INFO - Setting next_dagrun for example_time_delta_sensor_async to None, run_after=None
[2025-08-27T11:12:45.689+0000] {processor.py:175} INFO - Processing /home/airflow/.local/lib/python3.7/site-packages/airflow/example_dags/example_time_delta_sensor_async.py took 0.038 seconds
[2025-08-27T11:34:30.967+0000] {processor.py:153} INFO - Started process (PID=21268) to work on /home/airflow/.local/lib/python3.7/site-packages/airflow/example_dags/example_time_delta_sensor_async.py
[2025-08-27T11:34:30.968+0000] {processor.py:743} INFO - Processing file /home/airflow/.local/lib/python3.7/site-packages/airflow/example_dags/example_time_delta_sensor_async.py for tasks to queue
[2025-08-27T11:34:30.968+0000] {logging_mixin.py:137} INFO - [2025-08-27T11:34:30.968+0000] {dagbag.py:538} INFO - Filling up the DagBag from /home/airflow/.local/lib/python3.7/site-packages/airflow/example_dags/example_time_delta_sensor_async.py
[2025-08-27T11:34:30.975+0000] {processor.py:753} INFO - DAG(s) dict_keys(['example_time_delta_sensor_async']) retrieved from /home/airflow/.local/lib/python3.7/site-packages/airflow/example_dags/example_time_delta_sensor_async.py
[2025-08-27T11:34:30.987+0000] {logging_mixin.py:137} INFO - [2025-08-27T11:34:30.986+0000] {dag.py:2690} INFO - Sync 1 DAGs
[2025-08-27T11:34:30.998+0000] {logging_mixin.py:137} INFO - [2025-08-27T11:34:30.998+0000] {dag.py:3441} INFO - Setting next_dagrun for example_time_delta_sensor_async to None, run_after=None
[2025-08-27T11:34:31.005+0000] {processor.py:175} INFO - Processing /home/airflow/.local/lib/python3.7/site-packages/airflow/example_dags/example_time_delta_sensor_async.py took 0.040 seconds
[2025-08-27T11:51:12.754+0000] {processor.py:153} INFO - Started process (PID=21368) to work on /home/airflow/.local/lib/python3.7/site-packages/airflow/example_dags/example_time_delta_sensor_async.py
[2025-08-27T11:51:12.754+0000] {processor.py:743} INFO - Processing file /home/airflow/.local/lib/python3.7/site-packages/airflow/example_dags/example_time_delta_sensor_async.py for tasks to queue
[2025-08-27T11:51:12.755+0000] {logging_mixin.py:137} INFO - [2025-08-27T11:51:12.755+0000] {dagbag.py:538} INFO - Filling up the DagBag from /home/airflow/.local/lib/python3.7/site-packages/airflow/example_dags/example_time_delta_sensor_async.py
[2025-08-27T11:51:12.760+0000] {processor.py:753} INFO - DAG(s) dict_keys(['example_time_delta_sensor_async']) retrieved from /home/airflow/.local/lib/python3.7/site-packages/airflow/example_dags/example_time_delta_sensor_async.py
[2025-08-27T11:51:12.775+0000] {logging_mixin.py:137} INFO - [2025-08-27T11:51:12.775+0000] {dag.py:2690} INFO - Sync 1 DAGs
[2025-08-27T11:51:12.790+0000] {logging_mixin.py:137} INFO - [2025-08-27T11:51:12.790+0000] {dag.py:3441} INFO - Setting next_dagrun for example_time_delta_sensor_async to None, run_after=None
[2025-08-27T11:51:12.799+0000] {processor.py:175} INFO - Processing /home/airflow/.local/lib/python3.7/site-packages/airflow/example_dags/example_time_delta_sensor_async.py took 0.046 seconds
[2025-08-27T11:53:11.527+0000] {processor.py:153} INFO - Started process (PID=21468) to work on /home/airflow/.local/lib/python3.7/site-packages/airflow/example_dags/example_time_delta_sensor_async.py
[2025-08-27T11:53:11.528+0000] {processor.py:743} INFO - Processing file /home/airflow/.local/lib/python3.7/site-packages/airflow/example_dags/example_time_delta_sensor_async.py for tasks to queue
[2025-08-27T11:53:11.528+0000] {logging_mixin.py:137} INFO - [2025-08-27T11:53:11.528+0000] {dagbag.py:538} INFO - Filling up the DagBag from /home/airflow/.local/lib/python3.7/site-packages/airflow/example_dags/example_time_delta_sensor_async.py
[2025-08-27T11:53:11.534+0000] {processor.py:753} INFO - DAG(s) dict_keys(['example_time_delta_sensor_async']) retrieved from /home/airflow/.local/lib/python3.7/site-packages/airflow/example_dags/example_time_delta_sensor_async.py
[2025-08-27T11:53:11.547+0000] {logging_mixin.py:137} INFO - [2025-08-27T11:53:11.546+0000] {dag.py:2690} INFO - Sync 1 DAGs
[2025-08-27T11:53:11.557+0000] {logging_mixin.py:137} INFO - [2025-08-27T11:53:11.557+0000] {dag.py:3441} INFO - Setting next_dagrun for example_time_delta_sensor_async to None, run_after=None
[2025-08-27T11:53:11.564+0000] {processor.py:175} INFO - Processing /home/airflow/.local/lib/python3.7/site-packages/airflow/example_dags/example_time_delta_sensor_async.py took 0.038 seconds
[2025-08-27T11:58:52.940+0000] {processor.py:153} INFO - Started process (PID=21568) to work on /home/airflow/.local/lib/python3.7/site-packages/airflow/example_dags/example_time_delta_sensor_async.py
[2025-08-27T11:58:52.940+0000] {processor.py:743} INFO - Processing file /home/airflow/.local/lib/python3.7/site-packages/airflow/example_dags/example_time_delta_sensor_async.py for tasks to queue
[2025-08-27T11:58:52.940+0000] {logging_mixin.py:137} INFO - [2025-08-27T11:58:52.940+0000] {dagbag.py:538} INFO - Filling up the DagBag from /home/airflow/.local/lib/python3.7/site-packages/airflow/example_dags/example_time_delta_sensor_async.py
[2025-08-27T11:58:52.946+0000] {processor.py:753} INFO - DAG(s) dict_keys(['example_time_delta_sensor_async']) retrieved from /home/airflow/.local/lib/python3.7/site-packages/airflow/example_dags/example_time_delta_sensor_async.py
[2025-08-27T11:58:52.958+0000] {logging_mixin.py:137} INFO - [2025-08-27T11:58:52.958+0000] {dag.py:2690} INFO - Sync 1 DAGs
[2025-08-27T11:58:52.969+0000] {logging_mixin.py:137} INFO - [2025-08-27T11:58:52.969+0000] {dag.py:3441} INFO - Setting next_dagrun for example_time_delta_sensor_async to None, run_after=None
[2025-08-27T11:58:52.977+0000] {processor.py:175} INFO - Processing /home/airflow/.local/lib/python3.7/site-packages/airflow/example_dags/example_time_delta_sensor_async.py took 0.039 seconds
[2025-08-27T12:11:19.999+0000] {processor.py:153} INFO - Started process (PID=21648) to work on /home/airflow/.local/lib/python3.7/site-packages/airflow/example_dags/example_time_delta_sensor_async.py
[2025-08-27T12:11:20.000+0000] {processor.py:743} INFO - Processing file /home/airflow/.local/lib/python3.7/site-packages/airflow/example_dags/example_time_delta_sensor_async.py for tasks to queue
[2025-08-27T12:11:20.000+0000] {logging_mixin.py:137} INFO - [2025-08-27T12:11:20.000+0000] {dagbag.py:538} INFO - Filling up the DagBag from /home/airflow/.local/lib/python3.7/site-packages/airflow/example_dags/example_time_delta_sensor_async.py
[2025-08-27T12:11:20.009+0000] {processor.py:753} INFO - DAG(s) dict_keys(['example_time_delta_sensor_async']) retrieved from /home/airflow/.local/lib/python3.7/site-packages/airflow/example_dags/example_time_delta_sensor_async.py
[2025-08-27T12:11:20.032+0000] {logging_mixin.py:137} INFO - [2025-08-27T12:11:20.032+0000] {dag.py:2690} INFO - Sync 1 DAGs
[2025-08-27T12:11:20.051+0000] {logging_mixin.py:137} INFO - [2025-08-27T12:11:20.051+0000] {dag.py:3441} INFO - Setting next_dagrun for example_time_delta_sensor_async to None, run_after=None
[2025-08-27T12:11:20.064+0000] {processor.py:175} INFO - Processing /home/airflow/.local/lib/python3.7/site-packages/airflow/example_dags/example_time_delta_sensor_async.py took 0.067 seconds
[2025-08-27T12:14:24.290+0000] {processor.py:153} INFO - Started process (PID=21748) to work on /home/airflow/.local/lib/python3.7/site-packages/airflow/example_dags/example_time_delta_sensor_async.py
[2025-08-27T12:14:24.290+0000] {processor.py:743} INFO - Processing file /home/airflow/.local/lib/python3.7/site-packages/airflow/example_dags/example_time_delta_sensor_async.py for tasks to queue
[2025-08-27T12:14:24.291+0000] {logging_mixin.py:137} INFO - [2025-08-27T12:14:24.291+0000] {dagbag.py:538} INFO - Filling up the DagBag from /home/airflow/.local/lib/python3.7/site-packages/airflow/example_dags/example_time_delta_sensor_async.py
[2025-08-27T12:14:24.299+0000] {processor.py:753} INFO - DAG(s) dict_keys(['example_time_delta_sensor_async']) retrieved from /home/airflow/.local/lib/python3.7/site-packages/airflow/example_dags/example_time_delta_sensor_async.py
[2025-08-27T12:14:24.314+0000] {logging_mixin.py:137} INFO - [2025-08-27T12:14:24.314+0000] {dag.py:2690} INFO - Sync 1 DAGs
[2025-08-27T12:14:24.328+0000] {logging_mixin.py:137} INFO - [2025-08-27T12:14:24.328+0000] {dag.py:3441} INFO - Setting next_dagrun for example_time_delta_sensor_async to None, run_after=None
[2025-08-27T12:14:24.339+0000] {processor.py:175} INFO - Processing /home/airflow/.local/lib/python3.7/site-packages/airflow/example_dags/example_time_delta_sensor_async.py took 0.051 seconds
[2025-08-27T12:27:56.887+0000] {processor.py:153} INFO - Started process (PID=21848) to work on /home/airflow/.local/lib/python3.7/site-packages/airflow/example_dags/example_time_delta_sensor_async.py
[2025-08-27T12:27:56.888+0000] {processor.py:743} INFO - Processing file /home/airflow/.local/lib/python3.7/site-packages/airflow/example_dags/example_time_delta_sensor_async.py for tasks to queue
[2025-08-27T12:27:56.888+0000] {logging_mixin.py:137} INFO - [2025-08-27T12:27:56.888+0000] {dagbag.py:538} INFO - Filling up the DagBag from /home/airflow/.local/lib/python3.7/site-packages/airflow/example_dags/example_time_delta_sensor_async.py
[2025-08-27T12:27:56.894+0000] {processor.py:753} INFO - DAG(s) dict_keys(['example_time_delta_sensor_async']) retrieved from /home/airflow/.local/lib/python3.7/site-packages/airflow/example_dags/example_time_delta_sensor_async.py
[2025-08-27T12:27:56.907+0000] {logging_mixin.py:137} INFO - [2025-08-27T12:27:56.907+0000] {dag.py:2690} INFO - Sync 1 DAGs
[2025-08-27T12:27:56.918+0000] {logging_mixin.py:137} INFO - [2025-08-27T12:27:56.918+0000] {dag.py:3441} INFO - Setting next_dagrun for example_time_delta_sensor_async to None, run_after=None
[2025-08-27T12:27:56.927+0000] {processor.py:175} INFO - Processing /home/airflow/.local/lib/python3.7/site-packages/airflow/example_dags/example_time_delta_sensor_async.py took 0.041 seconds
[2025-08-27T12:38:25.126+0000] {processor.py:153} INFO - Started process (PID=21928) to work on /home/airflow/.local/lib/python3.7/site-packages/airflow/example_dags/example_time_delta_sensor_async.py
[2025-08-27T12:38:25.127+0000] {processor.py:743} INFO - Processing file /home/airflow/.local/lib/python3.7/site-packages/airflow/example_dags/example_time_delta_sensor_async.py for tasks to queue
[2025-08-27T12:38:25.127+0000] {logging_mixin.py:137} INFO - [2025-08-27T12:38:25.127+0000] {dagbag.py:538} INFO - Filling up the DagBag from /home/airflow/.local/lib/python3.7/site-packages/airflow/example_dags/example_time_delta_sensor_async.py
[2025-08-27T12:38:25.134+0000] {processor.py:753} INFO - DAG(s) dict_keys(['example_time_delta_sensor_async']) retrieved from /home/airflow/.local/lib/python3.7/site-packages/airflow/example_dags/example_time_delta_sensor_async.py
[2025-08-27T12:38:25.148+0000] {logging_mixin.py:137} INFO - [2025-08-27T12:38:25.148+0000] {dag.py:2690} INFO - Sync 1 DAGs
[2025-08-27T12:38:25.162+0000] {logging_mixin.py:137} INFO - [2025-08-27T12:38:25.162+0000] {dag.py:3441} INFO - Setting next_dagrun for example_time_delta_sensor_async to None, run_after=None
[2025-08-27T12:38:25.170+0000] {processor.py:175} INFO - Processing /home/airflow/.local/lib/python3.7/site-packages/airflow/example_dags/example_time_delta_sensor_async.py took 0.045 seconds
[2025-08-27T12:57:12.000+0000] {processor.py:153} INFO - Started process (PID=22028) to work on /home/airflow/.local/lib/python3.7/site-packages/airflow/example_dags/example_time_delta_sensor_async.py
[2025-08-27T12:57:12.001+0000] {processor.py:743} INFO - Processing file /home/airflow/.local/lib/python3.7/site-packages/airflow/example_dags/example_time_delta_sensor_async.py for tasks to queue
[2025-08-27T12:57:12.002+0000] {logging_mixin.py:137} INFO - [2025-08-27T12:57:12.002+0000] {dagbag.py:538} INFO - Filling up the DagBag from /home/airflow/.local/lib/python3.7/site-packages/airflow/example_dags/example_time_delta_sensor_async.py
[2025-08-27T12:57:12.009+0000] {processor.py:753} INFO - DAG(s) dict_keys(['example_time_delta_sensor_async']) retrieved from /home/airflow/.local/lib/python3.7/site-packages/airflow/example_dags/example_time_delta_sensor_async.py
[2025-08-27T12:57:12.021+0000] {logging_mixin.py:137} INFO - [2025-08-27T12:57:12.021+0000] {dag.py:2690} INFO - Sync 1 DAGs
[2025-08-27T12:57:12.032+0000] {logging_mixin.py:137} INFO - [2025-08-27T12:57:12.032+0000] {dag.py:3441} INFO - Setting next_dagrun for example_time_delta_sensor_async to None, run_after=None
[2025-08-27T12:57:12.040+0000] {processor.py:175} INFO - Processing /home/airflow/.local/lib/python3.7/site-packages/airflow/example_dags/example_time_delta_sensor_async.py took 0.042 seconds
[2025-08-27T12:57:42.566+0000] {processor.py:153} INFO - Started process (PID=22128) to work on /home/airflow/.local/lib/python3.7/site-packages/airflow/example_dags/example_time_delta_sensor_async.py
[2025-08-27T12:57:42.567+0000] {processor.py:743} INFO - Processing file /home/airflow/.local/lib/python3.7/site-packages/airflow/example_dags/example_time_delta_sensor_async.py for tasks to queue
[2025-08-27T12:57:42.567+0000] {logging_mixin.py:137} INFO - [2025-08-27T12:57:42.567+0000] {dagbag.py:538} INFO - Filling up the DagBag from /home/airflow/.local/lib/python3.7/site-packages/airflow/example_dags/example_time_delta_sensor_async.py
[2025-08-27T12:57:42.573+0000] {processor.py:753} INFO - DAG(s) dict_keys(['example_time_delta_sensor_async']) retrieved from /home/airflow/.local/lib/python3.7/site-packages/airflow/example_dags/example_time_delta_sensor_async.py
[2025-08-27T12:57:42.585+0000] {logging_mixin.py:137} INFO - [2025-08-27T12:57:42.585+0000] {dag.py:2690} INFO - Sync 1 DAGs
[2025-08-27T12:57:42.595+0000] {logging_mixin.py:137} INFO - [2025-08-27T12:57:42.595+0000] {dag.py:3441} INFO - Setting next_dagrun for example_time_delta_sensor_async to None, run_after=None
[2025-08-27T12:57:42.603+0000] {processor.py:175} INFO - Processing /home/airflow/.local/lib/python3.7/site-packages/airflow/example_dags/example_time_delta_sensor_async.py took 0.038 seconds
[2025-08-27T13:27:10.335+0000] {processor.py:153} INFO - Started process (PID=22228) to work on /home/airflow/.local/lib/python3.7/site-packages/airflow/example_dags/example_time_delta_sensor_async.py
[2025-08-27T13:27:10.335+0000] {processor.py:743} INFO - Processing file /home/airflow/.local/lib/python3.7/site-packages/airflow/example_dags/example_time_delta_sensor_async.py for tasks to queue
[2025-08-27T13:27:10.335+0000] {logging_mixin.py:137} INFO - [2025-08-27T13:27:10.335+0000] {dagbag.py:538} INFO - Filling up the DagBag from /home/airflow/.local/lib/python3.7/site-packages/airflow/example_dags/example_time_delta_sensor_async.py
[2025-08-27T13:27:10.342+0000] {processor.py:753} INFO - DAG(s) dict_keys(['example_time_delta_sensor_async']) retrieved from /home/airflow/.local/lib/python3.7/site-packages/airflow/example_dags/example_time_delta_sensor_async.py
[2025-08-27T13:27:10.356+0000] {logging_mixin.py:137} INFO - [2025-08-27T13:27:10.356+0000] {dag.py:2690} INFO - Sync 1 DAGs
[2025-08-27T13:27:10.374+0000] {logging_mixin.py:137} INFO - [2025-08-27T13:27:10.374+0000] {dag.py:3441} INFO - Setting next_dagrun for example_time_delta_sensor_async to None, run_after=None
[2025-08-27T13:27:10.383+0000] {processor.py:175} INFO - Processing /home/airflow/.local/lib/python3.7/site-packages/airflow/example_dags/example_time_delta_sensor_async.py took 0.051 seconds
[2025-08-27T13:30:11.902+0000] {processor.py:153} INFO - Started process (PID=22308) to work on /home/airflow/.local/lib/python3.7/site-packages/airflow/example_dags/example_time_delta_sensor_async.py
[2025-08-27T13:30:11.903+0000] {processor.py:743} INFO - Processing file /home/airflow/.local/lib/python3.7/site-packages/airflow/example_dags/example_time_delta_sensor_async.py for tasks to queue
[2025-08-27T13:30:11.903+0000] {logging_mixin.py:137} INFO - [2025-08-27T13:30:11.903+0000] {dagbag.py:538} INFO - Filling up the DagBag from /home/airflow/.local/lib/python3.7/site-packages/airflow/example_dags/example_time_delta_sensor_async.py
[2025-08-27T13:30:11.914+0000] {processor.py:753} INFO - DAG(s) dict_keys(['example_time_delta_sensor_async']) retrieved from /home/airflow/.local/lib/python3.7/site-packages/airflow/example_dags/example_time_delta_sensor_async.py
[2025-08-27T13:30:11.939+0000] {logging_mixin.py:137} INFO - [2025-08-27T13:30:11.939+0000] {dag.py:2690} INFO - Sync 1 DAGs
[2025-08-27T13:30:11.957+0000] {logging_mixin.py:137} INFO - [2025-08-27T13:30:11.957+0000] {dag.py:3441} INFO - Setting next_dagrun for example_time_delta_sensor_async to None, run_after=None
[2025-08-27T13:30:11.971+0000] {processor.py:175} INFO - Processing /home/airflow/.local/lib/python3.7/site-packages/airflow/example_dags/example_time_delta_sensor_async.py took 0.071 seconds
[2025-08-27T13:37:06.197+0000] {processor.py:153} INFO - Started process (PID=22408) to work on /home/airflow/.local/lib/python3.7/site-packages/airflow/example_dags/example_time_delta_sensor_async.py
[2025-08-27T13:37:06.197+0000] {processor.py:743} INFO - Processing file /home/airflow/.local/lib/python3.7/site-packages/airflow/example_dags/example_time_delta_sensor_async.py for tasks to queue
[2025-08-27T13:37:06.198+0000] {logging_mixin.py:137} INFO - [2025-08-27T13:37:06.198+0000] {dagbag.py:538} INFO - Filling up the DagBag from /home/airflow/.local/lib/python3.7/site-packages/airflow/example_dags/example_time_delta_sensor_async.py
[2025-08-27T13:37:06.204+0000] {processor.py:753} INFO - DAG(s) dict_keys(['example_time_delta_sensor_async']) retrieved from /home/airflow/.local/lib/python3.7/site-packages/airflow/example_dags/example_time_delta_sensor_async.py
[2025-08-27T13:37:06.215+0000] {logging_mixin.py:137} INFO - [2025-08-27T13:37:06.215+0000] {dag.py:2690} INFO - Sync 1 DAGs
[2025-08-27T13:37:06.226+0000] {logging_mixin.py:137} INFO - [2025-08-27T13:37:06.226+0000] {dag.py:3441} INFO - Setting next_dagrun for example_time_delta_sensor_async to None, run_after=None
[2025-08-27T13:37:06.233+0000] {processor.py:175} INFO - Processing /home/airflow/.local/lib/python3.7/site-packages/airflow/example_dags/example_time_delta_sensor_async.py took 0.038 seconds
[2025-08-27T13:51:01.080+0000] {processor.py:153} INFO - Started process (PID=22508) to work on /home/airflow/.local/lib/python3.7/site-packages/airflow/example_dags/example_time_delta_sensor_async.py
[2025-08-27T13:51:01.080+0000] {processor.py:743} INFO - Processing file /home/airflow/.local/lib/python3.7/site-packages/airflow/example_dags/example_time_delta_sensor_async.py for tasks to queue
[2025-08-27T13:51:01.080+0000] {logging_mixin.py:137} INFO - [2025-08-27T13:51:01.080+0000] {dagbag.py:538} INFO - Filling up the DagBag from /home/airflow/.local/lib/python3.7/site-packages/airflow/example_dags/example_time_delta_sensor_async.py
[2025-08-27T13:51:01.088+0000] {processor.py:753} INFO - DAG(s) dict_keys(['example_time_delta_sensor_async']) retrieved from /home/airflow/.local/lib/python3.7/site-packages/airflow/example_dags/example_time_delta_sensor_async.py
[2025-08-27T13:51:01.102+0000] {logging_mixin.py:137} INFO - [2025-08-27T13:51:01.102+0000] {dag.py:2690} INFO - Sync 1 DAGs
[2025-08-27T13:51:01.115+0000] {logging_mixin.py:137} INFO - [2025-08-27T13:51:01.114+0000] {dag.py:3441} INFO - Setting next_dagrun for example_time_delta_sensor_async to None, run_after=None
[2025-08-27T13:51:01.124+0000] {processor.py:175} INFO - Processing /home/airflow/.local/lib/python3.7/site-packages/airflow/example_dags/example_time_delta_sensor_async.py took 0.046 seconds
[2025-08-27T14:01:05.531+0000] {processor.py:153} INFO - Started process (PID=22588) to work on /home/airflow/.local/lib/python3.7/site-packages/airflow/example_dags/example_time_delta_sensor_async.py
[2025-08-27T14:01:05.531+0000] {processor.py:743} INFO - Processing file /home/airflow/.local/lib/python3.7/site-packages/airflow/example_dags/example_time_delta_sensor_async.py for tasks to queue
[2025-08-27T14:01:05.532+0000] {logging_mixin.py:137} INFO - [2025-08-27T14:01:05.532+0000] {dagbag.py:538} INFO - Filling up the DagBag from /home/airflow/.local/lib/python3.7/site-packages/airflow/example_dags/example_time_delta_sensor_async.py
[2025-08-27T14:01:05.538+0000] {processor.py:753} INFO - DAG(s) dict_keys(['example_time_delta_sensor_async']) retrieved from /home/airflow/.local/lib/python3.7/site-packages/airflow/example_dags/example_time_delta_sensor_async.py
[2025-08-27T14:01:05.549+0000] {logging_mixin.py:137} INFO - [2025-08-27T14:01:05.549+0000] {dag.py:2690} INFO - Sync 1 DAGs
[2025-08-27T14:01:05.562+0000] {logging_mixin.py:137} INFO - [2025-08-27T14:01:05.562+0000] {dag.py:3441} INFO - Setting next_dagrun for example_time_delta_sensor_async to None, run_after=None
[2025-08-27T14:01:05.572+0000] {processor.py:175} INFO - Processing /home/airflow/.local/lib/python3.7/site-packages/airflow/example_dags/example_time_delta_sensor_async.py took 0.043 seconds
[2025-08-27T14:41:12.205+0000] {processor.py:153} INFO - Started process (PID=22688) to work on /home/airflow/.local/lib/python3.7/site-packages/airflow/example_dags/example_time_delta_sensor_async.py
[2025-08-27T14:41:12.206+0000] {processor.py:743} INFO - Processing file /home/airflow/.local/lib/python3.7/site-packages/airflow/example_dags/example_time_delta_sensor_async.py for tasks to queue
[2025-08-27T14:41:12.206+0000] {logging_mixin.py:137} INFO - [2025-08-27T14:41:12.206+0000] {dagbag.py:538} INFO - Filling up the DagBag from /home/airflow/.local/lib/python3.7/site-packages/airflow/example_dags/example_time_delta_sensor_async.py
[2025-08-27T14:41:12.213+0000] {processor.py:753} INFO - DAG(s) dict_keys(['example_time_delta_sensor_async']) retrieved from /home/airflow/.local/lib/python3.7/site-packages/airflow/example_dags/example_time_delta_sensor_async.py
[2025-08-27T14:41:12.229+0000] {logging_mixin.py:137} INFO - [2025-08-27T14:41:12.229+0000] {dag.py:2690} INFO - Sync 1 DAGs
[2025-08-27T14:41:12.240+0000] {logging_mixin.py:137} INFO - [2025-08-27T14:41:12.240+0000] {dag.py:3441} INFO - Setting next_dagrun for example_time_delta_sensor_async to None, run_after=None
[2025-08-27T14:41:12.247+0000] {processor.py:175} INFO - Processing /home/airflow/.local/lib/python3.7/site-packages/airflow/example_dags/example_time_delta_sensor_async.py took 0.043 seconds
[2025-08-27T14:43:53.934+0000] {processor.py:153} INFO - Started process (PID=22788) to work on /home/airflow/.local/lib/python3.7/site-packages/airflow/example_dags/example_time_delta_sensor_async.py
[2025-08-27T14:43:53.935+0000] {processor.py:743} INFO - Processing file /home/airflow/.local/lib/python3.7/site-packages/airflow/example_dags/example_time_delta_sensor_async.py for tasks to queue
[2025-08-27T14:43:53.935+0000] {logging_mixin.py:137} INFO - [2025-08-27T14:43:53.935+0000] {dagbag.py:538} INFO - Filling up the DagBag from /home/airflow/.local/lib/python3.7/site-packages/airflow/example_dags/example_time_delta_sensor_async.py
[2025-08-27T14:43:53.945+0000] {processor.py:753} INFO - DAG(s) dict_keys(['example_time_delta_sensor_async']) retrieved from /home/airflow/.local/lib/python3.7/site-packages/airflow/example_dags/example_time_delta_sensor_async.py
[2025-08-27T14:43:53.962+0000] {logging_mixin.py:137} INFO - [2025-08-27T14:43:53.962+0000] {dag.py:2690} INFO - Sync 1 DAGs
[2025-08-27T14:43:53.978+0000] {logging_mixin.py:137} INFO - [2025-08-27T14:43:53.978+0000] {dag.py:3441} INFO - Setting next_dagrun for example_time_delta_sensor_async to None, run_after=None
[2025-08-27T14:43:53.989+0000] {processor.py:175} INFO - Processing /home/airflow/.local/lib/python3.7/site-packages/airflow/example_dags/example_time_delta_sensor_async.py took 0.058 seconds
[2025-08-27T14:54:31.212+0000] {processor.py:153} INFO - Started process (PID=22888) to work on /home/airflow/.local/lib/python3.7/site-packages/airflow/example_dags/example_time_delta_sensor_async.py
[2025-08-27T14:54:31.216+0000] {processor.py:743} INFO - Processing file /home/airflow/.local/lib/python3.7/site-packages/airflow/example_dags/example_time_delta_sensor_async.py for tasks to queue
[2025-08-27T14:54:31.217+0000] {logging_mixin.py:137} INFO - [2025-08-27T14:54:31.217+0000] {dagbag.py:538} INFO - Filling up the DagBag from /home/airflow/.local/lib/python3.7/site-packages/airflow/example_dags/example_time_delta_sensor_async.py
[2025-08-27T14:54:31.237+0000] {processor.py:753} INFO - DAG(s) dict_keys(['example_time_delta_sensor_async']) retrieved from /home/airflow/.local/lib/python3.7/site-packages/airflow/example_dags/example_time_delta_sensor_async.py
[2025-08-27T14:54:31.268+0000] {logging_mixin.py:137} INFO - [2025-08-27T14:54:31.268+0000] {dag.py:2690} INFO - Sync 1 DAGs
[2025-08-27T14:54:31.281+0000] {logging_mixin.py:137} INFO - [2025-08-27T14:54:31.281+0000] {dag.py:3441} INFO - Setting next_dagrun for example_time_delta_sensor_async to None, run_after=None
[2025-08-27T14:54:31.291+0000] {processor.py:175} INFO - Processing /home/airflow/.local/lib/python3.7/site-packages/airflow/example_dags/example_time_delta_sensor_async.py took 0.082 seconds
[2025-08-27T15:01:38.617+0000] {processor.py:153} INFO - Started process (PID=22968) to work on /home/airflow/.local/lib/python3.7/site-packages/airflow/example_dags/example_time_delta_sensor_async.py
[2025-08-27T15:01:38.618+0000] {processor.py:743} INFO - Processing file /home/airflow/.local/lib/python3.7/site-packages/airflow/example_dags/example_time_delta_sensor_async.py for tasks to queue
[2025-08-27T15:01:38.618+0000] {logging_mixin.py:137} INFO - [2025-08-27T15:01:38.618+0000] {dagbag.py:538} INFO - Filling up the DagBag from /home/airflow/.local/lib/python3.7/site-packages/airflow/example_dags/example_time_delta_sensor_async.py
[2025-08-27T15:01:38.635+0000] {processor.py:753} INFO - DAG(s) dict_keys(['example_time_delta_sensor_async']) retrieved from /home/airflow/.local/lib/python3.7/site-packages/airflow/example_dags/example_time_delta_sensor_async.py
[2025-08-27T15:01:38.661+0000] {logging_mixin.py:137} INFO - [2025-08-27T15:01:38.661+0000] {dag.py:2690} INFO - Sync 1 DAGs
[2025-08-27T15:01:38.682+0000] {logging_mixin.py:137} INFO - [2025-08-27T15:01:38.682+0000] {dag.py:3441} INFO - Setting next_dagrun for example_time_delta_sensor_async to None, run_after=None
[2025-08-27T15:01:38.695+0000] {processor.py:175} INFO - Processing /home/airflow/.local/lib/python3.7/site-packages/airflow/example_dags/example_time_delta_sensor_async.py took 0.081 seconds
[2025-08-27T15:08:09.253+0000] {processor.py:153} INFO - Started process (PID=23068) to work on /home/airflow/.local/lib/python3.7/site-packages/airflow/example_dags/example_time_delta_sensor_async.py
[2025-08-27T15:08:09.254+0000] {processor.py:743} INFO - Processing file /home/airflow/.local/lib/python3.7/site-packages/airflow/example_dags/example_time_delta_sensor_async.py for tasks to queue
[2025-08-27T15:08:09.254+0000] {logging_mixin.py:137} INFO - [2025-08-27T15:08:09.254+0000] {dagbag.py:538} INFO - Filling up the DagBag from /home/airflow/.local/lib/python3.7/site-packages/airflow/example_dags/example_time_delta_sensor_async.py
[2025-08-27T15:08:09.260+0000] {processor.py:753} INFO - DAG(s) dict_keys(['example_time_delta_sensor_async']) retrieved from /home/airflow/.local/lib/python3.7/site-packages/airflow/example_dags/example_time_delta_sensor_async.py
[2025-08-27T15:08:09.270+0000] {logging_mixin.py:137} INFO - [2025-08-27T15:08:09.270+0000] {dag.py:2690} INFO - Sync 1 DAGs
[2025-08-27T15:08:09.282+0000] {logging_mixin.py:137} INFO - [2025-08-27T15:08:09.282+0000] {dag.py:3441} INFO - Setting next_dagrun for example_time_delta_sensor_async to None, run_after=None
[2025-08-27T15:08:09.289+0000] {processor.py:175} INFO - Processing /home/airflow/.local/lib/python3.7/site-packages/airflow/example_dags/example_time_delta_sensor_async.py took 0.038 seconds
[2025-08-27T15:18:51.761+0000] {processor.py:153} INFO - Started process (PID=23168) to work on /home/airflow/.local/lib/python3.7/site-packages/airflow/example_dags/example_time_delta_sensor_async.py
[2025-08-27T15:18:51.762+0000] {processor.py:743} INFO - Processing file /home/airflow/.local/lib/python3.7/site-packages/airflow/example_dags/example_time_delta_sensor_async.py for tasks to queue
[2025-08-27T15:18:51.762+0000] {logging_mixin.py:137} INFO - [2025-08-27T15:18:51.762+0000] {dagbag.py:538} INFO - Filling up the DagBag from /home/airflow/.local/lib/python3.7/site-packages/airflow/example_dags/example_time_delta_sensor_async.py
[2025-08-27T15:18:51.770+0000] {processor.py:753} INFO - DAG(s) dict_keys(['example_time_delta_sensor_async']) retrieved from /home/airflow/.local/lib/python3.7/site-packages/airflow/example_dags/example_time_delta_sensor_async.py
[2025-08-27T15:18:51.786+0000] {logging_mixin.py:137} INFO - [2025-08-27T15:18:51.786+0000] {dag.py:2690} INFO - Sync 1 DAGs
[2025-08-27T15:18:51.804+0000] {logging_mixin.py:137} INFO - [2025-08-27T15:18:51.804+0000] {dag.py:3441} INFO - Setting next_dagrun for example_time_delta_sensor_async to None, run_after=None
[2025-08-27T15:18:51.814+0000] {processor.py:175} INFO - Processing /home/airflow/.local/lib/python3.7/site-packages/airflow/example_dags/example_time_delta_sensor_async.py took 0.054 seconds
[2025-08-27T15:19:36.510+0000] {processor.py:153} INFO - Started process (PID=23248) to work on /home/airflow/.local/lib/python3.7/site-packages/airflow/example_dags/example_time_delta_sensor_async.py
[2025-08-27T15:19:36.510+0000] {processor.py:743} INFO - Processing file /home/airflow/.local/lib/python3.7/site-packages/airflow/example_dags/example_time_delta_sensor_async.py for tasks to queue
[2025-08-27T15:19:36.511+0000] {logging_mixin.py:137} INFO - [2025-08-27T15:19:36.511+0000] {dagbag.py:538} INFO - Filling up the DagBag from /home/airflow/.local/lib/python3.7/site-packages/airflow/example_dags/example_time_delta_sensor_async.py
[2025-08-27T15:19:36.517+0000] {processor.py:753} INFO - DAG(s) dict_keys(['example_time_delta_sensor_async']) retrieved from /home/airflow/.local/lib/python3.7/site-packages/airflow/example_dags/example_time_delta_sensor_async.py
[2025-08-27T15:19:36.530+0000] {logging_mixin.py:137} INFO - [2025-08-27T15:19:36.530+0000] {dag.py:2690} INFO - Sync 1 DAGs
[2025-08-27T15:19:36.541+0000] {logging_mixin.py:137} INFO - [2025-08-27T15:19:36.541+0000] {dag.py:3441} INFO - Setting next_dagrun for example_time_delta_sensor_async to None, run_after=None
[2025-08-27T15:19:36.548+0000] {processor.py:175} INFO - Processing /home/airflow/.local/lib/python3.7/site-packages/airflow/example_dags/example_time_delta_sensor_async.py took 0.040 seconds
[2025-08-27T15:21:52.559+0000] {processor.py:153} INFO - Started process (PID=23348) to work on /home/airflow/.local/lib/python3.7/site-packages/airflow/example_dags/example_time_delta_sensor_async.py
[2025-08-27T15:21:52.560+0000] {processor.py:743} INFO - Processing file /home/airflow/.local/lib/python3.7/site-packages/airflow/example_dags/example_time_delta_sensor_async.py for tasks to queue
[2025-08-27T15:21:52.561+0000] {logging_mixin.py:137} INFO - [2025-08-27T15:21:52.561+0000] {dagbag.py:538} INFO - Filling up the DagBag from /home/airflow/.local/lib/python3.7/site-packages/airflow/example_dags/example_time_delta_sensor_async.py
[2025-08-27T15:21:52.567+0000] {processor.py:753} INFO - DAG(s) dict_keys(['example_time_delta_sensor_async']) retrieved from /home/airflow/.local/lib/python3.7/site-packages/airflow/example_dags/example_time_delta_sensor_async.py
[2025-08-27T15:21:52.580+0000] {logging_mixin.py:137} INFO - [2025-08-27T15:21:52.579+0000] {dag.py:2690} INFO - Sync 1 DAGs
[2025-08-27T15:21:52.589+0000] {logging_mixin.py:137} INFO - [2025-08-27T15:21:52.589+0000] {dag.py:3441} INFO - Setting next_dagrun for example_time_delta_sensor_async to None, run_after=None
[2025-08-27T15:21:52.596+0000] {processor.py:175} INFO - Processing /home/airflow/.local/lib/python3.7/site-packages/airflow/example_dags/example_time_delta_sensor_async.py took 0.039 seconds
[2025-08-27T15:25:58.248+0000] {processor.py:153} INFO - Started process (PID=23448) to work on /home/airflow/.local/lib/python3.7/site-packages/airflow/example_dags/example_time_delta_sensor_async.py
[2025-08-27T15:25:58.248+0000] {processor.py:743} INFO - Processing file /home/airflow/.local/lib/python3.7/site-packages/airflow/example_dags/example_time_delta_sensor_async.py for tasks to queue
[2025-08-27T15:25:58.249+0000] {logging_mixin.py:137} INFO - [2025-08-27T15:25:58.248+0000] {dagbag.py:538} INFO - Filling up the DagBag from /home/airflow/.local/lib/python3.7/site-packages/airflow/example_dags/example_time_delta_sensor_async.py
[2025-08-27T15:25:58.254+0000] {processor.py:753} INFO - DAG(s) dict_keys(['example_time_delta_sensor_async']) retrieved from /home/airflow/.local/lib/python3.7/site-packages/airflow/example_dags/example_time_delta_sensor_async.py
[2025-08-27T15:25:58.266+0000] {logging_mixin.py:137} INFO - [2025-08-27T15:25:58.266+0000] {dag.py:2690} INFO - Sync 1 DAGs
[2025-08-27T15:25:58.276+0000] {logging_mixin.py:137} INFO - [2025-08-27T15:25:58.276+0000] {dag.py:3441} INFO - Setting next_dagrun for example_time_delta_sensor_async to None, run_after=None
[2025-08-27T15:25:58.283+0000] {processor.py:175} INFO - Processing /home/airflow/.local/lib/python3.7/site-packages/airflow/example_dags/example_time_delta_sensor_async.py took 0.037 seconds
[2025-08-27T16:00:39.564+0000] {processor.py:153} INFO - Started process (PID=23548) to work on /home/airflow/.local/lib/python3.7/site-packages/airflow/example_dags/example_time_delta_sensor_async.py
[2025-08-27T16:00:39.565+0000] {processor.py:743} INFO - Processing file /home/airflow/.local/lib/python3.7/site-packages/airflow/example_dags/example_time_delta_sensor_async.py for tasks to queue
[2025-08-27T16:00:39.565+0000] {logging_mixin.py:137} INFO - [2025-08-27T16:00:39.565+0000] {dagbag.py:538} INFO - Filling up the DagBag from /home/airflow/.local/lib/python3.7/site-packages/airflow/example_dags/example_time_delta_sensor_async.py
[2025-08-27T16:00:39.574+0000] {processor.py:753} INFO - DAG(s) dict_keys(['example_time_delta_sensor_async']) retrieved from /home/airflow/.local/lib/python3.7/site-packages/airflow/example_dags/example_time_delta_sensor_async.py
[2025-08-27T16:00:39.587+0000] {logging_mixin.py:137} INFO - [2025-08-27T16:00:39.587+0000] {dag.py:2690} INFO - Sync 1 DAGs
[2025-08-27T16:00:39.598+0000] {logging_mixin.py:137} INFO - [2025-08-27T16:00:39.598+0000] {dag.py:3441} INFO - Setting next_dagrun for example_time_delta_sensor_async to None, run_after=None
[2025-08-27T16:00:39.606+0000] {processor.py:175} INFO - Processing /home/airflow/.local/lib/python3.7/site-packages/airflow/example_dags/example_time_delta_sensor_async.py took 0.044 seconds
[2025-08-27T16:14:52.674+0000] {processor.py:153} INFO - Started process (PID=23628) to work on /home/airflow/.local/lib/python3.7/site-packages/airflow/example_dags/example_time_delta_sensor_async.py
[2025-08-27T16:14:52.674+0000] {processor.py:743} INFO - Processing file /home/airflow/.local/lib/python3.7/site-packages/airflow/example_dags/example_time_delta_sensor_async.py for tasks to queue
[2025-08-27T16:14:52.675+0000] {logging_mixin.py:137} INFO - [2025-08-27T16:14:52.675+0000] {dagbag.py:538} INFO - Filling up the DagBag from /home/airflow/.local/lib/python3.7/site-packages/airflow/example_dags/example_time_delta_sensor_async.py
[2025-08-27T16:14:52.683+0000] {processor.py:753} INFO - DAG(s) dict_keys(['example_time_delta_sensor_async']) retrieved from /home/airflow/.local/lib/python3.7/site-packages/airflow/example_dags/example_time_delta_sensor_async.py
[2025-08-27T16:14:52.706+0000] {logging_mixin.py:137} INFO - [2025-08-27T16:14:52.705+0000] {dag.py:2690} INFO - Sync 1 DAGs
[2025-08-27T16:14:52.719+0000] {logging_mixin.py:137} INFO - [2025-08-27T16:14:52.719+0000] {dag.py:3441} INFO - Setting next_dagrun for example_time_delta_sensor_async to None, run_after=None
[2025-08-27T16:14:52.731+0000] {processor.py:175} INFO - Processing /home/airflow/.local/lib/python3.7/site-packages/airflow/example_dags/example_time_delta_sensor_async.py took 0.060 seconds
[2025-08-27T16:23:09.858+0000] {processor.py:153} INFO - Started process (PID=23728) to work on /home/airflow/.local/lib/python3.7/site-packages/airflow/example_dags/example_time_delta_sensor_async.py
[2025-08-27T16:23:09.859+0000] {processor.py:743} INFO - Processing file /home/airflow/.local/lib/python3.7/site-packages/airflow/example_dags/example_time_delta_sensor_async.py for tasks to queue
[2025-08-27T16:23:09.859+0000] {logging_mixin.py:137} INFO - [2025-08-27T16:23:09.859+0000] {dagbag.py:538} INFO - Filling up the DagBag from /home/airflow/.local/lib/python3.7/site-packages/airflow/example_dags/example_time_delta_sensor_async.py
[2025-08-27T16:23:09.868+0000] {processor.py:753} INFO - DAG(s) dict_keys(['example_time_delta_sensor_async']) retrieved from /home/airflow/.local/lib/python3.7/site-packages/airflow/example_dags/example_time_delta_sensor_async.py
[2025-08-27T16:23:09.886+0000] {logging_mixin.py:137} INFO - [2025-08-27T16:23:09.886+0000] {dag.py:2690} INFO - Sync 1 DAGs
[2025-08-27T16:23:09.900+0000] {logging_mixin.py:137} INFO - [2025-08-27T16:23:09.899+0000] {dag.py:3441} INFO - Setting next_dagrun for example_time_delta_sensor_async to None, run_after=None
[2025-08-27T16:23:09.909+0000] {processor.py:175} INFO - Processing /home/airflow/.local/lib/python3.7/site-packages/airflow/example_dags/example_time_delta_sensor_async.py took 0.053 seconds
[2025-08-27T16:24:53.623+0000] {processor.py:153} INFO - Started process (PID=23828) to work on /home/airflow/.local/lib/python3.7/site-packages/airflow/example_dags/example_time_delta_sensor_async.py
[2025-08-27T16:24:53.624+0000] {processor.py:743} INFO - Processing file /home/airflow/.local/lib/python3.7/site-packages/airflow/example_dags/example_time_delta_sensor_async.py for tasks to queue
[2025-08-27T16:24:53.624+0000] {logging_mixin.py:137} INFO - [2025-08-27T16:24:53.624+0000] {dagbag.py:538} INFO - Filling up the DagBag from /home/airflow/.local/lib/python3.7/site-packages/airflow/example_dags/example_time_delta_sensor_async.py
[2025-08-27T16:24:53.631+0000] {processor.py:753} INFO - DAG(s) dict_keys(['example_time_delta_sensor_async']) retrieved from /home/airflow/.local/lib/python3.7/site-packages/airflow/example_dags/example_time_delta_sensor_async.py
[2025-08-27T16:24:53.643+0000] {logging_mixin.py:137} INFO - [2025-08-27T16:24:53.643+0000] {dag.py:2690} INFO - Sync 1 DAGs
[2025-08-27T16:24:53.655+0000] {logging_mixin.py:137} INFO - [2025-08-27T16:24:53.654+0000] {dag.py:3441} INFO - Setting next_dagrun for example_time_delta_sensor_async to None, run_after=None
[2025-08-27T16:24:53.663+0000] {processor.py:175} INFO - Processing /home/airflow/.local/lib/python3.7/site-packages/airflow/example_dags/example_time_delta_sensor_async.py took 0.042 seconds
[2025-08-27T16:30:06.680+0000] {processor.py:153} INFO - Started process (PID=23928) to work on /home/airflow/.local/lib/python3.7/site-packages/airflow/example_dags/example_time_delta_sensor_async.py
[2025-08-27T16:30:06.681+0000] {processor.py:743} INFO - Processing file /home/airflow/.local/lib/python3.7/site-packages/airflow/example_dags/example_time_delta_sensor_async.py for tasks to queue
[2025-08-27T16:30:06.682+0000] {logging_mixin.py:137} INFO - [2025-08-27T16:30:06.681+0000] {dagbag.py:538} INFO - Filling up the DagBag from /home/airflow/.local/lib/python3.7/site-packages/airflow/example_dags/example_time_delta_sensor_async.py
[2025-08-27T16:30:06.703+0000] {processor.py:753} INFO - DAG(s) dict_keys(['example_time_delta_sensor_async']) retrieved from /home/airflow/.local/lib/python3.7/site-packages/airflow/example_dags/example_time_delta_sensor_async.py
[2025-08-27T16:30:06.736+0000] {logging_mixin.py:137} INFO - [2025-08-27T16:30:06.736+0000] {dag.py:2690} INFO - Sync 1 DAGs
[2025-08-27T16:30:06.757+0000] {logging_mixin.py:137} INFO - [2025-08-27T16:30:06.757+0000] {dag.py:3441} INFO - Setting next_dagrun for example_time_delta_sensor_async to None, run_after=None
[2025-08-27T16:30:06.771+0000] {processor.py:175} INFO - Processing /home/airflow/.local/lib/python3.7/site-packages/airflow/example_dags/example_time_delta_sensor_async.py took 0.095 seconds
[2025-08-27T16:44:02.402+0000] {processor.py:153} INFO - Started process (PID=24008) to work on /home/airflow/.local/lib/python3.7/site-packages/airflow/example_dags/example_time_delta_sensor_async.py
[2025-08-27T16:44:02.403+0000] {processor.py:743} INFO - Processing file /home/airflow/.local/lib/python3.7/site-packages/airflow/example_dags/example_time_delta_sensor_async.py for tasks to queue
[2025-08-27T16:44:02.404+0000] {logging_mixin.py:137} INFO - [2025-08-27T16:44:02.404+0000] {dagbag.py:538} INFO - Filling up the DagBag from /home/airflow/.local/lib/python3.7/site-packages/airflow/example_dags/example_time_delta_sensor_async.py
[2025-08-27T16:44:02.416+0000] {processor.py:753} INFO - DAG(s) dict_keys(['example_time_delta_sensor_async']) retrieved from /home/airflow/.local/lib/python3.7/site-packages/airflow/example_dags/example_time_delta_sensor_async.py
[2025-08-27T16:44:02.432+0000] {logging_mixin.py:137} INFO - [2025-08-27T16:44:02.432+0000] {dag.py:2690} INFO - Sync 1 DAGs
[2025-08-27T16:44:02.444+0000] {logging_mixin.py:137} INFO - [2025-08-27T16:44:02.444+0000] {dag.py:3441} INFO - Setting next_dagrun for example_time_delta_sensor_async to None, run_after=None
[2025-08-27T16:44:02.454+0000] {processor.py:175} INFO - Processing /home/airflow/.local/lib/python3.7/site-packages/airflow/example_dags/example_time_delta_sensor_async.py took 0.054 seconds
[2025-08-27T18:19:16.868+0000] {processor.py:153} INFO - Started process (PID=24108) to work on /home/airflow/.local/lib/python3.7/site-packages/airflow/example_dags/example_time_delta_sensor_async.py
[2025-08-27T18:19:16.868+0000] {processor.py:743} INFO - Processing file /home/airflow/.local/lib/python3.7/site-packages/airflow/example_dags/example_time_delta_sensor_async.py for tasks to queue
[2025-08-27T18:19:16.869+0000] {logging_mixin.py:137} INFO - [2025-08-27T18:19:16.869+0000] {dagbag.py:538} INFO - Filling up the DagBag from /home/airflow/.local/lib/python3.7/site-packages/airflow/example_dags/example_time_delta_sensor_async.py
[2025-08-27T18:19:16.876+0000] {processor.py:753} INFO - DAG(s) dict_keys(['example_time_delta_sensor_async']) retrieved from /home/airflow/.local/lib/python3.7/site-packages/airflow/example_dags/example_time_delta_sensor_async.py
[2025-08-27T18:19:16.892+0000] {logging_mixin.py:137} INFO - [2025-08-27T18:19:16.892+0000] {dag.py:2690} INFO - Sync 1 DAGs
[2025-08-27T18:19:16.908+0000] {logging_mixin.py:137} INFO - [2025-08-27T18:19:16.908+0000] {dag.py:3441} INFO - Setting next_dagrun for example_time_delta_sensor_async to None, run_after=None
[2025-08-27T18:19:16.921+0000] {processor.py:175} INFO - Processing /home/airflow/.local/lib/python3.7/site-packages/airflow/example_dags/example_time_delta_sensor_async.py took 0.055 seconds
[2025-08-27T19:39:49.403+0000] {processor.py:153} INFO - Started process (PID=24208) to work on /home/airflow/.local/lib/python3.7/site-packages/airflow/example_dags/example_time_delta_sensor_async.py
[2025-08-27T19:39:49.404+0000] {processor.py:743} INFO - Processing file /home/airflow/.local/lib/python3.7/site-packages/airflow/example_dags/example_time_delta_sensor_async.py for tasks to queue
[2025-08-27T19:39:49.405+0000] {logging_mixin.py:137} INFO - [2025-08-27T19:39:49.405+0000] {dagbag.py:538} INFO - Filling up the DagBag from /home/airflow/.local/lib/python3.7/site-packages/airflow/example_dags/example_time_delta_sensor_async.py
[2025-08-27T19:39:49.414+0000] {processor.py:753} INFO - DAG(s) dict_keys(['example_time_delta_sensor_async']) retrieved from /home/airflow/.local/lib/python3.7/site-packages/airflow/example_dags/example_time_delta_sensor_async.py
[2025-08-27T19:39:49.430+0000] {logging_mixin.py:137} INFO - [2025-08-27T19:39:49.430+0000] {dag.py:2690} INFO - Sync 1 DAGs
[2025-08-27T19:39:49.444+0000] {logging_mixin.py:137} INFO - [2025-08-27T19:39:49.444+0000] {dag.py:3441} INFO - Setting next_dagrun for example_time_delta_sensor_async to None, run_after=None
[2025-08-27T19:39:49.453+0000] {processor.py:175} INFO - Processing /home/airflow/.local/lib/python3.7/site-packages/airflow/example_dags/example_time_delta_sensor_async.py took 0.052 seconds
[2025-08-27T21:01:24.007+0000] {processor.py:153} INFO - Started process (PID=24288) to work on /home/airflow/.local/lib/python3.7/site-packages/airflow/example_dags/example_time_delta_sensor_async.py
[2025-08-27T21:01:24.007+0000] {processor.py:743} INFO - Processing file /home/airflow/.local/lib/python3.7/site-packages/airflow/example_dags/example_time_delta_sensor_async.py for tasks to queue
[2025-08-27T21:01:24.007+0000] {logging_mixin.py:137} INFO - [2025-08-27T21:01:24.007+0000] {dagbag.py:538} INFO - Filling up the DagBag from /home/airflow/.local/lib/python3.7/site-packages/airflow/example_dags/example_time_delta_sensor_async.py
[2025-08-27T21:01:24.013+0000] {processor.py:753} INFO - DAG(s) dict_keys(['example_time_delta_sensor_async']) retrieved from /home/airflow/.local/lib/python3.7/site-packages/airflow/example_dags/example_time_delta_sensor_async.py
[2025-08-27T21:01:24.025+0000] {logging_mixin.py:137} INFO - [2025-08-27T21:01:24.024+0000] {dag.py:2690} INFO - Sync 1 DAGs
[2025-08-27T21:01:24.038+0000] {logging_mixin.py:137} INFO - [2025-08-27T21:01:24.037+0000] {dag.py:3441} INFO - Setting next_dagrun for example_time_delta_sensor_async to None, run_after=None
[2025-08-27T21:01:24.052+0000] {processor.py:175} INFO - Processing /home/airflow/.local/lib/python3.7/site-packages/airflow/example_dags/example_time_delta_sensor_async.py took 0.047 seconds
[2025-08-27T21:51:49.296+0000] {processor.py:153} INFO - Started process (PID=24388) to work on /home/airflow/.local/lib/python3.7/site-packages/airflow/example_dags/example_time_delta_sensor_async.py
[2025-08-27T21:51:49.298+0000] {processor.py:743} INFO - Processing file /home/airflow/.local/lib/python3.7/site-packages/airflow/example_dags/example_time_delta_sensor_async.py for tasks to queue
[2025-08-27T21:51:49.299+0000] {logging_mixin.py:137} INFO - [2025-08-27T21:51:49.299+0000] {dagbag.py:538} INFO - Filling up the DagBag from /home/airflow/.local/lib/python3.7/site-packages/airflow/example_dags/example_time_delta_sensor_async.py
[2025-08-27T21:51:49.311+0000] {processor.py:753} INFO - DAG(s) dict_keys(['example_time_delta_sensor_async']) retrieved from /home/airflow/.local/lib/python3.7/site-packages/airflow/example_dags/example_time_delta_sensor_async.py
[2025-08-27T21:51:49.331+0000] {logging_mixin.py:137} INFO - [2025-08-27T21:51:49.331+0000] {dag.py:2690} INFO - Sync 1 DAGs
[2025-08-27T21:51:49.347+0000] {logging_mixin.py:137} INFO - [2025-08-27T21:51:49.347+0000] {dag.py:3441} INFO - Setting next_dagrun for example_time_delta_sensor_async to None, run_after=None
[2025-08-27T21:51:49.362+0000] {processor.py:175} INFO - Processing /home/airflow/.local/lib/python3.7/site-packages/airflow/example_dags/example_time_delta_sensor_async.py took 0.068 seconds
[2025-08-27T23:29:05.432+0000] {processor.py:153} INFO - Started process (PID=24488) to work on /home/airflow/.local/lib/python3.7/site-packages/airflow/example_dags/example_time_delta_sensor_async.py
[2025-08-27T23:29:05.433+0000] {processor.py:743} INFO - Processing file /home/airflow/.local/lib/python3.7/site-packages/airflow/example_dags/example_time_delta_sensor_async.py for tasks to queue
[2025-08-27T23:29:05.433+0000] {logging_mixin.py:137} INFO - [2025-08-27T23:29:05.433+0000] {dagbag.py:538} INFO - Filling up the DagBag from /home/airflow/.local/lib/python3.7/site-packages/airflow/example_dags/example_time_delta_sensor_async.py
[2025-08-27T23:29:05.439+0000] {processor.py:753} INFO - DAG(s) dict_keys(['example_time_delta_sensor_async']) retrieved from /home/airflow/.local/lib/python3.7/site-packages/airflow/example_dags/example_time_delta_sensor_async.py
[2025-08-27T23:29:05.452+0000] {logging_mixin.py:137} INFO - [2025-08-27T23:29:05.452+0000] {dag.py:2690} INFO - Sync 1 DAGs
[2025-08-27T23:29:05.461+0000] {logging_mixin.py:137} INFO - [2025-08-27T23:29:05.461+0000] {dag.py:3441} INFO - Setting next_dagrun for example_time_delta_sensor_async to None, run_after=None
[2025-08-27T23:29:05.469+0000] {processor.py:175} INFO - Processing /home/airflow/.local/lib/python3.7/site-packages/airflow/example_dags/example_time_delta_sensor_async.py took 0.038 seconds
