[2025-08-27T00:46:29.995+0000] {processor.py:153} INFO - Started process (PID=19514) to work on /home/airflow/.local/lib/python3.7/site-packages/airflow/example_dags/example_branch_python_dop_operator_3.py
[2025-08-27T00:46:29.997+0000] {processor.py:743} INFO - Processing file /home/airflow/.local/lib/python3.7/site-packages/airflow/example_dags/example_branch_python_dop_operator_3.py for tasks to queue
[2025-08-27T00:46:29.997+0000] {logging_mixin.py:137} INFO - [2025-08-27T00:46:29.997+0000] {dagbag.py:538} INFO - Filling up the DagBag from /home/airflow/.local/lib/python3.7/site-packages/airflow/example_dags/example_branch_python_dop_operator_3.py
[2025-08-27T00:46:30.007+0000] {processor.py:753} INFO - DAG(s) dict_keys(['example_branch_dop_operator_v3']) retrieved from /home/airflow/.local/lib/python3.7/site-packages/airflow/example_dags/example_branch_python_dop_operator_3.py
[2025-08-27T00:46:30.019+0000] {logging_mixin.py:137} INFO - [2025-08-27T00:46:30.019+0000] {dag.py:2690} INFO - Sync 1 DAGs
[2025-08-27T00:46:30.031+0000] {logging_mixin.py:137} INFO - [2025-08-27T00:46:30.031+0000] {dag.py:3441} INFO - Setting next_dagrun for example_branch_dop_operator_v3 to 2025-08-27T00:45:00+00:00, run_after=2025-08-27T00:46:00+00:00
[2025-08-27T00:46:30.039+0000] {processor.py:175} INFO - Processing /home/airflow/.local/lib/python3.7/site-packages/airflow/example_dags/example_branch_python_dop_operator_3.py took 0.046 seconds
[2025-08-27T02:21:51.784+0000] {processor.py:153} INFO - Started process (PID=19594) to work on /home/airflow/.local/lib/python3.7/site-packages/airflow/example_dags/example_branch_python_dop_operator_3.py
[2025-08-27T02:21:51.785+0000] {processor.py:743} INFO - Processing file /home/airflow/.local/lib/python3.7/site-packages/airflow/example_dags/example_branch_python_dop_operator_3.py for tasks to queue
[2025-08-27T02:21:51.785+0000] {logging_mixin.py:137} INFO - [2025-08-27T02:21:51.785+0000] {dagbag.py:538} INFO - Filling up the DagBag from /home/airflow/.local/lib/python3.7/site-packages/airflow/example_dags/example_branch_python_dop_operator_3.py
[2025-08-27T02:21:51.797+0000] {processor.py:753} INFO - DAG(s) dict_keys(['example_branch_dop_operator_v3']) retrieved from /home/airflow/.local/lib/python3.7/site-packages/airflow/example_dags/example_branch_python_dop_operator_3.py
[2025-08-27T02:21:51.814+0000] {logging_mixin.py:137} INFO - [2025-08-27T02:21:51.814+0000] {dag.py:2690} INFO - Sync 1 DAGs
[2025-08-27T02:21:51.832+0000] {logging_mixin.py:137} INFO - [2025-08-27T02:21:51.832+0000] {dag.py:3441} INFO - Setting next_dagrun for example_branch_dop_operator_v3 to 2025-08-27T02:20:00+00:00, run_after=2025-08-27T02:21:00+00:00
[2025-08-27T02:21:51.848+0000] {processor.py:175} INFO - Processing /home/airflow/.local/lib/python3.7/site-packages/airflow/example_dags/example_branch_python_dop_operator_3.py took 0.066 seconds
[2025-08-27T02:37:30.628+0000] {processor.py:153} INFO - Started process (PID=19694) to work on /home/airflow/.local/lib/python3.7/site-packages/airflow/example_dags/example_branch_python_dop_operator_3.py
[2025-08-27T02:37:30.628+0000] {processor.py:743} INFO - Processing file /home/airflow/.local/lib/python3.7/site-packages/airflow/example_dags/example_branch_python_dop_operator_3.py for tasks to queue
[2025-08-27T02:37:30.629+0000] {logging_mixin.py:137} INFO - [2025-08-27T02:37:30.629+0000] {dagbag.py:538} INFO - Filling up the DagBag from /home/airflow/.local/lib/python3.7/site-packages/airflow/example_dags/example_branch_python_dop_operator_3.py
[2025-08-27T02:37:30.639+0000] {processor.py:753} INFO - DAG(s) dict_keys(['example_branch_dop_operator_v3']) retrieved from /home/airflow/.local/lib/python3.7/site-packages/airflow/example_dags/example_branch_python_dop_operator_3.py
[2025-08-27T02:37:30.655+0000] {logging_mixin.py:137} INFO - [2025-08-27T02:37:30.655+0000] {dag.py:2690} INFO - Sync 1 DAGs
[2025-08-27T02:37:30.667+0000] {logging_mixin.py:137} INFO - [2025-08-27T02:37:30.667+0000] {dag.py:3441} INFO - Setting next_dagrun for example_branch_dop_operator_v3 to 2025-08-27T02:36:00+00:00, run_after=2025-08-27T02:37:00+00:00
[2025-08-27T02:37:30.677+0000] {processor.py:175} INFO - Processing /home/airflow/.local/lib/python3.7/site-packages/airflow/example_dags/example_branch_python_dop_operator_3.py took 0.050 seconds
[2025-08-27T03:02:26.793+0000] {processor.py:153} INFO - Started process (PID=19794) to work on /home/airflow/.local/lib/python3.7/site-packages/airflow/example_dags/example_branch_python_dop_operator_3.py
[2025-08-27T03:02:26.794+0000] {processor.py:743} INFO - Processing file /home/airflow/.local/lib/python3.7/site-packages/airflow/example_dags/example_branch_python_dop_operator_3.py for tasks to queue
[2025-08-27T03:02:26.794+0000] {logging_mixin.py:137} INFO - [2025-08-27T03:02:26.794+0000] {dagbag.py:538} INFO - Filling up the DagBag from /home/airflow/.local/lib/python3.7/site-packages/airflow/example_dags/example_branch_python_dop_operator_3.py
[2025-08-27T03:02:26.807+0000] {processor.py:753} INFO - DAG(s) dict_keys(['example_branch_dop_operator_v3']) retrieved from /home/airflow/.local/lib/python3.7/site-packages/airflow/example_dags/example_branch_python_dop_operator_3.py
[2025-08-27T03:02:26.821+0000] {logging_mixin.py:137} INFO - [2025-08-27T03:02:26.820+0000] {dag.py:2690} INFO - Sync 1 DAGs
[2025-08-27T03:02:26.833+0000] {logging_mixin.py:137} INFO - [2025-08-27T03:02:26.833+0000] {dag.py:3441} INFO - Setting next_dagrun for example_branch_dop_operator_v3 to 2025-08-27T03:01:00+00:00, run_after=2025-08-27T03:02:00+00:00
[2025-08-27T03:02:26.842+0000] {processor.py:175} INFO - Processing /home/airflow/.local/lib/python3.7/site-packages/airflow/example_dags/example_branch_python_dop_operator_3.py took 0.050 seconds
[2025-08-27T03:13:54.061+0000] {processor.py:153} INFO - Started process (PID=19893) to work on /home/airflow/.local/lib/python3.7/site-packages/airflow/example_dags/example_branch_python_dop_operator_3.py
[2025-08-27T03:13:54.062+0000] {processor.py:743} INFO - Processing file /home/airflow/.local/lib/python3.7/site-packages/airflow/example_dags/example_branch_python_dop_operator_3.py for tasks to queue
[2025-08-27T03:13:54.064+0000] {logging_mixin.py:137} INFO - [2025-08-27T03:13:54.064+0000] {dagbag.py:538} INFO - Filling up the DagBag from /home/airflow/.local/lib/python3.7/site-packages/airflow/example_dags/example_branch_python_dop_operator_3.py
[2025-08-27T03:13:54.074+0000] {processor.py:753} INFO - DAG(s) dict_keys(['example_branch_dop_operator_v3']) retrieved from /home/airflow/.local/lib/python3.7/site-packages/airflow/example_dags/example_branch_python_dop_operator_3.py
[2025-08-27T03:13:54.085+0000] {logging_mixin.py:137} INFO - [2025-08-27T03:13:54.085+0000] {dag.py:2690} INFO - Sync 1 DAGs
[2025-08-27T03:13:54.096+0000] {logging_mixin.py:137} INFO - [2025-08-27T03:13:54.096+0000] {dag.py:3441} INFO - Setting next_dagrun for example_branch_dop_operator_v3 to 2025-08-27T03:12:00+00:00, run_after=2025-08-27T03:13:00+00:00
[2025-08-27T03:13:54.103+0000] {processor.py:175} INFO - Processing /home/airflow/.local/lib/python3.7/site-packages/airflow/example_dags/example_branch_python_dop_operator_3.py took 0.043 seconds
[2025-08-27T03:33:10.200+0000] {processor.py:153} INFO - Started process (PID=19973) to work on /home/airflow/.local/lib/python3.7/site-packages/airflow/example_dags/example_branch_python_dop_operator_3.py
[2025-08-27T03:33:10.202+0000] {processor.py:743} INFO - Processing file /home/airflow/.local/lib/python3.7/site-packages/airflow/example_dags/example_branch_python_dop_operator_3.py for tasks to queue
[2025-08-27T03:33:10.203+0000] {logging_mixin.py:137} INFO - [2025-08-27T03:33:10.203+0000] {dagbag.py:538} INFO - Filling up the DagBag from /home/airflow/.local/lib/python3.7/site-packages/airflow/example_dags/example_branch_python_dop_operator_3.py
[2025-08-27T03:33:10.216+0000] {processor.py:753} INFO - DAG(s) dict_keys(['example_branch_dop_operator_v3']) retrieved from /home/airflow/.local/lib/python3.7/site-packages/airflow/example_dags/example_branch_python_dop_operator_3.py
[2025-08-27T03:33:10.233+0000] {logging_mixin.py:137} INFO - [2025-08-27T03:33:10.233+0000] {dag.py:2690} INFO - Sync 1 DAGs
[2025-08-27T03:33:10.247+0000] {logging_mixin.py:137} INFO - [2025-08-27T03:33:10.247+0000] {dag.py:3441} INFO - Setting next_dagrun for example_branch_dop_operator_v3 to 2025-08-27T03:32:00+00:00, run_after=2025-08-27T03:33:00+00:00
[2025-08-27T03:33:10.254+0000] {processor.py:175} INFO - Processing /home/airflow/.local/lib/python3.7/site-packages/airflow/example_dags/example_branch_python_dop_operator_3.py took 0.056 seconds
[2025-08-27T04:45:10.848+0000] {processor.py:153} INFO - Started process (PID=20073) to work on /home/airflow/.local/lib/python3.7/site-packages/airflow/example_dags/example_branch_python_dop_operator_3.py
[2025-08-27T04:45:10.852+0000] {processor.py:743} INFO - Processing file /home/airflow/.local/lib/python3.7/site-packages/airflow/example_dags/example_branch_python_dop_operator_3.py for tasks to queue
[2025-08-27T04:45:10.852+0000] {logging_mixin.py:137} INFO - [2025-08-27T04:45:10.852+0000] {dagbag.py:538} INFO - Filling up the DagBag from /home/airflow/.local/lib/python3.7/site-packages/airflow/example_dags/example_branch_python_dop_operator_3.py
[2025-08-27T04:45:10.862+0000] {processor.py:753} INFO - DAG(s) dict_keys(['example_branch_dop_operator_v3']) retrieved from /home/airflow/.local/lib/python3.7/site-packages/airflow/example_dags/example_branch_python_dop_operator_3.py
[2025-08-27T04:45:10.877+0000] {logging_mixin.py:137} INFO - [2025-08-27T04:45:10.877+0000] {dag.py:2690} INFO - Sync 1 DAGs
[2025-08-27T04:45:10.890+0000] {logging_mixin.py:137} INFO - [2025-08-27T04:45:10.890+0000] {dag.py:3441} INFO - Setting next_dagrun for example_branch_dop_operator_v3 to 2025-08-27T04:44:00+00:00, run_after=2025-08-27T04:45:00+00:00
[2025-08-27T04:45:10.897+0000] {processor.py:175} INFO - Processing /home/airflow/.local/lib/python3.7/site-packages/airflow/example_dags/example_branch_python_dop_operator_3.py took 0.051 seconds
[2025-08-27T04:49:56.343+0000] {processor.py:153} INFO - Started process (PID=20173) to work on /home/airflow/.local/lib/python3.7/site-packages/airflow/example_dags/example_branch_python_dop_operator_3.py
[2025-08-27T04:49:56.343+0000] {processor.py:743} INFO - Processing file /home/airflow/.local/lib/python3.7/site-packages/airflow/example_dags/example_branch_python_dop_operator_3.py for tasks to queue
[2025-08-27T04:49:56.343+0000] {logging_mixin.py:137} INFO - [2025-08-27T04:49:56.343+0000] {dagbag.py:538} INFO - Filling up the DagBag from /home/airflow/.local/lib/python3.7/site-packages/airflow/example_dags/example_branch_python_dop_operator_3.py
[2025-08-27T04:49:56.353+0000] {processor.py:753} INFO - DAG(s) dict_keys(['example_branch_dop_operator_v3']) retrieved from /home/airflow/.local/lib/python3.7/site-packages/airflow/example_dags/example_branch_python_dop_operator_3.py
[2025-08-27T04:49:56.364+0000] {logging_mixin.py:137} INFO - [2025-08-27T04:49:56.364+0000] {dag.py:2690} INFO - Sync 1 DAGs
[2025-08-27T04:49:56.376+0000] {logging_mixin.py:137} INFO - [2025-08-27T04:49:56.376+0000] {dag.py:3441} INFO - Setting next_dagrun for example_branch_dop_operator_v3 to 2025-08-27T04:48:00+00:00, run_after=2025-08-27T04:49:00+00:00
[2025-08-27T04:49:56.383+0000] {processor.py:175} INFO - Processing /home/airflow/.local/lib/python3.7/site-packages/airflow/example_dags/example_branch_python_dop_operator_3.py took 0.042 seconds
[2025-08-27T05:35:09.618+0000] {processor.py:153} INFO - Started process (PID=20262) to work on /home/airflow/.local/lib/python3.7/site-packages/airflow/example_dags/example_branch_python_dop_operator_3.py
[2025-08-27T05:35:09.618+0000] {processor.py:743} INFO - Processing file /home/airflow/.local/lib/python3.7/site-packages/airflow/example_dags/example_branch_python_dop_operator_3.py for tasks to queue
[2025-08-27T05:35:09.619+0000] {logging_mixin.py:137} INFO - [2025-08-27T05:35:09.619+0000] {dagbag.py:538} INFO - Filling up the DagBag from /home/airflow/.local/lib/python3.7/site-packages/airflow/example_dags/example_branch_python_dop_operator_3.py
[2025-08-27T05:35:09.630+0000] {processor.py:753} INFO - DAG(s) dict_keys(['example_branch_dop_operator_v3']) retrieved from /home/airflow/.local/lib/python3.7/site-packages/airflow/example_dags/example_branch_python_dop_operator_3.py
[2025-08-27T05:35:09.642+0000] {logging_mixin.py:137} INFO - [2025-08-27T05:35:09.642+0000] {dag.py:2690} INFO - Sync 1 DAGs
[2025-08-27T05:35:09.654+0000] {logging_mixin.py:137} INFO - [2025-08-27T05:35:09.654+0000] {dag.py:3441} INFO - Setting next_dagrun for example_branch_dop_operator_v3 to 2025-08-27T05:34:00+00:00, run_after=2025-08-27T05:35:00+00:00
[2025-08-27T05:35:09.662+0000] {processor.py:175} INFO - Processing /home/airflow/.local/lib/python3.7/site-packages/airflow/example_dags/example_branch_python_dop_operator_3.py took 0.046 seconds
[2025-08-27T06:12:37.882+0000] {processor.py:153} INFO - Started process (PID=20353) to work on /home/airflow/.local/lib/python3.7/site-packages/airflow/example_dags/example_branch_python_dop_operator_3.py
[2025-08-27T06:12:37.883+0000] {processor.py:743} INFO - Processing file /home/airflow/.local/lib/python3.7/site-packages/airflow/example_dags/example_branch_python_dop_operator_3.py for tasks to queue
[2025-08-27T06:12:37.883+0000] {logging_mixin.py:137} INFO - [2025-08-27T06:12:37.883+0000] {dagbag.py:538} INFO - Filling up the DagBag from /home/airflow/.local/lib/python3.7/site-packages/airflow/example_dags/example_branch_python_dop_operator_3.py
[2025-08-27T06:12:37.894+0000] {processor.py:753} INFO - DAG(s) dict_keys(['example_branch_dop_operator_v3']) retrieved from /home/airflow/.local/lib/python3.7/site-packages/airflow/example_dags/example_branch_python_dop_operator_3.py
[2025-08-27T06:12:37.906+0000] {logging_mixin.py:137} INFO - [2025-08-27T06:12:37.906+0000] {dag.py:2690} INFO - Sync 1 DAGs
[2025-08-27T06:12:37.919+0000] {logging_mixin.py:137} INFO - [2025-08-27T06:12:37.919+0000] {dag.py:3441} INFO - Setting next_dagrun for example_branch_dop_operator_v3 to 2025-08-27T06:11:00+00:00, run_after=2025-08-27T06:12:00+00:00
[2025-08-27T06:12:37.929+0000] {processor.py:175} INFO - Processing /home/airflow/.local/lib/python3.7/site-packages/airflow/example_dags/example_branch_python_dop_operator_3.py took 0.049 seconds
[2025-08-27T06:55:19.565+0000] {processor.py:153} INFO - Started process (PID=20453) to work on /home/airflow/.local/lib/python3.7/site-packages/airflow/example_dags/example_branch_python_dop_operator_3.py
[2025-08-27T06:55:19.565+0000] {processor.py:743} INFO - Processing file /home/airflow/.local/lib/python3.7/site-packages/airflow/example_dags/example_branch_python_dop_operator_3.py for tasks to queue
[2025-08-27T06:55:19.566+0000] {logging_mixin.py:137} INFO - [2025-08-27T06:55:19.566+0000] {dagbag.py:538} INFO - Filling up the DagBag from /home/airflow/.local/lib/python3.7/site-packages/airflow/example_dags/example_branch_python_dop_operator_3.py
[2025-08-27T06:55:19.576+0000] {processor.py:753} INFO - DAG(s) dict_keys(['example_branch_dop_operator_v3']) retrieved from /home/airflow/.local/lib/python3.7/site-packages/airflow/example_dags/example_branch_python_dop_operator_3.py
[2025-08-27T06:55:19.587+0000] {logging_mixin.py:137} INFO - [2025-08-27T06:55:19.587+0000] {dag.py:2690} INFO - Sync 1 DAGs
[2025-08-27T06:55:19.597+0000] {logging_mixin.py:137} INFO - [2025-08-27T06:55:19.597+0000] {dag.py:3441} INFO - Setting next_dagrun for example_branch_dop_operator_v3 to 2025-08-27T06:54:00+00:00, run_after=2025-08-27T06:55:00+00:00
[2025-08-27T06:55:19.604+0000] {processor.py:175} INFO - Processing /home/airflow/.local/lib/python3.7/site-packages/airflow/example_dags/example_branch_python_dop_operator_3.py took 0.041 seconds
[2025-08-27T07:53:52.712+0000] {processor.py:153} INFO - Started process (PID=20553) to work on /home/airflow/.local/lib/python3.7/site-packages/airflow/example_dags/example_branch_python_dop_operator_3.py
[2025-08-27T07:53:52.713+0000] {processor.py:743} INFO - Processing file /home/airflow/.local/lib/python3.7/site-packages/airflow/example_dags/example_branch_python_dop_operator_3.py for tasks to queue
[2025-08-27T07:53:52.713+0000] {logging_mixin.py:137} INFO - [2025-08-27T07:53:52.713+0000] {dagbag.py:538} INFO - Filling up the DagBag from /home/airflow/.local/lib/python3.7/site-packages/airflow/example_dags/example_branch_python_dop_operator_3.py
[2025-08-27T07:53:52.722+0000] {processor.py:753} INFO - DAG(s) dict_keys(['example_branch_dop_operator_v3']) retrieved from /home/airflow/.local/lib/python3.7/site-packages/airflow/example_dags/example_branch_python_dop_operator_3.py
[2025-08-27T07:53:52.733+0000] {logging_mixin.py:137} INFO - [2025-08-27T07:53:52.733+0000] {dag.py:2690} INFO - Sync 1 DAGs
[2025-08-27T07:53:52.744+0000] {logging_mixin.py:137} INFO - [2025-08-27T07:53:52.744+0000] {dag.py:3441} INFO - Setting next_dagrun for example_branch_dop_operator_v3 to 2025-08-27T07:52:00+00:00, run_after=2025-08-27T07:53:00+00:00
[2025-08-27T07:53:52.751+0000] {processor.py:175} INFO - Processing /home/airflow/.local/lib/python3.7/site-packages/airflow/example_dags/example_branch_python_dop_operator_3.py took 0.041 seconds
[2025-08-27T08:23:39.965+0000] {processor.py:153} INFO - Started process (PID=20633) to work on /home/airflow/.local/lib/python3.7/site-packages/airflow/example_dags/example_branch_python_dop_operator_3.py
[2025-08-27T08:23:39.965+0000] {processor.py:743} INFO - Processing file /home/airflow/.local/lib/python3.7/site-packages/airflow/example_dags/example_branch_python_dop_operator_3.py for tasks to queue
[2025-08-27T08:23:39.966+0000] {logging_mixin.py:137} INFO - [2025-08-27T08:23:39.966+0000] {dagbag.py:538} INFO - Filling up the DagBag from /home/airflow/.local/lib/python3.7/site-packages/airflow/example_dags/example_branch_python_dop_operator_3.py
[2025-08-27T08:23:39.975+0000] {processor.py:753} INFO - DAG(s) dict_keys(['example_branch_dop_operator_v3']) retrieved from /home/airflow/.local/lib/python3.7/site-packages/airflow/example_dags/example_branch_python_dop_operator_3.py
[2025-08-27T08:23:39.985+0000] {logging_mixin.py:137} INFO - [2025-08-27T08:23:39.985+0000] {dag.py:2690} INFO - Sync 1 DAGs
[2025-08-27T08:23:39.997+0000] {logging_mixin.py:137} INFO - [2025-08-27T08:23:39.997+0000] {dag.py:3441} INFO - Setting next_dagrun for example_branch_dop_operator_v3 to 2025-08-27T08:22:00+00:00, run_after=2025-08-27T08:23:00+00:00
[2025-08-27T08:23:40.003+0000] {processor.py:175} INFO - Processing /home/airflow/.local/lib/python3.7/site-packages/airflow/example_dags/example_branch_python_dop_operator_3.py took 0.040 seconds
[2025-08-27T09:35:51.153+0000] {processor.py:153} INFO - Started process (PID=20733) to work on /home/airflow/.local/lib/python3.7/site-packages/airflow/example_dags/example_branch_python_dop_operator_3.py
[2025-08-27T09:35:51.153+0000] {processor.py:743} INFO - Processing file /home/airflow/.local/lib/python3.7/site-packages/airflow/example_dags/example_branch_python_dop_operator_3.py for tasks to queue
[2025-08-27T09:35:51.154+0000] {logging_mixin.py:137} INFO - [2025-08-27T09:35:51.154+0000] {dagbag.py:538} INFO - Filling up the DagBag from /home/airflow/.local/lib/python3.7/site-packages/airflow/example_dags/example_branch_python_dop_operator_3.py
[2025-08-27T09:35:51.163+0000] {processor.py:753} INFO - DAG(s) dict_keys(['example_branch_dop_operator_v3']) retrieved from /home/airflow/.local/lib/python3.7/site-packages/airflow/example_dags/example_branch_python_dop_operator_3.py
[2025-08-27T09:35:51.173+0000] {logging_mixin.py:137} INFO - [2025-08-27T09:35:51.173+0000] {dag.py:2690} INFO - Sync 1 DAGs
[2025-08-27T09:35:51.184+0000] {logging_mixin.py:137} INFO - [2025-08-27T09:35:51.184+0000] {dag.py:3441} INFO - Setting next_dagrun for example_branch_dop_operator_v3 to 2025-08-27T09:34:00+00:00, run_after=2025-08-27T09:35:00+00:00
[2025-08-27T09:35:51.191+0000] {processor.py:175} INFO - Processing /home/airflow/.local/lib/python3.7/site-packages/airflow/example_dags/example_branch_python_dop_operator_3.py took 0.039 seconds
[2025-08-27T09:36:50.067+0000] {processor.py:153} INFO - Started process (PID=20833) to work on /home/airflow/.local/lib/python3.7/site-packages/airflow/example_dags/example_branch_python_dop_operator_3.py
[2025-08-27T09:36:50.068+0000] {processor.py:743} INFO - Processing file /home/airflow/.local/lib/python3.7/site-packages/airflow/example_dags/example_branch_python_dop_operator_3.py for tasks to queue
[2025-08-27T09:36:50.068+0000] {logging_mixin.py:137} INFO - [2025-08-27T09:36:50.068+0000] {dagbag.py:538} INFO - Filling up the DagBag from /home/airflow/.local/lib/python3.7/site-packages/airflow/example_dags/example_branch_python_dop_operator_3.py
[2025-08-27T09:36:50.078+0000] {processor.py:753} INFO - DAG(s) dict_keys(['example_branch_dop_operator_v3']) retrieved from /home/airflow/.local/lib/python3.7/site-packages/airflow/example_dags/example_branch_python_dop_operator_3.py
[2025-08-27T09:36:50.088+0000] {logging_mixin.py:137} INFO - [2025-08-27T09:36:50.088+0000] {dag.py:2690} INFO - Sync 1 DAGs
[2025-08-27T09:36:50.099+0000] {logging_mixin.py:137} INFO - [2025-08-27T09:36:50.099+0000] {dag.py:3441} INFO - Setting next_dagrun for example_branch_dop_operator_v3 to 2025-08-27T09:35:00+00:00, run_after=2025-08-27T09:36:00+00:00
[2025-08-27T09:36:50.106+0000] {processor.py:175} INFO - Processing /home/airflow/.local/lib/python3.7/site-packages/airflow/example_dags/example_branch_python_dop_operator_3.py took 0.041 seconds
[2025-08-27T09:38:53.290+0000] {processor.py:153} INFO - Started process (PID=20933) to work on /home/airflow/.local/lib/python3.7/site-packages/airflow/example_dags/example_branch_python_dop_operator_3.py
[2025-08-27T09:38:53.290+0000] {processor.py:743} INFO - Processing file /home/airflow/.local/lib/python3.7/site-packages/airflow/example_dags/example_branch_python_dop_operator_3.py for tasks to queue
[2025-08-27T09:38:53.291+0000] {logging_mixin.py:137} INFO - [2025-08-27T09:38:53.290+0000] {dagbag.py:538} INFO - Filling up the DagBag from /home/airflow/.local/lib/python3.7/site-packages/airflow/example_dags/example_branch_python_dop_operator_3.py
[2025-08-27T09:38:53.300+0000] {processor.py:753} INFO - DAG(s) dict_keys(['example_branch_dop_operator_v3']) retrieved from /home/airflow/.local/lib/python3.7/site-packages/airflow/example_dags/example_branch_python_dop_operator_3.py
[2025-08-27T09:38:53.311+0000] {logging_mixin.py:137} INFO - [2025-08-27T09:38:53.311+0000] {dag.py:2690} INFO - Sync 1 DAGs
[2025-08-27T09:38:53.322+0000] {logging_mixin.py:137} INFO - [2025-08-27T09:38:53.322+0000] {dag.py:3441} INFO - Setting next_dagrun for example_branch_dop_operator_v3 to 2025-08-27T09:37:00+00:00, run_after=2025-08-27T09:38:00+00:00
[2025-08-27T09:38:53.331+0000] {processor.py:175} INFO - Processing /home/airflow/.local/lib/python3.7/site-packages/airflow/example_dags/example_branch_python_dop_operator_3.py took 0.043 seconds
[2025-08-27T09:39:39.421+0000] {processor.py:153} INFO - Started process (PID=21013) to work on /home/airflow/.local/lib/python3.7/site-packages/airflow/example_dags/example_branch_python_dop_operator_3.py
[2025-08-27T09:39:39.421+0000] {processor.py:743} INFO - Processing file /home/airflow/.local/lib/python3.7/site-packages/airflow/example_dags/example_branch_python_dop_operator_3.py for tasks to queue
[2025-08-27T09:39:39.421+0000] {logging_mixin.py:137} INFO - [2025-08-27T09:39:39.421+0000] {dagbag.py:538} INFO - Filling up the DagBag from /home/airflow/.local/lib/python3.7/site-packages/airflow/example_dags/example_branch_python_dop_operator_3.py
[2025-08-27T09:39:39.431+0000] {processor.py:753} INFO - DAG(s) dict_keys(['example_branch_dop_operator_v3']) retrieved from /home/airflow/.local/lib/python3.7/site-packages/airflow/example_dags/example_branch_python_dop_operator_3.py
[2025-08-27T09:39:39.442+0000] {logging_mixin.py:137} INFO - [2025-08-27T09:39:39.442+0000] {dag.py:2690} INFO - Sync 1 DAGs
[2025-08-27T09:39:39.452+0000] {logging_mixin.py:137} INFO - [2025-08-27T09:39:39.452+0000] {dag.py:3441} INFO - Setting next_dagrun for example_branch_dop_operator_v3 to 2025-08-27T09:38:00+00:00, run_after=2025-08-27T09:39:00+00:00
[2025-08-27T09:39:39.459+0000] {processor.py:175} INFO - Processing /home/airflow/.local/lib/python3.7/site-packages/airflow/example_dags/example_branch_python_dop_operator_3.py took 0.039 seconds
[2025-08-27T09:50:06.963+0000] {processor.py:153} INFO - Started process (PID=21113) to work on /home/airflow/.local/lib/python3.7/site-packages/airflow/example_dags/example_branch_python_dop_operator_3.py
[2025-08-27T09:50:06.963+0000] {processor.py:743} INFO - Processing file /home/airflow/.local/lib/python3.7/site-packages/airflow/example_dags/example_branch_python_dop_operator_3.py for tasks to queue
[2025-08-27T09:50:06.963+0000] {logging_mixin.py:137} INFO - [2025-08-27T09:50:06.963+0000] {dagbag.py:538} INFO - Filling up the DagBag from /home/airflow/.local/lib/python3.7/site-packages/airflow/example_dags/example_branch_python_dop_operator_3.py
[2025-08-27T09:50:06.973+0000] {processor.py:753} INFO - DAG(s) dict_keys(['example_branch_dop_operator_v3']) retrieved from /home/airflow/.local/lib/python3.7/site-packages/airflow/example_dags/example_branch_python_dop_operator_3.py
[2025-08-27T09:50:06.987+0000] {logging_mixin.py:137} INFO - [2025-08-27T09:50:06.987+0000] {dag.py:2690} INFO - Sync 1 DAGs
[2025-08-27T09:50:06.999+0000] {logging_mixin.py:137} INFO - [2025-08-27T09:50:06.999+0000] {dag.py:3441} INFO - Setting next_dagrun for example_branch_dop_operator_v3 to 2025-08-27T09:49:00+00:00, run_after=2025-08-27T09:50:00+00:00
[2025-08-27T09:50:07.007+0000] {processor.py:175} INFO - Processing /home/airflow/.local/lib/python3.7/site-packages/airflow/example_dags/example_branch_python_dop_operator_3.py took 0.045 seconds
[2025-08-27T11:12:46.906+0000] {processor.py:153} INFO - Started process (PID=21213) to work on /home/airflow/.local/lib/python3.7/site-packages/airflow/example_dags/example_branch_python_dop_operator_3.py
[2025-08-27T11:12:46.908+0000] {processor.py:743} INFO - Processing file /home/airflow/.local/lib/python3.7/site-packages/airflow/example_dags/example_branch_python_dop_operator_3.py for tasks to queue
[2025-08-27T11:12:46.909+0000] {logging_mixin.py:137} INFO - [2025-08-27T11:12:46.908+0000] {dagbag.py:538} INFO - Filling up the DagBag from /home/airflow/.local/lib/python3.7/site-packages/airflow/example_dags/example_branch_python_dop_operator_3.py
[2025-08-27T11:12:46.919+0000] {processor.py:753} INFO - DAG(s) dict_keys(['example_branch_dop_operator_v3']) retrieved from /home/airflow/.local/lib/python3.7/site-packages/airflow/example_dags/example_branch_python_dop_operator_3.py
[2025-08-27T11:12:46.930+0000] {logging_mixin.py:137} INFO - [2025-08-27T11:12:46.930+0000] {dag.py:2690} INFO - Sync 1 DAGs
[2025-08-27T11:12:46.942+0000] {logging_mixin.py:137} INFO - [2025-08-27T11:12:46.941+0000] {dag.py:3441} INFO - Setting next_dagrun for example_branch_dop_operator_v3 to 2025-08-27T11:11:00+00:00, run_after=2025-08-27T11:12:00+00:00
[2025-08-27T11:12:46.949+0000] {processor.py:175} INFO - Processing /home/airflow/.local/lib/python3.7/site-packages/airflow/example_dags/example_branch_python_dop_operator_3.py took 0.045 seconds
[2025-08-27T11:34:31.677+0000] {processor.py:153} INFO - Started process (PID=21293) to work on /home/airflow/.local/lib/python3.7/site-packages/airflow/example_dags/example_branch_python_dop_operator_3.py
[2025-08-27T11:34:31.678+0000] {processor.py:743} INFO - Processing file /home/airflow/.local/lib/python3.7/site-packages/airflow/example_dags/example_branch_python_dop_operator_3.py for tasks to queue
[2025-08-27T11:34:31.678+0000] {logging_mixin.py:137} INFO - [2025-08-27T11:34:31.678+0000] {dagbag.py:538} INFO - Filling up the DagBag from /home/airflow/.local/lib/python3.7/site-packages/airflow/example_dags/example_branch_python_dop_operator_3.py
[2025-08-27T11:34:31.697+0000] {processor.py:753} INFO - DAG(s) dict_keys(['example_branch_dop_operator_v3']) retrieved from /home/airflow/.local/lib/python3.7/site-packages/airflow/example_dags/example_branch_python_dop_operator_3.py
[2025-08-27T11:34:31.721+0000] {logging_mixin.py:137} INFO - [2025-08-27T11:34:31.721+0000] {dag.py:2690} INFO - Sync 1 DAGs
[2025-08-27T11:34:31.746+0000] {logging_mixin.py:137} INFO - [2025-08-27T11:34:31.746+0000] {dag.py:3441} INFO - Setting next_dagrun for example_branch_dop_operator_v3 to 2025-08-27T11:33:00+00:00, run_after=2025-08-27T11:34:00+00:00
[2025-08-27T11:34:31.762+0000] {processor.py:175} INFO - Processing /home/airflow/.local/lib/python3.7/site-packages/airflow/example_dags/example_branch_python_dop_operator_3.py took 0.087 seconds
[2025-08-27T11:51:13.803+0000] {processor.py:153} INFO - Started process (PID=21393) to work on /home/airflow/.local/lib/python3.7/site-packages/airflow/example_dags/example_branch_python_dop_operator_3.py
[2025-08-27T11:51:13.803+0000] {processor.py:743} INFO - Processing file /home/airflow/.local/lib/python3.7/site-packages/airflow/example_dags/example_branch_python_dop_operator_3.py for tasks to queue
[2025-08-27T11:51:13.804+0000] {logging_mixin.py:137} INFO - [2025-08-27T11:51:13.804+0000] {dagbag.py:538} INFO - Filling up the DagBag from /home/airflow/.local/lib/python3.7/site-packages/airflow/example_dags/example_branch_python_dop_operator_3.py
[2025-08-27T11:51:13.814+0000] {processor.py:753} INFO - DAG(s) dict_keys(['example_branch_dop_operator_v3']) retrieved from /home/airflow/.local/lib/python3.7/site-packages/airflow/example_dags/example_branch_python_dop_operator_3.py
[2025-08-27T11:51:13.823+0000] {logging_mixin.py:137} INFO - [2025-08-27T11:51:13.823+0000] {dag.py:2690} INFO - Sync 1 DAGs
[2025-08-27T11:51:13.834+0000] {logging_mixin.py:137} INFO - [2025-08-27T11:51:13.834+0000] {dag.py:3441} INFO - Setting next_dagrun for example_branch_dop_operator_v3 to 2025-08-27T11:50:00+00:00, run_after=2025-08-27T11:51:00+00:00
[2025-08-27T11:51:13.841+0000] {processor.py:175} INFO - Processing /home/airflow/.local/lib/python3.7/site-packages/airflow/example_dags/example_branch_python_dop_operator_3.py took 0.040 seconds
[2025-08-27T11:53:12.280+0000] {processor.py:153} INFO - Started process (PID=21493) to work on /home/airflow/.local/lib/python3.7/site-packages/airflow/example_dags/example_branch_python_dop_operator_3.py
[2025-08-27T11:53:12.280+0000] {processor.py:743} INFO - Processing file /home/airflow/.local/lib/python3.7/site-packages/airflow/example_dags/example_branch_python_dop_operator_3.py for tasks to queue
[2025-08-27T11:53:12.281+0000] {logging_mixin.py:137} INFO - [2025-08-27T11:53:12.281+0000] {dagbag.py:538} INFO - Filling up the DagBag from /home/airflow/.local/lib/python3.7/site-packages/airflow/example_dags/example_branch_python_dop_operator_3.py
[2025-08-27T11:53:12.290+0000] {processor.py:753} INFO - DAG(s) dict_keys(['example_branch_dop_operator_v3']) retrieved from /home/airflow/.local/lib/python3.7/site-packages/airflow/example_dags/example_branch_python_dop_operator_3.py
[2025-08-27T11:53:12.300+0000] {logging_mixin.py:137} INFO - [2025-08-27T11:53:12.300+0000] {dag.py:2690} INFO - Sync 1 DAGs
[2025-08-27T11:53:12.311+0000] {logging_mixin.py:137} INFO - [2025-08-27T11:53:12.311+0000] {dag.py:3441} INFO - Setting next_dagrun for example_branch_dop_operator_v3 to 2025-08-27T11:52:00+00:00, run_after=2025-08-27T11:53:00+00:00
[2025-08-27T11:53:12.317+0000] {processor.py:175} INFO - Processing /home/airflow/.local/lib/python3.7/site-packages/airflow/example_dags/example_branch_python_dop_operator_3.py took 0.039 seconds
[2025-08-27T11:58:53.957+0000] {processor.py:153} INFO - Started process (PID=21593) to work on /home/airflow/.local/lib/python3.7/site-packages/airflow/example_dags/example_branch_python_dop_operator_3.py
[2025-08-27T11:58:53.958+0000] {processor.py:743} INFO - Processing file /home/airflow/.local/lib/python3.7/site-packages/airflow/example_dags/example_branch_python_dop_operator_3.py for tasks to queue
[2025-08-27T11:58:53.958+0000] {logging_mixin.py:137} INFO - [2025-08-27T11:58:53.958+0000] {dagbag.py:538} INFO - Filling up the DagBag from /home/airflow/.local/lib/python3.7/site-packages/airflow/example_dags/example_branch_python_dop_operator_3.py
[2025-08-27T11:58:53.968+0000] {processor.py:753} INFO - DAG(s) dict_keys(['example_branch_dop_operator_v3']) retrieved from /home/airflow/.local/lib/python3.7/site-packages/airflow/example_dags/example_branch_python_dop_operator_3.py
[2025-08-27T11:58:53.979+0000] {logging_mixin.py:137} INFO - [2025-08-27T11:58:53.979+0000] {dag.py:2690} INFO - Sync 1 DAGs
[2025-08-27T11:58:53.991+0000] {logging_mixin.py:137} INFO - [2025-08-27T11:58:53.991+0000] {dag.py:3441} INFO - Setting next_dagrun for example_branch_dop_operator_v3 to 2025-08-27T11:57:00+00:00, run_after=2025-08-27T11:58:00+00:00
[2025-08-27T11:58:53.999+0000] {processor.py:175} INFO - Processing /home/airflow/.local/lib/python3.7/site-packages/airflow/example_dags/example_branch_python_dop_operator_3.py took 0.044 seconds
[2025-08-27T12:11:20.939+0000] {processor.py:153} INFO - Started process (PID=21673) to work on /home/airflow/.local/lib/python3.7/site-packages/airflow/example_dags/example_branch_python_dop_operator_3.py
[2025-08-27T12:11:20.939+0000] {processor.py:743} INFO - Processing file /home/airflow/.local/lib/python3.7/site-packages/airflow/example_dags/example_branch_python_dop_operator_3.py for tasks to queue
[2025-08-27T12:11:20.939+0000] {logging_mixin.py:137} INFO - [2025-08-27T12:11:20.939+0000] {dagbag.py:538} INFO - Filling up the DagBag from /home/airflow/.local/lib/python3.7/site-packages/airflow/example_dags/example_branch_python_dop_operator_3.py
[2025-08-27T12:11:20.949+0000] {processor.py:753} INFO - DAG(s) dict_keys(['example_branch_dop_operator_v3']) retrieved from /home/airflow/.local/lib/python3.7/site-packages/airflow/example_dags/example_branch_python_dop_operator_3.py
[2025-08-27T12:11:20.959+0000] {logging_mixin.py:137} INFO - [2025-08-27T12:11:20.959+0000] {dag.py:2690} INFO - Sync 1 DAGs
[2025-08-27T12:11:20.970+0000] {logging_mixin.py:137} INFO - [2025-08-27T12:11:20.970+0000] {dag.py:3441} INFO - Setting next_dagrun for example_branch_dop_operator_v3 to 2025-08-27T12:10:00+00:00, run_after=2025-08-27T12:11:00+00:00
[2025-08-27T12:11:20.977+0000] {processor.py:175} INFO - Processing /home/airflow/.local/lib/python3.7/site-packages/airflow/example_dags/example_branch_python_dop_operator_3.py took 0.040 seconds
[2025-08-27T12:14:25.410+0000] {processor.py:153} INFO - Started process (PID=21773) to work on /home/airflow/.local/lib/python3.7/site-packages/airflow/example_dags/example_branch_python_dop_operator_3.py
[2025-08-27T12:14:25.411+0000] {processor.py:743} INFO - Processing file /home/airflow/.local/lib/python3.7/site-packages/airflow/example_dags/example_branch_python_dop_operator_3.py for tasks to queue
[2025-08-27T12:14:25.411+0000] {logging_mixin.py:137} INFO - [2025-08-27T12:14:25.411+0000] {dagbag.py:538} INFO - Filling up the DagBag from /home/airflow/.local/lib/python3.7/site-packages/airflow/example_dags/example_branch_python_dop_operator_3.py
[2025-08-27T12:14:25.422+0000] {processor.py:753} INFO - DAG(s) dict_keys(['example_branch_dop_operator_v3']) retrieved from /home/airflow/.local/lib/python3.7/site-packages/airflow/example_dags/example_branch_python_dop_operator_3.py
[2025-08-27T12:14:25.431+0000] {logging_mixin.py:137} INFO - [2025-08-27T12:14:25.431+0000] {dag.py:2690} INFO - Sync 1 DAGs
[2025-08-27T12:14:25.442+0000] {logging_mixin.py:137} INFO - [2025-08-27T12:14:25.442+0000] {dag.py:3441} INFO - Setting next_dagrun for example_branch_dop_operator_v3 to 2025-08-27T12:13:00+00:00, run_after=2025-08-27T12:14:00+00:00
[2025-08-27T12:14:25.449+0000] {processor.py:175} INFO - Processing /home/airflow/.local/lib/python3.7/site-packages/airflow/example_dags/example_branch_python_dop_operator_3.py took 0.041 seconds
[2025-08-27T12:27:57.944+0000] {processor.py:153} INFO - Started process (PID=21873) to work on /home/airflow/.local/lib/python3.7/site-packages/airflow/example_dags/example_branch_python_dop_operator_3.py
[2025-08-27T12:27:57.944+0000] {processor.py:743} INFO - Processing file /home/airflow/.local/lib/python3.7/site-packages/airflow/example_dags/example_branch_python_dop_operator_3.py for tasks to queue
[2025-08-27T12:27:57.944+0000] {logging_mixin.py:137} INFO - [2025-08-27T12:27:57.944+0000] {dagbag.py:538} INFO - Filling up the DagBag from /home/airflow/.local/lib/python3.7/site-packages/airflow/example_dags/example_branch_python_dop_operator_3.py
[2025-08-27T12:27:57.954+0000] {processor.py:753} INFO - DAG(s) dict_keys(['example_branch_dop_operator_v3']) retrieved from /home/airflow/.local/lib/python3.7/site-packages/airflow/example_dags/example_branch_python_dop_operator_3.py
[2025-08-27T12:27:57.965+0000] {logging_mixin.py:137} INFO - [2025-08-27T12:27:57.965+0000] {dag.py:2690} INFO - Sync 1 DAGs
[2025-08-27T12:27:57.978+0000] {logging_mixin.py:137} INFO - [2025-08-27T12:27:57.978+0000] {dag.py:3441} INFO - Setting next_dagrun for example_branch_dop_operator_v3 to 2025-08-27T12:26:00+00:00, run_after=2025-08-27T12:27:00+00:00
[2025-08-27T12:27:57.985+0000] {processor.py:175} INFO - Processing /home/airflow/.local/lib/python3.7/site-packages/airflow/example_dags/example_branch_python_dop_operator_3.py took 0.044 seconds
[2025-08-27T12:38:25.956+0000] {processor.py:153} INFO - Started process (PID=21953) to work on /home/airflow/.local/lib/python3.7/site-packages/airflow/example_dags/example_branch_python_dop_operator_3.py
[2025-08-27T12:38:25.956+0000] {processor.py:743} INFO - Processing file /home/airflow/.local/lib/python3.7/site-packages/airflow/example_dags/example_branch_python_dop_operator_3.py for tasks to queue
[2025-08-27T12:38:25.956+0000] {logging_mixin.py:137} INFO - [2025-08-27T12:38:25.956+0000] {dagbag.py:538} INFO - Filling up the DagBag from /home/airflow/.local/lib/python3.7/site-packages/airflow/example_dags/example_branch_python_dop_operator_3.py
[2025-08-27T12:38:25.965+0000] {processor.py:753} INFO - DAG(s) dict_keys(['example_branch_dop_operator_v3']) retrieved from /home/airflow/.local/lib/python3.7/site-packages/airflow/example_dags/example_branch_python_dop_operator_3.py
[2025-08-27T12:38:25.976+0000] {logging_mixin.py:137} INFO - [2025-08-27T12:38:25.975+0000] {dag.py:2690} INFO - Sync 1 DAGs
[2025-08-27T12:38:25.988+0000] {logging_mixin.py:137} INFO - [2025-08-27T12:38:25.988+0000] {dag.py:3441} INFO - Setting next_dagrun for example_branch_dop_operator_v3 to 2025-08-27T12:37:00+00:00, run_after=2025-08-27T12:38:00+00:00
[2025-08-27T12:38:25.995+0000] {processor.py:175} INFO - Processing /home/airflow/.local/lib/python3.7/site-packages/airflow/example_dags/example_branch_python_dop_operator_3.py took 0.042 seconds
[2025-08-27T12:57:12.940+0000] {processor.py:153} INFO - Started process (PID=22053) to work on /home/airflow/.local/lib/python3.7/site-packages/airflow/example_dags/example_branch_python_dop_operator_3.py
[2025-08-27T12:57:12.940+0000] {processor.py:743} INFO - Processing file /home/airflow/.local/lib/python3.7/site-packages/airflow/example_dags/example_branch_python_dop_operator_3.py for tasks to queue
[2025-08-27T12:57:12.940+0000] {logging_mixin.py:137} INFO - [2025-08-27T12:57:12.940+0000] {dagbag.py:538} INFO - Filling up the DagBag from /home/airflow/.local/lib/python3.7/site-packages/airflow/example_dags/example_branch_python_dop_operator_3.py
[2025-08-27T12:57:12.953+0000] {processor.py:753} INFO - DAG(s) dict_keys(['example_branch_dop_operator_v3']) retrieved from /home/airflow/.local/lib/python3.7/site-packages/airflow/example_dags/example_branch_python_dop_operator_3.py
[2025-08-27T12:57:12.965+0000] {logging_mixin.py:137} INFO - [2025-08-27T12:57:12.965+0000] {dag.py:2690} INFO - Sync 1 DAGs
[2025-08-27T12:57:12.978+0000] {logging_mixin.py:137} INFO - [2025-08-27T12:57:12.978+0000] {dag.py:3441} INFO - Setting next_dagrun for example_branch_dop_operator_v3 to 2025-08-27T12:56:00+00:00, run_after=2025-08-27T12:57:00+00:00
[2025-08-27T12:57:12.985+0000] {processor.py:175} INFO - Processing /home/airflow/.local/lib/python3.7/site-packages/airflow/example_dags/example_branch_python_dop_operator_3.py took 0.047 seconds
[2025-08-27T12:57:43.320+0000] {processor.py:153} INFO - Started process (PID=22153) to work on /home/airflow/.local/lib/python3.7/site-packages/airflow/example_dags/example_branch_python_dop_operator_3.py
[2025-08-27T12:57:43.321+0000] {processor.py:743} INFO - Processing file /home/airflow/.local/lib/python3.7/site-packages/airflow/example_dags/example_branch_python_dop_operator_3.py for tasks to queue
[2025-08-27T12:57:43.321+0000] {logging_mixin.py:137} INFO - [2025-08-27T12:57:43.321+0000] {dagbag.py:538} INFO - Filling up the DagBag from /home/airflow/.local/lib/python3.7/site-packages/airflow/example_dags/example_branch_python_dop_operator_3.py
[2025-08-27T12:57:43.331+0000] {processor.py:753} INFO - DAG(s) dict_keys(['example_branch_dop_operator_v3']) retrieved from /home/airflow/.local/lib/python3.7/site-packages/airflow/example_dags/example_branch_python_dop_operator_3.py
[2025-08-27T12:57:43.342+0000] {logging_mixin.py:137} INFO - [2025-08-27T12:57:43.342+0000] {dag.py:2690} INFO - Sync 1 DAGs
[2025-08-27T12:57:43.353+0000] {logging_mixin.py:137} INFO - [2025-08-27T12:57:43.353+0000] {dag.py:3441} INFO - Setting next_dagrun for example_branch_dop_operator_v3 to 2025-08-27T12:56:00+00:00, run_after=2025-08-27T12:57:00+00:00
[2025-08-27T12:57:43.360+0000] {processor.py:175} INFO - Processing /home/airflow/.local/lib/python3.7/site-packages/airflow/example_dags/example_branch_python_dop_operator_3.py took 0.042 seconds
[2025-08-27T13:27:11.190+0000] {processor.py:153} INFO - Started process (PID=22253) to work on /home/airflow/.local/lib/python3.7/site-packages/airflow/example_dags/example_branch_python_dop_operator_3.py
[2025-08-27T13:27:11.191+0000] {processor.py:743} INFO - Processing file /home/airflow/.local/lib/python3.7/site-packages/airflow/example_dags/example_branch_python_dop_operator_3.py for tasks to queue
[2025-08-27T13:27:11.191+0000] {logging_mixin.py:137} INFO - [2025-08-27T13:27:11.191+0000] {dagbag.py:538} INFO - Filling up the DagBag from /home/airflow/.local/lib/python3.7/site-packages/airflow/example_dags/example_branch_python_dop_operator_3.py
[2025-08-27T13:27:11.205+0000] {processor.py:753} INFO - DAG(s) dict_keys(['example_branch_dop_operator_v3']) retrieved from /home/airflow/.local/lib/python3.7/site-packages/airflow/example_dags/example_branch_python_dop_operator_3.py
[2025-08-27T13:27:11.219+0000] {logging_mixin.py:137} INFO - [2025-08-27T13:27:11.219+0000] {dag.py:2690} INFO - Sync 1 DAGs
[2025-08-27T13:27:11.235+0000] {logging_mixin.py:137} INFO - [2025-08-27T13:27:11.235+0000] {dag.py:3441} INFO - Setting next_dagrun for example_branch_dop_operator_v3 to 2025-08-27T13:26:00+00:00, run_after=2025-08-27T13:27:00+00:00
[2025-08-27T13:27:11.245+0000] {processor.py:175} INFO - Processing /home/airflow/.local/lib/python3.7/site-packages/airflow/example_dags/example_branch_python_dop_operator_3.py took 0.058 seconds
[2025-08-27T13:30:13.266+0000] {processor.py:153} INFO - Started process (PID=22333) to work on /home/airflow/.local/lib/python3.7/site-packages/airflow/example_dags/example_branch_python_dop_operator_3.py
[2025-08-27T13:30:13.267+0000] {processor.py:743} INFO - Processing file /home/airflow/.local/lib/python3.7/site-packages/airflow/example_dags/example_branch_python_dop_operator_3.py for tasks to queue
[2025-08-27T13:30:13.267+0000] {logging_mixin.py:137} INFO - [2025-08-27T13:30:13.267+0000] {dagbag.py:538} INFO - Filling up the DagBag from /home/airflow/.local/lib/python3.7/site-packages/airflow/example_dags/example_branch_python_dop_operator_3.py
[2025-08-27T13:30:13.286+0000] {processor.py:753} INFO - DAG(s) dict_keys(['example_branch_dop_operator_v3']) retrieved from /home/airflow/.local/lib/python3.7/site-packages/airflow/example_dags/example_branch_python_dop_operator_3.py
[2025-08-27T13:30:13.298+0000] {logging_mixin.py:137} INFO - [2025-08-27T13:30:13.298+0000] {dag.py:2690} INFO - Sync 1 DAGs
[2025-08-27T13:30:13.311+0000] {logging_mixin.py:137} INFO - [2025-08-27T13:30:13.311+0000] {dag.py:3441} INFO - Setting next_dagrun for example_branch_dop_operator_v3 to 2025-08-27T13:29:00+00:00, run_after=2025-08-27T13:30:00+00:00
[2025-08-27T13:30:13.319+0000] {processor.py:175} INFO - Processing /home/airflow/.local/lib/python3.7/site-packages/airflow/example_dags/example_branch_python_dop_operator_3.py took 0.058 seconds
[2025-08-27T13:37:07.352+0000] {processor.py:153} INFO - Started process (PID=22433) to work on /home/airflow/.local/lib/python3.7/site-packages/airflow/example_dags/example_branch_python_dop_operator_3.py
[2025-08-27T13:37:07.353+0000] {processor.py:743} INFO - Processing file /home/airflow/.local/lib/python3.7/site-packages/airflow/example_dags/example_branch_python_dop_operator_3.py for tasks to queue
[2025-08-27T13:37:07.353+0000] {logging_mixin.py:137} INFO - [2025-08-27T13:37:07.353+0000] {dagbag.py:538} INFO - Filling up the DagBag from /home/airflow/.local/lib/python3.7/site-packages/airflow/example_dags/example_branch_python_dop_operator_3.py
[2025-08-27T13:37:07.368+0000] {processor.py:753} INFO - DAG(s) dict_keys(['example_branch_dop_operator_v3']) retrieved from /home/airflow/.local/lib/python3.7/site-packages/airflow/example_dags/example_branch_python_dop_operator_3.py
[2025-08-27T13:37:07.383+0000] {logging_mixin.py:137} INFO - [2025-08-27T13:37:07.383+0000] {dag.py:2690} INFO - Sync 1 DAGs
[2025-08-27T13:37:07.401+0000] {logging_mixin.py:137} INFO - [2025-08-27T13:37:07.400+0000] {dag.py:3441} INFO - Setting next_dagrun for example_branch_dop_operator_v3 to 2025-08-27T13:36:00+00:00, run_after=2025-08-27T13:37:00+00:00
[2025-08-27T13:37:07.408+0000] {processor.py:175} INFO - Processing /home/airflow/.local/lib/python3.7/site-packages/airflow/example_dags/example_branch_python_dop_operator_3.py took 0.058 seconds
[2025-08-27T13:51:01.881+0000] {processor.py:153} INFO - Started process (PID=22533) to work on /home/airflow/.local/lib/python3.7/site-packages/airflow/example_dags/example_branch_python_dop_operator_3.py
[2025-08-27T13:51:01.881+0000] {processor.py:743} INFO - Processing file /home/airflow/.local/lib/python3.7/site-packages/airflow/example_dags/example_branch_python_dop_operator_3.py for tasks to queue
[2025-08-27T13:51:01.882+0000] {logging_mixin.py:137} INFO - [2025-08-27T13:51:01.882+0000] {dagbag.py:538} INFO - Filling up the DagBag from /home/airflow/.local/lib/python3.7/site-packages/airflow/example_dags/example_branch_python_dop_operator_3.py
[2025-08-27T13:51:01.891+0000] {processor.py:753} INFO - DAG(s) dict_keys(['example_branch_dop_operator_v3']) retrieved from /home/airflow/.local/lib/python3.7/site-packages/airflow/example_dags/example_branch_python_dop_operator_3.py
[2025-08-27T13:51:01.902+0000] {logging_mixin.py:137} INFO - [2025-08-27T13:51:01.901+0000] {dag.py:2690} INFO - Sync 1 DAGs
[2025-08-27T13:51:01.912+0000] {logging_mixin.py:137} INFO - [2025-08-27T13:51:01.912+0000] {dag.py:3441} INFO - Setting next_dagrun for example_branch_dop_operator_v3 to 2025-08-27T13:50:00+00:00, run_after=2025-08-27T13:51:00+00:00
[2025-08-27T13:51:01.919+0000] {processor.py:175} INFO - Processing /home/airflow/.local/lib/python3.7/site-packages/airflow/example_dags/example_branch_python_dop_operator_3.py took 0.040 seconds
[2025-08-27T14:01:06.592+0000] {processor.py:153} INFO - Started process (PID=22622) to work on /home/airflow/.local/lib/python3.7/site-packages/airflow/example_dags/example_branch_python_dop_operator_3.py
[2025-08-27T14:01:06.593+0000] {processor.py:743} INFO - Processing file /home/airflow/.local/lib/python3.7/site-packages/airflow/example_dags/example_branch_python_dop_operator_3.py for tasks to queue
[2025-08-27T14:01:06.593+0000] {logging_mixin.py:137} INFO - [2025-08-27T14:01:06.593+0000] {dagbag.py:538} INFO - Filling up the DagBag from /home/airflow/.local/lib/python3.7/site-packages/airflow/example_dags/example_branch_python_dop_operator_3.py
[2025-08-27T14:01:06.605+0000] {processor.py:753} INFO - DAG(s) dict_keys(['example_branch_dop_operator_v3']) retrieved from /home/airflow/.local/lib/python3.7/site-packages/airflow/example_dags/example_branch_python_dop_operator_3.py
[2025-08-27T14:01:06.618+0000] {logging_mixin.py:137} INFO - [2025-08-27T14:01:06.618+0000] {dag.py:2690} INFO - Sync 1 DAGs
[2025-08-27T14:01:06.637+0000] {logging_mixin.py:137} INFO - [2025-08-27T14:01:06.637+0000] {dag.py:3441} INFO - Setting next_dagrun for example_branch_dop_operator_v3 to 2025-08-27T14:00:00+00:00, run_after=2025-08-27T14:01:00+00:00
[2025-08-27T14:01:06.647+0000] {processor.py:175} INFO - Processing /home/airflow/.local/lib/python3.7/site-packages/airflow/example_dags/example_branch_python_dop_operator_3.py took 0.057 seconds
[2025-08-27T14:41:12.923+0000] {processor.py:153} INFO - Started process (PID=22713) to work on /home/airflow/.local/lib/python3.7/site-packages/airflow/example_dags/example_branch_python_dop_operator_3.py
[2025-08-27T14:41:12.925+0000] {processor.py:743} INFO - Processing file /home/airflow/.local/lib/python3.7/site-packages/airflow/example_dags/example_branch_python_dop_operator_3.py for tasks to queue
[2025-08-27T14:41:12.926+0000] {logging_mixin.py:137} INFO - [2025-08-27T14:41:12.926+0000] {dagbag.py:538} INFO - Filling up the DagBag from /home/airflow/.local/lib/python3.7/site-packages/airflow/example_dags/example_branch_python_dop_operator_3.py
[2025-08-27T14:41:12.938+0000] {processor.py:753} INFO - DAG(s) dict_keys(['example_branch_dop_operator_v3']) retrieved from /home/airflow/.local/lib/python3.7/site-packages/airflow/example_dags/example_branch_python_dop_operator_3.py
[2025-08-27T14:41:12.949+0000] {logging_mixin.py:137} INFO - [2025-08-27T14:41:12.949+0000] {dag.py:2690} INFO - Sync 1 DAGs
[2025-08-27T14:41:12.962+0000] {logging_mixin.py:137} INFO - [2025-08-27T14:41:12.961+0000] {dag.py:3441} INFO - Setting next_dagrun for example_branch_dop_operator_v3 to 2025-08-27T14:40:00+00:00, run_after=2025-08-27T14:41:00+00:00
[2025-08-27T14:41:12.970+0000] {processor.py:175} INFO - Processing /home/airflow/.local/lib/python3.7/site-packages/airflow/example_dags/example_branch_python_dop_operator_3.py took 0.048 seconds
[2025-08-27T14:43:54.909+0000] {processor.py:153} INFO - Started process (PID=22813) to work on /home/airflow/.local/lib/python3.7/site-packages/airflow/example_dags/example_branch_python_dop_operator_3.py
[2025-08-27T14:43:54.910+0000] {processor.py:743} INFO - Processing file /home/airflow/.local/lib/python3.7/site-packages/airflow/example_dags/example_branch_python_dop_operator_3.py for tasks to queue
[2025-08-27T14:43:54.910+0000] {logging_mixin.py:137} INFO - [2025-08-27T14:43:54.910+0000] {dagbag.py:538} INFO - Filling up the DagBag from /home/airflow/.local/lib/python3.7/site-packages/airflow/example_dags/example_branch_python_dop_operator_3.py
[2025-08-27T14:43:54.919+0000] {processor.py:753} INFO - DAG(s) dict_keys(['example_branch_dop_operator_v3']) retrieved from /home/airflow/.local/lib/python3.7/site-packages/airflow/example_dags/example_branch_python_dop_operator_3.py
[2025-08-27T14:43:54.930+0000] {logging_mixin.py:137} INFO - [2025-08-27T14:43:54.930+0000] {dag.py:2690} INFO - Sync 1 DAGs
[2025-08-27T14:43:54.942+0000] {logging_mixin.py:137} INFO - [2025-08-27T14:43:54.942+0000] {dag.py:3441} INFO - Setting next_dagrun for example_branch_dop_operator_v3 to 2025-08-27T14:42:00+00:00, run_after=2025-08-27T14:43:00+00:00
[2025-08-27T14:43:54.949+0000] {processor.py:175} INFO - Processing /home/airflow/.local/lib/python3.7/site-packages/airflow/example_dags/example_branch_python_dop_operator_3.py took 0.041 seconds
[2025-08-27T14:54:32.053+0000] {processor.py:153} INFO - Started process (PID=22913) to work on /home/airflow/.local/lib/python3.7/site-packages/airflow/example_dags/example_branch_python_dop_operator_3.py
[2025-08-27T14:54:32.054+0000] {processor.py:743} INFO - Processing file /home/airflow/.local/lib/python3.7/site-packages/airflow/example_dags/example_branch_python_dop_operator_3.py for tasks to queue
[2025-08-27T14:54:32.055+0000] {logging_mixin.py:137} INFO - [2025-08-27T14:54:32.055+0000] {dagbag.py:538} INFO - Filling up the DagBag from /home/airflow/.local/lib/python3.7/site-packages/airflow/example_dags/example_branch_python_dop_operator_3.py
[2025-08-27T14:54:32.069+0000] {processor.py:753} INFO - DAG(s) dict_keys(['example_branch_dop_operator_v3']) retrieved from /home/airflow/.local/lib/python3.7/site-packages/airflow/example_dags/example_branch_python_dop_operator_3.py
[2025-08-27T14:54:32.082+0000] {logging_mixin.py:137} INFO - [2025-08-27T14:54:32.082+0000] {dag.py:2690} INFO - Sync 1 DAGs
[2025-08-27T14:54:32.094+0000] {logging_mixin.py:137} INFO - [2025-08-27T14:54:32.094+0000] {dag.py:3441} INFO - Setting next_dagrun for example_branch_dop_operator_v3 to 2025-08-27T14:53:00+00:00, run_after=2025-08-27T14:54:00+00:00
[2025-08-27T14:54:32.102+0000] {processor.py:175} INFO - Processing /home/airflow/.local/lib/python3.7/site-packages/airflow/example_dags/example_branch_python_dop_operator_3.py took 0.051 seconds
[2025-08-27T15:01:39.649+0000] {processor.py:153} INFO - Started process (PID=22993) to work on /home/airflow/.local/lib/python3.7/site-packages/airflow/example_dags/example_branch_python_dop_operator_3.py
[2025-08-27T15:01:39.650+0000] {processor.py:743} INFO - Processing file /home/airflow/.local/lib/python3.7/site-packages/airflow/example_dags/example_branch_python_dop_operator_3.py for tasks to queue
[2025-08-27T15:01:39.653+0000] {logging_mixin.py:137} INFO - [2025-08-27T15:01:39.653+0000] {dagbag.py:538} INFO - Filling up the DagBag from /home/airflow/.local/lib/python3.7/site-packages/airflow/example_dags/example_branch_python_dop_operator_3.py
[2025-08-27T15:01:39.664+0000] {processor.py:753} INFO - DAG(s) dict_keys(['example_branch_dop_operator_v3']) retrieved from /home/airflow/.local/lib/python3.7/site-packages/airflow/example_dags/example_branch_python_dop_operator_3.py
[2025-08-27T15:01:39.675+0000] {logging_mixin.py:137} INFO - [2025-08-27T15:01:39.675+0000] {dag.py:2690} INFO - Sync 1 DAGs
[2025-08-27T15:01:39.686+0000] {logging_mixin.py:137} INFO - [2025-08-27T15:01:39.686+0000] {dag.py:3441} INFO - Setting next_dagrun for example_branch_dop_operator_v3 to 2025-08-27T15:00:00+00:00, run_after=2025-08-27T15:01:00+00:00
[2025-08-27T15:01:39.694+0000] {processor.py:175} INFO - Processing /home/airflow/.local/lib/python3.7/site-packages/airflow/example_dags/example_branch_python_dop_operator_3.py took 0.046 seconds
[2025-08-27T15:08:10.207+0000] {processor.py:153} INFO - Started process (PID=23093) to work on /home/airflow/.local/lib/python3.7/site-packages/airflow/example_dags/example_branch_python_dop_operator_3.py
[2025-08-27T15:08:10.208+0000] {processor.py:743} INFO - Processing file /home/airflow/.local/lib/python3.7/site-packages/airflow/example_dags/example_branch_python_dop_operator_3.py for tasks to queue
[2025-08-27T15:08:10.208+0000] {logging_mixin.py:137} INFO - [2025-08-27T15:08:10.208+0000] {dagbag.py:538} INFO - Filling up the DagBag from /home/airflow/.local/lib/python3.7/site-packages/airflow/example_dags/example_branch_python_dop_operator_3.py
[2025-08-27T15:08:10.223+0000] {processor.py:753} INFO - DAG(s) dict_keys(['example_branch_dop_operator_v3']) retrieved from /home/airflow/.local/lib/python3.7/site-packages/airflow/example_dags/example_branch_python_dop_operator_3.py
[2025-08-27T15:08:10.235+0000] {logging_mixin.py:137} INFO - [2025-08-27T15:08:10.235+0000] {dag.py:2690} INFO - Sync 1 DAGs
[2025-08-27T15:08:10.249+0000] {logging_mixin.py:137} INFO - [2025-08-27T15:08:10.249+0000] {dag.py:3441} INFO - Setting next_dagrun for example_branch_dop_operator_v3 to 2025-08-27T15:07:00+00:00, run_after=2025-08-27T15:08:00+00:00
[2025-08-27T15:08:10.256+0000] {processor.py:175} INFO - Processing /home/airflow/.local/lib/python3.7/site-packages/airflow/example_dags/example_branch_python_dop_operator_3.py took 0.051 seconds
[2025-08-27T15:18:52.820+0000] {processor.py:153} INFO - Started process (PID=23193) to work on /home/airflow/.local/lib/python3.7/site-packages/airflow/example_dags/example_branch_python_dop_operator_3.py
[2025-08-27T15:18:52.820+0000] {processor.py:743} INFO - Processing file /home/airflow/.local/lib/python3.7/site-packages/airflow/example_dags/example_branch_python_dop_operator_3.py for tasks to queue
[2025-08-27T15:18:52.821+0000] {logging_mixin.py:137} INFO - [2025-08-27T15:18:52.821+0000] {dagbag.py:538} INFO - Filling up the DagBag from /home/airflow/.local/lib/python3.7/site-packages/airflow/example_dags/example_branch_python_dop_operator_3.py
[2025-08-27T15:18:52.837+0000] {processor.py:753} INFO - DAG(s) dict_keys(['example_branch_dop_operator_v3']) retrieved from /home/airflow/.local/lib/python3.7/site-packages/airflow/example_dags/example_branch_python_dop_operator_3.py
[2025-08-27T15:18:52.855+0000] {logging_mixin.py:137} INFO - [2025-08-27T15:18:52.855+0000] {dag.py:2690} INFO - Sync 1 DAGs
[2025-08-27T15:18:52.873+0000] {logging_mixin.py:137} INFO - [2025-08-27T15:18:52.873+0000] {dag.py:3441} INFO - Setting next_dagrun for example_branch_dop_operator_v3 to 2025-08-27T15:17:00+00:00, run_after=2025-08-27T15:18:00+00:00
[2025-08-27T15:18:52.886+0000] {processor.py:175} INFO - Processing /home/airflow/.local/lib/python3.7/site-packages/airflow/example_dags/example_branch_python_dop_operator_3.py took 0.069 seconds
[2025-08-27T15:19:37.184+0000] {processor.py:153} INFO - Started process (PID=23273) to work on /home/airflow/.local/lib/python3.7/site-packages/airflow/example_dags/example_branch_python_dop_operator_3.py
[2025-08-27T15:19:37.185+0000] {processor.py:743} INFO - Processing file /home/airflow/.local/lib/python3.7/site-packages/airflow/example_dags/example_branch_python_dop_operator_3.py for tasks to queue
[2025-08-27T15:19:37.185+0000] {logging_mixin.py:137} INFO - [2025-08-27T15:19:37.185+0000] {dagbag.py:538} INFO - Filling up the DagBag from /home/airflow/.local/lib/python3.7/site-packages/airflow/example_dags/example_branch_python_dop_operator_3.py
[2025-08-27T15:19:37.195+0000] {processor.py:753} INFO - DAG(s) dict_keys(['example_branch_dop_operator_v3']) retrieved from /home/airflow/.local/lib/python3.7/site-packages/airflow/example_dags/example_branch_python_dop_operator_3.py
[2025-08-27T15:19:37.206+0000] {logging_mixin.py:137} INFO - [2025-08-27T15:19:37.206+0000] {dag.py:2690} INFO - Sync 1 DAGs
[2025-08-27T15:19:37.217+0000] {logging_mixin.py:137} INFO - [2025-08-27T15:19:37.217+0000] {dag.py:3441} INFO - Setting next_dagrun for example_branch_dop_operator_v3 to 2025-08-27T15:18:00+00:00, run_after=2025-08-27T15:19:00+00:00
[2025-08-27T15:19:37.223+0000] {processor.py:175} INFO - Processing /home/airflow/.local/lib/python3.7/site-packages/airflow/example_dags/example_branch_python_dop_operator_3.py took 0.041 seconds
[2025-08-27T15:21:53.227+0000] {processor.py:153} INFO - Started process (PID=23373) to work on /home/airflow/.local/lib/python3.7/site-packages/airflow/example_dags/example_branch_python_dop_operator_3.py
[2025-08-27T15:21:53.228+0000] {processor.py:743} INFO - Processing file /home/airflow/.local/lib/python3.7/site-packages/airflow/example_dags/example_branch_python_dop_operator_3.py for tasks to queue
[2025-08-27T15:21:53.228+0000] {logging_mixin.py:137} INFO - [2025-08-27T15:21:53.228+0000] {dagbag.py:538} INFO - Filling up the DagBag from /home/airflow/.local/lib/python3.7/site-packages/airflow/example_dags/example_branch_python_dop_operator_3.py
[2025-08-27T15:21:53.237+0000] {processor.py:753} INFO - DAG(s) dict_keys(['example_branch_dop_operator_v3']) retrieved from /home/airflow/.local/lib/python3.7/site-packages/airflow/example_dags/example_branch_python_dop_operator_3.py
[2025-08-27T15:21:53.247+0000] {logging_mixin.py:137} INFO - [2025-08-27T15:21:53.247+0000] {dag.py:2690} INFO - Sync 1 DAGs
[2025-08-27T15:21:53.259+0000] {logging_mixin.py:137} INFO - [2025-08-27T15:21:53.259+0000] {dag.py:3441} INFO - Setting next_dagrun for example_branch_dop_operator_v3 to 2025-08-27T15:20:00+00:00, run_after=2025-08-27T15:21:00+00:00
[2025-08-27T15:21:53.266+0000] {processor.py:175} INFO - Processing /home/airflow/.local/lib/python3.7/site-packages/airflow/example_dags/example_branch_python_dop_operator_3.py took 0.040 seconds
[2025-08-27T15:25:59.462+0000] {processor.py:153} INFO - Started process (PID=23473) to work on /home/airflow/.local/lib/python3.7/site-packages/airflow/example_dags/example_branch_python_dop_operator_3.py
[2025-08-27T15:25:59.463+0000] {processor.py:743} INFO - Processing file /home/airflow/.local/lib/python3.7/site-packages/airflow/example_dags/example_branch_python_dop_operator_3.py for tasks to queue
[2025-08-27T15:25:59.463+0000] {logging_mixin.py:137} INFO - [2025-08-27T15:25:59.463+0000] {dagbag.py:538} INFO - Filling up the DagBag from /home/airflow/.local/lib/python3.7/site-packages/airflow/example_dags/example_branch_python_dop_operator_3.py
[2025-08-27T15:25:59.474+0000] {processor.py:753} INFO - DAG(s) dict_keys(['example_branch_dop_operator_v3']) retrieved from /home/airflow/.local/lib/python3.7/site-packages/airflow/example_dags/example_branch_python_dop_operator_3.py
[2025-08-27T15:25:59.487+0000] {logging_mixin.py:137} INFO - [2025-08-27T15:25:59.487+0000] {dag.py:2690} INFO - Sync 1 DAGs
[2025-08-27T15:25:59.499+0000] {logging_mixin.py:137} INFO - [2025-08-27T15:25:59.499+0000] {dag.py:3441} INFO - Setting next_dagrun for example_branch_dop_operator_v3 to 2025-08-27T15:24:00+00:00, run_after=2025-08-27T15:25:00+00:00
[2025-08-27T15:25:59.507+0000] {processor.py:175} INFO - Processing /home/airflow/.local/lib/python3.7/site-packages/airflow/example_dags/example_branch_python_dop_operator_3.py took 0.047 seconds
[2025-08-27T16:00:40.649+0000] {processor.py:153} INFO - Started process (PID=23573) to work on /home/airflow/.local/lib/python3.7/site-packages/airflow/example_dags/example_branch_python_dop_operator_3.py
[2025-08-27T16:00:40.651+0000] {processor.py:743} INFO - Processing file /home/airflow/.local/lib/python3.7/site-packages/airflow/example_dags/example_branch_python_dop_operator_3.py for tasks to queue
[2025-08-27T16:00:40.651+0000] {logging_mixin.py:137} INFO - [2025-08-27T16:00:40.651+0000] {dagbag.py:538} INFO - Filling up the DagBag from /home/airflow/.local/lib/python3.7/site-packages/airflow/example_dags/example_branch_python_dop_operator_3.py
[2025-08-27T16:00:40.661+0000] {processor.py:753} INFO - DAG(s) dict_keys(['example_branch_dop_operator_v3']) retrieved from /home/airflow/.local/lib/python3.7/site-packages/airflow/example_dags/example_branch_python_dop_operator_3.py
[2025-08-27T16:00:40.675+0000] {logging_mixin.py:137} INFO - [2025-08-27T16:00:40.675+0000] {dag.py:2690} INFO - Sync 1 DAGs
[2025-08-27T16:00:40.686+0000] {logging_mixin.py:137} INFO - [2025-08-27T16:00:40.686+0000] {dag.py:3441} INFO - Setting next_dagrun for example_branch_dop_operator_v3 to 2025-08-27T15:59:00+00:00, run_after=2025-08-27T16:00:00+00:00
[2025-08-27T16:00:40.697+0000] {processor.py:175} INFO - Processing /home/airflow/.local/lib/python3.7/site-packages/airflow/example_dags/example_branch_python_dop_operator_3.py took 0.049 seconds
[2025-08-27T16:14:53.395+0000] {processor.py:153} INFO - Started process (PID=23653) to work on /home/airflow/.local/lib/python3.7/site-packages/airflow/example_dags/example_branch_python_dop_operator_3.py
[2025-08-27T16:14:53.396+0000] {processor.py:743} INFO - Processing file /home/airflow/.local/lib/python3.7/site-packages/airflow/example_dags/example_branch_python_dop_operator_3.py for tasks to queue
[2025-08-27T16:14:53.396+0000] {logging_mixin.py:137} INFO - [2025-08-27T16:14:53.396+0000] {dagbag.py:538} INFO - Filling up the DagBag from /home/airflow/.local/lib/python3.7/site-packages/airflow/example_dags/example_branch_python_dop_operator_3.py
[2025-08-27T16:14:53.406+0000] {processor.py:753} INFO - DAG(s) dict_keys(['example_branch_dop_operator_v3']) retrieved from /home/airflow/.local/lib/python3.7/site-packages/airflow/example_dags/example_branch_python_dop_operator_3.py
[2025-08-27T16:14:53.417+0000] {logging_mixin.py:137} INFO - [2025-08-27T16:14:53.417+0000] {dag.py:2690} INFO - Sync 1 DAGs
[2025-08-27T16:14:53.429+0000] {logging_mixin.py:137} INFO - [2025-08-27T16:14:53.429+0000] {dag.py:3441} INFO - Setting next_dagrun for example_branch_dop_operator_v3 to 2025-08-27T16:13:00+00:00, run_after=2025-08-27T16:14:00+00:00
[2025-08-27T16:14:53.436+0000] {processor.py:175} INFO - Processing /home/airflow/.local/lib/python3.7/site-packages/airflow/example_dags/example_branch_python_dop_operator_3.py took 0.042 seconds
[2025-08-27T16:23:10.742+0000] {processor.py:153} INFO - Started process (PID=23753) to work on /home/airflow/.local/lib/python3.7/site-packages/airflow/example_dags/example_branch_python_dop_operator_3.py
[2025-08-27T16:23:10.743+0000] {processor.py:743} INFO - Processing file /home/airflow/.local/lib/python3.7/site-packages/airflow/example_dags/example_branch_python_dop_operator_3.py for tasks to queue
[2025-08-27T16:23:10.743+0000] {logging_mixin.py:137} INFO - [2025-08-27T16:23:10.743+0000] {dagbag.py:538} INFO - Filling up the DagBag from /home/airflow/.local/lib/python3.7/site-packages/airflow/example_dags/example_branch_python_dop_operator_3.py
[2025-08-27T16:23:10.753+0000] {processor.py:753} INFO - DAG(s) dict_keys(['example_branch_dop_operator_v3']) retrieved from /home/airflow/.local/lib/python3.7/site-packages/airflow/example_dags/example_branch_python_dop_operator_3.py
[2025-08-27T16:23:10.764+0000] {logging_mixin.py:137} INFO - [2025-08-27T16:23:10.764+0000] {dag.py:2690} INFO - Sync 1 DAGs
[2025-08-27T16:23:10.778+0000] {logging_mixin.py:137} INFO - [2025-08-27T16:23:10.778+0000] {dag.py:3441} INFO - Setting next_dagrun for example_branch_dop_operator_v3 to 2025-08-27T16:22:00+00:00, run_after=2025-08-27T16:23:00+00:00
[2025-08-27T16:23:10.786+0000] {processor.py:175} INFO - Processing /home/airflow/.local/lib/python3.7/site-packages/airflow/example_dags/example_branch_python_dop_operator_3.py took 0.046 seconds
[2025-08-27T16:24:54.346+0000] {processor.py:153} INFO - Started process (PID=23853) to work on /home/airflow/.local/lib/python3.7/site-packages/airflow/example_dags/example_branch_python_dop_operator_3.py
[2025-08-27T16:24:54.347+0000] {processor.py:743} INFO - Processing file /home/airflow/.local/lib/python3.7/site-packages/airflow/example_dags/example_branch_python_dop_operator_3.py for tasks to queue
[2025-08-27T16:24:54.347+0000] {logging_mixin.py:137} INFO - [2025-08-27T16:24:54.347+0000] {dagbag.py:538} INFO - Filling up the DagBag from /home/airflow/.local/lib/python3.7/site-packages/airflow/example_dags/example_branch_python_dop_operator_3.py
[2025-08-27T16:24:54.360+0000] {processor.py:753} INFO - DAG(s) dict_keys(['example_branch_dop_operator_v3']) retrieved from /home/airflow/.local/lib/python3.7/site-packages/airflow/example_dags/example_branch_python_dop_operator_3.py
[2025-08-27T16:24:54.373+0000] {logging_mixin.py:137} INFO - [2025-08-27T16:24:54.372+0000] {dag.py:2690} INFO - Sync 1 DAGs
[2025-08-27T16:24:54.385+0000] {logging_mixin.py:137} INFO - [2025-08-27T16:24:54.385+0000] {dag.py:3441} INFO - Setting next_dagrun for example_branch_dop_operator_v3 to 2025-08-27T16:23:00+00:00, run_after=2025-08-27T16:24:00+00:00
[2025-08-27T16:24:54.397+0000] {processor.py:175} INFO - Processing /home/airflow/.local/lib/python3.7/site-packages/airflow/example_dags/example_branch_python_dop_operator_3.py took 0.053 seconds
[2025-08-27T16:30:08.003+0000] {processor.py:153} INFO - Started process (PID=23953) to work on /home/airflow/.local/lib/python3.7/site-packages/airflow/example_dags/example_branch_python_dop_operator_3.py
[2025-08-27T16:30:08.003+0000] {processor.py:743} INFO - Processing file /home/airflow/.local/lib/python3.7/site-packages/airflow/example_dags/example_branch_python_dop_operator_3.py for tasks to queue
[2025-08-27T16:30:08.004+0000] {logging_mixin.py:137} INFO - [2025-08-27T16:30:08.004+0000] {dagbag.py:538} INFO - Filling up the DagBag from /home/airflow/.local/lib/python3.7/site-packages/airflow/example_dags/example_branch_python_dop_operator_3.py
[2025-08-27T16:30:08.017+0000] {processor.py:753} INFO - DAG(s) dict_keys(['example_branch_dop_operator_v3']) retrieved from /home/airflow/.local/lib/python3.7/site-packages/airflow/example_dags/example_branch_python_dop_operator_3.py
[2025-08-27T16:30:08.034+0000] {logging_mixin.py:137} INFO - [2025-08-27T16:30:08.034+0000] {dag.py:2690} INFO - Sync 1 DAGs
[2025-08-27T16:30:08.048+0000] {logging_mixin.py:137} INFO - [2025-08-27T16:30:08.048+0000] {dag.py:3441} INFO - Setting next_dagrun for example_branch_dop_operator_v3 to 2025-08-27T16:29:00+00:00, run_after=2025-08-27T16:30:00+00:00
[2025-08-27T16:30:08.060+0000] {processor.py:175} INFO - Processing /home/airflow/.local/lib/python3.7/site-packages/airflow/example_dags/example_branch_python_dop_operator_3.py took 0.059 seconds
[2025-08-27T16:44:03.369+0000] {processor.py:153} INFO - Started process (PID=24033) to work on /home/airflow/.local/lib/python3.7/site-packages/airflow/example_dags/example_branch_python_dop_operator_3.py
[2025-08-27T16:44:03.370+0000] {processor.py:743} INFO - Processing file /home/airflow/.local/lib/python3.7/site-packages/airflow/example_dags/example_branch_python_dop_operator_3.py for tasks to queue
[2025-08-27T16:44:03.371+0000] {logging_mixin.py:137} INFO - [2025-08-27T16:44:03.371+0000] {dagbag.py:538} INFO - Filling up the DagBag from /home/airflow/.local/lib/python3.7/site-packages/airflow/example_dags/example_branch_python_dop_operator_3.py
[2025-08-27T16:44:03.383+0000] {processor.py:753} INFO - DAG(s) dict_keys(['example_branch_dop_operator_v3']) retrieved from /home/airflow/.local/lib/python3.7/site-packages/airflow/example_dags/example_branch_python_dop_operator_3.py
[2025-08-27T16:44:03.393+0000] {logging_mixin.py:137} INFO - [2025-08-27T16:44:03.393+0000] {dag.py:2690} INFO - Sync 1 DAGs
[2025-08-27T16:44:03.408+0000] {logging_mixin.py:137} INFO - [2025-08-27T16:44:03.408+0000] {dag.py:3441} INFO - Setting next_dagrun for example_branch_dop_operator_v3 to 2025-08-27T16:43:00+00:00, run_after=2025-08-27T16:44:00+00:00
[2025-08-27T16:44:03.416+0000] {processor.py:175} INFO - Processing /home/airflow/.local/lib/python3.7/site-packages/airflow/example_dags/example_branch_python_dop_operator_3.py took 0.048 seconds
[2025-08-27T18:19:17.839+0000] {processor.py:153} INFO - Started process (PID=24133) to work on /home/airflow/.local/lib/python3.7/site-packages/airflow/example_dags/example_branch_python_dop_operator_3.py
[2025-08-27T18:19:17.842+0000] {processor.py:743} INFO - Processing file /home/airflow/.local/lib/python3.7/site-packages/airflow/example_dags/example_branch_python_dop_operator_3.py for tasks to queue
[2025-08-27T18:19:17.842+0000] {logging_mixin.py:137} INFO - [2025-08-27T18:19:17.842+0000] {dagbag.py:538} INFO - Filling up the DagBag from /home/airflow/.local/lib/python3.7/site-packages/airflow/example_dags/example_branch_python_dop_operator_3.py
[2025-08-27T18:19:17.852+0000] {processor.py:753} INFO - DAG(s) dict_keys(['example_branch_dop_operator_v3']) retrieved from /home/airflow/.local/lib/python3.7/site-packages/airflow/example_dags/example_branch_python_dop_operator_3.py
[2025-08-27T18:19:17.864+0000] {logging_mixin.py:137} INFO - [2025-08-27T18:19:17.864+0000] {dag.py:2690} INFO - Sync 1 DAGs
[2025-08-27T18:19:17.876+0000] {logging_mixin.py:137} INFO - [2025-08-27T18:19:17.876+0000] {dag.py:3441} INFO - Setting next_dagrun for example_branch_dop_operator_v3 to 2025-08-27T18:18:00+00:00, run_after=2025-08-27T18:19:00+00:00
[2025-08-27T18:19:17.887+0000] {processor.py:175} INFO - Processing /home/airflow/.local/lib/python3.7/site-packages/airflow/example_dags/example_branch_python_dop_operator_3.py took 0.050 seconds
[2025-08-27T19:39:50.431+0000] {processor.py:153} INFO - Started process (PID=24233) to work on /home/airflow/.local/lib/python3.7/site-packages/airflow/example_dags/example_branch_python_dop_operator_3.py
[2025-08-27T19:39:50.431+0000] {processor.py:743} INFO - Processing file /home/airflow/.local/lib/python3.7/site-packages/airflow/example_dags/example_branch_python_dop_operator_3.py for tasks to queue
[2025-08-27T19:39:50.431+0000] {logging_mixin.py:137} INFO - [2025-08-27T19:39:50.431+0000] {dagbag.py:538} INFO - Filling up the DagBag from /home/airflow/.local/lib/python3.7/site-packages/airflow/example_dags/example_branch_python_dop_operator_3.py
[2025-08-27T19:39:50.442+0000] {processor.py:753} INFO - DAG(s) dict_keys(['example_branch_dop_operator_v3']) retrieved from /home/airflow/.local/lib/python3.7/site-packages/airflow/example_dags/example_branch_python_dop_operator_3.py
[2025-08-27T19:39:50.452+0000] {logging_mixin.py:137} INFO - [2025-08-27T19:39:50.452+0000] {dag.py:2690} INFO - Sync 1 DAGs
[2025-08-27T19:39:50.463+0000] {logging_mixin.py:137} INFO - [2025-08-27T19:39:50.463+0000] {dag.py:3441} INFO - Setting next_dagrun for example_branch_dop_operator_v3 to 2025-08-27T19:38:00+00:00, run_after=2025-08-27T19:39:00+00:00
[2025-08-27T19:39:50.471+0000] {processor.py:175} INFO - Processing /home/airflow/.local/lib/python3.7/site-packages/airflow/example_dags/example_branch_python_dop_operator_3.py took 0.042 seconds
[2025-08-27T21:01:25.351+0000] {processor.py:153} INFO - Started process (PID=24313) to work on /home/airflow/.local/lib/python3.7/site-packages/airflow/example_dags/example_branch_python_dop_operator_3.py
[2025-08-27T21:01:25.352+0000] {processor.py:743} INFO - Processing file /home/airflow/.local/lib/python3.7/site-packages/airflow/example_dags/example_branch_python_dop_operator_3.py for tasks to queue
[2025-08-27T21:01:25.352+0000] {logging_mixin.py:137} INFO - [2025-08-27T21:01:25.352+0000] {dagbag.py:538} INFO - Filling up the DagBag from /home/airflow/.local/lib/python3.7/site-packages/airflow/example_dags/example_branch_python_dop_operator_3.py
[2025-08-27T21:01:25.360+0000] {processor.py:753} INFO - DAG(s) dict_keys(['example_branch_dop_operator_v3']) retrieved from /home/airflow/.local/lib/python3.7/site-packages/airflow/example_dags/example_branch_python_dop_operator_3.py
[2025-08-27T21:01:25.371+0000] {logging_mixin.py:137} INFO - [2025-08-27T21:01:25.371+0000] {dag.py:2690} INFO - Sync 1 DAGs
[2025-08-27T21:01:25.384+0000] {logging_mixin.py:137} INFO - [2025-08-27T21:01:25.384+0000] {dag.py:3441} INFO - Setting next_dagrun for example_branch_dop_operator_v3 to 2025-08-27T21:00:00+00:00, run_after=2025-08-27T21:01:00+00:00
[2025-08-27T21:01:25.391+0000] {processor.py:175} INFO - Processing /home/airflow/.local/lib/python3.7/site-packages/airflow/example_dags/example_branch_python_dop_operator_3.py took 0.042 seconds
[2025-08-27T21:51:50.371+0000] {processor.py:153} INFO - Started process (PID=24413) to work on /home/airflow/.local/lib/python3.7/site-packages/airflow/example_dags/example_branch_python_dop_operator_3.py
[2025-08-27T21:51:50.371+0000] {processor.py:743} INFO - Processing file /home/airflow/.local/lib/python3.7/site-packages/airflow/example_dags/example_branch_python_dop_operator_3.py for tasks to queue
[2025-08-27T21:51:50.372+0000] {logging_mixin.py:137} INFO - [2025-08-27T21:51:50.372+0000] {dagbag.py:538} INFO - Filling up the DagBag from /home/airflow/.local/lib/python3.7/site-packages/airflow/example_dags/example_branch_python_dop_operator_3.py
[2025-08-27T21:51:50.381+0000] {processor.py:753} INFO - DAG(s) dict_keys(['example_branch_dop_operator_v3']) retrieved from /home/airflow/.local/lib/python3.7/site-packages/airflow/example_dags/example_branch_python_dop_operator_3.py
[2025-08-27T21:51:50.393+0000] {logging_mixin.py:137} INFO - [2025-08-27T21:51:50.392+0000] {dag.py:2690} INFO - Sync 1 DAGs
[2025-08-27T21:51:50.406+0000] {logging_mixin.py:137} INFO - [2025-08-27T21:51:50.406+0000] {dag.py:3441} INFO - Setting next_dagrun for example_branch_dop_operator_v3 to 2025-08-27T21:50:00+00:00, run_after=2025-08-27T21:51:00+00:00
[2025-08-27T21:51:50.413+0000] {processor.py:175} INFO - Processing /home/airflow/.local/lib/python3.7/site-packages/airflow/example_dags/example_branch_python_dop_operator_3.py took 0.044 seconds
[2025-08-27T23:29:06.285+0000] {processor.py:153} INFO - Started process (PID=24513) to work on /home/airflow/.local/lib/python3.7/site-packages/airflow/example_dags/example_branch_python_dop_operator_3.py
[2025-08-27T23:29:06.285+0000] {processor.py:743} INFO - Processing file /home/airflow/.local/lib/python3.7/site-packages/airflow/example_dags/example_branch_python_dop_operator_3.py for tasks to queue
[2025-08-27T23:29:06.286+0000] {logging_mixin.py:137} INFO - [2025-08-27T23:29:06.286+0000] {dagbag.py:538} INFO - Filling up the DagBag from /home/airflow/.local/lib/python3.7/site-packages/airflow/example_dags/example_branch_python_dop_operator_3.py
[2025-08-27T23:29:06.297+0000] {processor.py:753} INFO - DAG(s) dict_keys(['example_branch_dop_operator_v3']) retrieved from /home/airflow/.local/lib/python3.7/site-packages/airflow/example_dags/example_branch_python_dop_operator_3.py
[2025-08-27T23:29:06.310+0000] {logging_mixin.py:137} INFO - [2025-08-27T23:29:06.310+0000] {dag.py:2690} INFO - Sync 1 DAGs
[2025-08-27T23:29:06.324+0000] {logging_mixin.py:137} INFO - [2025-08-27T23:29:06.324+0000] {dag.py:3441} INFO - Setting next_dagrun for example_branch_dop_operator_v3 to 2025-08-27T23:28:00+00:00, run_after=2025-08-27T23:29:00+00:00
[2025-08-27T23:29:06.336+0000] {processor.py:175} INFO - Processing /home/airflow/.local/lib/python3.7/site-packages/airflow/example_dags/example_branch_python_dop_operator_3.py took 0.052 seconds
