[2025-08-27T00:46:29.990+0000] {processor.py:153} INFO - Started process (PID=19513) to work on /home/airflow/.local/lib/python3.7/site-packages/airflow/example_dags/example_trigger_target_dag.py
[2025-08-27T00:46:29.991+0000] {processor.py:743} INFO - Processing file /home/airflow/.local/lib/python3.7/site-packages/airflow/example_dags/example_trigger_target_dag.py for tasks to queue
[2025-08-27T00:46:29.992+0000] {logging_mixin.py:137} INFO - [2025-08-27T00:46:29.992+0000] {dagbag.py:538} INFO - Filling up the DagBag from /home/airflow/.local/lib/python3.7/site-packages/airflow/example_dags/example_trigger_target_dag.py
[2025-08-27T00:46:30.004+0000] {processor.py:753} INFO - DAG(s) dict_keys(['example_trigger_target_dag']) retrieved from /home/airflow/.local/lib/python3.7/site-packages/airflow/example_dags/example_trigger_target_dag.py
[2025-08-27T00:46:30.019+0000] {logging_mixin.py:137} INFO - [2025-08-27T00:46:30.019+0000] {dag.py:2690} INFO - Sync 1 DAGs
[2025-08-27T00:46:30.030+0000] {logging_mixin.py:137} INFO - [2025-08-27T00:46:30.030+0000] {dag.py:3441} INFO - Setting next_dagrun for example_trigger_target_dag to None, run_after=None
[2025-08-27T00:46:30.039+0000] {processor.py:175} INFO - Processing /home/airflow/.local/lib/python3.7/site-packages/airflow/example_dags/example_trigger_target_dag.py took 0.051 seconds
[2025-08-27T02:21:51.735+0000] {processor.py:153} INFO - Started process (PID=19593) to work on /home/airflow/.local/lib/python3.7/site-packages/airflow/example_dags/example_trigger_target_dag.py
[2025-08-27T02:21:51.736+0000] {processor.py:743} INFO - Processing file /home/airflow/.local/lib/python3.7/site-packages/airflow/example_dags/example_trigger_target_dag.py for tasks to queue
[2025-08-27T02:21:51.736+0000] {logging_mixin.py:137} INFO - [2025-08-27T02:21:51.736+0000] {dagbag.py:538} INFO - Filling up the DagBag from /home/airflow/.local/lib/python3.7/site-packages/airflow/example_dags/example_trigger_target_dag.py
[2025-08-27T02:21:51.745+0000] {processor.py:753} INFO - DAG(s) dict_keys(['example_trigger_target_dag']) retrieved from /home/airflow/.local/lib/python3.7/site-packages/airflow/example_dags/example_trigger_target_dag.py
[2025-08-27T02:21:51.756+0000] {logging_mixin.py:137} INFO - [2025-08-27T02:21:51.756+0000] {dag.py:2690} INFO - Sync 1 DAGs
[2025-08-27T02:21:51.765+0000] {logging_mixin.py:137} INFO - [2025-08-27T02:21:51.765+0000] {dag.py:3441} INFO - Setting next_dagrun for example_trigger_target_dag to None, run_after=None
[2025-08-27T02:21:51.772+0000] {processor.py:175} INFO - Processing /home/airflow/.local/lib/python3.7/site-packages/airflow/example_dags/example_trigger_target_dag.py took 0.039 seconds
[2025-08-27T02:37:30.627+0000] {processor.py:153} INFO - Started process (PID=19693) to work on /home/airflow/.local/lib/python3.7/site-packages/airflow/example_dags/example_trigger_target_dag.py
[2025-08-27T02:37:30.627+0000] {processor.py:743} INFO - Processing file /home/airflow/.local/lib/python3.7/site-packages/airflow/example_dags/example_trigger_target_dag.py for tasks to queue
[2025-08-27T02:37:30.627+0000] {logging_mixin.py:137} INFO - [2025-08-27T02:37:30.627+0000] {dagbag.py:538} INFO - Filling up the DagBag from /home/airflow/.local/lib/python3.7/site-packages/airflow/example_dags/example_trigger_target_dag.py
[2025-08-27T02:37:30.639+0000] {processor.py:753} INFO - DAG(s) dict_keys(['example_trigger_target_dag']) retrieved from /home/airflow/.local/lib/python3.7/site-packages/airflow/example_dags/example_trigger_target_dag.py
[2025-08-27T02:37:30.655+0000] {logging_mixin.py:137} INFO - [2025-08-27T02:37:30.655+0000] {dag.py:2690} INFO - Sync 1 DAGs
[2025-08-27T02:37:30.666+0000] {logging_mixin.py:137} INFO - [2025-08-27T02:37:30.666+0000] {dag.py:3441} INFO - Setting next_dagrun for example_trigger_target_dag to None, run_after=None
[2025-08-27T02:37:30.674+0000] {processor.py:175} INFO - Processing /home/airflow/.local/lib/python3.7/site-packages/airflow/example_dags/example_trigger_target_dag.py took 0.050 seconds
[2025-08-27T03:02:26.724+0000] {processor.py:153} INFO - Started process (PID=19793) to work on /home/airflow/.local/lib/python3.7/site-packages/airflow/example_dags/example_trigger_target_dag.py
[2025-08-27T03:02:26.724+0000] {processor.py:743} INFO - Processing file /home/airflow/.local/lib/python3.7/site-packages/airflow/example_dags/example_trigger_target_dag.py for tasks to queue
[2025-08-27T03:02:26.725+0000] {logging_mixin.py:137} INFO - [2025-08-27T03:02:26.725+0000] {dagbag.py:538} INFO - Filling up the DagBag from /home/airflow/.local/lib/python3.7/site-packages/airflow/example_dags/example_trigger_target_dag.py
[2025-08-27T03:02:26.736+0000] {processor.py:753} INFO - DAG(s) dict_keys(['example_trigger_target_dag']) retrieved from /home/airflow/.local/lib/python3.7/site-packages/airflow/example_dags/example_trigger_target_dag.py
[2025-08-27T03:02:26.754+0000] {logging_mixin.py:137} INFO - [2025-08-27T03:02:26.754+0000] {dag.py:2690} INFO - Sync 1 DAGs
[2025-08-27T03:02:26.769+0000] {logging_mixin.py:137} INFO - [2025-08-27T03:02:26.769+0000] {dag.py:3441} INFO - Setting next_dagrun for example_trigger_target_dag to None, run_after=None
[2025-08-27T03:02:26.781+0000] {processor.py:175} INFO - Processing /home/airflow/.local/lib/python3.7/site-packages/airflow/example_dags/example_trigger_target_dag.py took 0.059 seconds
[2025-08-27T03:13:54.035+0000] {processor.py:153} INFO - Started process (PID=19892) to work on /home/airflow/.local/lib/python3.7/site-packages/airflow/example_dags/example_trigger_target_dag.py
[2025-08-27T03:13:54.036+0000] {processor.py:743} INFO - Processing file /home/airflow/.local/lib/python3.7/site-packages/airflow/example_dags/example_trigger_target_dag.py for tasks to queue
[2025-08-27T03:13:54.036+0000] {logging_mixin.py:137} INFO - [2025-08-27T03:13:54.036+0000] {dagbag.py:538} INFO - Filling up the DagBag from /home/airflow/.local/lib/python3.7/site-packages/airflow/example_dags/example_trigger_target_dag.py
[2025-08-27T03:13:54.045+0000] {processor.py:753} INFO - DAG(s) dict_keys(['example_trigger_target_dag']) retrieved from /home/airflow/.local/lib/python3.7/site-packages/airflow/example_dags/example_trigger_target_dag.py
[2025-08-27T03:13:54.056+0000] {logging_mixin.py:137} INFO - [2025-08-27T03:13:54.056+0000] {dag.py:2690} INFO - Sync 1 DAGs
[2025-08-27T03:13:54.066+0000] {logging_mixin.py:137} INFO - [2025-08-27T03:13:54.066+0000] {dag.py:3441} INFO - Setting next_dagrun for example_trigger_target_dag to None, run_after=None
[2025-08-27T03:13:54.074+0000] {processor.py:175} INFO - Processing /home/airflow/.local/lib/python3.7/site-packages/airflow/example_dags/example_trigger_target_dag.py took 0.041 seconds
[2025-08-27T03:33:10.191+0000] {processor.py:153} INFO - Started process (PID=19972) to work on /home/airflow/.local/lib/python3.7/site-packages/airflow/example_dags/example_trigger_target_dag.py
[2025-08-27T03:33:10.192+0000] {processor.py:743} INFO - Processing file /home/airflow/.local/lib/python3.7/site-packages/airflow/example_dags/example_trigger_target_dag.py for tasks to queue
[2025-08-27T03:33:10.192+0000] {logging_mixin.py:137} INFO - [2025-08-27T03:33:10.192+0000] {dagbag.py:538} INFO - Filling up the DagBag from /home/airflow/.local/lib/python3.7/site-packages/airflow/example_dags/example_trigger_target_dag.py
[2025-08-27T03:33:10.202+0000] {processor.py:753} INFO - DAG(s) dict_keys(['example_trigger_target_dag']) retrieved from /home/airflow/.local/lib/python3.7/site-packages/airflow/example_dags/example_trigger_target_dag.py
[2025-08-27T03:33:10.219+0000] {logging_mixin.py:137} INFO - [2025-08-27T03:33:10.218+0000] {dag.py:2690} INFO - Sync 1 DAGs
[2025-08-27T03:33:10.231+0000] {logging_mixin.py:137} INFO - [2025-08-27T03:33:10.231+0000] {dag.py:3441} INFO - Setting next_dagrun for example_trigger_target_dag to None, run_after=None
[2025-08-27T03:33:10.244+0000] {processor.py:175} INFO - Processing /home/airflow/.local/lib/python3.7/site-packages/airflow/example_dags/example_trigger_target_dag.py took 0.054 seconds
[2025-08-27T04:45:10.847+0000] {processor.py:153} INFO - Started process (PID=20072) to work on /home/airflow/.local/lib/python3.7/site-packages/airflow/example_dags/example_trigger_target_dag.py
[2025-08-27T04:45:10.847+0000] {processor.py:743} INFO - Processing file /home/airflow/.local/lib/python3.7/site-packages/airflow/example_dags/example_trigger_target_dag.py for tasks to queue
[2025-08-27T04:45:10.848+0000] {logging_mixin.py:137} INFO - [2025-08-27T04:45:10.848+0000] {dagbag.py:538} INFO - Filling up the DagBag from /home/airflow/.local/lib/python3.7/site-packages/airflow/example_dags/example_trigger_target_dag.py
[2025-08-27T04:45:10.857+0000] {processor.py:753} INFO - DAG(s) dict_keys(['example_trigger_target_dag']) retrieved from /home/airflow/.local/lib/python3.7/site-packages/airflow/example_dags/example_trigger_target_dag.py
[2025-08-27T04:45:10.869+0000] {logging_mixin.py:137} INFO - [2025-08-27T04:45:10.869+0000] {dag.py:2690} INFO - Sync 1 DAGs
[2025-08-27T04:45:10.880+0000] {logging_mixin.py:137} INFO - [2025-08-27T04:45:10.880+0000] {dag.py:3441} INFO - Setting next_dagrun for example_trigger_target_dag to None, run_after=None
[2025-08-27T04:45:10.887+0000] {processor.py:175} INFO - Processing /home/airflow/.local/lib/python3.7/site-packages/airflow/example_dags/example_trigger_target_dag.py took 0.042 seconds
[2025-08-27T04:49:56.315+0000] {processor.py:153} INFO - Started process (PID=20172) to work on /home/airflow/.local/lib/python3.7/site-packages/airflow/example_dags/example_trigger_target_dag.py
[2025-08-27T04:49:56.318+0000] {processor.py:743} INFO - Processing file /home/airflow/.local/lib/python3.7/site-packages/airflow/example_dags/example_trigger_target_dag.py for tasks to queue
[2025-08-27T04:49:56.319+0000] {logging_mixin.py:137} INFO - [2025-08-27T04:49:56.319+0000] {dagbag.py:538} INFO - Filling up the DagBag from /home/airflow/.local/lib/python3.7/site-packages/airflow/example_dags/example_trigger_target_dag.py
[2025-08-27T04:49:56.329+0000] {processor.py:753} INFO - DAG(s) dict_keys(['example_trigger_target_dag']) retrieved from /home/airflow/.local/lib/python3.7/site-packages/airflow/example_dags/example_trigger_target_dag.py
[2025-08-27T04:49:56.341+0000] {logging_mixin.py:137} INFO - [2025-08-27T04:49:56.341+0000] {dag.py:2690} INFO - Sync 1 DAGs
[2025-08-27T04:49:56.351+0000] {logging_mixin.py:137} INFO - [2025-08-27T04:49:56.351+0000] {dag.py:3441} INFO - Setting next_dagrun for example_trigger_target_dag to None, run_after=None
[2025-08-27T04:49:56.358+0000] {processor.py:175} INFO - Processing /home/airflow/.local/lib/python3.7/site-packages/airflow/example_dags/example_trigger_target_dag.py took 0.044 seconds
[2025-08-27T05:35:09.569+0000] {processor.py:153} INFO - Started process (PID=20259) to work on /home/airflow/.local/lib/python3.7/site-packages/airflow/example_dags/example_trigger_target_dag.py
[2025-08-27T05:35:09.569+0000] {processor.py:743} INFO - Processing file /home/airflow/.local/lib/python3.7/site-packages/airflow/example_dags/example_trigger_target_dag.py for tasks to queue
[2025-08-27T05:35:09.570+0000] {logging_mixin.py:137} INFO - [2025-08-27T05:35:09.570+0000] {dagbag.py:538} INFO - Filling up the DagBag from /home/airflow/.local/lib/python3.7/site-packages/airflow/example_dags/example_trigger_target_dag.py
[2025-08-27T05:35:09.579+0000] {processor.py:753} INFO - DAG(s) dict_keys(['example_trigger_target_dag']) retrieved from /home/airflow/.local/lib/python3.7/site-packages/airflow/example_dags/example_trigger_target_dag.py
[2025-08-27T05:35:09.590+0000] {logging_mixin.py:137} INFO - [2025-08-27T05:35:09.590+0000] {dag.py:2690} INFO - Sync 1 DAGs
[2025-08-27T05:35:09.602+0000] {logging_mixin.py:137} INFO - [2025-08-27T05:35:09.601+0000] {dag.py:3441} INFO - Setting next_dagrun for example_trigger_target_dag to None, run_after=None
[2025-08-27T05:35:09.610+0000] {processor.py:175} INFO - Processing /home/airflow/.local/lib/python3.7/site-packages/airflow/example_dags/example_trigger_target_dag.py took 0.042 seconds
[2025-08-27T06:12:37.841+0000] {processor.py:153} INFO - Started process (PID=20352) to work on /home/airflow/.local/lib/python3.7/site-packages/airflow/example_dags/example_trigger_target_dag.py
[2025-08-27T06:12:37.842+0000] {processor.py:743} INFO - Processing file /home/airflow/.local/lib/python3.7/site-packages/airflow/example_dags/example_trigger_target_dag.py for tasks to queue
[2025-08-27T06:12:37.842+0000] {logging_mixin.py:137} INFO - [2025-08-27T06:12:37.842+0000] {dagbag.py:538} INFO - Filling up the DagBag from /home/airflow/.local/lib/python3.7/site-packages/airflow/example_dags/example_trigger_target_dag.py
[2025-08-27T06:12:37.852+0000] {processor.py:753} INFO - DAG(s) dict_keys(['example_trigger_target_dag']) retrieved from /home/airflow/.local/lib/python3.7/site-packages/airflow/example_dags/example_trigger_target_dag.py
[2025-08-27T06:12:37.864+0000] {logging_mixin.py:137} INFO - [2025-08-27T06:12:37.864+0000] {dag.py:2690} INFO - Sync 1 DAGs
[2025-08-27T06:12:37.875+0000] {logging_mixin.py:137} INFO - [2025-08-27T06:12:37.875+0000] {dag.py:3441} INFO - Setting next_dagrun for example_trigger_target_dag to None, run_after=None
[2025-08-27T06:12:37.884+0000] {processor.py:175} INFO - Processing /home/airflow/.local/lib/python3.7/site-packages/airflow/example_dags/example_trigger_target_dag.py took 0.045 seconds
[2025-08-27T06:55:19.512+0000] {processor.py:153} INFO - Started process (PID=20452) to work on /home/airflow/.local/lib/python3.7/site-packages/airflow/example_dags/example_trigger_target_dag.py
[2025-08-27T06:55:19.513+0000] {processor.py:743} INFO - Processing file /home/airflow/.local/lib/python3.7/site-packages/airflow/example_dags/example_trigger_target_dag.py for tasks to queue
[2025-08-27T06:55:19.513+0000] {logging_mixin.py:137} INFO - [2025-08-27T06:55:19.513+0000] {dagbag.py:538} INFO - Filling up the DagBag from /home/airflow/.local/lib/python3.7/site-packages/airflow/example_dags/example_trigger_target_dag.py
[2025-08-27T06:55:19.523+0000] {processor.py:753} INFO - DAG(s) dict_keys(['example_trigger_target_dag']) retrieved from /home/airflow/.local/lib/python3.7/site-packages/airflow/example_dags/example_trigger_target_dag.py
[2025-08-27T06:55:19.538+0000] {logging_mixin.py:137} INFO - [2025-08-27T06:55:19.538+0000] {dag.py:2690} INFO - Sync 1 DAGs
[2025-08-27T06:55:19.551+0000] {logging_mixin.py:137} INFO - [2025-08-27T06:55:19.551+0000] {dag.py:3441} INFO - Setting next_dagrun for example_trigger_target_dag to None, run_after=None
[2025-08-27T06:55:19.558+0000] {processor.py:175} INFO - Processing /home/airflow/.local/lib/python3.7/site-packages/airflow/example_dags/example_trigger_target_dag.py took 0.047 seconds
[2025-08-27T07:53:52.711+0000] {processor.py:153} INFO - Started process (PID=20552) to work on /home/airflow/.local/lib/python3.7/site-packages/airflow/example_dags/example_trigger_target_dag.py
[2025-08-27T07:53:52.712+0000] {processor.py:743} INFO - Processing file /home/airflow/.local/lib/python3.7/site-packages/airflow/example_dags/example_trigger_target_dag.py for tasks to queue
[2025-08-27T07:53:52.712+0000] {logging_mixin.py:137} INFO - [2025-08-27T07:53:52.712+0000] {dagbag.py:538} INFO - Filling up the DagBag from /home/airflow/.local/lib/python3.7/site-packages/airflow/example_dags/example_trigger_target_dag.py
[2025-08-27T07:53:52.721+0000] {processor.py:753} INFO - DAG(s) dict_keys(['example_trigger_target_dag']) retrieved from /home/airflow/.local/lib/python3.7/site-packages/airflow/example_dags/example_trigger_target_dag.py
[2025-08-27T07:53:52.733+0000] {logging_mixin.py:137} INFO - [2025-08-27T07:53:52.733+0000] {dag.py:2690} INFO - Sync 1 DAGs
[2025-08-27T07:53:52.743+0000] {logging_mixin.py:137} INFO - [2025-08-27T07:53:52.743+0000] {dag.py:3441} INFO - Setting next_dagrun for example_trigger_target_dag to None, run_after=None
[2025-08-27T07:53:52.750+0000] {processor.py:175} INFO - Processing /home/airflow/.local/lib/python3.7/site-packages/airflow/example_dags/example_trigger_target_dag.py took 0.041 seconds
[2025-08-27T08:23:39.965+0000] {processor.py:153} INFO - Started process (PID=20632) to work on /home/airflow/.local/lib/python3.7/site-packages/airflow/example_dags/example_trigger_target_dag.py
[2025-08-27T08:23:39.965+0000] {processor.py:743} INFO - Processing file /home/airflow/.local/lib/python3.7/site-packages/airflow/example_dags/example_trigger_target_dag.py for tasks to queue
[2025-08-27T08:23:39.966+0000] {logging_mixin.py:137} INFO - [2025-08-27T08:23:39.966+0000] {dagbag.py:538} INFO - Filling up the DagBag from /home/airflow/.local/lib/python3.7/site-packages/airflow/example_dags/example_trigger_target_dag.py
[2025-08-27T08:23:39.974+0000] {processor.py:753} INFO - DAG(s) dict_keys(['example_trigger_target_dag']) retrieved from /home/airflow/.local/lib/python3.7/site-packages/airflow/example_dags/example_trigger_target_dag.py
[2025-08-27T08:23:39.985+0000] {logging_mixin.py:137} INFO - [2025-08-27T08:23:39.985+0000] {dag.py:2690} INFO - Sync 1 DAGs
[2025-08-27T08:23:39.995+0000] {logging_mixin.py:137} INFO - [2025-08-27T08:23:39.995+0000] {dag.py:3441} INFO - Setting next_dagrun for example_trigger_target_dag to None, run_after=None
[2025-08-27T08:23:40.002+0000] {processor.py:175} INFO - Processing /home/airflow/.local/lib/python3.7/site-packages/airflow/example_dags/example_trigger_target_dag.py took 0.039 seconds
[2025-08-27T09:35:51.152+0000] {processor.py:153} INFO - Started process (PID=20732) to work on /home/airflow/.local/lib/python3.7/site-packages/airflow/example_dags/example_trigger_target_dag.py
[2025-08-27T09:35:51.152+0000] {processor.py:743} INFO - Processing file /home/airflow/.local/lib/python3.7/site-packages/airflow/example_dags/example_trigger_target_dag.py for tasks to queue
[2025-08-27T09:35:51.153+0000] {logging_mixin.py:137} INFO - [2025-08-27T09:35:51.152+0000] {dagbag.py:538} INFO - Filling up the DagBag from /home/airflow/.local/lib/python3.7/site-packages/airflow/example_dags/example_trigger_target_dag.py
[2025-08-27T09:35:51.162+0000] {processor.py:753} INFO - DAG(s) dict_keys(['example_trigger_target_dag']) retrieved from /home/airflow/.local/lib/python3.7/site-packages/airflow/example_dags/example_trigger_target_dag.py
[2025-08-27T09:35:51.173+0000] {logging_mixin.py:137} INFO - [2025-08-27T09:35:51.173+0000] {dag.py:2690} INFO - Sync 1 DAGs
[2025-08-27T09:35:51.183+0000] {logging_mixin.py:137} INFO - [2025-08-27T09:35:51.183+0000] {dag.py:3441} INFO - Setting next_dagrun for example_trigger_target_dag to None, run_after=None
[2025-08-27T09:35:51.190+0000] {processor.py:175} INFO - Processing /home/airflow/.local/lib/python3.7/site-packages/airflow/example_dags/example_trigger_target_dag.py took 0.040 seconds
[2025-08-27T09:36:50.066+0000] {processor.py:153} INFO - Started process (PID=20832) to work on /home/airflow/.local/lib/python3.7/site-packages/airflow/example_dags/example_trigger_target_dag.py
[2025-08-27T09:36:50.067+0000] {processor.py:743} INFO - Processing file /home/airflow/.local/lib/python3.7/site-packages/airflow/example_dags/example_trigger_target_dag.py for tasks to queue
[2025-08-27T09:36:50.067+0000] {logging_mixin.py:137} INFO - [2025-08-27T09:36:50.067+0000] {dagbag.py:538} INFO - Filling up the DagBag from /home/airflow/.local/lib/python3.7/site-packages/airflow/example_dags/example_trigger_target_dag.py
[2025-08-27T09:36:50.077+0000] {processor.py:753} INFO - DAG(s) dict_keys(['example_trigger_target_dag']) retrieved from /home/airflow/.local/lib/python3.7/site-packages/airflow/example_dags/example_trigger_target_dag.py
[2025-08-27T09:36:50.088+0000] {logging_mixin.py:137} INFO - [2025-08-27T09:36:50.088+0000] {dag.py:2690} INFO - Sync 1 DAGs
[2025-08-27T09:36:50.098+0000] {logging_mixin.py:137} INFO - [2025-08-27T09:36:50.098+0000] {dag.py:3441} INFO - Setting next_dagrun for example_trigger_target_dag to None, run_after=None
[2025-08-27T09:36:50.105+0000] {processor.py:175} INFO - Processing /home/airflow/.local/lib/python3.7/site-packages/airflow/example_dags/example_trigger_target_dag.py took 0.041 seconds
[2025-08-27T09:38:53.276+0000] {processor.py:153} INFO - Started process (PID=20932) to work on /home/airflow/.local/lib/python3.7/site-packages/airflow/example_dags/example_trigger_target_dag.py
[2025-08-27T09:38:53.276+0000] {processor.py:743} INFO - Processing file /home/airflow/.local/lib/python3.7/site-packages/airflow/example_dags/example_trigger_target_dag.py for tasks to queue
[2025-08-27T09:38:53.277+0000] {logging_mixin.py:137} INFO - [2025-08-27T09:38:53.277+0000] {dagbag.py:538} INFO - Filling up the DagBag from /home/airflow/.local/lib/python3.7/site-packages/airflow/example_dags/example_trigger_target_dag.py
[2025-08-27T09:38:53.287+0000] {processor.py:753} INFO - DAG(s) dict_keys(['example_trigger_target_dag']) retrieved from /home/airflow/.local/lib/python3.7/site-packages/airflow/example_dags/example_trigger_target_dag.py
[2025-08-27T09:38:53.297+0000] {logging_mixin.py:137} INFO - [2025-08-27T09:38:53.297+0000] {dag.py:2690} INFO - Sync 1 DAGs
[2025-08-27T09:38:53.307+0000] {logging_mixin.py:137} INFO - [2025-08-27T09:38:53.307+0000] {dag.py:3441} INFO - Setting next_dagrun for example_trigger_target_dag to None, run_after=None
[2025-08-27T09:38:53.314+0000] {processor.py:175} INFO - Processing /home/airflow/.local/lib/python3.7/site-packages/airflow/example_dags/example_trigger_target_dag.py took 0.040 seconds
[2025-08-27T09:39:39.375+0000] {processor.py:153} INFO - Started process (PID=21012) to work on /home/airflow/.local/lib/python3.7/site-packages/airflow/example_dags/example_trigger_target_dag.py
[2025-08-27T09:39:39.375+0000] {processor.py:743} INFO - Processing file /home/airflow/.local/lib/python3.7/site-packages/airflow/example_dags/example_trigger_target_dag.py for tasks to queue
[2025-08-27T09:39:39.375+0000] {logging_mixin.py:137} INFO - [2025-08-27T09:39:39.375+0000] {dagbag.py:538} INFO - Filling up the DagBag from /home/airflow/.local/lib/python3.7/site-packages/airflow/example_dags/example_trigger_target_dag.py
[2025-08-27T09:39:39.384+0000] {processor.py:753} INFO - DAG(s) dict_keys(['example_trigger_target_dag']) retrieved from /home/airflow/.local/lib/python3.7/site-packages/airflow/example_dags/example_trigger_target_dag.py
[2025-08-27T09:39:39.396+0000] {logging_mixin.py:137} INFO - [2025-08-27T09:39:39.396+0000] {dag.py:2690} INFO - Sync 1 DAGs
[2025-08-27T09:39:39.408+0000] {logging_mixin.py:137} INFO - [2025-08-27T09:39:39.408+0000] {dag.py:3441} INFO - Setting next_dagrun for example_trigger_target_dag to None, run_after=None
[2025-08-27T09:39:39.415+0000] {processor.py:175} INFO - Processing /home/airflow/.local/lib/python3.7/site-packages/airflow/example_dags/example_trigger_target_dag.py took 0.042 seconds
[2025-08-27T09:50:06.951+0000] {processor.py:153} INFO - Started process (PID=21112) to work on /home/airflow/.local/lib/python3.7/site-packages/airflow/example_dags/example_trigger_target_dag.py
[2025-08-27T09:50:06.951+0000] {processor.py:743} INFO - Processing file /home/airflow/.local/lib/python3.7/site-packages/airflow/example_dags/example_trigger_target_dag.py for tasks to queue
[2025-08-27T09:50:06.952+0000] {logging_mixin.py:137} INFO - [2025-08-27T09:50:06.952+0000] {dagbag.py:538} INFO - Filling up the DagBag from /home/airflow/.local/lib/python3.7/site-packages/airflow/example_dags/example_trigger_target_dag.py
[2025-08-27T09:50:06.961+0000] {processor.py:753} INFO - DAG(s) dict_keys(['example_trigger_target_dag']) retrieved from /home/airflow/.local/lib/python3.7/site-packages/airflow/example_dags/example_trigger_target_dag.py
[2025-08-27T09:50:06.972+0000] {logging_mixin.py:137} INFO - [2025-08-27T09:50:06.972+0000] {dag.py:2690} INFO - Sync 1 DAGs
[2025-08-27T09:50:06.982+0000] {logging_mixin.py:137} INFO - [2025-08-27T09:50:06.982+0000] {dag.py:3441} INFO - Setting next_dagrun for example_trigger_target_dag to None, run_after=None
[2025-08-27T09:50:06.989+0000] {processor.py:175} INFO - Processing /home/airflow/.local/lib/python3.7/site-packages/airflow/example_dags/example_trigger_target_dag.py took 0.040 seconds
[2025-08-27T11:12:46.849+0000] {processor.py:153} INFO - Started process (PID=21212) to work on /home/airflow/.local/lib/python3.7/site-packages/airflow/example_dags/example_trigger_target_dag.py
[2025-08-27T11:12:46.850+0000] {processor.py:743} INFO - Processing file /home/airflow/.local/lib/python3.7/site-packages/airflow/example_dags/example_trigger_target_dag.py for tasks to queue
[2025-08-27T11:12:46.850+0000] {logging_mixin.py:137} INFO - [2025-08-27T11:12:46.850+0000] {dagbag.py:538} INFO - Filling up the DagBag from /home/airflow/.local/lib/python3.7/site-packages/airflow/example_dags/example_trigger_target_dag.py
[2025-08-27T11:12:46.862+0000] {processor.py:753} INFO - DAG(s) dict_keys(['example_trigger_target_dag']) retrieved from /home/airflow/.local/lib/python3.7/site-packages/airflow/example_dags/example_trigger_target_dag.py
[2025-08-27T11:12:46.874+0000] {logging_mixin.py:137} INFO - [2025-08-27T11:12:46.874+0000] {dag.py:2690} INFO - Sync 1 DAGs
[2025-08-27T11:12:46.884+0000] {logging_mixin.py:137} INFO - [2025-08-27T11:12:46.884+0000] {dag.py:3441} INFO - Setting next_dagrun for example_trigger_target_dag to None, run_after=None
[2025-08-27T11:12:46.893+0000] {processor.py:175} INFO - Processing /home/airflow/.local/lib/python3.7/site-packages/airflow/example_dags/example_trigger_target_dag.py took 0.045 seconds
[2025-08-27T11:34:31.669+0000] {processor.py:153} INFO - Started process (PID=21292) to work on /home/airflow/.local/lib/python3.7/site-packages/airflow/example_dags/example_trigger_target_dag.py
[2025-08-27T11:34:31.669+0000] {processor.py:743} INFO - Processing file /home/airflow/.local/lib/python3.7/site-packages/airflow/example_dags/example_trigger_target_dag.py for tasks to queue
[2025-08-27T11:34:31.670+0000] {logging_mixin.py:137} INFO - [2025-08-27T11:34:31.670+0000] {dagbag.py:538} INFO - Filling up the DagBag from /home/airflow/.local/lib/python3.7/site-packages/airflow/example_dags/example_trigger_target_dag.py
[2025-08-27T11:34:31.686+0000] {processor.py:753} INFO - DAG(s) dict_keys(['example_trigger_target_dag']) retrieved from /home/airflow/.local/lib/python3.7/site-packages/airflow/example_dags/example_trigger_target_dag.py
[2025-08-27T11:34:31.707+0000] {logging_mixin.py:137} INFO - [2025-08-27T11:34:31.707+0000] {dag.py:2690} INFO - Sync 1 DAGs
[2025-08-27T11:34:31.729+0000] {logging_mixin.py:137} INFO - [2025-08-27T11:34:31.729+0000] {dag.py:3441} INFO - Setting next_dagrun for example_trigger_target_dag to None, run_after=None
[2025-08-27T11:34:31.743+0000] {processor.py:175} INFO - Processing /home/airflow/.local/lib/python3.7/site-packages/airflow/example_dags/example_trigger_target_dag.py took 0.078 seconds
[2025-08-27T11:51:13.755+0000] {processor.py:153} INFO - Started process (PID=21392) to work on /home/airflow/.local/lib/python3.7/site-packages/airflow/example_dags/example_trigger_target_dag.py
[2025-08-27T11:51:13.755+0000] {processor.py:743} INFO - Processing file /home/airflow/.local/lib/python3.7/site-packages/airflow/example_dags/example_trigger_target_dag.py for tasks to queue
[2025-08-27T11:51:13.756+0000] {logging_mixin.py:137} INFO - [2025-08-27T11:51:13.756+0000] {dagbag.py:538} INFO - Filling up the DagBag from /home/airflow/.local/lib/python3.7/site-packages/airflow/example_dags/example_trigger_target_dag.py
[2025-08-27T11:51:13.765+0000] {processor.py:753} INFO - DAG(s) dict_keys(['example_trigger_target_dag']) retrieved from /home/airflow/.local/lib/python3.7/site-packages/airflow/example_dags/example_trigger_target_dag.py
[2025-08-27T11:51:13.776+0000] {logging_mixin.py:137} INFO - [2025-08-27T11:51:13.776+0000] {dag.py:2690} INFO - Sync 1 DAGs
[2025-08-27T11:51:13.787+0000] {logging_mixin.py:137} INFO - [2025-08-27T11:51:13.787+0000] {dag.py:3441} INFO - Setting next_dagrun for example_trigger_target_dag to None, run_after=None
[2025-08-27T11:51:13.794+0000] {processor.py:175} INFO - Processing /home/airflow/.local/lib/python3.7/site-packages/airflow/example_dags/example_trigger_target_dag.py took 0.040 seconds
[2025-08-27T11:53:12.234+0000] {processor.py:153} INFO - Started process (PID=21492) to work on /home/airflow/.local/lib/python3.7/site-packages/airflow/example_dags/example_trigger_target_dag.py
[2025-08-27T11:53:12.234+0000] {processor.py:743} INFO - Processing file /home/airflow/.local/lib/python3.7/site-packages/airflow/example_dags/example_trigger_target_dag.py for tasks to queue
[2025-08-27T11:53:12.235+0000] {logging_mixin.py:137} INFO - [2025-08-27T11:53:12.235+0000] {dagbag.py:538} INFO - Filling up the DagBag from /home/airflow/.local/lib/python3.7/site-packages/airflow/example_dags/example_trigger_target_dag.py
[2025-08-27T11:53:12.243+0000] {processor.py:753} INFO - DAG(s) dict_keys(['example_trigger_target_dag']) retrieved from /home/airflow/.local/lib/python3.7/site-packages/airflow/example_dags/example_trigger_target_dag.py
[2025-08-27T11:53:12.254+0000] {logging_mixin.py:137} INFO - [2025-08-27T11:53:12.254+0000] {dag.py:2690} INFO - Sync 1 DAGs
[2025-08-27T11:53:12.262+0000] {logging_mixin.py:137} INFO - [2025-08-27T11:53:12.262+0000] {dag.py:3441} INFO - Setting next_dagrun for example_trigger_target_dag to None, run_after=None
[2025-08-27T11:53:12.269+0000] {processor.py:175} INFO - Processing /home/airflow/.local/lib/python3.7/site-packages/airflow/example_dags/example_trigger_target_dag.py took 0.036 seconds
[2025-08-27T11:58:53.956+0000] {processor.py:153} INFO - Started process (PID=21592) to work on /home/airflow/.local/lib/python3.7/site-packages/airflow/example_dags/example_trigger_target_dag.py
[2025-08-27T11:58:53.957+0000] {processor.py:743} INFO - Processing file /home/airflow/.local/lib/python3.7/site-packages/airflow/example_dags/example_trigger_target_dag.py for tasks to queue
[2025-08-27T11:58:53.957+0000] {logging_mixin.py:137} INFO - [2025-08-27T11:58:53.957+0000] {dagbag.py:538} INFO - Filling up the DagBag from /home/airflow/.local/lib/python3.7/site-packages/airflow/example_dags/example_trigger_target_dag.py
[2025-08-27T11:58:53.966+0000] {processor.py:753} INFO - DAG(s) dict_keys(['example_trigger_target_dag']) retrieved from /home/airflow/.local/lib/python3.7/site-packages/airflow/example_dags/example_trigger_target_dag.py
[2025-08-27T11:58:53.979+0000] {logging_mixin.py:137} INFO - [2025-08-27T11:58:53.979+0000] {dag.py:2690} INFO - Sync 1 DAGs
[2025-08-27T11:58:53.990+0000] {logging_mixin.py:137} INFO - [2025-08-27T11:58:53.990+0000] {dag.py:3441} INFO - Setting next_dagrun for example_trigger_target_dag to None, run_after=None
[2025-08-27T11:58:53.998+0000] {processor.py:175} INFO - Processing /home/airflow/.local/lib/python3.7/site-packages/airflow/example_dags/example_trigger_target_dag.py took 0.043 seconds
[2025-08-27T12:11:20.894+0000] {processor.py:153} INFO - Started process (PID=21672) to work on /home/airflow/.local/lib/python3.7/site-packages/airflow/example_dags/example_trigger_target_dag.py
[2025-08-27T12:11:20.894+0000] {processor.py:743} INFO - Processing file /home/airflow/.local/lib/python3.7/site-packages/airflow/example_dags/example_trigger_target_dag.py for tasks to queue
[2025-08-27T12:11:20.894+0000] {logging_mixin.py:137} INFO - [2025-08-27T12:11:20.894+0000] {dagbag.py:538} INFO - Filling up the DagBag from /home/airflow/.local/lib/python3.7/site-packages/airflow/example_dags/example_trigger_target_dag.py
[2025-08-27T12:11:20.903+0000] {processor.py:753} INFO - DAG(s) dict_keys(['example_trigger_target_dag']) retrieved from /home/airflow/.local/lib/python3.7/site-packages/airflow/example_dags/example_trigger_target_dag.py
[2025-08-27T12:11:20.914+0000] {logging_mixin.py:137} INFO - [2025-08-27T12:11:20.914+0000] {dag.py:2690} INFO - Sync 1 DAGs
[2025-08-27T12:11:20.923+0000] {logging_mixin.py:137} INFO - [2025-08-27T12:11:20.922+0000] {dag.py:3441} INFO - Setting next_dagrun for example_trigger_target_dag to None, run_after=None
[2025-08-27T12:11:20.929+0000] {processor.py:175} INFO - Processing /home/airflow/.local/lib/python3.7/site-packages/airflow/example_dags/example_trigger_target_dag.py took 0.037 seconds
[2025-08-27T12:14:25.364+0000] {processor.py:153} INFO - Started process (PID=21772) to work on /home/airflow/.local/lib/python3.7/site-packages/airflow/example_dags/example_trigger_target_dag.py
[2025-08-27T12:14:25.364+0000] {processor.py:743} INFO - Processing file /home/airflow/.local/lib/python3.7/site-packages/airflow/example_dags/example_trigger_target_dag.py for tasks to queue
[2025-08-27T12:14:25.365+0000] {logging_mixin.py:137} INFO - [2025-08-27T12:14:25.365+0000] {dagbag.py:538} INFO - Filling up the DagBag from /home/airflow/.local/lib/python3.7/site-packages/airflow/example_dags/example_trigger_target_dag.py
[2025-08-27T12:14:25.374+0000] {processor.py:753} INFO - DAG(s) dict_keys(['example_trigger_target_dag']) retrieved from /home/airflow/.local/lib/python3.7/site-packages/airflow/example_dags/example_trigger_target_dag.py
[2025-08-27T12:14:25.385+0000] {logging_mixin.py:137} INFO - [2025-08-27T12:14:25.385+0000] {dag.py:2690} INFO - Sync 1 DAGs
[2025-08-27T12:14:25.394+0000] {logging_mixin.py:137} INFO - [2025-08-27T12:14:25.394+0000] {dag.py:3441} INFO - Setting next_dagrun for example_trigger_target_dag to None, run_after=None
[2025-08-27T12:14:25.401+0000] {processor.py:175} INFO - Processing /home/airflow/.local/lib/python3.7/site-packages/airflow/example_dags/example_trigger_target_dag.py took 0.038 seconds
[2025-08-27T12:27:57.938+0000] {processor.py:153} INFO - Started process (PID=21872) to work on /home/airflow/.local/lib/python3.7/site-packages/airflow/example_dags/example_trigger_target_dag.py
[2025-08-27T12:27:57.938+0000] {processor.py:743} INFO - Processing file /home/airflow/.local/lib/python3.7/site-packages/airflow/example_dags/example_trigger_target_dag.py for tasks to queue
[2025-08-27T12:27:57.939+0000] {logging_mixin.py:137} INFO - [2025-08-27T12:27:57.939+0000] {dagbag.py:538} INFO - Filling up the DagBag from /home/airflow/.local/lib/python3.7/site-packages/airflow/example_dags/example_trigger_target_dag.py
[2025-08-27T12:27:57.948+0000] {processor.py:753} INFO - DAG(s) dict_keys(['example_trigger_target_dag']) retrieved from /home/airflow/.local/lib/python3.7/site-packages/airflow/example_dags/example_trigger_target_dag.py
[2025-08-27T12:27:57.960+0000] {logging_mixin.py:137} INFO - [2025-08-27T12:27:57.960+0000] {dag.py:2690} INFO - Sync 1 DAGs
[2025-08-27T12:27:57.972+0000] {logging_mixin.py:137} INFO - [2025-08-27T12:27:57.972+0000] {dag.py:3441} INFO - Setting next_dagrun for example_trigger_target_dag to None, run_after=None
[2025-08-27T12:27:57.979+0000] {processor.py:175} INFO - Processing /home/airflow/.local/lib/python3.7/site-packages/airflow/example_dags/example_trigger_target_dag.py took 0.043 seconds
[2025-08-27T12:38:25.952+0000] {processor.py:153} INFO - Started process (PID=21952) to work on /home/airflow/.local/lib/python3.7/site-packages/airflow/example_dags/example_trigger_target_dag.py
[2025-08-27T12:38:25.952+0000] {processor.py:743} INFO - Processing file /home/airflow/.local/lib/python3.7/site-packages/airflow/example_dags/example_trigger_target_dag.py for tasks to queue
[2025-08-27T12:38:25.953+0000] {logging_mixin.py:137} INFO - [2025-08-27T12:38:25.953+0000] {dagbag.py:538} INFO - Filling up the DagBag from /home/airflow/.local/lib/python3.7/site-packages/airflow/example_dags/example_trigger_target_dag.py
[2025-08-27T12:38:25.963+0000] {processor.py:753} INFO - DAG(s) dict_keys(['example_trigger_target_dag']) retrieved from /home/airflow/.local/lib/python3.7/site-packages/airflow/example_dags/example_trigger_target_dag.py
[2025-08-27T12:38:25.976+0000] {logging_mixin.py:137} INFO - [2025-08-27T12:38:25.975+0000] {dag.py:2690} INFO - Sync 1 DAGs
[2025-08-27T12:38:25.986+0000] {logging_mixin.py:137} INFO - [2025-08-27T12:38:25.986+0000] {dag.py:3441} INFO - Setting next_dagrun for example_trigger_target_dag to None, run_after=None
[2025-08-27T12:38:25.994+0000] {processor.py:175} INFO - Processing /home/airflow/.local/lib/python3.7/site-packages/airflow/example_dags/example_trigger_target_dag.py took 0.044 seconds
[2025-08-27T12:57:12.861+0000] {processor.py:153} INFO - Started process (PID=22052) to work on /home/airflow/.local/lib/python3.7/site-packages/airflow/example_dags/example_trigger_target_dag.py
[2025-08-27T12:57:12.862+0000] {processor.py:743} INFO - Processing file /home/airflow/.local/lib/python3.7/site-packages/airflow/example_dags/example_trigger_target_dag.py for tasks to queue
[2025-08-27T12:57:12.863+0000] {logging_mixin.py:137} INFO - [2025-08-27T12:57:12.862+0000] {dagbag.py:538} INFO - Filling up the DagBag from /home/airflow/.local/lib/python3.7/site-packages/airflow/example_dags/example_trigger_target_dag.py
[2025-08-27T12:57:12.895+0000] {processor.py:753} INFO - DAG(s) dict_keys(['example_trigger_target_dag']) retrieved from /home/airflow/.local/lib/python3.7/site-packages/airflow/example_dags/example_trigger_target_dag.py
[2025-08-27T12:57:12.919+0000] {logging_mixin.py:137} INFO - [2025-08-27T12:57:12.919+0000] {dag.py:2690} INFO - Sync 1 DAGs
[2025-08-27T12:57:12.933+0000] {logging_mixin.py:137} INFO - [2025-08-27T12:57:12.933+0000] {dag.py:3441} INFO - Setting next_dagrun for example_trigger_target_dag to None, run_after=None
[2025-08-27T12:57:12.942+0000] {processor.py:175} INFO - Processing /home/airflow/.local/lib/python3.7/site-packages/airflow/example_dags/example_trigger_target_dag.py took 0.083 seconds
[2025-08-27T12:57:43.273+0000] {processor.py:153} INFO - Started process (PID=22152) to work on /home/airflow/.local/lib/python3.7/site-packages/airflow/example_dags/example_trigger_target_dag.py
[2025-08-27T12:57:43.273+0000] {processor.py:743} INFO - Processing file /home/airflow/.local/lib/python3.7/site-packages/airflow/example_dags/example_trigger_target_dag.py for tasks to queue
[2025-08-27T12:57:43.274+0000] {logging_mixin.py:137} INFO - [2025-08-27T12:57:43.274+0000] {dagbag.py:538} INFO - Filling up the DagBag from /home/airflow/.local/lib/python3.7/site-packages/airflow/example_dags/example_trigger_target_dag.py
[2025-08-27T12:57:43.283+0000] {processor.py:753} INFO - DAG(s) dict_keys(['example_trigger_target_dag']) retrieved from /home/airflow/.local/lib/python3.7/site-packages/airflow/example_dags/example_trigger_target_dag.py
[2025-08-27T12:57:43.293+0000] {logging_mixin.py:137} INFO - [2025-08-27T12:57:43.293+0000] {dag.py:2690} INFO - Sync 1 DAGs
[2025-08-27T12:57:43.304+0000] {logging_mixin.py:137} INFO - [2025-08-27T12:57:43.304+0000] {dag.py:3441} INFO - Setting next_dagrun for example_trigger_target_dag to None, run_after=None
[2025-08-27T12:57:43.311+0000] {processor.py:175} INFO - Processing /home/airflow/.local/lib/python3.7/site-packages/airflow/example_dags/example_trigger_target_dag.py took 0.039 seconds
[2025-08-27T13:27:11.149+0000] {processor.py:153} INFO - Started process (PID=22252) to work on /home/airflow/.local/lib/python3.7/site-packages/airflow/example_dags/example_trigger_target_dag.py
[2025-08-27T13:27:11.150+0000] {processor.py:743} INFO - Processing file /home/airflow/.local/lib/python3.7/site-packages/airflow/example_dags/example_trigger_target_dag.py for tasks to queue
[2025-08-27T13:27:11.151+0000] {logging_mixin.py:137} INFO - [2025-08-27T13:27:11.150+0000] {dagbag.py:538} INFO - Filling up the DagBag from /home/airflow/.local/lib/python3.7/site-packages/airflow/example_dags/example_trigger_target_dag.py
[2025-08-27T13:27:11.162+0000] {processor.py:753} INFO - DAG(s) dict_keys(['example_trigger_target_dag']) retrieved from /home/airflow/.local/lib/python3.7/site-packages/airflow/example_dags/example_trigger_target_dag.py
[2025-08-27T13:27:11.177+0000] {logging_mixin.py:137} INFO - [2025-08-27T13:27:11.177+0000] {dag.py:2690} INFO - Sync 1 DAGs
[2025-08-27T13:27:11.193+0000] {logging_mixin.py:137} INFO - [2025-08-27T13:27:11.193+0000] {dag.py:3441} INFO - Setting next_dagrun for example_trigger_target_dag to None, run_after=None
[2025-08-27T13:27:11.202+0000] {processor.py:175} INFO - Processing /home/airflow/.local/lib/python3.7/site-packages/airflow/example_dags/example_trigger_target_dag.py took 0.055 seconds
[2025-08-27T13:30:13.185+0000] {processor.py:153} INFO - Started process (PID=22332) to work on /home/airflow/.local/lib/python3.7/site-packages/airflow/example_dags/example_trigger_target_dag.py
[2025-08-27T13:30:13.186+0000] {processor.py:743} INFO - Processing file /home/airflow/.local/lib/python3.7/site-packages/airflow/example_dags/example_trigger_target_dag.py for tasks to queue
[2025-08-27T13:30:13.186+0000] {logging_mixin.py:137} INFO - [2025-08-27T13:30:13.186+0000] {dagbag.py:538} INFO - Filling up the DagBag from /home/airflow/.local/lib/python3.7/site-packages/airflow/example_dags/example_trigger_target_dag.py
[2025-08-27T13:30:13.196+0000] {processor.py:753} INFO - DAG(s) dict_keys(['example_trigger_target_dag']) retrieved from /home/airflow/.local/lib/python3.7/site-packages/airflow/example_dags/example_trigger_target_dag.py
[2025-08-27T13:30:13.219+0000] {logging_mixin.py:137} INFO - [2025-08-27T13:30:13.219+0000] {dag.py:2690} INFO - Sync 1 DAGs
[2025-08-27T13:30:13.242+0000] {logging_mixin.py:137} INFO - [2025-08-27T13:30:13.242+0000] {dag.py:3441} INFO - Setting next_dagrun for example_trigger_target_dag to None, run_after=None
[2025-08-27T13:30:13.260+0000] {processor.py:175} INFO - Processing /home/airflow/.local/lib/python3.7/site-packages/airflow/example_dags/example_trigger_target_dag.py took 0.076 seconds
[2025-08-27T13:37:07.280+0000] {processor.py:153} INFO - Started process (PID=22432) to work on /home/airflow/.local/lib/python3.7/site-packages/airflow/example_dags/example_trigger_target_dag.py
[2025-08-27T13:37:07.280+0000] {processor.py:743} INFO - Processing file /home/airflow/.local/lib/python3.7/site-packages/airflow/example_dags/example_trigger_target_dag.py for tasks to queue
[2025-08-27T13:37:07.280+0000] {logging_mixin.py:137} INFO - [2025-08-27T13:37:07.280+0000] {dagbag.py:538} INFO - Filling up the DagBag from /home/airflow/.local/lib/python3.7/site-packages/airflow/example_dags/example_trigger_target_dag.py
[2025-08-27T13:37:07.293+0000] {processor.py:753} INFO - DAG(s) dict_keys(['example_trigger_target_dag']) retrieved from /home/airflow/.local/lib/python3.7/site-packages/airflow/example_dags/example_trigger_target_dag.py
[2025-08-27T13:37:07.308+0000] {logging_mixin.py:137} INFO - [2025-08-27T13:37:07.308+0000] {dag.py:2690} INFO - Sync 1 DAGs
[2025-08-27T13:37:07.324+0000] {logging_mixin.py:137} INFO - [2025-08-27T13:37:07.324+0000] {dag.py:3441} INFO - Setting next_dagrun for example_trigger_target_dag to None, run_after=None
[2025-08-27T13:37:07.335+0000] {processor.py:175} INFO - Processing /home/airflow/.local/lib/python3.7/site-packages/airflow/example_dags/example_trigger_target_dag.py took 0.057 seconds
[2025-08-27T13:51:01.836+0000] {processor.py:153} INFO - Started process (PID=22532) to work on /home/airflow/.local/lib/python3.7/site-packages/airflow/example_dags/example_trigger_target_dag.py
[2025-08-27T13:51:01.836+0000] {processor.py:743} INFO - Processing file /home/airflow/.local/lib/python3.7/site-packages/airflow/example_dags/example_trigger_target_dag.py for tasks to queue
[2025-08-27T13:51:01.836+0000] {logging_mixin.py:137} INFO - [2025-08-27T13:51:01.836+0000] {dagbag.py:538} INFO - Filling up the DagBag from /home/airflow/.local/lib/python3.7/site-packages/airflow/example_dags/example_trigger_target_dag.py
[2025-08-27T13:51:01.845+0000] {processor.py:753} INFO - DAG(s) dict_keys(['example_trigger_target_dag']) retrieved from /home/airflow/.local/lib/python3.7/site-packages/airflow/example_dags/example_trigger_target_dag.py
[2025-08-27T13:51:01.856+0000] {logging_mixin.py:137} INFO - [2025-08-27T13:51:01.855+0000] {dag.py:2690} INFO - Sync 1 DAGs
[2025-08-27T13:51:01.865+0000] {logging_mixin.py:137} INFO - [2025-08-27T13:51:01.865+0000] {dag.py:3441} INFO - Setting next_dagrun for example_trigger_target_dag to None, run_after=None
[2025-08-27T13:51:01.871+0000] {processor.py:175} INFO - Processing /home/airflow/.local/lib/python3.7/site-packages/airflow/example_dags/example_trigger_target_dag.py took 0.038 seconds
[2025-08-27T14:01:06.589+0000] {processor.py:153} INFO - Started process (PID=22621) to work on /home/airflow/.local/lib/python3.7/site-packages/airflow/example_dags/example_trigger_target_dag.py
[2025-08-27T14:01:06.590+0000] {processor.py:743} INFO - Processing file /home/airflow/.local/lib/python3.7/site-packages/airflow/example_dags/example_trigger_target_dag.py for tasks to queue
[2025-08-27T14:01:06.590+0000] {logging_mixin.py:137} INFO - [2025-08-27T14:01:06.590+0000] {dagbag.py:538} INFO - Filling up the DagBag from /home/airflow/.local/lib/python3.7/site-packages/airflow/example_dags/example_trigger_target_dag.py
[2025-08-27T14:01:06.602+0000] {processor.py:753} INFO - DAG(s) dict_keys(['example_trigger_target_dag']) retrieved from /home/airflow/.local/lib/python3.7/site-packages/airflow/example_dags/example_trigger_target_dag.py
[2025-08-27T14:01:06.618+0000] {logging_mixin.py:137} INFO - [2025-08-27T14:01:06.618+0000] {dag.py:2690} INFO - Sync 1 DAGs
[2025-08-27T14:01:06.634+0000] {logging_mixin.py:137} INFO - [2025-08-27T14:01:06.634+0000] {dag.py:3441} INFO - Setting next_dagrun for example_trigger_target_dag to None, run_after=None
[2025-08-27T14:01:06.645+0000] {processor.py:175} INFO - Processing /home/airflow/.local/lib/python3.7/site-packages/airflow/example_dags/example_trigger_target_dag.py took 0.059 seconds
[2025-08-27T14:41:12.890+0000] {processor.py:153} INFO - Started process (PID=22712) to work on /home/airflow/.local/lib/python3.7/site-packages/airflow/example_dags/example_trigger_target_dag.py
[2025-08-27T14:41:12.890+0000] {processor.py:743} INFO - Processing file /home/airflow/.local/lib/python3.7/site-packages/airflow/example_dags/example_trigger_target_dag.py for tasks to queue
[2025-08-27T14:41:12.890+0000] {logging_mixin.py:137} INFO - [2025-08-27T14:41:12.890+0000] {dagbag.py:538} INFO - Filling up the DagBag from /home/airflow/.local/lib/python3.7/site-packages/airflow/example_dags/example_trigger_target_dag.py
[2025-08-27T14:41:12.901+0000] {processor.py:753} INFO - DAG(s) dict_keys(['example_trigger_target_dag']) retrieved from /home/airflow/.local/lib/python3.7/site-packages/airflow/example_dags/example_trigger_target_dag.py
[2025-08-27T14:41:12.913+0000] {logging_mixin.py:137} INFO - [2025-08-27T14:41:12.912+0000] {dag.py:2690} INFO - Sync 1 DAGs
[2025-08-27T14:41:12.924+0000] {logging_mixin.py:137} INFO - [2025-08-27T14:41:12.923+0000] {dag.py:3441} INFO - Setting next_dagrun for example_trigger_target_dag to None, run_after=None
[2025-08-27T14:41:12.932+0000] {processor.py:175} INFO - Processing /home/airflow/.local/lib/python3.7/site-packages/airflow/example_dags/example_trigger_target_dag.py took 0.044 seconds
[2025-08-27T14:43:54.907+0000] {processor.py:153} INFO - Started process (PID=22812) to work on /home/airflow/.local/lib/python3.7/site-packages/airflow/example_dags/example_trigger_target_dag.py
[2025-08-27T14:43:54.907+0000] {processor.py:743} INFO - Processing file /home/airflow/.local/lib/python3.7/site-packages/airflow/example_dags/example_trigger_target_dag.py for tasks to queue
[2025-08-27T14:43:54.907+0000] {logging_mixin.py:137} INFO - [2025-08-27T14:43:54.907+0000] {dagbag.py:538} INFO - Filling up the DagBag from /home/airflow/.local/lib/python3.7/site-packages/airflow/example_dags/example_trigger_target_dag.py
[2025-08-27T14:43:54.917+0000] {processor.py:753} INFO - DAG(s) dict_keys(['example_trigger_target_dag']) retrieved from /home/airflow/.local/lib/python3.7/site-packages/airflow/example_dags/example_trigger_target_dag.py
[2025-08-27T14:43:54.930+0000] {logging_mixin.py:137} INFO - [2025-08-27T14:43:54.930+0000] {dag.py:2690} INFO - Sync 1 DAGs
[2025-08-27T14:43:54.940+0000] {logging_mixin.py:137} INFO - [2025-08-27T14:43:54.940+0000] {dag.py:3441} INFO - Setting next_dagrun for example_trigger_target_dag to None, run_after=None
[2025-08-27T14:43:54.948+0000] {processor.py:175} INFO - Processing /home/airflow/.local/lib/python3.7/site-packages/airflow/example_dags/example_trigger_target_dag.py took 0.043 seconds
[2025-08-27T14:54:32.006+0000] {processor.py:153} INFO - Started process (PID=22912) to work on /home/airflow/.local/lib/python3.7/site-packages/airflow/example_dags/example_trigger_target_dag.py
[2025-08-27T14:54:32.007+0000] {processor.py:743} INFO - Processing file /home/airflow/.local/lib/python3.7/site-packages/airflow/example_dags/example_trigger_target_dag.py for tasks to queue
[2025-08-27T14:54:32.007+0000] {logging_mixin.py:137} INFO - [2025-08-27T14:54:32.007+0000] {dagbag.py:538} INFO - Filling up the DagBag from /home/airflow/.local/lib/python3.7/site-packages/airflow/example_dags/example_trigger_target_dag.py
[2025-08-27T14:54:32.016+0000] {processor.py:753} INFO - DAG(s) dict_keys(['example_trigger_target_dag']) retrieved from /home/airflow/.local/lib/python3.7/site-packages/airflow/example_dags/example_trigger_target_dag.py
[2025-08-27T14:54:32.033+0000] {logging_mixin.py:137} INFO - [2025-08-27T14:54:32.033+0000] {dag.py:2690} INFO - Sync 1 DAGs
[2025-08-27T14:54:32.043+0000] {logging_mixin.py:137} INFO - [2025-08-27T14:54:32.043+0000] {dag.py:3441} INFO - Setting next_dagrun for example_trigger_target_dag to None, run_after=None
[2025-08-27T14:54:32.053+0000] {processor.py:175} INFO - Processing /home/airflow/.local/lib/python3.7/site-packages/airflow/example_dags/example_trigger_target_dag.py took 0.049 seconds
[2025-08-27T15:01:39.648+0000] {processor.py:153} INFO - Started process (PID=22992) to work on /home/airflow/.local/lib/python3.7/site-packages/airflow/example_dags/example_trigger_target_dag.py
[2025-08-27T15:01:39.649+0000] {processor.py:743} INFO - Processing file /home/airflow/.local/lib/python3.7/site-packages/airflow/example_dags/example_trigger_target_dag.py for tasks to queue
[2025-08-27T15:01:39.649+0000] {logging_mixin.py:137} INFO - [2025-08-27T15:01:39.649+0000] {dagbag.py:538} INFO - Filling up the DagBag from /home/airflow/.local/lib/python3.7/site-packages/airflow/example_dags/example_trigger_target_dag.py
[2025-08-27T15:01:39.659+0000] {processor.py:753} INFO - DAG(s) dict_keys(['example_trigger_target_dag']) retrieved from /home/airflow/.local/lib/python3.7/site-packages/airflow/example_dags/example_trigger_target_dag.py
[2025-08-27T15:01:39.671+0000] {logging_mixin.py:137} INFO - [2025-08-27T15:01:39.671+0000] {dag.py:2690} INFO - Sync 1 DAGs
[2025-08-27T15:01:39.680+0000] {logging_mixin.py:137} INFO - [2025-08-27T15:01:39.680+0000] {dag.py:3441} INFO - Setting next_dagrun for example_trigger_target_dag to None, run_after=None
[2025-08-27T15:01:39.688+0000] {processor.py:175} INFO - Processing /home/airflow/.local/lib/python3.7/site-packages/airflow/example_dags/example_trigger_target_dag.py took 0.041 seconds
[2025-08-27T15:08:10.125+0000] {processor.py:153} INFO - Started process (PID=23092) to work on /home/airflow/.local/lib/python3.7/site-packages/airflow/example_dags/example_trigger_target_dag.py
[2025-08-27T15:08:10.126+0000] {processor.py:743} INFO - Processing file /home/airflow/.local/lib/python3.7/site-packages/airflow/example_dags/example_trigger_target_dag.py for tasks to queue
[2025-08-27T15:08:10.126+0000] {logging_mixin.py:137} INFO - [2025-08-27T15:08:10.126+0000] {dagbag.py:538} INFO - Filling up the DagBag from /home/airflow/.local/lib/python3.7/site-packages/airflow/example_dags/example_trigger_target_dag.py
[2025-08-27T15:08:10.142+0000] {processor.py:753} INFO - DAG(s) dict_keys(['example_trigger_target_dag']) retrieved from /home/airflow/.local/lib/python3.7/site-packages/airflow/example_dags/example_trigger_target_dag.py
[2025-08-27T15:08:10.173+0000] {logging_mixin.py:137} INFO - [2025-08-27T15:08:10.172+0000] {dag.py:2690} INFO - Sync 1 DAGs
[2025-08-27T15:08:10.185+0000] {logging_mixin.py:137} INFO - [2025-08-27T15:08:10.185+0000] {dag.py:3441} INFO - Setting next_dagrun for example_trigger_target_dag to None, run_after=None
[2025-08-27T15:08:10.195+0000] {processor.py:175} INFO - Processing /home/airflow/.local/lib/python3.7/site-packages/airflow/example_dags/example_trigger_target_dag.py took 0.073 seconds
[2025-08-27T15:18:52.803+0000] {processor.py:153} INFO - Started process (PID=23192) to work on /home/airflow/.local/lib/python3.7/site-packages/airflow/example_dags/example_trigger_target_dag.py
[2025-08-27T15:18:52.803+0000] {processor.py:743} INFO - Processing file /home/airflow/.local/lib/python3.7/site-packages/airflow/example_dags/example_trigger_target_dag.py for tasks to queue
[2025-08-27T15:18:52.804+0000] {logging_mixin.py:137} INFO - [2025-08-27T15:18:52.804+0000] {dagbag.py:538} INFO - Filling up the DagBag from /home/airflow/.local/lib/python3.7/site-packages/airflow/example_dags/example_trigger_target_dag.py
[2025-08-27T15:18:52.818+0000] {processor.py:753} INFO - DAG(s) dict_keys(['example_trigger_target_dag']) retrieved from /home/airflow/.local/lib/python3.7/site-packages/airflow/example_dags/example_trigger_target_dag.py
[2025-08-27T15:18:52.837+0000] {logging_mixin.py:137} INFO - [2025-08-27T15:18:52.837+0000] {dag.py:2690} INFO - Sync 1 DAGs
[2025-08-27T15:18:52.852+0000] {logging_mixin.py:137} INFO - [2025-08-27T15:18:52.852+0000] {dag.py:3441} INFO - Setting next_dagrun for example_trigger_target_dag to None, run_after=None
[2025-08-27T15:18:52.864+0000] {processor.py:175} INFO - Processing /home/airflow/.local/lib/python3.7/site-packages/airflow/example_dags/example_trigger_target_dag.py took 0.064 seconds
[2025-08-27T15:19:37.144+0000] {processor.py:153} INFO - Started process (PID=23272) to work on /home/airflow/.local/lib/python3.7/site-packages/airflow/example_dags/example_trigger_target_dag.py
[2025-08-27T15:19:37.144+0000] {processor.py:743} INFO - Processing file /home/airflow/.local/lib/python3.7/site-packages/airflow/example_dags/example_trigger_target_dag.py for tasks to queue
[2025-08-27T15:19:37.144+0000] {logging_mixin.py:137} INFO - [2025-08-27T15:19:37.144+0000] {dagbag.py:538} INFO - Filling up the DagBag from /home/airflow/.local/lib/python3.7/site-packages/airflow/example_dags/example_trigger_target_dag.py
[2025-08-27T15:19:37.153+0000] {processor.py:753} INFO - DAG(s) dict_keys(['example_trigger_target_dag']) retrieved from /home/airflow/.local/lib/python3.7/site-packages/airflow/example_dags/example_trigger_target_dag.py
[2025-08-27T15:19:37.164+0000] {logging_mixin.py:137} INFO - [2025-08-27T15:19:37.164+0000] {dag.py:2690} INFO - Sync 1 DAGs
[2025-08-27T15:19:37.173+0000] {logging_mixin.py:137} INFO - [2025-08-27T15:19:37.173+0000] {dag.py:3441} INFO - Setting next_dagrun for example_trigger_target_dag to None, run_after=None
[2025-08-27T15:19:37.179+0000] {processor.py:175} INFO - Processing /home/airflow/.local/lib/python3.7/site-packages/airflow/example_dags/example_trigger_target_dag.py took 0.038 seconds
[2025-08-27T15:21:53.227+0000] {processor.py:153} INFO - Started process (PID=23372) to work on /home/airflow/.local/lib/python3.7/site-packages/airflow/example_dags/example_trigger_target_dag.py
[2025-08-27T15:21:53.227+0000] {processor.py:743} INFO - Processing file /home/airflow/.local/lib/python3.7/site-packages/airflow/example_dags/example_trigger_target_dag.py for tasks to queue
[2025-08-27T15:21:53.227+0000] {logging_mixin.py:137} INFO - [2025-08-27T15:21:53.227+0000] {dagbag.py:538} INFO - Filling up the DagBag from /home/airflow/.local/lib/python3.7/site-packages/airflow/example_dags/example_trigger_target_dag.py
[2025-08-27T15:21:53.237+0000] {processor.py:753} INFO - DAG(s) dict_keys(['example_trigger_target_dag']) retrieved from /home/airflow/.local/lib/python3.7/site-packages/airflow/example_dags/example_trigger_target_dag.py
[2025-08-27T15:21:53.247+0000] {logging_mixin.py:137} INFO - [2025-08-27T15:21:53.247+0000] {dag.py:2690} INFO - Sync 1 DAGs
[2025-08-27T15:21:53.257+0000] {logging_mixin.py:137} INFO - [2025-08-27T15:21:53.257+0000] {dag.py:3441} INFO - Setting next_dagrun for example_trigger_target_dag to None, run_after=None
[2025-08-27T15:21:53.265+0000] {processor.py:175} INFO - Processing /home/airflow/.local/lib/python3.7/site-packages/airflow/example_dags/example_trigger_target_dag.py took 0.040 seconds
[2025-08-27T15:25:59.460+0000] {processor.py:153} INFO - Started process (PID=23472) to work on /home/airflow/.local/lib/python3.7/site-packages/airflow/example_dags/example_trigger_target_dag.py
[2025-08-27T15:25:59.463+0000] {processor.py:743} INFO - Processing file /home/airflow/.local/lib/python3.7/site-packages/airflow/example_dags/example_trigger_target_dag.py for tasks to queue
[2025-08-27T15:25:59.463+0000] {logging_mixin.py:137} INFO - [2025-08-27T15:25:59.463+0000] {dagbag.py:538} INFO - Filling up the DagBag from /home/airflow/.local/lib/python3.7/site-packages/airflow/example_dags/example_trigger_target_dag.py
[2025-08-27T15:25:59.476+0000] {processor.py:753} INFO - DAG(s) dict_keys(['example_trigger_target_dag']) retrieved from /home/airflow/.local/lib/python3.7/site-packages/airflow/example_dags/example_trigger_target_dag.py
[2025-08-27T15:25:59.487+0000] {logging_mixin.py:137} INFO - [2025-08-27T15:25:59.487+0000] {dag.py:2690} INFO - Sync 1 DAGs
[2025-08-27T15:25:59.497+0000] {logging_mixin.py:137} INFO - [2025-08-27T15:25:59.497+0000] {dag.py:3441} INFO - Setting next_dagrun for example_trigger_target_dag to None, run_after=None
[2025-08-27T15:25:59.507+0000] {processor.py:175} INFO - Processing /home/airflow/.local/lib/python3.7/site-packages/airflow/example_dags/example_trigger_target_dag.py took 0.049 seconds
[2025-08-27T16:00:40.647+0000] {processor.py:153} INFO - Started process (PID=23572) to work on /home/airflow/.local/lib/python3.7/site-packages/airflow/example_dags/example_trigger_target_dag.py
[2025-08-27T16:00:40.647+0000] {processor.py:743} INFO - Processing file /home/airflow/.local/lib/python3.7/site-packages/airflow/example_dags/example_trigger_target_dag.py for tasks to queue
[2025-08-27T16:00:40.648+0000] {logging_mixin.py:137} INFO - [2025-08-27T16:00:40.648+0000] {dagbag.py:538} INFO - Filling up the DagBag from /home/airflow/.local/lib/python3.7/site-packages/airflow/example_dags/example_trigger_target_dag.py
[2025-08-27T16:00:40.659+0000] {processor.py:753} INFO - DAG(s) dict_keys(['example_trigger_target_dag']) retrieved from /home/airflow/.local/lib/python3.7/site-packages/airflow/example_dags/example_trigger_target_dag.py
[2025-08-27T16:00:40.671+0000] {logging_mixin.py:137} INFO - [2025-08-27T16:00:40.671+0000] {dag.py:2690} INFO - Sync 1 DAGs
[2025-08-27T16:00:40.683+0000] {logging_mixin.py:137} INFO - [2025-08-27T16:00:40.683+0000] {dag.py:3441} INFO - Setting next_dagrun for example_trigger_target_dag to None, run_after=None
[2025-08-27T16:00:40.692+0000] {processor.py:175} INFO - Processing /home/airflow/.local/lib/python3.7/site-packages/airflow/example_dags/example_trigger_target_dag.py took 0.047 seconds
[2025-08-27T16:14:53.364+0000] {processor.py:153} INFO - Started process (PID=23652) to work on /home/airflow/.local/lib/python3.7/site-packages/airflow/example_dags/example_trigger_target_dag.py
[2025-08-27T16:14:53.365+0000] {processor.py:743} INFO - Processing file /home/airflow/.local/lib/python3.7/site-packages/airflow/example_dags/example_trigger_target_dag.py for tasks to queue
[2025-08-27T16:14:53.365+0000] {logging_mixin.py:137} INFO - [2025-08-27T16:14:53.365+0000] {dagbag.py:538} INFO - Filling up the DagBag from /home/airflow/.local/lib/python3.7/site-packages/airflow/example_dags/example_trigger_target_dag.py
[2025-08-27T16:14:53.374+0000] {processor.py:753} INFO - DAG(s) dict_keys(['example_trigger_target_dag']) retrieved from /home/airflow/.local/lib/python3.7/site-packages/airflow/example_dags/example_trigger_target_dag.py
[2025-08-27T16:14:53.385+0000] {logging_mixin.py:137} INFO - [2025-08-27T16:14:53.385+0000] {dag.py:2690} INFO - Sync 1 DAGs
[2025-08-27T16:14:53.395+0000] {logging_mixin.py:137} INFO - [2025-08-27T16:14:53.395+0000] {dag.py:3441} INFO - Setting next_dagrun for example_trigger_target_dag to None, run_after=None
[2025-08-27T16:14:53.402+0000] {processor.py:175} INFO - Processing /home/airflow/.local/lib/python3.7/site-packages/airflow/example_dags/example_trigger_target_dag.py took 0.039 seconds
[2025-08-27T16:23:10.733+0000] {processor.py:153} INFO - Started process (PID=23752) to work on /home/airflow/.local/lib/python3.7/site-packages/airflow/example_dags/example_trigger_target_dag.py
[2025-08-27T16:23:10.734+0000] {processor.py:743} INFO - Processing file /home/airflow/.local/lib/python3.7/site-packages/airflow/example_dags/example_trigger_target_dag.py for tasks to queue
[2025-08-27T16:23:10.734+0000] {logging_mixin.py:137} INFO - [2025-08-27T16:23:10.734+0000] {dagbag.py:538} INFO - Filling up the DagBag from /home/airflow/.local/lib/python3.7/site-packages/airflow/example_dags/example_trigger_target_dag.py
[2025-08-27T16:23:10.744+0000] {processor.py:753} INFO - DAG(s) dict_keys(['example_trigger_target_dag']) retrieved from /home/airflow/.local/lib/python3.7/site-packages/airflow/example_dags/example_trigger_target_dag.py
[2025-08-27T16:23:10.756+0000] {logging_mixin.py:137} INFO - [2025-08-27T16:23:10.755+0000] {dag.py:2690} INFO - Sync 1 DAGs
[2025-08-27T16:23:10.767+0000] {logging_mixin.py:137} INFO - [2025-08-27T16:23:10.767+0000] {dag.py:3441} INFO - Setting next_dagrun for example_trigger_target_dag to None, run_after=None
[2025-08-27T16:23:10.775+0000] {processor.py:175} INFO - Processing /home/airflow/.local/lib/python3.7/site-packages/airflow/example_dags/example_trigger_target_dag.py took 0.044 seconds
[2025-08-27T16:24:54.330+0000] {processor.py:153} INFO - Started process (PID=23852) to work on /home/airflow/.local/lib/python3.7/site-packages/airflow/example_dags/example_trigger_target_dag.py
[2025-08-27T16:24:54.331+0000] {processor.py:743} INFO - Processing file /home/airflow/.local/lib/python3.7/site-packages/airflow/example_dags/example_trigger_target_dag.py for tasks to queue
[2025-08-27T16:24:54.332+0000] {logging_mixin.py:137} INFO - [2025-08-27T16:24:54.331+0000] {dagbag.py:538} INFO - Filling up the DagBag from /home/airflow/.local/lib/python3.7/site-packages/airflow/example_dags/example_trigger_target_dag.py
[2025-08-27T16:24:54.341+0000] {processor.py:753} INFO - DAG(s) dict_keys(['example_trigger_target_dag']) retrieved from /home/airflow/.local/lib/python3.7/site-packages/airflow/example_dags/example_trigger_target_dag.py
[2025-08-27T16:24:54.353+0000] {logging_mixin.py:137} INFO - [2025-08-27T16:24:54.353+0000] {dag.py:2690} INFO - Sync 1 DAGs
[2025-08-27T16:24:54.363+0000] {logging_mixin.py:137} INFO - [2025-08-27T16:24:54.363+0000] {dag.py:3441} INFO - Setting next_dagrun for example_trigger_target_dag to None, run_after=None
[2025-08-27T16:24:54.370+0000] {processor.py:175} INFO - Processing /home/airflow/.local/lib/python3.7/site-packages/airflow/example_dags/example_trigger_target_dag.py took 0.042 seconds
[2025-08-27T16:30:08.001+0000] {processor.py:153} INFO - Started process (PID=23952) to work on /home/airflow/.local/lib/python3.7/site-packages/airflow/example_dags/example_trigger_target_dag.py
[2025-08-27T16:30:08.001+0000] {processor.py:743} INFO - Processing file /home/airflow/.local/lib/python3.7/site-packages/airflow/example_dags/example_trigger_target_dag.py for tasks to queue
[2025-08-27T16:30:08.002+0000] {logging_mixin.py:137} INFO - [2025-08-27T16:30:08.002+0000] {dagbag.py:538} INFO - Filling up the DagBag from /home/airflow/.local/lib/python3.7/site-packages/airflow/example_dags/example_trigger_target_dag.py
[2025-08-27T16:30:08.016+0000] {processor.py:753} INFO - DAG(s) dict_keys(['example_trigger_target_dag']) retrieved from /home/airflow/.local/lib/python3.7/site-packages/airflow/example_dags/example_trigger_target_dag.py
[2025-08-27T16:30:08.034+0000] {logging_mixin.py:137} INFO - [2025-08-27T16:30:08.034+0000] {dag.py:2690} INFO - Sync 1 DAGs
[2025-08-27T16:30:08.046+0000] {logging_mixin.py:137} INFO - [2025-08-27T16:30:08.046+0000] {dag.py:3441} INFO - Setting next_dagrun for example_trigger_target_dag to None, run_after=None
[2025-08-27T16:30:08.061+0000] {processor.py:175} INFO - Processing /home/airflow/.local/lib/python3.7/site-packages/airflow/example_dags/example_trigger_target_dag.py took 0.062 seconds
[2025-08-27T16:44:03.328+0000] {processor.py:153} INFO - Started process (PID=24032) to work on /home/airflow/.local/lib/python3.7/site-packages/airflow/example_dags/example_trigger_target_dag.py
[2025-08-27T16:44:03.329+0000] {processor.py:743} INFO - Processing file /home/airflow/.local/lib/python3.7/site-packages/airflow/example_dags/example_trigger_target_dag.py for tasks to queue
[2025-08-27T16:44:03.329+0000] {logging_mixin.py:137} INFO - [2025-08-27T16:44:03.329+0000] {dagbag.py:538} INFO - Filling up the DagBag from /home/airflow/.local/lib/python3.7/site-packages/airflow/example_dags/example_trigger_target_dag.py
[2025-08-27T16:44:03.338+0000] {processor.py:753} INFO - DAG(s) dict_keys(['example_trigger_target_dag']) retrieved from /home/airflow/.local/lib/python3.7/site-packages/airflow/example_dags/example_trigger_target_dag.py
[2025-08-27T16:44:03.352+0000] {logging_mixin.py:137} INFO - [2025-08-27T16:44:03.351+0000] {dag.py:2690} INFO - Sync 1 DAGs
[2025-08-27T16:44:03.362+0000] {logging_mixin.py:137} INFO - [2025-08-27T16:44:03.362+0000] {dag.py:3441} INFO - Setting next_dagrun for example_trigger_target_dag to None, run_after=None
[2025-08-27T16:44:03.369+0000] {processor.py:175} INFO - Processing /home/airflow/.local/lib/python3.7/site-packages/airflow/example_dags/example_trigger_target_dag.py took 0.043 seconds
[2025-08-27T18:19:17.816+0000] {processor.py:153} INFO - Started process (PID=24132) to work on /home/airflow/.local/lib/python3.7/site-packages/airflow/example_dags/example_trigger_target_dag.py
[2025-08-27T18:19:17.817+0000] {processor.py:743} INFO - Processing file /home/airflow/.local/lib/python3.7/site-packages/airflow/example_dags/example_trigger_target_dag.py for tasks to queue
[2025-08-27T18:19:17.817+0000] {logging_mixin.py:137} INFO - [2025-08-27T18:19:17.817+0000] {dagbag.py:538} INFO - Filling up the DagBag from /home/airflow/.local/lib/python3.7/site-packages/airflow/example_dags/example_trigger_target_dag.py
[2025-08-27T18:19:17.827+0000] {processor.py:753} INFO - DAG(s) dict_keys(['example_trigger_target_dag']) retrieved from /home/airflow/.local/lib/python3.7/site-packages/airflow/example_dags/example_trigger_target_dag.py
[2025-08-27T18:19:17.838+0000] {logging_mixin.py:137} INFO - [2025-08-27T18:19:17.838+0000] {dag.py:2690} INFO - Sync 1 DAGs
[2025-08-27T18:19:17.848+0000] {logging_mixin.py:137} INFO - [2025-08-27T18:19:17.848+0000] {dag.py:3441} INFO - Setting next_dagrun for example_trigger_target_dag to None, run_after=None
[2025-08-27T18:19:17.855+0000] {processor.py:175} INFO - Processing /home/airflow/.local/lib/python3.7/site-packages/airflow/example_dags/example_trigger_target_dag.py took 0.041 seconds
[2025-08-27T19:39:50.390+0000] {processor.py:153} INFO - Started process (PID=24232) to work on /home/airflow/.local/lib/python3.7/site-packages/airflow/example_dags/example_trigger_target_dag.py
[2025-08-27T19:39:50.390+0000] {processor.py:743} INFO - Processing file /home/airflow/.local/lib/python3.7/site-packages/airflow/example_dags/example_trigger_target_dag.py for tasks to queue
[2025-08-27T19:39:50.390+0000] {logging_mixin.py:137} INFO - [2025-08-27T19:39:50.390+0000] {dagbag.py:538} INFO - Filling up the DagBag from /home/airflow/.local/lib/python3.7/site-packages/airflow/example_dags/example_trigger_target_dag.py
[2025-08-27T19:39:50.401+0000] {processor.py:753} INFO - DAG(s) dict_keys(['example_trigger_target_dag']) retrieved from /home/airflow/.local/lib/python3.7/site-packages/airflow/example_dags/example_trigger_target_dag.py
[2025-08-27T19:39:50.412+0000] {logging_mixin.py:137} INFO - [2025-08-27T19:39:50.412+0000] {dag.py:2690} INFO - Sync 1 DAGs
[2025-08-27T19:39:50.421+0000] {logging_mixin.py:137} INFO - [2025-08-27T19:39:50.421+0000] {dag.py:3441} INFO - Setting next_dagrun for example_trigger_target_dag to None, run_after=None
[2025-08-27T19:39:50.428+0000] {processor.py:175} INFO - Processing /home/airflow/.local/lib/python3.7/site-packages/airflow/example_dags/example_trigger_target_dag.py took 0.040 seconds
[2025-08-27T21:01:25.350+0000] {processor.py:153} INFO - Started process (PID=24312) to work on /home/airflow/.local/lib/python3.7/site-packages/airflow/example_dags/example_trigger_target_dag.py
[2025-08-27T21:01:25.350+0000] {processor.py:743} INFO - Processing file /home/airflow/.local/lib/python3.7/site-packages/airflow/example_dags/example_trigger_target_dag.py for tasks to queue
[2025-08-27T21:01:25.351+0000] {logging_mixin.py:137} INFO - [2025-08-27T21:01:25.351+0000] {dagbag.py:538} INFO - Filling up the DagBag from /home/airflow/.local/lib/python3.7/site-packages/airflow/example_dags/example_trigger_target_dag.py
[2025-08-27T21:01:25.360+0000] {processor.py:753} INFO - DAG(s) dict_keys(['example_trigger_target_dag']) retrieved from /home/airflow/.local/lib/python3.7/site-packages/airflow/example_dags/example_trigger_target_dag.py
[2025-08-27T21:01:25.371+0000] {logging_mixin.py:137} INFO - [2025-08-27T21:01:25.371+0000] {dag.py:2690} INFO - Sync 1 DAGs
[2025-08-27T21:01:25.383+0000] {logging_mixin.py:137} INFO - [2025-08-27T21:01:25.383+0000] {dag.py:3441} INFO - Setting next_dagrun for example_trigger_target_dag to None, run_after=None
[2025-08-27T21:01:25.390+0000] {processor.py:175} INFO - Processing /home/airflow/.local/lib/python3.7/site-packages/airflow/example_dags/example_trigger_target_dag.py took 0.042 seconds
[2025-08-27T21:51:50.320+0000] {processor.py:153} INFO - Started process (PID=24412) to work on /home/airflow/.local/lib/python3.7/site-packages/airflow/example_dags/example_trigger_target_dag.py
[2025-08-27T21:51:50.324+0000] {processor.py:743} INFO - Processing file /home/airflow/.local/lib/python3.7/site-packages/airflow/example_dags/example_trigger_target_dag.py for tasks to queue
[2025-08-27T21:51:50.324+0000] {logging_mixin.py:137} INFO - [2025-08-27T21:51:50.324+0000] {dagbag.py:538} INFO - Filling up the DagBag from /home/airflow/.local/lib/python3.7/site-packages/airflow/example_dags/example_trigger_target_dag.py
[2025-08-27T21:51:50.333+0000] {processor.py:753} INFO - DAG(s) dict_keys(['example_trigger_target_dag']) retrieved from /home/airflow/.local/lib/python3.7/site-packages/airflow/example_dags/example_trigger_target_dag.py
[2025-08-27T21:51:50.343+0000] {logging_mixin.py:137} INFO - [2025-08-27T21:51:50.343+0000] {dag.py:2690} INFO - Sync 1 DAGs
[2025-08-27T21:51:50.354+0000] {logging_mixin.py:137} INFO - [2025-08-27T21:51:50.354+0000] {dag.py:3441} INFO - Setting next_dagrun for example_trigger_target_dag to None, run_after=None
[2025-08-27T21:51:50.362+0000] {processor.py:175} INFO - Processing /home/airflow/.local/lib/python3.7/site-packages/airflow/example_dags/example_trigger_target_dag.py took 0.043 seconds
[2025-08-27T23:29:06.242+0000] {processor.py:153} INFO - Started process (PID=24512) to work on /home/airflow/.local/lib/python3.7/site-packages/airflow/example_dags/example_trigger_target_dag.py
[2025-08-27T23:29:06.243+0000] {processor.py:743} INFO - Processing file /home/airflow/.local/lib/python3.7/site-packages/airflow/example_dags/example_trigger_target_dag.py for tasks to queue
[2025-08-27T23:29:06.243+0000] {logging_mixin.py:137} INFO - [2025-08-27T23:29:06.243+0000] {dagbag.py:538} INFO - Filling up the DagBag from /home/airflow/.local/lib/python3.7/site-packages/airflow/example_dags/example_trigger_target_dag.py
[2025-08-27T23:29:06.255+0000] {processor.py:753} INFO - DAG(s) dict_keys(['example_trigger_target_dag']) retrieved from /home/airflow/.local/lib/python3.7/site-packages/airflow/example_dags/example_trigger_target_dag.py
[2025-08-27T23:29:06.268+0000] {logging_mixin.py:137} INFO - [2025-08-27T23:29:06.268+0000] {dag.py:2690} INFO - Sync 1 DAGs
[2025-08-27T23:29:06.279+0000] {logging_mixin.py:137} INFO - [2025-08-27T23:29:06.279+0000] {dag.py:3441} INFO - Setting next_dagrun for example_trigger_target_dag to None, run_after=None
[2025-08-27T23:29:06.287+0000] {processor.py:175} INFO - Processing /home/airflow/.local/lib/python3.7/site-packages/airflow/example_dags/example_trigger_target_dag.py took 0.047 seconds
