[2025-08-27T00:46:29.328+0000] {processor.py:153} INFO - Started process (PID=19497) to work on /home/airflow/.local/lib/python3.7/site-packages/airflow/example_dags/example_short_circuit_operator.py
[2025-08-27T00:46:29.328+0000] {processor.py:743} INFO - Processing file /home/airflow/.local/lib/python3.7/site-packages/airflow/example_dags/example_short_circuit_operator.py for tasks to queue
[2025-08-27T00:46:29.329+0000] {logging_mixin.py:137} INFO - [2025-08-27T00:46:29.329+0000] {dagbag.py:538} INFO - Filling up the DagBag from /home/airflow/.local/lib/python3.7/site-packages/airflow/example_dags/example_short_circuit_operator.py
[2025-08-27T00:46:29.351+0000] {processor.py:753} INFO - DAG(s) dict_keys(['example_short_circuit_operator']) retrieved from /home/airflow/.local/lib/python3.7/site-packages/airflow/example_dags/example_short_circuit_operator.py
[2025-08-27T00:46:29.372+0000] {logging_mixin.py:137} INFO - [2025-08-27T00:46:29.372+0000] {dag.py:2690} INFO - Sync 1 DAGs
[2025-08-27T00:46:29.396+0000] {logging_mixin.py:137} INFO - [2025-08-27T00:46:29.396+0000] {dag.py:3441} INFO - Setting next_dagrun for example_short_circuit_operator to 2025-08-26T00:46:29.396117+00:00, run_after=2025-08-27T00:46:29.396117+00:00
[2025-08-27T00:46:29.413+0000] {processor.py:175} INFO - Processing /home/airflow/.local/lib/python3.7/site-packages/airflow/example_dags/example_short_circuit_operator.py took 0.088 seconds
[2025-08-27T02:21:51.206+0000] {processor.py:153} INFO - Started process (PID=19577) to work on /home/airflow/.local/lib/python3.7/site-packages/airflow/example_dags/example_short_circuit_operator.py
[2025-08-27T02:21:51.206+0000] {processor.py:743} INFO - Processing file /home/airflow/.local/lib/python3.7/site-packages/airflow/example_dags/example_short_circuit_operator.py for tasks to queue
[2025-08-27T02:21:51.207+0000] {logging_mixin.py:137} INFO - [2025-08-27T02:21:51.207+0000] {dagbag.py:538} INFO - Filling up the DagBag from /home/airflow/.local/lib/python3.7/site-packages/airflow/example_dags/example_short_circuit_operator.py
[2025-08-27T02:21:51.214+0000] {processor.py:753} INFO - DAG(s) dict_keys(['example_short_circuit_operator']) retrieved from /home/airflow/.local/lib/python3.7/site-packages/airflow/example_dags/example_short_circuit_operator.py
[2025-08-27T02:21:51.225+0000] {logging_mixin.py:137} INFO - [2025-08-27T02:21:51.225+0000] {dag.py:2690} INFO - Sync 1 DAGs
[2025-08-27T02:21:51.235+0000] {logging_mixin.py:137} INFO - [2025-08-27T02:21:51.235+0000] {dag.py:3441} INFO - Setting next_dagrun for example_short_circuit_operator to 2025-08-26T02:21:51.235123+00:00, run_after=2025-08-27T02:21:51.235123+00:00
[2025-08-27T02:21:51.242+0000] {processor.py:175} INFO - Processing /home/airflow/.local/lib/python3.7/site-packages/airflow/example_dags/example_short_circuit_operator.py took 0.037 seconds
[2025-08-27T02:37:29.891+0000] {processor.py:153} INFO - Started process (PID=19677) to work on /home/airflow/.local/lib/python3.7/site-packages/airflow/example_dags/example_short_circuit_operator.py
[2025-08-27T02:37:29.892+0000] {processor.py:743} INFO - Processing file /home/airflow/.local/lib/python3.7/site-packages/airflow/example_dags/example_short_circuit_operator.py for tasks to queue
[2025-08-27T02:37:29.892+0000] {logging_mixin.py:137} INFO - [2025-08-27T02:37:29.892+0000] {dagbag.py:538} INFO - Filling up the DagBag from /home/airflow/.local/lib/python3.7/site-packages/airflow/example_dags/example_short_circuit_operator.py
[2025-08-27T02:37:29.904+0000] {processor.py:753} INFO - DAG(s) dict_keys(['example_short_circuit_operator']) retrieved from /home/airflow/.local/lib/python3.7/site-packages/airflow/example_dags/example_short_circuit_operator.py
[2025-08-27T02:37:29.921+0000] {logging_mixin.py:137} INFO - [2025-08-27T02:37:29.921+0000] {dag.py:2690} INFO - Sync 1 DAGs
[2025-08-27T02:37:29.944+0000] {logging_mixin.py:137} INFO - [2025-08-27T02:37:29.944+0000] {dag.py:3441} INFO - Setting next_dagrun for example_short_circuit_operator to 2025-08-26T02:37:29.944128+00:00, run_after=2025-08-27T02:37:29.944128+00:00
[2025-08-27T02:37:29.968+0000] {processor.py:175} INFO - Processing /home/airflow/.local/lib/python3.7/site-packages/airflow/example_dags/example_short_circuit_operator.py took 0.079 seconds
[2025-08-27T03:02:26.265+0000] {processor.py:153} INFO - Started process (PID=19777) to work on /home/airflow/.local/lib/python3.7/site-packages/airflow/example_dags/example_short_circuit_operator.py
[2025-08-27T03:02:26.266+0000] {processor.py:743} INFO - Processing file /home/airflow/.local/lib/python3.7/site-packages/airflow/example_dags/example_short_circuit_operator.py for tasks to queue
[2025-08-27T03:02:26.266+0000] {logging_mixin.py:137} INFO - [2025-08-27T03:02:26.266+0000] {dagbag.py:538} INFO - Filling up the DagBag from /home/airflow/.local/lib/python3.7/site-packages/airflow/example_dags/example_short_circuit_operator.py
[2025-08-27T03:02:26.273+0000] {processor.py:753} INFO - DAG(s) dict_keys(['example_short_circuit_operator']) retrieved from /home/airflow/.local/lib/python3.7/site-packages/airflow/example_dags/example_short_circuit_operator.py
[2025-08-27T03:02:26.283+0000] {logging_mixin.py:137} INFO - [2025-08-27T03:02:26.283+0000] {dag.py:2690} INFO - Sync 1 DAGs
[2025-08-27T03:02:26.292+0000] {logging_mixin.py:137} INFO - [2025-08-27T03:02:26.292+0000] {dag.py:3441} INFO - Setting next_dagrun for example_short_circuit_operator to 2025-08-26T03:02:26.292050+00:00, run_after=2025-08-27T03:02:26.292050+00:00
[2025-08-27T03:02:26.299+0000] {processor.py:175} INFO - Processing /home/airflow/.local/lib/python3.7/site-packages/airflow/example_dags/example_short_circuit_operator.py took 0.035 seconds
[2025-08-27T03:13:53.593+0000] {processor.py:153} INFO - Started process (PID=19876) to work on /home/airflow/.local/lib/python3.7/site-packages/airflow/example_dags/example_short_circuit_operator.py
[2025-08-27T03:13:53.593+0000] {processor.py:743} INFO - Processing file /home/airflow/.local/lib/python3.7/site-packages/airflow/example_dags/example_short_circuit_operator.py for tasks to queue
[2025-08-27T03:13:53.594+0000] {logging_mixin.py:137} INFO - [2025-08-27T03:13:53.594+0000] {dagbag.py:538} INFO - Filling up the DagBag from /home/airflow/.local/lib/python3.7/site-packages/airflow/example_dags/example_short_circuit_operator.py
[2025-08-27T03:13:53.601+0000] {processor.py:753} INFO - DAG(s) dict_keys(['example_short_circuit_operator']) retrieved from /home/airflow/.local/lib/python3.7/site-packages/airflow/example_dags/example_short_circuit_operator.py
[2025-08-27T03:13:53.613+0000] {logging_mixin.py:137} INFO - [2025-08-27T03:13:53.613+0000] {dag.py:2690} INFO - Sync 1 DAGs
[2025-08-27T03:13:53.628+0000] {logging_mixin.py:137} INFO - [2025-08-27T03:13:53.628+0000] {dag.py:3441} INFO - Setting next_dagrun for example_short_circuit_operator to 2025-08-26T03:13:53.627971+00:00, run_after=2025-08-27T03:13:53.627971+00:00
[2025-08-27T03:13:53.635+0000] {processor.py:175} INFO - Processing /home/airflow/.local/lib/python3.7/site-packages/airflow/example_dags/example_short_circuit_operator.py took 0.044 seconds
[2025-08-27T03:33:09.133+0000] {processor.py:153} INFO - Started process (PID=19956) to work on /home/airflow/.local/lib/python3.7/site-packages/airflow/example_dags/example_short_circuit_operator.py
[2025-08-27T03:33:09.140+0000] {processor.py:743} INFO - Processing file /home/airflow/.local/lib/python3.7/site-packages/airflow/example_dags/example_short_circuit_operator.py for tasks to queue
[2025-08-27T03:33:09.141+0000] {logging_mixin.py:137} INFO - [2025-08-27T03:33:09.141+0000] {dagbag.py:538} INFO - Filling up the DagBag from /home/airflow/.local/lib/python3.7/site-packages/airflow/example_dags/example_short_circuit_operator.py
[2025-08-27T03:33:09.159+0000] {processor.py:753} INFO - DAG(s) dict_keys(['example_short_circuit_operator']) retrieved from /home/airflow/.local/lib/python3.7/site-packages/airflow/example_dags/example_short_circuit_operator.py
[2025-08-27T03:33:09.202+0000] {logging_mixin.py:137} INFO - [2025-08-27T03:33:09.202+0000] {dag.py:2690} INFO - Sync 1 DAGs
[2025-08-27T03:33:09.226+0000] {logging_mixin.py:137} INFO - [2025-08-27T03:33:09.225+0000] {dag.py:3441} INFO - Setting next_dagrun for example_short_circuit_operator to 2025-08-26T03:33:09.225828+00:00, run_after=2025-08-27T03:33:09.225828+00:00
[2025-08-27T03:33:09.246+0000] {processor.py:175} INFO - Processing /home/airflow/.local/lib/python3.7/site-packages/airflow/example_dags/example_short_circuit_operator.py took 0.115 seconds
[2025-08-27T04:45:10.252+0000] {processor.py:153} INFO - Started process (PID=20056) to work on /home/airflow/.local/lib/python3.7/site-packages/airflow/example_dags/example_short_circuit_operator.py
[2025-08-27T04:45:10.252+0000] {processor.py:743} INFO - Processing file /home/airflow/.local/lib/python3.7/site-packages/airflow/example_dags/example_short_circuit_operator.py for tasks to queue
[2025-08-27T04:45:10.253+0000] {logging_mixin.py:137} INFO - [2025-08-27T04:45:10.253+0000] {dagbag.py:538} INFO - Filling up the DagBag from /home/airflow/.local/lib/python3.7/site-packages/airflow/example_dags/example_short_circuit_operator.py
[2025-08-27T04:45:10.267+0000] {processor.py:753} INFO - DAG(s) dict_keys(['example_short_circuit_operator']) retrieved from /home/airflow/.local/lib/python3.7/site-packages/airflow/example_dags/example_short_circuit_operator.py
[2025-08-27T04:45:10.285+0000] {logging_mixin.py:137} INFO - [2025-08-27T04:45:10.285+0000] {dag.py:2690} INFO - Sync 1 DAGs
[2025-08-27T04:45:10.297+0000] {logging_mixin.py:137} INFO - [2025-08-27T04:45:10.297+0000] {dag.py:3441} INFO - Setting next_dagrun for example_short_circuit_operator to 2025-08-26T04:45:10.297060+00:00, run_after=2025-08-27T04:45:10.297060+00:00
[2025-08-27T04:45:10.309+0000] {processor.py:175} INFO - Processing /home/airflow/.local/lib/python3.7/site-packages/airflow/example_dags/example_short_circuit_operator.py took 0.059 seconds
[2025-08-27T04:49:55.772+0000] {processor.py:153} INFO - Started process (PID=20156) to work on /home/airflow/.local/lib/python3.7/site-packages/airflow/example_dags/example_short_circuit_operator.py
[2025-08-27T04:49:55.775+0000] {processor.py:743} INFO - Processing file /home/airflow/.local/lib/python3.7/site-packages/airflow/example_dags/example_short_circuit_operator.py for tasks to queue
[2025-08-27T04:49:55.776+0000] {logging_mixin.py:137} INFO - [2025-08-27T04:49:55.776+0000] {dagbag.py:538} INFO - Filling up the DagBag from /home/airflow/.local/lib/python3.7/site-packages/airflow/example_dags/example_short_circuit_operator.py
[2025-08-27T04:49:55.786+0000] {processor.py:753} INFO - DAG(s) dict_keys(['example_short_circuit_operator']) retrieved from /home/airflow/.local/lib/python3.7/site-packages/airflow/example_dags/example_short_circuit_operator.py
[2025-08-27T04:49:55.802+0000] {logging_mixin.py:137} INFO - [2025-08-27T04:49:55.801+0000] {dag.py:2690} INFO - Sync 1 DAGs
[2025-08-27T04:49:55.814+0000] {logging_mixin.py:137} INFO - [2025-08-27T04:49:55.814+0000] {dag.py:3441} INFO - Setting next_dagrun for example_short_circuit_operator to 2025-08-26T04:49:55.813923+00:00, run_after=2025-08-27T04:49:55.813923+00:00
[2025-08-27T04:49:55.822+0000] {processor.py:175} INFO - Processing /home/airflow/.local/lib/python3.7/site-packages/airflow/example_dags/example_short_circuit_operator.py took 0.053 seconds
[2025-08-27T05:35:09.076+0000] {processor.py:153} INFO - Started process (PID=20236) to work on /home/airflow/.local/lib/python3.7/site-packages/airflow/example_dags/example_short_circuit_operator.py
[2025-08-27T05:35:09.077+0000] {processor.py:743} INFO - Processing file /home/airflow/.local/lib/python3.7/site-packages/airflow/example_dags/example_short_circuit_operator.py for tasks to queue
[2025-08-27T05:35:09.077+0000] {logging_mixin.py:137} INFO - [2025-08-27T05:35:09.077+0000] {dagbag.py:538} INFO - Filling up the DagBag from /home/airflow/.local/lib/python3.7/site-packages/airflow/example_dags/example_short_circuit_operator.py
[2025-08-27T05:35:09.084+0000] {processor.py:753} INFO - DAG(s) dict_keys(['example_short_circuit_operator']) retrieved from /home/airflow/.local/lib/python3.7/site-packages/airflow/example_dags/example_short_circuit_operator.py
[2025-08-27T05:35:09.096+0000] {logging_mixin.py:137} INFO - [2025-08-27T05:35:09.096+0000] {dag.py:2690} INFO - Sync 1 DAGs
[2025-08-27T05:35:09.106+0000] {logging_mixin.py:137} INFO - [2025-08-27T05:35:09.106+0000] {dag.py:3441} INFO - Setting next_dagrun for example_short_circuit_operator to 2025-08-26T05:35:09.106600+00:00, run_after=2025-08-27T05:35:09.106600+00:00
[2025-08-27T05:35:09.114+0000] {processor.py:175} INFO - Processing /home/airflow/.local/lib/python3.7/site-packages/airflow/example_dags/example_short_circuit_operator.py took 0.039 seconds
[2025-08-27T06:12:37.146+0000] {processor.py:153} INFO - Started process (PID=20336) to work on /home/airflow/.local/lib/python3.7/site-packages/airflow/example_dags/example_short_circuit_operator.py
[2025-08-27T06:12:37.150+0000] {processor.py:743} INFO - Processing file /home/airflow/.local/lib/python3.7/site-packages/airflow/example_dags/example_short_circuit_operator.py for tasks to queue
[2025-08-27T06:12:37.151+0000] {logging_mixin.py:137} INFO - [2025-08-27T06:12:37.150+0000] {dagbag.py:538} INFO - Filling up the DagBag from /home/airflow/.local/lib/python3.7/site-packages/airflow/example_dags/example_short_circuit_operator.py
[2025-08-27T06:12:37.162+0000] {processor.py:753} INFO - DAG(s) dict_keys(['example_short_circuit_operator']) retrieved from /home/airflow/.local/lib/python3.7/site-packages/airflow/example_dags/example_short_circuit_operator.py
[2025-08-27T06:12:37.180+0000] {logging_mixin.py:137} INFO - [2025-08-27T06:12:37.179+0000] {dag.py:2690} INFO - Sync 1 DAGs
[2025-08-27T06:12:37.198+0000] {logging_mixin.py:137} INFO - [2025-08-27T06:12:37.197+0000] {dag.py:3441} INFO - Setting next_dagrun for example_short_circuit_operator to 2025-08-26T06:12:37.197694+00:00, run_after=2025-08-27T06:12:37.197694+00:00
[2025-08-27T06:12:37.210+0000] {processor.py:175} INFO - Processing /home/airflow/.local/lib/python3.7/site-packages/airflow/example_dags/example_short_circuit_operator.py took 0.069 seconds
[2025-08-27T06:55:18.827+0000] {processor.py:153} INFO - Started process (PID=20436) to work on /home/airflow/.local/lib/python3.7/site-packages/airflow/example_dags/example_short_circuit_operator.py
[2025-08-27T06:55:18.827+0000] {processor.py:743} INFO - Processing file /home/airflow/.local/lib/python3.7/site-packages/airflow/example_dags/example_short_circuit_operator.py for tasks to queue
[2025-08-27T06:55:18.827+0000] {logging_mixin.py:137} INFO - [2025-08-27T06:55:18.827+0000] {dagbag.py:538} INFO - Filling up the DagBag from /home/airflow/.local/lib/python3.7/site-packages/airflow/example_dags/example_short_circuit_operator.py
[2025-08-27T06:55:18.834+0000] {processor.py:753} INFO - DAG(s) dict_keys(['example_short_circuit_operator']) retrieved from /home/airflow/.local/lib/python3.7/site-packages/airflow/example_dags/example_short_circuit_operator.py
[2025-08-27T06:55:18.844+0000] {logging_mixin.py:137} INFO - [2025-08-27T06:55:18.844+0000] {dag.py:2690} INFO - Sync 1 DAGs
[2025-08-27T06:55:18.854+0000] {logging_mixin.py:137} INFO - [2025-08-27T06:55:18.854+0000] {dag.py:3441} INFO - Setting next_dagrun for example_short_circuit_operator to 2025-08-26T06:55:18.854553+00:00, run_after=2025-08-27T06:55:18.854553+00:00
[2025-08-27T06:55:18.860+0000] {processor.py:175} INFO - Processing /home/airflow/.local/lib/python3.7/site-packages/airflow/example_dags/example_short_circuit_operator.py took 0.035 seconds
[2025-08-27T07:53:52.199+0000] {processor.py:153} INFO - Started process (PID=20536) to work on /home/airflow/.local/lib/python3.7/site-packages/airflow/example_dags/example_short_circuit_operator.py
[2025-08-27T07:53:52.199+0000] {processor.py:743} INFO - Processing file /home/airflow/.local/lib/python3.7/site-packages/airflow/example_dags/example_short_circuit_operator.py for tasks to queue
[2025-08-27T07:53:52.200+0000] {logging_mixin.py:137} INFO - [2025-08-27T07:53:52.200+0000] {dagbag.py:538} INFO - Filling up the DagBag from /home/airflow/.local/lib/python3.7/site-packages/airflow/example_dags/example_short_circuit_operator.py
[2025-08-27T07:53:52.207+0000] {processor.py:753} INFO - DAG(s) dict_keys(['example_short_circuit_operator']) retrieved from /home/airflow/.local/lib/python3.7/site-packages/airflow/example_dags/example_short_circuit_operator.py
[2025-08-27T07:53:52.219+0000] {logging_mixin.py:137} INFO - [2025-08-27T07:53:52.219+0000] {dag.py:2690} INFO - Sync 1 DAGs
[2025-08-27T07:53:52.229+0000] {logging_mixin.py:137} INFO - [2025-08-27T07:53:52.229+0000] {dag.py:3441} INFO - Setting next_dagrun for example_short_circuit_operator to 2025-08-26T07:53:52.229153+00:00, run_after=2025-08-27T07:53:52.229153+00:00
[2025-08-27T07:53:52.236+0000] {processor.py:175} INFO - Processing /home/airflow/.local/lib/python3.7/site-packages/airflow/example_dags/example_short_circuit_operator.py took 0.039 seconds
[2025-08-27T08:23:39.447+0000] {processor.py:153} INFO - Started process (PID=20616) to work on /home/airflow/.local/lib/python3.7/site-packages/airflow/example_dags/example_short_circuit_operator.py
[2025-08-27T08:23:39.447+0000] {processor.py:743} INFO - Processing file /home/airflow/.local/lib/python3.7/site-packages/airflow/example_dags/example_short_circuit_operator.py for tasks to queue
[2025-08-27T08:23:39.447+0000] {logging_mixin.py:137} INFO - [2025-08-27T08:23:39.447+0000] {dagbag.py:538} INFO - Filling up the DagBag from /home/airflow/.local/lib/python3.7/site-packages/airflow/example_dags/example_short_circuit_operator.py
[2025-08-27T08:23:39.454+0000] {processor.py:753} INFO - DAG(s) dict_keys(['example_short_circuit_operator']) retrieved from /home/airflow/.local/lib/python3.7/site-packages/airflow/example_dags/example_short_circuit_operator.py
[2025-08-27T08:23:39.465+0000] {logging_mixin.py:137} INFO - [2025-08-27T08:23:39.465+0000] {dag.py:2690} INFO - Sync 1 DAGs
[2025-08-27T08:23:39.474+0000] {logging_mixin.py:137} INFO - [2025-08-27T08:23:39.474+0000] {dag.py:3441} INFO - Setting next_dagrun for example_short_circuit_operator to 2025-08-26T08:23:39.474768+00:00, run_after=2025-08-27T08:23:39.474768+00:00
[2025-08-27T08:23:39.482+0000] {processor.py:175} INFO - Processing /home/airflow/.local/lib/python3.7/site-packages/airflow/example_dags/example_short_circuit_operator.py took 0.037 seconds
[2025-08-27T09:35:50.703+0000] {processor.py:153} INFO - Started process (PID=20716) to work on /home/airflow/.local/lib/python3.7/site-packages/airflow/example_dags/example_short_circuit_operator.py
[2025-08-27T09:35:50.704+0000] {processor.py:743} INFO - Processing file /home/airflow/.local/lib/python3.7/site-packages/airflow/example_dags/example_short_circuit_operator.py for tasks to queue
[2025-08-27T09:35:50.704+0000] {logging_mixin.py:137} INFO - [2025-08-27T09:35:50.704+0000] {dagbag.py:538} INFO - Filling up the DagBag from /home/airflow/.local/lib/python3.7/site-packages/airflow/example_dags/example_short_circuit_operator.py
[2025-08-27T09:35:50.712+0000] {processor.py:753} INFO - DAG(s) dict_keys(['example_short_circuit_operator']) retrieved from /home/airflow/.local/lib/python3.7/site-packages/airflow/example_dags/example_short_circuit_operator.py
[2025-08-27T09:35:50.724+0000] {logging_mixin.py:137} INFO - [2025-08-27T09:35:50.724+0000] {dag.py:2690} INFO - Sync 1 DAGs
[2025-08-27T09:35:50.735+0000] {logging_mixin.py:137} INFO - [2025-08-27T09:35:50.735+0000] {dag.py:3441} INFO - Setting next_dagrun for example_short_circuit_operator to 2025-08-26T09:35:50.735010+00:00, run_after=2025-08-27T09:35:50.735010+00:00
[2025-08-27T09:35:50.742+0000] {processor.py:175} INFO - Processing /home/airflow/.local/lib/python3.7/site-packages/airflow/example_dags/example_short_circuit_operator.py took 0.040 seconds
[2025-08-27T09:36:49.569+0000] {processor.py:153} INFO - Started process (PID=20816) to work on /home/airflow/.local/lib/python3.7/site-packages/airflow/example_dags/example_short_circuit_operator.py
[2025-08-27T09:36:49.569+0000] {processor.py:743} INFO - Processing file /home/airflow/.local/lib/python3.7/site-packages/airflow/example_dags/example_short_circuit_operator.py for tasks to queue
[2025-08-27T09:36:49.569+0000] {logging_mixin.py:137} INFO - [2025-08-27T09:36:49.569+0000] {dagbag.py:538} INFO - Filling up the DagBag from /home/airflow/.local/lib/python3.7/site-packages/airflow/example_dags/example_short_circuit_operator.py
[2025-08-27T09:36:49.577+0000] {processor.py:753} INFO - DAG(s) dict_keys(['example_short_circuit_operator']) retrieved from /home/airflow/.local/lib/python3.7/site-packages/airflow/example_dags/example_short_circuit_operator.py
[2025-08-27T09:36:49.588+0000] {logging_mixin.py:137} INFO - [2025-08-27T09:36:49.588+0000] {dag.py:2690} INFO - Sync 1 DAGs
[2025-08-27T09:36:49.598+0000] {logging_mixin.py:137} INFO - [2025-08-27T09:36:49.598+0000] {dag.py:3441} INFO - Setting next_dagrun for example_short_circuit_operator to 2025-08-26T09:36:49.598170+00:00, run_after=2025-08-27T09:36:49.598170+00:00
[2025-08-27T09:36:49.605+0000] {processor.py:175} INFO - Processing /home/airflow/.local/lib/python3.7/site-packages/airflow/example_dags/example_short_circuit_operator.py took 0.037 seconds
[2025-08-27T09:38:52.845+0000] {processor.py:153} INFO - Started process (PID=20916) to work on /home/airflow/.local/lib/python3.7/site-packages/airflow/example_dags/example_short_circuit_operator.py
[2025-08-27T09:38:52.845+0000] {processor.py:743} INFO - Processing file /home/airflow/.local/lib/python3.7/site-packages/airflow/example_dags/example_short_circuit_operator.py for tasks to queue
[2025-08-27T09:38:52.846+0000] {logging_mixin.py:137} INFO - [2025-08-27T09:38:52.846+0000] {dagbag.py:538} INFO - Filling up the DagBag from /home/airflow/.local/lib/python3.7/site-packages/airflow/example_dags/example_short_circuit_operator.py
[2025-08-27T09:38:52.862+0000] {processor.py:753} INFO - DAG(s) dict_keys(['example_short_circuit_operator']) retrieved from /home/airflow/.local/lib/python3.7/site-packages/airflow/example_dags/example_short_circuit_operator.py
[2025-08-27T09:38:52.890+0000] {logging_mixin.py:137} INFO - [2025-08-27T09:38:52.890+0000] {dag.py:2690} INFO - Sync 1 DAGs
[2025-08-27T09:38:52.901+0000] {logging_mixin.py:137} INFO - [2025-08-27T09:38:52.901+0000] {dag.py:3441} INFO - Setting next_dagrun for example_short_circuit_operator to 2025-08-26T09:38:52.901702+00:00, run_after=2025-08-27T09:38:52.901702+00:00
[2025-08-27T09:38:52.910+0000] {processor.py:175} INFO - Processing /home/airflow/.local/lib/python3.7/site-packages/airflow/example_dags/example_short_circuit_operator.py took 0.067 seconds
[2025-08-27T09:39:38.905+0000] {processor.py:153} INFO - Started process (PID=20996) to work on /home/airflow/.local/lib/python3.7/site-packages/airflow/example_dags/example_short_circuit_operator.py
[2025-08-27T09:39:38.905+0000] {processor.py:743} INFO - Processing file /home/airflow/.local/lib/python3.7/site-packages/airflow/example_dags/example_short_circuit_operator.py for tasks to queue
[2025-08-27T09:39:38.905+0000] {logging_mixin.py:137} INFO - [2025-08-27T09:39:38.905+0000] {dagbag.py:538} INFO - Filling up the DagBag from /home/airflow/.local/lib/python3.7/site-packages/airflow/example_dags/example_short_circuit_operator.py
[2025-08-27T09:39:38.912+0000] {processor.py:753} INFO - DAG(s) dict_keys(['example_short_circuit_operator']) retrieved from /home/airflow/.local/lib/python3.7/site-packages/airflow/example_dags/example_short_circuit_operator.py
[2025-08-27T09:39:38.923+0000] {logging_mixin.py:137} INFO - [2025-08-27T09:39:38.923+0000] {dag.py:2690} INFO - Sync 1 DAGs
[2025-08-27T09:39:38.933+0000] {logging_mixin.py:137} INFO - [2025-08-27T09:39:38.932+0000] {dag.py:3441} INFO - Setting next_dagrun for example_short_circuit_operator to 2025-08-26T09:39:38.932852+00:00, run_after=2025-08-27T09:39:38.932852+00:00
[2025-08-27T09:39:38.939+0000] {processor.py:175} INFO - Processing /home/airflow/.local/lib/python3.7/site-packages/airflow/example_dags/example_short_circuit_operator.py took 0.036 seconds
[2025-08-27T09:50:06.491+0000] {processor.py:153} INFO - Started process (PID=21096) to work on /home/airflow/.local/lib/python3.7/site-packages/airflow/example_dags/example_short_circuit_operator.py
[2025-08-27T09:50:06.491+0000] {processor.py:743} INFO - Processing file /home/airflow/.local/lib/python3.7/site-packages/airflow/example_dags/example_short_circuit_operator.py for tasks to queue
[2025-08-27T09:50:06.491+0000] {logging_mixin.py:137} INFO - [2025-08-27T09:50:06.491+0000] {dagbag.py:538} INFO - Filling up the DagBag from /home/airflow/.local/lib/python3.7/site-packages/airflow/example_dags/example_short_circuit_operator.py
[2025-08-27T09:50:06.499+0000] {processor.py:753} INFO - DAG(s) dict_keys(['example_short_circuit_operator']) retrieved from /home/airflow/.local/lib/python3.7/site-packages/airflow/example_dags/example_short_circuit_operator.py
[2025-08-27T09:50:06.510+0000] {logging_mixin.py:137} INFO - [2025-08-27T09:50:06.510+0000] {dag.py:2690} INFO - Sync 1 DAGs
[2025-08-27T09:50:06.521+0000] {logging_mixin.py:137} INFO - [2025-08-27T09:50:06.521+0000] {dag.py:3441} INFO - Setting next_dagrun for example_short_circuit_operator to 2025-08-26T09:50:06.521024+00:00, run_after=2025-08-27T09:50:06.521024+00:00
[2025-08-27T09:50:06.528+0000] {processor.py:175} INFO - Processing /home/airflow/.local/lib/python3.7/site-packages/airflow/example_dags/example_short_circuit_operator.py took 0.039 seconds
[2025-08-27T11:12:46.130+0000] {processor.py:153} INFO - Started process (PID=21196) to work on /home/airflow/.local/lib/python3.7/site-packages/airflow/example_dags/example_short_circuit_operator.py
[2025-08-27T11:12:46.132+0000] {processor.py:743} INFO - Processing file /home/airflow/.local/lib/python3.7/site-packages/airflow/example_dags/example_short_circuit_operator.py for tasks to queue
[2025-08-27T11:12:46.136+0000] {logging_mixin.py:137} INFO - [2025-08-27T11:12:46.136+0000] {dagbag.py:538} INFO - Filling up the DagBag from /home/airflow/.local/lib/python3.7/site-packages/airflow/example_dags/example_short_circuit_operator.py
[2025-08-27T11:12:46.153+0000] {processor.py:753} INFO - DAG(s) dict_keys(['example_short_circuit_operator']) retrieved from /home/airflow/.local/lib/python3.7/site-packages/airflow/example_dags/example_short_circuit_operator.py
[2025-08-27T11:12:46.180+0000] {logging_mixin.py:137} INFO - [2025-08-27T11:12:46.180+0000] {dag.py:2690} INFO - Sync 1 DAGs
[2025-08-27T11:12:46.205+0000] {logging_mixin.py:137} INFO - [2025-08-27T11:12:46.205+0000] {dag.py:3441} INFO - Setting next_dagrun for example_short_circuit_operator to 2025-08-26T11:12:46.204492+00:00, run_after=2025-08-27T11:12:46.204492+00:00
[2025-08-27T11:12:46.219+0000] {processor.py:175} INFO - Processing /home/airflow/.local/lib/python3.7/site-packages/airflow/example_dags/example_short_circuit_operator.py took 0.093 seconds
[2025-08-27T11:34:31.179+0000] {processor.py:153} INFO - Started process (PID=21276) to work on /home/airflow/.local/lib/python3.7/site-packages/airflow/example_dags/example_short_circuit_operator.py
[2025-08-27T11:34:31.179+0000] {processor.py:743} INFO - Processing file /home/airflow/.local/lib/python3.7/site-packages/airflow/example_dags/example_short_circuit_operator.py for tasks to queue
[2025-08-27T11:34:31.179+0000] {logging_mixin.py:137} INFO - [2025-08-27T11:34:31.179+0000] {dagbag.py:538} INFO - Filling up the DagBag from /home/airflow/.local/lib/python3.7/site-packages/airflow/example_dags/example_short_circuit_operator.py
[2025-08-27T11:34:31.186+0000] {processor.py:753} INFO - DAG(s) dict_keys(['example_short_circuit_operator']) retrieved from /home/airflow/.local/lib/python3.7/site-packages/airflow/example_dags/example_short_circuit_operator.py
[2025-08-27T11:34:31.196+0000] {logging_mixin.py:137} INFO - [2025-08-27T11:34:31.196+0000] {dag.py:2690} INFO - Sync 1 DAGs
[2025-08-27T11:34:31.206+0000] {logging_mixin.py:137} INFO - [2025-08-27T11:34:31.206+0000] {dag.py:3441} INFO - Setting next_dagrun for example_short_circuit_operator to 2025-08-26T11:34:31.206805+00:00, run_after=2025-08-27T11:34:31.206805+00:00
[2025-08-27T11:34:31.214+0000] {processor.py:175} INFO - Processing /home/airflow/.local/lib/python3.7/site-packages/airflow/example_dags/example_short_circuit_operator.py took 0.037 seconds
[2025-08-27T11:51:13.098+0000] {processor.py:153} INFO - Started process (PID=21376) to work on /home/airflow/.local/lib/python3.7/site-packages/airflow/example_dags/example_short_circuit_operator.py
[2025-08-27T11:51:13.099+0000] {processor.py:743} INFO - Processing file /home/airflow/.local/lib/python3.7/site-packages/airflow/example_dags/example_short_circuit_operator.py for tasks to queue
[2025-08-27T11:51:13.099+0000] {logging_mixin.py:137} INFO - [2025-08-27T11:51:13.099+0000] {dagbag.py:538} INFO - Filling up the DagBag from /home/airflow/.local/lib/python3.7/site-packages/airflow/example_dags/example_short_circuit_operator.py
[2025-08-27T11:51:13.108+0000] {processor.py:753} INFO - DAG(s) dict_keys(['example_short_circuit_operator']) retrieved from /home/airflow/.local/lib/python3.7/site-packages/airflow/example_dags/example_short_circuit_operator.py
[2025-08-27T11:51:13.122+0000] {logging_mixin.py:137} INFO - [2025-08-27T11:51:13.122+0000] {dag.py:2690} INFO - Sync 1 DAGs
[2025-08-27T11:51:13.134+0000] {logging_mixin.py:137} INFO - [2025-08-27T11:51:13.134+0000] {dag.py:3441} INFO - Setting next_dagrun for example_short_circuit_operator to 2025-08-26T11:51:13.134178+00:00, run_after=2025-08-27T11:51:13.134178+00:00
[2025-08-27T11:51:13.144+0000] {processor.py:175} INFO - Processing /home/airflow/.local/lib/python3.7/site-packages/airflow/example_dags/example_short_circuit_operator.py took 0.048 seconds
[2025-08-27T11:53:11.734+0000] {processor.py:153} INFO - Started process (PID=21476) to work on /home/airflow/.local/lib/python3.7/site-packages/airflow/example_dags/example_short_circuit_operator.py
[2025-08-27T11:53:11.734+0000] {processor.py:743} INFO - Processing file /home/airflow/.local/lib/python3.7/site-packages/airflow/example_dags/example_short_circuit_operator.py for tasks to queue
[2025-08-27T11:53:11.735+0000] {logging_mixin.py:137} INFO - [2025-08-27T11:53:11.735+0000] {dagbag.py:538} INFO - Filling up the DagBag from /home/airflow/.local/lib/python3.7/site-packages/airflow/example_dags/example_short_circuit_operator.py
[2025-08-27T11:53:11.742+0000] {processor.py:753} INFO - DAG(s) dict_keys(['example_short_circuit_operator']) retrieved from /home/airflow/.local/lib/python3.7/site-packages/airflow/example_dags/example_short_circuit_operator.py
[2025-08-27T11:53:11.754+0000] {logging_mixin.py:137} INFO - [2025-08-27T11:53:11.754+0000] {dag.py:2690} INFO - Sync 1 DAGs
[2025-08-27T11:53:11.764+0000] {logging_mixin.py:137} INFO - [2025-08-27T11:53:11.763+0000] {dag.py:3441} INFO - Setting next_dagrun for example_short_circuit_operator to 2025-08-26T11:53:11.763867+00:00, run_after=2025-08-27T11:53:11.763867+00:00
[2025-08-27T11:53:11.771+0000] {processor.py:175} INFO - Processing /home/airflow/.local/lib/python3.7/site-packages/airflow/example_dags/example_short_circuit_operator.py took 0.039 seconds
[2025-08-27T11:58:53.196+0000] {processor.py:153} INFO - Started process (PID=21576) to work on /home/airflow/.local/lib/python3.7/site-packages/airflow/example_dags/example_short_circuit_operator.py
[2025-08-27T11:58:53.197+0000] {processor.py:743} INFO - Processing file /home/airflow/.local/lib/python3.7/site-packages/airflow/example_dags/example_short_circuit_operator.py for tasks to queue
[2025-08-27T11:58:53.197+0000] {logging_mixin.py:137} INFO - [2025-08-27T11:58:53.197+0000] {dagbag.py:538} INFO - Filling up the DagBag from /home/airflow/.local/lib/python3.7/site-packages/airflow/example_dags/example_short_circuit_operator.py
[2025-08-27T11:58:53.214+0000] {processor.py:753} INFO - DAG(s) dict_keys(['example_short_circuit_operator']) retrieved from /home/airflow/.local/lib/python3.7/site-packages/airflow/example_dags/example_short_circuit_operator.py
[2025-08-27T11:58:53.237+0000] {logging_mixin.py:137} INFO - [2025-08-27T11:58:53.237+0000] {dag.py:2690} INFO - Sync 1 DAGs
[2025-08-27T11:58:53.253+0000] {logging_mixin.py:137} INFO - [2025-08-27T11:58:53.253+0000] {dag.py:3441} INFO - Setting next_dagrun for example_short_circuit_operator to 2025-08-26T11:58:53.253660+00:00, run_after=2025-08-27T11:58:53.253660+00:00
[2025-08-27T11:58:53.265+0000] {processor.py:175} INFO - Processing /home/airflow/.local/lib/python3.7/site-packages/airflow/example_dags/example_short_circuit_operator.py took 0.072 seconds
[2025-08-27T12:11:20.363+0000] {processor.py:153} INFO - Started process (PID=21656) to work on /home/airflow/.local/lib/python3.7/site-packages/airflow/example_dags/example_short_circuit_operator.py
[2025-08-27T12:11:20.364+0000] {processor.py:743} INFO - Processing file /home/airflow/.local/lib/python3.7/site-packages/airflow/example_dags/example_short_circuit_operator.py for tasks to queue
[2025-08-27T12:11:20.364+0000] {logging_mixin.py:137} INFO - [2025-08-27T12:11:20.364+0000] {dagbag.py:538} INFO - Filling up the DagBag from /home/airflow/.local/lib/python3.7/site-packages/airflow/example_dags/example_short_circuit_operator.py
[2025-08-27T12:11:20.371+0000] {processor.py:753} INFO - DAG(s) dict_keys(['example_short_circuit_operator']) retrieved from /home/airflow/.local/lib/python3.7/site-packages/airflow/example_dags/example_short_circuit_operator.py
[2025-08-27T12:11:20.381+0000] {logging_mixin.py:137} INFO - [2025-08-27T12:11:20.381+0000] {dag.py:2690} INFO - Sync 1 DAGs
[2025-08-27T12:11:20.391+0000] {logging_mixin.py:137} INFO - [2025-08-27T12:11:20.391+0000] {dag.py:3441} INFO - Setting next_dagrun for example_short_circuit_operator to 2025-08-26T12:11:20.391812+00:00, run_after=2025-08-27T12:11:20.391812+00:00
[2025-08-27T12:11:20.399+0000] {processor.py:175} INFO - Processing /home/airflow/.local/lib/python3.7/site-packages/airflow/example_dags/example_short_circuit_operator.py took 0.038 seconds
[2025-08-27T12:14:24.557+0000] {processor.py:153} INFO - Started process (PID=21756) to work on /home/airflow/.local/lib/python3.7/site-packages/airflow/example_dags/example_short_circuit_operator.py
[2025-08-27T12:14:24.557+0000] {processor.py:743} INFO - Processing file /home/airflow/.local/lib/python3.7/site-packages/airflow/example_dags/example_short_circuit_operator.py for tasks to queue
[2025-08-27T12:14:24.558+0000] {logging_mixin.py:137} INFO - [2025-08-27T12:14:24.558+0000] {dagbag.py:538} INFO - Filling up the DagBag from /home/airflow/.local/lib/python3.7/site-packages/airflow/example_dags/example_short_circuit_operator.py
[2025-08-27T12:14:24.567+0000] {processor.py:753} INFO - DAG(s) dict_keys(['example_short_circuit_operator']) retrieved from /home/airflow/.local/lib/python3.7/site-packages/airflow/example_dags/example_short_circuit_operator.py
[2025-08-27T12:14:24.580+0000] {logging_mixin.py:137} INFO - [2025-08-27T12:14:24.580+0000] {dag.py:2690} INFO - Sync 1 DAGs
[2025-08-27T12:14:24.590+0000] {logging_mixin.py:137} INFO - [2025-08-27T12:14:24.590+0000] {dag.py:3441} INFO - Setting next_dagrun for example_short_circuit_operator to 2025-08-26T12:14:24.590343+00:00, run_after=2025-08-27T12:14:24.590343+00:00
[2025-08-27T12:14:24.599+0000] {processor.py:175} INFO - Processing /home/airflow/.local/lib/python3.7/site-packages/airflow/example_dags/example_short_circuit_operator.py took 0.044 seconds
[2025-08-27T12:27:57.144+0000] {processor.py:153} INFO - Started process (PID=21856) to work on /home/airflow/.local/lib/python3.7/site-packages/airflow/example_dags/example_short_circuit_operator.py
[2025-08-27T12:27:57.145+0000] {processor.py:743} INFO - Processing file /home/airflow/.local/lib/python3.7/site-packages/airflow/example_dags/example_short_circuit_operator.py for tasks to queue
[2025-08-27T12:27:57.145+0000] {logging_mixin.py:137} INFO - [2025-08-27T12:27:57.145+0000] {dagbag.py:538} INFO - Filling up the DagBag from /home/airflow/.local/lib/python3.7/site-packages/airflow/example_dags/example_short_circuit_operator.py
[2025-08-27T12:27:57.154+0000] {processor.py:753} INFO - DAG(s) dict_keys(['example_short_circuit_operator']) retrieved from /home/airflow/.local/lib/python3.7/site-packages/airflow/example_dags/example_short_circuit_operator.py
[2025-08-27T12:27:57.166+0000] {logging_mixin.py:137} INFO - [2025-08-27T12:27:57.166+0000] {dag.py:2690} INFO - Sync 1 DAGs
[2025-08-27T12:27:57.176+0000] {logging_mixin.py:137} INFO - [2025-08-27T12:27:57.176+0000] {dag.py:3441} INFO - Setting next_dagrun for example_short_circuit_operator to 2025-08-26T12:27:57.176627+00:00, run_after=2025-08-27T12:27:57.176627+00:00
[2025-08-27T12:27:57.185+0000] {processor.py:175} INFO - Processing /home/airflow/.local/lib/python3.7/site-packages/airflow/example_dags/example_short_circuit_operator.py took 0.042 seconds
[2025-08-27T12:38:25.431+0000] {processor.py:153} INFO - Started process (PID=21936) to work on /home/airflow/.local/lib/python3.7/site-packages/airflow/example_dags/example_short_circuit_operator.py
[2025-08-27T12:38:25.431+0000] {processor.py:743} INFO - Processing file /home/airflow/.local/lib/python3.7/site-packages/airflow/example_dags/example_short_circuit_operator.py for tasks to queue
[2025-08-27T12:38:25.432+0000] {logging_mixin.py:137} INFO - [2025-08-27T12:38:25.432+0000] {dagbag.py:538} INFO - Filling up the DagBag from /home/airflow/.local/lib/python3.7/site-packages/airflow/example_dags/example_short_circuit_operator.py
[2025-08-27T12:38:25.441+0000] {processor.py:753} INFO - DAG(s) dict_keys(['example_short_circuit_operator']) retrieved from /home/airflow/.local/lib/python3.7/site-packages/airflow/example_dags/example_short_circuit_operator.py
[2025-08-27T12:38:25.453+0000] {logging_mixin.py:137} INFO - [2025-08-27T12:38:25.453+0000] {dag.py:2690} INFO - Sync 1 DAGs
[2025-08-27T12:38:25.465+0000] {logging_mixin.py:137} INFO - [2025-08-27T12:38:25.465+0000] {dag.py:3441} INFO - Setting next_dagrun for example_short_circuit_operator to 2025-08-26T12:38:25.464887+00:00, run_after=2025-08-27T12:38:25.464887+00:00
[2025-08-27T12:38:25.472+0000] {processor.py:175} INFO - Processing /home/airflow/.local/lib/python3.7/site-packages/airflow/example_dags/example_short_circuit_operator.py took 0.042 seconds
[2025-08-27T12:57:12.267+0000] {processor.py:153} INFO - Started process (PID=22036) to work on /home/airflow/.local/lib/python3.7/site-packages/airflow/example_dags/example_short_circuit_operator.py
[2025-08-27T12:57:12.268+0000] {processor.py:743} INFO - Processing file /home/airflow/.local/lib/python3.7/site-packages/airflow/example_dags/example_short_circuit_operator.py for tasks to queue
[2025-08-27T12:57:12.269+0000] {logging_mixin.py:137} INFO - [2025-08-27T12:57:12.268+0000] {dagbag.py:538} INFO - Filling up the DagBag from /home/airflow/.local/lib/python3.7/site-packages/airflow/example_dags/example_short_circuit_operator.py
[2025-08-27T12:57:12.278+0000] {processor.py:753} INFO - DAG(s) dict_keys(['example_short_circuit_operator']) retrieved from /home/airflow/.local/lib/python3.7/site-packages/airflow/example_dags/example_short_circuit_operator.py
[2025-08-27T12:57:12.298+0000] {logging_mixin.py:137} INFO - [2025-08-27T12:57:12.298+0000] {dag.py:2690} INFO - Sync 1 DAGs
[2025-08-27T12:57:12.309+0000] {logging_mixin.py:137} INFO - [2025-08-27T12:57:12.309+0000] {dag.py:3441} INFO - Setting next_dagrun for example_short_circuit_operator to 2025-08-26T12:57:12.309589+00:00, run_after=2025-08-27T12:57:12.309589+00:00
[2025-08-27T12:57:12.320+0000] {processor.py:175} INFO - Processing /home/airflow/.local/lib/python3.7/site-packages/airflow/example_dags/example_short_circuit_operator.py took 0.054 seconds
[2025-08-27T12:57:42.772+0000] {processor.py:153} INFO - Started process (PID=22136) to work on /home/airflow/.local/lib/python3.7/site-packages/airflow/example_dags/example_short_circuit_operator.py
[2025-08-27T12:57:42.773+0000] {processor.py:743} INFO - Processing file /home/airflow/.local/lib/python3.7/site-packages/airflow/example_dags/example_short_circuit_operator.py for tasks to queue
[2025-08-27T12:57:42.773+0000] {logging_mixin.py:137} INFO - [2025-08-27T12:57:42.773+0000] {dagbag.py:538} INFO - Filling up the DagBag from /home/airflow/.local/lib/python3.7/site-packages/airflow/example_dags/example_short_circuit_operator.py
[2025-08-27T12:57:42.780+0000] {processor.py:753} INFO - DAG(s) dict_keys(['example_short_circuit_operator']) retrieved from /home/airflow/.local/lib/python3.7/site-packages/airflow/example_dags/example_short_circuit_operator.py
[2025-08-27T12:57:42.791+0000] {logging_mixin.py:137} INFO - [2025-08-27T12:57:42.791+0000] {dag.py:2690} INFO - Sync 1 DAGs
[2025-08-27T12:57:42.803+0000] {logging_mixin.py:137} INFO - [2025-08-27T12:57:42.803+0000] {dag.py:3441} INFO - Setting next_dagrun for example_short_circuit_operator to 2025-08-26T12:57:42.803185+00:00, run_after=2025-08-27T12:57:42.803185+00:00
[2025-08-27T12:57:42.815+0000] {processor.py:175} INFO - Processing /home/airflow/.local/lib/python3.7/site-packages/airflow/example_dags/example_short_circuit_operator.py took 0.045 seconds
[2025-08-27T13:27:10.586+0000] {processor.py:153} INFO - Started process (PID=22236) to work on /home/airflow/.local/lib/python3.7/site-packages/airflow/example_dags/example_short_circuit_operator.py
[2025-08-27T13:27:10.586+0000] {processor.py:743} INFO - Processing file /home/airflow/.local/lib/python3.7/site-packages/airflow/example_dags/example_short_circuit_operator.py for tasks to queue
[2025-08-27T13:27:10.587+0000] {logging_mixin.py:137} INFO - [2025-08-27T13:27:10.587+0000] {dagbag.py:538} INFO - Filling up the DagBag from /home/airflow/.local/lib/python3.7/site-packages/airflow/example_dags/example_short_circuit_operator.py
[2025-08-27T13:27:10.596+0000] {processor.py:753} INFO - DAG(s) dict_keys(['example_short_circuit_operator']) retrieved from /home/airflow/.local/lib/python3.7/site-packages/airflow/example_dags/example_short_circuit_operator.py
[2025-08-27T13:27:10.608+0000] {logging_mixin.py:137} INFO - [2025-08-27T13:27:10.608+0000] {dag.py:2690} INFO - Sync 1 DAGs
[2025-08-27T13:27:10.621+0000] {logging_mixin.py:137} INFO - [2025-08-27T13:27:10.621+0000] {dag.py:3441} INFO - Setting next_dagrun for example_short_circuit_operator to 2025-08-26T13:27:10.621024+00:00, run_after=2025-08-27T13:27:10.621024+00:00
[2025-08-27T13:27:10.628+0000] {processor.py:175} INFO - Processing /home/airflow/.local/lib/python3.7/site-packages/airflow/example_dags/example_short_circuit_operator.py took 0.044 seconds
[2025-08-27T13:30:12.712+0000] {processor.py:153} INFO - Started process (PID=22316) to work on /home/airflow/.local/lib/python3.7/site-packages/airflow/example_dags/example_short_circuit_operator.py
[2025-08-27T13:30:12.713+0000] {processor.py:743} INFO - Processing file /home/airflow/.local/lib/python3.7/site-packages/airflow/example_dags/example_short_circuit_operator.py for tasks to queue
[2025-08-27T13:30:12.713+0000] {logging_mixin.py:137} INFO - [2025-08-27T13:30:12.713+0000] {dagbag.py:538} INFO - Filling up the DagBag from /home/airflow/.local/lib/python3.7/site-packages/airflow/example_dags/example_short_circuit_operator.py
[2025-08-27T13:30:12.723+0000] {processor.py:753} INFO - DAG(s) dict_keys(['example_short_circuit_operator']) retrieved from /home/airflow/.local/lib/python3.7/site-packages/airflow/example_dags/example_short_circuit_operator.py
[2025-08-27T13:30:12.739+0000] {logging_mixin.py:137} INFO - [2025-08-27T13:30:12.739+0000] {dag.py:2690} INFO - Sync 1 DAGs
[2025-08-27T13:30:12.753+0000] {logging_mixin.py:137} INFO - [2025-08-27T13:30:12.753+0000] {dag.py:3441} INFO - Setting next_dagrun for example_short_circuit_operator to 2025-08-26T13:30:12.753121+00:00, run_after=2025-08-27T13:30:12.753121+00:00
[2025-08-27T13:30:12.761+0000] {processor.py:175} INFO - Processing /home/airflow/.local/lib/python3.7/site-packages/airflow/example_dags/example_short_circuit_operator.py took 0.052 seconds
[2025-08-27T13:37:06.468+0000] {processor.py:153} INFO - Started process (PID=22416) to work on /home/airflow/.local/lib/python3.7/site-packages/airflow/example_dags/example_short_circuit_operator.py
[2025-08-27T13:37:06.469+0000] {processor.py:743} INFO - Processing file /home/airflow/.local/lib/python3.7/site-packages/airflow/example_dags/example_short_circuit_operator.py for tasks to queue
[2025-08-27T13:37:06.469+0000] {logging_mixin.py:137} INFO - [2025-08-27T13:37:06.469+0000] {dagbag.py:538} INFO - Filling up the DagBag from /home/airflow/.local/lib/python3.7/site-packages/airflow/example_dags/example_short_circuit_operator.py
[2025-08-27T13:37:06.480+0000] {processor.py:753} INFO - DAG(s) dict_keys(['example_short_circuit_operator']) retrieved from /home/airflow/.local/lib/python3.7/site-packages/airflow/example_dags/example_short_circuit_operator.py
[2025-08-27T13:37:06.609+0000] {logging_mixin.py:137} INFO - [2025-08-27T13:37:06.609+0000] {dag.py:2690} INFO - Sync 1 DAGs
[2025-08-27T13:37:06.630+0000] {logging_mixin.py:137} INFO - [2025-08-27T13:37:06.630+0000] {dag.py:3441} INFO - Setting next_dagrun for example_short_circuit_operator to 2025-08-26T13:37:06.630209+00:00, run_after=2025-08-27T13:37:06.630209+00:00
[2025-08-27T13:37:06.748+0000] {processor.py:175} INFO - Processing /home/airflow/.local/lib/python3.7/site-packages/airflow/example_dags/example_short_circuit_operator.py took 0.282 seconds
[2025-08-27T13:51:01.343+0000] {processor.py:153} INFO - Started process (PID=22516) to work on /home/airflow/.local/lib/python3.7/site-packages/airflow/example_dags/example_short_circuit_operator.py
[2025-08-27T13:51:01.344+0000] {processor.py:743} INFO - Processing file /home/airflow/.local/lib/python3.7/site-packages/airflow/example_dags/example_short_circuit_operator.py for tasks to queue
[2025-08-27T13:51:01.344+0000] {logging_mixin.py:137} INFO - [2025-08-27T13:51:01.344+0000] {dagbag.py:538} INFO - Filling up the DagBag from /home/airflow/.local/lib/python3.7/site-packages/airflow/example_dags/example_short_circuit_operator.py
[2025-08-27T13:51:01.352+0000] {processor.py:753} INFO - DAG(s) dict_keys(['example_short_circuit_operator']) retrieved from /home/airflow/.local/lib/python3.7/site-packages/airflow/example_dags/example_short_circuit_operator.py
[2025-08-27T13:51:01.362+0000] {logging_mixin.py:137} INFO - [2025-08-27T13:51:01.362+0000] {dag.py:2690} INFO - Sync 1 DAGs
[2025-08-27T13:51:01.372+0000] {logging_mixin.py:137} INFO - [2025-08-27T13:51:01.372+0000] {dag.py:3441} INFO - Setting next_dagrun for example_short_circuit_operator to 2025-08-26T13:51:01.372356+00:00, run_after=2025-08-27T13:51:01.372356+00:00
[2025-08-27T13:51:01.379+0000] {processor.py:175} INFO - Processing /home/airflow/.local/lib/python3.7/site-packages/airflow/example_dags/example_short_circuit_operator.py took 0.038 seconds
[2025-08-27T14:01:05.862+0000] {processor.py:153} INFO - Started process (PID=22596) to work on /home/airflow/.local/lib/python3.7/site-packages/airflow/example_dags/example_short_circuit_operator.py
[2025-08-27T14:01:05.862+0000] {processor.py:743} INFO - Processing file /home/airflow/.local/lib/python3.7/site-packages/airflow/example_dags/example_short_circuit_operator.py for tasks to queue
[2025-08-27T14:01:05.863+0000] {logging_mixin.py:137} INFO - [2025-08-27T14:01:05.863+0000] {dagbag.py:538} INFO - Filling up the DagBag from /home/airflow/.local/lib/python3.7/site-packages/airflow/example_dags/example_short_circuit_operator.py
[2025-08-27T14:01:05.870+0000] {processor.py:753} INFO - DAG(s) dict_keys(['example_short_circuit_operator']) retrieved from /home/airflow/.local/lib/python3.7/site-packages/airflow/example_dags/example_short_circuit_operator.py
[2025-08-27T14:01:05.886+0000] {logging_mixin.py:137} INFO - [2025-08-27T14:01:05.885+0000] {dag.py:2690} INFO - Sync 1 DAGs
[2025-08-27T14:01:05.902+0000] {logging_mixin.py:137} INFO - [2025-08-27T14:01:05.902+0000] {dag.py:3441} INFO - Setting next_dagrun for example_short_circuit_operator to 2025-08-26T14:01:05.902153+00:00, run_after=2025-08-27T14:01:05.902153+00:00
[2025-08-27T14:01:05.913+0000] {processor.py:175} INFO - Processing /home/airflow/.local/lib/python3.7/site-packages/airflow/example_dags/example_short_circuit_operator.py took 0.052 seconds
[2025-08-27T14:41:12.427+0000] {processor.py:153} INFO - Started process (PID=22696) to work on /home/airflow/.local/lib/python3.7/site-packages/airflow/example_dags/example_short_circuit_operator.py
[2025-08-27T14:41:12.428+0000] {processor.py:743} INFO - Processing file /home/airflow/.local/lib/python3.7/site-packages/airflow/example_dags/example_short_circuit_operator.py for tasks to queue
[2025-08-27T14:41:12.428+0000] {logging_mixin.py:137} INFO - [2025-08-27T14:41:12.428+0000] {dagbag.py:538} INFO - Filling up the DagBag from /home/airflow/.local/lib/python3.7/site-packages/airflow/example_dags/example_short_circuit_operator.py
[2025-08-27T14:41:12.436+0000] {processor.py:753} INFO - DAG(s) dict_keys(['example_short_circuit_operator']) retrieved from /home/airflow/.local/lib/python3.7/site-packages/airflow/example_dags/example_short_circuit_operator.py
[2025-08-27T14:41:12.447+0000] {logging_mixin.py:137} INFO - [2025-08-27T14:41:12.447+0000] {dag.py:2690} INFO - Sync 1 DAGs
[2025-08-27T14:41:12.457+0000] {logging_mixin.py:137} INFO - [2025-08-27T14:41:12.457+0000] {dag.py:3441} INFO - Setting next_dagrun for example_short_circuit_operator to 2025-08-26T14:41:12.456897+00:00, run_after=2025-08-27T14:41:12.456897+00:00
[2025-08-27T14:41:12.464+0000] {processor.py:175} INFO - Processing /home/airflow/.local/lib/python3.7/site-packages/airflow/example_dags/example_short_circuit_operator.py took 0.038 seconds
[2025-08-27T14:43:54.251+0000] {processor.py:153} INFO - Started process (PID=22796) to work on /home/airflow/.local/lib/python3.7/site-packages/airflow/example_dags/example_short_circuit_operator.py
[2025-08-27T14:43:54.255+0000] {processor.py:743} INFO - Processing file /home/airflow/.local/lib/python3.7/site-packages/airflow/example_dags/example_short_circuit_operator.py for tasks to queue
[2025-08-27T14:43:54.255+0000] {logging_mixin.py:137} INFO - [2025-08-27T14:43:54.255+0000] {dagbag.py:538} INFO - Filling up the DagBag from /home/airflow/.local/lib/python3.7/site-packages/airflow/example_dags/example_short_circuit_operator.py
[2025-08-27T14:43:54.265+0000] {processor.py:753} INFO - DAG(s) dict_keys(['example_short_circuit_operator']) retrieved from /home/airflow/.local/lib/python3.7/site-packages/airflow/example_dags/example_short_circuit_operator.py
[2025-08-27T14:43:54.280+0000] {logging_mixin.py:137} INFO - [2025-08-27T14:43:54.280+0000] {dag.py:2690} INFO - Sync 1 DAGs
[2025-08-27T14:43:54.295+0000] {logging_mixin.py:137} INFO - [2025-08-27T14:43:54.294+0000] {dag.py:3441} INFO - Setting next_dagrun for example_short_circuit_operator to 2025-08-26T14:43:54.294814+00:00, run_after=2025-08-27T14:43:54.294814+00:00
[2025-08-27T14:43:54.309+0000] {processor.py:175} INFO - Processing /home/airflow/.local/lib/python3.7/site-packages/airflow/example_dags/example_short_circuit_operator.py took 0.059 seconds
[2025-08-27T14:54:31.578+0000] {processor.py:153} INFO - Started process (PID=22896) to work on /home/airflow/.local/lib/python3.7/site-packages/airflow/example_dags/example_short_circuit_operator.py
[2025-08-27T14:54:31.578+0000] {processor.py:743} INFO - Processing file /home/airflow/.local/lib/python3.7/site-packages/airflow/example_dags/example_short_circuit_operator.py for tasks to queue
[2025-08-27T14:54:31.579+0000] {logging_mixin.py:137} INFO - [2025-08-27T14:54:31.579+0000] {dagbag.py:538} INFO - Filling up the DagBag from /home/airflow/.local/lib/python3.7/site-packages/airflow/example_dags/example_short_circuit_operator.py
[2025-08-27T14:54:31.587+0000] {processor.py:753} INFO - DAG(s) dict_keys(['example_short_circuit_operator']) retrieved from /home/airflow/.local/lib/python3.7/site-packages/airflow/example_dags/example_short_circuit_operator.py
[2025-08-27T14:54:31.600+0000] {logging_mixin.py:137} INFO - [2025-08-27T14:54:31.600+0000] {dag.py:2690} INFO - Sync 1 DAGs
[2025-08-27T14:54:31.612+0000] {logging_mixin.py:137} INFO - [2025-08-27T14:54:31.612+0000] {dag.py:3441} INFO - Setting next_dagrun for example_short_circuit_operator to 2025-08-26T14:54:31.612089+00:00, run_after=2025-08-27T14:54:31.612089+00:00
[2025-08-27T14:54:31.621+0000] {processor.py:175} INFO - Processing /home/airflow/.local/lib/python3.7/site-packages/airflow/example_dags/example_short_circuit_operator.py took 0.044 seconds
[2025-08-27T15:01:38.965+0000] {processor.py:153} INFO - Started process (PID=22976) to work on /home/airflow/.local/lib/python3.7/site-packages/airflow/example_dags/example_short_circuit_operator.py
[2025-08-27T15:01:38.966+0000] {processor.py:743} INFO - Processing file /home/airflow/.local/lib/python3.7/site-packages/airflow/example_dags/example_short_circuit_operator.py for tasks to queue
[2025-08-27T15:01:38.966+0000] {logging_mixin.py:137} INFO - [2025-08-27T15:01:38.966+0000] {dagbag.py:538} INFO - Filling up the DagBag from /home/airflow/.local/lib/python3.7/site-packages/airflow/example_dags/example_short_circuit_operator.py
[2025-08-27T15:01:38.989+0000] {processor.py:753} INFO - DAG(s) dict_keys(['example_short_circuit_operator']) retrieved from /home/airflow/.local/lib/python3.7/site-packages/airflow/example_dags/example_short_circuit_operator.py
[2025-08-27T15:01:39.012+0000] {logging_mixin.py:137} INFO - [2025-08-27T15:01:39.012+0000] {dag.py:2690} INFO - Sync 1 DAGs
[2025-08-27T15:01:39.029+0000] {logging_mixin.py:137} INFO - [2025-08-27T15:01:39.029+0000] {dag.py:3441} INFO - Setting next_dagrun for example_short_circuit_operator to 2025-08-26T15:01:39.029074+00:00, run_after=2025-08-27T15:01:39.029074+00:00
[2025-08-27T15:01:39.042+0000] {processor.py:175} INFO - Processing /home/airflow/.local/lib/python3.7/site-packages/airflow/example_dags/example_short_circuit_operator.py took 0.081 seconds
[2025-08-27T15:08:09.461+0000] {processor.py:153} INFO - Started process (PID=23076) to work on /home/airflow/.local/lib/python3.7/site-packages/airflow/example_dags/example_short_circuit_operator.py
[2025-08-27T15:08:09.463+0000] {processor.py:743} INFO - Processing file /home/airflow/.local/lib/python3.7/site-packages/airflow/example_dags/example_short_circuit_operator.py for tasks to queue
[2025-08-27T15:08:09.465+0000] {logging_mixin.py:137} INFO - [2025-08-27T15:08:09.465+0000] {dagbag.py:538} INFO - Filling up the DagBag from /home/airflow/.local/lib/python3.7/site-packages/airflow/example_dags/example_short_circuit_operator.py
[2025-08-27T15:08:09.479+0000] {processor.py:753} INFO - DAG(s) dict_keys(['example_short_circuit_operator']) retrieved from /home/airflow/.local/lib/python3.7/site-packages/airflow/example_dags/example_short_circuit_operator.py
[2025-08-27T15:08:09.504+0000] {logging_mixin.py:137} INFO - [2025-08-27T15:08:09.504+0000] {dag.py:2690} INFO - Sync 1 DAGs
[2025-08-27T15:08:09.523+0000] {logging_mixin.py:137} INFO - [2025-08-27T15:08:09.523+0000] {dag.py:3441} INFO - Setting next_dagrun for example_short_circuit_operator to 2025-08-26T15:08:09.523203+00:00, run_after=2025-08-27T15:08:09.523203+00:00
[2025-08-27T15:08:09.539+0000] {processor.py:175} INFO - Processing /home/airflow/.local/lib/python3.7/site-packages/airflow/example_dags/example_short_circuit_operator.py took 0.081 seconds
[2025-08-27T15:18:52.056+0000] {processor.py:153} INFO - Started process (PID=23176) to work on /home/airflow/.local/lib/python3.7/site-packages/airflow/example_dags/example_short_circuit_operator.py
[2025-08-27T15:18:52.056+0000] {processor.py:743} INFO - Processing file /home/airflow/.local/lib/python3.7/site-packages/airflow/example_dags/example_short_circuit_operator.py for tasks to queue
[2025-08-27T15:18:52.057+0000] {logging_mixin.py:137} INFO - [2025-08-27T15:18:52.057+0000] {dagbag.py:538} INFO - Filling up the DagBag from /home/airflow/.local/lib/python3.7/site-packages/airflow/example_dags/example_short_circuit_operator.py
[2025-08-27T15:18:52.063+0000] {processor.py:753} INFO - DAG(s) dict_keys(['example_short_circuit_operator']) retrieved from /home/airflow/.local/lib/python3.7/site-packages/airflow/example_dags/example_short_circuit_operator.py
[2025-08-27T15:18:52.074+0000] {logging_mixin.py:137} INFO - [2025-08-27T15:18:52.074+0000] {dag.py:2690} INFO - Sync 1 DAGs
[2025-08-27T15:18:52.084+0000] {logging_mixin.py:137} INFO - [2025-08-27T15:18:52.084+0000] {dag.py:3441} INFO - Setting next_dagrun for example_short_circuit_operator to 2025-08-26T15:18:52.084258+00:00, run_after=2025-08-27T15:18:52.084258+00:00
[2025-08-27T15:18:52.092+0000] {processor.py:175} INFO - Processing /home/airflow/.local/lib/python3.7/site-packages/airflow/example_dags/example_short_circuit_operator.py took 0.037 seconds
[2025-08-27T15:19:36.754+0000] {processor.py:153} INFO - Started process (PID=23256) to work on /home/airflow/.local/lib/python3.7/site-packages/airflow/example_dags/example_short_circuit_operator.py
[2025-08-27T15:19:36.755+0000] {processor.py:743} INFO - Processing file /home/airflow/.local/lib/python3.7/site-packages/airflow/example_dags/example_short_circuit_operator.py for tasks to queue
[2025-08-27T15:19:36.755+0000] {logging_mixin.py:137} INFO - [2025-08-27T15:19:36.755+0000] {dagbag.py:538} INFO - Filling up the DagBag from /home/airflow/.local/lib/python3.7/site-packages/airflow/example_dags/example_short_circuit_operator.py
[2025-08-27T15:19:36.762+0000] {processor.py:753} INFO - DAG(s) dict_keys(['example_short_circuit_operator']) retrieved from /home/airflow/.local/lib/python3.7/site-packages/airflow/example_dags/example_short_circuit_operator.py
[2025-08-27T15:19:36.772+0000] {logging_mixin.py:137} INFO - [2025-08-27T15:19:36.772+0000] {dag.py:2690} INFO - Sync 1 DAGs
[2025-08-27T15:19:36.781+0000] {logging_mixin.py:137} INFO - [2025-08-27T15:19:36.781+0000] {dag.py:3441} INFO - Setting next_dagrun for example_short_circuit_operator to 2025-08-26T15:19:36.781737+00:00, run_after=2025-08-27T15:19:36.781737+00:00
[2025-08-27T15:19:36.788+0000] {processor.py:175} INFO - Processing /home/airflow/.local/lib/python3.7/site-packages/airflow/example_dags/example_short_circuit_operator.py took 0.036 seconds
[2025-08-27T15:21:52.758+0000] {processor.py:153} INFO - Started process (PID=23356) to work on /home/airflow/.local/lib/python3.7/site-packages/airflow/example_dags/example_short_circuit_operator.py
[2025-08-27T15:21:52.758+0000] {processor.py:743} INFO - Processing file /home/airflow/.local/lib/python3.7/site-packages/airflow/example_dags/example_short_circuit_operator.py for tasks to queue
[2025-08-27T15:21:52.758+0000] {logging_mixin.py:137} INFO - [2025-08-27T15:21:52.758+0000] {dagbag.py:538} INFO - Filling up the DagBag from /home/airflow/.local/lib/python3.7/site-packages/airflow/example_dags/example_short_circuit_operator.py
[2025-08-27T15:21:52.765+0000] {processor.py:753} INFO - DAG(s) dict_keys(['example_short_circuit_operator']) retrieved from /home/airflow/.local/lib/python3.7/site-packages/airflow/example_dags/example_short_circuit_operator.py
[2025-08-27T15:21:52.776+0000] {logging_mixin.py:137} INFO - [2025-08-27T15:21:52.776+0000] {dag.py:2690} INFO - Sync 1 DAGs
[2025-08-27T15:21:52.786+0000] {logging_mixin.py:137} INFO - [2025-08-27T15:21:52.786+0000] {dag.py:3441} INFO - Setting next_dagrun for example_short_circuit_operator to 2025-08-26T15:21:52.785960+00:00, run_after=2025-08-27T15:21:52.785960+00:00
[2025-08-27T15:21:52.793+0000] {processor.py:175} INFO - Processing /home/airflow/.local/lib/python3.7/site-packages/airflow/example_dags/example_short_circuit_operator.py took 0.037 seconds
[2025-08-27T15:25:58.578+0000] {processor.py:153} INFO - Started process (PID=23456) to work on /home/airflow/.local/lib/python3.7/site-packages/airflow/example_dags/example_short_circuit_operator.py
[2025-08-27T15:25:58.579+0000] {processor.py:743} INFO - Processing file /home/airflow/.local/lib/python3.7/site-packages/airflow/example_dags/example_short_circuit_operator.py for tasks to queue
[2025-08-27T15:25:58.579+0000] {logging_mixin.py:137} INFO - [2025-08-27T15:25:58.579+0000] {dagbag.py:538} INFO - Filling up the DagBag from /home/airflow/.local/lib/python3.7/site-packages/airflow/example_dags/example_short_circuit_operator.py
[2025-08-27T15:25:58.588+0000] {processor.py:753} INFO - DAG(s) dict_keys(['example_short_circuit_operator']) retrieved from /home/airflow/.local/lib/python3.7/site-packages/airflow/example_dags/example_short_circuit_operator.py
[2025-08-27T15:25:58.607+0000] {logging_mixin.py:137} INFO - [2025-08-27T15:25:58.607+0000] {dag.py:2690} INFO - Sync 1 DAGs
[2025-08-27T15:25:58.647+0000] {logging_mixin.py:137} INFO - [2025-08-27T15:25:58.647+0000] {dag.py:3441} INFO - Setting next_dagrun for example_short_circuit_operator to 2025-08-26T15:25:58.646749+00:00, run_after=2025-08-27T15:25:58.646749+00:00
[2025-08-27T15:25:58.661+0000] {processor.py:175} INFO - Processing /home/airflow/.local/lib/python3.7/site-packages/airflow/example_dags/example_short_circuit_operator.py took 0.085 seconds
[2025-08-27T16:00:39.887+0000] {processor.py:153} INFO - Started process (PID=23556) to work on /home/airflow/.local/lib/python3.7/site-packages/airflow/example_dags/example_short_circuit_operator.py
[2025-08-27T16:00:39.887+0000] {processor.py:743} INFO - Processing file /home/airflow/.local/lib/python3.7/site-packages/airflow/example_dags/example_short_circuit_operator.py for tasks to queue
[2025-08-27T16:00:39.888+0000] {logging_mixin.py:137} INFO - [2025-08-27T16:00:39.888+0000] {dagbag.py:538} INFO - Filling up the DagBag from /home/airflow/.local/lib/python3.7/site-packages/airflow/example_dags/example_short_circuit_operator.py
[2025-08-27T16:00:39.905+0000] {processor.py:753} INFO - DAG(s) dict_keys(['example_short_circuit_operator']) retrieved from /home/airflow/.local/lib/python3.7/site-packages/airflow/example_dags/example_short_circuit_operator.py
[2025-08-27T16:00:39.925+0000] {logging_mixin.py:137} INFO - [2025-08-27T16:00:39.925+0000] {dag.py:2690} INFO - Sync 1 DAGs
[2025-08-27T16:00:39.937+0000] {logging_mixin.py:137} INFO - [2025-08-27T16:00:39.937+0000] {dag.py:3441} INFO - Setting next_dagrun for example_short_circuit_operator to 2025-08-26T16:00:39.937695+00:00, run_after=2025-08-27T16:00:39.937695+00:00
[2025-08-27T16:00:39.949+0000] {processor.py:175} INFO - Processing /home/airflow/.local/lib/python3.7/site-packages/airflow/example_dags/example_short_circuit_operator.py took 0.064 seconds
[2025-08-27T16:14:52.931+0000] {processor.py:153} INFO - Started process (PID=23636) to work on /home/airflow/.local/lib/python3.7/site-packages/airflow/example_dags/example_short_circuit_operator.py
[2025-08-27T16:14:52.932+0000] {processor.py:743} INFO - Processing file /home/airflow/.local/lib/python3.7/site-packages/airflow/example_dags/example_short_circuit_operator.py for tasks to queue
[2025-08-27T16:14:52.932+0000] {logging_mixin.py:137} INFO - [2025-08-27T16:14:52.932+0000] {dagbag.py:538} INFO - Filling up the DagBag from /home/airflow/.local/lib/python3.7/site-packages/airflow/example_dags/example_short_circuit_operator.py
[2025-08-27T16:14:52.939+0000] {processor.py:753} INFO - DAG(s) dict_keys(['example_short_circuit_operator']) retrieved from /home/airflow/.local/lib/python3.7/site-packages/airflow/example_dags/example_short_circuit_operator.py
[2025-08-27T16:14:52.950+0000] {logging_mixin.py:137} INFO - [2025-08-27T16:14:52.950+0000] {dag.py:2690} INFO - Sync 1 DAGs
[2025-08-27T16:14:52.959+0000] {logging_mixin.py:137} INFO - [2025-08-27T16:14:52.959+0000] {dag.py:3441} INFO - Setting next_dagrun for example_short_circuit_operator to 2025-08-26T16:14:52.959048+00:00, run_after=2025-08-27T16:14:52.959048+00:00
[2025-08-27T16:14:52.966+0000] {processor.py:175} INFO - Processing /home/airflow/.local/lib/python3.7/site-packages/airflow/example_dags/example_short_circuit_operator.py took 0.036 seconds
[2025-08-27T16:23:10.136+0000] {processor.py:153} INFO - Started process (PID=23736) to work on /home/airflow/.local/lib/python3.7/site-packages/airflow/example_dags/example_short_circuit_operator.py
[2025-08-27T16:23:10.136+0000] {processor.py:743} INFO - Processing file /home/airflow/.local/lib/python3.7/site-packages/airflow/example_dags/example_short_circuit_operator.py for tasks to queue
[2025-08-27T16:23:10.137+0000] {logging_mixin.py:137} INFO - [2025-08-27T16:23:10.137+0000] {dagbag.py:538} INFO - Filling up the DagBag from /home/airflow/.local/lib/python3.7/site-packages/airflow/example_dags/example_short_circuit_operator.py
[2025-08-27T16:23:10.147+0000] {processor.py:753} INFO - DAG(s) dict_keys(['example_short_circuit_operator']) retrieved from /home/airflow/.local/lib/python3.7/site-packages/airflow/example_dags/example_short_circuit_operator.py
[2025-08-27T16:23:10.163+0000] {logging_mixin.py:137} INFO - [2025-08-27T16:23:10.163+0000] {dag.py:2690} INFO - Sync 1 DAGs
[2025-08-27T16:23:10.176+0000] {logging_mixin.py:137} INFO - [2025-08-27T16:23:10.176+0000] {dag.py:3441} INFO - Setting next_dagrun for example_short_circuit_operator to 2025-08-26T16:23:10.176323+00:00, run_after=2025-08-27T16:23:10.176323+00:00
[2025-08-27T16:23:10.187+0000] {processor.py:175} INFO - Processing /home/airflow/.local/lib/python3.7/site-packages/airflow/example_dags/example_short_circuit_operator.py took 0.053 seconds
[2025-08-27T16:24:53.900+0000] {processor.py:153} INFO - Started process (PID=23836) to work on /home/airflow/.local/lib/python3.7/site-packages/airflow/example_dags/example_short_circuit_operator.py
[2025-08-27T16:24:53.900+0000] {processor.py:743} INFO - Processing file /home/airflow/.local/lib/python3.7/site-packages/airflow/example_dags/example_short_circuit_operator.py for tasks to queue
[2025-08-27T16:24:53.904+0000] {logging_mixin.py:137} INFO - [2025-08-27T16:24:53.903+0000] {dagbag.py:538} INFO - Filling up the DagBag from /home/airflow/.local/lib/python3.7/site-packages/airflow/example_dags/example_short_circuit_operator.py
[2025-08-27T16:24:53.911+0000] {processor.py:753} INFO - DAG(s) dict_keys(['example_short_circuit_operator']) retrieved from /home/airflow/.local/lib/python3.7/site-packages/airflow/example_dags/example_short_circuit_operator.py
[2025-08-27T16:24:53.923+0000] {logging_mixin.py:137} INFO - [2025-08-27T16:24:53.923+0000] {dag.py:2690} INFO - Sync 1 DAGs
[2025-08-27T16:24:53.933+0000] {logging_mixin.py:137} INFO - [2025-08-27T16:24:53.933+0000] {dag.py:3441} INFO - Setting next_dagrun for example_short_circuit_operator to 2025-08-26T16:24:53.933507+00:00, run_after=2025-08-27T16:24:53.933507+00:00
[2025-08-27T16:24:53.941+0000] {processor.py:175} INFO - Processing /home/airflow/.local/lib/python3.7/site-packages/airflow/example_dags/example_short_circuit_operator.py took 0.043 seconds
[2025-08-27T16:30:07.093+0000] {processor.py:153} INFO - Started process (PID=23936) to work on /home/airflow/.local/lib/python3.7/site-packages/airflow/example_dags/example_short_circuit_operator.py
[2025-08-27T16:30:07.095+0000] {processor.py:743} INFO - Processing file /home/airflow/.local/lib/python3.7/site-packages/airflow/example_dags/example_short_circuit_operator.py for tasks to queue
[2025-08-27T16:30:07.095+0000] {logging_mixin.py:137} INFO - [2025-08-27T16:30:07.095+0000] {dagbag.py:538} INFO - Filling up the DagBag from /home/airflow/.local/lib/python3.7/site-packages/airflow/example_dags/example_short_circuit_operator.py
[2025-08-27T16:30:07.117+0000] {processor.py:753} INFO - DAG(s) dict_keys(['example_short_circuit_operator']) retrieved from /home/airflow/.local/lib/python3.7/site-packages/airflow/example_dags/example_short_circuit_operator.py
[2025-08-27T16:30:07.144+0000] {logging_mixin.py:137} INFO - [2025-08-27T16:30:07.144+0000] {dag.py:2690} INFO - Sync 1 DAGs
[2025-08-27T16:30:07.166+0000] {logging_mixin.py:137} INFO - [2025-08-27T16:30:07.166+0000] {dag.py:3441} INFO - Setting next_dagrun for example_short_circuit_operator to 2025-08-26T16:30:07.165367+00:00, run_after=2025-08-27T16:30:07.165367+00:00
[2025-08-27T16:30:07.186+0000] {processor.py:175} INFO - Processing /home/airflow/.local/lib/python3.7/site-packages/airflow/example_dags/example_short_circuit_operator.py took 0.095 seconds
[2025-08-27T16:44:02.694+0000] {processor.py:153} INFO - Started process (PID=24016) to work on /home/airflow/.local/lib/python3.7/site-packages/airflow/example_dags/example_short_circuit_operator.py
[2025-08-27T16:44:02.697+0000] {processor.py:743} INFO - Processing file /home/airflow/.local/lib/python3.7/site-packages/airflow/example_dags/example_short_circuit_operator.py for tasks to queue
[2025-08-27T16:44:02.697+0000] {logging_mixin.py:137} INFO - [2025-08-27T16:44:02.697+0000] {dagbag.py:538} INFO - Filling up the DagBag from /home/airflow/.local/lib/python3.7/site-packages/airflow/example_dags/example_short_circuit_operator.py
[2025-08-27T16:44:02.712+0000] {processor.py:753} INFO - DAG(s) dict_keys(['example_short_circuit_operator']) retrieved from /home/airflow/.local/lib/python3.7/site-packages/airflow/example_dags/example_short_circuit_operator.py
[2025-08-27T16:44:02.732+0000] {logging_mixin.py:137} INFO - [2025-08-27T16:44:02.732+0000] {dag.py:2690} INFO - Sync 1 DAGs
[2025-08-27T16:44:02.747+0000] {logging_mixin.py:137} INFO - [2025-08-27T16:44:02.747+0000] {dag.py:3441} INFO - Setting next_dagrun for example_short_circuit_operator to 2025-08-26T16:44:02.747599+00:00, run_after=2025-08-27T16:44:02.747599+00:00
[2025-08-27T16:44:02.757+0000] {processor.py:175} INFO - Processing /home/airflow/.local/lib/python3.7/site-packages/airflow/example_dags/example_short_circuit_operator.py took 0.065 seconds
[2025-08-27T18:19:17.298+0000] {processor.py:153} INFO - Started process (PID=24116) to work on /home/airflow/.local/lib/python3.7/site-packages/airflow/example_dags/example_short_circuit_operator.py
[2025-08-27T18:19:17.298+0000] {processor.py:743} INFO - Processing file /home/airflow/.local/lib/python3.7/site-packages/airflow/example_dags/example_short_circuit_operator.py for tasks to queue
[2025-08-27T18:19:17.299+0000] {logging_mixin.py:137} INFO - [2025-08-27T18:19:17.299+0000] {dagbag.py:538} INFO - Filling up the DagBag from /home/airflow/.local/lib/python3.7/site-packages/airflow/example_dags/example_short_circuit_operator.py
[2025-08-27T18:19:17.307+0000] {processor.py:753} INFO - DAG(s) dict_keys(['example_short_circuit_operator']) retrieved from /home/airflow/.local/lib/python3.7/site-packages/airflow/example_dags/example_short_circuit_operator.py
[2025-08-27T18:19:17.319+0000] {logging_mixin.py:137} INFO - [2025-08-27T18:19:17.319+0000] {dag.py:2690} INFO - Sync 1 DAGs
[2025-08-27T18:19:17.334+0000] {logging_mixin.py:137} INFO - [2025-08-27T18:19:17.334+0000] {dag.py:3441} INFO - Setting next_dagrun for example_short_circuit_operator to 2025-08-26T18:19:17.334443+00:00, run_after=2025-08-27T18:19:17.334443+00:00
[2025-08-27T18:19:17.348+0000] {processor.py:175} INFO - Processing /home/airflow/.local/lib/python3.7/site-packages/airflow/example_dags/example_short_circuit_operator.py took 0.052 seconds
[2025-08-27T19:39:49.883+0000] {processor.py:153} INFO - Started process (PID=24216) to work on /home/airflow/.local/lib/python3.7/site-packages/airflow/example_dags/example_short_circuit_operator.py
[2025-08-27T19:39:49.883+0000] {processor.py:743} INFO - Processing file /home/airflow/.local/lib/python3.7/site-packages/airflow/example_dags/example_short_circuit_operator.py for tasks to queue
[2025-08-27T19:39:49.884+0000] {logging_mixin.py:137} INFO - [2025-08-27T19:39:49.884+0000] {dagbag.py:538} INFO - Filling up the DagBag from /home/airflow/.local/lib/python3.7/site-packages/airflow/example_dags/example_short_circuit_operator.py
[2025-08-27T19:39:49.891+0000] {processor.py:753} INFO - DAG(s) dict_keys(['example_short_circuit_operator']) retrieved from /home/airflow/.local/lib/python3.7/site-packages/airflow/example_dags/example_short_circuit_operator.py
[2025-08-27T19:39:49.903+0000] {logging_mixin.py:137} INFO - [2025-08-27T19:39:49.903+0000] {dag.py:2690} INFO - Sync 1 DAGs
[2025-08-27T19:39:49.914+0000] {logging_mixin.py:137} INFO - [2025-08-27T19:39:49.914+0000] {dag.py:3441} INFO - Setting next_dagrun for example_short_circuit_operator to 2025-08-26T19:39:49.914540+00:00, run_after=2025-08-27T19:39:49.914540+00:00
[2025-08-27T19:39:49.925+0000] {processor.py:175} INFO - Processing /home/airflow/.local/lib/python3.7/site-packages/airflow/example_dags/example_short_circuit_operator.py took 0.044 seconds
[2025-08-27T21:01:24.339+0000] {processor.py:153} INFO - Started process (PID=24296) to work on /home/airflow/.local/lib/python3.7/site-packages/airflow/example_dags/example_short_circuit_operator.py
[2025-08-27T21:01:24.340+0000] {processor.py:743} INFO - Processing file /home/airflow/.local/lib/python3.7/site-packages/airflow/example_dags/example_short_circuit_operator.py for tasks to queue
[2025-08-27T21:01:24.340+0000] {logging_mixin.py:137} INFO - [2025-08-27T21:01:24.340+0000] {dagbag.py:538} INFO - Filling up the DagBag from /home/airflow/.local/lib/python3.7/site-packages/airflow/example_dags/example_short_circuit_operator.py
[2025-08-27T21:01:24.351+0000] {processor.py:753} INFO - DAG(s) dict_keys(['example_short_circuit_operator']) retrieved from /home/airflow/.local/lib/python3.7/site-packages/airflow/example_dags/example_short_circuit_operator.py
[2025-08-27T21:01:24.365+0000] {logging_mixin.py:137} INFO - [2025-08-27T21:01:24.365+0000] {dag.py:2690} INFO - Sync 1 DAGs
[2025-08-27T21:01:24.376+0000] {logging_mixin.py:137} INFO - [2025-08-27T21:01:24.376+0000] {dag.py:3441} INFO - Setting next_dagrun for example_short_circuit_operator to 2025-08-26T21:01:24.376620+00:00, run_after=2025-08-27T21:01:24.376620+00:00
[2025-08-27T21:01:24.385+0000] {processor.py:175} INFO - Processing /home/airflow/.local/lib/python3.7/site-packages/airflow/example_dags/example_short_circuit_operator.py took 0.047 seconds
[2025-08-27T21:51:49.669+0000] {processor.py:153} INFO - Started process (PID=24396) to work on /home/airflow/.local/lib/python3.7/site-packages/airflow/example_dags/example_short_circuit_operator.py
[2025-08-27T21:51:49.671+0000] {processor.py:743} INFO - Processing file /home/airflow/.local/lib/python3.7/site-packages/airflow/example_dags/example_short_circuit_operator.py for tasks to queue
[2025-08-27T21:51:49.672+0000] {logging_mixin.py:137} INFO - [2025-08-27T21:51:49.672+0000] {dagbag.py:538} INFO - Filling up the DagBag from /home/airflow/.local/lib/python3.7/site-packages/airflow/example_dags/example_short_circuit_operator.py
[2025-08-27T21:51:49.681+0000] {processor.py:753} INFO - DAG(s) dict_keys(['example_short_circuit_operator']) retrieved from /home/airflow/.local/lib/python3.7/site-packages/airflow/example_dags/example_short_circuit_operator.py
[2025-08-27T21:51:49.696+0000] {logging_mixin.py:137} INFO - [2025-08-27T21:51:49.696+0000] {dag.py:2690} INFO - Sync 1 DAGs
[2025-08-27T21:51:49.710+0000] {logging_mixin.py:137} INFO - [2025-08-27T21:51:49.709+0000] {dag.py:3441} INFO - Setting next_dagrun for example_short_circuit_operator to 2025-08-26T21:51:49.709788+00:00, run_after=2025-08-27T21:51:49.709788+00:00
[2025-08-27T21:51:49.719+0000] {processor.py:175} INFO - Processing /home/airflow/.local/lib/python3.7/site-packages/airflow/example_dags/example_short_circuit_operator.py took 0.052 seconds
[2025-08-27T23:29:05.682+0000] {processor.py:153} INFO - Started process (PID=24496) to work on /home/airflow/.local/lib/python3.7/site-packages/airflow/example_dags/example_short_circuit_operator.py
[2025-08-27T23:29:05.683+0000] {processor.py:743} INFO - Processing file /home/airflow/.local/lib/python3.7/site-packages/airflow/example_dags/example_short_circuit_operator.py for tasks to queue
[2025-08-27T23:29:05.683+0000] {logging_mixin.py:137} INFO - [2025-08-27T23:29:05.683+0000] {dagbag.py:538} INFO - Filling up the DagBag from /home/airflow/.local/lib/python3.7/site-packages/airflow/example_dags/example_short_circuit_operator.py
[2025-08-27T23:29:05.690+0000] {processor.py:753} INFO - DAG(s) dict_keys(['example_short_circuit_operator']) retrieved from /home/airflow/.local/lib/python3.7/site-packages/airflow/example_dags/example_short_circuit_operator.py
[2025-08-27T23:29:05.701+0000] {logging_mixin.py:137} INFO - [2025-08-27T23:29:05.701+0000] {dag.py:2690} INFO - Sync 1 DAGs
[2025-08-27T23:29:05.710+0000] {logging_mixin.py:137} INFO - [2025-08-27T23:29:05.710+0000] {dag.py:3441} INFO - Setting next_dagrun for example_short_circuit_operator to 2025-08-26T23:29:05.710701+00:00, run_after=2025-08-27T23:29:05.710701+00:00
[2025-08-27T23:29:05.719+0000] {processor.py:175} INFO - Processing /home/airflow/.local/lib/python3.7/site-packages/airflow/example_dags/example_short_circuit_operator.py took 0.038 seconds
