[2025-08-27T00:46:30.054+0000] {processor.py:153} INFO - Started process (PID=19516) to work on /home/airflow/.local/lib/python3.7/site-packages/airflow/example_dags/tutorial_taskflow_api_virtualenv.py
[2025-08-27T00:46:30.054+0000] {processor.py:743} INFO - Processing file /home/airflow/.local/lib/python3.7/site-packages/airflow/example_dags/tutorial_taskflow_api_virtualenv.py for tasks to queue
[2025-08-27T00:46:30.054+0000] {logging_mixin.py:137} INFO - [2025-08-27T00:46:30.054+0000] {dagbag.py:538} INFO - Filling up the DagBag from /home/airflow/.local/lib/python3.7/site-packages/airflow/example_dags/tutorial_taskflow_api_virtualenv.py
[2025-08-27T00:46:30.066+0000] {processor.py:753} INFO - DAG(s) dict_keys(['tutorial_taskflow_api_virtualenv']) retrieved from /home/airflow/.local/lib/python3.7/site-packages/airflow/example_dags/tutorial_taskflow_api_virtualenv.py
[2025-08-27T00:46:30.079+0000] {logging_mixin.py:137} INFO - [2025-08-27T00:46:30.079+0000] {dag.py:2690} INFO - Sync 1 DAGs
[2025-08-27T00:46:30.088+0000] {logging_mixin.py:137} INFO - [2025-08-27T00:46:30.088+0000] {dag.py:3441} INFO - Setting next_dagrun for tutorial_taskflow_api_virtualenv to None, run_after=None
[2025-08-27T00:46:30.095+0000] {processor.py:175} INFO - Processing /home/airflow/.local/lib/python3.7/site-packages/airflow/example_dags/tutorial_taskflow_api_virtualenv.py took 0.043 seconds
[2025-08-27T02:21:51.865+0000] {processor.py:153} INFO - Started process (PID=19596) to work on /home/airflow/.local/lib/python3.7/site-packages/airflow/example_dags/tutorial_taskflow_api_virtualenv.py
[2025-08-27T02:21:51.865+0000] {processor.py:743} INFO - Processing file /home/airflow/.local/lib/python3.7/site-packages/airflow/example_dags/tutorial_taskflow_api_virtualenv.py for tasks to queue
[2025-08-27T02:21:51.866+0000] {logging_mixin.py:137} INFO - [2025-08-27T02:21:51.866+0000] {dagbag.py:538} INFO - Filling up the DagBag from /home/airflow/.local/lib/python3.7/site-packages/airflow/example_dags/tutorial_taskflow_api_virtualenv.py
[2025-08-27T02:21:51.886+0000] {processor.py:753} INFO - DAG(s) dict_keys(['tutorial_taskflow_api_virtualenv']) retrieved from /home/airflow/.local/lib/python3.7/site-packages/airflow/example_dags/tutorial_taskflow_api_virtualenv.py
[2025-08-27T02:21:51.904+0000] {logging_mixin.py:137} INFO - [2025-08-27T02:21:51.904+0000] {dag.py:2690} INFO - Sync 1 DAGs
[2025-08-27T02:21:51.917+0000] {logging_mixin.py:137} INFO - [2025-08-27T02:21:51.917+0000] {dag.py:3441} INFO - Setting next_dagrun for tutorial_taskflow_api_virtualenv to None, run_after=None
[2025-08-27T02:21:51.927+0000] {processor.py:175} INFO - Processing /home/airflow/.local/lib/python3.7/site-packages/airflow/example_dags/tutorial_taskflow_api_virtualenv.py took 0.066 seconds
[2025-08-27T02:37:30.733+0000] {processor.py:153} INFO - Started process (PID=19696) to work on /home/airflow/.local/lib/python3.7/site-packages/airflow/example_dags/tutorial_taskflow_api_virtualenv.py
[2025-08-27T02:37:30.734+0000] {processor.py:743} INFO - Processing file /home/airflow/.local/lib/python3.7/site-packages/airflow/example_dags/tutorial_taskflow_api_virtualenv.py for tasks to queue
[2025-08-27T02:37:30.734+0000] {logging_mixin.py:137} INFO - [2025-08-27T02:37:30.734+0000] {dagbag.py:538} INFO - Filling up the DagBag from /home/airflow/.local/lib/python3.7/site-packages/airflow/example_dags/tutorial_taskflow_api_virtualenv.py
[2025-08-27T02:37:30.747+0000] {processor.py:753} INFO - DAG(s) dict_keys(['tutorial_taskflow_api_virtualenv']) retrieved from /home/airflow/.local/lib/python3.7/site-packages/airflow/example_dags/tutorial_taskflow_api_virtualenv.py
[2025-08-27T02:37:30.760+0000] {logging_mixin.py:137} INFO - [2025-08-27T02:37:30.760+0000] {dag.py:2690} INFO - Sync 1 DAGs
[2025-08-27T02:37:30.771+0000] {logging_mixin.py:137} INFO - [2025-08-27T02:37:30.771+0000] {dag.py:3441} INFO - Setting next_dagrun for tutorial_taskflow_api_virtualenv to None, run_after=None
[2025-08-27T02:37:30.780+0000] {processor.py:175} INFO - Processing /home/airflow/.local/lib/python3.7/site-packages/airflow/example_dags/tutorial_taskflow_api_virtualenv.py took 0.048 seconds
[2025-08-27T03:02:26.854+0000] {processor.py:153} INFO - Started process (PID=19796) to work on /home/airflow/.local/lib/python3.7/site-packages/airflow/example_dags/tutorial_taskflow_api_virtualenv.py
[2025-08-27T03:02:26.854+0000] {processor.py:743} INFO - Processing file /home/airflow/.local/lib/python3.7/site-packages/airflow/example_dags/tutorial_taskflow_api_virtualenv.py for tasks to queue
[2025-08-27T03:02:26.855+0000] {logging_mixin.py:137} INFO - [2025-08-27T03:02:26.854+0000] {dagbag.py:538} INFO - Filling up the DagBag from /home/airflow/.local/lib/python3.7/site-packages/airflow/example_dags/tutorial_taskflow_api_virtualenv.py
[2025-08-27T03:02:26.866+0000] {processor.py:753} INFO - DAG(s) dict_keys(['tutorial_taskflow_api_virtualenv']) retrieved from /home/airflow/.local/lib/python3.7/site-packages/airflow/example_dags/tutorial_taskflow_api_virtualenv.py
[2025-08-27T03:02:26.882+0000] {logging_mixin.py:137} INFO - [2025-08-27T03:02:26.881+0000] {dag.py:2690} INFO - Sync 1 DAGs
[2025-08-27T03:02:26.895+0000] {logging_mixin.py:137} INFO - [2025-08-27T03:02:26.895+0000] {dag.py:3441} INFO - Setting next_dagrun for tutorial_taskflow_api_virtualenv to None, run_after=None
[2025-08-27T03:02:26.903+0000] {processor.py:175} INFO - Processing /home/airflow/.local/lib/python3.7/site-packages/airflow/example_dags/tutorial_taskflow_api_virtualenv.py took 0.051 seconds
[2025-08-27T03:13:54.114+0000] {processor.py:153} INFO - Started process (PID=19895) to work on /home/airflow/.local/lib/python3.7/site-packages/airflow/example_dags/tutorial_taskflow_api_virtualenv.py
[2025-08-27T03:13:54.114+0000] {processor.py:743} INFO - Processing file /home/airflow/.local/lib/python3.7/site-packages/airflow/example_dags/tutorial_taskflow_api_virtualenv.py for tasks to queue
[2025-08-27T03:13:54.114+0000] {logging_mixin.py:137} INFO - [2025-08-27T03:13:54.114+0000] {dagbag.py:538} INFO - Filling up the DagBag from /home/airflow/.local/lib/python3.7/site-packages/airflow/example_dags/tutorial_taskflow_api_virtualenv.py
[2025-08-27T03:13:54.123+0000] {processor.py:753} INFO - DAG(s) dict_keys(['tutorial_taskflow_api_virtualenv']) retrieved from /home/airflow/.local/lib/python3.7/site-packages/airflow/example_dags/tutorial_taskflow_api_virtualenv.py
[2025-08-27T03:13:54.135+0000] {logging_mixin.py:137} INFO - [2025-08-27T03:13:54.135+0000] {dag.py:2690} INFO - Sync 1 DAGs
[2025-08-27T03:13:54.145+0000] {logging_mixin.py:137} INFO - [2025-08-27T03:13:54.145+0000] {dag.py:3441} INFO - Setting next_dagrun for tutorial_taskflow_api_virtualenv to None, run_after=None
[2025-08-27T03:13:54.152+0000] {processor.py:175} INFO - Processing /home/airflow/.local/lib/python3.7/site-packages/airflow/example_dags/tutorial_taskflow_api_virtualenv.py took 0.040 seconds
[2025-08-27T03:33:10.265+0000] {processor.py:153} INFO - Started process (PID=19975) to work on /home/airflow/.local/lib/python3.7/site-packages/airflow/example_dags/tutorial_taskflow_api_virtualenv.py
[2025-08-27T03:33:10.266+0000] {processor.py:743} INFO - Processing file /home/airflow/.local/lib/python3.7/site-packages/airflow/example_dags/tutorial_taskflow_api_virtualenv.py for tasks to queue
[2025-08-27T03:33:10.267+0000] {logging_mixin.py:137} INFO - [2025-08-27T03:33:10.267+0000] {dagbag.py:538} INFO - Filling up the DagBag from /home/airflow/.local/lib/python3.7/site-packages/airflow/example_dags/tutorial_taskflow_api_virtualenv.py
[2025-08-27T03:33:10.276+0000] {processor.py:753} INFO - DAG(s) dict_keys(['tutorial_taskflow_api_virtualenv']) retrieved from /home/airflow/.local/lib/python3.7/site-packages/airflow/example_dags/tutorial_taskflow_api_virtualenv.py
[2025-08-27T03:33:10.287+0000] {logging_mixin.py:137} INFO - [2025-08-27T03:33:10.287+0000] {dag.py:2690} INFO - Sync 1 DAGs
[2025-08-27T03:33:10.300+0000] {logging_mixin.py:137} INFO - [2025-08-27T03:33:10.300+0000] {dag.py:3441} INFO - Setting next_dagrun for tutorial_taskflow_api_virtualenv to None, run_after=None
[2025-08-27T03:33:10.308+0000] {processor.py:175} INFO - Processing /home/airflow/.local/lib/python3.7/site-packages/airflow/example_dags/tutorial_taskflow_api_virtualenv.py took 0.045 seconds
[2025-08-27T04:45:10.909+0000] {processor.py:153} INFO - Started process (PID=20075) to work on /home/airflow/.local/lib/python3.7/site-packages/airflow/example_dags/tutorial_taskflow_api_virtualenv.py
[2025-08-27T04:45:10.909+0000] {processor.py:743} INFO - Processing file /home/airflow/.local/lib/python3.7/site-packages/airflow/example_dags/tutorial_taskflow_api_virtualenv.py for tasks to queue
[2025-08-27T04:45:10.910+0000] {logging_mixin.py:137} INFO - [2025-08-27T04:45:10.910+0000] {dagbag.py:538} INFO - Filling up the DagBag from /home/airflow/.local/lib/python3.7/site-packages/airflow/example_dags/tutorial_taskflow_api_virtualenv.py
[2025-08-27T04:45:10.919+0000] {processor.py:753} INFO - DAG(s) dict_keys(['tutorial_taskflow_api_virtualenv']) retrieved from /home/airflow/.local/lib/python3.7/site-packages/airflow/example_dags/tutorial_taskflow_api_virtualenv.py
[2025-08-27T04:45:10.932+0000] {logging_mixin.py:137} INFO - [2025-08-27T04:45:10.932+0000] {dag.py:2690} INFO - Sync 1 DAGs
[2025-08-27T04:45:10.945+0000] {logging_mixin.py:137} INFO - [2025-08-27T04:45:10.945+0000] {dag.py:3441} INFO - Setting next_dagrun for tutorial_taskflow_api_virtualenv to None, run_after=None
[2025-08-27T04:45:10.953+0000] {processor.py:175} INFO - Processing /home/airflow/.local/lib/python3.7/site-packages/airflow/example_dags/tutorial_taskflow_api_virtualenv.py took 0.046 seconds
[2025-08-27T04:49:56.397+0000] {processor.py:153} INFO - Started process (PID=20175) to work on /home/airflow/.local/lib/python3.7/site-packages/airflow/example_dags/tutorial_taskflow_api_virtualenv.py
[2025-08-27T04:49:56.398+0000] {processor.py:743} INFO - Processing file /home/airflow/.local/lib/python3.7/site-packages/airflow/example_dags/tutorial_taskflow_api_virtualenv.py for tasks to queue
[2025-08-27T04:49:56.399+0000] {logging_mixin.py:137} INFO - [2025-08-27T04:49:56.399+0000] {dagbag.py:538} INFO - Filling up the DagBag from /home/airflow/.local/lib/python3.7/site-packages/airflow/example_dags/tutorial_taskflow_api_virtualenv.py
[2025-08-27T04:49:56.410+0000] {processor.py:753} INFO - DAG(s) dict_keys(['tutorial_taskflow_api_virtualenv']) retrieved from /home/airflow/.local/lib/python3.7/site-packages/airflow/example_dags/tutorial_taskflow_api_virtualenv.py
[2025-08-27T04:49:56.422+0000] {logging_mixin.py:137} INFO - [2025-08-27T04:49:56.422+0000] {dag.py:2690} INFO - Sync 1 DAGs
[2025-08-27T04:49:56.432+0000] {logging_mixin.py:137} INFO - [2025-08-27T04:49:56.432+0000] {dag.py:3441} INFO - Setting next_dagrun for tutorial_taskflow_api_virtualenv to None, run_after=None
[2025-08-27T04:49:56.439+0000] {processor.py:175} INFO - Processing /home/airflow/.local/lib/python3.7/site-packages/airflow/example_dags/tutorial_taskflow_api_virtualenv.py took 0.044 seconds
[2025-08-27T05:35:09.674+0000] {processor.py:153} INFO - Started process (PID=20264) to work on /home/airflow/.local/lib/python3.7/site-packages/airflow/example_dags/tutorial_taskflow_api_virtualenv.py
[2025-08-27T05:35:09.674+0000] {processor.py:743} INFO - Processing file /home/airflow/.local/lib/python3.7/site-packages/airflow/example_dags/tutorial_taskflow_api_virtualenv.py for tasks to queue
[2025-08-27T05:35:09.675+0000] {logging_mixin.py:137} INFO - [2025-08-27T05:35:09.674+0000] {dagbag.py:538} INFO - Filling up the DagBag from /home/airflow/.local/lib/python3.7/site-packages/airflow/example_dags/tutorial_taskflow_api_virtualenv.py
[2025-08-27T05:35:09.687+0000] {processor.py:753} INFO - DAG(s) dict_keys(['tutorial_taskflow_api_virtualenv']) retrieved from /home/airflow/.local/lib/python3.7/site-packages/airflow/example_dags/tutorial_taskflow_api_virtualenv.py
[2025-08-27T05:35:09.698+0000] {logging_mixin.py:137} INFO - [2025-08-27T05:35:09.698+0000] {dag.py:2690} INFO - Sync 1 DAGs
[2025-08-27T05:35:09.708+0000] {logging_mixin.py:137} INFO - [2025-08-27T05:35:09.708+0000] {dag.py:3441} INFO - Setting next_dagrun for tutorial_taskflow_api_virtualenv to None, run_after=None
[2025-08-27T05:35:09.716+0000] {processor.py:175} INFO - Processing /home/airflow/.local/lib/python3.7/site-packages/airflow/example_dags/tutorial_taskflow_api_virtualenv.py took 0.044 seconds
[2025-08-27T06:12:37.945+0000] {processor.py:153} INFO - Started process (PID=20355) to work on /home/airflow/.local/lib/python3.7/site-packages/airflow/example_dags/tutorial_taskflow_api_virtualenv.py
[2025-08-27T06:12:37.945+0000] {processor.py:743} INFO - Processing file /home/airflow/.local/lib/python3.7/site-packages/airflow/example_dags/tutorial_taskflow_api_virtualenv.py for tasks to queue
[2025-08-27T06:12:37.946+0000] {logging_mixin.py:137} INFO - [2025-08-27T06:12:37.946+0000] {dagbag.py:538} INFO - Filling up the DagBag from /home/airflow/.local/lib/python3.7/site-packages/airflow/example_dags/tutorial_taskflow_api_virtualenv.py
[2025-08-27T06:12:37.958+0000] {processor.py:753} INFO - DAG(s) dict_keys(['tutorial_taskflow_api_virtualenv']) retrieved from /home/airflow/.local/lib/python3.7/site-packages/airflow/example_dags/tutorial_taskflow_api_virtualenv.py
[2025-08-27T06:12:37.971+0000] {logging_mixin.py:137} INFO - [2025-08-27T06:12:37.971+0000] {dag.py:2690} INFO - Sync 1 DAGs
[2025-08-27T06:12:37.982+0000] {logging_mixin.py:137} INFO - [2025-08-27T06:12:37.982+0000] {dag.py:3441} INFO - Setting next_dagrun for tutorial_taskflow_api_virtualenv to None, run_after=None
[2025-08-27T06:12:37.991+0000] {processor.py:175} INFO - Processing /home/airflow/.local/lib/python3.7/site-packages/airflow/example_dags/tutorial_taskflow_api_virtualenv.py took 0.048 seconds
[2025-08-27T06:55:19.616+0000] {processor.py:153} INFO - Started process (PID=20455) to work on /home/airflow/.local/lib/python3.7/site-packages/airflow/example_dags/tutorial_taskflow_api_virtualenv.py
[2025-08-27T06:55:19.618+0000] {processor.py:743} INFO - Processing file /home/airflow/.local/lib/python3.7/site-packages/airflow/example_dags/tutorial_taskflow_api_virtualenv.py for tasks to queue
[2025-08-27T06:55:19.619+0000] {logging_mixin.py:137} INFO - [2025-08-27T06:55:19.618+0000] {dagbag.py:538} INFO - Filling up the DagBag from /home/airflow/.local/lib/python3.7/site-packages/airflow/example_dags/tutorial_taskflow_api_virtualenv.py
[2025-08-27T06:55:19.627+0000] {processor.py:753} INFO - DAG(s) dict_keys(['tutorial_taskflow_api_virtualenv']) retrieved from /home/airflow/.local/lib/python3.7/site-packages/airflow/example_dags/tutorial_taskflow_api_virtualenv.py
[2025-08-27T06:55:19.641+0000] {logging_mixin.py:137} INFO - [2025-08-27T06:55:19.641+0000] {dag.py:2690} INFO - Sync 1 DAGs
[2025-08-27T06:55:19.651+0000] {logging_mixin.py:137} INFO - [2025-08-27T06:55:19.651+0000] {dag.py:3441} INFO - Setting next_dagrun for tutorial_taskflow_api_virtualenv to None, run_after=None
[2025-08-27T06:55:19.660+0000] {processor.py:175} INFO - Processing /home/airflow/.local/lib/python3.7/site-packages/airflow/example_dags/tutorial_taskflow_api_virtualenv.py took 0.046 seconds
[2025-08-27T07:53:52.810+0000] {processor.py:153} INFO - Started process (PID=20555) to work on /home/airflow/.local/lib/python3.7/site-packages/airflow/example_dags/tutorial_taskflow_api_virtualenv.py
[2025-08-27T07:53:52.811+0000] {processor.py:743} INFO - Processing file /home/airflow/.local/lib/python3.7/site-packages/airflow/example_dags/tutorial_taskflow_api_virtualenv.py for tasks to queue
[2025-08-27T07:53:52.811+0000] {logging_mixin.py:137} INFO - [2025-08-27T07:53:52.811+0000] {dagbag.py:538} INFO - Filling up the DagBag from /home/airflow/.local/lib/python3.7/site-packages/airflow/example_dags/tutorial_taskflow_api_virtualenv.py
[2025-08-27T07:53:52.821+0000] {processor.py:753} INFO - DAG(s) dict_keys(['tutorial_taskflow_api_virtualenv']) retrieved from /home/airflow/.local/lib/python3.7/site-packages/airflow/example_dags/tutorial_taskflow_api_virtualenv.py
[2025-08-27T07:53:52.833+0000] {logging_mixin.py:137} INFO - [2025-08-27T07:53:52.833+0000] {dag.py:2690} INFO - Sync 1 DAGs
[2025-08-27T07:53:52.844+0000] {logging_mixin.py:137} INFO - [2025-08-27T07:53:52.844+0000] {dag.py:3441} INFO - Setting next_dagrun for tutorial_taskflow_api_virtualenv to None, run_after=None
[2025-08-27T07:53:52.855+0000] {processor.py:175} INFO - Processing /home/airflow/.local/lib/python3.7/site-packages/airflow/example_dags/tutorial_taskflow_api_virtualenv.py took 0.046 seconds
[2025-08-27T08:23:40.058+0000] {processor.py:153} INFO - Started process (PID=20635) to work on /home/airflow/.local/lib/python3.7/site-packages/airflow/example_dags/tutorial_taskflow_api_virtualenv.py
[2025-08-27T08:23:40.059+0000] {processor.py:743} INFO - Processing file /home/airflow/.local/lib/python3.7/site-packages/airflow/example_dags/tutorial_taskflow_api_virtualenv.py for tasks to queue
[2025-08-27T08:23:40.059+0000] {logging_mixin.py:137} INFO - [2025-08-27T08:23:40.059+0000] {dagbag.py:538} INFO - Filling up the DagBag from /home/airflow/.local/lib/python3.7/site-packages/airflow/example_dags/tutorial_taskflow_api_virtualenv.py
[2025-08-27T08:23:40.068+0000] {processor.py:753} INFO - DAG(s) dict_keys(['tutorial_taskflow_api_virtualenv']) retrieved from /home/airflow/.local/lib/python3.7/site-packages/airflow/example_dags/tutorial_taskflow_api_virtualenv.py
[2025-08-27T08:23:40.077+0000] {logging_mixin.py:137} INFO - [2025-08-27T08:23:40.077+0000] {dag.py:2690} INFO - Sync 1 DAGs
[2025-08-27T08:23:40.087+0000] {logging_mixin.py:137} INFO - [2025-08-27T08:23:40.087+0000] {dag.py:3441} INFO - Setting next_dagrun for tutorial_taskflow_api_virtualenv to None, run_after=None
[2025-08-27T08:23:40.094+0000] {processor.py:175} INFO - Processing /home/airflow/.local/lib/python3.7/site-packages/airflow/example_dags/tutorial_taskflow_api_virtualenv.py took 0.037 seconds
[2025-08-27T09:35:51.298+0000] {processor.py:153} INFO - Started process (PID=20735) to work on /home/airflow/.local/lib/python3.7/site-packages/airflow/example_dags/tutorial_taskflow_api_virtualenv.py
[2025-08-27T09:35:51.298+0000] {processor.py:743} INFO - Processing file /home/airflow/.local/lib/python3.7/site-packages/airflow/example_dags/tutorial_taskflow_api_virtualenv.py for tasks to queue
[2025-08-27T09:35:51.299+0000] {logging_mixin.py:137} INFO - [2025-08-27T09:35:51.299+0000] {dagbag.py:538} INFO - Filling up the DagBag from /home/airflow/.local/lib/python3.7/site-packages/airflow/example_dags/tutorial_taskflow_api_virtualenv.py
[2025-08-27T09:35:51.307+0000] {processor.py:753} INFO - DAG(s) dict_keys(['tutorial_taskflow_api_virtualenv']) retrieved from /home/airflow/.local/lib/python3.7/site-packages/airflow/example_dags/tutorial_taskflow_api_virtualenv.py
[2025-08-27T09:35:51.318+0000] {logging_mixin.py:137} INFO - [2025-08-27T09:35:51.318+0000] {dag.py:2690} INFO - Sync 1 DAGs
[2025-08-27T09:35:51.330+0000] {logging_mixin.py:137} INFO - [2025-08-27T09:35:51.330+0000] {dag.py:3441} INFO - Setting next_dagrun for tutorial_taskflow_api_virtualenv to None, run_after=None
[2025-08-27T09:35:51.338+0000] {processor.py:175} INFO - Processing /home/airflow/.local/lib/python3.7/site-packages/airflow/example_dags/tutorial_taskflow_api_virtualenv.py took 0.042 seconds
[2025-08-27T09:36:50.118+0000] {processor.py:153} INFO - Started process (PID=20835) to work on /home/airflow/.local/lib/python3.7/site-packages/airflow/example_dags/tutorial_taskflow_api_virtualenv.py
[2025-08-27T09:36:50.118+0000] {processor.py:743} INFO - Processing file /home/airflow/.local/lib/python3.7/site-packages/airflow/example_dags/tutorial_taskflow_api_virtualenv.py for tasks to queue
[2025-08-27T09:36:50.119+0000] {logging_mixin.py:137} INFO - [2025-08-27T09:36:50.118+0000] {dagbag.py:538} INFO - Filling up the DagBag from /home/airflow/.local/lib/python3.7/site-packages/airflow/example_dags/tutorial_taskflow_api_virtualenv.py
[2025-08-27T09:36:50.128+0000] {processor.py:753} INFO - DAG(s) dict_keys(['tutorial_taskflow_api_virtualenv']) retrieved from /home/airflow/.local/lib/python3.7/site-packages/airflow/example_dags/tutorial_taskflow_api_virtualenv.py
[2025-08-27T09:36:50.139+0000] {logging_mixin.py:137} INFO - [2025-08-27T09:36:50.139+0000] {dag.py:2690} INFO - Sync 1 DAGs
[2025-08-27T09:36:50.148+0000] {logging_mixin.py:137} INFO - [2025-08-27T09:36:50.148+0000] {dag.py:3441} INFO - Setting next_dagrun for tutorial_taskflow_api_virtualenv to None, run_after=None
[2025-08-27T09:36:50.155+0000] {processor.py:175} INFO - Processing /home/airflow/.local/lib/python3.7/site-packages/airflow/example_dags/tutorial_taskflow_api_virtualenv.py took 0.039 seconds
[2025-08-27T09:38:53.341+0000] {processor.py:153} INFO - Started process (PID=20935) to work on /home/airflow/.local/lib/python3.7/site-packages/airflow/example_dags/tutorial_taskflow_api_virtualenv.py
[2025-08-27T09:38:53.341+0000] {processor.py:743} INFO - Processing file /home/airflow/.local/lib/python3.7/site-packages/airflow/example_dags/tutorial_taskflow_api_virtualenv.py for tasks to queue
[2025-08-27T09:38:53.341+0000] {logging_mixin.py:137} INFO - [2025-08-27T09:38:53.341+0000] {dagbag.py:538} INFO - Filling up the DagBag from /home/airflow/.local/lib/python3.7/site-packages/airflow/example_dags/tutorial_taskflow_api_virtualenv.py
[2025-08-27T09:38:53.351+0000] {processor.py:753} INFO - DAG(s) dict_keys(['tutorial_taskflow_api_virtualenv']) retrieved from /home/airflow/.local/lib/python3.7/site-packages/airflow/example_dags/tutorial_taskflow_api_virtualenv.py
[2025-08-27T09:38:53.362+0000] {logging_mixin.py:137} INFO - [2025-08-27T09:38:53.362+0000] {dag.py:2690} INFO - Sync 1 DAGs
[2025-08-27T09:38:53.372+0000] {logging_mixin.py:137} INFO - [2025-08-27T09:38:53.372+0000] {dag.py:3441} INFO - Setting next_dagrun for tutorial_taskflow_api_virtualenv to None, run_after=None
[2025-08-27T09:38:53.380+0000] {processor.py:175} INFO - Processing /home/airflow/.local/lib/python3.7/site-packages/airflow/example_dags/tutorial_taskflow_api_virtualenv.py took 0.040 seconds
[2025-08-27T09:39:39.468+0000] {processor.py:153} INFO - Started process (PID=21015) to work on /home/airflow/.local/lib/python3.7/site-packages/airflow/example_dags/tutorial_taskflow_api_virtualenv.py
[2025-08-27T09:39:39.469+0000] {processor.py:743} INFO - Processing file /home/airflow/.local/lib/python3.7/site-packages/airflow/example_dags/tutorial_taskflow_api_virtualenv.py for tasks to queue
[2025-08-27T09:39:39.469+0000] {logging_mixin.py:137} INFO - [2025-08-27T09:39:39.469+0000] {dagbag.py:538} INFO - Filling up the DagBag from /home/airflow/.local/lib/python3.7/site-packages/airflow/example_dags/tutorial_taskflow_api_virtualenv.py
[2025-08-27T09:39:39.477+0000] {processor.py:753} INFO - DAG(s) dict_keys(['tutorial_taskflow_api_virtualenv']) retrieved from /home/airflow/.local/lib/python3.7/site-packages/airflow/example_dags/tutorial_taskflow_api_virtualenv.py
[2025-08-27T09:39:39.487+0000] {logging_mixin.py:137} INFO - [2025-08-27T09:39:39.487+0000] {dag.py:2690} INFO - Sync 1 DAGs
[2025-08-27T09:39:39.496+0000] {logging_mixin.py:137} INFO - [2025-08-27T09:39:39.496+0000] {dag.py:3441} INFO - Setting next_dagrun for tutorial_taskflow_api_virtualenv to None, run_after=None
[2025-08-27T09:39:39.503+0000] {processor.py:175} INFO - Processing /home/airflow/.local/lib/python3.7/site-packages/airflow/example_dags/tutorial_taskflow_api_virtualenv.py took 0.036 seconds
[2025-08-27T09:50:07.017+0000] {processor.py:153} INFO - Started process (PID=21115) to work on /home/airflow/.local/lib/python3.7/site-packages/airflow/example_dags/tutorial_taskflow_api_virtualenv.py
[2025-08-27T09:50:07.017+0000] {processor.py:743} INFO - Processing file /home/airflow/.local/lib/python3.7/site-packages/airflow/example_dags/tutorial_taskflow_api_virtualenv.py for tasks to queue
[2025-08-27T09:50:07.017+0000] {logging_mixin.py:137} INFO - [2025-08-27T09:50:07.017+0000] {dagbag.py:538} INFO - Filling up the DagBag from /home/airflow/.local/lib/python3.7/site-packages/airflow/example_dags/tutorial_taskflow_api_virtualenv.py
[2025-08-27T09:50:07.027+0000] {processor.py:753} INFO - DAG(s) dict_keys(['tutorial_taskflow_api_virtualenv']) retrieved from /home/airflow/.local/lib/python3.7/site-packages/airflow/example_dags/tutorial_taskflow_api_virtualenv.py
[2025-08-27T09:50:07.039+0000] {logging_mixin.py:137} INFO - [2025-08-27T09:50:07.039+0000] {dag.py:2690} INFO - Sync 1 DAGs
[2025-08-27T09:50:07.048+0000] {logging_mixin.py:137} INFO - [2025-08-27T09:50:07.048+0000] {dag.py:3441} INFO - Setting next_dagrun for tutorial_taskflow_api_virtualenv to None, run_after=None
[2025-08-27T09:50:07.055+0000] {processor.py:175} INFO - Processing /home/airflow/.local/lib/python3.7/site-packages/airflow/example_dags/tutorial_taskflow_api_virtualenv.py took 0.040 seconds
[2025-08-27T11:12:46.957+0000] {processor.py:153} INFO - Started process (PID=21215) to work on /home/airflow/.local/lib/python3.7/site-packages/airflow/example_dags/tutorial_taskflow_api_virtualenv.py
[2025-08-27T11:12:46.957+0000] {processor.py:743} INFO - Processing file /home/airflow/.local/lib/python3.7/site-packages/airflow/example_dags/tutorial_taskflow_api_virtualenv.py for tasks to queue
[2025-08-27T11:12:46.958+0000] {logging_mixin.py:137} INFO - [2025-08-27T11:12:46.957+0000] {dagbag.py:538} INFO - Filling up the DagBag from /home/airflow/.local/lib/python3.7/site-packages/airflow/example_dags/tutorial_taskflow_api_virtualenv.py
[2025-08-27T11:12:46.968+0000] {processor.py:753} INFO - DAG(s) dict_keys(['tutorial_taskflow_api_virtualenv']) retrieved from /home/airflow/.local/lib/python3.7/site-packages/airflow/example_dags/tutorial_taskflow_api_virtualenv.py
[2025-08-27T11:12:46.980+0000] {logging_mixin.py:137} INFO - [2025-08-27T11:12:46.980+0000] {dag.py:2690} INFO - Sync 1 DAGs
[2025-08-27T11:12:46.989+0000] {logging_mixin.py:137} INFO - [2025-08-27T11:12:46.989+0000] {dag.py:3441} INFO - Setting next_dagrun for tutorial_taskflow_api_virtualenv to None, run_after=None
[2025-08-27T11:12:46.997+0000] {processor.py:175} INFO - Processing /home/airflow/.local/lib/python3.7/site-packages/airflow/example_dags/tutorial_taskflow_api_virtualenv.py took 0.042 seconds
[2025-08-27T11:34:31.781+0000] {processor.py:153} INFO - Started process (PID=21295) to work on /home/airflow/.local/lib/python3.7/site-packages/airflow/example_dags/tutorial_taskflow_api_virtualenv.py
[2025-08-27T11:34:31.782+0000] {processor.py:743} INFO - Processing file /home/airflow/.local/lib/python3.7/site-packages/airflow/example_dags/tutorial_taskflow_api_virtualenv.py for tasks to queue
[2025-08-27T11:34:31.783+0000] {logging_mixin.py:137} INFO - [2025-08-27T11:34:31.783+0000] {dagbag.py:538} INFO - Filling up the DagBag from /home/airflow/.local/lib/python3.7/site-packages/airflow/example_dags/tutorial_taskflow_api_virtualenv.py
[2025-08-27T11:34:31.806+0000] {processor.py:753} INFO - DAG(s) dict_keys(['tutorial_taskflow_api_virtualenv']) retrieved from /home/airflow/.local/lib/python3.7/site-packages/airflow/example_dags/tutorial_taskflow_api_virtualenv.py
[2025-08-27T11:34:31.825+0000] {logging_mixin.py:137} INFO - [2025-08-27T11:34:31.825+0000] {dag.py:2690} INFO - Sync 1 DAGs
[2025-08-27T11:34:31.844+0000] {logging_mixin.py:137} INFO - [2025-08-27T11:34:31.844+0000] {dag.py:3441} INFO - Setting next_dagrun for tutorial_taskflow_api_virtualenv to None, run_after=None
[2025-08-27T11:34:31.856+0000] {processor.py:175} INFO - Processing /home/airflow/.local/lib/python3.7/site-packages/airflow/example_dags/tutorial_taskflow_api_virtualenv.py took 0.078 seconds
[2025-08-27T11:51:13.850+0000] {processor.py:153} INFO - Started process (PID=21395) to work on /home/airflow/.local/lib/python3.7/site-packages/airflow/example_dags/tutorial_taskflow_api_virtualenv.py
[2025-08-27T11:51:13.851+0000] {processor.py:743} INFO - Processing file /home/airflow/.local/lib/python3.7/site-packages/airflow/example_dags/tutorial_taskflow_api_virtualenv.py for tasks to queue
[2025-08-27T11:51:13.851+0000] {logging_mixin.py:137} INFO - [2025-08-27T11:51:13.851+0000] {dagbag.py:538} INFO - Filling up the DagBag from /home/airflow/.local/lib/python3.7/site-packages/airflow/example_dags/tutorial_taskflow_api_virtualenv.py
[2025-08-27T11:51:13.863+0000] {processor.py:753} INFO - DAG(s) dict_keys(['tutorial_taskflow_api_virtualenv']) retrieved from /home/airflow/.local/lib/python3.7/site-packages/airflow/example_dags/tutorial_taskflow_api_virtualenv.py
[2025-08-27T11:51:13.875+0000] {logging_mixin.py:137} INFO - [2025-08-27T11:51:13.875+0000] {dag.py:2690} INFO - Sync 1 DAGs
[2025-08-27T11:51:13.884+0000] {logging_mixin.py:137} INFO - [2025-08-27T11:51:13.884+0000] {dag.py:3441} INFO - Setting next_dagrun for tutorial_taskflow_api_virtualenv to None, run_after=None
[2025-08-27T11:51:13.890+0000] {processor.py:175} INFO - Processing /home/airflow/.local/lib/python3.7/site-packages/airflow/example_dags/tutorial_taskflow_api_virtualenv.py took 0.041 seconds
[2025-08-27T11:53:12.326+0000] {processor.py:153} INFO - Started process (PID=21495) to work on /home/airflow/.local/lib/python3.7/site-packages/airflow/example_dags/tutorial_taskflow_api_virtualenv.py
[2025-08-27T11:53:12.327+0000] {processor.py:743} INFO - Processing file /home/airflow/.local/lib/python3.7/site-packages/airflow/example_dags/tutorial_taskflow_api_virtualenv.py for tasks to queue
[2025-08-27T11:53:12.327+0000] {logging_mixin.py:137} INFO - [2025-08-27T11:53:12.327+0000] {dagbag.py:538} INFO - Filling up the DagBag from /home/airflow/.local/lib/python3.7/site-packages/airflow/example_dags/tutorial_taskflow_api_virtualenv.py
[2025-08-27T11:53:12.336+0000] {processor.py:753} INFO - DAG(s) dict_keys(['tutorial_taskflow_api_virtualenv']) retrieved from /home/airflow/.local/lib/python3.7/site-packages/airflow/example_dags/tutorial_taskflow_api_virtualenv.py
[2025-08-27T11:53:12.346+0000] {logging_mixin.py:137} INFO - [2025-08-27T11:53:12.346+0000] {dag.py:2690} INFO - Sync 1 DAGs
[2025-08-27T11:53:12.355+0000] {logging_mixin.py:137} INFO - [2025-08-27T11:53:12.355+0000] {dag.py:3441} INFO - Setting next_dagrun for tutorial_taskflow_api_virtualenv to None, run_after=None
[2025-08-27T11:53:12.362+0000] {processor.py:175} INFO - Processing /home/airflow/.local/lib/python3.7/site-packages/airflow/example_dags/tutorial_taskflow_api_virtualenv.py took 0.037 seconds
[2025-08-27T11:58:54.058+0000] {processor.py:153} INFO - Started process (PID=21595) to work on /home/airflow/.local/lib/python3.7/site-packages/airflow/example_dags/tutorial_taskflow_api_virtualenv.py
[2025-08-27T11:58:54.058+0000] {processor.py:743} INFO - Processing file /home/airflow/.local/lib/python3.7/site-packages/airflow/example_dags/tutorial_taskflow_api_virtualenv.py for tasks to queue
[2025-08-27T11:58:54.059+0000] {logging_mixin.py:137} INFO - [2025-08-27T11:58:54.058+0000] {dagbag.py:538} INFO - Filling up the DagBag from /home/airflow/.local/lib/python3.7/site-packages/airflow/example_dags/tutorial_taskflow_api_virtualenv.py
[2025-08-27T11:58:54.069+0000] {processor.py:753} INFO - DAG(s) dict_keys(['tutorial_taskflow_api_virtualenv']) retrieved from /home/airflow/.local/lib/python3.7/site-packages/airflow/example_dags/tutorial_taskflow_api_virtualenv.py
[2025-08-27T11:58:54.080+0000] {logging_mixin.py:137} INFO - [2025-08-27T11:58:54.080+0000] {dag.py:2690} INFO - Sync 1 DAGs
[2025-08-27T11:58:54.091+0000] {logging_mixin.py:137} INFO - [2025-08-27T11:58:54.091+0000] {dag.py:3441} INFO - Setting next_dagrun for tutorial_taskflow_api_virtualenv to None, run_after=None
[2025-08-27T11:58:54.099+0000] {processor.py:175} INFO - Processing /home/airflow/.local/lib/python3.7/site-packages/airflow/example_dags/tutorial_taskflow_api_virtualenv.py took 0.043 seconds
[2025-08-27T12:11:20.986+0000] {processor.py:153} INFO - Started process (PID=21675) to work on /home/airflow/.local/lib/python3.7/site-packages/airflow/example_dags/tutorial_taskflow_api_virtualenv.py
[2025-08-27T12:11:20.986+0000] {processor.py:743} INFO - Processing file /home/airflow/.local/lib/python3.7/site-packages/airflow/example_dags/tutorial_taskflow_api_virtualenv.py for tasks to queue
[2025-08-27T12:11:20.986+0000] {logging_mixin.py:137} INFO - [2025-08-27T12:11:20.986+0000] {dagbag.py:538} INFO - Filling up the DagBag from /home/airflow/.local/lib/python3.7/site-packages/airflow/example_dags/tutorial_taskflow_api_virtualenv.py
[2025-08-27T12:11:20.995+0000] {processor.py:753} INFO - DAG(s) dict_keys(['tutorial_taskflow_api_virtualenv']) retrieved from /home/airflow/.local/lib/python3.7/site-packages/airflow/example_dags/tutorial_taskflow_api_virtualenv.py
[2025-08-27T12:11:21.007+0000] {logging_mixin.py:137} INFO - [2025-08-27T12:11:21.007+0000] {dag.py:2690} INFO - Sync 1 DAGs
[2025-08-27T12:11:21.016+0000] {logging_mixin.py:137} INFO - [2025-08-27T12:11:21.016+0000] {dag.py:3441} INFO - Setting next_dagrun for tutorial_taskflow_api_virtualenv to None, run_after=None
[2025-08-27T12:11:21.022+0000] {processor.py:175} INFO - Processing /home/airflow/.local/lib/python3.7/site-packages/airflow/example_dags/tutorial_taskflow_api_virtualenv.py took 0.038 seconds
[2025-08-27T12:14:25.457+0000] {processor.py:153} INFO - Started process (PID=21775) to work on /home/airflow/.local/lib/python3.7/site-packages/airflow/example_dags/tutorial_taskflow_api_virtualenv.py
[2025-08-27T12:14:25.458+0000] {processor.py:743} INFO - Processing file /home/airflow/.local/lib/python3.7/site-packages/airflow/example_dags/tutorial_taskflow_api_virtualenv.py for tasks to queue
[2025-08-27T12:14:25.458+0000] {logging_mixin.py:137} INFO - [2025-08-27T12:14:25.458+0000] {dagbag.py:538} INFO - Filling up the DagBag from /home/airflow/.local/lib/python3.7/site-packages/airflow/example_dags/tutorial_taskflow_api_virtualenv.py
[2025-08-27T12:14:25.469+0000] {processor.py:753} INFO - DAG(s) dict_keys(['tutorial_taskflow_api_virtualenv']) retrieved from /home/airflow/.local/lib/python3.7/site-packages/airflow/example_dags/tutorial_taskflow_api_virtualenv.py
[2025-08-27T12:14:25.479+0000] {logging_mixin.py:137} INFO - [2025-08-27T12:14:25.479+0000] {dag.py:2690} INFO - Sync 1 DAGs
[2025-08-27T12:14:25.489+0000] {logging_mixin.py:137} INFO - [2025-08-27T12:14:25.488+0000] {dag.py:3441} INFO - Setting next_dagrun for tutorial_taskflow_api_virtualenv to None, run_after=None
[2025-08-27T12:14:25.495+0000] {processor.py:175} INFO - Processing /home/airflow/.local/lib/python3.7/site-packages/airflow/example_dags/tutorial_taskflow_api_virtualenv.py took 0.039 seconds
[2025-08-27T12:27:57.996+0000] {processor.py:153} INFO - Started process (PID=21875) to work on /home/airflow/.local/lib/python3.7/site-packages/airflow/example_dags/tutorial_taskflow_api_virtualenv.py
[2025-08-27T12:27:57.996+0000] {processor.py:743} INFO - Processing file /home/airflow/.local/lib/python3.7/site-packages/airflow/example_dags/tutorial_taskflow_api_virtualenv.py for tasks to queue
[2025-08-27T12:27:57.996+0000] {logging_mixin.py:137} INFO - [2025-08-27T12:27:57.996+0000] {dagbag.py:538} INFO - Filling up the DagBag from /home/airflow/.local/lib/python3.7/site-packages/airflow/example_dags/tutorial_taskflow_api_virtualenv.py
[2025-08-27T12:27:58.005+0000] {processor.py:753} INFO - DAG(s) dict_keys(['tutorial_taskflow_api_virtualenv']) retrieved from /home/airflow/.local/lib/python3.7/site-packages/airflow/example_dags/tutorial_taskflow_api_virtualenv.py
[2025-08-27T12:27:58.016+0000] {logging_mixin.py:137} INFO - [2025-08-27T12:27:58.016+0000] {dag.py:2690} INFO - Sync 1 DAGs
[2025-08-27T12:27:58.026+0000] {logging_mixin.py:137} INFO - [2025-08-27T12:27:58.026+0000] {dag.py:3441} INFO - Setting next_dagrun for tutorial_taskflow_api_virtualenv to None, run_after=None
[2025-08-27T12:27:58.034+0000] {processor.py:175} INFO - Processing /home/airflow/.local/lib/python3.7/site-packages/airflow/example_dags/tutorial_taskflow_api_virtualenv.py took 0.040 seconds
[2025-08-27T12:38:26.051+0000] {processor.py:153} INFO - Started process (PID=21955) to work on /home/airflow/.local/lib/python3.7/site-packages/airflow/example_dags/tutorial_taskflow_api_virtualenv.py
[2025-08-27T12:38:26.051+0000] {processor.py:743} INFO - Processing file /home/airflow/.local/lib/python3.7/site-packages/airflow/example_dags/tutorial_taskflow_api_virtualenv.py for tasks to queue
[2025-08-27T12:38:26.051+0000] {logging_mixin.py:137} INFO - [2025-08-27T12:38:26.051+0000] {dagbag.py:538} INFO - Filling up the DagBag from /home/airflow/.local/lib/python3.7/site-packages/airflow/example_dags/tutorial_taskflow_api_virtualenv.py
[2025-08-27T12:38:26.062+0000] {processor.py:753} INFO - DAG(s) dict_keys(['tutorial_taskflow_api_virtualenv']) retrieved from /home/airflow/.local/lib/python3.7/site-packages/airflow/example_dags/tutorial_taskflow_api_virtualenv.py
[2025-08-27T12:38:26.076+0000] {logging_mixin.py:137} INFO - [2025-08-27T12:38:26.076+0000] {dag.py:2690} INFO - Sync 1 DAGs
[2025-08-27T12:38:26.089+0000] {logging_mixin.py:137} INFO - [2025-08-27T12:38:26.089+0000] {dag.py:3441} INFO - Setting next_dagrun for tutorial_taskflow_api_virtualenv to None, run_after=None
[2025-08-27T12:38:26.097+0000] {processor.py:175} INFO - Processing /home/airflow/.local/lib/python3.7/site-packages/airflow/example_dags/tutorial_taskflow_api_virtualenv.py took 0.048 seconds
[2025-08-27T12:57:12.998+0000] {processor.py:153} INFO - Started process (PID=22055) to work on /home/airflow/.local/lib/python3.7/site-packages/airflow/example_dags/tutorial_taskflow_api_virtualenv.py
[2025-08-27T12:57:12.998+0000] {processor.py:743} INFO - Processing file /home/airflow/.local/lib/python3.7/site-packages/airflow/example_dags/tutorial_taskflow_api_virtualenv.py for tasks to queue
[2025-08-27T12:57:12.999+0000] {logging_mixin.py:137} INFO - [2025-08-27T12:57:12.999+0000] {dagbag.py:538} INFO - Filling up the DagBag from /home/airflow/.local/lib/python3.7/site-packages/airflow/example_dags/tutorial_taskflow_api_virtualenv.py
[2025-08-27T12:57:13.019+0000] {processor.py:753} INFO - DAG(s) dict_keys(['tutorial_taskflow_api_virtualenv']) retrieved from /home/airflow/.local/lib/python3.7/site-packages/airflow/example_dags/tutorial_taskflow_api_virtualenv.py
[2025-08-27T12:57:13.033+0000] {logging_mixin.py:137} INFO - [2025-08-27T12:57:13.033+0000] {dag.py:2690} INFO - Sync 1 DAGs
[2025-08-27T12:57:13.045+0000] {logging_mixin.py:137} INFO - [2025-08-27T12:57:13.045+0000] {dag.py:3441} INFO - Setting next_dagrun for tutorial_taskflow_api_virtualenv to None, run_after=None
[2025-08-27T12:57:13.053+0000] {processor.py:175} INFO - Processing /home/airflow/.local/lib/python3.7/site-packages/airflow/example_dags/tutorial_taskflow_api_virtualenv.py took 0.057 seconds
[2025-08-27T12:57:43.370+0000] {processor.py:153} INFO - Started process (PID=22155) to work on /home/airflow/.local/lib/python3.7/site-packages/airflow/example_dags/tutorial_taskflow_api_virtualenv.py
[2025-08-27T12:57:43.371+0000] {processor.py:743} INFO - Processing file /home/airflow/.local/lib/python3.7/site-packages/airflow/example_dags/tutorial_taskflow_api_virtualenv.py for tasks to queue
[2025-08-27T12:57:43.371+0000] {logging_mixin.py:137} INFO - [2025-08-27T12:57:43.371+0000] {dagbag.py:538} INFO - Filling up the DagBag from /home/airflow/.local/lib/python3.7/site-packages/airflow/example_dags/tutorial_taskflow_api_virtualenv.py
[2025-08-27T12:57:43.383+0000] {processor.py:753} INFO - DAG(s) dict_keys(['tutorial_taskflow_api_virtualenv']) retrieved from /home/airflow/.local/lib/python3.7/site-packages/airflow/example_dags/tutorial_taskflow_api_virtualenv.py
[2025-08-27T12:57:43.394+0000] {logging_mixin.py:137} INFO - [2025-08-27T12:57:43.394+0000] {dag.py:2690} INFO - Sync 1 DAGs
[2025-08-27T12:57:43.405+0000] {logging_mixin.py:137} INFO - [2025-08-27T12:57:43.405+0000] {dag.py:3441} INFO - Setting next_dagrun for tutorial_taskflow_api_virtualenv to None, run_after=None
[2025-08-27T12:57:43.413+0000] {processor.py:175} INFO - Processing /home/airflow/.local/lib/python3.7/site-packages/airflow/example_dags/tutorial_taskflow_api_virtualenv.py took 0.044 seconds
[2025-08-27T13:27:11.257+0000] {processor.py:153} INFO - Started process (PID=22255) to work on /home/airflow/.local/lib/python3.7/site-packages/airflow/example_dags/tutorial_taskflow_api_virtualenv.py
[2025-08-27T13:27:11.258+0000] {processor.py:743} INFO - Processing file /home/airflow/.local/lib/python3.7/site-packages/airflow/example_dags/tutorial_taskflow_api_virtualenv.py for tasks to queue
[2025-08-27T13:27:11.259+0000] {logging_mixin.py:137} INFO - [2025-08-27T13:27:11.259+0000] {dagbag.py:538} INFO - Filling up the DagBag from /home/airflow/.local/lib/python3.7/site-packages/airflow/example_dags/tutorial_taskflow_api_virtualenv.py
[2025-08-27T13:27:11.273+0000] {processor.py:753} INFO - DAG(s) dict_keys(['tutorial_taskflow_api_virtualenv']) retrieved from /home/airflow/.local/lib/python3.7/site-packages/airflow/example_dags/tutorial_taskflow_api_virtualenv.py
[2025-08-27T13:27:11.287+0000] {logging_mixin.py:137} INFO - [2025-08-27T13:27:11.287+0000] {dag.py:2690} INFO - Sync 1 DAGs
[2025-08-27T13:27:11.306+0000] {logging_mixin.py:137} INFO - [2025-08-27T13:27:11.305+0000] {dag.py:3441} INFO - Setting next_dagrun for tutorial_taskflow_api_virtualenv to None, run_after=None
[2025-08-27T13:27:11.324+0000] {processor.py:175} INFO - Processing /home/airflow/.local/lib/python3.7/site-packages/airflow/example_dags/tutorial_taskflow_api_virtualenv.py took 0.069 seconds
[2025-08-27T13:30:13.329+0000] {processor.py:153} INFO - Started process (PID=22335) to work on /home/airflow/.local/lib/python3.7/site-packages/airflow/example_dags/tutorial_taskflow_api_virtualenv.py
[2025-08-27T13:30:13.330+0000] {processor.py:743} INFO - Processing file /home/airflow/.local/lib/python3.7/site-packages/airflow/example_dags/tutorial_taskflow_api_virtualenv.py for tasks to queue
[2025-08-27T13:30:13.331+0000] {logging_mixin.py:137} INFO - [2025-08-27T13:30:13.331+0000] {dagbag.py:538} INFO - Filling up the DagBag from /home/airflow/.local/lib/python3.7/site-packages/airflow/example_dags/tutorial_taskflow_api_virtualenv.py
[2025-08-27T13:30:13.345+0000] {processor.py:753} INFO - DAG(s) dict_keys(['tutorial_taskflow_api_virtualenv']) retrieved from /home/airflow/.local/lib/python3.7/site-packages/airflow/example_dags/tutorial_taskflow_api_virtualenv.py
[2025-08-27T13:30:13.360+0000] {logging_mixin.py:137} INFO - [2025-08-27T13:30:13.360+0000] {dag.py:2690} INFO - Sync 1 DAGs
[2025-08-27T13:30:13.372+0000] {logging_mixin.py:137} INFO - [2025-08-27T13:30:13.372+0000] {dag.py:3441} INFO - Setting next_dagrun for tutorial_taskflow_api_virtualenv to None, run_after=None
[2025-08-27T13:30:13.380+0000] {processor.py:175} INFO - Processing /home/airflow/.local/lib/python3.7/site-packages/airflow/example_dags/tutorial_taskflow_api_virtualenv.py took 0.052 seconds
[2025-08-27T13:37:07.421+0000] {processor.py:153} INFO - Started process (PID=22435) to work on /home/airflow/.local/lib/python3.7/site-packages/airflow/example_dags/tutorial_taskflow_api_virtualenv.py
[2025-08-27T13:37:07.421+0000] {processor.py:743} INFO - Processing file /home/airflow/.local/lib/python3.7/site-packages/airflow/example_dags/tutorial_taskflow_api_virtualenv.py for tasks to queue
[2025-08-27T13:37:07.422+0000] {logging_mixin.py:137} INFO - [2025-08-27T13:37:07.422+0000] {dagbag.py:538} INFO - Filling up the DagBag from /home/airflow/.local/lib/python3.7/site-packages/airflow/example_dags/tutorial_taskflow_api_virtualenv.py
[2025-08-27T13:37:07.435+0000] {processor.py:753} INFO - DAG(s) dict_keys(['tutorial_taskflow_api_virtualenv']) retrieved from /home/airflow/.local/lib/python3.7/site-packages/airflow/example_dags/tutorial_taskflow_api_virtualenv.py
[2025-08-27T13:37:07.449+0000] {logging_mixin.py:137} INFO - [2025-08-27T13:37:07.449+0000] {dag.py:2690} INFO - Sync 1 DAGs
[2025-08-27T13:37:07.460+0000] {logging_mixin.py:137} INFO - [2025-08-27T13:37:07.460+0000] {dag.py:3441} INFO - Setting next_dagrun for tutorial_taskflow_api_virtualenv to None, run_after=None
[2025-08-27T13:37:07.469+0000] {processor.py:175} INFO - Processing /home/airflow/.local/lib/python3.7/site-packages/airflow/example_dags/tutorial_taskflow_api_virtualenv.py took 0.049 seconds
[2025-08-27T13:51:01.930+0000] {processor.py:153} INFO - Started process (PID=22535) to work on /home/airflow/.local/lib/python3.7/site-packages/airflow/example_dags/tutorial_taskflow_api_virtualenv.py
[2025-08-27T13:51:01.931+0000] {processor.py:743} INFO - Processing file /home/airflow/.local/lib/python3.7/site-packages/airflow/example_dags/tutorial_taskflow_api_virtualenv.py for tasks to queue
[2025-08-27T13:51:01.931+0000] {logging_mixin.py:137} INFO - [2025-08-27T13:51:01.931+0000] {dagbag.py:538} INFO - Filling up the DagBag from /home/airflow/.local/lib/python3.7/site-packages/airflow/example_dags/tutorial_taskflow_api_virtualenv.py
[2025-08-27T13:51:01.940+0000] {processor.py:753} INFO - DAG(s) dict_keys(['tutorial_taskflow_api_virtualenv']) retrieved from /home/airflow/.local/lib/python3.7/site-packages/airflow/example_dags/tutorial_taskflow_api_virtualenv.py
[2025-08-27T13:51:01.950+0000] {logging_mixin.py:137} INFO - [2025-08-27T13:51:01.950+0000] {dag.py:2690} INFO - Sync 1 DAGs
[2025-08-27T13:51:01.959+0000] {logging_mixin.py:137} INFO - [2025-08-27T13:51:01.959+0000] {dag.py:3441} INFO - Setting next_dagrun for tutorial_taskflow_api_virtualenv to None, run_after=None
[2025-08-27T13:51:01.966+0000] {processor.py:175} INFO - Processing /home/airflow/.local/lib/python3.7/site-packages/airflow/example_dags/tutorial_taskflow_api_virtualenv.py took 0.037 seconds
[2025-08-27T14:01:06.722+0000] {processor.py:153} INFO - Started process (PID=22624) to work on /home/airflow/.local/lib/python3.7/site-packages/airflow/example_dags/tutorial_taskflow_api_virtualenv.py
[2025-08-27T14:01:06.723+0000] {processor.py:743} INFO - Processing file /home/airflow/.local/lib/python3.7/site-packages/airflow/example_dags/tutorial_taskflow_api_virtualenv.py for tasks to queue
[2025-08-27T14:01:06.723+0000] {logging_mixin.py:137} INFO - [2025-08-27T14:01:06.723+0000] {dagbag.py:538} INFO - Filling up the DagBag from /home/airflow/.local/lib/python3.7/site-packages/airflow/example_dags/tutorial_taskflow_api_virtualenv.py
[2025-08-27T14:01:06.735+0000] {processor.py:753} INFO - DAG(s) dict_keys(['tutorial_taskflow_api_virtualenv']) retrieved from /home/airflow/.local/lib/python3.7/site-packages/airflow/example_dags/tutorial_taskflow_api_virtualenv.py
[2025-08-27T14:01:06.748+0000] {logging_mixin.py:137} INFO - [2025-08-27T14:01:06.748+0000] {dag.py:2690} INFO - Sync 1 DAGs
[2025-08-27T14:01:06.759+0000] {logging_mixin.py:137} INFO - [2025-08-27T14:01:06.759+0000] {dag.py:3441} INFO - Setting next_dagrun for tutorial_taskflow_api_virtualenv to None, run_after=None
[2025-08-27T14:01:06.767+0000] {processor.py:175} INFO - Processing /home/airflow/.local/lib/python3.7/site-packages/airflow/example_dags/tutorial_taskflow_api_virtualenv.py took 0.047 seconds
[2025-08-27T14:41:12.982+0000] {processor.py:153} INFO - Started process (PID=22715) to work on /home/airflow/.local/lib/python3.7/site-packages/airflow/example_dags/tutorial_taskflow_api_virtualenv.py
[2025-08-27T14:41:12.982+0000] {processor.py:743} INFO - Processing file /home/airflow/.local/lib/python3.7/site-packages/airflow/example_dags/tutorial_taskflow_api_virtualenv.py for tasks to queue
[2025-08-27T14:41:12.982+0000] {logging_mixin.py:137} INFO - [2025-08-27T14:41:12.982+0000] {dagbag.py:538} INFO - Filling up the DagBag from /home/airflow/.local/lib/python3.7/site-packages/airflow/example_dags/tutorial_taskflow_api_virtualenv.py
[2025-08-27T14:41:12.992+0000] {processor.py:753} INFO - DAG(s) dict_keys(['tutorial_taskflow_api_virtualenv']) retrieved from /home/airflow/.local/lib/python3.7/site-packages/airflow/example_dags/tutorial_taskflow_api_virtualenv.py
[2025-08-27T14:41:13.004+0000] {logging_mixin.py:137} INFO - [2025-08-27T14:41:13.004+0000] {dag.py:2690} INFO - Sync 1 DAGs
[2025-08-27T14:41:13.015+0000] {logging_mixin.py:137} INFO - [2025-08-27T14:41:13.015+0000] {dag.py:3441} INFO - Setting next_dagrun for tutorial_taskflow_api_virtualenv to None, run_after=None
[2025-08-27T14:41:13.024+0000] {processor.py:175} INFO - Processing /home/airflow/.local/lib/python3.7/site-packages/airflow/example_dags/tutorial_taskflow_api_virtualenv.py took 0.044 seconds
[2025-08-27T14:43:55.010+0000] {processor.py:153} INFO - Started process (PID=22815) to work on /home/airflow/.local/lib/python3.7/site-packages/airflow/example_dags/tutorial_taskflow_api_virtualenv.py
[2025-08-27T14:43:55.011+0000] {processor.py:743} INFO - Processing file /home/airflow/.local/lib/python3.7/site-packages/airflow/example_dags/tutorial_taskflow_api_virtualenv.py for tasks to queue
[2025-08-27T14:43:55.011+0000] {logging_mixin.py:137} INFO - [2025-08-27T14:43:55.011+0000] {dagbag.py:538} INFO - Filling up the DagBag from /home/airflow/.local/lib/python3.7/site-packages/airflow/example_dags/tutorial_taskflow_api_virtualenv.py
[2025-08-27T14:43:55.021+0000] {processor.py:753} INFO - DAG(s) dict_keys(['tutorial_taskflow_api_virtualenv']) retrieved from /home/airflow/.local/lib/python3.7/site-packages/airflow/example_dags/tutorial_taskflow_api_virtualenv.py
[2025-08-27T14:43:55.031+0000] {logging_mixin.py:137} INFO - [2025-08-27T14:43:55.031+0000] {dag.py:2690} INFO - Sync 1 DAGs
[2025-08-27T14:43:55.041+0000] {logging_mixin.py:137} INFO - [2025-08-27T14:43:55.041+0000] {dag.py:3441} INFO - Setting next_dagrun for tutorial_taskflow_api_virtualenv to None, run_after=None
[2025-08-27T14:43:55.048+0000] {processor.py:175} INFO - Processing /home/airflow/.local/lib/python3.7/site-packages/airflow/example_dags/tutorial_taskflow_api_virtualenv.py took 0.040 seconds
[2025-08-27T14:54:32.114+0000] {processor.py:153} INFO - Started process (PID=22915) to work on /home/airflow/.local/lib/python3.7/site-packages/airflow/example_dags/tutorial_taskflow_api_virtualenv.py
[2025-08-27T14:54:32.115+0000] {processor.py:743} INFO - Processing file /home/airflow/.local/lib/python3.7/site-packages/airflow/example_dags/tutorial_taskflow_api_virtualenv.py for tasks to queue
[2025-08-27T14:54:32.115+0000] {logging_mixin.py:137} INFO - [2025-08-27T14:54:32.115+0000] {dagbag.py:538} INFO - Filling up the DagBag from /home/airflow/.local/lib/python3.7/site-packages/airflow/example_dags/tutorial_taskflow_api_virtualenv.py
[2025-08-27T14:54:32.126+0000] {processor.py:753} INFO - DAG(s) dict_keys(['tutorial_taskflow_api_virtualenv']) retrieved from /home/airflow/.local/lib/python3.7/site-packages/airflow/example_dags/tutorial_taskflow_api_virtualenv.py
[2025-08-27T14:54:32.141+0000] {logging_mixin.py:137} INFO - [2025-08-27T14:54:32.141+0000] {dag.py:2690} INFO - Sync 1 DAGs
[2025-08-27T14:54:32.150+0000] {logging_mixin.py:137} INFO - [2025-08-27T14:54:32.150+0000] {dag.py:3441} INFO - Setting next_dagrun for tutorial_taskflow_api_virtualenv to None, run_after=None
[2025-08-27T14:54:32.157+0000] {processor.py:175} INFO - Processing /home/airflow/.local/lib/python3.7/site-packages/airflow/example_dags/tutorial_taskflow_api_virtualenv.py took 0.044 seconds
[2025-08-27T15:01:39.705+0000] {processor.py:153} INFO - Started process (PID=22995) to work on /home/airflow/.local/lib/python3.7/site-packages/airflow/example_dags/tutorial_taskflow_api_virtualenv.py
[2025-08-27T15:01:39.707+0000] {processor.py:743} INFO - Processing file /home/airflow/.local/lib/python3.7/site-packages/airflow/example_dags/tutorial_taskflow_api_virtualenv.py for tasks to queue
[2025-08-27T15:01:39.707+0000] {logging_mixin.py:137} INFO - [2025-08-27T15:01:39.707+0000] {dagbag.py:538} INFO - Filling up the DagBag from /home/airflow/.local/lib/python3.7/site-packages/airflow/example_dags/tutorial_taskflow_api_virtualenv.py
[2025-08-27T15:01:39.718+0000] {processor.py:753} INFO - DAG(s) dict_keys(['tutorial_taskflow_api_virtualenv']) retrieved from /home/airflow/.local/lib/python3.7/site-packages/airflow/example_dags/tutorial_taskflow_api_virtualenv.py
[2025-08-27T15:01:39.734+0000] {logging_mixin.py:137} INFO - [2025-08-27T15:01:39.734+0000] {dag.py:2690} INFO - Sync 1 DAGs
[2025-08-27T15:01:39.745+0000] {logging_mixin.py:137} INFO - [2025-08-27T15:01:39.745+0000] {dag.py:3441} INFO - Setting next_dagrun for tutorial_taskflow_api_virtualenv to None, run_after=None
[2025-08-27T15:01:39.755+0000] {processor.py:175} INFO - Processing /home/airflow/.local/lib/python3.7/site-packages/airflow/example_dags/tutorial_taskflow_api_virtualenv.py took 0.051 seconds
[2025-08-27T15:08:10.268+0000] {processor.py:153} INFO - Started process (PID=23095) to work on /home/airflow/.local/lib/python3.7/site-packages/airflow/example_dags/tutorial_taskflow_api_virtualenv.py
[2025-08-27T15:08:10.268+0000] {processor.py:743} INFO - Processing file /home/airflow/.local/lib/python3.7/site-packages/airflow/example_dags/tutorial_taskflow_api_virtualenv.py for tasks to queue
[2025-08-27T15:08:10.269+0000] {logging_mixin.py:137} INFO - [2025-08-27T15:08:10.269+0000] {dagbag.py:538} INFO - Filling up the DagBag from /home/airflow/.local/lib/python3.7/site-packages/airflow/example_dags/tutorial_taskflow_api_virtualenv.py
[2025-08-27T15:08:10.279+0000] {processor.py:753} INFO - DAG(s) dict_keys(['tutorial_taskflow_api_virtualenv']) retrieved from /home/airflow/.local/lib/python3.7/site-packages/airflow/example_dags/tutorial_taskflow_api_virtualenv.py
[2025-08-27T15:08:10.291+0000] {logging_mixin.py:137} INFO - [2025-08-27T15:08:10.291+0000] {dag.py:2690} INFO - Sync 1 DAGs
[2025-08-27T15:08:10.301+0000] {logging_mixin.py:137} INFO - [2025-08-27T15:08:10.301+0000] {dag.py:3441} INFO - Setting next_dagrun for tutorial_taskflow_api_virtualenv to None, run_after=None
[2025-08-27T15:08:10.309+0000] {processor.py:175} INFO - Processing /home/airflow/.local/lib/python3.7/site-packages/airflow/example_dags/tutorial_taskflow_api_virtualenv.py took 0.043 seconds
[2025-08-27T15:18:52.906+0000] {processor.py:153} INFO - Started process (PID=23195) to work on /home/airflow/.local/lib/python3.7/site-packages/airflow/example_dags/tutorial_taskflow_api_virtualenv.py
[2025-08-27T15:18:52.906+0000] {processor.py:743} INFO - Processing file /home/airflow/.local/lib/python3.7/site-packages/airflow/example_dags/tutorial_taskflow_api_virtualenv.py for tasks to queue
[2025-08-27T15:18:52.907+0000] {logging_mixin.py:137} INFO - [2025-08-27T15:18:52.907+0000] {dagbag.py:538} INFO - Filling up the DagBag from /home/airflow/.local/lib/python3.7/site-packages/airflow/example_dags/tutorial_taskflow_api_virtualenv.py
[2025-08-27T15:18:52.929+0000] {processor.py:753} INFO - DAG(s) dict_keys(['tutorial_taskflow_api_virtualenv']) retrieved from /home/airflow/.local/lib/python3.7/site-packages/airflow/example_dags/tutorial_taskflow_api_virtualenv.py
[2025-08-27T15:18:52.945+0000] {logging_mixin.py:137} INFO - [2025-08-27T15:18:52.945+0000] {dag.py:2690} INFO - Sync 1 DAGs
[2025-08-27T15:18:52.956+0000] {logging_mixin.py:137} INFO - [2025-08-27T15:18:52.956+0000] {dag.py:3441} INFO - Setting next_dagrun for tutorial_taskflow_api_virtualenv to None, run_after=None
[2025-08-27T15:18:52.965+0000] {processor.py:175} INFO - Processing /home/airflow/.local/lib/python3.7/site-packages/airflow/example_dags/tutorial_taskflow_api_virtualenv.py took 0.062 seconds
[2025-08-27T15:19:37.232+0000] {processor.py:153} INFO - Started process (PID=23275) to work on /home/airflow/.local/lib/python3.7/site-packages/airflow/example_dags/tutorial_taskflow_api_virtualenv.py
[2025-08-27T15:19:37.232+0000] {processor.py:743} INFO - Processing file /home/airflow/.local/lib/python3.7/site-packages/airflow/example_dags/tutorial_taskflow_api_virtualenv.py for tasks to queue
[2025-08-27T15:19:37.232+0000] {logging_mixin.py:137} INFO - [2025-08-27T15:19:37.232+0000] {dagbag.py:538} INFO - Filling up the DagBag from /home/airflow/.local/lib/python3.7/site-packages/airflow/example_dags/tutorial_taskflow_api_virtualenv.py
[2025-08-27T15:19:37.242+0000] {processor.py:753} INFO - DAG(s) dict_keys(['tutorial_taskflow_api_virtualenv']) retrieved from /home/airflow/.local/lib/python3.7/site-packages/airflow/example_dags/tutorial_taskflow_api_virtualenv.py
[2025-08-27T15:19:37.252+0000] {logging_mixin.py:137} INFO - [2025-08-27T15:19:37.252+0000] {dag.py:2690} INFO - Sync 1 DAGs
[2025-08-27T15:19:37.261+0000] {logging_mixin.py:137} INFO - [2025-08-27T15:19:37.261+0000] {dag.py:3441} INFO - Setting next_dagrun for tutorial_taskflow_api_virtualenv to None, run_after=None
[2025-08-27T15:19:37.268+0000] {processor.py:175} INFO - Processing /home/airflow/.local/lib/python3.7/site-packages/airflow/example_dags/tutorial_taskflow_api_virtualenv.py took 0.037 seconds
[2025-08-27T15:21:53.317+0000] {processor.py:153} INFO - Started process (PID=23375) to work on /home/airflow/.local/lib/python3.7/site-packages/airflow/example_dags/tutorial_taskflow_api_virtualenv.py
[2025-08-27T15:21:53.318+0000] {processor.py:743} INFO - Processing file /home/airflow/.local/lib/python3.7/site-packages/airflow/example_dags/tutorial_taskflow_api_virtualenv.py for tasks to queue
[2025-08-27T15:21:53.318+0000] {logging_mixin.py:137} INFO - [2025-08-27T15:21:53.318+0000] {dagbag.py:538} INFO - Filling up the DagBag from /home/airflow/.local/lib/python3.7/site-packages/airflow/example_dags/tutorial_taskflow_api_virtualenv.py
[2025-08-27T15:21:53.327+0000] {processor.py:753} INFO - DAG(s) dict_keys(['tutorial_taskflow_api_virtualenv']) retrieved from /home/airflow/.local/lib/python3.7/site-packages/airflow/example_dags/tutorial_taskflow_api_virtualenv.py
[2025-08-27T15:21:53.337+0000] {logging_mixin.py:137} INFO - [2025-08-27T15:21:53.337+0000] {dag.py:2690} INFO - Sync 1 DAGs
[2025-08-27T15:21:53.349+0000] {logging_mixin.py:137} INFO - [2025-08-27T15:21:53.349+0000] {dag.py:3441} INFO - Setting next_dagrun for tutorial_taskflow_api_virtualenv to None, run_after=None
[2025-08-27T15:21:53.357+0000] {processor.py:175} INFO - Processing /home/airflow/.local/lib/python3.7/site-packages/airflow/example_dags/tutorial_taskflow_api_virtualenv.py took 0.042 seconds
[2025-08-27T15:25:59.565+0000] {processor.py:153} INFO - Started process (PID=23475) to work on /home/airflow/.local/lib/python3.7/site-packages/airflow/example_dags/tutorial_taskflow_api_virtualenv.py
[2025-08-27T15:25:59.565+0000] {processor.py:743} INFO - Processing file /home/airflow/.local/lib/python3.7/site-packages/airflow/example_dags/tutorial_taskflow_api_virtualenv.py for tasks to queue
[2025-08-27T15:25:59.566+0000] {logging_mixin.py:137} INFO - [2025-08-27T15:25:59.566+0000] {dagbag.py:538} INFO - Filling up the DagBag from /home/airflow/.local/lib/python3.7/site-packages/airflow/example_dags/tutorial_taskflow_api_virtualenv.py
[2025-08-27T15:25:59.576+0000] {processor.py:753} INFO - DAG(s) dict_keys(['tutorial_taskflow_api_virtualenv']) retrieved from /home/airflow/.local/lib/python3.7/site-packages/airflow/example_dags/tutorial_taskflow_api_virtualenv.py
[2025-08-27T15:25:59.588+0000] {logging_mixin.py:137} INFO - [2025-08-27T15:25:59.588+0000] {dag.py:2690} INFO - Sync 1 DAGs
[2025-08-27T15:25:59.599+0000] {logging_mixin.py:137} INFO - [2025-08-27T15:25:59.599+0000] {dag.py:3441} INFO - Setting next_dagrun for tutorial_taskflow_api_virtualenv to None, run_after=None
[2025-08-27T15:25:59.607+0000] {processor.py:175} INFO - Processing /home/airflow/.local/lib/python3.7/site-packages/airflow/example_dags/tutorial_taskflow_api_virtualenv.py took 0.043 seconds
[2025-08-27T16:00:40.710+0000] {processor.py:153} INFO - Started process (PID=23575) to work on /home/airflow/.local/lib/python3.7/site-packages/airflow/example_dags/tutorial_taskflow_api_virtualenv.py
[2025-08-27T16:00:40.712+0000] {processor.py:743} INFO - Processing file /home/airflow/.local/lib/python3.7/site-packages/airflow/example_dags/tutorial_taskflow_api_virtualenv.py for tasks to queue
[2025-08-27T16:00:40.712+0000] {logging_mixin.py:137} INFO - [2025-08-27T16:00:40.712+0000] {dagbag.py:538} INFO - Filling up the DagBag from /home/airflow/.local/lib/python3.7/site-packages/airflow/example_dags/tutorial_taskflow_api_virtualenv.py
[2025-08-27T16:00:40.726+0000] {processor.py:753} INFO - DAG(s) dict_keys(['tutorial_taskflow_api_virtualenv']) retrieved from /home/airflow/.local/lib/python3.7/site-packages/airflow/example_dags/tutorial_taskflow_api_virtualenv.py
[2025-08-27T16:00:40.738+0000] {logging_mixin.py:137} INFO - [2025-08-27T16:00:40.738+0000] {dag.py:2690} INFO - Sync 1 DAGs
[2025-08-27T16:00:40.748+0000] {logging_mixin.py:137} INFO - [2025-08-27T16:00:40.748+0000] {dag.py:3441} INFO - Setting next_dagrun for tutorial_taskflow_api_virtualenv to None, run_after=None
[2025-08-27T16:00:40.756+0000] {processor.py:175} INFO - Processing /home/airflow/.local/lib/python3.7/site-packages/airflow/example_dags/tutorial_taskflow_api_virtualenv.py took 0.048 seconds
[2025-08-27T16:14:53.449+0000] {processor.py:153} INFO - Started process (PID=23655) to work on /home/airflow/.local/lib/python3.7/site-packages/airflow/example_dags/tutorial_taskflow_api_virtualenv.py
[2025-08-27T16:14:53.449+0000] {processor.py:743} INFO - Processing file /home/airflow/.local/lib/python3.7/site-packages/airflow/example_dags/tutorial_taskflow_api_virtualenv.py for tasks to queue
[2025-08-27T16:14:53.450+0000] {logging_mixin.py:137} INFO - [2025-08-27T16:14:53.449+0000] {dagbag.py:538} INFO - Filling up the DagBag from /home/airflow/.local/lib/python3.7/site-packages/airflow/example_dags/tutorial_taskflow_api_virtualenv.py
[2025-08-27T16:14:53.465+0000] {processor.py:753} INFO - DAG(s) dict_keys(['tutorial_taskflow_api_virtualenv']) retrieved from /home/airflow/.local/lib/python3.7/site-packages/airflow/example_dags/tutorial_taskflow_api_virtualenv.py
[2025-08-27T16:14:53.478+0000] {logging_mixin.py:137} INFO - [2025-08-27T16:14:53.478+0000] {dag.py:2690} INFO - Sync 1 DAGs
[2025-08-27T16:14:53.488+0000] {logging_mixin.py:137} INFO - [2025-08-27T16:14:53.488+0000] {dag.py:3441} INFO - Setting next_dagrun for tutorial_taskflow_api_virtualenv to None, run_after=None
[2025-08-27T16:14:53.496+0000] {processor.py:175} INFO - Processing /home/airflow/.local/lib/python3.7/site-packages/airflow/example_dags/tutorial_taskflow_api_virtualenv.py took 0.049 seconds
[2025-08-27T16:23:10.798+0000] {processor.py:153} INFO - Started process (PID=23755) to work on /home/airflow/.local/lib/python3.7/site-packages/airflow/example_dags/tutorial_taskflow_api_virtualenv.py
[2025-08-27T16:23:10.799+0000] {processor.py:743} INFO - Processing file /home/airflow/.local/lib/python3.7/site-packages/airflow/example_dags/tutorial_taskflow_api_virtualenv.py for tasks to queue
[2025-08-27T16:23:10.799+0000] {logging_mixin.py:137} INFO - [2025-08-27T16:23:10.799+0000] {dagbag.py:538} INFO - Filling up the DagBag from /home/airflow/.local/lib/python3.7/site-packages/airflow/example_dags/tutorial_taskflow_api_virtualenv.py
[2025-08-27T16:23:10.811+0000] {processor.py:753} INFO - DAG(s) dict_keys(['tutorial_taskflow_api_virtualenv']) retrieved from /home/airflow/.local/lib/python3.7/site-packages/airflow/example_dags/tutorial_taskflow_api_virtualenv.py
[2025-08-27T16:23:10.823+0000] {logging_mixin.py:137} INFO - [2025-08-27T16:23:10.823+0000] {dag.py:2690} INFO - Sync 1 DAGs
[2025-08-27T16:23:10.834+0000] {logging_mixin.py:137} INFO - [2025-08-27T16:23:10.834+0000] {dag.py:3441} INFO - Setting next_dagrun for tutorial_taskflow_api_virtualenv to None, run_after=None
[2025-08-27T16:23:10.842+0000] {processor.py:175} INFO - Processing /home/airflow/.local/lib/python3.7/site-packages/airflow/example_dags/tutorial_taskflow_api_virtualenv.py took 0.046 seconds
[2025-08-27T16:24:54.409+0000] {processor.py:153} INFO - Started process (PID=23855) to work on /home/airflow/.local/lib/python3.7/site-packages/airflow/example_dags/tutorial_taskflow_api_virtualenv.py
[2025-08-27T16:24:54.409+0000] {processor.py:743} INFO - Processing file /home/airflow/.local/lib/python3.7/site-packages/airflow/example_dags/tutorial_taskflow_api_virtualenv.py for tasks to queue
[2025-08-27T16:24:54.410+0000] {logging_mixin.py:137} INFO - [2025-08-27T16:24:54.410+0000] {dagbag.py:538} INFO - Filling up the DagBag from /home/airflow/.local/lib/python3.7/site-packages/airflow/example_dags/tutorial_taskflow_api_virtualenv.py
[2025-08-27T16:24:54.420+0000] {processor.py:753} INFO - DAG(s) dict_keys(['tutorial_taskflow_api_virtualenv']) retrieved from /home/airflow/.local/lib/python3.7/site-packages/airflow/example_dags/tutorial_taskflow_api_virtualenv.py
[2025-08-27T16:24:54.431+0000] {logging_mixin.py:137} INFO - [2025-08-27T16:24:54.431+0000] {dag.py:2690} INFO - Sync 1 DAGs
[2025-08-27T16:24:54.444+0000] {logging_mixin.py:137} INFO - [2025-08-27T16:24:54.444+0000] {dag.py:3441} INFO - Setting next_dagrun for tutorial_taskflow_api_virtualenv to None, run_after=None
[2025-08-27T16:24:54.454+0000] {processor.py:175} INFO - Processing /home/airflow/.local/lib/python3.7/site-packages/airflow/example_dags/tutorial_taskflow_api_virtualenv.py took 0.047 seconds
[2025-08-27T16:30:08.119+0000] {processor.py:153} INFO - Started process (PID=23955) to work on /home/airflow/.local/lib/python3.7/site-packages/airflow/example_dags/tutorial_taskflow_api_virtualenv.py
[2025-08-27T16:30:08.119+0000] {processor.py:743} INFO - Processing file /home/airflow/.local/lib/python3.7/site-packages/airflow/example_dags/tutorial_taskflow_api_virtualenv.py for tasks to queue
[2025-08-27T16:30:08.120+0000] {logging_mixin.py:137} INFO - [2025-08-27T16:30:08.120+0000] {dagbag.py:538} INFO - Filling up the DagBag from /home/airflow/.local/lib/python3.7/site-packages/airflow/example_dags/tutorial_taskflow_api_virtualenv.py
[2025-08-27T16:30:08.130+0000] {processor.py:753} INFO - DAG(s) dict_keys(['tutorial_taskflow_api_virtualenv']) retrieved from /home/airflow/.local/lib/python3.7/site-packages/airflow/example_dags/tutorial_taskflow_api_virtualenv.py
[2025-08-27T16:30:08.144+0000] {logging_mixin.py:137} INFO - [2025-08-27T16:30:08.144+0000] {dag.py:2690} INFO - Sync 1 DAGs
[2025-08-27T16:30:08.156+0000] {logging_mixin.py:137} INFO - [2025-08-27T16:30:08.156+0000] {dag.py:3441} INFO - Setting next_dagrun for tutorial_taskflow_api_virtualenv to None, run_after=None
[2025-08-27T16:30:08.164+0000] {processor.py:175} INFO - Processing /home/airflow/.local/lib/python3.7/site-packages/airflow/example_dags/tutorial_taskflow_api_virtualenv.py took 0.048 seconds
[2025-08-27T16:44:03.425+0000] {processor.py:153} INFO - Started process (PID=24035) to work on /home/airflow/.local/lib/python3.7/site-packages/airflow/example_dags/tutorial_taskflow_api_virtualenv.py
[2025-08-27T16:44:03.426+0000] {processor.py:743} INFO - Processing file /home/airflow/.local/lib/python3.7/site-packages/airflow/example_dags/tutorial_taskflow_api_virtualenv.py for tasks to queue
[2025-08-27T16:44:03.426+0000] {logging_mixin.py:137} INFO - [2025-08-27T16:44:03.426+0000] {dagbag.py:538} INFO - Filling up the DagBag from /home/airflow/.local/lib/python3.7/site-packages/airflow/example_dags/tutorial_taskflow_api_virtualenv.py
[2025-08-27T16:44:03.436+0000] {processor.py:753} INFO - DAG(s) dict_keys(['tutorial_taskflow_api_virtualenv']) retrieved from /home/airflow/.local/lib/python3.7/site-packages/airflow/example_dags/tutorial_taskflow_api_virtualenv.py
[2025-08-27T16:44:03.448+0000] {logging_mixin.py:137} INFO - [2025-08-27T16:44:03.448+0000] {dag.py:2690} INFO - Sync 1 DAGs
[2025-08-27T16:44:03.459+0000] {logging_mixin.py:137} INFO - [2025-08-27T16:44:03.459+0000] {dag.py:3441} INFO - Setting next_dagrun for tutorial_taskflow_api_virtualenv to None, run_after=None
[2025-08-27T16:44:03.466+0000] {processor.py:175} INFO - Processing /home/airflow/.local/lib/python3.7/site-packages/airflow/example_dags/tutorial_taskflow_api_virtualenv.py took 0.042 seconds
[2025-08-27T18:19:17.901+0000] {processor.py:153} INFO - Started process (PID=24135) to work on /home/airflow/.local/lib/python3.7/site-packages/airflow/example_dags/tutorial_taskflow_api_virtualenv.py
[2025-08-27T18:19:17.901+0000] {processor.py:743} INFO - Processing file /home/airflow/.local/lib/python3.7/site-packages/airflow/example_dags/tutorial_taskflow_api_virtualenv.py for tasks to queue
[2025-08-27T18:19:17.902+0000] {logging_mixin.py:137} INFO - [2025-08-27T18:19:17.902+0000] {dagbag.py:538} INFO - Filling up the DagBag from /home/airflow/.local/lib/python3.7/site-packages/airflow/example_dags/tutorial_taskflow_api_virtualenv.py
[2025-08-27T18:19:17.913+0000] {processor.py:753} INFO - DAG(s) dict_keys(['tutorial_taskflow_api_virtualenv']) retrieved from /home/airflow/.local/lib/python3.7/site-packages/airflow/example_dags/tutorial_taskflow_api_virtualenv.py
[2025-08-27T18:19:17.925+0000] {logging_mixin.py:137} INFO - [2025-08-27T18:19:17.924+0000] {dag.py:2690} INFO - Sync 1 DAGs
[2025-08-27T18:19:17.935+0000] {logging_mixin.py:137} INFO - [2025-08-27T18:19:17.934+0000] {dag.py:3441} INFO - Setting next_dagrun for tutorial_taskflow_api_virtualenv to None, run_after=None
[2025-08-27T18:19:17.941+0000] {processor.py:175} INFO - Processing /home/airflow/.local/lib/python3.7/site-packages/airflow/example_dags/tutorial_taskflow_api_virtualenv.py took 0.042 seconds
[2025-08-27T19:39:50.480+0000] {processor.py:153} INFO - Started process (PID=24235) to work on /home/airflow/.local/lib/python3.7/site-packages/airflow/example_dags/tutorial_taskflow_api_virtualenv.py
[2025-08-27T19:39:50.481+0000] {processor.py:743} INFO - Processing file /home/airflow/.local/lib/python3.7/site-packages/airflow/example_dags/tutorial_taskflow_api_virtualenv.py for tasks to queue
[2025-08-27T19:39:50.481+0000] {logging_mixin.py:137} INFO - [2025-08-27T19:39:50.481+0000] {dagbag.py:538} INFO - Filling up the DagBag from /home/airflow/.local/lib/python3.7/site-packages/airflow/example_dags/tutorial_taskflow_api_virtualenv.py
[2025-08-27T19:39:50.490+0000] {processor.py:753} INFO - DAG(s) dict_keys(['tutorial_taskflow_api_virtualenv']) retrieved from /home/airflow/.local/lib/python3.7/site-packages/airflow/example_dags/tutorial_taskflow_api_virtualenv.py
[2025-08-27T19:39:50.502+0000] {logging_mixin.py:137} INFO - [2025-08-27T19:39:50.501+0000] {dag.py:2690} INFO - Sync 1 DAGs
[2025-08-27T19:39:50.510+0000] {logging_mixin.py:137} INFO - [2025-08-27T19:39:50.510+0000] {dag.py:3441} INFO - Setting next_dagrun for tutorial_taskflow_api_virtualenv to None, run_after=None
[2025-08-27T19:39:50.517+0000] {processor.py:175} INFO - Processing /home/airflow/.local/lib/python3.7/site-packages/airflow/example_dags/tutorial_taskflow_api_virtualenv.py took 0.038 seconds
[2025-08-27T21:01:25.453+0000] {processor.py:153} INFO - Started process (PID=24315) to work on /home/airflow/.local/lib/python3.7/site-packages/airflow/example_dags/tutorial_taskflow_api_virtualenv.py
[2025-08-27T21:01:25.453+0000] {processor.py:743} INFO - Processing file /home/airflow/.local/lib/python3.7/site-packages/airflow/example_dags/tutorial_taskflow_api_virtualenv.py for tasks to queue
[2025-08-27T21:01:25.453+0000] {logging_mixin.py:137} INFO - [2025-08-27T21:01:25.453+0000] {dagbag.py:538} INFO - Filling up the DagBag from /home/airflow/.local/lib/python3.7/site-packages/airflow/example_dags/tutorial_taskflow_api_virtualenv.py
[2025-08-27T21:01:25.465+0000] {processor.py:753} INFO - DAG(s) dict_keys(['tutorial_taskflow_api_virtualenv']) retrieved from /home/airflow/.local/lib/python3.7/site-packages/airflow/example_dags/tutorial_taskflow_api_virtualenv.py
[2025-08-27T21:01:25.475+0000] {logging_mixin.py:137} INFO - [2025-08-27T21:01:25.475+0000] {dag.py:2690} INFO - Sync 1 DAGs
[2025-08-27T21:01:25.485+0000] {logging_mixin.py:137} INFO - [2025-08-27T21:01:25.485+0000] {dag.py:3441} INFO - Setting next_dagrun for tutorial_taskflow_api_virtualenv to None, run_after=None
[2025-08-27T21:01:25.492+0000] {processor.py:175} INFO - Processing /home/airflow/.local/lib/python3.7/site-packages/airflow/example_dags/tutorial_taskflow_api_virtualenv.py took 0.041 seconds
[2025-08-27T21:51:50.428+0000] {processor.py:153} INFO - Started process (PID=24415) to work on /home/airflow/.local/lib/python3.7/site-packages/airflow/example_dags/tutorial_taskflow_api_virtualenv.py
[2025-08-27T21:51:50.429+0000] {processor.py:743} INFO - Processing file /home/airflow/.local/lib/python3.7/site-packages/airflow/example_dags/tutorial_taskflow_api_virtualenv.py for tasks to queue
[2025-08-27T21:51:50.429+0000] {logging_mixin.py:137} INFO - [2025-08-27T21:51:50.429+0000] {dagbag.py:538} INFO - Filling up the DagBag from /home/airflow/.local/lib/python3.7/site-packages/airflow/example_dags/tutorial_taskflow_api_virtualenv.py
[2025-08-27T21:51:50.440+0000] {processor.py:753} INFO - DAG(s) dict_keys(['tutorial_taskflow_api_virtualenv']) retrieved from /home/airflow/.local/lib/python3.7/site-packages/airflow/example_dags/tutorial_taskflow_api_virtualenv.py
[2025-08-27T21:51:50.455+0000] {logging_mixin.py:137} INFO - [2025-08-27T21:51:50.454+0000] {dag.py:2690} INFO - Sync 1 DAGs
[2025-08-27T21:51:50.464+0000] {logging_mixin.py:137} INFO - [2025-08-27T21:51:50.464+0000] {dag.py:3441} INFO - Setting next_dagrun for tutorial_taskflow_api_virtualenv to None, run_after=None
[2025-08-27T21:51:50.474+0000] {processor.py:175} INFO - Processing /home/airflow/.local/lib/python3.7/site-packages/airflow/example_dags/tutorial_taskflow_api_virtualenv.py took 0.048 seconds
[2025-08-27T23:29:06.351+0000] {processor.py:153} INFO - Started process (PID=24515) to work on /home/airflow/.local/lib/python3.7/site-packages/airflow/example_dags/tutorial_taskflow_api_virtualenv.py
[2025-08-27T23:29:06.353+0000] {processor.py:743} INFO - Processing file /home/airflow/.local/lib/python3.7/site-packages/airflow/example_dags/tutorial_taskflow_api_virtualenv.py for tasks to queue
[2025-08-27T23:29:06.353+0000] {logging_mixin.py:137} INFO - [2025-08-27T23:29:06.353+0000] {dagbag.py:538} INFO - Filling up the DagBag from /home/airflow/.local/lib/python3.7/site-packages/airflow/example_dags/tutorial_taskflow_api_virtualenv.py
[2025-08-27T23:29:06.374+0000] {processor.py:753} INFO - DAG(s) dict_keys(['tutorial_taskflow_api_virtualenv']) retrieved from /home/airflow/.local/lib/python3.7/site-packages/airflow/example_dags/tutorial_taskflow_api_virtualenv.py
[2025-08-27T23:29:06.399+0000] {logging_mixin.py:137} INFO - [2025-08-27T23:29:06.399+0000] {dag.py:2690} INFO - Sync 1 DAGs
[2025-08-27T23:29:06.414+0000] {logging_mixin.py:137} INFO - [2025-08-27T23:29:06.414+0000] {dag.py:3441} INFO - Setting next_dagrun for tutorial_taskflow_api_virtualenv to None, run_after=None
[2025-08-27T23:29:06.437+0000] {processor.py:175} INFO - Processing /home/airflow/.local/lib/python3.7/site-packages/airflow/example_dags/tutorial_taskflow_api_virtualenv.py took 0.088 seconds
