[2025-08-27T00:46:30.169+0000] {processor.py:153} INFO - Started process (PID=19519) to work on /home/airflow/.local/lib/python3.7/site-packages/airflow/example_dags/tutorial_taskflow_api.py
[2025-08-27T00:46:30.169+0000] {processor.py:743} INFO - Processing file /home/airflow/.local/lib/python3.7/site-packages/airflow/example_dags/tutorial_taskflow_api.py for tasks to queue
[2025-08-27T00:46:30.170+0000] {logging_mixin.py:137} INFO - [2025-08-27T00:46:30.170+0000] {dagbag.py:538} INFO - Filling up the DagBag from /home/airflow/.local/lib/python3.7/site-packages/airflow/example_dags/tutorial_taskflow_api.py
[2025-08-27T00:46:30.179+0000] {processor.py:753} INFO - DAG(s) dict_keys(['tutorial_taskflow_api']) retrieved from /home/airflow/.local/lib/python3.7/site-packages/airflow/example_dags/tutorial_taskflow_api.py
[2025-08-27T00:46:30.190+0000] {logging_mixin.py:137} INFO - [2025-08-27T00:46:30.190+0000] {dag.py:2690} INFO - Sync 1 DAGs
[2025-08-27T00:46:30.199+0000] {logging_mixin.py:137} INFO - [2025-08-27T00:46:30.199+0000] {dag.py:3441} INFO - Setting next_dagrun for tutorial_taskflow_api to None, run_after=None
[2025-08-27T00:46:30.205+0000] {processor.py:175} INFO - Processing /home/airflow/.local/lib/python3.7/site-packages/airflow/example_dags/tutorial_taskflow_api.py took 0.038 seconds
[2025-08-27T02:21:52.019+0000] {processor.py:153} INFO - Started process (PID=19606) to work on /home/airflow/.local/lib/python3.7/site-packages/airflow/example_dags/tutorial_taskflow_api.py
[2025-08-27T02:21:52.020+0000] {processor.py:743} INFO - Processing file /home/airflow/.local/lib/python3.7/site-packages/airflow/example_dags/tutorial_taskflow_api.py for tasks to queue
[2025-08-27T02:21:52.020+0000] {logging_mixin.py:137} INFO - [2025-08-27T02:21:52.020+0000] {dagbag.py:538} INFO - Filling up the DagBag from /home/airflow/.local/lib/python3.7/site-packages/airflow/example_dags/tutorial_taskflow_api.py
[2025-08-27T02:21:52.035+0000] {processor.py:753} INFO - DAG(s) dict_keys(['tutorial_taskflow_api']) retrieved from /home/airflow/.local/lib/python3.7/site-packages/airflow/example_dags/tutorial_taskflow_api.py
[2025-08-27T02:21:52.051+0000] {logging_mixin.py:137} INFO - [2025-08-27T02:21:52.051+0000] {dag.py:2690} INFO - Sync 1 DAGs
[2025-08-27T02:21:52.064+0000] {logging_mixin.py:137} INFO - [2025-08-27T02:21:52.064+0000] {dag.py:3441} INFO - Setting next_dagrun for tutorial_taskflow_api to None, run_after=None
[2025-08-27T02:21:52.073+0000] {processor.py:175} INFO - Processing /home/airflow/.local/lib/python3.7/site-packages/airflow/example_dags/tutorial_taskflow_api.py took 0.057 seconds
[2025-08-27T02:37:30.802+0000] {processor.py:153} INFO - Started process (PID=19699) to work on /home/airflow/.local/lib/python3.7/site-packages/airflow/example_dags/tutorial_taskflow_api.py
[2025-08-27T02:37:30.803+0000] {processor.py:743} INFO - Processing file /home/airflow/.local/lib/python3.7/site-packages/airflow/example_dags/tutorial_taskflow_api.py for tasks to queue
[2025-08-27T02:37:30.803+0000] {logging_mixin.py:137} INFO - [2025-08-27T02:37:30.803+0000] {dagbag.py:538} INFO - Filling up the DagBag from /home/airflow/.local/lib/python3.7/site-packages/airflow/example_dags/tutorial_taskflow_api.py
[2025-08-27T02:37:30.812+0000] {processor.py:753} INFO - DAG(s) dict_keys(['tutorial_taskflow_api']) retrieved from /home/airflow/.local/lib/python3.7/site-packages/airflow/example_dags/tutorial_taskflow_api.py
[2025-08-27T02:37:30.823+0000] {logging_mixin.py:137} INFO - [2025-08-27T02:37:30.823+0000] {dag.py:2690} INFO - Sync 1 DAGs
[2025-08-27T02:37:30.832+0000] {logging_mixin.py:137} INFO - [2025-08-27T02:37:30.832+0000] {dag.py:3441} INFO - Setting next_dagrun for tutorial_taskflow_api to None, run_after=None
[2025-08-27T02:37:30.840+0000] {processor.py:175} INFO - Processing /home/airflow/.local/lib/python3.7/site-packages/airflow/example_dags/tutorial_taskflow_api.py took 0.039 seconds
[2025-08-27T03:02:26.987+0000] {processor.py:153} INFO - Started process (PID=19799) to work on /home/airflow/.local/lib/python3.7/site-packages/airflow/example_dags/tutorial_taskflow_api.py
[2025-08-27T03:02:26.987+0000] {processor.py:743} INFO - Processing file /home/airflow/.local/lib/python3.7/site-packages/airflow/example_dags/tutorial_taskflow_api.py for tasks to queue
[2025-08-27T03:02:26.988+0000] {logging_mixin.py:137} INFO - [2025-08-27T03:02:26.988+0000] {dagbag.py:538} INFO - Filling up the DagBag from /home/airflow/.local/lib/python3.7/site-packages/airflow/example_dags/tutorial_taskflow_api.py
[2025-08-27T03:02:26.998+0000] {processor.py:753} INFO - DAG(s) dict_keys(['tutorial_taskflow_api']) retrieved from /home/airflow/.local/lib/python3.7/site-packages/airflow/example_dags/tutorial_taskflow_api.py
[2025-08-27T03:02:27.011+0000] {logging_mixin.py:137} INFO - [2025-08-27T03:02:27.011+0000] {dag.py:2690} INFO - Sync 1 DAGs
[2025-08-27T03:02:27.027+0000] {logging_mixin.py:137} INFO - [2025-08-27T03:02:27.026+0000] {dag.py:3441} INFO - Setting next_dagrun for tutorial_taskflow_api to None, run_after=None
[2025-08-27T03:02:27.037+0000] {processor.py:175} INFO - Processing /home/airflow/.local/lib/python3.7/site-packages/airflow/example_dags/tutorial_taskflow_api.py took 0.052 seconds
[2025-08-27T03:13:54.206+0000] {processor.py:153} INFO - Started process (PID=19898) to work on /home/airflow/.local/lib/python3.7/site-packages/airflow/example_dags/tutorial_taskflow_api.py
[2025-08-27T03:13:54.206+0000] {processor.py:743} INFO - Processing file /home/airflow/.local/lib/python3.7/site-packages/airflow/example_dags/tutorial_taskflow_api.py for tasks to queue
[2025-08-27T03:13:54.206+0000] {logging_mixin.py:137} INFO - [2025-08-27T03:13:54.206+0000] {dagbag.py:538} INFO - Filling up the DagBag from /home/airflow/.local/lib/python3.7/site-packages/airflow/example_dags/tutorial_taskflow_api.py
[2025-08-27T03:13:54.215+0000] {processor.py:753} INFO - DAG(s) dict_keys(['tutorial_taskflow_api']) retrieved from /home/airflow/.local/lib/python3.7/site-packages/airflow/example_dags/tutorial_taskflow_api.py
[2025-08-27T03:13:54.226+0000] {logging_mixin.py:137} INFO - [2025-08-27T03:13:54.226+0000] {dag.py:2690} INFO - Sync 1 DAGs
[2025-08-27T03:13:54.236+0000] {logging_mixin.py:137} INFO - [2025-08-27T03:13:54.236+0000] {dag.py:3441} INFO - Setting next_dagrun for tutorial_taskflow_api to None, run_after=None
[2025-08-27T03:13:54.243+0000] {processor.py:175} INFO - Processing /home/airflow/.local/lib/python3.7/site-packages/airflow/example_dags/tutorial_taskflow_api.py took 0.039 seconds
[2025-08-27T03:33:10.399+0000] {processor.py:153} INFO - Started process (PID=19978) to work on /home/airflow/.local/lib/python3.7/site-packages/airflow/example_dags/tutorial_taskflow_api.py
[2025-08-27T03:33:10.399+0000] {processor.py:743} INFO - Processing file /home/airflow/.local/lib/python3.7/site-packages/airflow/example_dags/tutorial_taskflow_api.py for tasks to queue
[2025-08-27T03:33:10.399+0000] {logging_mixin.py:137} INFO - [2025-08-27T03:33:10.399+0000] {dagbag.py:538} INFO - Filling up the DagBag from /home/airflow/.local/lib/python3.7/site-packages/airflow/example_dags/tutorial_taskflow_api.py
[2025-08-27T03:33:10.408+0000] {processor.py:753} INFO - DAG(s) dict_keys(['tutorial_taskflow_api']) retrieved from /home/airflow/.local/lib/python3.7/site-packages/airflow/example_dags/tutorial_taskflow_api.py
[2025-08-27T03:33:10.427+0000] {logging_mixin.py:137} INFO - [2025-08-27T03:33:10.427+0000] {dag.py:2690} INFO - Sync 1 DAGs
[2025-08-27T03:33:10.439+0000] {logging_mixin.py:137} INFO - [2025-08-27T03:33:10.439+0000] {dag.py:3441} INFO - Setting next_dagrun for tutorial_taskflow_api to None, run_after=None
[2025-08-27T03:33:10.454+0000] {processor.py:175} INFO - Processing /home/airflow/.local/lib/python3.7/site-packages/airflow/example_dags/tutorial_taskflow_api.py took 0.057 seconds
[2025-08-27T04:45:11.017+0000] {processor.py:153} INFO - Started process (PID=20078) to work on /home/airflow/.local/lib/python3.7/site-packages/airflow/example_dags/tutorial_taskflow_api.py
[2025-08-27T04:45:11.018+0000] {processor.py:743} INFO - Processing file /home/airflow/.local/lib/python3.7/site-packages/airflow/example_dags/tutorial_taskflow_api.py for tasks to queue
[2025-08-27T04:45:11.018+0000] {logging_mixin.py:137} INFO - [2025-08-27T04:45:11.018+0000] {dagbag.py:538} INFO - Filling up the DagBag from /home/airflow/.local/lib/python3.7/site-packages/airflow/example_dags/tutorial_taskflow_api.py
[2025-08-27T04:45:11.028+0000] {processor.py:753} INFO - DAG(s) dict_keys(['tutorial_taskflow_api']) retrieved from /home/airflow/.local/lib/python3.7/site-packages/airflow/example_dags/tutorial_taskflow_api.py
[2025-08-27T04:45:11.038+0000] {logging_mixin.py:137} INFO - [2025-08-27T04:45:11.038+0000] {dag.py:2690} INFO - Sync 1 DAGs
[2025-08-27T04:45:11.049+0000] {logging_mixin.py:137} INFO - [2025-08-27T04:45:11.049+0000] {dag.py:3441} INFO - Setting next_dagrun for tutorial_taskflow_api to None, run_after=None
[2025-08-27T04:45:11.058+0000] {processor.py:175} INFO - Processing /home/airflow/.local/lib/python3.7/site-packages/airflow/example_dags/tutorial_taskflow_api.py took 0.042 seconds
[2025-08-27T04:49:56.480+0000] {processor.py:153} INFO - Started process (PID=20178) to work on /home/airflow/.local/lib/python3.7/site-packages/airflow/example_dags/tutorial_taskflow_api.py
[2025-08-27T04:49:56.481+0000] {processor.py:743} INFO - Processing file /home/airflow/.local/lib/python3.7/site-packages/airflow/example_dags/tutorial_taskflow_api.py for tasks to queue
[2025-08-27T04:49:56.481+0000] {logging_mixin.py:137} INFO - [2025-08-27T04:49:56.481+0000] {dagbag.py:538} INFO - Filling up the DagBag from /home/airflow/.local/lib/python3.7/site-packages/airflow/example_dags/tutorial_taskflow_api.py
[2025-08-27T04:49:56.490+0000] {processor.py:753} INFO - DAG(s) dict_keys(['tutorial_taskflow_api']) retrieved from /home/airflow/.local/lib/python3.7/site-packages/airflow/example_dags/tutorial_taskflow_api.py
[2025-08-27T04:49:56.502+0000] {logging_mixin.py:137} INFO - [2025-08-27T04:49:56.501+0000] {dag.py:2690} INFO - Sync 1 DAGs
[2025-08-27T04:49:56.511+0000] {logging_mixin.py:137} INFO - [2025-08-27T04:49:56.511+0000] {dag.py:3441} INFO - Setting next_dagrun for tutorial_taskflow_api to None, run_after=None
[2025-08-27T04:49:56.518+0000] {processor.py:175} INFO - Processing /home/airflow/.local/lib/python3.7/site-packages/airflow/example_dags/tutorial_taskflow_api.py took 0.039 seconds
[2025-08-27T05:35:09.792+0000] {processor.py:153} INFO - Started process (PID=20267) to work on /home/airflow/.local/lib/python3.7/site-packages/airflow/example_dags/tutorial_taskflow_api.py
[2025-08-27T05:35:09.793+0000] {processor.py:743} INFO - Processing file /home/airflow/.local/lib/python3.7/site-packages/airflow/example_dags/tutorial_taskflow_api.py for tasks to queue
[2025-08-27T05:35:09.793+0000] {logging_mixin.py:137} INFO - [2025-08-27T05:35:09.793+0000] {dagbag.py:538} INFO - Filling up the DagBag from /home/airflow/.local/lib/python3.7/site-packages/airflow/example_dags/tutorial_taskflow_api.py
[2025-08-27T05:35:09.803+0000] {processor.py:753} INFO - DAG(s) dict_keys(['tutorial_taskflow_api']) retrieved from /home/airflow/.local/lib/python3.7/site-packages/airflow/example_dags/tutorial_taskflow_api.py
[2025-08-27T05:35:09.814+0000] {logging_mixin.py:137} INFO - [2025-08-27T05:35:09.814+0000] {dag.py:2690} INFO - Sync 1 DAGs
[2025-08-27T05:35:09.824+0000] {logging_mixin.py:137} INFO - [2025-08-27T05:35:09.824+0000] {dag.py:3441} INFO - Setting next_dagrun for tutorial_taskflow_api to None, run_after=None
[2025-08-27T05:35:09.832+0000] {processor.py:175} INFO - Processing /home/airflow/.local/lib/python3.7/site-packages/airflow/example_dags/tutorial_taskflow_api.py took 0.041 seconds
[2025-08-27T06:12:38.020+0000] {processor.py:153} INFO - Started process (PID=20358) to work on /home/airflow/.local/lib/python3.7/site-packages/airflow/example_dags/tutorial_taskflow_api.py
[2025-08-27T06:12:38.020+0000] {processor.py:743} INFO - Processing file /home/airflow/.local/lib/python3.7/site-packages/airflow/example_dags/tutorial_taskflow_api.py for tasks to queue
[2025-08-27T06:12:38.021+0000] {logging_mixin.py:137} INFO - [2025-08-27T06:12:38.021+0000] {dagbag.py:538} INFO - Filling up the DagBag from /home/airflow/.local/lib/python3.7/site-packages/airflow/example_dags/tutorial_taskflow_api.py
[2025-08-27T06:12:38.034+0000] {processor.py:753} INFO - DAG(s) dict_keys(['tutorial_taskflow_api']) retrieved from /home/airflow/.local/lib/python3.7/site-packages/airflow/example_dags/tutorial_taskflow_api.py
[2025-08-27T06:12:38.046+0000] {logging_mixin.py:137} INFO - [2025-08-27T06:12:38.046+0000] {dag.py:2690} INFO - Sync 1 DAGs
[2025-08-27T06:12:38.056+0000] {logging_mixin.py:137} INFO - [2025-08-27T06:12:38.056+0000] {dag.py:3441} INFO - Setting next_dagrun for tutorial_taskflow_api to None, run_after=None
[2025-08-27T06:12:38.065+0000] {processor.py:175} INFO - Processing /home/airflow/.local/lib/python3.7/site-packages/airflow/example_dags/tutorial_taskflow_api.py took 0.047 seconds
[2025-08-27T06:55:19.722+0000] {processor.py:153} INFO - Started process (PID=20458) to work on /home/airflow/.local/lib/python3.7/site-packages/airflow/example_dags/tutorial_taskflow_api.py
[2025-08-27T06:55:19.723+0000] {processor.py:743} INFO - Processing file /home/airflow/.local/lib/python3.7/site-packages/airflow/example_dags/tutorial_taskflow_api.py for tasks to queue
[2025-08-27T06:55:19.723+0000] {logging_mixin.py:137} INFO - [2025-08-27T06:55:19.723+0000] {dagbag.py:538} INFO - Filling up the DagBag from /home/airflow/.local/lib/python3.7/site-packages/airflow/example_dags/tutorial_taskflow_api.py
[2025-08-27T06:55:19.732+0000] {processor.py:753} INFO - DAG(s) dict_keys(['tutorial_taskflow_api']) retrieved from /home/airflow/.local/lib/python3.7/site-packages/airflow/example_dags/tutorial_taskflow_api.py
[2025-08-27T06:55:19.744+0000] {logging_mixin.py:137} INFO - [2025-08-27T06:55:19.744+0000] {dag.py:2690} INFO - Sync 1 DAGs
[2025-08-27T06:55:19.754+0000] {logging_mixin.py:137} INFO - [2025-08-27T06:55:19.754+0000] {dag.py:3441} INFO - Setting next_dagrun for tutorial_taskflow_api to None, run_after=None
[2025-08-27T06:55:19.761+0000] {processor.py:175} INFO - Processing /home/airflow/.local/lib/python3.7/site-packages/airflow/example_dags/tutorial_taskflow_api.py took 0.041 seconds
[2025-08-27T07:53:52.879+0000] {processor.py:153} INFO - Started process (PID=20558) to work on /home/airflow/.local/lib/python3.7/site-packages/airflow/example_dags/tutorial_taskflow_api.py
[2025-08-27T07:53:52.879+0000] {processor.py:743} INFO - Processing file /home/airflow/.local/lib/python3.7/site-packages/airflow/example_dags/tutorial_taskflow_api.py for tasks to queue
[2025-08-27T07:53:52.880+0000] {logging_mixin.py:137} INFO - [2025-08-27T07:53:52.880+0000] {dagbag.py:538} INFO - Filling up the DagBag from /home/airflow/.local/lib/python3.7/site-packages/airflow/example_dags/tutorial_taskflow_api.py
[2025-08-27T07:53:53.007+0000] {processor.py:753} INFO - DAG(s) dict_keys(['tutorial_taskflow_api']) retrieved from /home/airflow/.local/lib/python3.7/site-packages/airflow/example_dags/tutorial_taskflow_api.py
[2025-08-27T07:53:53.036+0000] {logging_mixin.py:137} INFO - [2025-08-27T07:53:53.036+0000] {dag.py:2690} INFO - Sync 1 DAGs
[2025-08-27T07:53:53.051+0000] {logging_mixin.py:137} INFO - [2025-08-27T07:53:53.051+0000] {dag.py:3441} INFO - Setting next_dagrun for tutorial_taskflow_api to None, run_after=None
[2025-08-27T07:53:53.138+0000] {processor.py:175} INFO - Processing /home/airflow/.local/lib/python3.7/site-packages/airflow/example_dags/tutorial_taskflow_api.py took 0.260 seconds
[2025-08-27T08:23:40.117+0000] {processor.py:153} INFO - Started process (PID=20638) to work on /home/airflow/.local/lib/python3.7/site-packages/airflow/example_dags/tutorial_taskflow_api.py
[2025-08-27T08:23:40.118+0000] {processor.py:743} INFO - Processing file /home/airflow/.local/lib/python3.7/site-packages/airflow/example_dags/tutorial_taskflow_api.py for tasks to queue
[2025-08-27T08:23:40.118+0000] {logging_mixin.py:137} INFO - [2025-08-27T08:23:40.118+0000] {dagbag.py:538} INFO - Filling up the DagBag from /home/airflow/.local/lib/python3.7/site-packages/airflow/example_dags/tutorial_taskflow_api.py
[2025-08-27T08:23:40.127+0000] {processor.py:753} INFO - DAG(s) dict_keys(['tutorial_taskflow_api']) retrieved from /home/airflow/.local/lib/python3.7/site-packages/airflow/example_dags/tutorial_taskflow_api.py
[2025-08-27T08:23:40.138+0000] {logging_mixin.py:137} INFO - [2025-08-27T08:23:40.138+0000] {dag.py:2690} INFO - Sync 1 DAGs
[2025-08-27T08:23:40.148+0000] {logging_mixin.py:137} INFO - [2025-08-27T08:23:40.148+0000] {dag.py:3441} INFO - Setting next_dagrun for tutorial_taskflow_api to None, run_after=None
[2025-08-27T08:23:40.155+0000] {processor.py:175} INFO - Processing /home/airflow/.local/lib/python3.7/site-packages/airflow/example_dags/tutorial_taskflow_api.py took 0.039 seconds
[2025-08-27T09:35:51.365+0000] {processor.py:153} INFO - Started process (PID=20738) to work on /home/airflow/.local/lib/python3.7/site-packages/airflow/example_dags/tutorial_taskflow_api.py
[2025-08-27T09:35:51.365+0000] {processor.py:743} INFO - Processing file /home/airflow/.local/lib/python3.7/site-packages/airflow/example_dags/tutorial_taskflow_api.py for tasks to queue
[2025-08-27T09:35:51.366+0000] {logging_mixin.py:137} INFO - [2025-08-27T09:35:51.365+0000] {dagbag.py:538} INFO - Filling up the DagBag from /home/airflow/.local/lib/python3.7/site-packages/airflow/example_dags/tutorial_taskflow_api.py
[2025-08-27T09:35:51.375+0000] {processor.py:753} INFO - DAG(s) dict_keys(['tutorial_taskflow_api']) retrieved from /home/airflow/.local/lib/python3.7/site-packages/airflow/example_dags/tutorial_taskflow_api.py
[2025-08-27T09:35:51.387+0000] {logging_mixin.py:137} INFO - [2025-08-27T09:35:51.387+0000] {dag.py:2690} INFO - Sync 1 DAGs
[2025-08-27T09:35:51.397+0000] {logging_mixin.py:137} INFO - [2025-08-27T09:35:51.397+0000] {dag.py:3441} INFO - Setting next_dagrun for tutorial_taskflow_api to None, run_after=None
[2025-08-27T09:35:51.404+0000] {processor.py:175} INFO - Processing /home/airflow/.local/lib/python3.7/site-packages/airflow/example_dags/tutorial_taskflow_api.py took 0.041 seconds
[2025-08-27T09:36:50.223+0000] {processor.py:153} INFO - Started process (PID=20838) to work on /home/airflow/.local/lib/python3.7/site-packages/airflow/example_dags/tutorial_taskflow_api.py
[2025-08-27T09:36:50.223+0000] {processor.py:743} INFO - Processing file /home/airflow/.local/lib/python3.7/site-packages/airflow/example_dags/tutorial_taskflow_api.py for tasks to queue
[2025-08-27T09:36:50.224+0000] {logging_mixin.py:137} INFO - [2025-08-27T09:36:50.223+0000] {dagbag.py:538} INFO - Filling up the DagBag from /home/airflow/.local/lib/python3.7/site-packages/airflow/example_dags/tutorial_taskflow_api.py
[2025-08-27T09:36:50.233+0000] {processor.py:753} INFO - DAG(s) dict_keys(['tutorial_taskflow_api']) retrieved from /home/airflow/.local/lib/python3.7/site-packages/airflow/example_dags/tutorial_taskflow_api.py
[2025-08-27T09:36:50.244+0000] {logging_mixin.py:137} INFO - [2025-08-27T09:36:50.244+0000] {dag.py:2690} INFO - Sync 1 DAGs
[2025-08-27T09:36:50.253+0000] {logging_mixin.py:137} INFO - [2025-08-27T09:36:50.253+0000] {dag.py:3441} INFO - Setting next_dagrun for tutorial_taskflow_api to None, run_after=None
[2025-08-27T09:36:50.260+0000] {processor.py:175} INFO - Processing /home/airflow/.local/lib/python3.7/site-packages/airflow/example_dags/tutorial_taskflow_api.py took 0.038 seconds
[2025-08-27T09:38:53.432+0000] {processor.py:153} INFO - Started process (PID=20938) to work on /home/airflow/.local/lib/python3.7/site-packages/airflow/example_dags/tutorial_taskflow_api.py
[2025-08-27T09:38:53.432+0000] {processor.py:743} INFO - Processing file /home/airflow/.local/lib/python3.7/site-packages/airflow/example_dags/tutorial_taskflow_api.py for tasks to queue
[2025-08-27T09:38:53.432+0000] {logging_mixin.py:137} INFO - [2025-08-27T09:38:53.432+0000] {dagbag.py:538} INFO - Filling up the DagBag from /home/airflow/.local/lib/python3.7/site-packages/airflow/example_dags/tutorial_taskflow_api.py
[2025-08-27T09:38:53.441+0000] {processor.py:753} INFO - DAG(s) dict_keys(['tutorial_taskflow_api']) retrieved from /home/airflow/.local/lib/python3.7/site-packages/airflow/example_dags/tutorial_taskflow_api.py
[2025-08-27T09:38:53.452+0000] {logging_mixin.py:137} INFO - [2025-08-27T09:38:53.452+0000] {dag.py:2690} INFO - Sync 1 DAGs
[2025-08-27T09:38:53.461+0000] {logging_mixin.py:137} INFO - [2025-08-27T09:38:53.461+0000] {dag.py:3441} INFO - Setting next_dagrun for tutorial_taskflow_api to None, run_after=None
[2025-08-27T09:38:53.469+0000] {processor.py:175} INFO - Processing /home/airflow/.local/lib/python3.7/site-packages/airflow/example_dags/tutorial_taskflow_api.py took 0.040 seconds
[2025-08-27T09:39:39.568+0000] {processor.py:153} INFO - Started process (PID=21018) to work on /home/airflow/.local/lib/python3.7/site-packages/airflow/example_dags/tutorial_taskflow_api.py
[2025-08-27T09:39:39.569+0000] {processor.py:743} INFO - Processing file /home/airflow/.local/lib/python3.7/site-packages/airflow/example_dags/tutorial_taskflow_api.py for tasks to queue
[2025-08-27T09:39:39.569+0000] {logging_mixin.py:137} INFO - [2025-08-27T09:39:39.569+0000] {dagbag.py:538} INFO - Filling up the DagBag from /home/airflow/.local/lib/python3.7/site-packages/airflow/example_dags/tutorial_taskflow_api.py
[2025-08-27T09:39:39.577+0000] {processor.py:753} INFO - DAG(s) dict_keys(['tutorial_taskflow_api']) retrieved from /home/airflow/.local/lib/python3.7/site-packages/airflow/example_dags/tutorial_taskflow_api.py
[2025-08-27T09:39:39.587+0000] {logging_mixin.py:137} INFO - [2025-08-27T09:39:39.587+0000] {dag.py:2690} INFO - Sync 1 DAGs
[2025-08-27T09:39:39.597+0000] {logging_mixin.py:137} INFO - [2025-08-27T09:39:39.597+0000] {dag.py:3441} INFO - Setting next_dagrun for tutorial_taskflow_api to None, run_after=None
[2025-08-27T09:39:39.603+0000] {processor.py:175} INFO - Processing /home/airflow/.local/lib/python3.7/site-packages/airflow/example_dags/tutorial_taskflow_api.py took 0.036 seconds
[2025-08-27T09:50:07.108+0000] {processor.py:153} INFO - Started process (PID=21118) to work on /home/airflow/.local/lib/python3.7/site-packages/airflow/example_dags/tutorial_taskflow_api.py
[2025-08-27T09:50:07.108+0000] {processor.py:743} INFO - Processing file /home/airflow/.local/lib/python3.7/site-packages/airflow/example_dags/tutorial_taskflow_api.py for tasks to queue
[2025-08-27T09:50:07.108+0000] {logging_mixin.py:137} INFO - [2025-08-27T09:50:07.108+0000] {dagbag.py:538} INFO - Filling up the DagBag from /home/airflow/.local/lib/python3.7/site-packages/airflow/example_dags/tutorial_taskflow_api.py
[2025-08-27T09:50:07.118+0000] {processor.py:753} INFO - DAG(s) dict_keys(['tutorial_taskflow_api']) retrieved from /home/airflow/.local/lib/python3.7/site-packages/airflow/example_dags/tutorial_taskflow_api.py
[2025-08-27T09:50:07.129+0000] {logging_mixin.py:137} INFO - [2025-08-27T09:50:07.129+0000] {dag.py:2690} INFO - Sync 1 DAGs
[2025-08-27T09:50:07.139+0000] {logging_mixin.py:137} INFO - [2025-08-27T09:50:07.139+0000] {dag.py:3441} INFO - Setting next_dagrun for tutorial_taskflow_api to None, run_after=None
[2025-08-27T09:50:07.146+0000] {processor.py:175} INFO - Processing /home/airflow/.local/lib/python3.7/site-packages/airflow/example_dags/tutorial_taskflow_api.py took 0.040 seconds
[2025-08-27T11:12:47.067+0000] {processor.py:153} INFO - Started process (PID=21218) to work on /home/airflow/.local/lib/python3.7/site-packages/airflow/example_dags/tutorial_taskflow_api.py
[2025-08-27T11:12:47.068+0000] {processor.py:743} INFO - Processing file /home/airflow/.local/lib/python3.7/site-packages/airflow/example_dags/tutorial_taskflow_api.py for tasks to queue
[2025-08-27T11:12:47.068+0000] {logging_mixin.py:137} INFO - [2025-08-27T11:12:47.068+0000] {dagbag.py:538} INFO - Filling up the DagBag from /home/airflow/.local/lib/python3.7/site-packages/airflow/example_dags/tutorial_taskflow_api.py
[2025-08-27T11:12:47.079+0000] {processor.py:753} INFO - DAG(s) dict_keys(['tutorial_taskflow_api']) retrieved from /home/airflow/.local/lib/python3.7/site-packages/airflow/example_dags/tutorial_taskflow_api.py
[2025-08-27T11:12:47.090+0000] {logging_mixin.py:137} INFO - [2025-08-27T11:12:47.090+0000] {dag.py:2690} INFO - Sync 1 DAGs
[2025-08-27T11:12:47.100+0000] {logging_mixin.py:137} INFO - [2025-08-27T11:12:47.100+0000] {dag.py:3441} INFO - Setting next_dagrun for tutorial_taskflow_api to None, run_after=None
[2025-08-27T11:12:47.108+0000] {processor.py:175} INFO - Processing /home/airflow/.local/lib/python3.7/site-packages/airflow/example_dags/tutorial_taskflow_api.py took 0.043 seconds
[2025-08-27T11:34:31.946+0000] {processor.py:153} INFO - Started process (PID=21298) to work on /home/airflow/.local/lib/python3.7/site-packages/airflow/example_dags/tutorial_taskflow_api.py
[2025-08-27T11:34:31.947+0000] {processor.py:743} INFO - Processing file /home/airflow/.local/lib/python3.7/site-packages/airflow/example_dags/tutorial_taskflow_api.py for tasks to queue
[2025-08-27T11:34:31.947+0000] {logging_mixin.py:137} INFO - [2025-08-27T11:34:31.947+0000] {dagbag.py:538} INFO - Filling up the DagBag from /home/airflow/.local/lib/python3.7/site-packages/airflow/example_dags/tutorial_taskflow_api.py
[2025-08-27T11:34:31.966+0000] {processor.py:753} INFO - DAG(s) dict_keys(['tutorial_taskflow_api']) retrieved from /home/airflow/.local/lib/python3.7/site-packages/airflow/example_dags/tutorial_taskflow_api.py
[2025-08-27T11:34:31.987+0000] {logging_mixin.py:137} INFO - [2025-08-27T11:34:31.987+0000] {dag.py:2690} INFO - Sync 1 DAGs
[2025-08-27T11:34:32.001+0000] {logging_mixin.py:137} INFO - [2025-08-27T11:34:32.001+0000] {dag.py:3441} INFO - Setting next_dagrun for tutorial_taskflow_api to None, run_after=None
[2025-08-27T11:34:32.011+0000] {processor.py:175} INFO - Processing /home/airflow/.local/lib/python3.7/site-packages/airflow/example_dags/tutorial_taskflow_api.py took 0.067 seconds
[2025-08-27T11:51:13.953+0000] {processor.py:153} INFO - Started process (PID=21398) to work on /home/airflow/.local/lib/python3.7/site-packages/airflow/example_dags/tutorial_taskflow_api.py
[2025-08-27T11:51:13.954+0000] {processor.py:743} INFO - Processing file /home/airflow/.local/lib/python3.7/site-packages/airflow/example_dags/tutorial_taskflow_api.py for tasks to queue
[2025-08-27T11:51:13.954+0000] {logging_mixin.py:137} INFO - [2025-08-27T11:51:13.954+0000] {dagbag.py:538} INFO - Filling up the DagBag from /home/airflow/.local/lib/python3.7/site-packages/airflow/example_dags/tutorial_taskflow_api.py
[2025-08-27T11:51:13.966+0000] {processor.py:753} INFO - DAG(s) dict_keys(['tutorial_taskflow_api']) retrieved from /home/airflow/.local/lib/python3.7/site-packages/airflow/example_dags/tutorial_taskflow_api.py
[2025-08-27T11:51:13.977+0000] {logging_mixin.py:137} INFO - [2025-08-27T11:51:13.977+0000] {dag.py:2690} INFO - Sync 1 DAGs
[2025-08-27T11:51:13.987+0000] {logging_mixin.py:137} INFO - [2025-08-27T11:51:13.987+0000] {dag.py:3441} INFO - Setting next_dagrun for tutorial_taskflow_api to None, run_after=None
[2025-08-27T11:51:13.994+0000] {processor.py:175} INFO - Processing /home/airflow/.local/lib/python3.7/site-packages/airflow/example_dags/tutorial_taskflow_api.py took 0.043 seconds
[2025-08-27T11:53:12.426+0000] {processor.py:153} INFO - Started process (PID=21498) to work on /home/airflow/.local/lib/python3.7/site-packages/airflow/example_dags/tutorial_taskflow_api.py
[2025-08-27T11:53:12.426+0000] {processor.py:743} INFO - Processing file /home/airflow/.local/lib/python3.7/site-packages/airflow/example_dags/tutorial_taskflow_api.py for tasks to queue
[2025-08-27T11:53:12.427+0000] {logging_mixin.py:137} INFO - [2025-08-27T11:53:12.427+0000] {dagbag.py:538} INFO - Filling up the DagBag from /home/airflow/.local/lib/python3.7/site-packages/airflow/example_dags/tutorial_taskflow_api.py
[2025-08-27T11:53:12.436+0000] {processor.py:753} INFO - DAG(s) dict_keys(['tutorial_taskflow_api']) retrieved from /home/airflow/.local/lib/python3.7/site-packages/airflow/example_dags/tutorial_taskflow_api.py
[2025-08-27T11:53:12.448+0000] {logging_mixin.py:137} INFO - [2025-08-27T11:53:12.447+0000] {dag.py:2690} INFO - Sync 1 DAGs
[2025-08-27T11:53:12.458+0000] {logging_mixin.py:137} INFO - [2025-08-27T11:53:12.458+0000] {dag.py:3441} INFO - Setting next_dagrun for tutorial_taskflow_api to None, run_after=None
[2025-08-27T11:53:12.466+0000] {processor.py:175} INFO - Processing /home/airflow/.local/lib/python3.7/site-packages/airflow/example_dags/tutorial_taskflow_api.py took 0.041 seconds
[2025-08-27T11:58:54.125+0000] {processor.py:153} INFO - Started process (PID=21598) to work on /home/airflow/.local/lib/python3.7/site-packages/airflow/example_dags/tutorial_taskflow_api.py
[2025-08-27T11:58:54.125+0000] {processor.py:743} INFO - Processing file /home/airflow/.local/lib/python3.7/site-packages/airflow/example_dags/tutorial_taskflow_api.py for tasks to queue
[2025-08-27T11:58:54.126+0000] {logging_mixin.py:137} INFO - [2025-08-27T11:58:54.125+0000] {dagbag.py:538} INFO - Filling up the DagBag from /home/airflow/.local/lib/python3.7/site-packages/airflow/example_dags/tutorial_taskflow_api.py
[2025-08-27T11:58:54.135+0000] {processor.py:753} INFO - DAG(s) dict_keys(['tutorial_taskflow_api']) retrieved from /home/airflow/.local/lib/python3.7/site-packages/airflow/example_dags/tutorial_taskflow_api.py
[2025-08-27T11:58:54.147+0000] {logging_mixin.py:137} INFO - [2025-08-27T11:58:54.147+0000] {dag.py:2690} INFO - Sync 1 DAGs
[2025-08-27T11:58:54.159+0000] {logging_mixin.py:137} INFO - [2025-08-27T11:58:54.159+0000] {dag.py:3441} INFO - Setting next_dagrun for tutorial_taskflow_api to None, run_after=None
[2025-08-27T11:58:54.170+0000] {processor.py:175} INFO - Processing /home/airflow/.local/lib/python3.7/site-packages/airflow/example_dags/tutorial_taskflow_api.py took 0.047 seconds
[2025-08-27T12:11:21.086+0000] {processor.py:153} INFO - Started process (PID=21678) to work on /home/airflow/.local/lib/python3.7/site-packages/airflow/example_dags/tutorial_taskflow_api.py
[2025-08-27T12:11:21.086+0000] {processor.py:743} INFO - Processing file /home/airflow/.local/lib/python3.7/site-packages/airflow/example_dags/tutorial_taskflow_api.py for tasks to queue
[2025-08-27T12:11:21.087+0000] {logging_mixin.py:137} INFO - [2025-08-27T12:11:21.087+0000] {dagbag.py:538} INFO - Filling up the DagBag from /home/airflow/.local/lib/python3.7/site-packages/airflow/example_dags/tutorial_taskflow_api.py
[2025-08-27T12:11:21.096+0000] {processor.py:753} INFO - DAG(s) dict_keys(['tutorial_taskflow_api']) retrieved from /home/airflow/.local/lib/python3.7/site-packages/airflow/example_dags/tutorial_taskflow_api.py
[2025-08-27T12:11:21.108+0000] {logging_mixin.py:137} INFO - [2025-08-27T12:11:21.108+0000] {dag.py:2690} INFO - Sync 1 DAGs
[2025-08-27T12:11:21.118+0000] {logging_mixin.py:137} INFO - [2025-08-27T12:11:21.118+0000] {dag.py:3441} INFO - Setting next_dagrun for tutorial_taskflow_api to None, run_after=None
[2025-08-27T12:11:21.125+0000] {processor.py:175} INFO - Processing /home/airflow/.local/lib/python3.7/site-packages/airflow/example_dags/tutorial_taskflow_api.py took 0.040 seconds
[2025-08-27T12:14:25.576+0000] {processor.py:153} INFO - Started process (PID=21778) to work on /home/airflow/.local/lib/python3.7/site-packages/airflow/example_dags/tutorial_taskflow_api.py
[2025-08-27T12:14:25.576+0000] {processor.py:743} INFO - Processing file /home/airflow/.local/lib/python3.7/site-packages/airflow/example_dags/tutorial_taskflow_api.py for tasks to queue
[2025-08-27T12:14:25.577+0000] {logging_mixin.py:137} INFO - [2025-08-27T12:14:25.577+0000] {dagbag.py:538} INFO - Filling up the DagBag from /home/airflow/.local/lib/python3.7/site-packages/airflow/example_dags/tutorial_taskflow_api.py
[2025-08-27T12:14:25.587+0000] {processor.py:753} INFO - DAG(s) dict_keys(['tutorial_taskflow_api']) retrieved from /home/airflow/.local/lib/python3.7/site-packages/airflow/example_dags/tutorial_taskflow_api.py
[2025-08-27T12:14:25.601+0000] {logging_mixin.py:137} INFO - [2025-08-27T12:14:25.601+0000] {dag.py:2690} INFO - Sync 1 DAGs
[2025-08-27T12:14:25.613+0000] {logging_mixin.py:137} INFO - [2025-08-27T12:14:25.612+0000] {dag.py:3441} INFO - Setting next_dagrun for tutorial_taskflow_api to None, run_after=None
[2025-08-27T12:14:25.620+0000] {processor.py:175} INFO - Processing /home/airflow/.local/lib/python3.7/site-packages/airflow/example_dags/tutorial_taskflow_api.py took 0.046 seconds
[2025-08-27T12:27:58.096+0000] {processor.py:153} INFO - Started process (PID=21878) to work on /home/airflow/.local/lib/python3.7/site-packages/airflow/example_dags/tutorial_taskflow_api.py
[2025-08-27T12:27:58.096+0000] {processor.py:743} INFO - Processing file /home/airflow/.local/lib/python3.7/site-packages/airflow/example_dags/tutorial_taskflow_api.py for tasks to queue
[2025-08-27T12:27:58.096+0000] {logging_mixin.py:137} INFO - [2025-08-27T12:27:58.096+0000] {dagbag.py:538} INFO - Filling up the DagBag from /home/airflow/.local/lib/python3.7/site-packages/airflow/example_dags/tutorial_taskflow_api.py
[2025-08-27T12:27:58.105+0000] {processor.py:753} INFO - DAG(s) dict_keys(['tutorial_taskflow_api']) retrieved from /home/airflow/.local/lib/python3.7/site-packages/airflow/example_dags/tutorial_taskflow_api.py
[2025-08-27T12:27:58.116+0000] {logging_mixin.py:137} INFO - [2025-08-27T12:27:58.115+0000] {dag.py:2690} INFO - Sync 1 DAGs
[2025-08-27T12:27:58.125+0000] {logging_mixin.py:137} INFO - [2025-08-27T12:27:58.125+0000] {dag.py:3441} INFO - Setting next_dagrun for tutorial_taskflow_api to None, run_after=None
[2025-08-27T12:27:58.131+0000] {processor.py:175} INFO - Processing /home/airflow/.local/lib/python3.7/site-packages/airflow/example_dags/tutorial_taskflow_api.py took 0.037 seconds
[2025-08-27T12:38:26.126+0000] {processor.py:153} INFO - Started process (PID=21965) to work on /home/airflow/.local/lib/python3.7/site-packages/airflow/example_dags/tutorial_taskflow_api.py
[2025-08-27T12:38:26.126+0000] {processor.py:743} INFO - Processing file /home/airflow/.local/lib/python3.7/site-packages/airflow/example_dags/tutorial_taskflow_api.py for tasks to queue
[2025-08-27T12:38:26.127+0000] {logging_mixin.py:137} INFO - [2025-08-27T12:38:26.127+0000] {dagbag.py:538} INFO - Filling up the DagBag from /home/airflow/.local/lib/python3.7/site-packages/airflow/example_dags/tutorial_taskflow_api.py
[2025-08-27T12:38:26.136+0000] {processor.py:753} INFO - DAG(s) dict_keys(['tutorial_taskflow_api']) retrieved from /home/airflow/.local/lib/python3.7/site-packages/airflow/example_dags/tutorial_taskflow_api.py
[2025-08-27T12:38:26.152+0000] {logging_mixin.py:137} INFO - [2025-08-27T12:38:26.152+0000] {dag.py:2690} INFO - Sync 1 DAGs
[2025-08-27T12:38:26.163+0000] {logging_mixin.py:137} INFO - [2025-08-27T12:38:26.163+0000] {dag.py:3441} INFO - Setting next_dagrun for tutorial_taskflow_api to None, run_after=None
[2025-08-27T12:38:26.173+0000] {processor.py:175} INFO - Processing /home/airflow/.local/lib/python3.7/site-packages/airflow/example_dags/tutorial_taskflow_api.py took 0.049 seconds
[2025-08-27T12:57:13.079+0000] {processor.py:153} INFO - Started process (PID=22058) to work on /home/airflow/.local/lib/python3.7/site-packages/airflow/example_dags/tutorial_taskflow_api.py
[2025-08-27T12:57:13.081+0000] {processor.py:743} INFO - Processing file /home/airflow/.local/lib/python3.7/site-packages/airflow/example_dags/tutorial_taskflow_api.py for tasks to queue
[2025-08-27T12:57:13.081+0000] {logging_mixin.py:137} INFO - [2025-08-27T12:57:13.081+0000] {dagbag.py:538} INFO - Filling up the DagBag from /home/airflow/.local/lib/python3.7/site-packages/airflow/example_dags/tutorial_taskflow_api.py
[2025-08-27T12:57:13.091+0000] {processor.py:753} INFO - DAG(s) dict_keys(['tutorial_taskflow_api']) retrieved from /home/airflow/.local/lib/python3.7/site-packages/airflow/example_dags/tutorial_taskflow_api.py
[2025-08-27T12:57:13.103+0000] {logging_mixin.py:137} INFO - [2025-08-27T12:57:13.103+0000] {dag.py:2690} INFO - Sync 1 DAGs
[2025-08-27T12:57:13.113+0000] {logging_mixin.py:137} INFO - [2025-08-27T12:57:13.113+0000] {dag.py:3441} INFO - Setting next_dagrun for tutorial_taskflow_api to None, run_after=None
[2025-08-27T12:57:13.121+0000] {processor.py:175} INFO - Processing /home/airflow/.local/lib/python3.7/site-packages/airflow/example_dags/tutorial_taskflow_api.py took 0.043 seconds
[2025-08-27T12:57:43.439+0000] {processor.py:153} INFO - Started process (PID=22158) to work on /home/airflow/.local/lib/python3.7/site-packages/airflow/example_dags/tutorial_taskflow_api.py
[2025-08-27T12:57:43.439+0000] {processor.py:743} INFO - Processing file /home/airflow/.local/lib/python3.7/site-packages/airflow/example_dags/tutorial_taskflow_api.py for tasks to queue
[2025-08-27T12:57:43.440+0000] {logging_mixin.py:137} INFO - [2025-08-27T12:57:43.440+0000] {dagbag.py:538} INFO - Filling up the DagBag from /home/airflow/.local/lib/python3.7/site-packages/airflow/example_dags/tutorial_taskflow_api.py
[2025-08-27T12:57:43.449+0000] {processor.py:753} INFO - DAG(s) dict_keys(['tutorial_taskflow_api']) retrieved from /home/airflow/.local/lib/python3.7/site-packages/airflow/example_dags/tutorial_taskflow_api.py
[2025-08-27T12:57:43.460+0000] {logging_mixin.py:137} INFO - [2025-08-27T12:57:43.460+0000] {dag.py:2690} INFO - Sync 1 DAGs
[2025-08-27T12:57:43.471+0000] {logging_mixin.py:137} INFO - [2025-08-27T12:57:43.471+0000] {dag.py:3441} INFO - Setting next_dagrun for tutorial_taskflow_api to None, run_after=None
[2025-08-27T12:57:43.479+0000] {processor.py:175} INFO - Processing /home/airflow/.local/lib/python3.7/site-packages/airflow/example_dags/tutorial_taskflow_api.py took 0.042 seconds
[2025-08-27T13:27:11.381+0000] {processor.py:153} INFO - Started process (PID=22258) to work on /home/airflow/.local/lib/python3.7/site-packages/airflow/example_dags/tutorial_taskflow_api.py
[2025-08-27T13:27:11.382+0000] {processor.py:743} INFO - Processing file /home/airflow/.local/lib/python3.7/site-packages/airflow/example_dags/tutorial_taskflow_api.py for tasks to queue
[2025-08-27T13:27:11.383+0000] {logging_mixin.py:137} INFO - [2025-08-27T13:27:11.383+0000] {dagbag.py:538} INFO - Filling up the DagBag from /home/airflow/.local/lib/python3.7/site-packages/airflow/example_dags/tutorial_taskflow_api.py
[2025-08-27T13:27:11.397+0000] {processor.py:753} INFO - DAG(s) dict_keys(['tutorial_taskflow_api']) retrieved from /home/airflow/.local/lib/python3.7/site-packages/airflow/example_dags/tutorial_taskflow_api.py
[2025-08-27T13:27:11.415+0000] {logging_mixin.py:137} INFO - [2025-08-27T13:27:11.414+0000] {dag.py:2690} INFO - Sync 1 DAGs
[2025-08-27T13:27:11.435+0000] {logging_mixin.py:137} INFO - [2025-08-27T13:27:11.435+0000] {dag.py:3441} INFO - Setting next_dagrun for tutorial_taskflow_api to None, run_after=None
[2025-08-27T13:27:11.454+0000] {processor.py:175} INFO - Processing /home/airflow/.local/lib/python3.7/site-packages/airflow/example_dags/tutorial_taskflow_api.py took 0.075 seconds
[2025-08-27T13:30:13.421+0000] {processor.py:153} INFO - Started process (PID=22338) to work on /home/airflow/.local/lib/python3.7/site-packages/airflow/example_dags/tutorial_taskflow_api.py
[2025-08-27T13:30:13.424+0000] {processor.py:743} INFO - Processing file /home/airflow/.local/lib/python3.7/site-packages/airflow/example_dags/tutorial_taskflow_api.py for tasks to queue
[2025-08-27T13:30:13.425+0000] {logging_mixin.py:137} INFO - [2025-08-27T13:30:13.425+0000] {dagbag.py:538} INFO - Filling up the DagBag from /home/airflow/.local/lib/python3.7/site-packages/airflow/example_dags/tutorial_taskflow_api.py
[2025-08-27T13:30:13.433+0000] {processor.py:753} INFO - DAG(s) dict_keys(['tutorial_taskflow_api']) retrieved from /home/airflow/.local/lib/python3.7/site-packages/airflow/example_dags/tutorial_taskflow_api.py
[2025-08-27T13:30:13.445+0000] {logging_mixin.py:137} INFO - [2025-08-27T13:30:13.445+0000] {dag.py:2690} INFO - Sync 1 DAGs
[2025-08-27T13:30:13.458+0000] {logging_mixin.py:137} INFO - [2025-08-27T13:30:13.457+0000] {dag.py:3441} INFO - Setting next_dagrun for tutorial_taskflow_api to None, run_after=None
[2025-08-27T13:30:13.466+0000] {processor.py:175} INFO - Processing /home/airflow/.local/lib/python3.7/site-packages/airflow/example_dags/tutorial_taskflow_api.py took 0.047 seconds
[2025-08-27T13:37:07.536+0000] {processor.py:153} INFO - Started process (PID=22438) to work on /home/airflow/.local/lib/python3.7/site-packages/airflow/example_dags/tutorial_taskflow_api.py
[2025-08-27T13:37:07.537+0000] {processor.py:743} INFO - Processing file /home/airflow/.local/lib/python3.7/site-packages/airflow/example_dags/tutorial_taskflow_api.py for tasks to queue
[2025-08-27T13:37:07.537+0000] {logging_mixin.py:137} INFO - [2025-08-27T13:37:07.537+0000] {dagbag.py:538} INFO - Filling up the DagBag from /home/airflow/.local/lib/python3.7/site-packages/airflow/example_dags/tutorial_taskflow_api.py
[2025-08-27T13:37:07.548+0000] {processor.py:753} INFO - DAG(s) dict_keys(['tutorial_taskflow_api']) retrieved from /home/airflow/.local/lib/python3.7/site-packages/airflow/example_dags/tutorial_taskflow_api.py
[2025-08-27T13:37:07.559+0000] {logging_mixin.py:137} INFO - [2025-08-27T13:37:07.559+0000] {dag.py:2690} INFO - Sync 1 DAGs
[2025-08-27T13:37:07.569+0000] {logging_mixin.py:137} INFO - [2025-08-27T13:37:07.568+0000] {dag.py:3441} INFO - Setting next_dagrun for tutorial_taskflow_api to None, run_after=None
[2025-08-27T13:37:07.576+0000] {processor.py:175} INFO - Processing /home/airflow/.local/lib/python3.7/site-packages/airflow/example_dags/tutorial_taskflow_api.py took 0.041 seconds
[2025-08-27T13:51:02.033+0000] {processor.py:153} INFO - Started process (PID=22538) to work on /home/airflow/.local/lib/python3.7/site-packages/airflow/example_dags/tutorial_taskflow_api.py
[2025-08-27T13:51:02.033+0000] {processor.py:743} INFO - Processing file /home/airflow/.local/lib/python3.7/site-packages/airflow/example_dags/tutorial_taskflow_api.py for tasks to queue
[2025-08-27T13:51:02.034+0000] {logging_mixin.py:137} INFO - [2025-08-27T13:51:02.034+0000] {dagbag.py:538} INFO - Filling up the DagBag from /home/airflow/.local/lib/python3.7/site-packages/airflow/example_dags/tutorial_taskflow_api.py
[2025-08-27T13:51:02.043+0000] {processor.py:753} INFO - DAG(s) dict_keys(['tutorial_taskflow_api']) retrieved from /home/airflow/.local/lib/python3.7/site-packages/airflow/example_dags/tutorial_taskflow_api.py
[2025-08-27T13:51:02.054+0000] {logging_mixin.py:137} INFO - [2025-08-27T13:51:02.054+0000] {dag.py:2690} INFO - Sync 1 DAGs
[2025-08-27T13:51:02.063+0000] {logging_mixin.py:137} INFO - [2025-08-27T13:51:02.063+0000] {dag.py:3441} INFO - Setting next_dagrun for tutorial_taskflow_api to None, run_after=None
[2025-08-27T13:51:02.070+0000] {processor.py:175} INFO - Processing /home/airflow/.local/lib/python3.7/site-packages/airflow/example_dags/tutorial_taskflow_api.py took 0.039 seconds
[2025-08-27T14:01:06.849+0000] {processor.py:153} INFO - Started process (PID=22638) to work on /home/airflow/.local/lib/python3.7/site-packages/airflow/example_dags/tutorial_taskflow_api.py
[2025-08-27T14:01:06.862+0000] {processor.py:743} INFO - Processing file /home/airflow/.local/lib/python3.7/site-packages/airflow/example_dags/tutorial_taskflow_api.py for tasks to queue
[2025-08-27T14:01:06.866+0000] {logging_mixin.py:137} INFO - [2025-08-27T14:01:06.866+0000] {dagbag.py:538} INFO - Filling up the DagBag from /home/airflow/.local/lib/python3.7/site-packages/airflow/example_dags/tutorial_taskflow_api.py
[2025-08-27T14:01:06.882+0000] {processor.py:753} INFO - DAG(s) dict_keys(['tutorial_taskflow_api']) retrieved from /home/airflow/.local/lib/python3.7/site-packages/airflow/example_dags/tutorial_taskflow_api.py
[2025-08-27T14:01:06.897+0000] {logging_mixin.py:137} INFO - [2025-08-27T14:01:06.897+0000] {dag.py:2690} INFO - Sync 1 DAGs
[2025-08-27T14:01:06.916+0000] {logging_mixin.py:137} INFO - [2025-08-27T14:01:06.916+0000] {dag.py:3441} INFO - Setting next_dagrun for tutorial_taskflow_api to None, run_after=None
[2025-08-27T14:01:06.926+0000] {processor.py:175} INFO - Processing /home/airflow/.local/lib/python3.7/site-packages/airflow/example_dags/tutorial_taskflow_api.py took 0.079 seconds
[2025-08-27T14:41:13.076+0000] {processor.py:153} INFO - Started process (PID=22718) to work on /home/airflow/.local/lib/python3.7/site-packages/airflow/example_dags/tutorial_taskflow_api.py
[2025-08-27T14:41:13.077+0000] {processor.py:743} INFO - Processing file /home/airflow/.local/lib/python3.7/site-packages/airflow/example_dags/tutorial_taskflow_api.py for tasks to queue
[2025-08-27T14:41:13.079+0000] {logging_mixin.py:137} INFO - [2025-08-27T14:41:13.079+0000] {dagbag.py:538} INFO - Filling up the DagBag from /home/airflow/.local/lib/python3.7/site-packages/airflow/example_dags/tutorial_taskflow_api.py
[2025-08-27T14:41:13.089+0000] {processor.py:753} INFO - DAG(s) dict_keys(['tutorial_taskflow_api']) retrieved from /home/airflow/.local/lib/python3.7/site-packages/airflow/example_dags/tutorial_taskflow_api.py
[2025-08-27T14:41:13.100+0000] {logging_mixin.py:137} INFO - [2025-08-27T14:41:13.100+0000] {dag.py:2690} INFO - Sync 1 DAGs
[2025-08-27T14:41:13.111+0000] {logging_mixin.py:137} INFO - [2025-08-27T14:41:13.111+0000] {dag.py:3441} INFO - Setting next_dagrun for tutorial_taskflow_api to None, run_after=None
[2025-08-27T14:41:13.120+0000] {processor.py:175} INFO - Processing /home/airflow/.local/lib/python3.7/site-packages/airflow/example_dags/tutorial_taskflow_api.py took 0.045 seconds
[2025-08-27T14:43:55.074+0000] {processor.py:153} INFO - Started process (PID=22818) to work on /home/airflow/.local/lib/python3.7/site-packages/airflow/example_dags/tutorial_taskflow_api.py
[2025-08-27T14:43:55.078+0000] {processor.py:743} INFO - Processing file /home/airflow/.local/lib/python3.7/site-packages/airflow/example_dags/tutorial_taskflow_api.py for tasks to queue
[2025-08-27T14:43:55.079+0000] {logging_mixin.py:137} INFO - [2025-08-27T14:43:55.079+0000] {dagbag.py:538} INFO - Filling up the DagBag from /home/airflow/.local/lib/python3.7/site-packages/airflow/example_dags/tutorial_taskflow_api.py
[2025-08-27T14:43:55.088+0000] {processor.py:753} INFO - DAG(s) dict_keys(['tutorial_taskflow_api']) retrieved from /home/airflow/.local/lib/python3.7/site-packages/airflow/example_dags/tutorial_taskflow_api.py
[2025-08-27T14:43:55.100+0000] {logging_mixin.py:137} INFO - [2025-08-27T14:43:55.100+0000] {dag.py:2690} INFO - Sync 1 DAGs
[2025-08-27T14:43:55.111+0000] {logging_mixin.py:137} INFO - [2025-08-27T14:43:55.111+0000] {dag.py:3441} INFO - Setting next_dagrun for tutorial_taskflow_api to None, run_after=None
[2025-08-27T14:43:55.119+0000] {processor.py:175} INFO - Processing /home/airflow/.local/lib/python3.7/site-packages/airflow/example_dags/tutorial_taskflow_api.py took 0.046 seconds
[2025-08-27T14:54:32.191+0000] {processor.py:153} INFO - Started process (PID=22918) to work on /home/airflow/.local/lib/python3.7/site-packages/airflow/example_dags/tutorial_taskflow_api.py
[2025-08-27T14:54:32.192+0000] {processor.py:743} INFO - Processing file /home/airflow/.local/lib/python3.7/site-packages/airflow/example_dags/tutorial_taskflow_api.py for tasks to queue
[2025-08-27T14:54:32.195+0000] {logging_mixin.py:137} INFO - [2025-08-27T14:54:32.195+0000] {dagbag.py:538} INFO - Filling up the DagBag from /home/airflow/.local/lib/python3.7/site-packages/airflow/example_dags/tutorial_taskflow_api.py
[2025-08-27T14:54:32.204+0000] {processor.py:753} INFO - DAG(s) dict_keys(['tutorial_taskflow_api']) retrieved from /home/airflow/.local/lib/python3.7/site-packages/airflow/example_dags/tutorial_taskflow_api.py
[2025-08-27T14:54:32.216+0000] {logging_mixin.py:137} INFO - [2025-08-27T14:54:32.216+0000] {dag.py:2690} INFO - Sync 1 DAGs
[2025-08-27T14:54:32.226+0000] {logging_mixin.py:137} INFO - [2025-08-27T14:54:32.226+0000] {dag.py:3441} INFO - Setting next_dagrun for tutorial_taskflow_api to None, run_after=None
[2025-08-27T14:54:32.233+0000] {processor.py:175} INFO - Processing /home/airflow/.local/lib/python3.7/site-packages/airflow/example_dags/tutorial_taskflow_api.py took 0.043 seconds
[2025-08-27T15:01:39.812+0000] {processor.py:153} INFO - Started process (PID=22998) to work on /home/airflow/.local/lib/python3.7/site-packages/airflow/example_dags/tutorial_taskflow_api.py
[2025-08-27T15:01:39.813+0000] {processor.py:743} INFO - Processing file /home/airflow/.local/lib/python3.7/site-packages/airflow/example_dags/tutorial_taskflow_api.py for tasks to queue
[2025-08-27T15:01:39.813+0000] {logging_mixin.py:137} INFO - [2025-08-27T15:01:39.813+0000] {dagbag.py:538} INFO - Filling up the DagBag from /home/airflow/.local/lib/python3.7/site-packages/airflow/example_dags/tutorial_taskflow_api.py
[2025-08-27T15:01:39.823+0000] {processor.py:753} INFO - DAG(s) dict_keys(['tutorial_taskflow_api']) retrieved from /home/airflow/.local/lib/python3.7/site-packages/airflow/example_dags/tutorial_taskflow_api.py
[2025-08-27T15:01:39.834+0000] {logging_mixin.py:137} INFO - [2025-08-27T15:01:39.834+0000] {dag.py:2690} INFO - Sync 1 DAGs
[2025-08-27T15:01:39.844+0000] {logging_mixin.py:137} INFO - [2025-08-27T15:01:39.844+0000] {dag.py:3441} INFO - Setting next_dagrun for tutorial_taskflow_api to None, run_after=None
[2025-08-27T15:01:39.851+0000] {processor.py:175} INFO - Processing /home/airflow/.local/lib/python3.7/site-packages/airflow/example_dags/tutorial_taskflow_api.py took 0.040 seconds
[2025-08-27T15:08:10.386+0000] {processor.py:153} INFO - Started process (PID=23098) to work on /home/airflow/.local/lib/python3.7/site-packages/airflow/example_dags/tutorial_taskflow_api.py
[2025-08-27T15:08:10.389+0000] {processor.py:743} INFO - Processing file /home/airflow/.local/lib/python3.7/site-packages/airflow/example_dags/tutorial_taskflow_api.py for tasks to queue
[2025-08-27T15:08:10.389+0000] {logging_mixin.py:137} INFO - [2025-08-27T15:08:10.389+0000] {dagbag.py:538} INFO - Filling up the DagBag from /home/airflow/.local/lib/python3.7/site-packages/airflow/example_dags/tutorial_taskflow_api.py
[2025-08-27T15:08:10.399+0000] {processor.py:753} INFO - DAG(s) dict_keys(['tutorial_taskflow_api']) retrieved from /home/airflow/.local/lib/python3.7/site-packages/airflow/example_dags/tutorial_taskflow_api.py
[2025-08-27T15:08:10.410+0000] {logging_mixin.py:137} INFO - [2025-08-27T15:08:10.410+0000] {dag.py:2690} INFO - Sync 1 DAGs
[2025-08-27T15:08:10.421+0000] {logging_mixin.py:137} INFO - [2025-08-27T15:08:10.421+0000] {dag.py:3441} INFO - Setting next_dagrun for tutorial_taskflow_api to None, run_after=None
[2025-08-27T15:08:10.429+0000] {processor.py:175} INFO - Processing /home/airflow/.local/lib/python3.7/site-packages/airflow/example_dags/tutorial_taskflow_api.py took 0.045 seconds
[2025-08-27T15:18:53.032+0000] {processor.py:153} INFO - Started process (PID=23198) to work on /home/airflow/.local/lib/python3.7/site-packages/airflow/example_dags/tutorial_taskflow_api.py
[2025-08-27T15:18:53.033+0000] {processor.py:743} INFO - Processing file /home/airflow/.local/lib/python3.7/site-packages/airflow/example_dags/tutorial_taskflow_api.py for tasks to queue
[2025-08-27T15:18:53.033+0000] {logging_mixin.py:137} INFO - [2025-08-27T15:18:53.033+0000] {dagbag.py:538} INFO - Filling up the DagBag from /home/airflow/.local/lib/python3.7/site-packages/airflow/example_dags/tutorial_taskflow_api.py
[2025-08-27T15:18:53.045+0000] {processor.py:753} INFO - DAG(s) dict_keys(['tutorial_taskflow_api']) retrieved from /home/airflow/.local/lib/python3.7/site-packages/airflow/example_dags/tutorial_taskflow_api.py
[2025-08-27T15:18:53.058+0000] {logging_mixin.py:137} INFO - [2025-08-27T15:18:53.058+0000] {dag.py:2690} INFO - Sync 1 DAGs
[2025-08-27T15:18:53.068+0000] {logging_mixin.py:137} INFO - [2025-08-27T15:18:53.068+0000] {dag.py:3441} INFO - Setting next_dagrun for tutorial_taskflow_api to None, run_after=None
[2025-08-27T15:18:53.075+0000] {processor.py:175} INFO - Processing /home/airflow/.local/lib/python3.7/site-packages/airflow/example_dags/tutorial_taskflow_api.py took 0.044 seconds
[2025-08-27T15:19:37.331+0000] {processor.py:153} INFO - Started process (PID=23278) to work on /home/airflow/.local/lib/python3.7/site-packages/airflow/example_dags/tutorial_taskflow_api.py
[2025-08-27T15:19:37.331+0000] {processor.py:743} INFO - Processing file /home/airflow/.local/lib/python3.7/site-packages/airflow/example_dags/tutorial_taskflow_api.py for tasks to queue
[2025-08-27T15:19:37.332+0000] {logging_mixin.py:137} INFO - [2025-08-27T15:19:37.332+0000] {dagbag.py:538} INFO - Filling up the DagBag from /home/airflow/.local/lib/python3.7/site-packages/airflow/example_dags/tutorial_taskflow_api.py
[2025-08-27T15:19:37.342+0000] {processor.py:753} INFO - DAG(s) dict_keys(['tutorial_taskflow_api']) retrieved from /home/airflow/.local/lib/python3.7/site-packages/airflow/example_dags/tutorial_taskflow_api.py
[2025-08-27T15:19:37.354+0000] {logging_mixin.py:137} INFO - [2025-08-27T15:19:37.354+0000] {dag.py:2690} INFO - Sync 1 DAGs
[2025-08-27T15:19:37.364+0000] {logging_mixin.py:137} INFO - [2025-08-27T15:19:37.364+0000] {dag.py:3441} INFO - Setting next_dagrun for tutorial_taskflow_api to None, run_after=None
[2025-08-27T15:19:37.371+0000] {processor.py:175} INFO - Processing /home/airflow/.local/lib/python3.7/site-packages/airflow/example_dags/tutorial_taskflow_api.py took 0.043 seconds
[2025-08-27T15:21:53.385+0000] {processor.py:153} INFO - Started process (PID=23378) to work on /home/airflow/.local/lib/python3.7/site-packages/airflow/example_dags/tutorial_taskflow_api.py
[2025-08-27T15:21:53.386+0000] {processor.py:743} INFO - Processing file /home/airflow/.local/lib/python3.7/site-packages/airflow/example_dags/tutorial_taskflow_api.py for tasks to queue
[2025-08-27T15:21:53.386+0000] {logging_mixin.py:137} INFO - [2025-08-27T15:21:53.386+0000] {dagbag.py:538} INFO - Filling up the DagBag from /home/airflow/.local/lib/python3.7/site-packages/airflow/example_dags/tutorial_taskflow_api.py
[2025-08-27T15:21:53.395+0000] {processor.py:753} INFO - DAG(s) dict_keys(['tutorial_taskflow_api']) retrieved from /home/airflow/.local/lib/python3.7/site-packages/airflow/example_dags/tutorial_taskflow_api.py
[2025-08-27T15:21:53.406+0000] {logging_mixin.py:137} INFO - [2025-08-27T15:21:53.406+0000] {dag.py:2690} INFO - Sync 1 DAGs
[2025-08-27T15:21:53.416+0000] {logging_mixin.py:137} INFO - [2025-08-27T15:21:53.416+0000] {dag.py:3441} INFO - Setting next_dagrun for tutorial_taskflow_api to None, run_after=None
[2025-08-27T15:21:53.423+0000] {processor.py:175} INFO - Processing /home/airflow/.local/lib/python3.7/site-packages/airflow/example_dags/tutorial_taskflow_api.py took 0.040 seconds
[2025-08-27T15:25:59.658+0000] {processor.py:153} INFO - Started process (PID=23478) to work on /home/airflow/.local/lib/python3.7/site-packages/airflow/example_dags/tutorial_taskflow_api.py
[2025-08-27T15:25:59.659+0000] {processor.py:743} INFO - Processing file /home/airflow/.local/lib/python3.7/site-packages/airflow/example_dags/tutorial_taskflow_api.py for tasks to queue
[2025-08-27T15:25:59.659+0000] {logging_mixin.py:137} INFO - [2025-08-27T15:25:59.659+0000] {dagbag.py:538} INFO - Filling up the DagBag from /home/airflow/.local/lib/python3.7/site-packages/airflow/example_dags/tutorial_taskflow_api.py
[2025-08-27T15:25:59.669+0000] {processor.py:753} INFO - DAG(s) dict_keys(['tutorial_taskflow_api']) retrieved from /home/airflow/.local/lib/python3.7/site-packages/airflow/example_dags/tutorial_taskflow_api.py
[2025-08-27T15:25:59.680+0000] {logging_mixin.py:137} INFO - [2025-08-27T15:25:59.680+0000] {dag.py:2690} INFO - Sync 1 DAGs
[2025-08-27T15:25:59.690+0000] {logging_mixin.py:137} INFO - [2025-08-27T15:25:59.690+0000] {dag.py:3441} INFO - Setting next_dagrun for tutorial_taskflow_api to None, run_after=None
[2025-08-27T15:25:59.698+0000] {processor.py:175} INFO - Processing /home/airflow/.local/lib/python3.7/site-packages/airflow/example_dags/tutorial_taskflow_api.py took 0.041 seconds
[2025-08-27T16:00:40.827+0000] {processor.py:153} INFO - Started process (PID=23578) to work on /home/airflow/.local/lib/python3.7/site-packages/airflow/example_dags/tutorial_taskflow_api.py
[2025-08-27T16:00:40.827+0000] {processor.py:743} INFO - Processing file /home/airflow/.local/lib/python3.7/site-packages/airflow/example_dags/tutorial_taskflow_api.py for tasks to queue
[2025-08-27T16:00:40.827+0000] {logging_mixin.py:137} INFO - [2025-08-27T16:00:40.827+0000] {dagbag.py:538} INFO - Filling up the DagBag from /home/airflow/.local/lib/python3.7/site-packages/airflow/example_dags/tutorial_taskflow_api.py
[2025-08-27T16:00:40.837+0000] {processor.py:753} INFO - DAG(s) dict_keys(['tutorial_taskflow_api']) retrieved from /home/airflow/.local/lib/python3.7/site-packages/airflow/example_dags/tutorial_taskflow_api.py
[2025-08-27T16:00:40.850+0000] {logging_mixin.py:137} INFO - [2025-08-27T16:00:40.849+0000] {dag.py:2690} INFO - Sync 1 DAGs
[2025-08-27T16:00:40.860+0000] {logging_mixin.py:137} INFO - [2025-08-27T16:00:40.860+0000] {dag.py:3441} INFO - Setting next_dagrun for tutorial_taskflow_api to None, run_after=None
[2025-08-27T16:00:40.869+0000] {processor.py:175} INFO - Processing /home/airflow/.local/lib/python3.7/site-packages/airflow/example_dags/tutorial_taskflow_api.py took 0.044 seconds
[2025-08-27T16:14:53.555+0000] {processor.py:153} INFO - Started process (PID=23658) to work on /home/airflow/.local/lib/python3.7/site-packages/airflow/example_dags/tutorial_taskflow_api.py
[2025-08-27T16:14:53.557+0000] {processor.py:743} INFO - Processing file /home/airflow/.local/lib/python3.7/site-packages/airflow/example_dags/tutorial_taskflow_api.py for tasks to queue
[2025-08-27T16:14:53.558+0000] {logging_mixin.py:137} INFO - [2025-08-27T16:14:53.558+0000] {dagbag.py:538} INFO - Filling up the DagBag from /home/airflow/.local/lib/python3.7/site-packages/airflow/example_dags/tutorial_taskflow_api.py
[2025-08-27T16:14:53.568+0000] {processor.py:753} INFO - DAG(s) dict_keys(['tutorial_taskflow_api']) retrieved from /home/airflow/.local/lib/python3.7/site-packages/airflow/example_dags/tutorial_taskflow_api.py
[2025-08-27T16:14:53.582+0000] {logging_mixin.py:137} INFO - [2025-08-27T16:14:53.581+0000] {dag.py:2690} INFO - Sync 1 DAGs
[2025-08-27T16:14:53.593+0000] {logging_mixin.py:137} INFO - [2025-08-27T16:14:53.593+0000] {dag.py:3441} INFO - Setting next_dagrun for tutorial_taskflow_api to None, run_after=None
[2025-08-27T16:14:53.600+0000] {processor.py:175} INFO - Processing /home/airflow/.local/lib/python3.7/site-packages/airflow/example_dags/tutorial_taskflow_api.py took 0.047 seconds
[2025-08-27T16:23:10.901+0000] {processor.py:153} INFO - Started process (PID=23758) to work on /home/airflow/.local/lib/python3.7/site-packages/airflow/example_dags/tutorial_taskflow_api.py
[2025-08-27T16:23:10.901+0000] {processor.py:743} INFO - Processing file /home/airflow/.local/lib/python3.7/site-packages/airflow/example_dags/tutorial_taskflow_api.py for tasks to queue
[2025-08-27T16:23:10.902+0000] {logging_mixin.py:137} INFO - [2025-08-27T16:23:10.902+0000] {dagbag.py:538} INFO - Filling up the DagBag from /home/airflow/.local/lib/python3.7/site-packages/airflow/example_dags/tutorial_taskflow_api.py
[2025-08-27T16:23:10.914+0000] {processor.py:753} INFO - DAG(s) dict_keys(['tutorial_taskflow_api']) retrieved from /home/airflow/.local/lib/python3.7/site-packages/airflow/example_dags/tutorial_taskflow_api.py
[2025-08-27T16:23:10.925+0000] {logging_mixin.py:137} INFO - [2025-08-27T16:23:10.925+0000] {dag.py:2690} INFO - Sync 1 DAGs
[2025-08-27T16:23:10.935+0000] {logging_mixin.py:137} INFO - [2025-08-27T16:23:10.935+0000] {dag.py:3441} INFO - Setting next_dagrun for tutorial_taskflow_api to None, run_after=None
[2025-08-27T16:23:10.942+0000] {processor.py:175} INFO - Processing /home/airflow/.local/lib/python3.7/site-packages/airflow/example_dags/tutorial_taskflow_api.py took 0.042 seconds
[2025-08-27T16:24:54.504+0000] {processor.py:153} INFO - Started process (PID=23858) to work on /home/airflow/.local/lib/python3.7/site-packages/airflow/example_dags/tutorial_taskflow_api.py
[2025-08-27T16:24:54.505+0000] {processor.py:743} INFO - Processing file /home/airflow/.local/lib/python3.7/site-packages/airflow/example_dags/tutorial_taskflow_api.py for tasks to queue
[2025-08-27T16:24:54.509+0000] {logging_mixin.py:137} INFO - [2025-08-27T16:24:54.509+0000] {dagbag.py:538} INFO - Filling up the DagBag from /home/airflow/.local/lib/python3.7/site-packages/airflow/example_dags/tutorial_taskflow_api.py
[2025-08-27T16:24:54.519+0000] {processor.py:753} INFO - DAG(s) dict_keys(['tutorial_taskflow_api']) retrieved from /home/airflow/.local/lib/python3.7/site-packages/airflow/example_dags/tutorial_taskflow_api.py
[2025-08-27T16:24:54.539+0000] {logging_mixin.py:137} INFO - [2025-08-27T16:24:54.538+0000] {dag.py:2690} INFO - Sync 1 DAGs
[2025-08-27T16:24:54.563+0000] {logging_mixin.py:137} INFO - [2025-08-27T16:24:54.563+0000] {dag.py:3441} INFO - Setting next_dagrun for tutorial_taskflow_api to None, run_after=None
[2025-08-27T16:24:54.580+0000] {processor.py:175} INFO - Processing /home/airflow/.local/lib/python3.7/site-packages/airflow/example_dags/tutorial_taskflow_api.py took 0.079 seconds
[2025-08-27T16:30:08.192+0000] {processor.py:153} INFO - Started process (PID=23958) to work on /home/airflow/.local/lib/python3.7/site-packages/airflow/example_dags/tutorial_taskflow_api.py
[2025-08-27T16:30:08.193+0000] {processor.py:743} INFO - Processing file /home/airflow/.local/lib/python3.7/site-packages/airflow/example_dags/tutorial_taskflow_api.py for tasks to queue
[2025-08-27T16:30:08.193+0000] {logging_mixin.py:137} INFO - [2025-08-27T16:30:08.193+0000] {dagbag.py:538} INFO - Filling up the DagBag from /home/airflow/.local/lib/python3.7/site-packages/airflow/example_dags/tutorial_taskflow_api.py
[2025-08-27T16:30:08.203+0000] {processor.py:753} INFO - DAG(s) dict_keys(['tutorial_taskflow_api']) retrieved from /home/airflow/.local/lib/python3.7/site-packages/airflow/example_dags/tutorial_taskflow_api.py
[2025-08-27T16:30:08.213+0000] {logging_mixin.py:137} INFO - [2025-08-27T16:30:08.213+0000] {dag.py:2690} INFO - Sync 1 DAGs
[2025-08-27T16:30:08.222+0000] {logging_mixin.py:137} INFO - [2025-08-27T16:30:08.222+0000] {dag.py:3441} INFO - Setting next_dagrun for tutorial_taskflow_api to None, run_after=None
[2025-08-27T16:30:08.230+0000] {processor.py:175} INFO - Processing /home/airflow/.local/lib/python3.7/site-packages/airflow/example_dags/tutorial_taskflow_api.py took 0.039 seconds
[2025-08-27T16:44:03.501+0000] {processor.py:153} INFO - Started process (PID=24038) to work on /home/airflow/.local/lib/python3.7/site-packages/airflow/example_dags/tutorial_taskflow_api.py
[2025-08-27T16:44:03.503+0000] {processor.py:743} INFO - Processing file /home/airflow/.local/lib/python3.7/site-packages/airflow/example_dags/tutorial_taskflow_api.py for tasks to queue
[2025-08-27T16:44:03.504+0000] {logging_mixin.py:137} INFO - [2025-08-27T16:44:03.504+0000] {dagbag.py:538} INFO - Filling up the DagBag from /home/airflow/.local/lib/python3.7/site-packages/airflow/example_dags/tutorial_taskflow_api.py
[2025-08-27T16:44:03.513+0000] {processor.py:753} INFO - DAG(s) dict_keys(['tutorial_taskflow_api']) retrieved from /home/airflow/.local/lib/python3.7/site-packages/airflow/example_dags/tutorial_taskflow_api.py
[2025-08-27T16:44:03.527+0000] {logging_mixin.py:137} INFO - [2025-08-27T16:44:03.527+0000] {dag.py:2690} INFO - Sync 1 DAGs
[2025-08-27T16:44:03.537+0000] {logging_mixin.py:137} INFO - [2025-08-27T16:44:03.537+0000] {dag.py:3441} INFO - Setting next_dagrun for tutorial_taskflow_api to None, run_after=None
[2025-08-27T16:44:03.544+0000] {processor.py:175} INFO - Processing /home/airflow/.local/lib/python3.7/site-packages/airflow/example_dags/tutorial_taskflow_api.py took 0.045 seconds
[2025-08-27T18:19:17.991+0000] {processor.py:153} INFO - Started process (PID=24138) to work on /home/airflow/.local/lib/python3.7/site-packages/airflow/example_dags/tutorial_taskflow_api.py
[2025-08-27T18:19:17.992+0000] {processor.py:743} INFO - Processing file /home/airflow/.local/lib/python3.7/site-packages/airflow/example_dags/tutorial_taskflow_api.py for tasks to queue
[2025-08-27T18:19:17.992+0000] {logging_mixin.py:137} INFO - [2025-08-27T18:19:17.992+0000] {dagbag.py:538} INFO - Filling up the DagBag from /home/airflow/.local/lib/python3.7/site-packages/airflow/example_dags/tutorial_taskflow_api.py
[2025-08-27T18:19:18.003+0000] {processor.py:753} INFO - DAG(s) dict_keys(['tutorial_taskflow_api']) retrieved from /home/airflow/.local/lib/python3.7/site-packages/airflow/example_dags/tutorial_taskflow_api.py
[2025-08-27T18:19:18.014+0000] {logging_mixin.py:137} INFO - [2025-08-27T18:19:18.014+0000] {dag.py:2690} INFO - Sync 1 DAGs
[2025-08-27T18:19:18.028+0000] {logging_mixin.py:137} INFO - [2025-08-27T18:19:18.028+0000] {dag.py:3441} INFO - Setting next_dagrun for tutorial_taskflow_api to None, run_after=None
[2025-08-27T18:19:18.040+0000] {processor.py:175} INFO - Processing /home/airflow/.local/lib/python3.7/site-packages/airflow/example_dags/tutorial_taskflow_api.py took 0.050 seconds
[2025-08-27T19:39:50.586+0000] {processor.py:153} INFO - Started process (PID=24238) to work on /home/airflow/.local/lib/python3.7/site-packages/airflow/example_dags/tutorial_taskflow_api.py
[2025-08-27T19:39:50.586+0000] {processor.py:743} INFO - Processing file /home/airflow/.local/lib/python3.7/site-packages/airflow/example_dags/tutorial_taskflow_api.py for tasks to queue
[2025-08-27T19:39:50.586+0000] {logging_mixin.py:137} INFO - [2025-08-27T19:39:50.586+0000] {dagbag.py:538} INFO - Filling up the DagBag from /home/airflow/.local/lib/python3.7/site-packages/airflow/example_dags/tutorial_taskflow_api.py
[2025-08-27T19:39:50.596+0000] {processor.py:753} INFO - DAG(s) dict_keys(['tutorial_taskflow_api']) retrieved from /home/airflow/.local/lib/python3.7/site-packages/airflow/example_dags/tutorial_taskflow_api.py
[2025-08-27T19:39:50.607+0000] {logging_mixin.py:137} INFO - [2025-08-27T19:39:50.607+0000] {dag.py:2690} INFO - Sync 1 DAGs
[2025-08-27T19:39:50.616+0000] {logging_mixin.py:137} INFO - [2025-08-27T19:39:50.616+0000] {dag.py:3441} INFO - Setting next_dagrun for tutorial_taskflow_api to None, run_after=None
[2025-08-27T19:39:50.624+0000] {processor.py:175} INFO - Processing /home/airflow/.local/lib/python3.7/site-packages/airflow/example_dags/tutorial_taskflow_api.py took 0.040 seconds
[2025-08-27T21:01:25.517+0000] {processor.py:153} INFO - Started process (PID=24318) to work on /home/airflow/.local/lib/python3.7/site-packages/airflow/example_dags/tutorial_taskflow_api.py
[2025-08-27T21:01:25.518+0000] {processor.py:743} INFO - Processing file /home/airflow/.local/lib/python3.7/site-packages/airflow/example_dags/tutorial_taskflow_api.py for tasks to queue
[2025-08-27T21:01:25.518+0000] {logging_mixin.py:137} INFO - [2025-08-27T21:01:25.518+0000] {dagbag.py:538} INFO - Filling up the DagBag from /home/airflow/.local/lib/python3.7/site-packages/airflow/example_dags/tutorial_taskflow_api.py
[2025-08-27T21:01:25.527+0000] {processor.py:753} INFO - DAG(s) dict_keys(['tutorial_taskflow_api']) retrieved from /home/airflow/.local/lib/python3.7/site-packages/airflow/example_dags/tutorial_taskflow_api.py
[2025-08-27T21:01:25.539+0000] {logging_mixin.py:137} INFO - [2025-08-27T21:01:25.539+0000] {dag.py:2690} INFO - Sync 1 DAGs
[2025-08-27T21:01:25.550+0000] {logging_mixin.py:137} INFO - [2025-08-27T21:01:25.550+0000] {dag.py:3441} INFO - Setting next_dagrun for tutorial_taskflow_api to None, run_after=None
[2025-08-27T21:01:25.557+0000] {processor.py:175} INFO - Processing /home/airflow/.local/lib/python3.7/site-packages/airflow/example_dags/tutorial_taskflow_api.py took 0.042 seconds
[2025-08-27T21:51:50.545+0000] {processor.py:153} INFO - Started process (PID=24418) to work on /home/airflow/.local/lib/python3.7/site-packages/airflow/example_dags/tutorial_taskflow_api.py
[2025-08-27T21:51:50.546+0000] {processor.py:743} INFO - Processing file /home/airflow/.local/lib/python3.7/site-packages/airflow/example_dags/tutorial_taskflow_api.py for tasks to queue
[2025-08-27T21:51:50.547+0000] {logging_mixin.py:137} INFO - [2025-08-27T21:51:50.547+0000] {dagbag.py:538} INFO - Filling up the DagBag from /home/airflow/.local/lib/python3.7/site-packages/airflow/example_dags/tutorial_taskflow_api.py
[2025-08-27T21:51:50.557+0000] {processor.py:753} INFO - DAG(s) dict_keys(['tutorial_taskflow_api']) retrieved from /home/airflow/.local/lib/python3.7/site-packages/airflow/example_dags/tutorial_taskflow_api.py
[2025-08-27T21:51:50.569+0000] {logging_mixin.py:137} INFO - [2025-08-27T21:51:50.569+0000] {dag.py:2690} INFO - Sync 1 DAGs
[2025-08-27T21:51:50.578+0000] {logging_mixin.py:137} INFO - [2025-08-27T21:51:50.578+0000] {dag.py:3441} INFO - Setting next_dagrun for tutorial_taskflow_api to None, run_after=None
[2025-08-27T21:51:50.588+0000] {processor.py:175} INFO - Processing /home/airflow/.local/lib/python3.7/site-packages/airflow/example_dags/tutorial_taskflow_api.py took 0.045 seconds
[2025-08-27T23:29:06.536+0000] {processor.py:153} INFO - Started process (PID=24518) to work on /home/airflow/.local/lib/python3.7/site-packages/airflow/example_dags/tutorial_taskflow_api.py
[2025-08-27T23:29:06.536+0000] {processor.py:743} INFO - Processing file /home/airflow/.local/lib/python3.7/site-packages/airflow/example_dags/tutorial_taskflow_api.py for tasks to queue
[2025-08-27T23:29:06.537+0000] {logging_mixin.py:137} INFO - [2025-08-27T23:29:06.537+0000] {dagbag.py:538} INFO - Filling up the DagBag from /home/airflow/.local/lib/python3.7/site-packages/airflow/example_dags/tutorial_taskflow_api.py
[2025-08-27T23:29:06.549+0000] {processor.py:753} INFO - DAG(s) dict_keys(['tutorial_taskflow_api']) retrieved from /home/airflow/.local/lib/python3.7/site-packages/airflow/example_dags/tutorial_taskflow_api.py
[2025-08-27T23:29:06.560+0000] {logging_mixin.py:137} INFO - [2025-08-27T23:29:06.560+0000] {dag.py:2690} INFO - Sync 1 DAGs
[2025-08-27T23:29:06.571+0000] {logging_mixin.py:137} INFO - [2025-08-27T23:29:06.570+0000] {dag.py:3441} INFO - Setting next_dagrun for tutorial_taskflow_api to None, run_after=None
[2025-08-27T23:29:06.578+0000] {processor.py:175} INFO - Processing /home/airflow/.local/lib/python3.7/site-packages/airflow/example_dags/tutorial_taskflow_api.py took 0.045 seconds
