[2025-08-27T00:46:29.799+0000] {processor.py:153} INFO - Started process (PID=19509) to work on /home/airflow/.local/lib/python3.7/site-packages/airflow/example_dags/tutorial.py
[2025-08-27T00:46:29.800+0000] {processor.py:743} INFO - Processing file /home/airflow/.local/lib/python3.7/site-packages/airflow/example_dags/tutorial.py for tasks to queue
[2025-08-27T00:46:29.800+0000] {logging_mixin.py:137} INFO - [2025-08-27T00:46:29.800+0000] {dagbag.py:538} INFO - Filling up the DagBag from /home/airflow/.local/lib/python3.7/site-packages/airflow/example_dags/tutorial.py
[2025-08-27T00:46:29.810+0000] {processor.py:753} INFO - DAG(s) dict_keys(['tutorial']) retrieved from /home/airflow/.local/lib/python3.7/site-packages/airflow/example_dags/tutorial.py
[2025-08-27T00:46:29.821+0000] {logging_mixin.py:137} INFO - [2025-08-27T00:46:29.821+0000] {dag.py:2690} INFO - Sync 1 DAGs
[2025-08-27T00:46:29.832+0000] {logging_mixin.py:137} INFO - [2025-08-27T00:46:29.832+0000] {dag.py:3441} INFO - Setting next_dagrun for tutorial to 2025-08-26T00:46:29.832197+00:00, run_after=2025-08-27T00:46:29.832197+00:00
[2025-08-27T00:46:29.841+0000] {processor.py:175} INFO - Processing /home/airflow/.local/lib/python3.7/site-packages/airflow/example_dags/tutorial.py took 0.044 seconds
[2025-08-27T02:21:51.550+0000] {processor.py:153} INFO - Started process (PID=19589) to work on /home/airflow/.local/lib/python3.7/site-packages/airflow/example_dags/tutorial.py
[2025-08-27T02:21:51.550+0000] {processor.py:743} INFO - Processing file /home/airflow/.local/lib/python3.7/site-packages/airflow/example_dags/tutorial.py for tasks to queue
[2025-08-27T02:21:51.551+0000] {logging_mixin.py:137} INFO - [2025-08-27T02:21:51.551+0000] {dagbag.py:538} INFO - Filling up the DagBag from /home/airflow/.local/lib/python3.7/site-packages/airflow/example_dags/tutorial.py
[2025-08-27T02:21:51.557+0000] {processor.py:753} INFO - DAG(s) dict_keys(['tutorial']) retrieved from /home/airflow/.local/lib/python3.7/site-packages/airflow/example_dags/tutorial.py
[2025-08-27T02:21:51.568+0000] {logging_mixin.py:137} INFO - [2025-08-27T02:21:51.568+0000] {dag.py:2690} INFO - Sync 1 DAGs
[2025-08-27T02:21:51.578+0000] {logging_mixin.py:137} INFO - [2025-08-27T02:21:51.578+0000] {dag.py:3441} INFO - Setting next_dagrun for tutorial to 2025-08-26T02:21:51.578466+00:00, run_after=2025-08-27T02:21:51.578466+00:00
[2025-08-27T02:21:51.603+0000] {processor.py:175} INFO - Processing /home/airflow/.local/lib/python3.7/site-packages/airflow/example_dags/tutorial.py took 0.055 seconds
[2025-08-27T02:37:30.414+0000] {processor.py:153} INFO - Started process (PID=19689) to work on /home/airflow/.local/lib/python3.7/site-packages/airflow/example_dags/tutorial.py
[2025-08-27T02:37:30.414+0000] {processor.py:743} INFO - Processing file /home/airflow/.local/lib/python3.7/site-packages/airflow/example_dags/tutorial.py for tasks to queue
[2025-08-27T02:37:30.415+0000] {logging_mixin.py:137} INFO - [2025-08-27T02:37:30.415+0000] {dagbag.py:538} INFO - Filling up the DagBag from /home/airflow/.local/lib/python3.7/site-packages/airflow/example_dags/tutorial.py
[2025-08-27T02:37:30.428+0000] {processor.py:753} INFO - DAG(s) dict_keys(['tutorial']) retrieved from /home/airflow/.local/lib/python3.7/site-packages/airflow/example_dags/tutorial.py
[2025-08-27T02:37:30.443+0000] {logging_mixin.py:137} INFO - [2025-08-27T02:37:30.443+0000] {dag.py:2690} INFO - Sync 1 DAGs
[2025-08-27T02:37:30.455+0000] {logging_mixin.py:137} INFO - [2025-08-27T02:37:30.454+0000] {dag.py:3441} INFO - Setting next_dagrun for tutorial to 2025-08-26T02:37:30.454781+00:00, run_after=2025-08-27T02:37:30.454781+00:00
[2025-08-27T02:37:30.466+0000] {processor.py:175} INFO - Processing /home/airflow/.local/lib/python3.7/site-packages/airflow/example_dags/tutorial.py took 0.054 seconds
[2025-08-27T03:02:26.629+0000] {processor.py:153} INFO - Started process (PID=19789) to work on /home/airflow/.local/lib/python3.7/site-packages/airflow/example_dags/tutorial.py
[2025-08-27T03:02:26.629+0000] {processor.py:743} INFO - Processing file /home/airflow/.local/lib/python3.7/site-packages/airflow/example_dags/tutorial.py for tasks to queue
[2025-08-27T03:02:26.629+0000] {logging_mixin.py:137} INFO - [2025-08-27T03:02:26.629+0000] {dagbag.py:538} INFO - Filling up the DagBag from /home/airflow/.local/lib/python3.7/site-packages/airflow/example_dags/tutorial.py
[2025-08-27T03:02:26.636+0000] {processor.py:753} INFO - DAG(s) dict_keys(['tutorial']) retrieved from /home/airflow/.local/lib/python3.7/site-packages/airflow/example_dags/tutorial.py
[2025-08-27T03:02:26.647+0000] {logging_mixin.py:137} INFO - [2025-08-27T03:02:26.646+0000] {dag.py:2690} INFO - Sync 1 DAGs
[2025-08-27T03:02:26.656+0000] {logging_mixin.py:137} INFO - [2025-08-27T03:02:26.656+0000] {dag.py:3441} INFO - Setting next_dagrun for tutorial to 2025-08-26T03:02:26.656244+00:00, run_after=2025-08-27T03:02:26.656244+00:00
[2025-08-27T03:02:26.664+0000] {processor.py:175} INFO - Processing /home/airflow/.local/lib/python3.7/site-packages/airflow/example_dags/tutorial.py took 0.037 seconds
[2025-08-27T03:13:53.932+0000] {processor.py:153} INFO - Started process (PID=19888) to work on /home/airflow/.local/lib/python3.7/site-packages/airflow/example_dags/tutorial.py
[2025-08-27T03:13:53.934+0000] {processor.py:743} INFO - Processing file /home/airflow/.local/lib/python3.7/site-packages/airflow/example_dags/tutorial.py for tasks to queue
[2025-08-27T03:13:53.935+0000] {logging_mixin.py:137} INFO - [2025-08-27T03:13:53.935+0000] {dagbag.py:538} INFO - Filling up the DagBag from /home/airflow/.local/lib/python3.7/site-packages/airflow/example_dags/tutorial.py
[2025-08-27T03:13:53.941+0000] {processor.py:753} INFO - DAG(s) dict_keys(['tutorial']) retrieved from /home/airflow/.local/lib/python3.7/site-packages/airflow/example_dags/tutorial.py
[2025-08-27T03:13:53.951+0000] {logging_mixin.py:137} INFO - [2025-08-27T03:13:53.951+0000] {dag.py:2690} INFO - Sync 1 DAGs
[2025-08-27T03:13:53.961+0000] {logging_mixin.py:137} INFO - [2025-08-27T03:13:53.961+0000] {dag.py:3441} INFO - Setting next_dagrun for tutorial to 2025-08-26T03:13:53.961704+00:00, run_after=2025-08-27T03:13:53.961704+00:00
[2025-08-27T03:13:53.971+0000] {processor.py:175} INFO - Processing /home/airflow/.local/lib/python3.7/site-packages/airflow/example_dags/tutorial.py took 0.041 seconds
[2025-08-27T03:33:09.773+0000] {processor.py:153} INFO - Started process (PID=19968) to work on /home/airflow/.local/lib/python3.7/site-packages/airflow/example_dags/tutorial.py
[2025-08-27T03:33:09.774+0000] {processor.py:743} INFO - Processing file /home/airflow/.local/lib/python3.7/site-packages/airflow/example_dags/tutorial.py for tasks to queue
[2025-08-27T03:33:09.774+0000] {logging_mixin.py:137} INFO - [2025-08-27T03:33:09.774+0000] {dagbag.py:538} INFO - Filling up the DagBag from /home/airflow/.local/lib/python3.7/site-packages/airflow/example_dags/tutorial.py
[2025-08-27T03:33:09.782+0000] {processor.py:753} INFO - DAG(s) dict_keys(['tutorial']) retrieved from /home/airflow/.local/lib/python3.7/site-packages/airflow/example_dags/tutorial.py
[2025-08-27T03:33:09.801+0000] {logging_mixin.py:137} INFO - [2025-08-27T03:33:09.801+0000] {dag.py:2690} INFO - Sync 1 DAGs
[2025-08-27T03:33:09.936+0000] {logging_mixin.py:137} INFO - [2025-08-27T03:33:09.936+0000] {dag.py:3441} INFO - Setting next_dagrun for tutorial to 2025-08-26T03:33:09.936114+00:00, run_after=2025-08-27T03:33:09.936114+00:00
[2025-08-27T03:33:10.073+0000] {processor.py:175} INFO - Processing /home/airflow/.local/lib/python3.7/site-packages/airflow/example_dags/tutorial.py took 0.303 seconds
[2025-08-27T04:45:10.684+0000] {processor.py:153} INFO - Started process (PID=20068) to work on /home/airflow/.local/lib/python3.7/site-packages/airflow/example_dags/tutorial.py
[2025-08-27T04:45:10.688+0000] {processor.py:743} INFO - Processing file /home/airflow/.local/lib/python3.7/site-packages/airflow/example_dags/tutorial.py for tasks to queue
[2025-08-27T04:45:10.688+0000] {logging_mixin.py:137} INFO - [2025-08-27T04:45:10.688+0000] {dagbag.py:538} INFO - Filling up the DagBag from /home/airflow/.local/lib/python3.7/site-packages/airflow/example_dags/tutorial.py
[2025-08-27T04:45:10.696+0000] {processor.py:753} INFO - DAG(s) dict_keys(['tutorial']) retrieved from /home/airflow/.local/lib/python3.7/site-packages/airflow/example_dags/tutorial.py
[2025-08-27T04:45:10.706+0000] {logging_mixin.py:137} INFO - [2025-08-27T04:45:10.706+0000] {dag.py:2690} INFO - Sync 1 DAGs
[2025-08-27T04:45:10.718+0000] {logging_mixin.py:137} INFO - [2025-08-27T04:45:10.718+0000] {dag.py:3441} INFO - Setting next_dagrun for tutorial to 2025-08-26T04:45:10.718627+00:00, run_after=2025-08-27T04:45:10.718627+00:00
[2025-08-27T04:45:10.727+0000] {processor.py:175} INFO - Processing /home/airflow/.local/lib/python3.7/site-packages/airflow/example_dags/tutorial.py took 0.045 seconds
[2025-08-27T04:49:56.222+0000] {processor.py:153} INFO - Started process (PID=20168) to work on /home/airflow/.local/lib/python3.7/site-packages/airflow/example_dags/tutorial.py
[2025-08-27T04:49:56.222+0000] {processor.py:743} INFO - Processing file /home/airflow/.local/lib/python3.7/site-packages/airflow/example_dags/tutorial.py for tasks to queue
[2025-08-27T04:49:56.222+0000] {logging_mixin.py:137} INFO - [2025-08-27T04:49:56.222+0000] {dagbag.py:538} INFO - Filling up the DagBag from /home/airflow/.local/lib/python3.7/site-packages/airflow/example_dags/tutorial.py
[2025-08-27T04:49:56.230+0000] {processor.py:753} INFO - DAG(s) dict_keys(['tutorial']) retrieved from /home/airflow/.local/lib/python3.7/site-packages/airflow/example_dags/tutorial.py
[2025-08-27T04:49:56.240+0000] {logging_mixin.py:137} INFO - [2025-08-27T04:49:56.240+0000] {dag.py:2690} INFO - Sync 1 DAGs
[2025-08-27T04:49:56.250+0000] {logging_mixin.py:137} INFO - [2025-08-27T04:49:56.250+0000] {dag.py:3441} INFO - Setting next_dagrun for tutorial to 2025-08-26T04:49:56.250794+00:00, run_after=2025-08-27T04:49:56.250794+00:00
[2025-08-27T04:49:56.257+0000] {processor.py:175} INFO - Processing /home/airflow/.local/lib/python3.7/site-packages/airflow/example_dags/tutorial.py took 0.038 seconds
[2025-08-27T05:35:09.454+0000] {processor.py:153} INFO - Started process (PID=20255) to work on /home/airflow/.local/lib/python3.7/site-packages/airflow/example_dags/tutorial.py
[2025-08-27T05:35:09.454+0000] {processor.py:743} INFO - Processing file /home/airflow/.local/lib/python3.7/site-packages/airflow/example_dags/tutorial.py for tasks to queue
[2025-08-27T05:35:09.455+0000] {logging_mixin.py:137} INFO - [2025-08-27T05:35:09.455+0000] {dagbag.py:538} INFO - Filling up the DagBag from /home/airflow/.local/lib/python3.7/site-packages/airflow/example_dags/tutorial.py
[2025-08-27T05:35:09.468+0000] {processor.py:753} INFO - DAG(s) dict_keys(['tutorial']) retrieved from /home/airflow/.local/lib/python3.7/site-packages/airflow/example_dags/tutorial.py
[2025-08-27T05:35:09.486+0000] {logging_mixin.py:137} INFO - [2025-08-27T05:35:09.486+0000] {dag.py:2690} INFO - Sync 1 DAGs
[2025-08-27T05:35:09.497+0000] {logging_mixin.py:137} INFO - [2025-08-27T05:35:09.497+0000] {dag.py:3441} INFO - Setting next_dagrun for tutorial to 2025-08-26T05:35:09.496966+00:00, run_after=2025-08-27T05:35:09.496966+00:00
[2025-08-27T05:35:09.505+0000] {processor.py:175} INFO - Processing /home/airflow/.local/lib/python3.7/site-packages/airflow/example_dags/tutorial.py took 0.053 seconds
[2025-08-27T06:12:37.688+0000] {processor.py:153} INFO - Started process (PID=20348) to work on /home/airflow/.local/lib/python3.7/site-packages/airflow/example_dags/tutorial.py
[2025-08-27T06:12:37.688+0000] {processor.py:743} INFO - Processing file /home/airflow/.local/lib/python3.7/site-packages/airflow/example_dags/tutorial.py for tasks to queue
[2025-08-27T06:12:37.689+0000] {logging_mixin.py:137} INFO - [2025-08-27T06:12:37.688+0000] {dagbag.py:538} INFO - Filling up the DagBag from /home/airflow/.local/lib/python3.7/site-packages/airflow/example_dags/tutorial.py
[2025-08-27T06:12:37.695+0000] {processor.py:753} INFO - DAG(s) dict_keys(['tutorial']) retrieved from /home/airflow/.local/lib/python3.7/site-packages/airflow/example_dags/tutorial.py
[2025-08-27T06:12:37.710+0000] {logging_mixin.py:137} INFO - [2025-08-27T06:12:37.709+0000] {dag.py:2690} INFO - Sync 1 DAGs
[2025-08-27T06:12:37.720+0000] {logging_mixin.py:137} INFO - [2025-08-27T06:12:37.720+0000] {dag.py:3441} INFO - Setting next_dagrun for tutorial to 2025-08-26T06:12:37.719877+00:00, run_after=2025-08-27T06:12:37.719877+00:00
[2025-08-27T06:12:37.727+0000] {processor.py:175} INFO - Processing /home/airflow/.local/lib/python3.7/site-packages/airflow/example_dags/tutorial.py took 0.041 seconds
[2025-08-27T06:55:19.156+0000] {processor.py:153} INFO - Started process (PID=20448) to work on /home/airflow/.local/lib/python3.7/site-packages/airflow/example_dags/tutorial.py
[2025-08-27T06:55:19.157+0000] {processor.py:743} INFO - Processing file /home/airflow/.local/lib/python3.7/site-packages/airflow/example_dags/tutorial.py for tasks to queue
[2025-08-27T06:55:19.157+0000] {logging_mixin.py:137} INFO - [2025-08-27T06:55:19.157+0000] {dagbag.py:538} INFO - Filling up the DagBag from /home/airflow/.local/lib/python3.7/site-packages/airflow/example_dags/tutorial.py
[2025-08-27T06:55:19.163+0000] {processor.py:753} INFO - DAG(s) dict_keys(['tutorial']) retrieved from /home/airflow/.local/lib/python3.7/site-packages/airflow/example_dags/tutorial.py
[2025-08-27T06:55:19.293+0000] {logging_mixin.py:137} INFO - [2025-08-27T06:55:19.292+0000] {dag.py:2690} INFO - Sync 1 DAGs
[2025-08-27T06:55:19.314+0000] {logging_mixin.py:137} INFO - [2025-08-27T06:55:19.314+0000] {dag.py:3441} INFO - Setting next_dagrun for tutorial to 2025-08-26T06:55:19.313862+00:00, run_after=2025-08-27T06:55:19.313862+00:00
[2025-08-27T06:55:19.431+0000] {processor.py:175} INFO - Processing /home/airflow/.local/lib/python3.7/site-packages/airflow/example_dags/tutorial.py took 0.276 seconds
[2025-08-27T07:53:52.568+0000] {processor.py:153} INFO - Started process (PID=20548) to work on /home/airflow/.local/lib/python3.7/site-packages/airflow/example_dags/tutorial.py
[2025-08-27T07:53:52.569+0000] {processor.py:743} INFO - Processing file /home/airflow/.local/lib/python3.7/site-packages/airflow/example_dags/tutorial.py for tasks to queue
[2025-08-27T07:53:52.569+0000] {logging_mixin.py:137} INFO - [2025-08-27T07:53:52.569+0000] {dagbag.py:538} INFO - Filling up the DagBag from /home/airflow/.local/lib/python3.7/site-packages/airflow/example_dags/tutorial.py
[2025-08-27T07:53:52.575+0000] {processor.py:753} INFO - DAG(s) dict_keys(['tutorial']) retrieved from /home/airflow/.local/lib/python3.7/site-packages/airflow/example_dags/tutorial.py
[2025-08-27T07:53:52.586+0000] {logging_mixin.py:137} INFO - [2025-08-27T07:53:52.586+0000] {dag.py:2690} INFO - Sync 1 DAGs
[2025-08-27T07:53:52.596+0000] {logging_mixin.py:137} INFO - [2025-08-27T07:53:52.596+0000] {dag.py:3441} INFO - Setting next_dagrun for tutorial to 2025-08-26T07:53:52.596150+00:00, run_after=2025-08-27T07:53:52.596150+00:00
[2025-08-27T07:53:52.603+0000] {processor.py:175} INFO - Processing /home/airflow/.local/lib/python3.7/site-packages/airflow/example_dags/tutorial.py took 0.036 seconds
[2025-08-27T08:23:39.825+0000] {processor.py:153} INFO - Started process (PID=20628) to work on /home/airflow/.local/lib/python3.7/site-packages/airflow/example_dags/tutorial.py
[2025-08-27T08:23:39.825+0000] {processor.py:743} INFO - Processing file /home/airflow/.local/lib/python3.7/site-packages/airflow/example_dags/tutorial.py for tasks to queue
[2025-08-27T08:23:39.826+0000] {logging_mixin.py:137} INFO - [2025-08-27T08:23:39.826+0000] {dagbag.py:538} INFO - Filling up the DagBag from /home/airflow/.local/lib/python3.7/site-packages/airflow/example_dags/tutorial.py
[2025-08-27T08:23:39.831+0000] {processor.py:753} INFO - DAG(s) dict_keys(['tutorial']) retrieved from /home/airflow/.local/lib/python3.7/site-packages/airflow/example_dags/tutorial.py
[2025-08-27T08:23:39.842+0000] {logging_mixin.py:137} INFO - [2025-08-27T08:23:39.842+0000] {dag.py:2690} INFO - Sync 1 DAGs
[2025-08-27T08:23:39.852+0000] {logging_mixin.py:137} INFO - [2025-08-27T08:23:39.852+0000] {dag.py:3441} INFO - Setting next_dagrun for tutorial to 2025-08-26T08:23:39.852675+00:00, run_after=2025-08-27T08:23:39.852675+00:00
[2025-08-27T08:23:39.860+0000] {processor.py:175} INFO - Processing /home/airflow/.local/lib/python3.7/site-packages/airflow/example_dags/tutorial.py took 0.037 seconds
[2025-08-27T09:35:51.009+0000] {processor.py:153} INFO - Started process (PID=20728) to work on /home/airflow/.local/lib/python3.7/site-packages/airflow/example_dags/tutorial.py
[2025-08-27T09:35:51.010+0000] {processor.py:743} INFO - Processing file /home/airflow/.local/lib/python3.7/site-packages/airflow/example_dags/tutorial.py for tasks to queue
[2025-08-27T09:35:51.010+0000] {logging_mixin.py:137} INFO - [2025-08-27T09:35:51.010+0000] {dagbag.py:538} INFO - Filling up the DagBag from /home/airflow/.local/lib/python3.7/site-packages/airflow/example_dags/tutorial.py
[2025-08-27T09:35:51.016+0000] {processor.py:753} INFO - DAG(s) dict_keys(['tutorial']) retrieved from /home/airflow/.local/lib/python3.7/site-packages/airflow/example_dags/tutorial.py
[2025-08-27T09:35:51.027+0000] {logging_mixin.py:137} INFO - [2025-08-27T09:35:51.027+0000] {dag.py:2690} INFO - Sync 1 DAGs
[2025-08-27T09:35:51.036+0000] {logging_mixin.py:137} INFO - [2025-08-27T09:35:51.036+0000] {dag.py:3441} INFO - Setting next_dagrun for tutorial to 2025-08-26T09:35:51.036496+00:00, run_after=2025-08-27T09:35:51.036496+00:00
[2025-08-27T09:35:51.043+0000] {processor.py:175} INFO - Processing /home/airflow/.local/lib/python3.7/site-packages/airflow/example_dags/tutorial.py took 0.035 seconds
[2025-08-27T09:36:49.930+0000] {processor.py:153} INFO - Started process (PID=20828) to work on /home/airflow/.local/lib/python3.7/site-packages/airflow/example_dags/tutorial.py
[2025-08-27T09:36:49.930+0000] {processor.py:743} INFO - Processing file /home/airflow/.local/lib/python3.7/site-packages/airflow/example_dags/tutorial.py for tasks to queue
[2025-08-27T09:36:49.930+0000] {logging_mixin.py:137} INFO - [2025-08-27T09:36:49.930+0000] {dagbag.py:538} INFO - Filling up the DagBag from /home/airflow/.local/lib/python3.7/site-packages/airflow/example_dags/tutorial.py
[2025-08-27T09:36:49.936+0000] {processor.py:753} INFO - DAG(s) dict_keys(['tutorial']) retrieved from /home/airflow/.local/lib/python3.7/site-packages/airflow/example_dags/tutorial.py
[2025-08-27T09:36:49.948+0000] {logging_mixin.py:137} INFO - [2025-08-27T09:36:49.948+0000] {dag.py:2690} INFO - Sync 1 DAGs
[2025-08-27T09:36:49.957+0000] {logging_mixin.py:137} INFO - [2025-08-27T09:36:49.957+0000] {dag.py:3441} INFO - Setting next_dagrun for tutorial to 2025-08-26T09:36:49.957706+00:00, run_after=2025-08-27T09:36:49.957706+00:00
[2025-08-27T09:36:49.965+0000] {processor.py:175} INFO - Processing /home/airflow/.local/lib/python3.7/site-packages/airflow/example_dags/tutorial.py took 0.036 seconds
[2025-08-27T09:38:53.183+0000] {processor.py:153} INFO - Started process (PID=20928) to work on /home/airflow/.local/lib/python3.7/site-packages/airflow/example_dags/tutorial.py
[2025-08-27T09:38:53.183+0000] {processor.py:743} INFO - Processing file /home/airflow/.local/lib/python3.7/site-packages/airflow/example_dags/tutorial.py for tasks to queue
[2025-08-27T09:38:53.185+0000] {logging_mixin.py:137} INFO - [2025-08-27T09:38:53.185+0000] {dagbag.py:538} INFO - Filling up the DagBag from /home/airflow/.local/lib/python3.7/site-packages/airflow/example_dags/tutorial.py
[2025-08-27T09:38:53.192+0000] {processor.py:753} INFO - DAG(s) dict_keys(['tutorial']) retrieved from /home/airflow/.local/lib/python3.7/site-packages/airflow/example_dags/tutorial.py
[2025-08-27T09:38:53.203+0000] {logging_mixin.py:137} INFO - [2025-08-27T09:38:53.203+0000] {dag.py:2690} INFO - Sync 1 DAGs
[2025-08-27T09:38:53.214+0000] {logging_mixin.py:137} INFO - [2025-08-27T09:38:53.214+0000] {dag.py:3441} INFO - Setting next_dagrun for tutorial to 2025-08-26T09:38:53.213916+00:00, run_after=2025-08-27T09:38:53.213916+00:00
[2025-08-27T09:38:53.221+0000] {processor.py:175} INFO - Processing /home/airflow/.local/lib/python3.7/site-packages/airflow/example_dags/tutorial.py took 0.040 seconds
[2025-08-27T09:39:39.274+0000] {processor.py:153} INFO - Started process (PID=21008) to work on /home/airflow/.local/lib/python3.7/site-packages/airflow/example_dags/tutorial.py
[2025-08-27T09:39:39.274+0000] {processor.py:743} INFO - Processing file /home/airflow/.local/lib/python3.7/site-packages/airflow/example_dags/tutorial.py for tasks to queue
[2025-08-27T09:39:39.274+0000] {logging_mixin.py:137} INFO - [2025-08-27T09:39:39.274+0000] {dagbag.py:538} INFO - Filling up the DagBag from /home/airflow/.local/lib/python3.7/site-packages/airflow/example_dags/tutorial.py
[2025-08-27T09:39:39.281+0000] {processor.py:753} INFO - DAG(s) dict_keys(['tutorial']) retrieved from /home/airflow/.local/lib/python3.7/site-packages/airflow/example_dags/tutorial.py
[2025-08-27T09:39:39.291+0000] {logging_mixin.py:137} INFO - [2025-08-27T09:39:39.291+0000] {dag.py:2690} INFO - Sync 1 DAGs
[2025-08-27T09:39:39.301+0000] {logging_mixin.py:137} INFO - [2025-08-27T09:39:39.301+0000] {dag.py:3441} INFO - Setting next_dagrun for tutorial to 2025-08-26T09:39:39.301126+00:00, run_after=2025-08-27T09:39:39.301126+00:00
[2025-08-27T09:39:39.307+0000] {processor.py:175} INFO - Processing /home/airflow/.local/lib/python3.7/site-packages/airflow/example_dags/tutorial.py took 0.035 seconds
[2025-08-27T09:50:06.860+0000] {processor.py:153} INFO - Started process (PID=21108) to work on /home/airflow/.local/lib/python3.7/site-packages/airflow/example_dags/tutorial.py
[2025-08-27T09:50:06.860+0000] {processor.py:743} INFO - Processing file /home/airflow/.local/lib/python3.7/site-packages/airflow/example_dags/tutorial.py for tasks to queue
[2025-08-27T09:50:06.860+0000] {logging_mixin.py:137} INFO - [2025-08-27T09:50:06.860+0000] {dagbag.py:538} INFO - Filling up the DagBag from /home/airflow/.local/lib/python3.7/site-packages/airflow/example_dags/tutorial.py
[2025-08-27T09:50:06.867+0000] {processor.py:753} INFO - DAG(s) dict_keys(['tutorial']) retrieved from /home/airflow/.local/lib/python3.7/site-packages/airflow/example_dags/tutorial.py
[2025-08-27T09:50:06.877+0000] {logging_mixin.py:137} INFO - [2025-08-27T09:50:06.877+0000] {dag.py:2690} INFO - Sync 1 DAGs
[2025-08-27T09:50:06.888+0000] {logging_mixin.py:137} INFO - [2025-08-27T09:50:06.888+0000] {dag.py:3441} INFO - Setting next_dagrun for tutorial to 2025-08-26T09:50:06.888755+00:00, run_after=2025-08-27T09:50:06.888755+00:00
[2025-08-27T09:50:06.896+0000] {processor.py:175} INFO - Processing /home/airflow/.local/lib/python3.7/site-packages/airflow/example_dags/tutorial.py took 0.038 seconds
[2025-08-27T11:12:46.659+0000] {processor.py:153} INFO - Started process (PID=21208) to work on /home/airflow/.local/lib/python3.7/site-packages/airflow/example_dags/tutorial.py
[2025-08-27T11:12:46.659+0000] {processor.py:743} INFO - Processing file /home/airflow/.local/lib/python3.7/site-packages/airflow/example_dags/tutorial.py for tasks to queue
[2025-08-27T11:12:46.660+0000] {logging_mixin.py:137} INFO - [2025-08-27T11:12:46.660+0000] {dagbag.py:538} INFO - Filling up the DagBag from /home/airflow/.local/lib/python3.7/site-packages/airflow/example_dags/tutorial.py
[2025-08-27T11:12:46.669+0000] {processor.py:753} INFO - DAG(s) dict_keys(['tutorial']) retrieved from /home/airflow/.local/lib/python3.7/site-packages/airflow/example_dags/tutorial.py
[2025-08-27T11:12:46.681+0000] {logging_mixin.py:137} INFO - [2025-08-27T11:12:46.680+0000] {dag.py:2690} INFO - Sync 1 DAGs
[2025-08-27T11:12:46.690+0000] {logging_mixin.py:137} INFO - [2025-08-27T11:12:46.690+0000] {dag.py:3441} INFO - Setting next_dagrun for tutorial to 2025-08-26T11:12:46.690744+00:00, run_after=2025-08-27T11:12:46.690744+00:00
[2025-08-27T11:12:46.699+0000] {processor.py:175} INFO - Processing /home/airflow/.local/lib/python3.7/site-packages/airflow/example_dags/tutorial.py took 0.042 seconds
[2025-08-27T11:34:31.523+0000] {processor.py:153} INFO - Started process (PID=21288) to work on /home/airflow/.local/lib/python3.7/site-packages/airflow/example_dags/tutorial.py
[2025-08-27T11:34:31.523+0000] {processor.py:743} INFO - Processing file /home/airflow/.local/lib/python3.7/site-packages/airflow/example_dags/tutorial.py for tasks to queue
[2025-08-27T11:34:31.524+0000] {logging_mixin.py:137} INFO - [2025-08-27T11:34:31.524+0000] {dagbag.py:538} INFO - Filling up the DagBag from /home/airflow/.local/lib/python3.7/site-packages/airflow/example_dags/tutorial.py
[2025-08-27T11:34:31.531+0000] {processor.py:753} INFO - DAG(s) dict_keys(['tutorial']) retrieved from /home/airflow/.local/lib/python3.7/site-packages/airflow/example_dags/tutorial.py
[2025-08-27T11:34:31.542+0000] {logging_mixin.py:137} INFO - [2025-08-27T11:34:31.542+0000] {dag.py:2690} INFO - Sync 1 DAGs
[2025-08-27T11:34:31.551+0000] {logging_mixin.py:137} INFO - [2025-08-27T11:34:31.551+0000] {dag.py:3441} INFO - Setting next_dagrun for tutorial to 2025-08-26T11:34:31.551390+00:00, run_after=2025-08-27T11:34:31.551390+00:00
[2025-08-27T11:34:31.558+0000] {processor.py:175} INFO - Processing /home/airflow/.local/lib/python3.7/site-packages/airflow/example_dags/tutorial.py took 0.037 seconds
[2025-08-27T11:51:13.558+0000] {processor.py:153} INFO - Started process (PID=21388) to work on /home/airflow/.local/lib/python3.7/site-packages/airflow/example_dags/tutorial.py
[2025-08-27T11:51:13.559+0000] {processor.py:743} INFO - Processing file /home/airflow/.local/lib/python3.7/site-packages/airflow/example_dags/tutorial.py for tasks to queue
[2025-08-27T11:51:13.560+0000] {logging_mixin.py:137} INFO - [2025-08-27T11:51:13.560+0000] {dagbag.py:538} INFO - Filling up the DagBag from /home/airflow/.local/lib/python3.7/site-packages/airflow/example_dags/tutorial.py
[2025-08-27T11:51:13.570+0000] {processor.py:753} INFO - DAG(s) dict_keys(['tutorial']) retrieved from /home/airflow/.local/lib/python3.7/site-packages/airflow/example_dags/tutorial.py
[2025-08-27T11:51:13.586+0000] {logging_mixin.py:137} INFO - [2025-08-27T11:51:13.585+0000] {dag.py:2690} INFO - Sync 1 DAGs
[2025-08-27T11:51:13.602+0000] {logging_mixin.py:137} INFO - [2025-08-27T11:51:13.602+0000] {dag.py:3441} INFO - Setting next_dagrun for tutorial to 2025-08-26T11:51:13.601521+00:00, run_after=2025-08-27T11:51:13.601521+00:00
[2025-08-27T11:51:13.613+0000] {processor.py:175} INFO - Processing /home/airflow/.local/lib/python3.7/site-packages/airflow/example_dags/tutorial.py took 0.057 seconds
[2025-08-27T11:53:12.076+0000] {processor.py:153} INFO - Started process (PID=21488) to work on /home/airflow/.local/lib/python3.7/site-packages/airflow/example_dags/tutorial.py
[2025-08-27T11:53:12.077+0000] {processor.py:743} INFO - Processing file /home/airflow/.local/lib/python3.7/site-packages/airflow/example_dags/tutorial.py for tasks to queue
[2025-08-27T11:53:12.077+0000] {logging_mixin.py:137} INFO - [2025-08-27T11:53:12.077+0000] {dagbag.py:538} INFO - Filling up the DagBag from /home/airflow/.local/lib/python3.7/site-packages/airflow/example_dags/tutorial.py
[2025-08-27T11:53:12.083+0000] {processor.py:753} INFO - DAG(s) dict_keys(['tutorial']) retrieved from /home/airflow/.local/lib/python3.7/site-packages/airflow/example_dags/tutorial.py
[2025-08-27T11:53:12.094+0000] {logging_mixin.py:137} INFO - [2025-08-27T11:53:12.094+0000] {dag.py:2690} INFO - Sync 1 DAGs
[2025-08-27T11:53:12.106+0000] {logging_mixin.py:137} INFO - [2025-08-27T11:53:12.106+0000] {dag.py:3441} INFO - Setting next_dagrun for tutorial to 2025-08-26T11:53:12.106175+00:00, run_after=2025-08-27T11:53:12.106175+00:00
[2025-08-27T11:53:12.115+0000] {processor.py:175} INFO - Processing /home/airflow/.local/lib/python3.7/site-packages/airflow/example_dags/tutorial.py took 0.040 seconds
[2025-08-27T11:58:53.743+0000] {processor.py:153} INFO - Started process (PID=21588) to work on /home/airflow/.local/lib/python3.7/site-packages/airflow/example_dags/tutorial.py
[2025-08-27T11:58:53.744+0000] {processor.py:743} INFO - Processing file /home/airflow/.local/lib/python3.7/site-packages/airflow/example_dags/tutorial.py for tasks to queue
[2025-08-27T11:58:53.745+0000] {logging_mixin.py:137} INFO - [2025-08-27T11:58:53.745+0000] {dagbag.py:538} INFO - Filling up the DagBag from /home/airflow/.local/lib/python3.7/site-packages/airflow/example_dags/tutorial.py
[2025-08-27T11:58:53.756+0000] {processor.py:753} INFO - DAG(s) dict_keys(['tutorial']) retrieved from /home/airflow/.local/lib/python3.7/site-packages/airflow/example_dags/tutorial.py
[2025-08-27T11:58:53.777+0000] {logging_mixin.py:137} INFO - [2025-08-27T11:58:53.776+0000] {dag.py:2690} INFO - Sync 1 DAGs
[2025-08-27T11:58:53.796+0000] {logging_mixin.py:137} INFO - [2025-08-27T11:58:53.796+0000] {dag.py:3441} INFO - Setting next_dagrun for tutorial to 2025-08-26T11:58:53.796195+00:00, run_after=2025-08-27T11:58:53.796195+00:00
[2025-08-27T11:58:53.813+0000] {processor.py:175} INFO - Processing /home/airflow/.local/lib/python3.7/site-packages/airflow/example_dags/tutorial.py took 0.073 seconds
[2025-08-27T12:11:20.747+0000] {processor.py:153} INFO - Started process (PID=21668) to work on /home/airflow/.local/lib/python3.7/site-packages/airflow/example_dags/tutorial.py
[2025-08-27T12:11:20.747+0000] {processor.py:743} INFO - Processing file /home/airflow/.local/lib/python3.7/site-packages/airflow/example_dags/tutorial.py for tasks to queue
[2025-08-27T12:11:20.747+0000] {logging_mixin.py:137} INFO - [2025-08-27T12:11:20.747+0000] {dagbag.py:538} INFO - Filling up the DagBag from /home/airflow/.local/lib/python3.7/site-packages/airflow/example_dags/tutorial.py
[2025-08-27T12:11:20.753+0000] {processor.py:753} INFO - DAG(s) dict_keys(['tutorial']) retrieved from /home/airflow/.local/lib/python3.7/site-packages/airflow/example_dags/tutorial.py
[2025-08-27T12:11:20.765+0000] {logging_mixin.py:137} INFO - [2025-08-27T12:11:20.765+0000] {dag.py:2690} INFO - Sync 1 DAGs
[2025-08-27T12:11:20.777+0000] {logging_mixin.py:137} INFO - [2025-08-27T12:11:20.777+0000] {dag.py:3441} INFO - Setting next_dagrun for tutorial to 2025-08-26T12:11:20.776911+00:00, run_after=2025-08-27T12:11:20.776911+00:00
[2025-08-27T12:11:20.784+0000] {processor.py:175} INFO - Processing /home/airflow/.local/lib/python3.7/site-packages/airflow/example_dags/tutorial.py took 0.039 seconds
[2025-08-27T12:14:25.005+0000] {processor.py:153} INFO - Started process (PID=21768) to work on /home/airflow/.local/lib/python3.7/site-packages/airflow/example_dags/tutorial.py
[2025-08-27T12:14:25.006+0000] {processor.py:743} INFO - Processing file /home/airflow/.local/lib/python3.7/site-packages/airflow/example_dags/tutorial.py for tasks to queue
[2025-08-27T12:14:25.006+0000] {logging_mixin.py:137} INFO - [2025-08-27T12:14:25.006+0000] {dagbag.py:538} INFO - Filling up the DagBag from /home/airflow/.local/lib/python3.7/site-packages/airflow/example_dags/tutorial.py
[2025-08-27T12:14:25.012+0000] {processor.py:753} INFO - DAG(s) dict_keys(['tutorial']) retrieved from /home/airflow/.local/lib/python3.7/site-packages/airflow/example_dags/tutorial.py
[2025-08-27T12:14:25.021+0000] {logging_mixin.py:137} INFO - [2025-08-27T12:14:25.021+0000] {dag.py:2690} INFO - Sync 1 DAGs
[2025-08-27T12:14:25.030+0000] {logging_mixin.py:137} INFO - [2025-08-27T12:14:25.030+0000] {dag.py:3441} INFO - Setting next_dagrun for tutorial to 2025-08-26T12:14:25.030684+00:00, run_after=2025-08-27T12:14:25.030684+00:00
[2025-08-27T12:14:25.037+0000] {processor.py:175} INFO - Processing /home/airflow/.local/lib/python3.7/site-packages/airflow/example_dags/tutorial.py took 0.034 seconds
[2025-08-27T12:27:57.829+0000] {processor.py:153} INFO - Started process (PID=21868) to work on /home/airflow/.local/lib/python3.7/site-packages/airflow/example_dags/tutorial.py
[2025-08-27T12:27:57.830+0000] {processor.py:743} INFO - Processing file /home/airflow/.local/lib/python3.7/site-packages/airflow/example_dags/tutorial.py for tasks to queue
[2025-08-27T12:27:57.831+0000] {logging_mixin.py:137} INFO - [2025-08-27T12:27:57.831+0000] {dagbag.py:538} INFO - Filling up the DagBag from /home/airflow/.local/lib/python3.7/site-packages/airflow/example_dags/tutorial.py
[2025-08-27T12:27:57.841+0000] {processor.py:753} INFO - DAG(s) dict_keys(['tutorial']) retrieved from /home/airflow/.local/lib/python3.7/site-packages/airflow/example_dags/tutorial.py
[2025-08-27T12:27:57.856+0000] {logging_mixin.py:137} INFO - [2025-08-27T12:27:57.856+0000] {dag.py:2690} INFO - Sync 1 DAGs
[2025-08-27T12:27:57.868+0000] {logging_mixin.py:137} INFO - [2025-08-27T12:27:57.868+0000] {dag.py:3441} INFO - Setting next_dagrun for tutorial to 2025-08-26T12:27:57.868250+00:00, run_after=2025-08-27T12:27:57.868250+00:00
[2025-08-27T12:27:57.876+0000] {processor.py:175} INFO - Processing /home/airflow/.local/lib/python3.7/site-packages/airflow/example_dags/tutorial.py took 0.051 seconds
[2025-08-27T12:38:25.795+0000] {processor.py:153} INFO - Started process (PID=21948) to work on /home/airflow/.local/lib/python3.7/site-packages/airflow/example_dags/tutorial.py
[2025-08-27T12:38:25.795+0000] {processor.py:743} INFO - Processing file /home/airflow/.local/lib/python3.7/site-packages/airflow/example_dags/tutorial.py for tasks to queue
[2025-08-27T12:38:25.796+0000] {logging_mixin.py:137} INFO - [2025-08-27T12:38:25.795+0000] {dagbag.py:538} INFO - Filling up the DagBag from /home/airflow/.local/lib/python3.7/site-packages/airflow/example_dags/tutorial.py
[2025-08-27T12:38:25.802+0000] {processor.py:753} INFO - DAG(s) dict_keys(['tutorial']) retrieved from /home/airflow/.local/lib/python3.7/site-packages/airflow/example_dags/tutorial.py
[2025-08-27T12:38:25.819+0000] {logging_mixin.py:137} INFO - [2025-08-27T12:38:25.819+0000] {dag.py:2690} INFO - Sync 1 DAGs
[2025-08-27T12:38:25.832+0000] {logging_mixin.py:137} INFO - [2025-08-27T12:38:25.832+0000] {dag.py:3441} INFO - Setting next_dagrun for tutorial to 2025-08-26T12:38:25.832017+00:00, run_after=2025-08-27T12:38:25.832017+00:00
[2025-08-27T12:38:25.839+0000] {processor.py:175} INFO - Processing /home/airflow/.local/lib/python3.7/site-packages/airflow/example_dags/tutorial.py took 0.045 seconds
[2025-08-27T12:57:12.694+0000] {processor.py:153} INFO - Started process (PID=22048) to work on /home/airflow/.local/lib/python3.7/site-packages/airflow/example_dags/tutorial.py
[2025-08-27T12:57:12.696+0000] {processor.py:743} INFO - Processing file /home/airflow/.local/lib/python3.7/site-packages/airflow/example_dags/tutorial.py for tasks to queue
[2025-08-27T12:57:12.697+0000] {logging_mixin.py:137} INFO - [2025-08-27T12:57:12.697+0000] {dagbag.py:538} INFO - Filling up the DagBag from /home/airflow/.local/lib/python3.7/site-packages/airflow/example_dags/tutorial.py
[2025-08-27T12:57:12.708+0000] {processor.py:753} INFO - DAG(s) dict_keys(['tutorial']) retrieved from /home/airflow/.local/lib/python3.7/site-packages/airflow/example_dags/tutorial.py
[2025-08-27T12:57:12.720+0000] {logging_mixin.py:137} INFO - [2025-08-27T12:57:12.720+0000] {dag.py:2690} INFO - Sync 1 DAGs
[2025-08-27T12:57:12.733+0000] {logging_mixin.py:137} INFO - [2025-08-27T12:57:12.733+0000] {dag.py:3441} INFO - Setting next_dagrun for tutorial to 2025-08-26T12:57:12.733464+00:00, run_after=2025-08-27T12:57:12.733464+00:00
[2025-08-27T12:57:12.743+0000] {processor.py:175} INFO - Processing /home/airflow/.local/lib/python3.7/site-packages/airflow/example_dags/tutorial.py took 0.052 seconds
[2025-08-27T12:57:43.139+0000] {processor.py:153} INFO - Started process (PID=22148) to work on /home/airflow/.local/lib/python3.7/site-packages/airflow/example_dags/tutorial.py
[2025-08-27T12:57:43.140+0000] {processor.py:743} INFO - Processing file /home/airflow/.local/lib/python3.7/site-packages/airflow/example_dags/tutorial.py for tasks to queue
[2025-08-27T12:57:43.140+0000] {logging_mixin.py:137} INFO - [2025-08-27T12:57:43.140+0000] {dagbag.py:538} INFO - Filling up the DagBag from /home/airflow/.local/lib/python3.7/site-packages/airflow/example_dags/tutorial.py
[2025-08-27T12:57:43.146+0000] {processor.py:753} INFO - DAG(s) dict_keys(['tutorial']) retrieved from /home/airflow/.local/lib/python3.7/site-packages/airflow/example_dags/tutorial.py
[2025-08-27T12:57:43.156+0000] {logging_mixin.py:137} INFO - [2025-08-27T12:57:43.155+0000] {dag.py:2690} INFO - Sync 1 DAGs
[2025-08-27T12:57:43.164+0000] {logging_mixin.py:137} INFO - [2025-08-27T12:57:43.164+0000] {dag.py:3441} INFO - Setting next_dagrun for tutorial to 2025-08-26T12:57:43.164563+00:00, run_after=2025-08-27T12:57:43.164563+00:00
[2025-08-27T12:57:43.172+0000] {processor.py:175} INFO - Processing /home/airflow/.local/lib/python3.7/site-packages/airflow/example_dags/tutorial.py took 0.034 seconds
[2025-08-27T13:27:11.019+0000] {processor.py:153} INFO - Started process (PID=22248) to work on /home/airflow/.local/lib/python3.7/site-packages/airflow/example_dags/tutorial.py
[2025-08-27T13:27:11.020+0000] {processor.py:743} INFO - Processing file /home/airflow/.local/lib/python3.7/site-packages/airflow/example_dags/tutorial.py for tasks to queue
[2025-08-27T13:27:11.020+0000] {logging_mixin.py:137} INFO - [2025-08-27T13:27:11.020+0000] {dagbag.py:538} INFO - Filling up the DagBag from /home/airflow/.local/lib/python3.7/site-packages/airflow/example_dags/tutorial.py
[2025-08-27T13:27:11.029+0000] {processor.py:753} INFO - DAG(s) dict_keys(['tutorial']) retrieved from /home/airflow/.local/lib/python3.7/site-packages/airflow/example_dags/tutorial.py
[2025-08-27T13:27:11.046+0000] {logging_mixin.py:137} INFO - [2025-08-27T13:27:11.046+0000] {dag.py:2690} INFO - Sync 1 DAGs
[2025-08-27T13:27:11.061+0000] {logging_mixin.py:137} INFO - [2025-08-27T13:27:11.061+0000] {dag.py:3441} INFO - Setting next_dagrun for tutorial to 2025-08-26T13:27:11.061691+00:00, run_after=2025-08-27T13:27:11.061691+00:00
[2025-08-27T13:27:11.070+0000] {processor.py:175} INFO - Processing /home/airflow/.local/lib/python3.7/site-packages/airflow/example_dags/tutorial.py took 0.053 seconds
[2025-08-27T13:30:13.075+0000] {processor.py:153} INFO - Started process (PID=22328) to work on /home/airflow/.local/lib/python3.7/site-packages/airflow/example_dags/tutorial.py
[2025-08-27T13:30:13.076+0000] {processor.py:743} INFO - Processing file /home/airflow/.local/lib/python3.7/site-packages/airflow/example_dags/tutorial.py for tasks to queue
[2025-08-27T13:30:13.076+0000] {logging_mixin.py:137} INFO - [2025-08-27T13:30:13.076+0000] {dagbag.py:538} INFO - Filling up the DagBag from /home/airflow/.local/lib/python3.7/site-packages/airflow/example_dags/tutorial.py
[2025-08-27T13:30:13.083+0000] {processor.py:753} INFO - DAG(s) dict_keys(['tutorial']) retrieved from /home/airflow/.local/lib/python3.7/site-packages/airflow/example_dags/tutorial.py
[2025-08-27T13:30:13.094+0000] {logging_mixin.py:137} INFO - [2025-08-27T13:30:13.094+0000] {dag.py:2690} INFO - Sync 1 DAGs
[2025-08-27T13:30:13.105+0000] {logging_mixin.py:137} INFO - [2025-08-27T13:30:13.105+0000] {dag.py:3441} INFO - Setting next_dagrun for tutorial to 2025-08-26T13:30:13.105225+00:00, run_after=2025-08-27T13:30:13.105225+00:00
[2025-08-27T13:30:13.115+0000] {processor.py:175} INFO - Processing /home/airflow/.local/lib/python3.7/site-packages/airflow/example_dags/tutorial.py took 0.041 seconds
[2025-08-27T13:37:07.169+0000] {processor.py:153} INFO - Started process (PID=22428) to work on /home/airflow/.local/lib/python3.7/site-packages/airflow/example_dags/tutorial.py
[2025-08-27T13:37:07.171+0000] {processor.py:743} INFO - Processing file /home/airflow/.local/lib/python3.7/site-packages/airflow/example_dags/tutorial.py for tasks to queue
[2025-08-27T13:37:07.172+0000] {logging_mixin.py:137} INFO - [2025-08-27T13:37:07.172+0000] {dagbag.py:538} INFO - Filling up the DagBag from /home/airflow/.local/lib/python3.7/site-packages/airflow/example_dags/tutorial.py
[2025-08-27T13:37:07.179+0000] {processor.py:753} INFO - DAG(s) dict_keys(['tutorial']) retrieved from /home/airflow/.local/lib/python3.7/site-packages/airflow/example_dags/tutorial.py
[2025-08-27T13:37:07.192+0000] {logging_mixin.py:137} INFO - [2025-08-27T13:37:07.192+0000] {dag.py:2690} INFO - Sync 1 DAGs
[2025-08-27T13:37:07.203+0000] {logging_mixin.py:137} INFO - [2025-08-27T13:37:07.203+0000] {dag.py:3441} INFO - Setting next_dagrun for tutorial to 2025-08-26T13:37:07.203297+00:00, run_after=2025-08-27T13:37:07.203297+00:00
[2025-08-27T13:37:07.210+0000] {processor.py:175} INFO - Processing /home/airflow/.local/lib/python3.7/site-packages/airflow/example_dags/tutorial.py took 0.043 seconds
[2025-08-27T13:51:01.741+0000] {processor.py:153} INFO - Started process (PID=22528) to work on /home/airflow/.local/lib/python3.7/site-packages/airflow/example_dags/tutorial.py
[2025-08-27T13:51:01.741+0000] {processor.py:743} INFO - Processing file /home/airflow/.local/lib/python3.7/site-packages/airflow/example_dags/tutorial.py for tasks to queue
[2025-08-27T13:51:01.741+0000] {logging_mixin.py:137} INFO - [2025-08-27T13:51:01.741+0000] {dagbag.py:538} INFO - Filling up the DagBag from /home/airflow/.local/lib/python3.7/site-packages/airflow/example_dags/tutorial.py
[2025-08-27T13:51:01.747+0000] {processor.py:753} INFO - DAG(s) dict_keys(['tutorial']) retrieved from /home/airflow/.local/lib/python3.7/site-packages/airflow/example_dags/tutorial.py
[2025-08-27T13:51:01.757+0000] {logging_mixin.py:137} INFO - [2025-08-27T13:51:01.757+0000] {dag.py:2690} INFO - Sync 1 DAGs
[2025-08-27T13:51:01.767+0000] {logging_mixin.py:137} INFO - [2025-08-27T13:51:01.767+0000] {dag.py:3441} INFO - Setting next_dagrun for tutorial to 2025-08-26T13:51:01.767530+00:00, run_after=2025-08-27T13:51:01.767530+00:00
[2025-08-27T13:51:01.773+0000] {processor.py:175} INFO - Processing /home/airflow/.local/lib/python3.7/site-packages/airflow/example_dags/tutorial.py took 0.034 seconds
[2025-08-27T14:01:06.404+0000] {processor.py:153} INFO - Started process (PID=22617) to work on /home/airflow/.local/lib/python3.7/site-packages/airflow/example_dags/tutorial.py
[2025-08-27T14:01:06.404+0000] {processor.py:743} INFO - Processing file /home/airflow/.local/lib/python3.7/site-packages/airflow/example_dags/tutorial.py for tasks to queue
[2025-08-27T14:01:06.405+0000] {logging_mixin.py:137} INFO - [2025-08-27T14:01:06.404+0000] {dagbag.py:538} INFO - Filling up the DagBag from /home/airflow/.local/lib/python3.7/site-packages/airflow/example_dags/tutorial.py
[2025-08-27T14:01:06.411+0000] {processor.py:753} INFO - DAG(s) dict_keys(['tutorial']) retrieved from /home/airflow/.local/lib/python3.7/site-packages/airflow/example_dags/tutorial.py
[2025-08-27T14:01:06.422+0000] {logging_mixin.py:137} INFO - [2025-08-27T14:01:06.422+0000] {dag.py:2690} INFO - Sync 1 DAGs
[2025-08-27T14:01:06.433+0000] {logging_mixin.py:137} INFO - [2025-08-27T14:01:06.433+0000] {dag.py:3441} INFO - Setting next_dagrun for tutorial to 2025-08-26T14:01:06.433052+00:00, run_after=2025-08-27T14:01:06.433052+00:00
[2025-08-27T14:01:06.441+0000] {processor.py:175} INFO - Processing /home/airflow/.local/lib/python3.7/site-packages/airflow/example_dags/tutorial.py took 0.039 seconds
[2025-08-27T14:41:12.779+0000] {processor.py:153} INFO - Started process (PID=22708) to work on /home/airflow/.local/lib/python3.7/site-packages/airflow/example_dags/tutorial.py
[2025-08-27T14:41:12.779+0000] {processor.py:743} INFO - Processing file /home/airflow/.local/lib/python3.7/site-packages/airflow/example_dags/tutorial.py for tasks to queue
[2025-08-27T14:41:12.779+0000] {logging_mixin.py:137} INFO - [2025-08-27T14:41:12.779+0000] {dagbag.py:538} INFO - Filling up the DagBag from /home/airflow/.local/lib/python3.7/site-packages/airflow/example_dags/tutorial.py
[2025-08-27T14:41:12.788+0000] {processor.py:753} INFO - DAG(s) dict_keys(['tutorial']) retrieved from /home/airflow/.local/lib/python3.7/site-packages/airflow/example_dags/tutorial.py
[2025-08-27T14:41:12.800+0000] {logging_mixin.py:137} INFO - [2025-08-27T14:41:12.800+0000] {dag.py:2690} INFO - Sync 1 DAGs
[2025-08-27T14:41:12.812+0000] {logging_mixin.py:137} INFO - [2025-08-27T14:41:12.812+0000] {dag.py:3441} INFO - Setting next_dagrun for tutorial to 2025-08-26T14:41:12.812033+00:00, run_after=2025-08-27T14:41:12.812033+00:00
[2025-08-27T14:41:12.820+0000] {processor.py:175} INFO - Processing /home/airflow/.local/lib/python3.7/site-packages/airflow/example_dags/tutorial.py took 0.044 seconds
[2025-08-27T14:43:54.763+0000] {processor.py:153} INFO - Started process (PID=22808) to work on /home/airflow/.local/lib/python3.7/site-packages/airflow/example_dags/tutorial.py
[2025-08-27T14:43:54.764+0000] {processor.py:743} INFO - Processing file /home/airflow/.local/lib/python3.7/site-packages/airflow/example_dags/tutorial.py for tasks to queue
[2025-08-27T14:43:54.765+0000] {logging_mixin.py:137} INFO - [2025-08-27T14:43:54.765+0000] {dagbag.py:538} INFO - Filling up the DagBag from /home/airflow/.local/lib/python3.7/site-packages/airflow/example_dags/tutorial.py
[2025-08-27T14:43:54.771+0000] {processor.py:753} INFO - DAG(s) dict_keys(['tutorial']) retrieved from /home/airflow/.local/lib/python3.7/site-packages/airflow/example_dags/tutorial.py
[2025-08-27T14:43:54.782+0000] {logging_mixin.py:137} INFO - [2025-08-27T14:43:54.782+0000] {dag.py:2690} INFO - Sync 1 DAGs
[2025-08-27T14:43:54.794+0000] {logging_mixin.py:137} INFO - [2025-08-27T14:43:54.794+0000] {dag.py:3441} INFO - Setting next_dagrun for tutorial to 2025-08-26T14:43:54.794218+00:00, run_after=2025-08-27T14:43:54.794218+00:00
[2025-08-27T14:43:54.802+0000] {processor.py:175} INFO - Processing /home/airflow/.local/lib/python3.7/site-packages/airflow/example_dags/tutorial.py took 0.040 seconds
[2025-08-27T14:54:31.908+0000] {processor.py:153} INFO - Started process (PID=22908) to work on /home/airflow/.local/lib/python3.7/site-packages/airflow/example_dags/tutorial.py
[2025-08-27T14:54:31.909+0000] {processor.py:743} INFO - Processing file /home/airflow/.local/lib/python3.7/site-packages/airflow/example_dags/tutorial.py for tasks to queue
[2025-08-27T14:54:31.909+0000] {logging_mixin.py:137} INFO - [2025-08-27T14:54:31.909+0000] {dagbag.py:538} INFO - Filling up the DagBag from /home/airflow/.local/lib/python3.7/site-packages/airflow/example_dags/tutorial.py
[2025-08-27T14:54:31.916+0000] {processor.py:753} INFO - DAG(s) dict_keys(['tutorial']) retrieved from /home/airflow/.local/lib/python3.7/site-packages/airflow/example_dags/tutorial.py
[2025-08-27T14:54:31.928+0000] {logging_mixin.py:137} INFO - [2025-08-27T14:54:31.927+0000] {dag.py:2690} INFO - Sync 1 DAGs
[2025-08-27T14:54:31.938+0000] {logging_mixin.py:137} INFO - [2025-08-27T14:54:31.938+0000] {dag.py:3441} INFO - Setting next_dagrun for tutorial to 2025-08-26T14:54:31.938455+00:00, run_after=2025-08-27T14:54:31.938455+00:00
[2025-08-27T14:54:31.946+0000] {processor.py:175} INFO - Processing /home/airflow/.local/lib/python3.7/site-packages/airflow/example_dags/tutorial.py took 0.040 seconds
[2025-08-27T15:01:39.496+0000] {processor.py:153} INFO - Started process (PID=22988) to work on /home/airflow/.local/lib/python3.7/site-packages/airflow/example_dags/tutorial.py
[2025-08-27T15:01:39.497+0000] {processor.py:743} INFO - Processing file /home/airflow/.local/lib/python3.7/site-packages/airflow/example_dags/tutorial.py for tasks to queue
[2025-08-27T15:01:39.497+0000] {logging_mixin.py:137} INFO - [2025-08-27T15:01:39.497+0000] {dagbag.py:538} INFO - Filling up the DagBag from /home/airflow/.local/lib/python3.7/site-packages/airflow/example_dags/tutorial.py
[2025-08-27T15:01:39.508+0000] {processor.py:753} INFO - DAG(s) dict_keys(['tutorial']) retrieved from /home/airflow/.local/lib/python3.7/site-packages/airflow/example_dags/tutorial.py
[2025-08-27T15:01:39.519+0000] {logging_mixin.py:137} INFO - [2025-08-27T15:01:39.519+0000] {dag.py:2690} INFO - Sync 1 DAGs
[2025-08-27T15:01:39.528+0000] {logging_mixin.py:137} INFO - [2025-08-27T15:01:39.528+0000] {dag.py:3441} INFO - Setting next_dagrun for tutorial to 2025-08-26T15:01:39.527931+00:00, run_after=2025-08-27T15:01:39.527931+00:00
[2025-08-27T15:01:39.541+0000] {processor.py:175} INFO - Processing /home/airflow/.local/lib/python3.7/site-packages/airflow/example_dags/tutorial.py took 0.046 seconds
[2025-08-27T15:08:09.951+0000] {processor.py:153} INFO - Started process (PID=23088) to work on /home/airflow/.local/lib/python3.7/site-packages/airflow/example_dags/tutorial.py
[2025-08-27T15:08:09.952+0000] {processor.py:743} INFO - Processing file /home/airflow/.local/lib/python3.7/site-packages/airflow/example_dags/tutorial.py for tasks to queue
[2025-08-27T15:08:09.954+0000] {logging_mixin.py:137} INFO - [2025-08-27T15:08:09.954+0000] {dagbag.py:538} INFO - Filling up the DagBag from /home/airflow/.local/lib/python3.7/site-packages/airflow/example_dags/tutorial.py
[2025-08-27T15:08:09.961+0000] {processor.py:753} INFO - DAG(s) dict_keys(['tutorial']) retrieved from /home/airflow/.local/lib/python3.7/site-packages/airflow/example_dags/tutorial.py
[2025-08-27T15:08:09.977+0000] {logging_mixin.py:137} INFO - [2025-08-27T15:08:09.976+0000] {dag.py:2690} INFO - Sync 1 DAGs
[2025-08-27T15:08:09.992+0000] {logging_mixin.py:137} INFO - [2025-08-27T15:08:09.992+0000] {dag.py:3441} INFO - Setting next_dagrun for tutorial to 2025-08-26T15:08:09.992228+00:00, run_after=2025-08-27T15:08:09.992228+00:00
[2025-08-27T15:08:10.015+0000] {processor.py:175} INFO - Processing /home/airflow/.local/lib/python3.7/site-packages/airflow/example_dags/tutorial.py took 0.066 seconds
[2025-08-27T15:18:52.600+0000] {processor.py:153} INFO - Started process (PID=23188) to work on /home/airflow/.local/lib/python3.7/site-packages/airflow/example_dags/tutorial.py
[2025-08-27T15:18:52.601+0000] {processor.py:743} INFO - Processing file /home/airflow/.local/lib/python3.7/site-packages/airflow/example_dags/tutorial.py for tasks to queue
[2025-08-27T15:18:52.601+0000] {logging_mixin.py:137} INFO - [2025-08-27T15:18:52.601+0000] {dagbag.py:538} INFO - Filling up the DagBag from /home/airflow/.local/lib/python3.7/site-packages/airflow/example_dags/tutorial.py
[2025-08-27T15:18:52.611+0000] {processor.py:753} INFO - DAG(s) dict_keys(['tutorial']) retrieved from /home/airflow/.local/lib/python3.7/site-packages/airflow/example_dags/tutorial.py
[2025-08-27T15:18:52.628+0000] {logging_mixin.py:137} INFO - [2025-08-27T15:18:52.628+0000] {dag.py:2690} INFO - Sync 1 DAGs
[2025-08-27T15:18:52.643+0000] {logging_mixin.py:137} INFO - [2025-08-27T15:18:52.643+0000] {dag.py:3441} INFO - Setting next_dagrun for tutorial to 2025-08-26T15:18:52.643445+00:00, run_after=2025-08-27T15:18:52.643445+00:00
[2025-08-27T15:18:52.653+0000] {processor.py:175} INFO - Processing /home/airflow/.local/lib/python3.7/site-packages/airflow/example_dags/tutorial.py took 0.055 seconds
[2025-08-27T15:19:37.049+0000] {processor.py:153} INFO - Started process (PID=23268) to work on /home/airflow/.local/lib/python3.7/site-packages/airflow/example_dags/tutorial.py
[2025-08-27T15:19:37.050+0000] {processor.py:743} INFO - Processing file /home/airflow/.local/lib/python3.7/site-packages/airflow/example_dags/tutorial.py for tasks to queue
[2025-08-27T15:19:37.050+0000] {logging_mixin.py:137} INFO - [2025-08-27T15:19:37.050+0000] {dagbag.py:538} INFO - Filling up the DagBag from /home/airflow/.local/lib/python3.7/site-packages/airflow/example_dags/tutorial.py
[2025-08-27T15:19:37.057+0000] {processor.py:753} INFO - DAG(s) dict_keys(['tutorial']) retrieved from /home/airflow/.local/lib/python3.7/site-packages/airflow/example_dags/tutorial.py
[2025-08-27T15:19:37.068+0000] {logging_mixin.py:137} INFO - [2025-08-27T15:19:37.068+0000] {dag.py:2690} INFO - Sync 1 DAGs
[2025-08-27T15:19:37.079+0000] {logging_mixin.py:137} INFO - [2025-08-27T15:19:37.078+0000] {dag.py:3441} INFO - Setting next_dagrun for tutorial to 2025-08-26T15:19:37.078793+00:00, run_after=2025-08-27T15:19:37.078793+00:00
[2025-08-27T15:19:37.085+0000] {processor.py:175} INFO - Processing /home/airflow/.local/lib/python3.7/site-packages/airflow/example_dags/tutorial.py took 0.038 seconds
[2025-08-27T15:21:53.096+0000] {processor.py:153} INFO - Started process (PID=23368) to work on /home/airflow/.local/lib/python3.7/site-packages/airflow/example_dags/tutorial.py
[2025-08-27T15:21:53.096+0000] {processor.py:743} INFO - Processing file /home/airflow/.local/lib/python3.7/site-packages/airflow/example_dags/tutorial.py for tasks to queue
[2025-08-27T15:21:53.096+0000] {logging_mixin.py:137} INFO - [2025-08-27T15:21:53.096+0000] {dagbag.py:538} INFO - Filling up the DagBag from /home/airflow/.local/lib/python3.7/site-packages/airflow/example_dags/tutorial.py
[2025-08-27T15:21:53.102+0000] {processor.py:753} INFO - DAG(s) dict_keys(['tutorial']) retrieved from /home/airflow/.local/lib/python3.7/site-packages/airflow/example_dags/tutorial.py
[2025-08-27T15:21:53.113+0000] {logging_mixin.py:137} INFO - [2025-08-27T15:21:53.113+0000] {dag.py:2690} INFO - Sync 1 DAGs
[2025-08-27T15:21:53.122+0000] {logging_mixin.py:137} INFO - [2025-08-27T15:21:53.122+0000] {dag.py:3441} INFO - Setting next_dagrun for tutorial to 2025-08-26T15:21:53.122369+00:00, run_after=2025-08-27T15:21:53.122369+00:00
[2025-08-27T15:21:53.129+0000] {processor.py:175} INFO - Processing /home/airflow/.local/lib/python3.7/site-packages/airflow/example_dags/tutorial.py took 0.035 seconds
[2025-08-27T15:25:59.305+0000] {processor.py:153} INFO - Started process (PID=23468) to work on /home/airflow/.local/lib/python3.7/site-packages/airflow/example_dags/tutorial.py
[2025-08-27T15:25:59.306+0000] {processor.py:743} INFO - Processing file /home/airflow/.local/lib/python3.7/site-packages/airflow/example_dags/tutorial.py for tasks to queue
[2025-08-27T15:25:59.306+0000] {logging_mixin.py:137} INFO - [2025-08-27T15:25:59.306+0000] {dagbag.py:538} INFO - Filling up the DagBag from /home/airflow/.local/lib/python3.7/site-packages/airflow/example_dags/tutorial.py
[2025-08-27T15:25:59.314+0000] {processor.py:753} INFO - DAG(s) dict_keys(['tutorial']) retrieved from /home/airflow/.local/lib/python3.7/site-packages/airflow/example_dags/tutorial.py
[2025-08-27T15:25:59.326+0000] {logging_mixin.py:137} INFO - [2025-08-27T15:25:59.326+0000] {dag.py:2690} INFO - Sync 1 DAGs
[2025-08-27T15:25:59.337+0000] {logging_mixin.py:137} INFO - [2025-08-27T15:25:59.337+0000] {dag.py:3441} INFO - Setting next_dagrun for tutorial to 2025-08-26T15:25:59.337139+00:00, run_after=2025-08-27T15:25:59.337139+00:00
[2025-08-27T15:25:59.344+0000] {processor.py:175} INFO - Processing /home/airflow/.local/lib/python3.7/site-packages/airflow/example_dags/tutorial.py took 0.040 seconds
[2025-08-27T16:00:40.474+0000] {processor.py:153} INFO - Started process (PID=23568) to work on /home/airflow/.local/lib/python3.7/site-packages/airflow/example_dags/tutorial.py
[2025-08-27T16:00:40.475+0000] {processor.py:743} INFO - Processing file /home/airflow/.local/lib/python3.7/site-packages/airflow/example_dags/tutorial.py for tasks to queue
[2025-08-27T16:00:40.475+0000] {logging_mixin.py:137} INFO - [2025-08-27T16:00:40.475+0000] {dagbag.py:538} INFO - Filling up the DagBag from /home/airflow/.local/lib/python3.7/site-packages/airflow/example_dags/tutorial.py
[2025-08-27T16:00:40.487+0000] {processor.py:753} INFO - DAG(s) dict_keys(['tutorial']) retrieved from /home/airflow/.local/lib/python3.7/site-packages/airflow/example_dags/tutorial.py
[2025-08-27T16:00:40.507+0000] {logging_mixin.py:137} INFO - [2025-08-27T16:00:40.507+0000] {dag.py:2690} INFO - Sync 1 DAGs
[2025-08-27T16:00:40.518+0000] {logging_mixin.py:137} INFO - [2025-08-27T16:00:40.518+0000] {dag.py:3441} INFO - Setting next_dagrun for tutorial to 2025-08-26T16:00:40.518328+00:00, run_after=2025-08-27T16:00:40.518328+00:00
[2025-08-27T16:00:40.524+0000] {processor.py:175} INFO - Processing /home/airflow/.local/lib/python3.7/site-packages/airflow/example_dags/tutorial.py took 0.052 seconds
[2025-08-27T16:14:53.262+0000] {processor.py:153} INFO - Started process (PID=23648) to work on /home/airflow/.local/lib/python3.7/site-packages/airflow/example_dags/tutorial.py
[2025-08-27T16:14:53.265+0000] {processor.py:743} INFO - Processing file /home/airflow/.local/lib/python3.7/site-packages/airflow/example_dags/tutorial.py for tasks to queue
[2025-08-27T16:14:53.266+0000] {logging_mixin.py:137} INFO - [2025-08-27T16:14:53.266+0000] {dagbag.py:538} INFO - Filling up the DagBag from /home/airflow/.local/lib/python3.7/site-packages/airflow/example_dags/tutorial.py
[2025-08-27T16:14:53.272+0000] {processor.py:753} INFO - DAG(s) dict_keys(['tutorial']) retrieved from /home/airflow/.local/lib/python3.7/site-packages/airflow/example_dags/tutorial.py
[2025-08-27T16:14:53.283+0000] {logging_mixin.py:137} INFO - [2025-08-27T16:14:53.283+0000] {dag.py:2690} INFO - Sync 1 DAGs
[2025-08-27T16:14:53.293+0000] {logging_mixin.py:137} INFO - [2025-08-27T16:14:53.293+0000] {dag.py:3441} INFO - Setting next_dagrun for tutorial to 2025-08-26T16:14:53.292957+00:00, run_after=2025-08-27T16:14:53.292957+00:00
[2025-08-27T16:14:53.303+0000] {processor.py:175} INFO - Processing /home/airflow/.local/lib/python3.7/site-packages/airflow/example_dags/tutorial.py took 0.043 seconds
[2025-08-27T16:23:10.629+0000] {processor.py:153} INFO - Started process (PID=23748) to work on /home/airflow/.local/lib/python3.7/site-packages/airflow/example_dags/tutorial.py
[2025-08-27T16:23:10.630+0000] {processor.py:743} INFO - Processing file /home/airflow/.local/lib/python3.7/site-packages/airflow/example_dags/tutorial.py for tasks to queue
[2025-08-27T16:23:10.630+0000] {logging_mixin.py:137} INFO - [2025-08-27T16:23:10.630+0000] {dagbag.py:538} INFO - Filling up the DagBag from /home/airflow/.local/lib/python3.7/site-packages/airflow/example_dags/tutorial.py
[2025-08-27T16:23:10.637+0000] {processor.py:753} INFO - DAG(s) dict_keys(['tutorial']) retrieved from /home/airflow/.local/lib/python3.7/site-packages/airflow/example_dags/tutorial.py
[2025-08-27T16:23:10.649+0000] {logging_mixin.py:137} INFO - [2025-08-27T16:23:10.648+0000] {dag.py:2690} INFO - Sync 1 DAGs
[2025-08-27T16:23:10.660+0000] {logging_mixin.py:137} INFO - [2025-08-27T16:23:10.660+0000] {dag.py:3441} INFO - Setting next_dagrun for tutorial to 2025-08-26T16:23:10.660301+00:00, run_after=2025-08-27T16:23:10.660301+00:00
[2025-08-27T16:23:10.669+0000] {processor.py:175} INFO - Processing /home/airflow/.local/lib/python3.7/site-packages/airflow/example_dags/tutorial.py took 0.041 seconds
[2025-08-27T16:24:54.236+0000] {processor.py:153} INFO - Started process (PID=23848) to work on /home/airflow/.local/lib/python3.7/site-packages/airflow/example_dags/tutorial.py
[2025-08-27T16:24:54.236+0000] {processor.py:743} INFO - Processing file /home/airflow/.local/lib/python3.7/site-packages/airflow/example_dags/tutorial.py for tasks to queue
[2025-08-27T16:24:54.237+0000] {logging_mixin.py:137} INFO - [2025-08-27T16:24:54.237+0000] {dagbag.py:538} INFO - Filling up the DagBag from /home/airflow/.local/lib/python3.7/site-packages/airflow/example_dags/tutorial.py
[2025-08-27T16:24:54.244+0000] {processor.py:753} INFO - DAG(s) dict_keys(['tutorial']) retrieved from /home/airflow/.local/lib/python3.7/site-packages/airflow/example_dags/tutorial.py
[2025-08-27T16:24:54.255+0000] {logging_mixin.py:137} INFO - [2025-08-27T16:24:54.254+0000] {dag.py:2690} INFO - Sync 1 DAGs
[2025-08-27T16:24:54.264+0000] {logging_mixin.py:137} INFO - [2025-08-27T16:24:54.264+0000] {dag.py:3441} INFO - Setting next_dagrun for tutorial to 2025-08-26T16:24:54.264784+00:00, run_after=2025-08-27T16:24:54.264784+00:00
[2025-08-27T16:24:54.272+0000] {processor.py:175} INFO - Processing /home/airflow/.local/lib/python3.7/site-packages/airflow/example_dags/tutorial.py took 0.038 seconds
[2025-08-27T16:30:07.848+0000] {processor.py:153} INFO - Started process (PID=23948) to work on /home/airflow/.local/lib/python3.7/site-packages/airflow/example_dags/tutorial.py
[2025-08-27T16:30:07.848+0000] {processor.py:743} INFO - Processing file /home/airflow/.local/lib/python3.7/site-packages/airflow/example_dags/tutorial.py for tasks to queue
[2025-08-27T16:30:07.849+0000] {logging_mixin.py:137} INFO - [2025-08-27T16:30:07.849+0000] {dagbag.py:538} INFO - Filling up the DagBag from /home/airflow/.local/lib/python3.7/site-packages/airflow/example_dags/tutorial.py
[2025-08-27T16:30:07.855+0000] {processor.py:753} INFO - DAG(s) dict_keys(['tutorial']) retrieved from /home/airflow/.local/lib/python3.7/site-packages/airflow/example_dags/tutorial.py
[2025-08-27T16:30:07.865+0000] {logging_mixin.py:137} INFO - [2025-08-27T16:30:07.865+0000] {dag.py:2690} INFO - Sync 1 DAGs
[2025-08-27T16:30:07.875+0000] {logging_mixin.py:137} INFO - [2025-08-27T16:30:07.875+0000] {dag.py:3441} INFO - Setting next_dagrun for tutorial to 2025-08-26T16:30:07.874922+00:00, run_after=2025-08-27T16:30:07.874922+00:00
[2025-08-27T16:30:07.881+0000] {processor.py:175} INFO - Processing /home/airflow/.local/lib/python3.7/site-packages/airflow/example_dags/tutorial.py took 0.035 seconds
[2025-08-27T16:44:03.226+0000] {processor.py:153} INFO - Started process (PID=24028) to work on /home/airflow/.local/lib/python3.7/site-packages/airflow/example_dags/tutorial.py
[2025-08-27T16:44:03.226+0000] {processor.py:743} INFO - Processing file /home/airflow/.local/lib/python3.7/site-packages/airflow/example_dags/tutorial.py for tasks to queue
[2025-08-27T16:44:03.227+0000] {logging_mixin.py:137} INFO - [2025-08-27T16:44:03.227+0000] {dagbag.py:538} INFO - Filling up the DagBag from /home/airflow/.local/lib/python3.7/site-packages/airflow/example_dags/tutorial.py
[2025-08-27T16:44:03.235+0000] {processor.py:753} INFO - DAG(s) dict_keys(['tutorial']) retrieved from /home/airflow/.local/lib/python3.7/site-packages/airflow/example_dags/tutorial.py
[2025-08-27T16:44:03.249+0000] {logging_mixin.py:137} INFO - [2025-08-27T16:44:03.249+0000] {dag.py:2690} INFO - Sync 1 DAGs
[2025-08-27T16:44:03.260+0000] {logging_mixin.py:137} INFO - [2025-08-27T16:44:03.260+0000] {dag.py:3441} INFO - Setting next_dagrun for tutorial to 2025-08-26T16:44:03.260324+00:00, run_after=2025-08-27T16:44:03.260324+00:00
[2025-08-27T16:44:03.268+0000] {processor.py:175} INFO - Processing /home/airflow/.local/lib/python3.7/site-packages/airflow/example_dags/tutorial.py took 0.043 seconds
[2025-08-27T18:19:17.714+0000] {processor.py:153} INFO - Started process (PID=24128) to work on /home/airflow/.local/lib/python3.7/site-packages/airflow/example_dags/tutorial.py
[2025-08-27T18:19:17.714+0000] {processor.py:743} INFO - Processing file /home/airflow/.local/lib/python3.7/site-packages/airflow/example_dags/tutorial.py for tasks to queue
[2025-08-27T18:19:17.715+0000] {logging_mixin.py:137} INFO - [2025-08-27T18:19:17.715+0000] {dagbag.py:538} INFO - Filling up the DagBag from /home/airflow/.local/lib/python3.7/site-packages/airflow/example_dags/tutorial.py
[2025-08-27T18:19:17.721+0000] {processor.py:753} INFO - DAG(s) dict_keys(['tutorial']) retrieved from /home/airflow/.local/lib/python3.7/site-packages/airflow/example_dags/tutorial.py
[2025-08-27T18:19:17.732+0000] {logging_mixin.py:137} INFO - [2025-08-27T18:19:17.732+0000] {dag.py:2690} INFO - Sync 1 DAGs
[2025-08-27T18:19:17.742+0000] {logging_mixin.py:137} INFO - [2025-08-27T18:19:17.742+0000] {dag.py:3441} INFO - Setting next_dagrun for tutorial to 2025-08-26T18:19:17.742360+00:00, run_after=2025-08-27T18:19:17.742360+00:00
[2025-08-27T18:19:17.749+0000] {processor.py:175} INFO - Processing /home/airflow/.local/lib/python3.7/site-packages/airflow/example_dags/tutorial.py took 0.037 seconds
[2025-08-27T19:39:50.298+0000] {processor.py:153} INFO - Started process (PID=24228) to work on /home/airflow/.local/lib/python3.7/site-packages/airflow/example_dags/tutorial.py
[2025-08-27T19:39:50.298+0000] {processor.py:743} INFO - Processing file /home/airflow/.local/lib/python3.7/site-packages/airflow/example_dags/tutorial.py for tasks to queue
[2025-08-27T19:39:50.298+0000] {logging_mixin.py:137} INFO - [2025-08-27T19:39:50.298+0000] {dagbag.py:538} INFO - Filling up the DagBag from /home/airflow/.local/lib/python3.7/site-packages/airflow/example_dags/tutorial.py
[2025-08-27T19:39:50.305+0000] {processor.py:753} INFO - DAG(s) dict_keys(['tutorial']) retrieved from /home/airflow/.local/lib/python3.7/site-packages/airflow/example_dags/tutorial.py
[2025-08-27T19:39:50.317+0000] {logging_mixin.py:137} INFO - [2025-08-27T19:39:50.317+0000] {dag.py:2690} INFO - Sync 1 DAGs
[2025-08-27T19:39:50.328+0000] {logging_mixin.py:137} INFO - [2025-08-27T19:39:50.328+0000] {dag.py:3441} INFO - Setting next_dagrun for tutorial to 2025-08-26T19:39:50.328016+00:00, run_after=2025-08-27T19:39:50.328016+00:00
[2025-08-27T19:39:50.335+0000] {processor.py:175} INFO - Processing /home/airflow/.local/lib/python3.7/site-packages/airflow/example_dags/tutorial.py took 0.039 seconds
[2025-08-27T21:01:25.195+0000] {processor.py:153} INFO - Started process (PID=24308) to work on /home/airflow/.local/lib/python3.7/site-packages/airflow/example_dags/tutorial.py
[2025-08-27T21:01:25.196+0000] {processor.py:743} INFO - Processing file /home/airflow/.local/lib/python3.7/site-packages/airflow/example_dags/tutorial.py for tasks to queue
[2025-08-27T21:01:25.196+0000] {logging_mixin.py:137} INFO - [2025-08-27T21:01:25.196+0000] {dagbag.py:538} INFO - Filling up the DagBag from /home/airflow/.local/lib/python3.7/site-packages/airflow/example_dags/tutorial.py
[2025-08-27T21:01:25.204+0000] {processor.py:753} INFO - DAG(s) dict_keys(['tutorial']) retrieved from /home/airflow/.local/lib/python3.7/site-packages/airflow/example_dags/tutorial.py
[2025-08-27T21:01:25.220+0000] {logging_mixin.py:137} INFO - [2025-08-27T21:01:25.220+0000] {dag.py:2690} INFO - Sync 1 DAGs
[2025-08-27T21:01:25.235+0000] {logging_mixin.py:137} INFO - [2025-08-27T21:01:25.235+0000] {dag.py:3441} INFO - Setting next_dagrun for tutorial to 2025-08-26T21:01:25.235595+00:00, run_after=2025-08-27T21:01:25.235595+00:00
[2025-08-27T21:01:25.244+0000] {processor.py:175} INFO - Processing /home/airflow/.local/lib/python3.7/site-packages/airflow/example_dags/tutorial.py took 0.051 seconds
[2025-08-27T21:51:50.218+0000] {processor.py:153} INFO - Started process (PID=24408) to work on /home/airflow/.local/lib/python3.7/site-packages/airflow/example_dags/tutorial.py
[2025-08-27T21:51:50.219+0000] {processor.py:743} INFO - Processing file /home/airflow/.local/lib/python3.7/site-packages/airflow/example_dags/tutorial.py for tasks to queue
[2025-08-27T21:51:50.219+0000] {logging_mixin.py:137} INFO - [2025-08-27T21:51:50.219+0000] {dagbag.py:538} INFO - Filling up the DagBag from /home/airflow/.local/lib/python3.7/site-packages/airflow/example_dags/tutorial.py
[2025-08-27T21:51:50.225+0000] {processor.py:753} INFO - DAG(s) dict_keys(['tutorial']) retrieved from /home/airflow/.local/lib/python3.7/site-packages/airflow/example_dags/tutorial.py
[2025-08-27T21:51:50.237+0000] {logging_mixin.py:137} INFO - [2025-08-27T21:51:50.237+0000] {dag.py:2690} INFO - Sync 1 DAGs
[2025-08-27T21:51:50.247+0000] {logging_mixin.py:137} INFO - [2025-08-27T21:51:50.247+0000] {dag.py:3441} INFO - Setting next_dagrun for tutorial to 2025-08-26T21:51:50.247807+00:00, run_after=2025-08-27T21:51:50.247807+00:00
[2025-08-27T21:51:50.255+0000] {processor.py:175} INFO - Processing /home/airflow/.local/lib/python3.7/site-packages/airflow/example_dags/tutorial.py took 0.038 seconds
[2025-08-27T23:29:06.127+0000] {processor.py:153} INFO - Started process (PID=24508) to work on /home/airflow/.local/lib/python3.7/site-packages/airflow/example_dags/tutorial.py
[2025-08-27T23:29:06.128+0000] {processor.py:743} INFO - Processing file /home/airflow/.local/lib/python3.7/site-packages/airflow/example_dags/tutorial.py for tasks to queue
[2025-08-27T23:29:06.128+0000] {logging_mixin.py:137} INFO - [2025-08-27T23:29:06.128+0000] {dagbag.py:538} INFO - Filling up the DagBag from /home/airflow/.local/lib/python3.7/site-packages/airflow/example_dags/tutorial.py
[2025-08-27T23:29:06.137+0000] {processor.py:753} INFO - DAG(s) dict_keys(['tutorial']) retrieved from /home/airflow/.local/lib/python3.7/site-packages/airflow/example_dags/tutorial.py
[2025-08-27T23:29:06.153+0000] {logging_mixin.py:137} INFO - [2025-08-27T23:29:06.153+0000] {dag.py:2690} INFO - Sync 1 DAGs
[2025-08-27T23:29:06.167+0000] {logging_mixin.py:137} INFO - [2025-08-27T23:29:06.167+0000] {dag.py:3441} INFO - Setting next_dagrun for tutorial to 2025-08-26T23:29:06.167227+00:00, run_after=2025-08-27T23:29:06.167227+00:00
[2025-08-27T23:29:06.176+0000] {processor.py:175} INFO - Processing /home/airflow/.local/lib/python3.7/site-packages/airflow/example_dags/tutorial.py took 0.052 seconds
