[2025-08-27T00:46:30.315+0000] {processor.py:153} INFO - Started process (PID=19524) to work on /home/airflow/.local/lib/python3.7/site-packages/airflow/example_dags/tutorial_dag.py
[2025-08-27T00:46:30.316+0000] {processor.py:743} INFO - Processing file /home/airflow/.local/lib/python3.7/site-packages/airflow/example_dags/tutorial_dag.py for tasks to queue
[2025-08-27T00:46:30.317+0000] {logging_mixin.py:137} INFO - [2025-08-27T00:46:30.317+0000] {dagbag.py:538} INFO - Filling up the DagBag from /home/airflow/.local/lib/python3.7/site-packages/airflow/example_dags/tutorial_dag.py
[2025-08-27T00:46:30.325+0000] {processor.py:753} INFO - DAG(s) dict_keys(['tutorial_dag']) retrieved from /home/airflow/.local/lib/python3.7/site-packages/airflow/example_dags/tutorial_dag.py
[2025-08-27T00:46:30.336+0000] {logging_mixin.py:137} INFO - [2025-08-27T00:46:30.336+0000] {dag.py:2690} INFO - Sync 1 DAGs
[2025-08-27T00:46:30.346+0000] {logging_mixin.py:137} INFO - [2025-08-27T00:46:30.346+0000] {dag.py:3441} INFO - Setting next_dagrun for tutorial_dag to None, run_after=None
[2025-08-27T00:46:30.353+0000] {processor.py:175} INFO - Processing /home/airflow/.local/lib/python3.7/site-packages/airflow/example_dags/tutorial_dag.py took 0.040 seconds
[2025-08-27T02:21:52.231+0000] {processor.py:153} INFO - Started process (PID=19613) to work on /home/airflow/.local/lib/python3.7/site-packages/airflow/example_dags/tutorial_dag.py
[2025-08-27T02:21:52.231+0000] {processor.py:743} INFO - Processing file /home/airflow/.local/lib/python3.7/site-packages/airflow/example_dags/tutorial_dag.py for tasks to queue
[2025-08-27T02:21:52.232+0000] {logging_mixin.py:137} INFO - [2025-08-27T02:21:52.232+0000] {dagbag.py:538} INFO - Filling up the DagBag from /home/airflow/.local/lib/python3.7/site-packages/airflow/example_dags/tutorial_dag.py
[2025-08-27T02:21:52.239+0000] {processor.py:753} INFO - DAG(s) dict_keys(['tutorial_dag']) retrieved from /home/airflow/.local/lib/python3.7/site-packages/airflow/example_dags/tutorial_dag.py
[2025-08-27T02:21:52.254+0000] {logging_mixin.py:137} INFO - [2025-08-27T02:21:52.254+0000] {dag.py:2690} INFO - Sync 1 DAGs
[2025-08-27T02:21:52.267+0000] {logging_mixin.py:137} INFO - [2025-08-27T02:21:52.267+0000] {dag.py:3441} INFO - Setting next_dagrun for tutorial_dag to None, run_after=None
[2025-08-27T02:21:52.277+0000] {processor.py:175} INFO - Processing /home/airflow/.local/lib/python3.7/site-packages/airflow/example_dags/tutorial_dag.py took 0.049 seconds
[2025-08-27T02:37:30.991+0000] {processor.py:153} INFO - Started process (PID=19704) to work on /home/airflow/.local/lib/python3.7/site-packages/airflow/example_dags/tutorial_dag.py
[2025-08-27T02:37:30.992+0000] {processor.py:743} INFO - Processing file /home/airflow/.local/lib/python3.7/site-packages/airflow/example_dags/tutorial_dag.py for tasks to queue
[2025-08-27T02:37:30.992+0000] {logging_mixin.py:137} INFO - [2025-08-27T02:37:30.992+0000] {dagbag.py:538} INFO - Filling up the DagBag from /home/airflow/.local/lib/python3.7/site-packages/airflow/example_dags/tutorial_dag.py
[2025-08-27T02:37:30.998+0000] {processor.py:753} INFO - DAG(s) dict_keys(['tutorial_dag']) retrieved from /home/airflow/.local/lib/python3.7/site-packages/airflow/example_dags/tutorial_dag.py
[2025-08-27T02:37:31.010+0000] {logging_mixin.py:137} INFO - [2025-08-27T02:37:31.010+0000] {dag.py:2690} INFO - Sync 1 DAGs
[2025-08-27T02:37:31.020+0000] {logging_mixin.py:137} INFO - [2025-08-27T02:37:31.020+0000] {dag.py:3441} INFO - Setting next_dagrun for tutorial_dag to None, run_after=None
[2025-08-27T02:37:31.029+0000] {processor.py:175} INFO - Processing /home/airflow/.local/lib/python3.7/site-packages/airflow/example_dags/tutorial_dag.py took 0.039 seconds
[2025-08-27T03:02:27.230+0000] {processor.py:153} INFO - Started process (PID=19804) to work on /home/airflow/.local/lib/python3.7/site-packages/airflow/example_dags/tutorial_dag.py
[2025-08-27T03:02:27.231+0000] {processor.py:743} INFO - Processing file /home/airflow/.local/lib/python3.7/site-packages/airflow/example_dags/tutorial_dag.py for tasks to queue
[2025-08-27T03:02:27.231+0000] {logging_mixin.py:137} INFO - [2025-08-27T03:02:27.231+0000] {dagbag.py:538} INFO - Filling up the DagBag from /home/airflow/.local/lib/python3.7/site-packages/airflow/example_dags/tutorial_dag.py
[2025-08-27T03:02:27.238+0000] {processor.py:753} INFO - DAG(s) dict_keys(['tutorial_dag']) retrieved from /home/airflow/.local/lib/python3.7/site-packages/airflow/example_dags/tutorial_dag.py
[2025-08-27T03:02:27.249+0000] {logging_mixin.py:137} INFO - [2025-08-27T03:02:27.249+0000] {dag.py:2690} INFO - Sync 1 DAGs
[2025-08-27T03:02:27.260+0000] {logging_mixin.py:137} INFO - [2025-08-27T03:02:27.260+0000] {dag.py:3441} INFO - Setting next_dagrun for tutorial_dag to None, run_after=None
[2025-08-27T03:02:27.270+0000] {processor.py:175} INFO - Processing /home/airflow/.local/lib/python3.7/site-packages/airflow/example_dags/tutorial_dag.py took 0.042 seconds
[2025-08-27T03:13:54.335+0000] {processor.py:153} INFO - Started process (PID=19903) to work on /home/airflow/.local/lib/python3.7/site-packages/airflow/example_dags/tutorial_dag.py
[2025-08-27T03:13:54.335+0000] {processor.py:743} INFO - Processing file /home/airflow/.local/lib/python3.7/site-packages/airflow/example_dags/tutorial_dag.py for tasks to queue
[2025-08-27T03:13:54.335+0000] {logging_mixin.py:137} INFO - [2025-08-27T03:13:54.335+0000] {dagbag.py:538} INFO - Filling up the DagBag from /home/airflow/.local/lib/python3.7/site-packages/airflow/example_dags/tutorial_dag.py
[2025-08-27T03:13:54.341+0000] {processor.py:753} INFO - DAG(s) dict_keys(['tutorial_dag']) retrieved from /home/airflow/.local/lib/python3.7/site-packages/airflow/example_dags/tutorial_dag.py
[2025-08-27T03:13:54.353+0000] {logging_mixin.py:137} INFO - [2025-08-27T03:13:54.353+0000] {dag.py:2690} INFO - Sync 1 DAGs
[2025-08-27T03:13:54.364+0000] {logging_mixin.py:137} INFO - [2025-08-27T03:13:54.364+0000] {dag.py:3441} INFO - Setting next_dagrun for tutorial_dag to None, run_after=None
[2025-08-27T03:13:54.372+0000] {processor.py:175} INFO - Processing /home/airflow/.local/lib/python3.7/site-packages/airflow/example_dags/tutorial_dag.py took 0.039 seconds
[2025-08-27T03:33:10.554+0000] {processor.py:153} INFO - Started process (PID=19983) to work on /home/airflow/.local/lib/python3.7/site-packages/airflow/example_dags/tutorial_dag.py
[2025-08-27T03:33:10.555+0000] {processor.py:743} INFO - Processing file /home/airflow/.local/lib/python3.7/site-packages/airflow/example_dags/tutorial_dag.py for tasks to queue
[2025-08-27T03:33:10.555+0000] {logging_mixin.py:137} INFO - [2025-08-27T03:33:10.555+0000] {dagbag.py:538} INFO - Filling up the DagBag from /home/airflow/.local/lib/python3.7/site-packages/airflow/example_dags/tutorial_dag.py
[2025-08-27T03:33:10.565+0000] {processor.py:753} INFO - DAG(s) dict_keys(['tutorial_dag']) retrieved from /home/airflow/.local/lib/python3.7/site-packages/airflow/example_dags/tutorial_dag.py
[2025-08-27T03:33:10.576+0000] {logging_mixin.py:137} INFO - [2025-08-27T03:33:10.576+0000] {dag.py:2690} INFO - Sync 1 DAGs
[2025-08-27T03:33:10.588+0000] {logging_mixin.py:137} INFO - [2025-08-27T03:33:10.588+0000] {dag.py:3441} INFO - Setting next_dagrun for tutorial_dag to None, run_after=None
[2025-08-27T03:33:10.599+0000] {processor.py:175} INFO - Processing /home/airflow/.local/lib/python3.7/site-packages/airflow/example_dags/tutorial_dag.py took 0.047 seconds
[2025-08-27T04:45:11.143+0000] {processor.py:153} INFO - Started process (PID=20083) to work on /home/airflow/.local/lib/python3.7/site-packages/airflow/example_dags/tutorial_dag.py
[2025-08-27T04:45:11.145+0000] {processor.py:743} INFO - Processing file /home/airflow/.local/lib/python3.7/site-packages/airflow/example_dags/tutorial_dag.py for tasks to queue
[2025-08-27T04:45:11.145+0000] {logging_mixin.py:137} INFO - [2025-08-27T04:45:11.145+0000] {dagbag.py:538} INFO - Filling up the DagBag from /home/airflow/.local/lib/python3.7/site-packages/airflow/example_dags/tutorial_dag.py
[2025-08-27T04:45:11.151+0000] {processor.py:753} INFO - DAG(s) dict_keys(['tutorial_dag']) retrieved from /home/airflow/.local/lib/python3.7/site-packages/airflow/example_dags/tutorial_dag.py
[2025-08-27T04:45:11.165+0000] {logging_mixin.py:137} INFO - [2025-08-27T04:45:11.165+0000] {dag.py:2690} INFO - Sync 1 DAGs
[2025-08-27T04:45:11.175+0000] {logging_mixin.py:137} INFO - [2025-08-27T04:45:11.175+0000] {dag.py:3441} INFO - Setting next_dagrun for tutorial_dag to None, run_after=None
[2025-08-27T04:45:11.204+0000] {processor.py:175} INFO - Processing /home/airflow/.local/lib/python3.7/site-packages/airflow/example_dags/tutorial_dag.py took 0.063 seconds
[2025-08-27T04:49:56.620+0000] {processor.py:153} INFO - Started process (PID=20183) to work on /home/airflow/.local/lib/python3.7/site-packages/airflow/example_dags/tutorial_dag.py
[2025-08-27T04:49:56.621+0000] {processor.py:743} INFO - Processing file /home/airflow/.local/lib/python3.7/site-packages/airflow/example_dags/tutorial_dag.py for tasks to queue
[2025-08-27T04:49:56.621+0000] {logging_mixin.py:137} INFO - [2025-08-27T04:49:56.621+0000] {dagbag.py:538} INFO - Filling up the DagBag from /home/airflow/.local/lib/python3.7/site-packages/airflow/example_dags/tutorial_dag.py
[2025-08-27T04:49:56.630+0000] {processor.py:753} INFO - DAG(s) dict_keys(['tutorial_dag']) retrieved from /home/airflow/.local/lib/python3.7/site-packages/airflow/example_dags/tutorial_dag.py
[2025-08-27T04:49:56.641+0000] {logging_mixin.py:137} INFO - [2025-08-27T04:49:56.641+0000] {dag.py:2690} INFO - Sync 1 DAGs
[2025-08-27T04:49:56.652+0000] {logging_mixin.py:137} INFO - [2025-08-27T04:49:56.652+0000] {dag.py:3441} INFO - Setting next_dagrun for tutorial_dag to None, run_after=None
[2025-08-27T04:49:56.661+0000] {processor.py:175} INFO - Processing /home/airflow/.local/lib/python3.7/site-packages/airflow/example_dags/tutorial_dag.py took 0.042 seconds
[2025-08-27T05:35:10.031+0000] {processor.py:153} INFO - Started process (PID=20283) to work on /home/airflow/.local/lib/python3.7/site-packages/airflow/example_dags/tutorial_dag.py
[2025-08-27T05:35:10.032+0000] {processor.py:743} INFO - Processing file /home/airflow/.local/lib/python3.7/site-packages/airflow/example_dags/tutorial_dag.py for tasks to queue
[2025-08-27T05:35:10.032+0000] {logging_mixin.py:137} INFO - [2025-08-27T05:35:10.032+0000] {dagbag.py:538} INFO - Filling up the DagBag from /home/airflow/.local/lib/python3.7/site-packages/airflow/example_dags/tutorial_dag.py
[2025-08-27T05:35:10.041+0000] {processor.py:753} INFO - DAG(s) dict_keys(['tutorial_dag']) retrieved from /home/airflow/.local/lib/python3.7/site-packages/airflow/example_dags/tutorial_dag.py
[2025-08-27T05:35:10.054+0000] {logging_mixin.py:137} INFO - [2025-08-27T05:35:10.054+0000] {dag.py:2690} INFO - Sync 1 DAGs
[2025-08-27T05:35:10.068+0000] {logging_mixin.py:137} INFO - [2025-08-27T05:35:10.068+0000] {dag.py:3441} INFO - Setting next_dagrun for tutorial_dag to None, run_after=None
[2025-08-27T05:35:10.077+0000] {processor.py:175} INFO - Processing /home/airflow/.local/lib/python3.7/site-packages/airflow/example_dags/tutorial_dag.py took 0.048 seconds
[2025-08-27T06:12:38.180+0000] {processor.py:153} INFO - Started process (PID=20363) to work on /home/airflow/.local/lib/python3.7/site-packages/airflow/example_dags/tutorial_dag.py
[2025-08-27T06:12:38.180+0000] {processor.py:743} INFO - Processing file /home/airflow/.local/lib/python3.7/site-packages/airflow/example_dags/tutorial_dag.py for tasks to queue
[2025-08-27T06:12:38.181+0000] {logging_mixin.py:137} INFO - [2025-08-27T06:12:38.181+0000] {dagbag.py:538} INFO - Filling up the DagBag from /home/airflow/.local/lib/python3.7/site-packages/airflow/example_dags/tutorial_dag.py
[2025-08-27T06:12:38.189+0000] {processor.py:753} INFO - DAG(s) dict_keys(['tutorial_dag']) retrieved from /home/airflow/.local/lib/python3.7/site-packages/airflow/example_dags/tutorial_dag.py
[2025-08-27T06:12:38.200+0000] {logging_mixin.py:137} INFO - [2025-08-27T06:12:38.200+0000] {dag.py:2690} INFO - Sync 1 DAGs
[2025-08-27T06:12:38.211+0000] {logging_mixin.py:137} INFO - [2025-08-27T06:12:38.210+0000] {dag.py:3441} INFO - Setting next_dagrun for tutorial_dag to None, run_after=None
[2025-08-27T06:12:38.221+0000] {processor.py:175} INFO - Processing /home/airflow/.local/lib/python3.7/site-packages/airflow/example_dags/tutorial_dag.py took 0.043 seconds
[2025-08-27T06:55:19.871+0000] {processor.py:153} INFO - Started process (PID=20463) to work on /home/airflow/.local/lib/python3.7/site-packages/airflow/example_dags/tutorial_dag.py
[2025-08-27T06:55:19.871+0000] {processor.py:743} INFO - Processing file /home/airflow/.local/lib/python3.7/site-packages/airflow/example_dags/tutorial_dag.py for tasks to queue
[2025-08-27T06:55:19.871+0000] {logging_mixin.py:137} INFO - [2025-08-27T06:55:19.871+0000] {dagbag.py:538} INFO - Filling up the DagBag from /home/airflow/.local/lib/python3.7/site-packages/airflow/example_dags/tutorial_dag.py
[2025-08-27T06:55:19.877+0000] {processor.py:753} INFO - DAG(s) dict_keys(['tutorial_dag']) retrieved from /home/airflow/.local/lib/python3.7/site-packages/airflow/example_dags/tutorial_dag.py
[2025-08-27T06:55:19.888+0000] {logging_mixin.py:137} INFO - [2025-08-27T06:55:19.888+0000] {dag.py:2690} INFO - Sync 1 DAGs
[2025-08-27T06:55:19.897+0000] {logging_mixin.py:137} INFO - [2025-08-27T06:55:19.897+0000] {dag.py:3441} INFO - Setting next_dagrun for tutorial_dag to None, run_after=None
[2025-08-27T06:55:19.903+0000] {processor.py:175} INFO - Processing /home/airflow/.local/lib/python3.7/site-packages/airflow/example_dags/tutorial_dag.py took 0.034 seconds
[2025-08-27T07:53:53.288+0000] {processor.py:153} INFO - Started process (PID=20563) to work on /home/airflow/.local/lib/python3.7/site-packages/airflow/example_dags/tutorial_dag.py
[2025-08-27T07:53:53.288+0000] {processor.py:743} INFO - Processing file /home/airflow/.local/lib/python3.7/site-packages/airflow/example_dags/tutorial_dag.py for tasks to queue
[2025-08-27T07:53:53.288+0000] {logging_mixin.py:137} INFO - [2025-08-27T07:53:53.288+0000] {dagbag.py:538} INFO - Filling up the DagBag from /home/airflow/.local/lib/python3.7/site-packages/airflow/example_dags/tutorial_dag.py
[2025-08-27T07:53:53.295+0000] {processor.py:753} INFO - DAG(s) dict_keys(['tutorial_dag']) retrieved from /home/airflow/.local/lib/python3.7/site-packages/airflow/example_dags/tutorial_dag.py
[2025-08-27T07:53:53.306+0000] {logging_mixin.py:137} INFO - [2025-08-27T07:53:53.306+0000] {dag.py:2690} INFO - Sync 1 DAGs
[2025-08-27T07:53:53.316+0000] {logging_mixin.py:137} INFO - [2025-08-27T07:53:53.316+0000] {dag.py:3441} INFO - Setting next_dagrun for tutorial_dag to None, run_after=None
[2025-08-27T07:53:53.323+0000] {processor.py:175} INFO - Processing /home/airflow/.local/lib/python3.7/site-packages/airflow/example_dags/tutorial_dag.py took 0.037 seconds
[2025-08-27T08:23:40.255+0000] {processor.py:153} INFO - Started process (PID=20643) to work on /home/airflow/.local/lib/python3.7/site-packages/airflow/example_dags/tutorial_dag.py
[2025-08-27T08:23:40.255+0000] {processor.py:743} INFO - Processing file /home/airflow/.local/lib/python3.7/site-packages/airflow/example_dags/tutorial_dag.py for tasks to queue
[2025-08-27T08:23:40.256+0000] {logging_mixin.py:137} INFO - [2025-08-27T08:23:40.255+0000] {dagbag.py:538} INFO - Filling up the DagBag from /home/airflow/.local/lib/python3.7/site-packages/airflow/example_dags/tutorial_dag.py
[2025-08-27T08:23:40.262+0000] {processor.py:753} INFO - DAG(s) dict_keys(['tutorial_dag']) retrieved from /home/airflow/.local/lib/python3.7/site-packages/airflow/example_dags/tutorial_dag.py
[2025-08-27T08:23:40.273+0000] {logging_mixin.py:137} INFO - [2025-08-27T08:23:40.273+0000] {dag.py:2690} INFO - Sync 1 DAGs
[2025-08-27T08:23:40.282+0000] {logging_mixin.py:137} INFO - [2025-08-27T08:23:40.282+0000] {dag.py:3441} INFO - Setting next_dagrun for tutorial_dag to None, run_after=None
[2025-08-27T08:23:40.290+0000] {processor.py:175} INFO - Processing /home/airflow/.local/lib/python3.7/site-packages/airflow/example_dags/tutorial_dag.py took 0.037 seconds
[2025-08-27T09:35:51.511+0000] {processor.py:153} INFO - Started process (PID=20743) to work on /home/airflow/.local/lib/python3.7/site-packages/airflow/example_dags/tutorial_dag.py
[2025-08-27T09:35:51.511+0000] {processor.py:743} INFO - Processing file /home/airflow/.local/lib/python3.7/site-packages/airflow/example_dags/tutorial_dag.py for tasks to queue
[2025-08-27T09:35:51.512+0000] {logging_mixin.py:137} INFO - [2025-08-27T09:35:51.512+0000] {dagbag.py:538} INFO - Filling up the DagBag from /home/airflow/.local/lib/python3.7/site-packages/airflow/example_dags/tutorial_dag.py
[2025-08-27T09:35:51.518+0000] {processor.py:753} INFO - DAG(s) dict_keys(['tutorial_dag']) retrieved from /home/airflow/.local/lib/python3.7/site-packages/airflow/example_dags/tutorial_dag.py
[2025-08-27T09:35:51.529+0000] {logging_mixin.py:137} INFO - [2025-08-27T09:35:51.529+0000] {dag.py:2690} INFO - Sync 1 DAGs
[2025-08-27T09:35:51.540+0000] {logging_mixin.py:137} INFO - [2025-08-27T09:35:51.540+0000] {dag.py:3441} INFO - Setting next_dagrun for tutorial_dag to None, run_after=None
[2025-08-27T09:35:51.547+0000] {processor.py:175} INFO - Processing /home/airflow/.local/lib/python3.7/site-packages/airflow/example_dags/tutorial_dag.py took 0.038 seconds
[2025-08-27T09:36:50.371+0000] {processor.py:153} INFO - Started process (PID=20843) to work on /home/airflow/.local/lib/python3.7/site-packages/airflow/example_dags/tutorial_dag.py
[2025-08-27T09:36:50.371+0000] {processor.py:743} INFO - Processing file /home/airflow/.local/lib/python3.7/site-packages/airflow/example_dags/tutorial_dag.py for tasks to queue
[2025-08-27T09:36:50.371+0000] {logging_mixin.py:137} INFO - [2025-08-27T09:36:50.371+0000] {dagbag.py:538} INFO - Filling up the DagBag from /home/airflow/.local/lib/python3.7/site-packages/airflow/example_dags/tutorial_dag.py
[2025-08-27T09:36:50.378+0000] {processor.py:753} INFO - DAG(s) dict_keys(['tutorial_dag']) retrieved from /home/airflow/.local/lib/python3.7/site-packages/airflow/example_dags/tutorial_dag.py
[2025-08-27T09:36:50.390+0000] {logging_mixin.py:137} INFO - [2025-08-27T09:36:50.390+0000] {dag.py:2690} INFO - Sync 1 DAGs
[2025-08-27T09:36:50.400+0000] {logging_mixin.py:137} INFO - [2025-08-27T09:36:50.400+0000] {dag.py:3441} INFO - Setting next_dagrun for tutorial_dag to None, run_after=None
[2025-08-27T09:36:50.407+0000] {processor.py:175} INFO - Processing /home/airflow/.local/lib/python3.7/site-packages/airflow/example_dags/tutorial_dag.py took 0.038 seconds
[2025-08-27T09:38:53.538+0000] {processor.py:153} INFO - Started process (PID=20943) to work on /home/airflow/.local/lib/python3.7/site-packages/airflow/example_dags/tutorial_dag.py
[2025-08-27T09:38:53.539+0000] {processor.py:743} INFO - Processing file /home/airflow/.local/lib/python3.7/site-packages/airflow/example_dags/tutorial_dag.py for tasks to queue
[2025-08-27T09:38:53.539+0000] {logging_mixin.py:137} INFO - [2025-08-27T09:38:53.539+0000] {dagbag.py:538} INFO - Filling up the DagBag from /home/airflow/.local/lib/python3.7/site-packages/airflow/example_dags/tutorial_dag.py
[2025-08-27T09:38:53.545+0000] {processor.py:753} INFO - DAG(s) dict_keys(['tutorial_dag']) retrieved from /home/airflow/.local/lib/python3.7/site-packages/airflow/example_dags/tutorial_dag.py
[2025-08-27T09:38:53.555+0000] {logging_mixin.py:137} INFO - [2025-08-27T09:38:53.555+0000] {dag.py:2690} INFO - Sync 1 DAGs
[2025-08-27T09:38:53.563+0000] {logging_mixin.py:137} INFO - [2025-08-27T09:38:53.563+0000] {dag.py:3441} INFO - Setting next_dagrun for tutorial_dag to None, run_after=None
[2025-08-27T09:38:53.570+0000] {processor.py:175} INFO - Processing /home/airflow/.local/lib/python3.7/site-packages/airflow/example_dags/tutorial_dag.py took 0.034 seconds
[2025-08-27T09:39:39.710+0000] {processor.py:153} INFO - Started process (PID=21023) to work on /home/airflow/.local/lib/python3.7/site-packages/airflow/example_dags/tutorial_dag.py
[2025-08-27T09:39:39.710+0000] {processor.py:743} INFO - Processing file /home/airflow/.local/lib/python3.7/site-packages/airflow/example_dags/tutorial_dag.py for tasks to queue
[2025-08-27T09:39:39.711+0000] {logging_mixin.py:137} INFO - [2025-08-27T09:39:39.711+0000] {dagbag.py:538} INFO - Filling up the DagBag from /home/airflow/.local/lib/python3.7/site-packages/airflow/example_dags/tutorial_dag.py
[2025-08-27T09:39:39.717+0000] {processor.py:753} INFO - DAG(s) dict_keys(['tutorial_dag']) retrieved from /home/airflow/.local/lib/python3.7/site-packages/airflow/example_dags/tutorial_dag.py
[2025-08-27T09:39:39.729+0000] {logging_mixin.py:137} INFO - [2025-08-27T09:39:39.729+0000] {dag.py:2690} INFO - Sync 1 DAGs
[2025-08-27T09:39:39.740+0000] {logging_mixin.py:137} INFO - [2025-08-27T09:39:39.740+0000] {dag.py:3441} INFO - Setting next_dagrun for tutorial_dag to None, run_after=None
[2025-08-27T09:39:39.748+0000] {processor.py:175} INFO - Processing /home/airflow/.local/lib/python3.7/site-packages/airflow/example_dags/tutorial_dag.py took 0.040 seconds
[2025-08-27T09:50:07.252+0000] {processor.py:153} INFO - Started process (PID=21123) to work on /home/airflow/.local/lib/python3.7/site-packages/airflow/example_dags/tutorial_dag.py
[2025-08-27T09:50:07.252+0000] {processor.py:743} INFO - Processing file /home/airflow/.local/lib/python3.7/site-packages/airflow/example_dags/tutorial_dag.py for tasks to queue
[2025-08-27T09:50:07.253+0000] {logging_mixin.py:137} INFO - [2025-08-27T09:50:07.253+0000] {dagbag.py:538} INFO - Filling up the DagBag from /home/airflow/.local/lib/python3.7/site-packages/airflow/example_dags/tutorial_dag.py
[2025-08-27T09:50:07.259+0000] {processor.py:753} INFO - DAG(s) dict_keys(['tutorial_dag']) retrieved from /home/airflow/.local/lib/python3.7/site-packages/airflow/example_dags/tutorial_dag.py
[2025-08-27T09:50:07.270+0000] {logging_mixin.py:137} INFO - [2025-08-27T09:50:07.270+0000] {dag.py:2690} INFO - Sync 1 DAGs
[2025-08-27T09:50:07.280+0000] {logging_mixin.py:137} INFO - [2025-08-27T09:50:07.280+0000] {dag.py:3441} INFO - Setting next_dagrun for tutorial_dag to None, run_after=None
[2025-08-27T09:50:07.287+0000] {processor.py:175} INFO - Processing /home/airflow/.local/lib/python3.7/site-packages/airflow/example_dags/tutorial_dag.py took 0.036 seconds
[2025-08-27T11:12:47.179+0000] {processor.py:153} INFO - Started process (PID=21223) to work on /home/airflow/.local/lib/python3.7/site-packages/airflow/example_dags/tutorial_dag.py
[2025-08-27T11:12:47.179+0000] {processor.py:743} INFO - Processing file /home/airflow/.local/lib/python3.7/site-packages/airflow/example_dags/tutorial_dag.py for tasks to queue
[2025-08-27T11:12:47.180+0000] {logging_mixin.py:137} INFO - [2025-08-27T11:12:47.180+0000] {dagbag.py:538} INFO - Filling up the DagBag from /home/airflow/.local/lib/python3.7/site-packages/airflow/example_dags/tutorial_dag.py
[2025-08-27T11:12:47.186+0000] {processor.py:753} INFO - DAG(s) dict_keys(['tutorial_dag']) retrieved from /home/airflow/.local/lib/python3.7/site-packages/airflow/example_dags/tutorial_dag.py
[2025-08-27T11:12:47.198+0000] {logging_mixin.py:137} INFO - [2025-08-27T11:12:47.198+0000] {dag.py:2690} INFO - Sync 1 DAGs
[2025-08-27T11:12:47.207+0000] {logging_mixin.py:137} INFO - [2025-08-27T11:12:47.207+0000] {dag.py:3441} INFO - Setting next_dagrun for tutorial_dag to None, run_after=None
[2025-08-27T11:12:47.214+0000] {processor.py:175} INFO - Processing /home/airflow/.local/lib/python3.7/site-packages/airflow/example_dags/tutorial_dag.py took 0.037 seconds
[2025-08-27T11:34:32.192+0000] {processor.py:153} INFO - Started process (PID=21309) to work on /home/airflow/.local/lib/python3.7/site-packages/airflow/example_dags/tutorial_dag.py
[2025-08-27T11:34:32.192+0000] {processor.py:743} INFO - Processing file /home/airflow/.local/lib/python3.7/site-packages/airflow/example_dags/tutorial_dag.py for tasks to queue
[2025-08-27T11:34:32.193+0000] {logging_mixin.py:137} INFO - [2025-08-27T11:34:32.193+0000] {dagbag.py:538} INFO - Filling up the DagBag from /home/airflow/.local/lib/python3.7/site-packages/airflow/example_dags/tutorial_dag.py
[2025-08-27T11:34:32.203+0000] {processor.py:753} INFO - DAG(s) dict_keys(['tutorial_dag']) retrieved from /home/airflow/.local/lib/python3.7/site-packages/airflow/example_dags/tutorial_dag.py
[2025-08-27T11:34:32.218+0000] {logging_mixin.py:137} INFO - [2025-08-27T11:34:32.218+0000] {dag.py:2690} INFO - Sync 1 DAGs
[2025-08-27T11:34:32.233+0000] {logging_mixin.py:137} INFO - [2025-08-27T11:34:32.233+0000] {dag.py:3441} INFO - Setting next_dagrun for tutorial_dag to None, run_after=None
[2025-08-27T11:34:32.244+0000] {processor.py:175} INFO - Processing /home/airflow/.local/lib/python3.7/site-packages/airflow/example_dags/tutorial_dag.py took 0.055 seconds
[2025-08-27T11:51:14.113+0000] {processor.py:153} INFO - Started process (PID=21403) to work on /home/airflow/.local/lib/python3.7/site-packages/airflow/example_dags/tutorial_dag.py
[2025-08-27T11:51:14.113+0000] {processor.py:743} INFO - Processing file /home/airflow/.local/lib/python3.7/site-packages/airflow/example_dags/tutorial_dag.py for tasks to queue
[2025-08-27T11:51:14.113+0000] {logging_mixin.py:137} INFO - [2025-08-27T11:51:14.113+0000] {dagbag.py:538} INFO - Filling up the DagBag from /home/airflow/.local/lib/python3.7/site-packages/airflow/example_dags/tutorial_dag.py
[2025-08-27T11:51:14.120+0000] {processor.py:753} INFO - DAG(s) dict_keys(['tutorial_dag']) retrieved from /home/airflow/.local/lib/python3.7/site-packages/airflow/example_dags/tutorial_dag.py
[2025-08-27T11:51:14.133+0000] {logging_mixin.py:137} INFO - [2025-08-27T11:51:14.133+0000] {dag.py:2690} INFO - Sync 1 DAGs
[2025-08-27T11:51:14.146+0000] {logging_mixin.py:137} INFO - [2025-08-27T11:51:14.146+0000] {dag.py:3441} INFO - Setting next_dagrun for tutorial_dag to None, run_after=None
[2025-08-27T11:51:14.153+0000] {processor.py:175} INFO - Processing /home/airflow/.local/lib/python3.7/site-packages/airflow/example_dags/tutorial_dag.py took 0.043 seconds
[2025-08-27T11:53:12.569+0000] {processor.py:153} INFO - Started process (PID=21503) to work on /home/airflow/.local/lib/python3.7/site-packages/airflow/example_dags/tutorial_dag.py
[2025-08-27T11:53:12.569+0000] {processor.py:743} INFO - Processing file /home/airflow/.local/lib/python3.7/site-packages/airflow/example_dags/tutorial_dag.py for tasks to queue
[2025-08-27T11:53:12.570+0000] {logging_mixin.py:137} INFO - [2025-08-27T11:53:12.570+0000] {dagbag.py:538} INFO - Filling up the DagBag from /home/airflow/.local/lib/python3.7/site-packages/airflow/example_dags/tutorial_dag.py
[2025-08-27T11:53:12.576+0000] {processor.py:753} INFO - DAG(s) dict_keys(['tutorial_dag']) retrieved from /home/airflow/.local/lib/python3.7/site-packages/airflow/example_dags/tutorial_dag.py
[2025-08-27T11:53:12.586+0000] {logging_mixin.py:137} INFO - [2025-08-27T11:53:12.586+0000] {dag.py:2690} INFO - Sync 1 DAGs
[2025-08-27T11:53:12.596+0000] {logging_mixin.py:137} INFO - [2025-08-27T11:53:12.596+0000] {dag.py:3441} INFO - Setting next_dagrun for tutorial_dag to None, run_after=None
[2025-08-27T11:53:12.602+0000] {processor.py:175} INFO - Processing /home/airflow/.local/lib/python3.7/site-packages/airflow/example_dags/tutorial_dag.py took 0.034 seconds
[2025-08-27T11:58:54.315+0000] {processor.py:153} INFO - Started process (PID=21603) to work on /home/airflow/.local/lib/python3.7/site-packages/airflow/example_dags/tutorial_dag.py
[2025-08-27T11:58:54.316+0000] {processor.py:743} INFO - Processing file /home/airflow/.local/lib/python3.7/site-packages/airflow/example_dags/tutorial_dag.py for tasks to queue
[2025-08-27T11:58:54.316+0000] {logging_mixin.py:137} INFO - [2025-08-27T11:58:54.316+0000] {dagbag.py:538} INFO - Filling up the DagBag from /home/airflow/.local/lib/python3.7/site-packages/airflow/example_dags/tutorial_dag.py
[2025-08-27T11:58:54.322+0000] {processor.py:753} INFO - DAG(s) dict_keys(['tutorial_dag']) retrieved from /home/airflow/.local/lib/python3.7/site-packages/airflow/example_dags/tutorial_dag.py
[2025-08-27T11:58:54.334+0000] {logging_mixin.py:137} INFO - [2025-08-27T11:58:54.334+0000] {dag.py:2690} INFO - Sync 1 DAGs
[2025-08-27T11:58:54.346+0000] {logging_mixin.py:137} INFO - [2025-08-27T11:58:54.346+0000] {dag.py:3441} INFO - Setting next_dagrun for tutorial_dag to None, run_after=None
[2025-08-27T11:58:54.353+0000] {processor.py:175} INFO - Processing /home/airflow/.local/lib/python3.7/site-packages/airflow/example_dags/tutorial_dag.py took 0.040 seconds
[2025-08-27T12:11:21.226+0000] {processor.py:153} INFO - Started process (PID=21683) to work on /home/airflow/.local/lib/python3.7/site-packages/airflow/example_dags/tutorial_dag.py
[2025-08-27T12:11:21.226+0000] {processor.py:743} INFO - Processing file /home/airflow/.local/lib/python3.7/site-packages/airflow/example_dags/tutorial_dag.py for tasks to queue
[2025-08-27T12:11:21.226+0000] {logging_mixin.py:137} INFO - [2025-08-27T12:11:21.226+0000] {dagbag.py:538} INFO - Filling up the DagBag from /home/airflow/.local/lib/python3.7/site-packages/airflow/example_dags/tutorial_dag.py
[2025-08-27T12:11:21.233+0000] {processor.py:753} INFO - DAG(s) dict_keys(['tutorial_dag']) retrieved from /home/airflow/.local/lib/python3.7/site-packages/airflow/example_dags/tutorial_dag.py
[2025-08-27T12:11:21.246+0000] {logging_mixin.py:137} INFO - [2025-08-27T12:11:21.246+0000] {dag.py:2690} INFO - Sync 1 DAGs
[2025-08-27T12:11:21.256+0000] {logging_mixin.py:137} INFO - [2025-08-27T12:11:21.256+0000] {dag.py:3441} INFO - Setting next_dagrun for tutorial_dag to None, run_after=None
[2025-08-27T12:11:21.263+0000] {processor.py:175} INFO - Processing /home/airflow/.local/lib/python3.7/site-packages/airflow/example_dags/tutorial_dag.py took 0.039 seconds
[2025-08-27T12:14:25.729+0000] {processor.py:153} INFO - Started process (PID=21783) to work on /home/airflow/.local/lib/python3.7/site-packages/airflow/example_dags/tutorial_dag.py
[2025-08-27T12:14:25.730+0000] {processor.py:743} INFO - Processing file /home/airflow/.local/lib/python3.7/site-packages/airflow/example_dags/tutorial_dag.py for tasks to queue
[2025-08-27T12:14:25.730+0000] {logging_mixin.py:137} INFO - [2025-08-27T12:14:25.730+0000] {dagbag.py:538} INFO - Filling up the DagBag from /home/airflow/.local/lib/python3.7/site-packages/airflow/example_dags/tutorial_dag.py
[2025-08-27T12:14:25.737+0000] {processor.py:753} INFO - DAG(s) dict_keys(['tutorial_dag']) retrieved from /home/airflow/.local/lib/python3.7/site-packages/airflow/example_dags/tutorial_dag.py
[2025-08-27T12:14:25.748+0000] {logging_mixin.py:137} INFO - [2025-08-27T12:14:25.747+0000] {dag.py:2690} INFO - Sync 1 DAGs
[2025-08-27T12:14:25.757+0000] {logging_mixin.py:137} INFO - [2025-08-27T12:14:25.757+0000] {dag.py:3441} INFO - Setting next_dagrun for tutorial_dag to None, run_after=None
[2025-08-27T12:14:25.764+0000] {processor.py:175} INFO - Processing /home/airflow/.local/lib/python3.7/site-packages/airflow/example_dags/tutorial_dag.py took 0.036 seconds
[2025-08-27T12:27:58.243+0000] {processor.py:153} INFO - Started process (PID=21883) to work on /home/airflow/.local/lib/python3.7/site-packages/airflow/example_dags/tutorial_dag.py
[2025-08-27T12:27:58.243+0000] {processor.py:743} INFO - Processing file /home/airflow/.local/lib/python3.7/site-packages/airflow/example_dags/tutorial_dag.py for tasks to queue
[2025-08-27T12:27:58.244+0000] {logging_mixin.py:137} INFO - [2025-08-27T12:27:58.244+0000] {dagbag.py:538} INFO - Filling up the DagBag from /home/airflow/.local/lib/python3.7/site-packages/airflow/example_dags/tutorial_dag.py
[2025-08-27T12:27:58.250+0000] {processor.py:753} INFO - DAG(s) dict_keys(['tutorial_dag']) retrieved from /home/airflow/.local/lib/python3.7/site-packages/airflow/example_dags/tutorial_dag.py
[2025-08-27T12:27:58.263+0000] {logging_mixin.py:137} INFO - [2025-08-27T12:27:58.263+0000] {dag.py:2690} INFO - Sync 1 DAGs
[2025-08-27T12:27:58.274+0000] {logging_mixin.py:137} INFO - [2025-08-27T12:27:58.274+0000] {dag.py:3441} INFO - Setting next_dagrun for tutorial_dag to None, run_after=None
[2025-08-27T12:27:58.283+0000] {processor.py:175} INFO - Processing /home/airflow/.local/lib/python3.7/site-packages/airflow/example_dags/tutorial_dag.py took 0.041 seconds
[2025-08-27T12:38:26.292+0000] {processor.py:153} INFO - Started process (PID=21972) to work on /home/airflow/.local/lib/python3.7/site-packages/airflow/example_dags/tutorial_dag.py
[2025-08-27T12:38:26.292+0000] {processor.py:743} INFO - Processing file /home/airflow/.local/lib/python3.7/site-packages/airflow/example_dags/tutorial_dag.py for tasks to queue
[2025-08-27T12:38:26.293+0000] {logging_mixin.py:137} INFO - [2025-08-27T12:38:26.293+0000] {dagbag.py:538} INFO - Filling up the DagBag from /home/airflow/.local/lib/python3.7/site-packages/airflow/example_dags/tutorial_dag.py
[2025-08-27T12:38:26.300+0000] {processor.py:753} INFO - DAG(s) dict_keys(['tutorial_dag']) retrieved from /home/airflow/.local/lib/python3.7/site-packages/airflow/example_dags/tutorial_dag.py
[2025-08-27T12:38:26.314+0000] {logging_mixin.py:137} INFO - [2025-08-27T12:38:26.313+0000] {dag.py:2690} INFO - Sync 1 DAGs
[2025-08-27T12:38:26.326+0000] {logging_mixin.py:137} INFO - [2025-08-27T12:38:26.326+0000] {dag.py:3441} INFO - Setting next_dagrun for tutorial_dag to None, run_after=None
[2025-08-27T12:38:26.334+0000] {processor.py:175} INFO - Processing /home/airflow/.local/lib/python3.7/site-packages/airflow/example_dags/tutorial_dag.py took 0.044 seconds
[2025-08-27T12:57:13.240+0000] {processor.py:153} INFO - Started process (PID=22063) to work on /home/airflow/.local/lib/python3.7/site-packages/airflow/example_dags/tutorial_dag.py
[2025-08-27T12:57:13.241+0000] {processor.py:743} INFO - Processing file /home/airflow/.local/lib/python3.7/site-packages/airflow/example_dags/tutorial_dag.py for tasks to queue
[2025-08-27T12:57:13.241+0000] {logging_mixin.py:137} INFO - [2025-08-27T12:57:13.241+0000] {dagbag.py:538} INFO - Filling up the DagBag from /home/airflow/.local/lib/python3.7/site-packages/airflow/example_dags/tutorial_dag.py
[2025-08-27T12:57:13.247+0000] {processor.py:753} INFO - DAG(s) dict_keys(['tutorial_dag']) retrieved from /home/airflow/.local/lib/python3.7/site-packages/airflow/example_dags/tutorial_dag.py
[2025-08-27T12:57:13.258+0000] {logging_mixin.py:137} INFO - [2025-08-27T12:57:13.258+0000] {dag.py:2690} INFO - Sync 1 DAGs
[2025-08-27T12:57:13.268+0000] {logging_mixin.py:137} INFO - [2025-08-27T12:57:13.268+0000] {dag.py:3441} INFO - Setting next_dagrun for tutorial_dag to None, run_after=None
[2025-08-27T12:57:13.274+0000] {processor.py:175} INFO - Processing /home/airflow/.local/lib/python3.7/site-packages/airflow/example_dags/tutorial_dag.py took 0.036 seconds
[2025-08-27T12:57:43.576+0000] {processor.py:153} INFO - Started process (PID=22163) to work on /home/airflow/.local/lib/python3.7/site-packages/airflow/example_dags/tutorial_dag.py
[2025-08-27T12:57:43.576+0000] {processor.py:743} INFO - Processing file /home/airflow/.local/lib/python3.7/site-packages/airflow/example_dags/tutorial_dag.py for tasks to queue
[2025-08-27T12:57:43.577+0000] {logging_mixin.py:137} INFO - [2025-08-27T12:57:43.577+0000] {dagbag.py:538} INFO - Filling up the DagBag from /home/airflow/.local/lib/python3.7/site-packages/airflow/example_dags/tutorial_dag.py
[2025-08-27T12:57:43.583+0000] {processor.py:753} INFO - DAG(s) dict_keys(['tutorial_dag']) retrieved from /home/airflow/.local/lib/python3.7/site-packages/airflow/example_dags/tutorial_dag.py
[2025-08-27T12:57:43.594+0000] {logging_mixin.py:137} INFO - [2025-08-27T12:57:43.594+0000] {dag.py:2690} INFO - Sync 1 DAGs
[2025-08-27T12:57:43.604+0000] {logging_mixin.py:137} INFO - [2025-08-27T12:57:43.604+0000] {dag.py:3441} INFO - Setting next_dagrun for tutorial_dag to None, run_after=None
[2025-08-27T12:57:43.611+0000] {processor.py:175} INFO - Processing /home/airflow/.local/lib/python3.7/site-packages/airflow/example_dags/tutorial_dag.py took 0.037 seconds
[2025-08-27T13:27:11.618+0000] {processor.py:153} INFO - Started process (PID=22263) to work on /home/airflow/.local/lib/python3.7/site-packages/airflow/example_dags/tutorial_dag.py
[2025-08-27T13:27:11.618+0000] {processor.py:743} INFO - Processing file /home/airflow/.local/lib/python3.7/site-packages/airflow/example_dags/tutorial_dag.py for tasks to queue
[2025-08-27T13:27:11.620+0000] {logging_mixin.py:137} INFO - [2025-08-27T13:27:11.620+0000] {dagbag.py:538} INFO - Filling up the DagBag from /home/airflow/.local/lib/python3.7/site-packages/airflow/example_dags/tutorial_dag.py
[2025-08-27T13:27:11.626+0000] {processor.py:753} INFO - DAG(s) dict_keys(['tutorial_dag']) retrieved from /home/airflow/.local/lib/python3.7/site-packages/airflow/example_dags/tutorial_dag.py
[2025-08-27T13:27:11.645+0000] {logging_mixin.py:137} INFO - [2025-08-27T13:27:11.645+0000] {dag.py:2690} INFO - Sync 1 DAGs
[2025-08-27T13:27:11.657+0000] {logging_mixin.py:137} INFO - [2025-08-27T13:27:11.656+0000] {dag.py:3441} INFO - Setting next_dagrun for tutorial_dag to None, run_after=None
[2025-08-27T13:27:11.668+0000] {processor.py:175} INFO - Processing /home/airflow/.local/lib/python3.7/site-packages/airflow/example_dags/tutorial_dag.py took 0.052 seconds
[2025-08-27T13:30:13.563+0000] {processor.py:153} INFO - Started process (PID=22343) to work on /home/airflow/.local/lib/python3.7/site-packages/airflow/example_dags/tutorial_dag.py
[2025-08-27T13:30:13.563+0000] {processor.py:743} INFO - Processing file /home/airflow/.local/lib/python3.7/site-packages/airflow/example_dags/tutorial_dag.py for tasks to queue
[2025-08-27T13:30:13.564+0000] {logging_mixin.py:137} INFO - [2025-08-27T13:30:13.564+0000] {dagbag.py:538} INFO - Filling up the DagBag from /home/airflow/.local/lib/python3.7/site-packages/airflow/example_dags/tutorial_dag.py
[2025-08-27T13:30:13.571+0000] {processor.py:753} INFO - DAG(s) dict_keys(['tutorial_dag']) retrieved from /home/airflow/.local/lib/python3.7/site-packages/airflow/example_dags/tutorial_dag.py
[2025-08-27T13:30:13.584+0000] {logging_mixin.py:137} INFO - [2025-08-27T13:30:13.584+0000] {dag.py:2690} INFO - Sync 1 DAGs
[2025-08-27T13:30:13.596+0000] {logging_mixin.py:137} INFO - [2025-08-27T13:30:13.596+0000] {dag.py:3441} INFO - Setting next_dagrun for tutorial_dag to None, run_after=None
[2025-08-27T13:30:13.604+0000] {processor.py:175} INFO - Processing /home/airflow/.local/lib/python3.7/site-packages/airflow/example_dags/tutorial_dag.py took 0.043 seconds
[2025-08-27T13:37:07.666+0000] {processor.py:153} INFO - Started process (PID=22443) to work on /home/airflow/.local/lib/python3.7/site-packages/airflow/example_dags/tutorial_dag.py
[2025-08-27T13:37:07.666+0000] {processor.py:743} INFO - Processing file /home/airflow/.local/lib/python3.7/site-packages/airflow/example_dags/tutorial_dag.py for tasks to queue
[2025-08-27T13:37:07.667+0000] {logging_mixin.py:137} INFO - [2025-08-27T13:37:07.667+0000] {dagbag.py:538} INFO - Filling up the DagBag from /home/airflow/.local/lib/python3.7/site-packages/airflow/example_dags/tutorial_dag.py
[2025-08-27T13:37:07.674+0000] {processor.py:753} INFO - DAG(s) dict_keys(['tutorial_dag']) retrieved from /home/airflow/.local/lib/python3.7/site-packages/airflow/example_dags/tutorial_dag.py
[2025-08-27T13:37:07.687+0000] {logging_mixin.py:137} INFO - [2025-08-27T13:37:07.687+0000] {dag.py:2690} INFO - Sync 1 DAGs
[2025-08-27T13:37:07.697+0000] {logging_mixin.py:137} INFO - [2025-08-27T13:37:07.697+0000] {dag.py:3441} INFO - Setting next_dagrun for tutorial_dag to None, run_after=None
[2025-08-27T13:37:07.707+0000] {processor.py:175} INFO - Processing /home/airflow/.local/lib/python3.7/site-packages/airflow/example_dags/tutorial_dag.py took 0.043 seconds
[2025-08-27T13:51:02.198+0000] {processor.py:153} INFO - Started process (PID=22543) to work on /home/airflow/.local/lib/python3.7/site-packages/airflow/example_dags/tutorial_dag.py
[2025-08-27T13:51:02.198+0000] {processor.py:743} INFO - Processing file /home/airflow/.local/lib/python3.7/site-packages/airflow/example_dags/tutorial_dag.py for tasks to queue
[2025-08-27T13:51:02.199+0000] {logging_mixin.py:137} INFO - [2025-08-27T13:51:02.199+0000] {dagbag.py:538} INFO - Filling up the DagBag from /home/airflow/.local/lib/python3.7/site-packages/airflow/example_dags/tutorial_dag.py
[2025-08-27T13:51:02.206+0000] {processor.py:753} INFO - DAG(s) dict_keys(['tutorial_dag']) retrieved from /home/airflow/.local/lib/python3.7/site-packages/airflow/example_dags/tutorial_dag.py
[2025-08-27T13:51:02.218+0000] {logging_mixin.py:137} INFO - [2025-08-27T13:51:02.218+0000] {dag.py:2690} INFO - Sync 1 DAGs
[2025-08-27T13:51:02.229+0000] {logging_mixin.py:137} INFO - [2025-08-27T13:51:02.229+0000] {dag.py:3441} INFO - Setting next_dagrun for tutorial_dag to None, run_after=None
[2025-08-27T13:51:02.235+0000] {processor.py:175} INFO - Processing /home/airflow/.local/lib/python3.7/site-packages/airflow/example_dags/tutorial_dag.py took 0.040 seconds
[2025-08-27T14:01:07.051+0000] {processor.py:153} INFO - Started process (PID=22643) to work on /home/airflow/.local/lib/python3.7/site-packages/airflow/example_dags/tutorial_dag.py
[2025-08-27T14:01:07.052+0000] {processor.py:743} INFO - Processing file /home/airflow/.local/lib/python3.7/site-packages/airflow/example_dags/tutorial_dag.py for tasks to queue
[2025-08-27T14:01:07.052+0000] {logging_mixin.py:137} INFO - [2025-08-27T14:01:07.052+0000] {dagbag.py:538} INFO - Filling up the DagBag from /home/airflow/.local/lib/python3.7/site-packages/airflow/example_dags/tutorial_dag.py
[2025-08-27T14:01:07.059+0000] {processor.py:753} INFO - DAG(s) dict_keys(['tutorial_dag']) retrieved from /home/airflow/.local/lib/python3.7/site-packages/airflow/example_dags/tutorial_dag.py
[2025-08-27T14:01:07.073+0000] {logging_mixin.py:137} INFO - [2025-08-27T14:01:07.073+0000] {dag.py:2690} INFO - Sync 1 DAGs
[2025-08-27T14:01:07.084+0000] {logging_mixin.py:137} INFO - [2025-08-27T14:01:07.084+0000] {dag.py:3441} INFO - Setting next_dagrun for tutorial_dag to None, run_after=None
[2025-08-27T14:01:07.092+0000] {processor.py:175} INFO - Processing /home/airflow/.local/lib/python3.7/site-packages/airflow/example_dags/tutorial_dag.py took 0.043 seconds
[2025-08-27T14:41:13.227+0000] {processor.py:153} INFO - Started process (PID=22723) to work on /home/airflow/.local/lib/python3.7/site-packages/airflow/example_dags/tutorial_dag.py
[2025-08-27T14:41:13.228+0000] {processor.py:743} INFO - Processing file /home/airflow/.local/lib/python3.7/site-packages/airflow/example_dags/tutorial_dag.py for tasks to queue
[2025-08-27T14:41:13.229+0000] {logging_mixin.py:137} INFO - [2025-08-27T14:41:13.229+0000] {dagbag.py:538} INFO - Filling up the DagBag from /home/airflow/.local/lib/python3.7/site-packages/airflow/example_dags/tutorial_dag.py
[2025-08-27T14:41:13.235+0000] {processor.py:753} INFO - DAG(s) dict_keys(['tutorial_dag']) retrieved from /home/airflow/.local/lib/python3.7/site-packages/airflow/example_dags/tutorial_dag.py
[2025-08-27T14:41:13.249+0000] {logging_mixin.py:137} INFO - [2025-08-27T14:41:13.249+0000] {dag.py:2690} INFO - Sync 1 DAGs
[2025-08-27T14:41:13.259+0000] {logging_mixin.py:137} INFO - [2025-08-27T14:41:13.259+0000] {dag.py:3441} INFO - Setting next_dagrun for tutorial_dag to None, run_after=None
[2025-08-27T14:41:13.267+0000] {processor.py:175} INFO - Processing /home/airflow/.local/lib/python3.7/site-packages/airflow/example_dags/tutorial_dag.py took 0.042 seconds
[2025-08-27T14:43:55.218+0000] {processor.py:153} INFO - Started process (PID=22823) to work on /home/airflow/.local/lib/python3.7/site-packages/airflow/example_dags/tutorial_dag.py
[2025-08-27T14:43:55.219+0000] {processor.py:743} INFO - Processing file /home/airflow/.local/lib/python3.7/site-packages/airflow/example_dags/tutorial_dag.py for tasks to queue
[2025-08-27T14:43:55.220+0000] {logging_mixin.py:137} INFO - [2025-08-27T14:43:55.219+0000] {dagbag.py:538} INFO - Filling up the DagBag from /home/airflow/.local/lib/python3.7/site-packages/airflow/example_dags/tutorial_dag.py
[2025-08-27T14:43:55.227+0000] {processor.py:753} INFO - DAG(s) dict_keys(['tutorial_dag']) retrieved from /home/airflow/.local/lib/python3.7/site-packages/airflow/example_dags/tutorial_dag.py
[2025-08-27T14:43:55.239+0000] {logging_mixin.py:137} INFO - [2025-08-27T14:43:55.238+0000] {dag.py:2690} INFO - Sync 1 DAGs
[2025-08-27T14:43:55.249+0000] {logging_mixin.py:137} INFO - [2025-08-27T14:43:55.249+0000] {dag.py:3441} INFO - Setting next_dagrun for tutorial_dag to None, run_after=None
[2025-08-27T14:43:55.255+0000] {processor.py:175} INFO - Processing /home/airflow/.local/lib/python3.7/site-packages/airflow/example_dags/tutorial_dag.py took 0.039 seconds
[2025-08-27T14:54:32.330+0000] {processor.py:153} INFO - Started process (PID=22923) to work on /home/airflow/.local/lib/python3.7/site-packages/airflow/example_dags/tutorial_dag.py
[2025-08-27T14:54:32.331+0000] {processor.py:743} INFO - Processing file /home/airflow/.local/lib/python3.7/site-packages/airflow/example_dags/tutorial_dag.py for tasks to queue
[2025-08-27T14:54:32.332+0000] {logging_mixin.py:137} INFO - [2025-08-27T14:54:32.331+0000] {dagbag.py:538} INFO - Filling up the DagBag from /home/airflow/.local/lib/python3.7/site-packages/airflow/example_dags/tutorial_dag.py
[2025-08-27T14:54:32.339+0000] {processor.py:753} INFO - DAG(s) dict_keys(['tutorial_dag']) retrieved from /home/airflow/.local/lib/python3.7/site-packages/airflow/example_dags/tutorial_dag.py
[2025-08-27T14:54:32.350+0000] {logging_mixin.py:137} INFO - [2025-08-27T14:54:32.350+0000] {dag.py:2690} INFO - Sync 1 DAGs
[2025-08-27T14:54:32.360+0000] {logging_mixin.py:137} INFO - [2025-08-27T14:54:32.360+0000] {dag.py:3441} INFO - Setting next_dagrun for tutorial_dag to None, run_after=None
[2025-08-27T14:54:32.367+0000] {processor.py:175} INFO - Processing /home/airflow/.local/lib/python3.7/site-packages/airflow/example_dags/tutorial_dag.py took 0.038 seconds
[2025-08-27T15:01:39.942+0000] {processor.py:153} INFO - Started process (PID=23003) to work on /home/airflow/.local/lib/python3.7/site-packages/airflow/example_dags/tutorial_dag.py
[2025-08-27T15:01:39.943+0000] {processor.py:743} INFO - Processing file /home/airflow/.local/lib/python3.7/site-packages/airflow/example_dags/tutorial_dag.py for tasks to queue
[2025-08-27T15:01:39.943+0000] {logging_mixin.py:137} INFO - [2025-08-27T15:01:39.943+0000] {dagbag.py:538} INFO - Filling up the DagBag from /home/airflow/.local/lib/python3.7/site-packages/airflow/example_dags/tutorial_dag.py
[2025-08-27T15:01:39.949+0000] {processor.py:753} INFO - DAG(s) dict_keys(['tutorial_dag']) retrieved from /home/airflow/.local/lib/python3.7/site-packages/airflow/example_dags/tutorial_dag.py
[2025-08-27T15:01:39.960+0000] {logging_mixin.py:137} INFO - [2025-08-27T15:01:39.959+0000] {dag.py:2690} INFO - Sync 1 DAGs
[2025-08-27T15:01:39.968+0000] {logging_mixin.py:137} INFO - [2025-08-27T15:01:39.968+0000] {dag.py:3441} INFO - Setting next_dagrun for tutorial_dag to None, run_after=None
[2025-08-27T15:01:39.976+0000] {processor.py:175} INFO - Processing /home/airflow/.local/lib/python3.7/site-packages/airflow/example_dags/tutorial_dag.py took 0.036 seconds
[2025-08-27T15:08:10.557+0000] {processor.py:153} INFO - Started process (PID=23103) to work on /home/airflow/.local/lib/python3.7/site-packages/airflow/example_dags/tutorial_dag.py
[2025-08-27T15:08:10.558+0000] {processor.py:743} INFO - Processing file /home/airflow/.local/lib/python3.7/site-packages/airflow/example_dags/tutorial_dag.py for tasks to queue
[2025-08-27T15:08:10.558+0000] {logging_mixin.py:137} INFO - [2025-08-27T15:08:10.558+0000] {dagbag.py:538} INFO - Filling up the DagBag from /home/airflow/.local/lib/python3.7/site-packages/airflow/example_dags/tutorial_dag.py
[2025-08-27T15:08:10.565+0000] {processor.py:753} INFO - DAG(s) dict_keys(['tutorial_dag']) retrieved from /home/airflow/.local/lib/python3.7/site-packages/airflow/example_dags/tutorial_dag.py
[2025-08-27T15:08:10.579+0000] {logging_mixin.py:137} INFO - [2025-08-27T15:08:10.579+0000] {dag.py:2690} INFO - Sync 1 DAGs
[2025-08-27T15:08:10.591+0000] {logging_mixin.py:137} INFO - [2025-08-27T15:08:10.591+0000] {dag.py:3441} INFO - Setting next_dagrun for tutorial_dag to None, run_after=None
[2025-08-27T15:08:10.600+0000] {processor.py:175} INFO - Processing /home/airflow/.local/lib/python3.7/site-packages/airflow/example_dags/tutorial_dag.py took 0.045 seconds
[2025-08-27T15:18:53.190+0000] {processor.py:153} INFO - Started process (PID=23203) to work on /home/airflow/.local/lib/python3.7/site-packages/airflow/example_dags/tutorial_dag.py
[2025-08-27T15:18:53.190+0000] {processor.py:743} INFO - Processing file /home/airflow/.local/lib/python3.7/site-packages/airflow/example_dags/tutorial_dag.py for tasks to queue
[2025-08-27T15:18:53.191+0000] {logging_mixin.py:137} INFO - [2025-08-27T15:18:53.191+0000] {dagbag.py:538} INFO - Filling up the DagBag from /home/airflow/.local/lib/python3.7/site-packages/airflow/example_dags/tutorial_dag.py
[2025-08-27T15:18:53.197+0000] {processor.py:753} INFO - DAG(s) dict_keys(['tutorial_dag']) retrieved from /home/airflow/.local/lib/python3.7/site-packages/airflow/example_dags/tutorial_dag.py
[2025-08-27T15:18:53.212+0000] {logging_mixin.py:137} INFO - [2025-08-27T15:18:53.212+0000] {dag.py:2690} INFO - Sync 1 DAGs
[2025-08-27T15:18:53.223+0000] {logging_mixin.py:137} INFO - [2025-08-27T15:18:53.223+0000] {dag.py:3441} INFO - Setting next_dagrun for tutorial_dag to None, run_after=None
[2025-08-27T15:18:53.233+0000] {processor.py:175} INFO - Processing /home/airflow/.local/lib/python3.7/site-packages/airflow/example_dags/tutorial_dag.py took 0.044 seconds
[2025-08-27T15:19:37.440+0000] {processor.py:153} INFO - Started process (PID=23292) to work on /home/airflow/.local/lib/python3.7/site-packages/airflow/example_dags/tutorial_dag.py
[2025-08-27T15:19:37.441+0000] {processor.py:743} INFO - Processing file /home/airflow/.local/lib/python3.7/site-packages/airflow/example_dags/tutorial_dag.py for tasks to queue
[2025-08-27T15:19:37.441+0000] {logging_mixin.py:137} INFO - [2025-08-27T15:19:37.441+0000] {dagbag.py:538} INFO - Filling up the DagBag from /home/airflow/.local/lib/python3.7/site-packages/airflow/example_dags/tutorial_dag.py
[2025-08-27T15:19:37.446+0000] {processor.py:753} INFO - DAG(s) dict_keys(['tutorial_dag']) retrieved from /home/airflow/.local/lib/python3.7/site-packages/airflow/example_dags/tutorial_dag.py
[2025-08-27T15:19:37.457+0000] {logging_mixin.py:137} INFO - [2025-08-27T15:19:37.457+0000] {dag.py:2690} INFO - Sync 1 DAGs
[2025-08-27T15:19:37.467+0000] {logging_mixin.py:137} INFO - [2025-08-27T15:19:37.467+0000] {dag.py:3441} INFO - Setting next_dagrun for tutorial_dag to None, run_after=None
[2025-08-27T15:19:37.475+0000] {processor.py:175} INFO - Processing /home/airflow/.local/lib/python3.7/site-packages/airflow/example_dags/tutorial_dag.py took 0.036 seconds
[2025-08-27T15:21:53.785+0000] {processor.py:153} INFO - Started process (PID=23383) to work on /home/airflow/.local/lib/python3.7/site-packages/airflow/example_dags/tutorial_dag.py
[2025-08-27T15:21:53.785+0000] {processor.py:743} INFO - Processing file /home/airflow/.local/lib/python3.7/site-packages/airflow/example_dags/tutorial_dag.py for tasks to queue
[2025-08-27T15:21:53.785+0000] {logging_mixin.py:137} INFO - [2025-08-27T15:21:53.785+0000] {dagbag.py:538} INFO - Filling up the DagBag from /home/airflow/.local/lib/python3.7/site-packages/airflow/example_dags/tutorial_dag.py
[2025-08-27T15:21:53.792+0000] {processor.py:753} INFO - DAG(s) dict_keys(['tutorial_dag']) retrieved from /home/airflow/.local/lib/python3.7/site-packages/airflow/example_dags/tutorial_dag.py
[2025-08-27T15:21:53.804+0000] {logging_mixin.py:137} INFO - [2025-08-27T15:21:53.804+0000] {dag.py:2690} INFO - Sync 1 DAGs
[2025-08-27T15:21:53.814+0000] {logging_mixin.py:137} INFO - [2025-08-27T15:21:53.814+0000] {dag.py:3441} INFO - Setting next_dagrun for tutorial_dag to None, run_after=None
[2025-08-27T15:21:53.821+0000] {processor.py:175} INFO - Processing /home/airflow/.local/lib/python3.7/site-packages/airflow/example_dags/tutorial_dag.py took 0.039 seconds
[2025-08-27T15:25:59.848+0000] {processor.py:153} INFO - Started process (PID=23483) to work on /home/airflow/.local/lib/python3.7/site-packages/airflow/example_dags/tutorial_dag.py
[2025-08-27T15:25:59.848+0000] {processor.py:743} INFO - Processing file /home/airflow/.local/lib/python3.7/site-packages/airflow/example_dags/tutorial_dag.py for tasks to queue
[2025-08-27T15:25:59.848+0000] {logging_mixin.py:137} INFO - [2025-08-27T15:25:59.848+0000] {dagbag.py:538} INFO - Filling up the DagBag from /home/airflow/.local/lib/python3.7/site-packages/airflow/example_dags/tutorial_dag.py
[2025-08-27T15:25:59.855+0000] {processor.py:753} INFO - DAG(s) dict_keys(['tutorial_dag']) retrieved from /home/airflow/.local/lib/python3.7/site-packages/airflow/example_dags/tutorial_dag.py
[2025-08-27T15:25:59.867+0000] {logging_mixin.py:137} INFO - [2025-08-27T15:25:59.867+0000] {dag.py:2690} INFO - Sync 1 DAGs
[2025-08-27T15:25:59.880+0000] {logging_mixin.py:137} INFO - [2025-08-27T15:25:59.880+0000] {dag.py:3441} INFO - Setting next_dagrun for tutorial_dag to None, run_after=None
[2025-08-27T15:25:59.888+0000] {processor.py:175} INFO - Processing /home/airflow/.local/lib/python3.7/site-packages/airflow/example_dags/tutorial_dag.py took 0.042 seconds
[2025-08-27T16:00:40.950+0000] {processor.py:153} INFO - Started process (PID=23583) to work on /home/airflow/.local/lib/python3.7/site-packages/airflow/example_dags/tutorial_dag.py
[2025-08-27T16:00:40.951+0000] {processor.py:743} INFO - Processing file /home/airflow/.local/lib/python3.7/site-packages/airflow/example_dags/tutorial_dag.py for tasks to queue
[2025-08-27T16:00:40.952+0000] {logging_mixin.py:137} INFO - [2025-08-27T16:00:40.952+0000] {dagbag.py:538} INFO - Filling up the DagBag from /home/airflow/.local/lib/python3.7/site-packages/airflow/example_dags/tutorial_dag.py
[2025-08-27T16:00:40.959+0000] {processor.py:753} INFO - DAG(s) dict_keys(['tutorial_dag']) retrieved from /home/airflow/.local/lib/python3.7/site-packages/airflow/example_dags/tutorial_dag.py
[2025-08-27T16:00:40.974+0000] {logging_mixin.py:137} INFO - [2025-08-27T16:00:40.974+0000] {dag.py:2690} INFO - Sync 1 DAGs
[2025-08-27T16:00:40.984+0000] {logging_mixin.py:137} INFO - [2025-08-27T16:00:40.984+0000] {dag.py:3441} INFO - Setting next_dagrun for tutorial_dag to None, run_after=None
[2025-08-27T16:00:40.996+0000] {processor.py:175} INFO - Processing /home/airflow/.local/lib/python3.7/site-packages/airflow/example_dags/tutorial_dag.py took 0.047 seconds
[2025-08-27T16:14:53.694+0000] {processor.py:153} INFO - Started process (PID=23670) to work on /home/airflow/.local/lib/python3.7/site-packages/airflow/example_dags/tutorial_dag.py
[2025-08-27T16:14:53.695+0000] {processor.py:743} INFO - Processing file /home/airflow/.local/lib/python3.7/site-packages/airflow/example_dags/tutorial_dag.py for tasks to queue
[2025-08-27T16:14:53.695+0000] {logging_mixin.py:137} INFO - [2025-08-27T16:14:53.695+0000] {dagbag.py:538} INFO - Filling up the DagBag from /home/airflow/.local/lib/python3.7/site-packages/airflow/example_dags/tutorial_dag.py
[2025-08-27T16:14:53.703+0000] {processor.py:753} INFO - DAG(s) dict_keys(['tutorial_dag']) retrieved from /home/airflow/.local/lib/python3.7/site-packages/airflow/example_dags/tutorial_dag.py
[2025-08-27T16:14:53.714+0000] {logging_mixin.py:137} INFO - [2025-08-27T16:14:53.714+0000] {dag.py:2690} INFO - Sync 1 DAGs
[2025-08-27T16:14:53.725+0000] {logging_mixin.py:137} INFO - [2025-08-27T16:14:53.725+0000] {dag.py:3441} INFO - Setting next_dagrun for tutorial_dag to None, run_after=None
[2025-08-27T16:14:53.735+0000] {processor.py:175} INFO - Processing /home/airflow/.local/lib/python3.7/site-packages/airflow/example_dags/tutorial_dag.py took 0.042 seconds
[2025-08-27T16:23:11.011+0000] {processor.py:153} INFO - Started process (PID=23763) to work on /home/airflow/.local/lib/python3.7/site-packages/airflow/example_dags/tutorial_dag.py
[2025-08-27T16:23:11.011+0000] {processor.py:743} INFO - Processing file /home/airflow/.local/lib/python3.7/site-packages/airflow/example_dags/tutorial_dag.py for tasks to queue
[2025-08-27T16:23:11.012+0000] {logging_mixin.py:137} INFO - [2025-08-27T16:23:11.012+0000] {dagbag.py:538} INFO - Filling up the DagBag from /home/airflow/.local/lib/python3.7/site-packages/airflow/example_dags/tutorial_dag.py
[2025-08-27T16:23:11.018+0000] {processor.py:753} INFO - DAG(s) dict_keys(['tutorial_dag']) retrieved from /home/airflow/.local/lib/python3.7/site-packages/airflow/example_dags/tutorial_dag.py
[2025-08-27T16:23:11.027+0000] {logging_mixin.py:137} INFO - [2025-08-27T16:23:11.027+0000] {dag.py:2690} INFO - Sync 1 DAGs
[2025-08-27T16:23:11.037+0000] {logging_mixin.py:137} INFO - [2025-08-27T16:23:11.037+0000] {dag.py:3441} INFO - Setting next_dagrun for tutorial_dag to None, run_after=None
[2025-08-27T16:23:11.044+0000] {processor.py:175} INFO - Processing /home/airflow/.local/lib/python3.7/site-packages/airflow/example_dags/tutorial_dag.py took 0.034 seconds
[2025-08-27T16:24:54.689+0000] {processor.py:153} INFO - Started process (PID=23863) to work on /home/airflow/.local/lib/python3.7/site-packages/airflow/example_dags/tutorial_dag.py
[2025-08-27T16:24:54.689+0000] {processor.py:743} INFO - Processing file /home/airflow/.local/lib/python3.7/site-packages/airflow/example_dags/tutorial_dag.py for tasks to queue
[2025-08-27T16:24:54.690+0000] {logging_mixin.py:137} INFO - [2025-08-27T16:24:54.690+0000] {dagbag.py:538} INFO - Filling up the DagBag from /home/airflow/.local/lib/python3.7/site-packages/airflow/example_dags/tutorial_dag.py
[2025-08-27T16:24:54.696+0000] {processor.py:753} INFO - DAG(s) dict_keys(['tutorial_dag']) retrieved from /home/airflow/.local/lib/python3.7/site-packages/airflow/example_dags/tutorial_dag.py
[2025-08-27T16:24:54.708+0000] {logging_mixin.py:137} INFO - [2025-08-27T16:24:54.708+0000] {dag.py:2690} INFO - Sync 1 DAGs
[2025-08-27T16:24:54.719+0000] {logging_mixin.py:137} INFO - [2025-08-27T16:24:54.719+0000] {dag.py:3441} INFO - Setting next_dagrun for tutorial_dag to None, run_after=None
[2025-08-27T16:24:54.727+0000] {processor.py:175} INFO - Processing /home/airflow/.local/lib/python3.7/site-packages/airflow/example_dags/tutorial_dag.py took 0.040 seconds
[2025-08-27T16:30:08.388+0000] {processor.py:153} INFO - Started process (PID=23963) to work on /home/airflow/.local/lib/python3.7/site-packages/airflow/example_dags/tutorial_dag.py
[2025-08-27T16:30:08.388+0000] {processor.py:743} INFO - Processing file /home/airflow/.local/lib/python3.7/site-packages/airflow/example_dags/tutorial_dag.py for tasks to queue
[2025-08-27T16:30:08.389+0000] {logging_mixin.py:137} INFO - [2025-08-27T16:30:08.389+0000] {dagbag.py:538} INFO - Filling up the DagBag from /home/airflow/.local/lib/python3.7/site-packages/airflow/example_dags/tutorial_dag.py
[2025-08-27T16:30:08.396+0000] {processor.py:753} INFO - DAG(s) dict_keys(['tutorial_dag']) retrieved from /home/airflow/.local/lib/python3.7/site-packages/airflow/example_dags/tutorial_dag.py
[2025-08-27T16:30:08.407+0000] {logging_mixin.py:137} INFO - [2025-08-27T16:30:08.407+0000] {dag.py:2690} INFO - Sync 1 DAGs
[2025-08-27T16:30:08.417+0000] {logging_mixin.py:137} INFO - [2025-08-27T16:30:08.417+0000] {dag.py:3441} INFO - Setting next_dagrun for tutorial_dag to None, run_after=None
[2025-08-27T16:30:08.425+0000] {processor.py:175} INFO - Processing /home/airflow/.local/lib/python3.7/site-packages/airflow/example_dags/tutorial_dag.py took 0.039 seconds
[2025-08-27T16:44:03.648+0000] {processor.py:153} INFO - Started process (PID=24043) to work on /home/airflow/.local/lib/python3.7/site-packages/airflow/example_dags/tutorial_dag.py
[2025-08-27T16:44:03.649+0000] {processor.py:743} INFO - Processing file /home/airflow/.local/lib/python3.7/site-packages/airflow/example_dags/tutorial_dag.py for tasks to queue
[2025-08-27T16:44:03.649+0000] {logging_mixin.py:137} INFO - [2025-08-27T16:44:03.649+0000] {dagbag.py:538} INFO - Filling up the DagBag from /home/airflow/.local/lib/python3.7/site-packages/airflow/example_dags/tutorial_dag.py
[2025-08-27T16:44:03.656+0000] {processor.py:753} INFO - DAG(s) dict_keys(['tutorial_dag']) retrieved from /home/airflow/.local/lib/python3.7/site-packages/airflow/example_dags/tutorial_dag.py
[2025-08-27T16:44:03.668+0000] {logging_mixin.py:137} INFO - [2025-08-27T16:44:03.668+0000] {dag.py:2690} INFO - Sync 1 DAGs
[2025-08-27T16:44:03.678+0000] {logging_mixin.py:137} INFO - [2025-08-27T16:44:03.678+0000] {dag.py:3441} INFO - Setting next_dagrun for tutorial_dag to None, run_after=None
[2025-08-27T16:44:03.687+0000] {processor.py:175} INFO - Processing /home/airflow/.local/lib/python3.7/site-packages/airflow/example_dags/tutorial_dag.py took 0.041 seconds
[2025-08-27T18:19:18.141+0000] {processor.py:153} INFO - Started process (PID=24143) to work on /home/airflow/.local/lib/python3.7/site-packages/airflow/example_dags/tutorial_dag.py
[2025-08-27T18:19:18.145+0000] {processor.py:743} INFO - Processing file /home/airflow/.local/lib/python3.7/site-packages/airflow/example_dags/tutorial_dag.py for tasks to queue
[2025-08-27T18:19:18.145+0000] {logging_mixin.py:137} INFO - [2025-08-27T18:19:18.145+0000] {dagbag.py:538} INFO - Filling up the DagBag from /home/airflow/.local/lib/python3.7/site-packages/airflow/example_dags/tutorial_dag.py
[2025-08-27T18:19:18.151+0000] {processor.py:753} INFO - DAG(s) dict_keys(['tutorial_dag']) retrieved from /home/airflow/.local/lib/python3.7/site-packages/airflow/example_dags/tutorial_dag.py
[2025-08-27T18:19:18.163+0000] {logging_mixin.py:137} INFO - [2025-08-27T18:19:18.163+0000] {dag.py:2690} INFO - Sync 1 DAGs
[2025-08-27T18:19:18.173+0000] {logging_mixin.py:137} INFO - [2025-08-27T18:19:18.173+0000] {dag.py:3441} INFO - Setting next_dagrun for tutorial_dag to None, run_after=None
[2025-08-27T18:19:18.180+0000] {processor.py:175} INFO - Processing /home/airflow/.local/lib/python3.7/site-packages/airflow/example_dags/tutorial_dag.py took 0.041 seconds
[2025-08-27T19:39:50.733+0000] {processor.py:153} INFO - Started process (PID=24243) to work on /home/airflow/.local/lib/python3.7/site-packages/airflow/example_dags/tutorial_dag.py
[2025-08-27T19:39:50.733+0000] {processor.py:743} INFO - Processing file /home/airflow/.local/lib/python3.7/site-packages/airflow/example_dags/tutorial_dag.py for tasks to queue
[2025-08-27T19:39:50.734+0000] {logging_mixin.py:137} INFO - [2025-08-27T19:39:50.734+0000] {dagbag.py:538} INFO - Filling up the DagBag from /home/airflow/.local/lib/python3.7/site-packages/airflow/example_dags/tutorial_dag.py
[2025-08-27T19:39:50.740+0000] {processor.py:753} INFO - DAG(s) dict_keys(['tutorial_dag']) retrieved from /home/airflow/.local/lib/python3.7/site-packages/airflow/example_dags/tutorial_dag.py
[2025-08-27T19:39:50.750+0000] {logging_mixin.py:137} INFO - [2025-08-27T19:39:50.750+0000] {dag.py:2690} INFO - Sync 1 DAGs
[2025-08-27T19:39:50.759+0000] {logging_mixin.py:137} INFO - [2025-08-27T19:39:50.759+0000] {dag.py:3441} INFO - Setting next_dagrun for tutorial_dag to None, run_after=None
[2025-08-27T19:39:50.765+0000] {processor.py:175} INFO - Processing /home/airflow/.local/lib/python3.7/site-packages/airflow/example_dags/tutorial_dag.py took 0.034 seconds
[2025-08-27T21:01:25.658+0000] {processor.py:153} INFO - Started process (PID=24323) to work on /home/airflow/.local/lib/python3.7/site-packages/airflow/example_dags/tutorial_dag.py
[2025-08-27T21:01:25.658+0000] {processor.py:743} INFO - Processing file /home/airflow/.local/lib/python3.7/site-packages/airflow/example_dags/tutorial_dag.py for tasks to queue
[2025-08-27T21:01:25.658+0000] {logging_mixin.py:137} INFO - [2025-08-27T21:01:25.658+0000] {dagbag.py:538} INFO - Filling up the DagBag from /home/airflow/.local/lib/python3.7/site-packages/airflow/example_dags/tutorial_dag.py
[2025-08-27T21:01:25.665+0000] {processor.py:753} INFO - DAG(s) dict_keys(['tutorial_dag']) retrieved from /home/airflow/.local/lib/python3.7/site-packages/airflow/example_dags/tutorial_dag.py
[2025-08-27T21:01:25.676+0000] {logging_mixin.py:137} INFO - [2025-08-27T21:01:25.676+0000] {dag.py:2690} INFO - Sync 1 DAGs
[2025-08-27T21:01:25.687+0000] {logging_mixin.py:137} INFO - [2025-08-27T21:01:25.687+0000] {dag.py:3441} INFO - Setting next_dagrun for tutorial_dag to None, run_after=None
[2025-08-27T21:01:25.694+0000] {processor.py:175} INFO - Processing /home/airflow/.local/lib/python3.7/site-packages/airflow/example_dags/tutorial_dag.py took 0.038 seconds
[2025-08-27T21:51:50.667+0000] {processor.py:153} INFO - Started process (PID=24423) to work on /home/airflow/.local/lib/python3.7/site-packages/airflow/example_dags/tutorial_dag.py
[2025-08-27T21:51:50.667+0000] {processor.py:743} INFO - Processing file /home/airflow/.local/lib/python3.7/site-packages/airflow/example_dags/tutorial_dag.py for tasks to queue
[2025-08-27T21:51:50.667+0000] {logging_mixin.py:137} INFO - [2025-08-27T21:51:50.667+0000] {dagbag.py:538} INFO - Filling up the DagBag from /home/airflow/.local/lib/python3.7/site-packages/airflow/example_dags/tutorial_dag.py
[2025-08-27T21:51:50.673+0000] {processor.py:753} INFO - DAG(s) dict_keys(['tutorial_dag']) retrieved from /home/airflow/.local/lib/python3.7/site-packages/airflow/example_dags/tutorial_dag.py
[2025-08-27T21:51:50.683+0000] {logging_mixin.py:137} INFO - [2025-08-27T21:51:50.683+0000] {dag.py:2690} INFO - Sync 1 DAGs
[2025-08-27T21:51:50.694+0000] {logging_mixin.py:137} INFO - [2025-08-27T21:51:50.694+0000] {dag.py:3441} INFO - Setting next_dagrun for tutorial_dag to None, run_after=None
[2025-08-27T21:51:50.701+0000] {processor.py:175} INFO - Processing /home/airflow/.local/lib/python3.7/site-packages/airflow/example_dags/tutorial_dag.py took 0.036 seconds
[2025-08-27T23:29:06.675+0000] {processor.py:153} INFO - Started process (PID=24523) to work on /home/airflow/.local/lib/python3.7/site-packages/airflow/example_dags/tutorial_dag.py
[2025-08-27T23:29:06.675+0000] {processor.py:743} INFO - Processing file /home/airflow/.local/lib/python3.7/site-packages/airflow/example_dags/tutorial_dag.py for tasks to queue
[2025-08-27T23:29:06.676+0000] {logging_mixin.py:137} INFO - [2025-08-27T23:29:06.676+0000] {dagbag.py:538} INFO - Filling up the DagBag from /home/airflow/.local/lib/python3.7/site-packages/airflow/example_dags/tutorial_dag.py
[2025-08-27T23:29:06.682+0000] {processor.py:753} INFO - DAG(s) dict_keys(['tutorial_dag']) retrieved from /home/airflow/.local/lib/python3.7/site-packages/airflow/example_dags/tutorial_dag.py
[2025-08-27T23:29:06.693+0000] {logging_mixin.py:137} INFO - [2025-08-27T23:29:06.693+0000] {dag.py:2690} INFO - Sync 1 DAGs
[2025-08-27T23:29:06.703+0000] {logging_mixin.py:137} INFO - [2025-08-27T23:29:06.703+0000] {dag.py:3441} INFO - Setting next_dagrun for tutorial_dag to None, run_after=None
[2025-08-27T23:29:06.711+0000] {processor.py:175} INFO - Processing /home/airflow/.local/lib/python3.7/site-packages/airflow/example_dags/tutorial_dag.py took 0.037 seconds
