{"timestamp":"2025-09-08T00:55:36.028897","level":"info","event":"DAG bundles loaded: dags-folder, example_dags","logger":"airflow.dag_processing.bundles.manager.DagBundlesManager"}
{"timestamp":"2025-09-08T00:55:36.029305","level":"info","event":"Filling up the DagBag from /opt/airflow/dags/airbyte-and-dbt-with-airflow.py","logger":"airflow.models.dagbag.DagBag"}
{"timestamp":"2025-09-08T00:55:36.063051","level":"info","event":"Trying to parse the dbt project using dbt ls cache cosmos_cache__airbyte_dynamic_connection__dbt_dynamic_alias...","logger":"cosmos.dbt.graph"}
{"timestamp":"2025-09-08T00:55:36.106540","level":"info","event":"Cosmos performance: time to calculate cache identifier cosmos_cache__airbyte_dynamic_connection__dbt_dynamic_alias for current version: 0.03187970901490189","logger":"cosmos.cache"}
{"timestamp":"2025-09-08T00:55:36.106652","level":"info","event":"Cosmos performance [5f5c1e41ce68|5578]: The cache size for cosmos_cache__airbyte_dynamic_connection__dbt_dynamic_alias is 4058","logger":"cosmos.dbt.graph"}
{"timestamp":"2025-09-08T00:55:36.106883","level":"info","event":"Cosmos performance: Cache hit for cosmos_cache__airbyte_dynamic_connection__dbt_dynamic_alias - 7f6c90e7b7fbd54d95119723ba858828,d41d8cd98f00b204e9800998ecf8427e","logger":"cosmos.dbt.graph"}
{"timestamp":"2025-09-08T00:55:36.107201","level":"info","event":"Total nodes: 5","logger":"cosmos.dbt.graph"}
{"timestamp":"2025-09-08T00:55:36.107240","level":"info","event":"Total filtered nodes: 5","logger":"cosmos.dbt.graph"}
{"timestamp":"2025-09-08T00:55:36.107298","level":"info","event":"Cosmos performance (airbyte_dynamic_connection__dbt_dynamic_alias) -  [5f5c1e41ce68|5578]: It took 0.0444s to parse the dbt project for DAG using LoadMode.DBT_LS_CACHE","logger":"cosmos.converter"}
{"timestamp":"2025-09-08T00:55:36.107643","level":"info","event":"Project /opt/airflow/dbt/my_project_dbt does not have {'packages.yml', 'dependencies.yml'}","logger":"cosmos.dbt.project"}
{"timestamp":"2025-09-08T00:55:36.108476","level":"info","event":"Project /opt/airflow/dbt/my_project_dbt does not have {'packages.yml', 'dependencies.yml'}","logger":"cosmos.dbt.project"}
{"timestamp":"2025-09-08T00:55:36.109270","level":"info","event":"Project /opt/airflow/dbt/my_project_dbt does not have {'packages.yml', 'dependencies.yml'}","logger":"cosmos.dbt.project"}
{"timestamp":"2025-09-08T00:55:36.109752","level":"info","event":"Project /opt/airflow/dbt/my_project_dbt does not have {'packages.yml', 'dependencies.yml'}","logger":"cosmos.dbt.project"}
{"timestamp":"2025-09-08T00:55:36.110205","level":"info","event":"Project /opt/airflow/dbt/my_project_dbt does not have {'packages.yml', 'dependencies.yml'}","logger":"cosmos.dbt.project"}
{"timestamp":"2025-09-08T00:55:36.110760","level":"info","event":"Project /opt/airflow/dbt/my_project_dbt does not have {'packages.yml', 'dependencies.yml'}","logger":"cosmos.dbt.project"}
{"timestamp":"2025-09-08T00:55:36.111416","level":"info","event":"Cosmos performance (airbyte_dynamic_connection__dbt_dynamic_alias) - [5f5c1e41ce68|5578]: It took 0.00413s to build the Airflow DAG.","logger":"cosmos.converter"}
{"timestamp":"2025-09-08T00:55:36.112912","level":"warning","event":"/home/airflow/.local/lib/python3.12/site-packages/pydantic/main.py:463: UserWarning: Pydantic serializer warnings:\n  PydanticSerializationUnexpectedValue(Expected `str` - serialized value may not be as expected [input_value={'version': '7f6c90e7b7fb...d': 'dbt_dynamic_alias'}, input_type=dict])\n  return self.__pydantic_serializer__.to_python(\n","logger":"py.warnings"}
{"timestamp":"2025-09-08T00:55:36.137100Z","level":"info","event":"Task instance is in running state","chan":"stdout","logger":"task"}
{"timestamp":"2025-09-08T00:55:36.137263Z","level":"info","event":" Previous state of the Task instance: TaskInstanceState.QUEUED","chan":"stdout","logger":"task"}
{"timestamp":"2025-09-08T00:55:36.137518Z","level":"info","event":"Current task name:create_custom_source_and_discover_schema","chan":"stdout","logger":"task"}
{"timestamp":"2025-09-08T00:55:36.137648Z","level":"info","event":"Dag name:airbyte_dynamic_connection","chan":"stdout","logger":"task"}
{"timestamp":"2025-09-08T00:55:36.138689","level":"error","event":"Task failed with exception","logger":"task","error_detail":[{"exc_type":"KeyError","exc_value":"'workspaceId'","exc_notes":[],"syntax_error":null,"is_cause":false,"frames":[{"filename":"/home/airflow/.local/lib/python3.12/site-packages/airflow/sdk/execution_time/task_runner.py","lineno":918,"name":"run"},{"filename":"/home/airflow/.local/lib/python3.12/site-packages/airflow/sdk/execution_time/task_runner.py","lineno":1213,"name":"_execute_task"},{"filename":"/home/airflow/.local/lib/python3.12/site-packages/airflow/sdk/bases/operator.py","lineno":397,"name":"wrapper"},{"filename":"/home/airflow/.local/lib/python3.12/site-packages/airflow/providers/standard/operators/python.py","lineno":217,"name":"execute"},{"filename":"/home/airflow/.local/lib/python3.12/site-packages/airflow/providers/standard/operators/python.py","lineno":240,"name":"execute_callable"},{"filename":"/home/airflow/.local/lib/python3.12/site-packages/airflow/sdk/execution_time/callback_runner.py","lineno":81,"name":"run"},{"filename":"/opt/airflow/dags/airbyte-and-dbt-with-airflow.py","lineno":42,"name":"create_custom_source_and_discover_schema"}],"is_group":false,"exceptions":[]}]}
{"timestamp":"2025-09-08T00:55:36.139449Z","level":"info","event":"Task instance in failure state","chan":"stdout","logger":"task"}
{"timestamp":"2025-09-08T00:55:36.139563Z","level":"info","event":"Task start","chan":"stdout","logger":"task"}
{"timestamp":"2025-09-08T00:55:36.139635Z","level":"info","event":"Task:<Task(PythonOperator): create_custom_source_and_discover_schema>","chan":"stdout","logger":"task"}
{"timestamp":"2025-09-08T00:55:36.139695Z","level":"info","event":"Failure caused by 'workspaceId'","chan":"stdout","logger":"task"}
