[2025-08-28T13:04:35.174+0000] {taskinstance.py:1083} INFO - Dependencies all met for <TaskInstance: airbyte_dynamic_connection.trigger_airbyte_sync manual__2025-08-28T13:03:50.497128+00:00 [queued]>
[2025-08-28T13:04:35.183+0000] {taskinstance.py:1083} INFO - Dependencies all met for <TaskInstance: airbyte_dynamic_connection.trigger_airbyte_sync manual__2025-08-28T13:03:50.497128+00:00 [queued]>
[2025-08-28T13:04:35.183+0000] {taskinstance.py:1279} INFO - 
--------------------------------------------------------------------------------
[2025-08-28T13:04:35.183+0000] {taskinstance.py:1280} INFO - Starting attempt 1 of 1
[2025-08-28T13:04:35.183+0000] {taskinstance.py:1281} INFO - 
--------------------------------------------------------------------------------
[2025-08-28T13:04:35.191+0000] {taskinstance.py:1300} INFO - Executing <Task(AirbyteTriggerSyncOperator): trigger_airbyte_sync> on 2025-08-28 13:03:50.497128+00:00
[2025-08-28T13:04:35.193+0000] {standard_task_runner.py:55} INFO - Started process 5382 to run task
[2025-08-28T13:04:35.196+0000] {standard_task_runner.py:82} INFO - Running: ['***', 'tasks', 'run', 'airbyte_dynamic_connection', 'trigger_airbyte_sync', 'manual__2025-08-28T13:03:50.497128+00:00', '--job-id', '121', '--raw', '--subdir', 'DAGS_FOLDER/dynamic-airbyte-with-***.py', '--cfg-path', '/tmp/tmphkmqs1jo']
[2025-08-28T13:04:35.196+0000] {standard_task_runner.py:83} INFO - Job 121: Subtask trigger_airbyte_sync
[2025-08-28T13:04:35.231+0000] {task_command.py:388} INFO - Running <TaskInstance: airbyte_dynamic_connection.trigger_airbyte_sync manual__2025-08-28T13:03:50.497128+00:00 [running]> on host 966b32814b47
[2025-08-28T13:04:35.274+0000] {taskinstance.py:1509} INFO - Exporting the following env vars:
AIRFLOW_CTX_DAG_OWNER=***
AIRFLOW_CTX_DAG_ID=airbyte_dynamic_connection
AIRFLOW_CTX_TASK_ID=trigger_airbyte_sync
AIRFLOW_CTX_EXECUTION_DATE=2025-08-28T13:03:50.497128+00:00
AIRFLOW_CTX_TRY_NUMBER=1
AIRFLOW_CTX_DAG_RUN_ID=manual__2025-08-28T13:03:50.497128+00:00
[2025-08-28T13:04:35.279+0000] {base.py:73} INFO - Using connection ID 'test-dynamic-airbyte-with-***' for task execution.
[2025-08-28T13:04:35.524+0000] {airbyte.py:77} INFO - Job 37 was submitted to Airbyte Server
[2025-08-28T13:04:35.524+0000] {airbyte.py:79} INFO - Waiting for job 37 to complete
[2025-08-28T13:05:05.541+0000] {base.py:73} INFO - Using connection ID 'test-dynamic-airbyte-with-***' for task execution.
[2025-08-28T13:05:05.629+0000] {airbyte.py:81} INFO - Job 37 completed successfully
[2025-08-28T13:05:05.645+0000] {taskinstance.py:1323} INFO - Marking task as SUCCESS. dag_id=airbyte_dynamic_connection, task_id=trigger_airbyte_sync, execution_date=20250828T130350, start_date=20250828T130435, end_date=20250828T130505
[2025-08-28T13:05:05.664+0000] {local_task_job.py:208} INFO - Task exited with return code 0
[2025-08-28T13:05:05.673+0000] {taskinstance.py:2578} INFO - 0 downstream tasks scheduled from follow-on schedule check
