{"timestamp":"2025-09-04T11:21:33.262417","level":"info","event":"DAG bundles loaded: dags-folder, example_dags","logger":"airflow.dag_processing.bundles.manager.DagBundlesManager"}
{"timestamp":"2025-09-04T11:21:33.262999","level":"info","event":"Filling up the DagBag from /opt/airflow/dags/dynamic-airbyte-with-airflow.py","logger":"airflow.models.dagbag.DagBag"}
{"timestamp":"2025-09-04T11:21:39.395584","level":"info","event":"Trying to parse the dbt project using dbt ls cache cosmos_cache__airbyte_dynamic_connection__my_project_dbt_group_11...","logger":"cosmos.dbt.graph"}
{"timestamp":"2025-09-04T11:21:39.697429","level":"info","event":"Cosmos performance: time to calculate cache identifier cosmos_cache__airbyte_dynamic_connection__my_project_dbt_group_11 for current version: 0.20099341700552031","logger":"cosmos.cache"}
{"timestamp":"2025-09-04T11:21:39.700439","level":"info","event":"Cosmos performance [2b2e84620275|1400]: The cache size for cosmos_cache__airbyte_dynamic_connection__my_project_dbt_group_11 is 4335","logger":"cosmos.dbt.graph"}
{"timestamp":"2025-09-04T11:21:39.700708","level":"info","event":"Cosmos performance: Cache hit for cosmos_cache__airbyte_dynamic_connection__my_project_dbt_group_11 - aad8d04d72ff7b6917b24f4cd2f34a0b,d41d8cd98f00b204e9800998ecf8427e","logger":"cosmos.dbt.graph"}
{"timestamp":"2025-09-04T11:21:39.706792","level":"info","event":"Total nodes: 6","logger":"cosmos.dbt.graph"}
{"timestamp":"2025-09-04T11:21:39.707015","level":"info","event":"Total filtered nodes: 6","logger":"cosmos.dbt.graph"}
{"timestamp":"2025-09-04T11:21:39.707143","level":"info","event":"Cosmos performance (airbyte_dynamic_connection__my_project_dbt_group_11) -  [2b2e84620275|1400]: It took 0.313s to parse the dbt project for DAG using LoadMode.DBT_LS_CACHE","logger":"cosmos.converter"}
{"timestamp":"2025-09-04T11:21:39.708813","level":"info","event":"Project /opt/airflow/dbt/my_project_dbt does not have {'dependencies.yml', 'packages.yml'}","logger":"cosmos.dbt.project"}
{"timestamp":"2025-09-04T11:21:39.717139","level":"info","event":"Project /opt/airflow/dbt/my_project_dbt does not have {'dependencies.yml', 'packages.yml'}","logger":"cosmos.dbt.project"}
{"timestamp":"2025-09-04T11:21:39.720731","level":"info","event":"Project /opt/airflow/dbt/my_project_dbt does not have {'dependencies.yml', 'packages.yml'}","logger":"cosmos.dbt.project"}
{"timestamp":"2025-09-04T11:21:39.730110","level":"info","event":"Project /opt/airflow/dbt/my_project_dbt does not have {'dependencies.yml', 'packages.yml'}","logger":"cosmos.dbt.project"}
{"timestamp":"2025-09-04T11:21:39.732057","level":"info","event":"Project /opt/airflow/dbt/my_project_dbt does not have {'dependencies.yml', 'packages.yml'}","logger":"cosmos.dbt.project"}
{"timestamp":"2025-09-04T11:21:39.733004","level":"info","event":"Project /opt/airflow/dbt/my_project_dbt does not have {'dependencies.yml', 'packages.yml'}","logger":"cosmos.dbt.project"}
{"timestamp":"2025-09-04T11:21:39.734348","level":"info","event":"Cosmos performance (airbyte_dynamic_connection__my_project_dbt_group_11) - [2b2e84620275|1400]: It took 0.0272s to build the Airflow DAG.","logger":"cosmos.converter"}
{"timestamp":"2025-09-04T11:21:39.735994","level":"warning","event":"/home/airflow/.local/lib/python3.12/site-packages/pydantic/main.py:463: UserWarning: Pydantic serializer warnings:\n  PydanticSerializationUnexpectedValue(Expected `str` - serialized value may not be as expected [input_value={'version': 'aad8d04d72ff...y_project_dbt_group_11'}, input_type=dict])\n  return self.__pydantic_serializer__.to_python(\n","logger":"py.warnings"}
{"timestamp":"2025-09-04T11:21:39.792010Z","level":"info","event":"Task instance is in running state","chan":"stdout","logger":"task"}
{"timestamp":"2025-09-04T11:21:39.792607Z","level":"info","event":" Previous state of the Task instance: TaskInstanceState.QUEUED","chan":"stdout","logger":"task"}
{"timestamp":"2025-09-04T11:21:39.792935Z","level":"info","event":"Current task name:create_destination","chan":"stdout","logger":"task"}
{"timestamp":"2025-09-04T11:21:39.793721Z","level":"info","event":"Dag name:airbyte_dynamic_connection","chan":"stdout","logger":"task"}
{"timestamp":"2025-09-04T11:21:39.798310","level":"error","event":"Task failed with exception","logger":"task","error_detail":[{"exc_type":"KeyError","exc_value":"'workspaceId'","exc_notes":[],"syntax_error":null,"is_cause":false,"frames":[{"filename":"/home/airflow/.local/lib/python3.12/site-packages/airflow/sdk/execution_time/task_runner.py","lineno":918,"name":"run"},{"filename":"/home/airflow/.local/lib/python3.12/site-packages/airflow/sdk/execution_time/task_runner.py","lineno":1213,"name":"_execute_task"},{"filename":"/home/airflow/.local/lib/python3.12/site-packages/airflow/sdk/bases/operator.py","lineno":397,"name":"wrapper"},{"filename":"/home/airflow/.local/lib/python3.12/site-packages/airflow/providers/standard/operators/python.py","lineno":217,"name":"execute"},{"filename":"/home/airflow/.local/lib/python3.12/site-packages/airflow/providers/standard/operators/python.py","lineno":240,"name":"execute_callable"},{"filename":"/home/airflow/.local/lib/python3.12/site-packages/airflow/sdk/execution_time/callback_runner.py","lineno":81,"name":"run"},{"filename":"/opt/airflow/dags/dynamic-airbyte-with-airflow.py","lineno":75,"name":"create_destination"}],"is_group":false,"exceptions":[]}]}
{"timestamp":"2025-09-04T11:21:39.802713Z","level":"info","event":"Task instance in failure state","chan":"stdout","logger":"task"}
{"timestamp":"2025-09-04T11:21:39.803344Z","level":"info","event":"Task start","chan":"stdout","logger":"task"}
{"timestamp":"2025-09-04T11:21:39.806203Z","level":"info","event":"Task:<Task(PythonOperator): create_destination>","chan":"stdout","logger":"task"}
{"timestamp":"2025-09-04T11:21:39.807611Z","level":"info","event":"Failure caused by 'workspaceId'","chan":"stdout","logger":"task"}
