[2025-08-28T11:03:01.396+0000] {taskinstance.py:1083} INFO - Dependencies all met for <TaskInstance: airbyte_dynamic_connection.wait_for_airbyte_idle manual__2025-08-28T11:02:58.172171+00:00 [queued]>
[2025-08-28T11:03:01.406+0000] {taskinstance.py:1083} INFO - Dependencies all met for <TaskInstance: airbyte_dynamic_connection.wait_for_airbyte_idle manual__2025-08-28T11:02:58.172171+00:00 [queued]>
[2025-08-28T11:03:01.407+0000] {taskinstance.py:1279} INFO - 
--------------------------------------------------------------------------------
[2025-08-28T11:03:01.407+0000] {taskinstance.py:1280} INFO - Starting attempt 1 of 1
[2025-08-28T11:03:01.407+0000] {taskinstance.py:1281} INFO - 
--------------------------------------------------------------------------------
[2025-08-28T11:03:01.418+0000] {taskinstance.py:1300} INFO - Executing <Task(AirbyteJobSensor): wait_for_airbyte_idle> on 2025-08-28 11:02:58.172171+00:00
[2025-08-28T11:03:01.422+0000] {standard_task_runner.py:55} INFO - Started process 46290 to run task
[2025-08-28T11:03:01.426+0000] {standard_task_runner.py:82} INFO - Running: ['***', 'tasks', 'run', 'airbyte_dynamic_connection', 'wait_for_airbyte_idle', 'manual__2025-08-28T11:02:58.172171+00:00', '--job-id', '27', '--raw', '--subdir', 'DAGS_FOLDER/dynamic-airbyte-with-***.py', '--cfg-path', '/tmp/tmpl6a750mi']
[2025-08-28T11:03:01.430+0000] {standard_task_runner.py:83} INFO - Job 27: Subtask wait_for_airbyte_idle
[2025-08-28T11:03:01.477+0000] {task_command.py:388} INFO - Running <TaskInstance: airbyte_dynamic_connection.wait_for_airbyte_idle manual__2025-08-28T11:02:58.172171+00:00 [running]> on host 966b32814b47
[2025-08-28T11:03:01.536+0000] {taskinstance.py:1509} INFO - Exporting the following env vars:
AIRFLOW_CTX_DAG_OWNER=***
AIRFLOW_CTX_DAG_ID=airbyte_dynamic_connection
AIRFLOW_CTX_TASK_ID=wait_for_airbyte_idle
AIRFLOW_CTX_EXECUTION_DATE=2025-08-28T11:02:58.172171+00:00
AIRFLOW_CTX_TRY_NUMBER=1
AIRFLOW_CTX_DAG_RUN_ID=manual__2025-08-28T11:02:58.172171+00:00
[2025-08-28T11:03:01.660+0000] {dynamic-airbyte-with-airflow.py:38} INFO - No running jobs. Proceeding.
[2025-08-28T11:03:01.660+0000] {base.py:228} INFO - Success criteria met. Exiting.
[2025-08-28T11:03:01.669+0000] {taskinstance.py:1323} INFO - Marking task as SUCCESS. dag_id=airbyte_dynamic_connection, task_id=wait_for_airbyte_idle, execution_date=20250828T110258, start_date=20250828T110301, end_date=20250828T110301
[2025-08-28T11:03:01.687+0000] {local_task_job.py:208} INFO - Task exited with return code 0
[2025-08-28T11:03:01.705+0000] {taskinstance.py:2578} INFO - 1 downstream tasks scheduled from follow-on schedule check
