{"timestamp":"2025-09-05T13:49:09.602417","level":"info","event":"DAG bundles loaded: dags-folder, example_dags","logger":"airflow.dag_processing.bundles.manager.DagBundlesManager"}
{"timestamp":"2025-09-05T13:49:09.603272","level":"info","event":"Filling up the DagBag from /opt/airflow/dags/airbyte-and-dbt-with-airflow.py","logger":"airflow.models.dagbag.DagBag"}
{"timestamp":"2025-09-05T13:49:09.631205","level":"info","event":"Trying to parse the dbt project using dbt ls cache cosmos_cache__airbyte_dynamic_connection__dbt_dynamic_alias...","logger":"cosmos.dbt.graph"}
{"timestamp":"2025-09-05T13:49:09.665432","level":"info","event":"Cosmos performance: time to calculate cache identifier cosmos_cache__airbyte_dynamic_connection__dbt_dynamic_alias for current version: 0.026499166997382417","logger":"cosmos.cache"}
{"timestamp":"2025-09-05T13:49:09.665640","level":"info","event":"Cosmos performance [5f5c1e41ce68|236]: The cache size for cosmos_cache__airbyte_dynamic_connection__dbt_dynamic_alias is 4058","logger":"cosmos.dbt.graph"}
{"timestamp":"2025-09-05T13:49:09.665906","level":"info","event":"Cosmos performance: Cache hit for cosmos_cache__airbyte_dynamic_connection__dbt_dynamic_alias - 7f6c90e7b7fbd54d95119723ba858828,d41d8cd98f00b204e9800998ecf8427e","logger":"cosmos.dbt.graph"}
{"timestamp":"2025-09-05T13:49:09.666342","level":"info","event":"Total nodes: 5","logger":"cosmos.dbt.graph"}
{"timestamp":"2025-09-05T13:49:09.666389","level":"info","event":"Total filtered nodes: 5","logger":"cosmos.dbt.graph"}
{"timestamp":"2025-09-05T13:49:09.666460","level":"info","event":"Cosmos performance (airbyte_dynamic_connection__dbt_dynamic_alias) -  [5f5c1e41ce68|236]: It took 0.0354s to parse the dbt project for DAG using LoadMode.DBT_LS_CACHE","logger":"cosmos.converter"}
{"timestamp":"2025-09-05T13:49:09.666747","level":"info","event":"Project /opt/airflow/dbt/my_project_dbt does not have {'packages.yml', 'dependencies.yml'}","logger":"cosmos.dbt.project"}
{"timestamp":"2025-09-05T13:49:09.667565","level":"info","event":"Project /opt/airflow/dbt/my_project_dbt does not have {'packages.yml', 'dependencies.yml'}","logger":"cosmos.dbt.project"}
{"timestamp":"2025-09-05T13:49:09.668399","level":"info","event":"Project /opt/airflow/dbt/my_project_dbt does not have {'packages.yml', 'dependencies.yml'}","logger":"cosmos.dbt.project"}
{"timestamp":"2025-09-05T13:49:09.668888","level":"info","event":"Project /opt/airflow/dbt/my_project_dbt does not have {'packages.yml', 'dependencies.yml'}","logger":"cosmos.dbt.project"}
{"timestamp":"2025-09-05T13:49:09.669510","level":"info","event":"Project /opt/airflow/dbt/my_project_dbt does not have {'packages.yml', 'dependencies.yml'}","logger":"cosmos.dbt.project"}
{"timestamp":"2025-09-05T13:49:09.670114","level":"info","event":"Project /opt/airflow/dbt/my_project_dbt does not have {'packages.yml', 'dependencies.yml'}","logger":"cosmos.dbt.project"}
{"timestamp":"2025-09-05T13:49:09.671065","level":"info","event":"Cosmos performance (airbyte_dynamic_connection__dbt_dynamic_alias) - [5f5c1e41ce68|236]: It took 0.00462s to build the Airflow DAG.","logger":"cosmos.converter"}
{"timestamp":"2025-09-05T13:49:09.671819","level":"warning","event":"/home/airflow/.local/lib/python3.12/site-packages/pydantic/main.py:463: UserWarning: Pydantic serializer warnings:\n  PydanticSerializationUnexpectedValue(Expected `str` - serialized value may not be as expected [input_value={'version': '7f6c90e7b7fb...d': 'dbt_dynamic_alias'}, input_type=dict])\n  return self.__pydantic_serializer__.to_python(\n","logger":"py.warnings"}
{"timestamp":"2025-09-05T13:49:09.675745Z","level":"info","event":"Task instance is in running state","chan":"stdout","logger":"task"}
{"timestamp":"2025-09-05T13:49:09.675907Z","level":"info","event":" Previous state of the Task instance: TaskInstanceState.QUEUED","chan":"stdout","logger":"task"}
{"timestamp":"2025-09-05T13:49:09.677024Z","level":"info","event":"Current task name:create_airbyte_connection","chan":"stdout","logger":"task"}
{"timestamp":"2025-09-05T13:49:09.677110Z","level":"info","event":"Dag name:airbyte_dynamic_connection","chan":"stdout","logger":"task"}
{"timestamp":"2025-09-05T13:49:09.984654","level":"info","event":"✅ Created Airbyte connection: 26c0a8c5-1804-49de-84b5-d193a89849b1","logger":"airflow.task.operators.unusual_prefix_ac7f737a65185fdcf9ad4977cf05b6ee6574fc89_airbyte_and_dbt_with_airflow.AirbyteConnectionCreator"}
{"timestamp":"2025-09-05T13:49:29.988540","level":"info","event":"Airbyte connection already created: 26c0a8c5-1804-49de-84b5-d193a89849b1","logger":"airflow.task.operators.unusual_prefix_ac7f737a65185fdcf9ad4977cf05b6ee6574fc89_airbyte_and_dbt_with_airflow.AirbyteConnectionCreator"}
{"timestamp":"2025-09-05T13:49:30.208969","level":"info","event":"Job(s) still running for connection 26c0a8c5-1804-49de-84b5-d193a89849b1","logger":"airflow.task.operators.unusual_prefix_ac7f737a65185fdcf9ad4977cf05b6ee6574fc89_airbyte_and_dbt_with_airflow.AirbyteConnectionCreator"}
{"timestamp":"2025-09-05T13:49:50.212834","level":"info","event":"Airbyte connection already created: 26c0a8c5-1804-49de-84b5-d193a89849b1","logger":"airflow.task.operators.unusual_prefix_ac7f737a65185fdcf9ad4977cf05b6ee6574fc89_airbyte_and_dbt_with_airflow.AirbyteConnectionCreator"}
{"timestamp":"2025-09-05T13:49:50.289662","level":"info","event":"Job(s) still running for connection 26c0a8c5-1804-49de-84b5-d193a89849b1","logger":"airflow.task.operators.unusual_prefix_ac7f737a65185fdcf9ad4977cf05b6ee6574fc89_airbyte_and_dbt_with_airflow.AirbyteConnectionCreator"}
{"timestamp":"2025-09-05T13:50:10.292206","level":"info","event":"Airbyte connection already created: 26c0a8c5-1804-49de-84b5-d193a89849b1","logger":"airflow.task.operators.unusual_prefix_ac7f737a65185fdcf9ad4977cf05b6ee6574fc89_airbyte_and_dbt_with_airflow.AirbyteConnectionCreator"}
{"timestamp":"2025-09-05T13:50:10.356340","level":"info","event":"No running jobs for connection 26c0a8c5-1804-49de-84b5-d193a89849b1. Proceeding.","logger":"airflow.task.operators.unusual_prefix_ac7f737a65185fdcf9ad4977cf05b6ee6574fc89_airbyte_and_dbt_with_airflow.AirbyteConnectionCreator"}
{"timestamp":"2025-09-05T13:50:10.356607","level":"info","event":"Success criteria met. Exiting.","logger":"airflow.task.operators.unusual_prefix_ac7f737a65185fdcf9ad4977cf05b6ee6574fc89_airbyte_and_dbt_with_airflow.AirbyteConnectionCreator"}
{"timestamp":"2025-09-05T13:50:10.381930Z","level":"info","event":"Task instance in success state","chan":"stdout","logger":"task"}
{"timestamp":"2025-09-05T13:50:10.382072Z","level":"info","event":" Previous state of the Task instance: TaskInstanceState.RUNNING","chan":"stdout","logger":"task"}
{"timestamp":"2025-09-05T13:50:10.384802Z","level":"info","event":"Task operator:<Task(AirbyteConnectionCreator): create_airbyte_connection>","chan":"stdout","logger":"task"}
