{"timestamp":"2025-09-16T10:06:16.556321","level":"info","event":"DAG bundles loaded: dags-folder, example_dags","logger":"airflow.dag_processing.bundles.manager.DagBundlesManager"}
{"timestamp":"2025-09-16T10:06:16.556693","level":"info","event":"Filling up the DagBag from /opt/airflow/dags/airbyte-and-dbt-with-airflow.py","logger":"airflow.models.dagbag.DagBag"}
{"timestamp":"2025-09-16T10:06:16.578233","level":"info","event":"Trying to parse the dbt project using dbt ls cache cosmos_cache__airbyte_dynamic_connection__dbt_dynamic_alias...","logger":"cosmos.dbt.graph"}
{"timestamp":"2025-09-16T10:06:16.617721","level":"info","event":"Cosmos performance: time to calculate cache identifier cosmos_cache__airbyte_dynamic_connection__dbt_dynamic_alias for current version: 0.03156549998675473","logger":"cosmos.cache"}
{"timestamp":"2025-09-16T10:06:16.617853","level":"info","event":"Cosmos performance [5db252634e93|1788]: The cache size for cosmos_cache__airbyte_dynamic_connection__dbt_dynamic_alias is 4058","logger":"cosmos.dbt.graph"}
{"timestamp":"2025-09-16T10:06:16.618087","level":"info","event":"Cosmos performance: Cache hit for cosmos_cache__airbyte_dynamic_connection__dbt_dynamic_alias - 7f6c90e7b7fbd54d95119723ba858828,d41d8cd98f00b204e9800998ecf8427e","logger":"cosmos.dbt.graph"}
{"timestamp":"2025-09-16T10:06:16.618394","level":"info","event":"Total nodes: 5","logger":"cosmos.dbt.graph"}
{"timestamp":"2025-09-16T10:06:16.618434","level":"info","event":"Total filtered nodes: 5","logger":"cosmos.dbt.graph"}
{"timestamp":"2025-09-16T10:06:16.618486","level":"info","event":"Cosmos performance (airbyte_dynamic_connection__dbt_dynamic_alias) -  [5db252634e93|1788]: It took 0.0404s to parse the dbt project for DAG using LoadMode.DBT_LS_CACHE","logger":"cosmos.converter"}
{"timestamp":"2025-09-16T10:06:16.618734","level":"info","event":"Project /opt/airflow/dbt/my_project_dbt does not have {'packages.yml', 'dependencies.yml'}","logger":"cosmos.dbt.project"}
{"timestamp":"2025-09-16T10:06:16.619475","level":"info","event":"Project /opt/airflow/dbt/my_project_dbt does not have {'packages.yml', 'dependencies.yml'}","logger":"cosmos.dbt.project"}
{"timestamp":"2025-09-16T10:06:16.620121","level":"info","event":"Project /opt/airflow/dbt/my_project_dbt does not have {'packages.yml', 'dependencies.yml'}","logger":"cosmos.dbt.project"}
{"timestamp":"2025-09-16T10:06:16.620513","level":"info","event":"Project /opt/airflow/dbt/my_project_dbt does not have {'packages.yml', 'dependencies.yml'}","logger":"cosmos.dbt.project"}
{"timestamp":"2025-09-16T10:06:16.620870","level":"info","event":"Project /opt/airflow/dbt/my_project_dbt does not have {'packages.yml', 'dependencies.yml'}","logger":"cosmos.dbt.project"}
{"timestamp":"2025-09-16T10:06:16.621288","level":"info","event":"Project /opt/airflow/dbt/my_project_dbt does not have {'packages.yml', 'dependencies.yml'}","logger":"cosmos.dbt.project"}
{"timestamp":"2025-09-16T10:06:16.622200","level":"info","event":"Cosmos performance (airbyte_dynamic_connection__dbt_dynamic_alias) - [5db252634e93|1788]: It took 0.00373s to build the Airflow DAG.","logger":"cosmos.converter"}
{"timestamp":"2025-09-16T10:06:16.623106","level":"warning","event":"/home/airflow/.local/lib/python3.12/site-packages/pydantic/main.py:463: UserWarning: Pydantic serializer warnings:\n  PydanticSerializationUnexpectedValue(Expected `str` - serialized value may not be as expected [input_value={'version': '7f6c90e7b7fb...d': 'dbt_dynamic_alias'}, input_type=dict])\n  return self.__pydantic_serializer__.to_python(\n","logger":"py.warnings"}
{"timestamp":"2025-09-16T10:06:16.660631Z","level":"info","event":"Task instance is in running state","chan":"stdout","logger":"task"}
{"timestamp":"2025-09-16T10:06:16.660798Z","level":"info","event":" Previous state of the Task instance: TaskInstanceState.QUEUED","chan":"stdout","logger":"task"}
{"timestamp":"2025-09-16T10:06:16.661872Z","level":"info","event":"Current task name:trigger_airbyte_sync","chan":"stdout","logger":"task"}
{"timestamp":"2025-09-16T10:06:16.661988Z","level":"info","event":"Dag name:airbyte_dynamic_connection","chan":"stdout","logger":"task"}
{"timestamp":"2025-09-16T10:06:16.664755","level":"warning","event":"/home/airflow/.local/lib/python3.12/site-packages/airflow/models/connection.py:471: DeprecationWarning: Using Connection.get_connection_from_secrets from `airflow.models` is deprecated.Please use `from airflow.sdk import Connection` instead\n  warnings.warn(\n","logger":"py.warnings"}
{"timestamp":"2025-09-16T10:06:16.670083","level":"info","event":"Connection Retrieved 'airbyte-with-airflow'","logger":"airflow.hooks.base"}
{"timestamp":"2025-09-16T10:06:17.125133","level":"info","event":"Job 6 was submitted to Airbyte Server","logger":"airflow.task.operators.airflow.providers.airbyte.operators.airbyte.AirbyteTriggerSyncOperator"}
{"timestamp":"2025-09-16T10:06:17.125259","level":"info","event":"Waiting for job 6 to complete","logger":"airflow.task.operators.airflow.providers.airbyte.operators.airbyte.AirbyteTriggerSyncOperator"}
{"timestamp":"2025-09-16T10:06:47.172922","level":"info","event":"Connection Retrieved 'airbyte-with-airflow'","logger":"airflow.hooks.base"}
{"timestamp":"2025-09-16T10:06:47.233900","level":"info","event":"Job 6 completed successfully","logger":"airflow.task.operators.airflow.providers.airbyte.operators.airbyte.AirbyteTriggerSyncOperator"}
{"timestamp":"2025-09-16T10:06:47.235732","level":"info","event":"Pushing xcom","ti":"RuntimeTaskInstance(id=UUID('019951fc-1893-7101-baac-9baaa5cdf9f3'), task_id='trigger_airbyte_sync', dag_id='airbyte_dynamic_connection', run_id='manual__2025-09-16T10:04:59.855132+00:00', try_number=1, map_index=-1, hostname='5db252634e93', context_carrier={}, task=<Task(AirbyteTriggerSyncOperator): trigger_airbyte_sync>, bundle_instance=LocalDagBundle(name=dags-folder), max_tries=0, start_date=datetime.datetime(2025, 9, 16, 10, 6, 16, 211525, tzinfo=datetime.timezone.utc), end_date=None, state=<TaskInstanceState.RUNNING: 'running'>, is_mapped=False, rendered_map_index=None, log_url='http://localhost:8080/dags/airbyte_dynamic_connection/runs/manual__2025-09-16T10%3A04%3A59.855132%2B00%3A00/tasks/trigger_airbyte_sync?try_number=1')","logger":"task"}
{"timestamp":"2025-09-16T10:06:47.283878Z","level":"info","event":"Task instance in success state","chan":"stdout","logger":"task"}
{"timestamp":"2025-09-16T10:06:47.284059Z","level":"info","event":" Previous state of the Task instance: TaskInstanceState.RUNNING","chan":"stdout","logger":"task"}
{"timestamp":"2025-09-16T10:06:47.286568Z","level":"info","event":"Task operator:<Task(AirbyteTriggerSyncOperator): trigger_airbyte_sync>","chan":"stdout","logger":"task"}
