{"timestamp":"2025-10-07T14:24:52.218598","level":"info","event":"DAG bundles loaded: dags-folder, example_dags","logger":"airflow.dag_processing.bundles.manager.DagBundlesManager"}
{"timestamp":"2025-10-07T14:24:52.218911","level":"info","event":"Filling up the DagBag from /opt/airflow/dags/airbyte-and-dbt-with-airflow.py","logger":"airflow.models.dagbag.DagBag"}
{"timestamp":"2025-10-07T14:24:52.228867","level":"info","event":"Trying to parse the dbt project using dbt ls cache cosmos_cache__airbyte_dynamic_connection__dbt_dynamic_alias...","logger":"cosmos.dbt.graph"}
{"timestamp":"2025-10-07T14:24:52.259070","level":"info","event":"Cosmos performance: time to calculate cache identifier cosmos_cache__airbyte_dynamic_connection__dbt_dynamic_alias for current version: 0.024793250000016087","logger":"cosmos.cache"}
{"timestamp":"2025-10-07T14:24:52.259170","level":"info","event":"Cosmos performance [5db252634e93|155]: The cache size for cosmos_cache__airbyte_dynamic_connection__dbt_dynamic_alias is 4058","logger":"cosmos.dbt.graph"}
{"timestamp":"2025-10-07T14:24:52.259348","level":"info","event":"Cosmos performance: Cache hit for cosmos_cache__airbyte_dynamic_connection__dbt_dynamic_alias - 7f6c90e7b7fbd54d95119723ba858828,d41d8cd98f00b204e9800998ecf8427e","logger":"cosmos.dbt.graph"}
{"timestamp":"2025-10-07T14:24:52.259632","level":"info","event":"Total nodes: 5","logger":"cosmos.dbt.graph"}
{"timestamp":"2025-10-07T14:24:52.259676","level":"info","event":"Total filtered nodes: 5","logger":"cosmos.dbt.graph"}
{"timestamp":"2025-10-07T14:24:52.259721","level":"info","event":"Cosmos performance (airbyte_dynamic_connection__dbt_dynamic_alias) -  [5db252634e93|155]: It took 0.0311s to parse the dbt project for DAG using LoadMode.DBT_LS_CACHE","logger":"cosmos.converter"}
{"timestamp":"2025-10-07T14:24:52.259975","level":"info","event":"Project /opt/airflow/dbt/my_project_dbt does not have {'dependencies.yml', 'packages.yml'}","logger":"cosmos.dbt.project"}
{"timestamp":"2025-10-07T14:24:52.260607","level":"info","event":"Project /opt/airflow/dbt/my_project_dbt does not have {'dependencies.yml', 'packages.yml'}","logger":"cosmos.dbt.project"}
{"timestamp":"2025-10-07T14:24:52.261207","level":"info","event":"Project /opt/airflow/dbt/my_project_dbt does not have {'dependencies.yml', 'packages.yml'}","logger":"cosmos.dbt.project"}
{"timestamp":"2025-10-07T14:24:52.261572","level":"info","event":"Project /opt/airflow/dbt/my_project_dbt does not have {'dependencies.yml', 'packages.yml'}","logger":"cosmos.dbt.project"}
{"timestamp":"2025-10-07T14:24:52.262081","level":"info","event":"Project /opt/airflow/dbt/my_project_dbt does not have {'dependencies.yml', 'packages.yml'}","logger":"cosmos.dbt.project"}
{"timestamp":"2025-10-07T14:24:52.262688","level":"info","event":"Project /opt/airflow/dbt/my_project_dbt does not have {'dependencies.yml', 'packages.yml'}","logger":"cosmos.dbt.project"}
{"timestamp":"2025-10-07T14:24:52.263240","level":"info","event":"Cosmos performance (airbyte_dynamic_connection__dbt_dynamic_alias) - [5db252634e93|155]: It took 0.00353s to build the Airflow DAG.","logger":"cosmos.converter"}
{"timestamp":"2025-10-07T14:24:52.263746","level":"warning","event":"/home/airflow/.local/lib/python3.12/site-packages/pydantic/main.py:463: UserWarning: Pydantic serializer warnings:\n  PydanticSerializationUnexpectedValue(Expected `str` - serialized value may not be as expected [input_value={'version': '7f6c90e7b7fb...d': 'dbt_dynamic_alias'}, input_type=dict])\n  return self.__pydantic_serializer__.to_python(\n","logger":"py.warnings"}
{"timestamp":"2025-10-07T14:24:52.266958Z","level":"info","event":"Task instance is in running state","chan":"stdout","logger":"task"}
{"timestamp":"2025-10-07T14:24:52.267078Z","level":"info","event":" Previous state of the Task instance: TaskInstanceState.QUEUED","chan":"stdout","logger":"task"}
{"timestamp":"2025-10-07T14:24:52.267942Z","level":"info","event":"Current task name:create_airbyte_connection","chan":"stdout","logger":"task"}
{"timestamp":"2025-10-07T14:24:52.268014Z","level":"info","event":"Dag name:airbyte_dynamic_connection","chan":"stdout","logger":"task"}
{"timestamp":"2025-10-07T14:24:52.592242","level":"info","event":"✅ Created Airbyte connection: 27ccf67f-87ce-4678-8a46-c04ec39ef3b4","logger":"airflow.task.operators.unusual_prefix_ac7f737a65185fdcf9ad4977cf05b6ee6574fc89_airbyte_and_dbt_with_airflow.AirbyteConnectionCreator"}
{"timestamp":"2025-10-07T14:25:12.593685","level":"info","event":"Airbyte connection already created: 27ccf67f-87ce-4678-8a46-c04ec39ef3b4","logger":"airflow.task.operators.unusual_prefix_ac7f737a65185fdcf9ad4977cf05b6ee6574fc89_airbyte_and_dbt_with_airflow.AirbyteConnectionCreator"}
{"timestamp":"2025-10-07T14:25:12.796052","level":"info","event":"Job(s) still running for connection 27ccf67f-87ce-4678-8a46-c04ec39ef3b4","logger":"airflow.task.operators.unusual_prefix_ac7f737a65185fdcf9ad4977cf05b6ee6574fc89_airbyte_and_dbt_with_airflow.AirbyteConnectionCreator"}
{"timestamp":"2025-10-07T14:25:32.798233","level":"info","event":"Airbyte connection already created: 27ccf67f-87ce-4678-8a46-c04ec39ef3b4","logger":"airflow.task.operators.unusual_prefix_ac7f737a65185fdcf9ad4977cf05b6ee6574fc89_airbyte_and_dbt_with_airflow.AirbyteConnectionCreator"}
{"timestamp":"2025-10-07T14:25:32.911128","level":"info","event":"Job(s) still running for connection 27ccf67f-87ce-4678-8a46-c04ec39ef3b4","logger":"airflow.task.operators.unusual_prefix_ac7f737a65185fdcf9ad4977cf05b6ee6574fc89_airbyte_and_dbt_with_airflow.AirbyteConnectionCreator"}
{"timestamp":"2025-10-07T14:25:52.914991","level":"info","event":"Airbyte connection already created: 27ccf67f-87ce-4678-8a46-c04ec39ef3b4","logger":"airflow.task.operators.unusual_prefix_ac7f737a65185fdcf9ad4977cf05b6ee6574fc89_airbyte_and_dbt_with_airflow.AirbyteConnectionCreator"}
{"timestamp":"2025-10-07T14:25:52.993378","level":"info","event":"No running jobs for connection 27ccf67f-87ce-4678-8a46-c04ec39ef3b4. Proceeding.","logger":"airflow.task.operators.unusual_prefix_ac7f737a65185fdcf9ad4977cf05b6ee6574fc89_airbyte_and_dbt_with_airflow.AirbyteConnectionCreator"}
{"timestamp":"2025-10-07T14:25:52.993677","level":"info","event":"Success criteria met. Exiting.","logger":"airflow.task.operators.unusual_prefix_ac7f737a65185fdcf9ad4977cf05b6ee6574fc89_airbyte_and_dbt_with_airflow.AirbyteConnectionCreator"}
{"timestamp":"2025-10-07T14:25:53.006799Z","level":"info","event":"Task instance in success state","chan":"stdout","logger":"task"}
{"timestamp":"2025-10-07T14:25:53.006960Z","level":"info","event":" Previous state of the Task instance: TaskInstanceState.RUNNING","chan":"stdout","logger":"task"}
{"timestamp":"2025-10-07T14:25:53.009671Z","level":"info","event":"Task operator:<Task(AirbyteConnectionCreator): create_airbyte_connection>","chan":"stdout","logger":"task"}
