[2025-08-28T11:22:45.297+0000] {taskinstance.py:1083} INFO - Dependencies all met for <TaskInstance: airbyte_dynamic_connection.create_airbyte_connection manual__2025-08-28T11:19:02.440577+00:00 [queued]>
[2025-08-28T11:22:45.302+0000] {taskinstance.py:1083} INFO - Dependencies all met for <TaskInstance: airbyte_dynamic_connection.create_airbyte_connection manual__2025-08-28T11:19:02.440577+00:00 [queued]>
[2025-08-28T11:22:45.302+0000] {taskinstance.py:1279} INFO - 
--------------------------------------------------------------------------------
[2025-08-28T11:22:45.302+0000] {taskinstance.py:1280} INFO - Starting attempt 1 of 1
[2025-08-28T11:22:45.303+0000] {taskinstance.py:1281} INFO - 
--------------------------------------------------------------------------------
[2025-08-28T11:22:45.308+0000] {taskinstance.py:1300} INFO - Executing <Task(PythonOperator): create_airbyte_connection> on 2025-08-28 11:19:02.440577+00:00
[2025-08-28T11:22:45.311+0000] {standard_task_runner.py:55} INFO - Started process 59 to run task
[2025-08-28T11:22:45.313+0000] {standard_task_runner.py:82} INFO - Running: ['***', 'tasks', 'run', 'airbyte_dynamic_connection', 'create_airbyte_connection', 'manual__2025-08-28T11:19:02.440577+00:00', '--job-id', '41', '--raw', '--subdir', 'DAGS_FOLDER/dynamic-airbyte-with-***.py', '--cfg-path', '/tmp/tmpoeinevan']
[2025-08-28T11:22:45.313+0000] {standard_task_runner.py:83} INFO - Job 41: Subtask create_airbyte_connection
[2025-08-28T11:22:45.344+0000] {task_command.py:388} INFO - Running <TaskInstance: airbyte_dynamic_connection.create_airbyte_connection manual__2025-08-28T11:19:02.440577+00:00 [running]> on host 966b32814b47
[2025-08-28T11:22:45.382+0000] {taskinstance.py:1509} INFO - Exporting the following env vars:
AIRFLOW_CTX_DAG_OWNER=***
AIRFLOW_CTX_DAG_ID=airbyte_dynamic_connection
AIRFLOW_CTX_TASK_ID=create_airbyte_connection
AIRFLOW_CTX_EXECUTION_DATE=2025-08-28T11:19:02.440577+00:00
AIRFLOW_CTX_TRY_NUMBER=1
AIRFLOW_CTX_DAG_RUN_ID=manual__2025-08-28T11:19:02.440577+00:00
[2025-08-28T11:22:45.907+0000] {python.py:177} INFO - Done. Returned value was: None
[2025-08-28T11:22:45.913+0000] {taskinstance.py:1323} INFO - Marking task as SUCCESS. dag_id=airbyte_dynamic_connection, task_id=create_airbyte_connection, execution_date=20250828T111902, start_date=20250828T112245, end_date=20250828T112245
[2025-08-28T11:22:45.944+0000] {local_task_job.py:208} INFO - Task exited with return code 0
[2025-08-28T11:22:45.964+0000] {taskinstance.py:2578} INFO - 1 downstream tasks scheduled from follow-on schedule check
