[2025-08-28T12:42:43.028+0000] {taskinstance.py:1083} INFO - Dependencies all met for <TaskInstance: airbyte_dynamic_connection.create_airbyte_connection manual__2025-08-28T12:42:41.390074+00:00 [queued]>
[2025-08-28T12:42:43.031+0000] {taskinstance.py:1083} INFO - Dependencies all met for <TaskInstance: airbyte_dynamic_connection.create_airbyte_connection manual__2025-08-28T12:42:41.390074+00:00 [queued]>
[2025-08-28T12:42:43.032+0000] {taskinstance.py:1279} INFO - 
--------------------------------------------------------------------------------
[2025-08-28T12:42:43.032+0000] {taskinstance.py:1280} INFO - Starting attempt 1 of 1
[2025-08-28T12:42:43.032+0000] {taskinstance.py:1281} INFO - 
--------------------------------------------------------------------------------
[2025-08-28T12:42:43.036+0000] {taskinstance.py:1300} INFO - Executing <Task(PythonOperator): create_airbyte_connection> on 2025-08-28 12:42:41.390074+00:00
[2025-08-28T12:42:43.039+0000] {standard_task_runner.py:55} INFO - Started process 3382 to run task
[2025-08-28T12:42:43.041+0000] {standard_task_runner.py:82} INFO - Running: ['***', 'tasks', 'run', 'airbyte_dynamic_connection', 'create_airbyte_connection', 'manual__2025-08-28T12:42:41.390074+00:00', '--job-id', '111', '--raw', '--subdir', 'DAGS_FOLDER/dynamic-airbyte-with-***.py', '--cfg-path', '/tmp/tmp307sn6e8']
[2025-08-28T12:42:43.041+0000] {standard_task_runner.py:83} INFO - Job 111: Subtask create_airbyte_connection
[2025-08-28T12:42:43.074+0000] {task_command.py:388} INFO - Running <TaskInstance: airbyte_dynamic_connection.create_airbyte_connection manual__2025-08-28T12:42:41.390074+00:00 [running]> on host 966b32814b47
[2025-08-28T12:42:43.106+0000] {taskinstance.py:1509} INFO - Exporting the following env vars:
AIRFLOW_CTX_DAG_OWNER=***
AIRFLOW_CTX_DAG_ID=airbyte_dynamic_connection
AIRFLOW_CTX_TASK_ID=create_airbyte_connection
AIRFLOW_CTX_EXECUTION_DATE=2025-08-28T12:42:41.390074+00:00
AIRFLOW_CTX_TRY_NUMBER=1
AIRFLOW_CTX_DAG_RUN_ID=manual__2025-08-28T12:42:41.390074+00:00
[2025-08-28T12:42:43.434+0000] {python.py:177} INFO - Done. Returned value was: None
[2025-08-28T12:42:43.442+0000] {taskinstance.py:1323} INFO - Marking task as SUCCESS. dag_id=airbyte_dynamic_connection, task_id=create_airbyte_connection, execution_date=20250828T124241, start_date=20250828T124243, end_date=20250828T124243
[2025-08-28T12:42:43.467+0000] {local_task_job.py:208} INFO - Task exited with return code 0
[2025-08-28T12:42:43.491+0000] {taskinstance.py:2578} INFO - 1 downstream tasks scheduled from follow-on schedule check
