{"timestamp":"2025-09-05T13:55:01.255769","level":"info","event":"DAG bundles loaded: dags-folder, example_dags","logger":"airflow.dag_processing.bundles.manager.DagBundlesManager"}
{"timestamp":"2025-09-05T13:55:01.256186","level":"info","event":"Filling up the DagBag from /opt/airflow/dags/airbyte-and-dbt-with-airflow.py","logger":"airflow.models.dagbag.DagBag"}
{"timestamp":"2025-09-05T13:55:01.268550","level":"info","event":"Trying to parse the dbt project using dbt ls cache cosmos_cache__airbyte_dynamic_connection__dbt_dynamic_alias...","logger":"cosmos.dbt.graph"}
{"timestamp":"2025-09-05T13:55:01.307092","level":"info","event":"Cosmos performance: time to calculate cache identifier cosmos_cache__airbyte_dynamic_connection__dbt_dynamic_alias for current version: 0.030320916004711762","logger":"cosmos.cache"}
{"timestamp":"2025-09-05T13:55:01.307228","level":"info","event":"Cosmos performance [5f5c1e41ce68|500]: The cache size for cosmos_cache__airbyte_dynamic_connection__dbt_dynamic_alias is 4058","logger":"cosmos.dbt.graph"}
{"timestamp":"2025-09-05T13:55:01.307477","level":"info","event":"Cosmos performance: Cache hit for cosmos_cache__airbyte_dynamic_connection__dbt_dynamic_alias - 7f6c90e7b7fbd54d95119723ba858828,d41d8cd98f00b204e9800998ecf8427e","logger":"cosmos.dbt.graph"}
{"timestamp":"2025-09-05T13:55:01.307859","level":"info","event":"Total nodes: 5","logger":"cosmos.dbt.graph"}
{"timestamp":"2025-09-05T13:55:01.307901","level":"info","event":"Total filtered nodes: 5","logger":"cosmos.dbt.graph"}
{"timestamp":"2025-09-05T13:55:01.307955","level":"info","event":"Cosmos performance (airbyte_dynamic_connection__dbt_dynamic_alias) -  [5f5c1e41ce68|500]: It took 0.0395s to parse the dbt project for DAG using LoadMode.DBT_LS_CACHE","logger":"cosmos.converter"}
{"timestamp":"2025-09-05T13:55:01.308268","level":"info","event":"Project /opt/airflow/dbt/my_project_dbt does not have {'packages.yml', 'dependencies.yml'}","logger":"cosmos.dbt.project"}
{"timestamp":"2025-09-05T13:55:01.309082","level":"info","event":"Project /opt/airflow/dbt/my_project_dbt does not have {'packages.yml', 'dependencies.yml'}","logger":"cosmos.dbt.project"}
{"timestamp":"2025-09-05T13:55:01.309957","level":"info","event":"Project /opt/airflow/dbt/my_project_dbt does not have {'packages.yml', 'dependencies.yml'}","logger":"cosmos.dbt.project"}
{"timestamp":"2025-09-05T13:55:01.310495","level":"info","event":"Project /opt/airflow/dbt/my_project_dbt does not have {'packages.yml', 'dependencies.yml'}","logger":"cosmos.dbt.project"}
{"timestamp":"2025-09-05T13:55:01.310943","level":"info","event":"Project /opt/airflow/dbt/my_project_dbt does not have {'packages.yml', 'dependencies.yml'}","logger":"cosmos.dbt.project"}
{"timestamp":"2025-09-05T13:55:01.311370","level":"info","event":"Project /opt/airflow/dbt/my_project_dbt does not have {'packages.yml', 'dependencies.yml'}","logger":"cosmos.dbt.project"}
{"timestamp":"2025-09-05T13:55:01.312043","level":"info","event":"Cosmos performance (airbyte_dynamic_connection__dbt_dynamic_alias) - [5f5c1e41ce68|500]: It took 0.00409s to build the Airflow DAG.","logger":"cosmos.converter"}
{"timestamp":"2025-09-05T13:55:01.312654","level":"warning","event":"/home/airflow/.local/lib/python3.12/site-packages/pydantic/main.py:463: UserWarning: Pydantic serializer warnings:\n  PydanticSerializationUnexpectedValue(Expected `str` - serialized value may not be as expected [input_value={'version': '7f6c90e7b7fb...d': 'dbt_dynamic_alias'}, input_type=dict])\n  return self.__pydantic_serializer__.to_python(\n","logger":"py.warnings"}
{"timestamp":"2025-09-05T13:55:01.316289Z","level":"info","event":"Task instance is in running state","chan":"stdout","logger":"task"}
{"timestamp":"2025-09-05T13:55:01.316424Z","level":"info","event":" Previous state of the Task instance: TaskInstanceState.QUEUED","chan":"stdout","logger":"task"}
{"timestamp":"2025-09-05T13:55:01.317650Z","level":"info","event":"Current task name:create_airbyte_connection","chan":"stdout","logger":"task"}
{"timestamp":"2025-09-05T13:55:01.317747Z","level":"info","event":"Dag name:airbyte_dynamic_connection","chan":"stdout","logger":"task"}
{"timestamp":"2025-09-05T13:55:01.479841","level":"info","event":"✅ Created Airbyte connection: 4a21f996-b7dd-43a3-91d7-61d61fc9a2f9","logger":"airflow.task.operators.unusual_prefix_ac7f737a65185fdcf9ad4977cf05b6ee6574fc89_airbyte_and_dbt_with_airflow.AirbyteConnectionCreator"}
{"timestamp":"2025-09-05T13:55:21.482381","level":"info","event":"Airbyte connection already created: 4a21f996-b7dd-43a3-91d7-61d61fc9a2f9","logger":"airflow.task.operators.unusual_prefix_ac7f737a65185fdcf9ad4977cf05b6ee6574fc89_airbyte_and_dbt_with_airflow.AirbyteConnectionCreator"}
{"timestamp":"2025-09-05T13:55:21.544306","level":"info","event":"Job(s) still running for connection 4a21f996-b7dd-43a3-91d7-61d61fc9a2f9","logger":"airflow.task.operators.unusual_prefix_ac7f737a65185fdcf9ad4977cf05b6ee6574fc89_airbyte_and_dbt_with_airflow.AirbyteConnectionCreator"}
{"timestamp":"2025-09-05T13:55:41.552955","level":"info","event":"Airbyte connection already created: 4a21f996-b7dd-43a3-91d7-61d61fc9a2f9","logger":"airflow.task.operators.unusual_prefix_ac7f737a65185fdcf9ad4977cf05b6ee6574fc89_airbyte_and_dbt_with_airflow.AirbyteConnectionCreator"}
{"timestamp":"2025-09-05T13:55:41.618748","level":"info","event":"Job(s) still running for connection 4a21f996-b7dd-43a3-91d7-61d61fc9a2f9","logger":"airflow.task.operators.unusual_prefix_ac7f737a65185fdcf9ad4977cf05b6ee6574fc89_airbyte_and_dbt_with_airflow.AirbyteConnectionCreator"}
{"timestamp":"2025-09-05T13:56:01.620736","level":"info","event":"Airbyte connection already created: 4a21f996-b7dd-43a3-91d7-61d61fc9a2f9","logger":"airflow.task.operators.unusual_prefix_ac7f737a65185fdcf9ad4977cf05b6ee6574fc89_airbyte_and_dbt_with_airflow.AirbyteConnectionCreator"}
{"timestamp":"2025-09-05T13:56:01.751079","level":"info","event":"No running jobs for connection 4a21f996-b7dd-43a3-91d7-61d61fc9a2f9. Proceeding.","logger":"airflow.task.operators.unusual_prefix_ac7f737a65185fdcf9ad4977cf05b6ee6574fc89_airbyte_and_dbt_with_airflow.AirbyteConnectionCreator"}
{"timestamp":"2025-09-05T13:56:01.751602","level":"info","event":"Success criteria met. Exiting.","logger":"airflow.task.operators.unusual_prefix_ac7f737a65185fdcf9ad4977cf05b6ee6574fc89_airbyte_and_dbt_with_airflow.AirbyteConnectionCreator"}
{"timestamp":"2025-09-05T13:56:01.772103Z","level":"info","event":"Task instance in success state","chan":"stdout","logger":"task"}
{"timestamp":"2025-09-05T13:56:01.772182Z","level":"info","event":" Previous state of the Task instance: TaskInstanceState.RUNNING","chan":"stdout","logger":"task"}
{"timestamp":"2025-09-05T13:56:01.774987Z","level":"info","event":"Task operator:<Task(AirbyteConnectionCreator): create_airbyte_connection>","chan":"stdout","logger":"task"}
