{"timestamp":"2025-09-05T06:07:29.957289","level":"info","event":"DAG bundles loaded: dags-folder, example_dags","logger":"airflow.dag_processing.bundles.manager.DagBundlesManager"}
{"timestamp":"2025-09-05T06:07:29.957756","level":"info","event":"Filling up the DagBag from /opt/airflow/dags/airbyte-and-dbt-with-airflow.py","logger":"airflow.models.dagbag.DagBag"}
{"timestamp":"2025-09-05T06:07:29.982290","level":"info","event":"Trying to parse the dbt project using dbt ls cache cosmos_cache__airbyte_dynamic_connection__my_project_dbt_group_11...","logger":"cosmos.dbt.graph"}
{"timestamp":"2025-09-05T06:07:30.032226","level":"info","event":"Cosmos performance: time to calculate cache identifier cosmos_cache__airbyte_dynamic_connection__my_project_dbt_group_11 for current version: 0.04188058301224373","logger":"cosmos.cache"}
{"timestamp":"2025-09-05T06:07:30.032364","level":"info","event":"Cosmos performance [5f5c1e41ce68|1481]: The cache size for cosmos_cache__airbyte_dynamic_connection__my_project_dbt_group_11 is 4337","logger":"cosmos.dbt.graph"}
{"timestamp":"2025-09-05T06:07:30.032674","level":"info","event":"Cosmos performance: Cache hit for cosmos_cache__airbyte_dynamic_connection__my_project_dbt_group_11 - 2499a7507d070b7bbbbe009f3f50a3a8,d41d8cd98f00b204e9800998ecf8427e","logger":"cosmos.dbt.graph"}
{"timestamp":"2025-09-05T06:07:30.033155","level":"info","event":"Total nodes: 6","logger":"cosmos.dbt.graph"}
{"timestamp":"2025-09-05T06:07:30.033229","level":"info","event":"Total filtered nodes: 6","logger":"cosmos.dbt.graph"}
{"timestamp":"2025-09-05T06:07:30.033317","level":"info","event":"Cosmos performance (airbyte_dynamic_connection__my_project_dbt_group_11) -  [5f5c1e41ce68|1481]: It took 0.0512s to parse the dbt project for DAG using LoadMode.DBT_LS_CACHE","logger":"cosmos.converter"}
{"timestamp":"2025-09-05T06:07:30.033734","level":"info","event":"Project /opt/airflow/dbt/my_project_dbt does not have {'packages.yml', 'dependencies.yml'}","logger":"cosmos.dbt.project"}
{"timestamp":"2025-09-05T06:07:30.034747","level":"info","event":"Project /opt/airflow/dbt/my_project_dbt does not have {'packages.yml', 'dependencies.yml'}","logger":"cosmos.dbt.project"}
{"timestamp":"2025-09-05T06:07:30.035830","level":"info","event":"Project /opt/airflow/dbt/my_project_dbt does not have {'packages.yml', 'dependencies.yml'}","logger":"cosmos.dbt.project"}
{"timestamp":"2025-09-05T06:07:30.036542","level":"info","event":"Project /opt/airflow/dbt/my_project_dbt does not have {'packages.yml', 'dependencies.yml'}","logger":"cosmos.dbt.project"}
{"timestamp":"2025-09-05T06:07:30.037204","level":"info","event":"Project /opt/airflow/dbt/my_project_dbt does not have {'packages.yml', 'dependencies.yml'}","logger":"cosmos.dbt.project"}
{"timestamp":"2025-09-05T06:07:30.037759","level":"info","event":"Project /opt/airflow/dbt/my_project_dbt does not have {'packages.yml', 'dependencies.yml'}","logger":"cosmos.dbt.project"}
{"timestamp":"2025-09-05T06:07:30.038689","level":"info","event":"Cosmos performance (airbyte_dynamic_connection__my_project_dbt_group_11) - [5f5c1e41ce68|1481]: It took 0.00541s to build the Airflow DAG.","logger":"cosmos.converter"}
{"timestamp":"2025-09-05T06:07:30.040270","level":"warning","event":"/home/airflow/.local/lib/python3.12/site-packages/pydantic/main.py:463: UserWarning: Pydantic serializer warnings:\n  PydanticSerializationUnexpectedValue(Expected `str` - serialized value may not be as expected [input_value={'version': '2499a7507d07...y_project_dbt_group_11'}, input_type=dict])\n  return self.__pydantic_serializer__.to_python(\n","logger":"py.warnings"}
{"timestamp":"2025-09-05T06:07:30.059372Z","level":"info","event":"Task instance is in running state","chan":"stdout","logger":"task"}
{"timestamp":"2025-09-05T06:07:30.059520Z","level":"info","event":" Previous state of the Task instance: TaskInstanceState.QUEUED","chan":"stdout","logger":"task"}
{"timestamp":"2025-09-05T06:07:30.061005Z","level":"info","event":"Current task name:create_destination","chan":"stdout","logger":"task"}
{"timestamp":"2025-09-05T06:07:30.061060Z","level":"info","event":"Dag name:airbyte_dynamic_connection","chan":"stdout","logger":"task"}
{"timestamp":"2025-09-05T06:07:30.188019","level":"info","event":"Done. Returned value was: None","logger":"airflow.task.operators.airflow.providers.standard.operators.python.PythonOperator"}
{"timestamp":"2025-09-05T06:07:30.202850Z","level":"info","event":"Task instance in success state","chan":"stdout","logger":"task"}
{"timestamp":"2025-09-05T06:07:30.203252Z","level":"info","event":" Previous state of the Task instance: TaskInstanceState.RUNNING","chan":"stdout","logger":"task"}
{"timestamp":"2025-09-05T06:07:30.206644Z","level":"info","event":"Task operator:<Task(PythonOperator): create_destination>","chan":"stdout","logger":"task"}
