[2025-08-29T14:24:19.974+0000] {taskinstance.py:1083} INFO - Dependencies all met for <TaskInstance: airbyte_dynamic_connection.trigger_airbyte_sync manual__2025-08-29T14:21:41+00:00 [queued]>
[2025-08-29T14:24:19.982+0000] {taskinstance.py:1083} INFO - Dependencies all met for <TaskInstance: airbyte_dynamic_connection.trigger_airbyte_sync manual__2025-08-29T14:21:41+00:00 [queued]>
[2025-08-29T14:24:19.982+0000] {taskinstance.py:1279} INFO - 
--------------------------------------------------------------------------------
[2025-08-29T14:24:19.982+0000] {taskinstance.py:1280} INFO - Starting attempt 1 of 1
[2025-08-29T14:24:19.982+0000] {taskinstance.py:1281} INFO - 
--------------------------------------------------------------------------------
[2025-08-29T14:24:19.990+0000] {taskinstance.py:1300} INFO - Executing <Task(AirbyteTriggerSyncOperator): trigger_airbyte_sync> on 2025-08-29 14:21:41+00:00
[2025-08-29T14:24:19.992+0000] {standard_task_runner.py:55} INFO - Started process 19350 to run task
[2025-08-29T14:24:19.994+0000] {standard_task_runner.py:82} INFO - Running: ['***', 'tasks', 'run', 'airbyte_dynamic_connection', 'trigger_airbyte_sync', 'manual__2025-08-29T14:21:41+00:00', '--job-id', '141', '--raw', '--subdir', 'DAGS_FOLDER/dynamic-airbyte-with-***.py', '--cfg-path', '/tmp/tmpil238sxh']
[2025-08-29T14:24:19.994+0000] {standard_task_runner.py:83} INFO - Job 141: Subtask trigger_airbyte_sync
[2025-08-29T14:24:20.030+0000] {task_command.py:388} INFO - Running <TaskInstance: airbyte_dynamic_connection.trigger_airbyte_sync manual__2025-08-29T14:21:41+00:00 [running]> on host 966b32814b47
[2025-08-29T14:24:20.070+0000] {taskinstance.py:1509} INFO - Exporting the following env vars:
AIRFLOW_CTX_DAG_OWNER=***
AIRFLOW_CTX_DAG_ID=airbyte_dynamic_connection
AIRFLOW_CTX_TASK_ID=trigger_airbyte_sync
AIRFLOW_CTX_EXECUTION_DATE=2025-08-29T14:21:41+00:00
AIRFLOW_CTX_TRY_NUMBER=1
AIRFLOW_CTX_DAG_RUN_ID=manual__2025-08-29T14:21:41+00:00
[2025-08-29T14:24:20.074+0000] {base.py:73} INFO - Using connection ID 'test-dynamic-airbyte-with-***' for task execution.
[2025-08-29T14:24:20.308+0000] {airbyte.py:77} INFO - Job 71 was submitted to Airbyte Server
[2025-08-29T14:24:20.308+0000] {airbyte.py:79} INFO - Waiting for job 71 to complete
[2025-08-29T14:24:50.327+0000] {base.py:73} INFO - Using connection ID 'test-dynamic-airbyte-with-***' for task execution.
[2025-08-29T14:24:50.362+0000] {airbyte.py:81} INFO - Job 71 completed successfully
[2025-08-29T14:24:50.378+0000] {taskinstance.py:1323} INFO - Marking task as SUCCESS. dag_id=airbyte_dynamic_connection, task_id=trigger_airbyte_sync, execution_date=20250829T142141, start_date=20250829T142419, end_date=20250829T142450
[2025-08-29T14:24:50.425+0000] {local_task_job.py:208} INFO - Task exited with return code 0
[2025-08-29T14:24:50.438+0000] {taskinstance.py:2578} INFO - 0 downstream tasks scheduled from follow-on schedule check
