[2025-08-28T13:03:53.948+0000] {taskinstance.py:1083} INFO - Dependencies all met for <TaskInstance: airbyte_dynamic_connection.wait_for_airbyte_idle manual__2025-08-28T13:03:50.497128+00:00 [queued]>
[2025-08-28T13:03:53.954+0000] {taskinstance.py:1083} INFO - Dependencies all met for <TaskInstance: airbyte_dynamic_connection.wait_for_airbyte_idle manual__2025-08-28T13:03:50.497128+00:00 [queued]>
[2025-08-28T13:03:53.954+0000] {taskinstance.py:1279} INFO - 
--------------------------------------------------------------------------------
[2025-08-28T13:03:53.954+0000] {taskinstance.py:1280} INFO - Starting attempt 1 of 1
[2025-08-28T13:03:53.955+0000] {taskinstance.py:1281} INFO - 
--------------------------------------------------------------------------------
[2025-08-28T13:03:53.962+0000] {taskinstance.py:1300} INFO - Executing <Task(AirbyteJobSensor): wait_for_airbyte_idle> on 2025-08-28 13:03:50.497128+00:00
[2025-08-28T13:03:53.965+0000] {standard_task_runner.py:55} INFO - Started process 5300 to run task
[2025-08-28T13:03:53.968+0000] {standard_task_runner.py:82} INFO - Running: ['***', 'tasks', 'run', 'airbyte_dynamic_connection', 'wait_for_airbyte_idle', 'manual__2025-08-28T13:03:50.497128+00:00', '--job-id', '120', '--raw', '--subdir', 'DAGS_FOLDER/dynamic-airbyte-with-***.py', '--cfg-path', '/tmp/tmpzjfpfywh']
[2025-08-28T13:03:53.969+0000] {standard_task_runner.py:83} INFO - Job 120: Subtask wait_for_airbyte_idle
[2025-08-28T13:03:54.004+0000] {task_command.py:388} INFO - Running <TaskInstance: airbyte_dynamic_connection.wait_for_airbyte_idle manual__2025-08-28T13:03:50.497128+00:00 [running]> on host 966b32814b47
[2025-08-28T13:03:54.044+0000] {taskinstance.py:1509} INFO - Exporting the following env vars:
AIRFLOW_CTX_DAG_OWNER=***
AIRFLOW_CTX_DAG_ID=airbyte_dynamic_connection
AIRFLOW_CTX_TASK_ID=wait_for_airbyte_idle
AIRFLOW_CTX_EXECUTION_DATE=2025-08-28T13:03:50.497128+00:00
AIRFLOW_CTX_TRY_NUMBER=1
AIRFLOW_CTX_DAG_RUN_ID=manual__2025-08-28T13:03:50.497128+00:00
[2025-08-28T13:03:54.173+0000] {dynamic-airbyte-with-airflow.py:38} INFO - Job(s) still running for connection 74e22f3f-65b3-45d3-8273-c40fbfe61b46
[2025-08-28T13:04:14.220+0000] {dynamic-airbyte-with-airflow.py:38} INFO - Job(s) still running for connection 74e22f3f-65b3-45d3-8273-c40fbfe61b46
[2025-08-28T13:04:34.302+0000] {dynamic-airbyte-with-airflow.py:41} INFO - No running jobs. Proceeding.
[2025-08-28T13:04:34.303+0000] {base.py:228} INFO - Success criteria met. Exiting.
[2025-08-28T13:04:34.310+0000] {taskinstance.py:1323} INFO - Marking task as SUCCESS. dag_id=airbyte_dynamic_connection, task_id=wait_for_airbyte_idle, execution_date=20250828T130350, start_date=20250828T130353, end_date=20250828T130434
[2025-08-28T13:04:34.334+0000] {local_task_job.py:208} INFO - Task exited with return code 0
[2025-08-28T13:04:34.350+0000] {taskinstance.py:2578} INFO - 1 downstream tasks scheduled from follow-on schedule check
