[2025-08-29T14:52:15.812+0000] {taskinstance.py:1083} INFO - Dependencies all met for <TaskInstance: airbyte_dynamic_connection.create_airbyte_connection manual__2025-08-29T14:51:38+00:00 [queued]>
[2025-08-29T14:52:15.819+0000] {taskinstance.py:1083} INFO - Dependencies all met for <TaskInstance: airbyte_dynamic_connection.create_airbyte_connection manual__2025-08-29T14:51:38+00:00 [queued]>
[2025-08-29T14:52:15.819+0000] {taskinstance.py:1279} INFO - 
--------------------------------------------------------------------------------
[2025-08-29T14:52:15.819+0000] {taskinstance.py:1280} INFO - Starting attempt 1 of 1
[2025-08-29T14:52:15.819+0000] {taskinstance.py:1281} INFO - 
--------------------------------------------------------------------------------
[2025-08-29T14:52:15.826+0000] {taskinstance.py:1300} INFO - Executing <Task(AirbyteConnectionCreator): create_airbyte_connection> on 2025-08-29 14:51:38+00:00
[2025-08-29T14:52:15.828+0000] {standard_task_runner.py:55} INFO - Started process 22356 to run task
[2025-08-29T14:52:15.830+0000] {standard_task_runner.py:82} INFO - Running: ['***', 'tasks', 'run', 'airbyte_dynamic_connection', 'create_airbyte_connection', 'manual__2025-08-29T14:51:38+00:00', '--job-id', '155', '--raw', '--subdir', 'DAGS_FOLDER/dynamic-airbyte-with-***.py', '--cfg-path', '/tmp/tmpts07eahc']
[2025-08-29T14:52:15.831+0000] {standard_task_runner.py:83} INFO - Job 155: Subtask create_airbyte_connection
[2025-08-29T14:52:15.881+0000] {task_command.py:388} INFO - Running <TaskInstance: airbyte_dynamic_connection.create_airbyte_connection manual__2025-08-29T14:51:38+00:00 [running]> on host 966b32814b47
[2025-08-29T14:52:15.935+0000] {taskinstance.py:1509} INFO - Exporting the following env vars:
AIRFLOW_CTX_DAG_OWNER=***
AIRFLOW_CTX_DAG_ID=airbyte_dynamic_connection
AIRFLOW_CTX_TASK_ID=create_airbyte_connection
AIRFLOW_CTX_EXECUTION_DATE=2025-08-29T14:51:38+00:00
AIRFLOW_CTX_TRY_NUMBER=1
AIRFLOW_CTX_DAG_RUN_ID=manual__2025-08-29T14:51:38+00:00
[2025-08-29T14:52:16.357+0000] {dynamic-airbyte-with-airflow.py:114} INFO - ✅ Created Airbyte connection: 97d36c86-75a0-458b-bbb7-e20041f2b385
[2025-08-29T14:52:16.523+0000] {dynamic-airbyte-with-airflow.py:139} INFO - No running jobs. Proceeding.
[2025-08-29T14:52:16.523+0000] {base.py:228} INFO - Success criteria met. Exiting.
[2025-08-29T14:52:16.528+0000] {taskinstance.py:1323} INFO - Marking task as SUCCESS. dag_id=airbyte_dynamic_connection, task_id=create_airbyte_connection, execution_date=20250829T145138, start_date=20250829T145215, end_date=20250829T145216
[2025-08-29T14:52:16.542+0000] {local_task_job.py:208} INFO - Task exited with return code 0
[2025-08-29T14:52:16.561+0000] {taskinstance.py:2578} INFO - 1 downstream tasks scheduled from follow-on schedule check
