[2025-08-31T14:17:31.161+0000] {taskinstance.py:1083} INFO - Dependencies all met for <TaskInstance: airbyte_dynamic_connection.create_airbyte_connection manual__2025-08-31T14:17:04+00:00 [queued]>
[2025-08-31T14:17:31.167+0000] {taskinstance.py:1083} INFO - Dependencies all met for <TaskInstance: airbyte_dynamic_connection.create_airbyte_connection manual__2025-08-31T14:17:04+00:00 [queued]>
[2025-08-31T14:17:31.167+0000] {taskinstance.py:1279} INFO - 
--------------------------------------------------------------------------------
[2025-08-31T14:17:31.167+0000] {taskinstance.py:1280} INFO - Starting attempt 1 of 1
[2025-08-31T14:17:31.167+0000] {taskinstance.py:1281} INFO - 
--------------------------------------------------------------------------------
[2025-08-31T14:17:31.172+0000] {taskinstance.py:1300} INFO - Executing <Task(AirbyteConnectionCreator): create_airbyte_connection> on 2025-08-31 14:17:04+00:00
[2025-08-31T14:17:31.175+0000] {standard_task_runner.py:55} INFO - Started process 815 to run task
[2025-08-31T14:17:31.176+0000] {standard_task_runner.py:82} INFO - Running: ['***', 'tasks', 'run', 'airbyte_dynamic_connection', 'create_airbyte_connection', 'manual__2025-08-31T14:17:04+00:00', '--job-id', '180', '--raw', '--subdir', 'DAGS_FOLDER/dynamic-airbyte-with-***.py', '--cfg-path', '/tmp/tmp96ndkk_e']
[2025-08-31T14:17:31.176+0000] {standard_task_runner.py:83} INFO - Job 180: Subtask create_airbyte_connection
[2025-08-31T14:17:31.203+0000] {task_command.py:388} INFO - Running <TaskInstance: airbyte_dynamic_connection.create_airbyte_connection manual__2025-08-31T14:17:04+00:00 [running]> on host 966b32814b47
[2025-08-31T14:17:31.229+0000] {taskinstance.py:1509} INFO - Exporting the following env vars:
AIRFLOW_CTX_DAG_OWNER=***
AIRFLOW_CTX_DAG_ID=airbyte_dynamic_connection
AIRFLOW_CTX_TASK_ID=create_airbyte_connection
AIRFLOW_CTX_EXECUTION_DATE=2025-08-31T14:17:04+00:00
AIRFLOW_CTX_TRY_NUMBER=1
AIRFLOW_CTX_DAG_RUN_ID=manual__2025-08-31T14:17:04+00:00
[2025-08-31T14:17:31.315+0000] {dynamic-airbyte-with-airflow.py:114} INFO - ✅ Created Airbyte connection: b1d23ca9-ed88-4555-a9be-0db131ee0e3b
[2025-08-31T14:17:51.331+0000] {dynamic-airbyte-with-airflow.py:121} INFO - Airbyte connection already created: b1d23ca9-ed88-4555-a9be-0db131ee0e3b
[2025-08-31T14:17:51.429+0000] {dynamic-airbyte-with-airflow.py:138} INFO - Job(s) still running for connection b1d23ca9-ed88-4555-a9be-0db131ee0e3b
[2025-08-31T14:18:11.434+0000] {dynamic-airbyte-with-airflow.py:121} INFO - Airbyte connection already created: b1d23ca9-ed88-4555-a9be-0db131ee0e3b
[2025-08-31T14:18:11.471+0000] {dynamic-airbyte-with-airflow.py:141} INFO - No running jobs for connection b1d23ca9-ed88-4555-a9be-0db131ee0e3b. Proceeding.
[2025-08-31T14:18:11.472+0000] {base.py:228} INFO - Success criteria met. Exiting.
[2025-08-31T14:18:11.476+0000] {taskinstance.py:1323} INFO - Marking task as SUCCESS. dag_id=airbyte_dynamic_connection, task_id=create_airbyte_connection, execution_date=20250831T141704, start_date=20250831T141731, end_date=20250831T141811
[2025-08-31T14:18:11.495+0000] {local_task_job.py:208} INFO - Task exited with return code 0
[2025-08-31T14:18:11.508+0000] {taskinstance.py:2578} INFO - 1 downstream tasks scheduled from follow-on schedule check
