{"timestamp":"2025-09-04T12:35:51.153245","level":"info","event":"DAG bundles loaded: dags-folder, example_dags","logger":"airflow.dag_processing.bundles.manager.DagBundlesManager"}
{"timestamp":"2025-09-04T12:35:51.153665","level":"info","event":"Filling up the DagBag from /opt/airflow/dags/dynamic-airbyte-with-airflow.py","logger":"airflow.models.dagbag.DagBag"}
{"timestamp":"2025-09-04T12:35:51.890965","level":"info","event":"Trying to parse the dbt project using dbt ls cache cosmos_cache__airbyte_dynamic_connection__my_project_dbt_group_11...","logger":"cosmos.dbt.graph"}
{"timestamp":"2025-09-04T12:35:51.920466","level":"info","event":"Cosmos performance: time to calculate cache identifier cosmos_cache__airbyte_dynamic_connection__my_project_dbt_group_11 for current version: 0.023580209002830088","logger":"cosmos.cache"}
{"timestamp":"2025-09-04T12:35:51.920572","level":"info","event":"Cosmos performance [4c411685c6cd|748]: The cache size for cosmos_cache__airbyte_dynamic_connection__my_project_dbt_group_11 is 4337","logger":"cosmos.dbt.graph"}
{"timestamp":"2025-09-04T12:35:51.920764","level":"info","event":"Cosmos performance: Cache hit for cosmos_cache__airbyte_dynamic_connection__my_project_dbt_group_11 - 2499a7507d070b7bbbbe009f3f50a3a8,d41d8cd98f00b204e9800998ecf8427e","logger":"cosmos.dbt.graph"}
{"timestamp":"2025-09-04T12:35:51.921146","level":"info","event":"Total nodes: 6","logger":"cosmos.dbt.graph"}
{"timestamp":"2025-09-04T12:35:51.921196","level":"info","event":"Total filtered nodes: 6","logger":"cosmos.dbt.graph"}
{"timestamp":"2025-09-04T12:35:51.921248","level":"info","event":"Cosmos performance (airbyte_dynamic_connection__my_project_dbt_group_11) -  [4c411685c6cd|748]: It took 0.0304s to parse the dbt project for DAG using LoadMode.DBT_LS_CACHE","logger":"cosmos.converter"}
{"timestamp":"2025-09-04T12:35:51.921523","level":"info","event":"Project /opt/airflow/dbt/my_project_dbt does not have {'dependencies.yml', 'packages.yml'}","logger":"cosmos.dbt.project"}
{"timestamp":"2025-09-04T12:35:51.922155","level":"info","event":"Project /opt/airflow/dbt/my_project_dbt does not have {'dependencies.yml', 'packages.yml'}","logger":"cosmos.dbt.project"}
{"timestamp":"2025-09-04T12:35:51.922882","level":"info","event":"Project /opt/airflow/dbt/my_project_dbt does not have {'dependencies.yml', 'packages.yml'}","logger":"cosmos.dbt.project"}
{"timestamp":"2025-09-04T12:35:51.923399","level":"info","event":"Project /opt/airflow/dbt/my_project_dbt does not have {'dependencies.yml', 'packages.yml'}","logger":"cosmos.dbt.project"}
{"timestamp":"2025-09-04T12:35:51.923900","level":"info","event":"Project /opt/airflow/dbt/my_project_dbt does not have {'dependencies.yml', 'packages.yml'}","logger":"cosmos.dbt.project"}
{"timestamp":"2025-09-04T12:35:51.924449","level":"info","event":"Project /opt/airflow/dbt/my_project_dbt does not have {'dependencies.yml', 'packages.yml'}","logger":"cosmos.dbt.project"}
{"timestamp":"2025-09-04T12:35:51.924904","level":"info","event":"Cosmos performance (airbyte_dynamic_connection__my_project_dbt_group_11) - [4c411685c6cd|748]: It took 0.00364s to build the Airflow DAG.","logger":"cosmos.converter"}
{"timestamp":"2025-09-04T12:35:51.926334","level":"warning","event":"/home/airflow/.local/lib/python3.12/site-packages/pydantic/main.py:463: UserWarning: Pydantic serializer warnings:\n  PydanticSerializationUnexpectedValue(Expected `str` - serialized value may not be as expected [input_value={'version': '2499a7507d07...y_project_dbt_group_11'}, input_type=dict])\n  return self.__pydantic_serializer__.to_python(\n","logger":"py.warnings"}
{"timestamp":"2025-09-04T12:35:51.928190Z","level":"info","event":"Task instance is in running state","chan":"stdout","logger":"task"}
{"timestamp":"2025-09-04T12:35:51.928274Z","level":"info","event":" Previous state of the Task instance: TaskInstanceState.QUEUED","chan":"stdout","logger":"task"}
{"timestamp":"2025-09-04T12:35:51.929169Z","level":"info","event":"Current task name:create_airbyte_connection","chan":"stdout","logger":"task"}
{"timestamp":"2025-09-04T12:35:51.929226Z","level":"info","event":"Dag name:airbyte_dynamic_connection","chan":"stdout","logger":"task"}
{"timestamp":"2025-09-04T12:35:52.201580","level":"info","event":"✅ Created Airbyte connection: b2b1bba5-dfae-4596-9bea-b80fcd0f294a","logger":"airflow.task.operators.unusual_prefix_e151c28edc61cde2512bcf1342da210082e12749_dynamic_airbyte_with_airflow.AirbyteConnectionCreator"}
{"timestamp":"2025-09-04T12:36:12.281386","level":"info","event":"Airbyte connection already created: b2b1bba5-dfae-4596-9bea-b80fcd0f294a","logger":"airflow.task.operators.unusual_prefix_e151c28edc61cde2512bcf1342da210082e12749_dynamic_airbyte_with_airflow.AirbyteConnectionCreator"}
{"timestamp":"2025-09-04T12:36:13.081284","level":"info","event":"Job(s) still running for connection b2b1bba5-dfae-4596-9bea-b80fcd0f294a","logger":"airflow.task.operators.unusual_prefix_e151c28edc61cde2512bcf1342da210082e12749_dynamic_airbyte_with_airflow.AirbyteConnectionCreator"}
{"timestamp":"2025-09-04T12:36:33.082834","level":"info","event":"Airbyte connection already created: b2b1bba5-dfae-4596-9bea-b80fcd0f294a","logger":"airflow.task.operators.unusual_prefix_e151c28edc61cde2512bcf1342da210082e12749_dynamic_airbyte_with_airflow.AirbyteConnectionCreator"}
{"timestamp":"2025-09-04T12:36:33.146792","level":"info","event":"Job(s) still running for connection b2b1bba5-dfae-4596-9bea-b80fcd0f294a","logger":"airflow.task.operators.unusual_prefix_e151c28edc61cde2512bcf1342da210082e12749_dynamic_airbyte_with_airflow.AirbyteConnectionCreator"}
{"timestamp":"2025-09-04T12:36:53.172878","level":"info","event":"Airbyte connection already created: b2b1bba5-dfae-4596-9bea-b80fcd0f294a","logger":"airflow.task.operators.unusual_prefix_e151c28edc61cde2512bcf1342da210082e12749_dynamic_airbyte_with_airflow.AirbyteConnectionCreator"}
