{"timestamp":"2025-09-04T11:01:53.225357","level":"info","event":"DAG bundles loaded: dags-folder, example_dags","logger":"airflow.dag_processing.bundles.manager.DagBundlesManager"}
{"timestamp":"2025-09-04T11:01:53.225928","level":"info","event":"Filling up the DagBag from /opt/airflow/dags/dynamic-airbyte-with-airflow.py","logger":"airflow.models.dagbag.DagBag"}
{"timestamp":"2025-09-04T11:01:54.239253","level":"info","event":"Trying to parse the dbt project using dbt ls cache cosmos_cache__airbyte_dynamic_connection__my_project_dbt_group_11...","logger":"cosmos.dbt.graph"}
{"timestamp":"2025-09-04T11:01:54.360228","level":"info","event":"Cosmos performance: time to calculate cache identifier cosmos_cache__airbyte_dynamic_connection__my_project_dbt_group_11 for current version: 0.10245737500372343","logger":"cosmos.cache"}
{"timestamp":"2025-09-04T11:01:54.361992","level":"info","event":"Cosmos performance [2b2e84620275|840]: The cache size for cosmos_cache__airbyte_dynamic_connection__my_project_dbt_group_11 is 4335","logger":"cosmos.dbt.graph"}
{"timestamp":"2025-09-04T11:01:54.362562","level":"info","event":"Cosmos performance: Cache hit for cosmos_cache__airbyte_dynamic_connection__my_project_dbt_group_11 - aad8d04d72ff7b6917b24f4cd2f34a0b,d41d8cd98f00b204e9800998ecf8427e","logger":"cosmos.dbt.graph"}
{"timestamp":"2025-09-04T11:01:54.362991","level":"info","event":"Total nodes: 6","logger":"cosmos.dbt.graph"}
{"timestamp":"2025-09-04T11:01:54.363027","level":"info","event":"Total filtered nodes: 6","logger":"cosmos.dbt.graph"}
{"timestamp":"2025-09-04T11:01:54.363243","level":"info","event":"Cosmos performance (airbyte_dynamic_connection__my_project_dbt_group_11) -  [2b2e84620275|840]: It took 0.124s to parse the dbt project for DAG using LoadMode.DBT_LS_CACHE","logger":"cosmos.converter"}
{"timestamp":"2025-09-04T11:01:54.364222","level":"info","event":"Project /opt/airflow/dbt/my_project_dbt does not have {'dependencies.yml', 'packages.yml'}","logger":"cosmos.dbt.project"}
{"timestamp":"2025-09-04T11:01:54.365263","level":"info","event":"Project /opt/airflow/dbt/my_project_dbt does not have {'dependencies.yml', 'packages.yml'}","logger":"cosmos.dbt.project"}
{"timestamp":"2025-09-04T11:01:54.366317","level":"info","event":"Project /opt/airflow/dbt/my_project_dbt does not have {'dependencies.yml', 'packages.yml'}","logger":"cosmos.dbt.project"}
{"timestamp":"2025-09-04T11:01:54.367977","level":"info","event":"Project /opt/airflow/dbt/my_project_dbt does not have {'dependencies.yml', 'packages.yml'}","logger":"cosmos.dbt.project"}
{"timestamp":"2025-09-04T11:01:54.368625","level":"info","event":"Project /opt/airflow/dbt/my_project_dbt does not have {'dependencies.yml', 'packages.yml'}","logger":"cosmos.dbt.project"}
{"timestamp":"2025-09-04T11:01:54.369249","level":"info","event":"Project /opt/airflow/dbt/my_project_dbt does not have {'dependencies.yml', 'packages.yml'}","logger":"cosmos.dbt.project"}
{"timestamp":"2025-09-04T11:01:54.370165","level":"info","event":"Cosmos performance (airbyte_dynamic_connection__my_project_dbt_group_11) - [2b2e84620275|840]: It took 0.00708s to build the Airflow DAG.","logger":"cosmos.converter"}
{"timestamp":"2025-09-04T11:01:54.373364","level":"warning","event":"/home/airflow/.local/lib/python3.12/site-packages/pydantic/main.py:463: UserWarning: Pydantic serializer warnings:\n  PydanticSerializationUnexpectedValue(Expected `str` - serialized value may not be as expected [input_value={'version': 'aad8d04d72ff...y_project_dbt_group_11'}, input_type=dict])\n  return self.__pydantic_serializer__.to_python(\n","logger":"py.warnings"}
{"timestamp":"2025-09-04T11:01:54.450811Z","level":"info","event":"Task instance is in running state","chan":"stdout","logger":"task"}
{"timestamp":"2025-09-04T11:01:54.451462Z","level":"info","event":" Previous state of the Task instance: TaskInstanceState.QUEUED","chan":"stdout","logger":"task"}
{"timestamp":"2025-09-04T11:01:54.453977Z","level":"info","event":"Current task name:create_destination","chan":"stdout","logger":"task"}
{"timestamp":"2025-09-04T11:01:54.454132Z","level":"info","event":"Dag name:airbyte_dynamic_connection","chan":"stdout","logger":"task"}
{"timestamp":"2025-09-04T11:01:54.715724","level":"info","event":"Done. Returned value was: None","logger":"airflow.task.operators.airflow.providers.standard.operators.python.PythonOperator"}
{"timestamp":"2025-09-04T11:01:54.749726Z","level":"info","event":"Task instance in success state","chan":"stdout","logger":"task"}
{"timestamp":"2025-09-04T11:01:54.750757Z","level":"info","event":" Previous state of the Task instance: TaskInstanceState.RUNNING","chan":"stdout","logger":"task"}
{"timestamp":"2025-09-04T11:01:54.751950Z","level":"info","event":"Task operator:<Task(PythonOperator): create_destination>","chan":"stdout","logger":"task"}
