[2025-08-29T14:52:05.769+0000] {taskinstance.py:1083} INFO - Dependencies all met for <TaskInstance: airbyte_dynamic_connection.create_destination manual__2025-08-29T14:51:38+00:00 [queued]>
[2025-08-29T14:52:05.774+0000] {taskinstance.py:1083} INFO - Dependencies all met for <TaskInstance: airbyte_dynamic_connection.create_destination manual__2025-08-29T14:51:38+00:00 [queued]>
[2025-08-29T14:52:05.775+0000] {taskinstance.py:1279} INFO - 
--------------------------------------------------------------------------------
[2025-08-29T14:52:05.775+0000] {taskinstance.py:1280} INFO - Starting attempt 1 of 1
[2025-08-29T14:52:05.775+0000] {taskinstance.py:1281} INFO - 
--------------------------------------------------------------------------------
[2025-08-29T14:52:05.780+0000] {taskinstance.py:1300} INFO - Executing <Task(PythonOperator): create_destination> on 2025-08-29 14:51:38+00:00
[2025-08-29T14:52:05.782+0000] {standard_task_runner.py:55} INFO - Started process 22333 to run task
[2025-08-29T14:52:05.784+0000] {standard_task_runner.py:82} INFO - Running: ['***', 'tasks', 'run', 'airbyte_dynamic_connection', 'create_destination', 'manual__2025-08-29T14:51:38+00:00', '--job-id', '154', '--raw', '--subdir', 'DAGS_FOLDER/dynamic-airbyte-with-***.py', '--cfg-path', '/tmp/tmp_2k6eio7']
[2025-08-29T14:52:05.784+0000] {standard_task_runner.py:83} INFO - Job 154: Subtask create_destination
[2025-08-29T14:52:05.814+0000] {task_command.py:388} INFO - Running <TaskInstance: airbyte_dynamic_connection.create_destination manual__2025-08-29T14:51:38+00:00 [running]> on host 966b32814b47
[2025-08-29T14:52:05.845+0000] {taskinstance.py:1509} INFO - Exporting the following env vars:
AIRFLOW_CTX_DAG_OWNER=***
AIRFLOW_CTX_DAG_ID=airbyte_dynamic_connection
AIRFLOW_CTX_TASK_ID=create_destination
AIRFLOW_CTX_EXECUTION_DATE=2025-08-29T14:51:38+00:00
AIRFLOW_CTX_TRY_NUMBER=1
AIRFLOW_CTX_DAG_RUN_ID=manual__2025-08-29T14:51:38+00:00
[2025-08-29T14:52:05.907+0000] {python.py:177} INFO - Done. Returned value was: None
[2025-08-29T14:52:05.911+0000] {taskinstance.py:1323} INFO - Marking task as SUCCESS. dag_id=airbyte_dynamic_connection, task_id=create_destination, execution_date=20250829T145138, start_date=20250829T145205, end_date=20250829T145205
[2025-08-29T14:52:05.922+0000] {local_task_job.py:208} INFO - Task exited with return code 0
[2025-08-29T14:52:05.945+0000] {taskinstance.py:2578} INFO - 0 downstream tasks scheduled from follow-on schedule check
