{"timestamp":"2025-09-16T10:39:20.238419","level":"info","event":"DAG bundles loaded: dags-folder, example_dags","logger":"airflow.dag_processing.bundles.manager.DagBundlesManager"}
{"timestamp":"2025-09-16T10:39:20.238915","level":"info","event":"Filling up the DagBag from /opt/airflow/dags/airbyte-and-dbt-with-airflow.py","logger":"airflow.models.dagbag.DagBag"}
{"timestamp":"2025-09-16T10:39:20.274487","level":"info","event":"Trying to parse the dbt project using dbt ls cache cosmos_cache__airbyte_dynamic_connection__dbt_dynamic_alias...","logger":"cosmos.dbt.graph"}
{"timestamp":"2025-09-16T10:39:20.311174","level":"info","event":"Cosmos performance: time to calculate cache identifier cosmos_cache__airbyte_dynamic_connection__dbt_dynamic_alias for current version: 0.02816545800305903","logger":"cosmos.cache"}
{"timestamp":"2025-09-16T10:39:20.311355","level":"info","event":"Cosmos performance [5db252634e93|3029]: The cache size for cosmos_cache__airbyte_dynamic_connection__dbt_dynamic_alias is 4058","logger":"cosmos.dbt.graph"}
{"timestamp":"2025-09-16T10:39:20.311600","level":"info","event":"Cosmos performance: Cache hit for cosmos_cache__airbyte_dynamic_connection__dbt_dynamic_alias - 7f6c90e7b7fbd54d95119723ba858828,d41d8cd98f00b204e9800998ecf8427e","logger":"cosmos.dbt.graph"}
{"timestamp":"2025-09-16T10:39:20.311921","level":"info","event":"Total nodes: 5","logger":"cosmos.dbt.graph"}
{"timestamp":"2025-09-16T10:39:20.311955","level":"info","event":"Total filtered nodes: 5","logger":"cosmos.dbt.graph"}
{"timestamp":"2025-09-16T10:39:20.312014","level":"info","event":"Cosmos performance (airbyte_dynamic_connection__dbt_dynamic_alias) -  [5db252634e93|3029]: It took 0.0376s to parse the dbt project for DAG using LoadMode.DBT_LS_CACHE","logger":"cosmos.converter"}
{"timestamp":"2025-09-16T10:39:20.312316","level":"info","event":"Project /opt/airflow/dbt/my_project_dbt does not have {'packages.yml', 'dependencies.yml'}","logger":"cosmos.dbt.project"}
{"timestamp":"2025-09-16T10:39:20.313146","level":"info","event":"Project /opt/airflow/dbt/my_project_dbt does not have {'packages.yml', 'dependencies.yml'}","logger":"cosmos.dbt.project"}
{"timestamp":"2025-09-16T10:39:20.313863","level":"info","event":"Project /opt/airflow/dbt/my_project_dbt does not have {'packages.yml', 'dependencies.yml'}","logger":"cosmos.dbt.project"}
{"timestamp":"2025-09-16T10:39:20.314375","level":"info","event":"Project /opt/airflow/dbt/my_project_dbt does not have {'packages.yml', 'dependencies.yml'}","logger":"cosmos.dbt.project"}
{"timestamp":"2025-09-16T10:39:20.314921","level":"info","event":"Project /opt/airflow/dbt/my_project_dbt does not have {'packages.yml', 'dependencies.yml'}","logger":"cosmos.dbt.project"}
{"timestamp":"2025-09-16T10:39:20.315299","level":"info","event":"Project /opt/airflow/dbt/my_project_dbt does not have {'packages.yml', 'dependencies.yml'}","logger":"cosmos.dbt.project"}
{"timestamp":"2025-09-16T10:39:20.315964","level":"info","event":"Cosmos performance (airbyte_dynamic_connection__dbt_dynamic_alias) - [5db252634e93|3029]: It took 0.00397s to build the Airflow DAG.","logger":"cosmos.converter"}
{"timestamp":"2025-09-16T10:39:20.316769","level":"warning","event":"/home/airflow/.local/lib/python3.12/site-packages/pydantic/main.py:463: UserWarning: Pydantic serializer warnings:\n  PydanticSerializationUnexpectedValue(Expected `str` - serialized value may not be as expected [input_value={'version': '7f6c90e7b7fb...d': 'dbt_dynamic_alias'}, input_type=dict])\n  return self.__pydantic_serializer__.to_python(\n","logger":"py.warnings"}
{"timestamp":"2025-09-16T10:39:20.344156Z","level":"info","event":"Task instance is in running state","chan":"stdout","logger":"task"}
{"timestamp":"2025-09-16T10:39:20.344309Z","level":"info","event":" Previous state of the Task instance: TaskInstanceState.QUEUED","chan":"stdout","logger":"task"}
{"timestamp":"2025-09-16T10:39:20.345665Z","level":"info","event":"Current task name:create_destination","chan":"stdout","logger":"task"}
{"timestamp":"2025-09-16T10:39:20.345741Z","level":"info","event":"Dag name:airbyte_dynamic_connection","chan":"stdout","logger":"task"}
{"timestamp":"2025-09-16T10:39:20.478021","level":"info","event":"Done. Returned value was: None","logger":"airflow.task.operators.airflow.providers.standard.operators.python.PythonOperator"}
{"timestamp":"2025-09-16T10:39:20.493022Z","level":"info","event":"Task instance in success state","chan":"stdout","logger":"task"}
{"timestamp":"2025-09-16T10:39:20.493344Z","level":"info","event":" Previous state of the Task instance: TaskInstanceState.RUNNING","chan":"stdout","logger":"task"}
{"timestamp":"2025-09-16T10:39:20.495245Z","level":"info","event":"Task operator:<Task(PythonOperator): create_destination>","chan":"stdout","logger":"task"}
