[2025-08-28T12:04:08.268+0000] {taskinstance.py:1083} INFO - Dependencies all met for <TaskInstance: airbyte_dynamic_connection.wait_for_airbyte_idle manual__2025-08-28T12:04:06.108546+00:00 [queued]>
[2025-08-28T12:04:08.274+0000] {taskinstance.py:1083} INFO - Dependencies all met for <TaskInstance: airbyte_dynamic_connection.wait_for_airbyte_idle manual__2025-08-28T12:04:06.108546+00:00 [queued]>
[2025-08-28T12:04:08.274+0000] {taskinstance.py:1279} INFO - 
--------------------------------------------------------------------------------
[2025-08-28T12:04:08.274+0000] {taskinstance.py:1280} INFO - Starting attempt 1 of 1
[2025-08-28T12:04:08.275+0000] {taskinstance.py:1281} INFO - 
--------------------------------------------------------------------------------
[2025-08-28T12:04:08.284+0000] {taskinstance.py:1300} INFO - Executing <Task(AirbyteJobSensor): wait_for_airbyte_idle> on 2025-08-28 12:04:06.108546+00:00
[2025-08-28T12:04:08.288+0000] {standard_task_runner.py:55} INFO - Started process 4181 to run task
[2025-08-28T12:04:08.291+0000] {standard_task_runner.py:82} INFO - Running: ['***', 'tasks', 'run', 'airbyte_dynamic_connection', 'wait_for_airbyte_idle', 'manual__2025-08-28T12:04:06.108546+00:00', '--job-id', '57', '--raw', '--subdir', 'DAGS_FOLDER/dynamic-airbyte-with-***.py', '--cfg-path', '/tmp/tmp5ru0dwu5']
[2025-08-28T12:04:08.292+0000] {standard_task_runner.py:83} INFO - Job 57: Subtask wait_for_airbyte_idle
[2025-08-28T12:04:08.329+0000] {task_command.py:388} INFO - Running <TaskInstance: airbyte_dynamic_connection.wait_for_airbyte_idle manual__2025-08-28T12:04:06.108546+00:00 [running]> on host 966b32814b47
[2025-08-28T12:04:08.367+0000] {taskinstance.py:1509} INFO - Exporting the following env vars:
AIRFLOW_CTX_DAG_OWNER=***
AIRFLOW_CTX_DAG_ID=airbyte_dynamic_connection
AIRFLOW_CTX_TASK_ID=wait_for_airbyte_idle
AIRFLOW_CTX_EXECUTION_DATE=2025-08-28T12:04:06.108546+00:00
AIRFLOW_CTX_TRY_NUMBER=1
AIRFLOW_CTX_DAG_RUN_ID=manual__2025-08-28T12:04:06.108546+00:00
[2025-08-28T12:04:08.472+0000] {dynamic-airbyte-with-airflow.py:38} INFO - Job(s) still running for connection c51004d9-2bf1-4d5d-84eb-eb027b94c6be
[2025-08-28T12:04:28.549+0000] {dynamic-airbyte-with-airflow.py:38} INFO - Job(s) still running for connection c51004d9-2bf1-4d5d-84eb-eb027b94c6be
[2025-08-28T12:04:48.647+0000] {dynamic-airbyte-with-airflow.py:41} INFO - No running jobs. Proceeding.
[2025-08-28T12:04:48.648+0000] {base.py:228} INFO - Success criteria met. Exiting.
[2025-08-28T12:04:48.655+0000] {taskinstance.py:1323} INFO - Marking task as SUCCESS. dag_id=airbyte_dynamic_connection, task_id=wait_for_airbyte_idle, execution_date=20250828T120406, start_date=20250828T120408, end_date=20250828T120448
[2025-08-28T12:04:48.693+0000] {local_task_job.py:208} INFO - Task exited with return code 0
[2025-08-28T12:04:48.708+0000] {taskinstance.py:2578} INFO - 1 downstream tasks scheduled from follow-on schedule check
