{"timestamp":"2025-09-05T14:00:50.497822","level":"info","event":"DAG bundles loaded: dags-folder, example_dags","logger":"airflow.dag_processing.bundles.manager.DagBundlesManager"}
{"timestamp":"2025-09-05T14:00:50.498163","level":"info","event":"Filling up the DagBag from /opt/airflow/dags/airbyte-and-dbt-with-airflow.py","logger":"airflow.models.dagbag.DagBag"}
{"timestamp":"2025-09-05T14:00:50.507600","level":"info","event":"Trying to parse the dbt project using dbt ls cache cosmos_cache__airbyte_dynamic_connection__dbt_dynamic_alias...","logger":"cosmos.dbt.graph"}
{"timestamp":"2025-09-05T14:00:50.542228","level":"info","event":"Cosmos performance: time to calculate cache identifier cosmos_cache__airbyte_dynamic_connection__dbt_dynamic_alias for current version: 0.029330999997910112","logger":"cosmos.cache"}
{"timestamp":"2025-09-05T14:00:50.542366","level":"info","event":"Cosmos performance [5f5c1e41ce68|704]: The cache size for cosmos_cache__airbyte_dynamic_connection__dbt_dynamic_alias is 4058","logger":"cosmos.dbt.graph"}
{"timestamp":"2025-09-05T14:00:50.542601","level":"info","event":"Cosmos performance: Cache hit for cosmos_cache__airbyte_dynamic_connection__dbt_dynamic_alias - 7f6c90e7b7fbd54d95119723ba858828,d41d8cd98f00b204e9800998ecf8427e","logger":"cosmos.dbt.graph"}
{"timestamp":"2025-09-05T14:00:50.542958","level":"info","event":"Total nodes: 5","logger":"cosmos.dbt.graph"}
{"timestamp":"2025-09-05T14:00:50.543003","level":"info","event":"Total filtered nodes: 5","logger":"cosmos.dbt.graph"}
{"timestamp":"2025-09-05T14:00:50.543077","level":"info","event":"Cosmos performance (airbyte_dynamic_connection__dbt_dynamic_alias) -  [5f5c1e41ce68|704]: It took 0.0355s to parse the dbt project for DAG using LoadMode.DBT_LS_CACHE","logger":"cosmos.converter"}
{"timestamp":"2025-09-05T14:00:50.543338","level":"info","event":"Project /opt/airflow/dbt/my_project_dbt does not have {'packages.yml', 'dependencies.yml'}","logger":"cosmos.dbt.project"}
{"timestamp":"2025-09-05T14:00:50.544074","level":"info","event":"Project /opt/airflow/dbt/my_project_dbt does not have {'packages.yml', 'dependencies.yml'}","logger":"cosmos.dbt.project"}
{"timestamp":"2025-09-05T14:00:50.545549","level":"info","event":"Project /opt/airflow/dbt/my_project_dbt does not have {'packages.yml', 'dependencies.yml'}","logger":"cosmos.dbt.project"}
{"timestamp":"2025-09-05T14:00:50.545968","level":"info","event":"Project /opt/airflow/dbt/my_project_dbt does not have {'packages.yml', 'dependencies.yml'}","logger":"cosmos.dbt.project"}
{"timestamp":"2025-09-05T14:00:50.546401","level":"info","event":"Project /opt/airflow/dbt/my_project_dbt does not have {'packages.yml', 'dependencies.yml'}","logger":"cosmos.dbt.project"}
{"timestamp":"2025-09-05T14:00:50.546799","level":"info","event":"Project /opt/airflow/dbt/my_project_dbt does not have {'packages.yml', 'dependencies.yml'}","logger":"cosmos.dbt.project"}
{"timestamp":"2025-09-05T14:00:50.547374","level":"info","event":"Cosmos performance (airbyte_dynamic_connection__dbt_dynamic_alias) - [5f5c1e41ce68|704]: It took 0.00433s to build the Airflow DAG.","logger":"cosmos.converter"}
{"timestamp":"2025-09-05T14:00:50.547916","level":"warning","event":"/home/airflow/.local/lib/python3.12/site-packages/pydantic/main.py:463: UserWarning: Pydantic serializer warnings:\n  PydanticSerializationUnexpectedValue(Expected `str` - serialized value may not be as expected [input_value={'version': '7f6c90e7b7fb...d': 'dbt_dynamic_alias'}, input_type=dict])\n  return self.__pydantic_serializer__.to_python(\n","logger":"py.warnings"}
{"timestamp":"2025-09-05T14:00:50.550890Z","level":"info","event":"Task instance is in running state","chan":"stdout","logger":"task"}
{"timestamp":"2025-09-05T14:00:50.550987Z","level":"info","event":" Previous state of the Task instance: TaskInstanceState.QUEUED","chan":"stdout","logger":"task"}
{"timestamp":"2025-09-05T14:00:50.551896Z","level":"info","event":"Current task name:create_airbyte_connection","chan":"stdout","logger":"task"}
{"timestamp":"2025-09-05T14:00:50.551964Z","level":"info","event":"Dag name:airbyte_dynamic_connection","chan":"stdout","logger":"task"}
{"timestamp":"2025-09-05T14:00:50.677085","level":"info","event":"✅ Created Airbyte connection: 8d319bac-cdbc-4146-ab4f-bbad025b83fd","logger":"airflow.task.operators.unusual_prefix_ac7f737a65185fdcf9ad4977cf05b6ee6574fc89_airbyte_and_dbt_with_airflow.AirbyteConnectionCreator"}
{"timestamp":"2025-09-05T14:01:10.679404","level":"info","event":"Airbyte connection already created: 8d319bac-cdbc-4146-ab4f-bbad025b83fd","logger":"airflow.task.operators.unusual_prefix_ac7f737a65185fdcf9ad4977cf05b6ee6574fc89_airbyte_and_dbt_with_airflow.AirbyteConnectionCreator"}
{"timestamp":"2025-09-05T14:01:10.729779","level":"info","event":"Job(s) still running for connection 8d319bac-cdbc-4146-ab4f-bbad025b83fd","logger":"airflow.task.operators.unusual_prefix_ac7f737a65185fdcf9ad4977cf05b6ee6574fc89_airbyte_and_dbt_with_airflow.AirbyteConnectionCreator"}
{"timestamp":"2025-09-05T14:01:30.732018","level":"info","event":"Airbyte connection already created: 8d319bac-cdbc-4146-ab4f-bbad025b83fd","logger":"airflow.task.operators.unusual_prefix_ac7f737a65185fdcf9ad4977cf05b6ee6574fc89_airbyte_and_dbt_with_airflow.AirbyteConnectionCreator"}
{"timestamp":"2025-09-05T14:01:30.818878","level":"info","event":"Job(s) still running for connection 8d319bac-cdbc-4146-ab4f-bbad025b83fd","logger":"airflow.task.operators.unusual_prefix_ac7f737a65185fdcf9ad4977cf05b6ee6574fc89_airbyte_and_dbt_with_airflow.AirbyteConnectionCreator"}
{"timestamp":"2025-09-05T14:01:50.832329","level":"info","event":"Airbyte connection already created: 8d319bac-cdbc-4146-ab4f-bbad025b83fd","logger":"airflow.task.operators.unusual_prefix_ac7f737a65185fdcf9ad4977cf05b6ee6574fc89_airbyte_and_dbt_with_airflow.AirbyteConnectionCreator"}
{"timestamp":"2025-09-05T14:01:50.975897","level":"info","event":"No running jobs for connection 8d319bac-cdbc-4146-ab4f-bbad025b83fd. Proceeding.","logger":"airflow.task.operators.unusual_prefix_ac7f737a65185fdcf9ad4977cf05b6ee6574fc89_airbyte_and_dbt_with_airflow.AirbyteConnectionCreator"}
{"timestamp":"2025-09-05T14:01:50.976259","level":"info","event":"Success criteria met. Exiting.","logger":"airflow.task.operators.unusual_prefix_ac7f737a65185fdcf9ad4977cf05b6ee6574fc89_airbyte_and_dbt_with_airflow.AirbyteConnectionCreator"}
{"timestamp":"2025-09-05T14:01:51.013344Z","level":"info","event":"Task instance in success state","chan":"stdout","logger":"task"}
{"timestamp":"2025-09-05T14:01:51.013720Z","level":"info","event":" Previous state of the Task instance: TaskInstanceState.RUNNING","chan":"stdout","logger":"task"}
{"timestamp":"2025-09-05T14:01:51.018984Z","level":"info","event":"Task operator:<Task(AirbyteConnectionCreator): create_airbyte_connection>","chan":"stdout","logger":"task"}
