[2025-08-28T11:09:46.458+0000] {taskinstance.py:1083} INFO - Dependencies all met for <TaskInstance: airbyte_dynamic_connection.create_airbyte_connection manual__2025-08-28T11:09:45.283652+00:00 [queued]>
[2025-08-28T11:09:46.462+0000] {taskinstance.py:1083} INFO - Dependencies all met for <TaskInstance: airbyte_dynamic_connection.create_airbyte_connection manual__2025-08-28T11:09:45.283652+00:00 [queued]>
[2025-08-28T11:09:46.463+0000] {taskinstance.py:1279} INFO - 
--------------------------------------------------------------------------------
[2025-08-28T11:09:46.463+0000] {taskinstance.py:1280} INFO - Starting attempt 1 of 1
[2025-08-28T11:09:46.463+0000] {taskinstance.py:1281} INFO - 
--------------------------------------------------------------------------------
[2025-08-28T11:09:46.468+0000] {taskinstance.py:1300} INFO - Executing <Task(PythonOperator): create_airbyte_connection> on 2025-08-28 11:09:45.283652+00:00
[2025-08-28T11:09:46.471+0000] {standard_task_runner.py:55} INFO - Started process 46970 to run task
[2025-08-28T11:09:46.473+0000] {standard_task_runner.py:82} INFO - Running: ['***', 'tasks', 'run', 'airbyte_dynamic_connection', 'create_airbyte_connection', 'manual__2025-08-28T11:09:45.283652+00:00', '--job-id', '31', '--raw', '--subdir', 'DAGS_FOLDER/dynamic-airbyte-with-***.py', '--cfg-path', '/tmp/tmpj03k9401']
[2025-08-28T11:09:46.473+0000] {standard_task_runner.py:83} INFO - Job 31: Subtask create_airbyte_connection
[2025-08-28T11:09:46.502+0000] {task_command.py:388} INFO - Running <TaskInstance: airbyte_dynamic_connection.create_airbyte_connection manual__2025-08-28T11:09:45.283652+00:00 [running]> on host 966b32814b47
[2025-08-28T11:09:46.529+0000] {taskinstance.py:1509} INFO - Exporting the following env vars:
AIRFLOW_CTX_DAG_OWNER=***
AIRFLOW_CTX_DAG_ID=airbyte_dynamic_connection
AIRFLOW_CTX_TASK_ID=create_airbyte_connection
AIRFLOW_CTX_EXECUTION_DATE=2025-08-28T11:09:45.283652+00:00
AIRFLOW_CTX_TRY_NUMBER=1
AIRFLOW_CTX_DAG_RUN_ID=manual__2025-08-28T11:09:45.283652+00:00
[2025-08-28T11:09:46.678+0000] {python.py:177} INFO - Done. Returned value was: None
[2025-08-28T11:09:46.683+0000] {taskinstance.py:1323} INFO - Marking task as SUCCESS. dag_id=airbyte_dynamic_connection, task_id=create_airbyte_connection, execution_date=20250828T110945, start_date=20250828T110946, end_date=20250828T110946
[2025-08-28T11:09:46.733+0000] {local_task_job.py:208} INFO - Task exited with return code 0
[2025-08-28T11:09:46.749+0000] {taskinstance.py:2578} INFO - 1 downstream tasks scheduled from follow-on schedule check
