{"timestamp":"2025-09-05T14:01:51.766971","level":"info","event":"DAG bundles loaded: dags-folder, example_dags","logger":"airflow.dag_processing.bundles.manager.DagBundlesManager"}
{"timestamp":"2025-09-05T14:01:51.767470","level":"info","event":"Filling up the DagBag from /opt/airflow/dags/airbyte-and-dbt-with-airflow.py","logger":"airflow.models.dagbag.DagBag"}
{"timestamp":"2025-09-05T14:01:51.786434","level":"info","event":"Trying to parse the dbt project using dbt ls cache cosmos_cache__airbyte_dynamic_connection__dbt_dynamic_alias...","logger":"cosmos.dbt.graph"}
{"timestamp":"2025-09-05T14:01:51.825445","level":"info","event":"Cosmos performance: time to calculate cache identifier cosmos_cache__airbyte_dynamic_connection__dbt_dynamic_alias for current version: 0.0267120829958003","logger":"cosmos.cache"}
{"timestamp":"2025-09-05T14:01:51.825554","level":"info","event":"Cosmos performance [5f5c1e41ce68|745]: The cache size for cosmos_cache__airbyte_dynamic_connection__dbt_dynamic_alias is 4058","logger":"cosmos.dbt.graph"}
{"timestamp":"2025-09-05T14:01:51.825765","level":"info","event":"Cosmos performance: Cache hit for cosmos_cache__airbyte_dynamic_connection__dbt_dynamic_alias - 7f6c90e7b7fbd54d95119723ba858828,d41d8cd98f00b204e9800998ecf8427e","logger":"cosmos.dbt.graph"}
{"timestamp":"2025-09-05T14:01:51.826101","level":"info","event":"Total nodes: 5","logger":"cosmos.dbt.graph"}
{"timestamp":"2025-09-05T14:01:51.826148","level":"info","event":"Total filtered nodes: 5","logger":"cosmos.dbt.graph"}
{"timestamp":"2025-09-05T14:01:51.826200","level":"info","event":"Cosmos performance (airbyte_dynamic_connection__dbt_dynamic_alias) -  [5f5c1e41ce68|745]: It took 0.0404s to parse the dbt project for DAG using LoadMode.DBT_LS_CACHE","logger":"cosmos.converter"}
{"timestamp":"2025-09-05T14:01:51.826416","level":"info","event":"Project /opt/airflow/dbt/my_project_dbt does not have {'packages.yml', 'dependencies.yml'}","logger":"cosmos.dbt.project"}
{"timestamp":"2025-09-05T14:01:51.827188","level":"info","event":"Project /opt/airflow/dbt/my_project_dbt does not have {'packages.yml', 'dependencies.yml'}","logger":"cosmos.dbt.project"}
{"timestamp":"2025-09-05T14:01:51.827981","level":"info","event":"Project /opt/airflow/dbt/my_project_dbt does not have {'packages.yml', 'dependencies.yml'}","logger":"cosmos.dbt.project"}
{"timestamp":"2025-09-05T14:01:51.828449","level":"info","event":"Project /opt/airflow/dbt/my_project_dbt does not have {'packages.yml', 'dependencies.yml'}","logger":"cosmos.dbt.project"}
{"timestamp":"2025-09-05T14:01:51.828897","level":"info","event":"Project /opt/airflow/dbt/my_project_dbt does not have {'packages.yml', 'dependencies.yml'}","logger":"cosmos.dbt.project"}
{"timestamp":"2025-09-05T14:01:51.829310","level":"info","event":"Project /opt/airflow/dbt/my_project_dbt does not have {'packages.yml', 'dependencies.yml'}","logger":"cosmos.dbt.project"}
{"timestamp":"2025-09-05T14:01:51.829933","level":"info","event":"Cosmos performance (airbyte_dynamic_connection__dbt_dynamic_alias) - [5f5c1e41ce68|745]: It took 0.00374s to build the Airflow DAG.","logger":"cosmos.converter"}
{"timestamp":"2025-09-05T14:01:51.830780","level":"warning","event":"/home/airflow/.local/lib/python3.12/site-packages/pydantic/main.py:463: UserWarning: Pydantic serializer warnings:\n  PydanticSerializationUnexpectedValue(Expected `str` - serialized value may not be as expected [input_value={'version': '7f6c90e7b7fb...d': 'dbt_dynamic_alias'}, input_type=dict])\n  return self.__pydantic_serializer__.to_python(\n","logger":"py.warnings"}
{"timestamp":"2025-09-05T14:01:51.871774Z","level":"info","event":"Task instance is in running state","chan":"stdout","logger":"task"}
{"timestamp":"2025-09-05T14:01:51.871963Z","level":"info","event":" Previous state of the Task instance: TaskInstanceState.QUEUED","chan":"stdout","logger":"task"}
{"timestamp":"2025-09-05T14:01:51.873060Z","level":"info","event":"Current task name:trigger_airbyte_sync","chan":"stdout","logger":"task"}
{"timestamp":"2025-09-05T14:01:51.873148Z","level":"info","event":"Dag name:airbyte_dynamic_connection","chan":"stdout","logger":"task"}
{"timestamp":"2025-09-05T14:01:51.875546","level":"warning","event":"/home/airflow/.local/lib/python3.12/site-packages/airflow/models/connection.py:471: DeprecationWarning: Using Connection.get_connection_from_secrets from `airflow.models` is deprecated.Please use `from airflow.sdk import Connection` instead\n  warnings.warn(\n","logger":"py.warnings"}
{"timestamp":"2025-09-05T14:01:51.881847","level":"warning","event":"Skipping masking for a secret as it's too short (<5 chars)","logger":"airflow.sdk.execution_time.secrets_masker"}
{"timestamp":"2025-09-05T14:01:51.881916","level":"info","event":"Connection Retrieved 'airbyte-with-airflow'","logger":"airflow.hooks.base"}
{"timestamp":"2025-09-05T14:01:52.200275","level":"info","event":"Job 390 was submitted to Airbyte Server","logger":"airflow.task.operators.airflow.providers.airbyte.operators.airbyte.AirbyteTriggerSyncOperator"}
{"timestamp":"2025-09-05T14:01:52.200379","level":"info","event":"Waiting for job 390 to complete","logger":"airflow.task.operators.airflow.providers.airbyte.operators.airbyte.AirbyteTriggerSyncOperator"}
{"timestamp":"2025-09-05T14:02:22.213009","level":"info","event":"Connection Retrieved 'airbyte-with-airflow'","logger":"airflow.hooks.base"}
{"timestamp":"2025-09-05T14:02:52.251539","level":"info","event":"Connection Retrieved 'airbyte-with-airflow'","logger":"airflow.hooks.base"}
{"timestamp":"2025-09-05T14:03:22.284508","level":"info","event":"Connection Retrieved 'airbyte-with-airflow'","logger":"airflow.hooks.base"}
{"timestamp":"2025-09-05T14:03:52.344505","level":"info","event":"Connection Retrieved 'airbyte-with-airflow'","logger":"airflow.hooks.base"}
{"timestamp":"2025-09-05T14:04:22.417944","level":"info","event":"Connection Retrieved 'airbyte-with-airflow'","logger":"airflow.hooks.base"}
{"timestamp":"2025-09-05T14:04:52.487004","level":"info","event":"Connection Retrieved 'airbyte-with-airflow'","logger":"airflow.hooks.base"}
{"timestamp":"2025-09-05T14:04:52.532397","level":"error","event":"Task failed with exception","logger":"task","error_detail":[{"exc_type":"Exception","exc_value":"Encountered unexpected state `failed` for job_id `390`","exc_notes":[],"syntax_error":null,"is_cause":false,"frames":[{"filename":"/home/airflow/.local/lib/python3.12/site-packages/airflow/sdk/execution_time/task_runner.py","lineno":918,"name":"run"},{"filename":"/home/airflow/.local/lib/python3.12/site-packages/airflow/sdk/execution_time/task_runner.py","lineno":1213,"name":"_execute_task"},{"filename":"/home/airflow/.local/lib/python3.12/site-packages/airflow/sdk/bases/operator.py","lineno":397,"name":"wrapper"},{"filename":"/home/airflow/.local/lib/python3.12/site-packages/airflow/providers/airbyte/operators/airbyte.py","lineno":77,"name":"execute"},{"filename":"/home/airflow/.local/lib/python3.12/site-packages/airflow/providers/airbyte/hooks/airbyte.py","lineno":84,"name":"wait_for_job"}],"is_group":false,"exceptions":[]}]}
{"timestamp":"2025-09-05T14:04:52.537073Z","level":"info","event":"Task instance in failure state","chan":"stdout","logger":"task"}
{"timestamp":"2025-09-05T14:04:52.545105Z","level":"info","event":"Task start","chan":"stdout","logger":"task"}
{"timestamp":"2025-09-05T14:04:52.545254Z","level":"info","event":"Task:<Task(AirbyteTriggerSyncOperator): trigger_airbyte_sync>","chan":"stdout","logger":"task"}
{"timestamp":"2025-09-05T14:04:52.545433Z","level":"info","event":"Failure caused by Encountered unexpected state `failed` for job_id `390`","chan":"stdout","logger":"task"}
