{"timestamp":"2025-09-04T12:29:01.660804","level":"info","event":"DAG bundles loaded: dags-folder, example_dags","logger":"airflow.dag_processing.bundles.manager.DagBundlesManager"}
{"timestamp":"2025-09-04T12:29:01.662317","level":"info","event":"Filling up the DagBag from /opt/airflow/dags/dynamic-airbyte-with-airflow.py","logger":"airflow.models.dagbag.DagBag"}
{"timestamp":"2025-09-04T12:29:02.600134","level":"info","event":"Trying to parse the dbt project using dbt ls cache cosmos_cache__airbyte_dynamic_connection__my_project_dbt_group_11...","logger":"cosmos.dbt.graph"}
{"timestamp":"2025-09-04T12:29:02.657365","level":"info","event":"Cosmos performance: time to calculate cache identifier cosmos_cache__airbyte_dynamic_connection__my_project_dbt_group_11 for current version: 0.04432437499053776","logger":"cosmos.cache"}
{"timestamp":"2025-09-04T12:29:02.657483","level":"info","event":"Cosmos performance [4c411685c6cd|522]: The cache size for cosmos_cache__airbyte_dynamic_connection__my_project_dbt_group_11 is 4337","logger":"cosmos.dbt.graph"}
{"timestamp":"2025-09-04T12:29:02.657658","level":"info","event":"Cosmos performance: Cache hit for cosmos_cache__airbyte_dynamic_connection__my_project_dbt_group_11 - 2499a7507d070b7bbbbe009f3f50a3a8,d41d8cd98f00b204e9800998ecf8427e","logger":"cosmos.dbt.graph"}
{"timestamp":"2025-09-04T12:29:02.658123","level":"info","event":"Total nodes: 6","logger":"cosmos.dbt.graph"}
{"timestamp":"2025-09-04T12:29:02.658159","level":"info","event":"Total filtered nodes: 6","logger":"cosmos.dbt.graph"}
{"timestamp":"2025-09-04T12:29:02.658204","level":"info","event":"Cosmos performance (airbyte_dynamic_connection__my_project_dbt_group_11) -  [4c411685c6cd|522]: It took 0.0583s to parse the dbt project for DAG using LoadMode.DBT_LS_CACHE","logger":"cosmos.converter"}
{"timestamp":"2025-09-04T12:29:02.658511","level":"info","event":"Project /opt/airflow/dbt/my_project_dbt does not have {'dependencies.yml', 'packages.yml'}","logger":"cosmos.dbt.project"}
{"timestamp":"2025-09-04T12:29:02.659150","level":"info","event":"Project /opt/airflow/dbt/my_project_dbt does not have {'dependencies.yml', 'packages.yml'}","logger":"cosmos.dbt.project"}
{"timestamp":"2025-09-04T12:29:02.659910","level":"info","event":"Project /opt/airflow/dbt/my_project_dbt does not have {'dependencies.yml', 'packages.yml'}","logger":"cosmos.dbt.project"}
{"timestamp":"2025-09-04T12:29:02.660335","level":"info","event":"Project /opt/airflow/dbt/my_project_dbt does not have {'dependencies.yml', 'packages.yml'}","logger":"cosmos.dbt.project"}
{"timestamp":"2025-09-04T12:29:02.660757","level":"info","event":"Project /opt/airflow/dbt/my_project_dbt does not have {'dependencies.yml', 'packages.yml'}","logger":"cosmos.dbt.project"}
{"timestamp":"2025-09-04T12:29:02.661163","level":"info","event":"Project /opt/airflow/dbt/my_project_dbt does not have {'dependencies.yml', 'packages.yml'}","logger":"cosmos.dbt.project"}
{"timestamp":"2025-09-04T12:29:02.661468","level":"info","event":"Cosmos performance (airbyte_dynamic_connection__my_project_dbt_group_11) - [4c411685c6cd|522]: It took 0.00327s to build the Airflow DAG.","logger":"cosmos.converter"}
{"timestamp":"2025-09-04T12:29:02.662517","level":"warning","event":"/home/airflow/.local/lib/python3.12/site-packages/pydantic/main.py:463: UserWarning: Pydantic serializer warnings:\n  PydanticSerializationUnexpectedValue(Expected `str` - serialized value may not be as expected [input_value={'version': '2499a7507d07...y_project_dbt_group_11'}, input_type=dict])\n  return self.__pydantic_serializer__.to_python(\n","logger":"py.warnings"}
{"timestamp":"2025-09-04T12:29:02.690825Z","level":"info","event":"Task instance is in running state","chan":"stdout","logger":"task"}
{"timestamp":"2025-09-04T12:29:02.690997Z","level":"info","event":" Previous state of the Task instance: TaskInstanceState.QUEUED","chan":"stdout","logger":"task"}
{"timestamp":"2025-09-04T12:29:02.691868Z","level":"info","event":"Current task name:create_custom_source_and_discover_schema","chan":"stdout","logger":"task"}
{"timestamp":"2025-09-04T12:29:02.692084Z","level":"info","event":"Dag name:airbyte_dynamic_connection","chan":"stdout","logger":"task"}
{"timestamp":"2025-09-04T12:29:13.918843","level":"info","event":"Done. Returned value was: None","logger":"airflow.task.operators.airflow.providers.standard.operators.python.PythonOperator"}
{"timestamp":"2025-09-04T12:29:13.934570Z","level":"info","event":"Task instance in success state","chan":"stdout","logger":"task"}
{"timestamp":"2025-09-04T12:29:13.934742Z","level":"info","event":" Previous state of the Task instance: TaskInstanceState.RUNNING","chan":"stdout","logger":"task"}
{"timestamp":"2025-09-04T12:29:13.939255Z","level":"info","event":"Task operator:<Task(PythonOperator): create_custom_source_and_discover_schema>","chan":"stdout","logger":"task"}
