[2025-08-28T11:39:23.238+0000] {taskinstance.py:1083} INFO - Dependencies all met for <TaskInstance: airbyte_dynamic_connection.wait_for_airbyte_idle manual__2025-08-28T11:39:21.532685+00:00 [queued]>
[2025-08-28T11:39:23.242+0000] {taskinstance.py:1083} INFO - Dependencies all met for <TaskInstance: airbyte_dynamic_connection.wait_for_airbyte_idle manual__2025-08-28T11:39:21.532685+00:00 [queued]>
[2025-08-28T11:39:23.242+0000] {taskinstance.py:1279} INFO - 
--------------------------------------------------------------------------------
[2025-08-28T11:39:23.242+0000] {taskinstance.py:1280} INFO - Starting attempt 1 of 1
[2025-08-28T11:39:23.242+0000] {taskinstance.py:1281} INFO - 
--------------------------------------------------------------------------------
[2025-08-28T11:39:23.248+0000] {taskinstance.py:1300} INFO - Executing <Task(AirbyteJobSensor): wait_for_airbyte_idle> on 2025-08-28 11:39:21.532685+00:00
[2025-08-28T11:39:23.250+0000] {standard_task_runner.py:55} INFO - Started process 1538 to run task
[2025-08-28T11:39:23.252+0000] {standard_task_runner.py:82} INFO - Running: ['***', 'tasks', 'run', 'airbyte_dynamic_connection', 'wait_for_airbyte_idle', 'manual__2025-08-28T11:39:21.532685+00:00', '--job-id', '50', '--raw', '--subdir', 'DAGS_FOLDER/dynamic-airbyte-with-***.py', '--cfg-path', '/tmp/tmpfnrae494']
[2025-08-28T11:39:23.252+0000] {standard_task_runner.py:83} INFO - Job 50: Subtask wait_for_airbyte_idle
[2025-08-28T11:39:23.285+0000] {task_command.py:388} INFO - Running <TaskInstance: airbyte_dynamic_connection.wait_for_airbyte_idle manual__2025-08-28T11:39:21.532685+00:00 [running]> on host 966b32814b47
[2025-08-28T11:39:23.332+0000] {taskinstance.py:1509} INFO - Exporting the following env vars:
AIRFLOW_CTX_DAG_OWNER=***
AIRFLOW_CTX_DAG_ID=airbyte_dynamic_connection
AIRFLOW_CTX_TASK_ID=wait_for_airbyte_idle
AIRFLOW_CTX_EXECUTION_DATE=2025-08-28T11:39:21.532685+00:00
AIRFLOW_CTX_TRY_NUMBER=1
AIRFLOW_CTX_DAG_RUN_ID=manual__2025-08-28T11:39:21.532685+00:00
[2025-08-28T11:39:23.458+0000] {dynamic-airbyte-with-airflow.py:38} INFO - Job(s) still running for connection 49754a92-fdcf-4951-a311-4e652ffc9767
[2025-08-28T11:39:43.531+0000] {dynamic-airbyte-with-airflow.py:38} INFO - Job(s) still running for connection 49754a92-fdcf-4951-a311-4e652ffc9767
[2025-08-28T11:40:03.655+0000] {dynamic-airbyte-with-airflow.py:41} INFO - No running jobs. Proceeding.
[2025-08-28T11:40:03.656+0000] {base.py:228} INFO - Success criteria met. Exiting.
[2025-08-28T11:40:03.664+0000] {taskinstance.py:1323} INFO - Marking task as SUCCESS. dag_id=airbyte_dynamic_connection, task_id=wait_for_airbyte_idle, execution_date=20250828T113921, start_date=20250828T113923, end_date=20250828T114003
[2025-08-28T11:40:03.688+0000] {local_task_job.py:208} INFO - Task exited with return code 0
[2025-08-28T11:40:03.711+0000] {taskinstance.py:2578} INFO - 1 downstream tasks scheduled from follow-on schedule check
