[2025-08-28T12:17:49.074+0000] {taskinstance.py:1083} INFO - Dependencies all met for <TaskInstance: airbyte_dynamic_connection.discover_schema manual__2025-08-28T12:17:48.502088+00:00 [queued]>
[2025-08-28T12:17:49.079+0000] {taskinstance.py:1083} INFO - Dependencies all met for <TaskInstance: airbyte_dynamic_connection.discover_schema manual__2025-08-28T12:17:48.502088+00:00 [queued]>
[2025-08-28T12:17:49.079+0000] {taskinstance.py:1279} INFO - 
--------------------------------------------------------------------------------
[2025-08-28T12:17:49.079+0000] {taskinstance.py:1280} INFO - Starting attempt 1 of 1
[2025-08-28T12:17:49.079+0000] {taskinstance.py:1281} INFO - 
--------------------------------------------------------------------------------
[2025-08-28T12:17:49.085+0000] {taskinstance.py:1300} INFO - Executing <Task(PythonOperator): discover_schema> on 2025-08-28 12:17:48.502088+00:00
[2025-08-28T12:17:49.088+0000] {standard_task_runner.py:55} INFO - Started process 1056 to run task
[2025-08-28T12:17:49.090+0000] {standard_task_runner.py:82} INFO - Running: ['***', 'tasks', 'run', 'airbyte_dynamic_connection', 'discover_schema', 'manual__2025-08-28T12:17:48.502088+00:00', '--job-id', '98', '--raw', '--subdir', 'DAGS_FOLDER/dynamic-airbyte-with-***.py', '--cfg-path', '/tmp/tmpaq9lr1x4']
[2025-08-28T12:17:49.091+0000] {standard_task_runner.py:83} INFO - Job 98: Subtask discover_schema
[2025-08-28T12:17:49.121+0000] {task_command.py:388} INFO - Running <TaskInstance: airbyte_dynamic_connection.discover_schema manual__2025-08-28T12:17:48.502088+00:00 [running]> on host 966b32814b47
[2025-08-28T12:17:49.148+0000] {taskinstance.py:1509} INFO - Exporting the following env vars:
AIRFLOW_CTX_DAG_OWNER=***
AIRFLOW_CTX_DAG_ID=airbyte_dynamic_connection
AIRFLOW_CTX_TASK_ID=discover_schema
AIRFLOW_CTX_EXECUTION_DATE=2025-08-28T12:17:48.502088+00:00
AIRFLOW_CTX_TRY_NUMBER=1
AIRFLOW_CTX_DAG_RUN_ID=manual__2025-08-28T12:17:48.502088+00:00
[2025-08-28T12:17:49.252+0000] {python.py:177} INFO - Done. Returned value was: None
[2025-08-28T12:17:49.257+0000] {taskinstance.py:1323} INFO - Marking task as SUCCESS. dag_id=airbyte_dynamic_connection, task_id=discover_schema, execution_date=20250828T121748, start_date=20250828T121749, end_date=20250828T121749
[2025-08-28T12:17:49.272+0000] {local_task_job.py:208} INFO - Task exited with return code 0
[2025-08-28T12:17:49.287+0000] {taskinstance.py:2578} INFO - 1 downstream tasks scheduled from follow-on schedule check
