{"timestamp":"2025-09-04T11:08:00.777605","level":"info","event":"DAG bundles loaded: dags-folder, example_dags","logger":"airflow.dag_processing.bundles.manager.DagBundlesManager"}
{"timestamp":"2025-09-04T11:08:00.778046","level":"info","event":"Filling up the DagBag from /opt/airflow/dags/dynamic-airbyte-with-airflow.py","logger":"airflow.models.dagbag.DagBag"}
{"timestamp":"2025-09-04T11:08:01.550549","level":"info","event":"Trying to parse the dbt project using dbt ls cache cosmos_cache__airbyte_dynamic_connection__my_project_dbt_group_11...","logger":"cosmos.dbt.graph"}
{"timestamp":"2025-09-04T11:08:01.586333","level":"info","event":"Cosmos performance: time to calculate cache identifier cosmos_cache__airbyte_dynamic_connection__my_project_dbt_group_11 for current version: 0.02738462499110028","logger":"cosmos.cache"}
{"timestamp":"2025-09-04T11:08:01.586427","level":"info","event":"Cosmos performance [2b2e84620275|943]: The cache size for cosmos_cache__airbyte_dynamic_connection__my_project_dbt_group_11 is 4335","logger":"cosmos.dbt.graph"}
{"timestamp":"2025-09-04T11:08:01.586557","level":"info","event":"Cosmos performance: Cache hit for cosmos_cache__airbyte_dynamic_connection__my_project_dbt_group_11 - aad8d04d72ff7b6917b24f4cd2f34a0b,d41d8cd98f00b204e9800998ecf8427e","logger":"cosmos.dbt.graph"}
{"timestamp":"2025-09-04T11:08:01.586926","level":"info","event":"Total nodes: 6","logger":"cosmos.dbt.graph"}
{"timestamp":"2025-09-04T11:08:01.586956","level":"info","event":"Total filtered nodes: 6","logger":"cosmos.dbt.graph"}
{"timestamp":"2025-09-04T11:08:01.586998","level":"info","event":"Cosmos performance (airbyte_dynamic_connection__my_project_dbt_group_11) -  [2b2e84620275|943]: It took 0.0365s to parse the dbt project for DAG using LoadMode.DBT_LS_CACHE","logger":"cosmos.converter"}
{"timestamp":"2025-09-04T11:08:01.587165","level":"info","event":"Project /opt/airflow/dbt/my_project_dbt does not have {'dependencies.yml', 'packages.yml'}","logger":"cosmos.dbt.project"}
{"timestamp":"2025-09-04T11:08:01.587570","level":"info","event":"Project /opt/airflow/dbt/my_project_dbt does not have {'dependencies.yml', 'packages.yml'}","logger":"cosmos.dbt.project"}
{"timestamp":"2025-09-04T11:08:01.588098","level":"info","event":"Project /opt/airflow/dbt/my_project_dbt does not have {'dependencies.yml', 'packages.yml'}","logger":"cosmos.dbt.project"}
{"timestamp":"2025-09-04T11:08:01.588405","level":"info","event":"Project /opt/airflow/dbt/my_project_dbt does not have {'dependencies.yml', 'packages.yml'}","logger":"cosmos.dbt.project"}
{"timestamp":"2025-09-04T11:08:01.588890","level":"info","event":"Project /opt/airflow/dbt/my_project_dbt does not have {'dependencies.yml', 'packages.yml'}","logger":"cosmos.dbt.project"}
{"timestamp":"2025-09-04T11:08:01.589461","level":"info","event":"Project /opt/airflow/dbt/my_project_dbt does not have {'dependencies.yml', 'packages.yml'}","logger":"cosmos.dbt.project"}
{"timestamp":"2025-09-04T11:08:01.589835","level":"info","event":"Cosmos performance (airbyte_dynamic_connection__my_project_dbt_group_11) - [2b2e84620275|943]: It took 0.00284s to build the Airflow DAG.","logger":"cosmos.converter"}
{"timestamp":"2025-09-04T11:08:01.591202","level":"warning","event":"/home/airflow/.local/lib/python3.12/site-packages/pydantic/main.py:463: UserWarning: Pydantic serializer warnings:\n  PydanticSerializationUnexpectedValue(Expected `str` - serialized value may not be as expected [input_value={'version': 'aad8d04d72ff...y_project_dbt_group_11'}, input_type=dict])\n  return self.__pydantic_serializer__.to_python(\n","logger":"py.warnings"}
{"timestamp":"2025-09-04T11:08:01.603743Z","level":"info","event":"Task instance is in running state","chan":"stdout","logger":"task"}
{"timestamp":"2025-09-04T11:08:01.603842Z","level":"info","event":" Previous state of the Task instance: TaskInstanceState.QUEUED","chan":"stdout","logger":"task"}
{"timestamp":"2025-09-04T11:08:01.604742Z","level":"info","event":"Current task name:create_airbyte_connection","chan":"stdout","logger":"task"}
{"timestamp":"2025-09-04T11:08:01.604814Z","level":"info","event":"Dag name:airbyte_dynamic_connection","chan":"stdout","logger":"task"}
{"timestamp":"2025-09-04T11:08:01.900509","level":"info","event":"✅ Created Airbyte connection: 3080f0cc-fc5a-408d-adcb-9d6eb42ca577","logger":"airflow.task.operators.unusual_prefix_e151c28edc61cde2512bcf1342da210082e12749_dynamic_airbyte_with_airflow.AirbyteConnectionCreator"}
{"timestamp":"2025-09-04T11:08:21.903427","level":"info","event":"Airbyte connection already created: 3080f0cc-fc5a-408d-adcb-9d6eb42ca577","logger":"airflow.task.operators.unusual_prefix_e151c28edc61cde2512bcf1342da210082e12749_dynamic_airbyte_with_airflow.AirbyteConnectionCreator"}
{"timestamp":"2025-09-04T11:08:22.117492","level":"info","event":"Job(s) still running for connection 3080f0cc-fc5a-408d-adcb-9d6eb42ca577","logger":"airflow.task.operators.unusual_prefix_e151c28edc61cde2512bcf1342da210082e12749_dynamic_airbyte_with_airflow.AirbyteConnectionCreator"}
{"timestamp":"2025-09-04T11:08:42.118604","level":"info","event":"Airbyte connection already created: 3080f0cc-fc5a-408d-adcb-9d6eb42ca577","logger":"airflow.task.operators.unusual_prefix_e151c28edc61cde2512bcf1342da210082e12749_dynamic_airbyte_with_airflow.AirbyteConnectionCreator"}
{"timestamp":"2025-09-04T11:08:42.260416","level":"info","event":"Job(s) still running for connection 3080f0cc-fc5a-408d-adcb-9d6eb42ca577","logger":"airflow.task.operators.unusual_prefix_e151c28edc61cde2512bcf1342da210082e12749_dynamic_airbyte_with_airflow.AirbyteConnectionCreator"}
{"timestamp":"2025-09-04T11:09:02.265392","level":"info","event":"Airbyte connection already created: 3080f0cc-fc5a-408d-adcb-9d6eb42ca577","logger":"airflow.task.operators.unusual_prefix_e151c28edc61cde2512bcf1342da210082e12749_dynamic_airbyte_with_airflow.AirbyteConnectionCreator"}
{"timestamp":"2025-09-04T11:09:02.371752","level":"info","event":"No running jobs for connection 3080f0cc-fc5a-408d-adcb-9d6eb42ca577. Proceeding.","logger":"airflow.task.operators.unusual_prefix_e151c28edc61cde2512bcf1342da210082e12749_dynamic_airbyte_with_airflow.AirbyteConnectionCreator"}
{"timestamp":"2025-09-04T11:09:02.371984","level":"info","event":"Success criteria met. Exiting.","logger":"airflow.task.operators.unusual_prefix_e151c28edc61cde2512bcf1342da210082e12749_dynamic_airbyte_with_airflow.AirbyteConnectionCreator"}
{"timestamp":"2025-09-04T11:09:02.387208Z","level":"info","event":"Task instance in success state","chan":"stdout","logger":"task"}
{"timestamp":"2025-09-04T11:09:02.387382Z","level":"info","event":" Previous state of the Task instance: TaskInstanceState.RUNNING","chan":"stdout","logger":"task"}
{"timestamp":"2025-09-04T11:09:02.390420Z","level":"info","event":"Task operator:<Task(AirbyteConnectionCreator): create_airbyte_connection>","chan":"stdout","logger":"task"}
