{"timestamp":"2025-09-05T06:08:42.112083","level":"info","event":"DAG bundles loaded: dags-folder, example_dags","logger":"airflow.dag_processing.bundles.manager.DagBundlesManager"}
{"timestamp":"2025-09-05T06:08:42.112614","level":"info","event":"Filling up the DagBag from /opt/airflow/dags/airbyte-and-dbt-with-airflow.py","logger":"airflow.models.dagbag.DagBag"}
{"timestamp":"2025-09-05T06:08:42.147241","level":"info","event":"Trying to parse the dbt project using dbt ls cache cosmos_cache__airbyte_dynamic_connection__my_project_dbt_group_11...","logger":"cosmos.dbt.graph"}
{"timestamp":"2025-09-05T06:08:42.191282","level":"info","event":"Cosmos performance: time to calculate cache identifier cosmos_cache__airbyte_dynamic_connection__my_project_dbt_group_11 for current version: 0.03010829200502485","logger":"cosmos.cache"}
{"timestamp":"2025-09-05T06:08:42.191428","level":"info","event":"Cosmos performance [5f5c1e41ce68|1543]: The cache size for cosmos_cache__airbyte_dynamic_connection__my_project_dbt_group_11 is 4337","logger":"cosmos.dbt.graph"}
{"timestamp":"2025-09-05T06:08:42.191704","level":"info","event":"Cosmos performance: Cache hit for cosmos_cache__airbyte_dynamic_connection__my_project_dbt_group_11 - 2499a7507d070b7bbbbe009f3f50a3a8,d41d8cd98f00b204e9800998ecf8427e","logger":"cosmos.dbt.graph"}
{"timestamp":"2025-09-05T06:08:42.192163","level":"info","event":"Total nodes: 6","logger":"cosmos.dbt.graph"}
{"timestamp":"2025-09-05T06:08:42.192210","level":"info","event":"Total filtered nodes: 6","logger":"cosmos.dbt.graph"}
{"timestamp":"2025-09-05T06:08:42.192299","level":"info","event":"Cosmos performance (airbyte_dynamic_connection__my_project_dbt_group_11) -  [5f5c1e41ce68|1543]: It took 0.0453s to parse the dbt project for DAG using LoadMode.DBT_LS_CACHE","logger":"cosmos.converter"}
{"timestamp":"2025-09-05T06:08:42.192566","level":"info","event":"Project /opt/airflow/dbt/my_project_dbt does not have {'packages.yml', 'dependencies.yml'}","logger":"cosmos.dbt.project"}
{"timestamp":"2025-09-05T06:08:42.193435","level":"info","event":"Project /opt/airflow/dbt/my_project_dbt does not have {'packages.yml', 'dependencies.yml'}","logger":"cosmos.dbt.project"}
{"timestamp":"2025-09-05T06:08:42.194306","level":"info","event":"Project /opt/airflow/dbt/my_project_dbt does not have {'packages.yml', 'dependencies.yml'}","logger":"cosmos.dbt.project"}
{"timestamp":"2025-09-05T06:08:42.194742","level":"info","event":"Project /opt/airflow/dbt/my_project_dbt does not have {'packages.yml', 'dependencies.yml'}","logger":"cosmos.dbt.project"}
{"timestamp":"2025-09-05T06:08:42.196172","level":"info","event":"Project /opt/airflow/dbt/my_project_dbt does not have {'packages.yml', 'dependencies.yml'}","logger":"cosmos.dbt.project"}
{"timestamp":"2025-09-05T06:08:42.196761","level":"info","event":"Project /opt/airflow/dbt/my_project_dbt does not have {'packages.yml', 'dependencies.yml'}","logger":"cosmos.dbt.project"}
{"timestamp":"2025-09-05T06:08:42.198987","level":"info","event":"Cosmos performance (airbyte_dynamic_connection__my_project_dbt_group_11) - [5f5c1e41ce68|1543]: It took 0.00669s to build the Airflow DAG.","logger":"cosmos.converter"}
{"timestamp":"2025-09-05T06:08:42.200740","level":"warning","event":"/home/airflow/.local/lib/python3.12/site-packages/pydantic/main.py:463: UserWarning: Pydantic serializer warnings:\n  PydanticSerializationUnexpectedValue(Expected `str` - serialized value may not be as expected [input_value={'version': '2499a7507d07...y_project_dbt_group_11'}, input_type=dict])\n  return self.__pydantic_serializer__.to_python(\n","logger":"py.warnings"}
{"timestamp":"2025-09-05T06:08:42.237985Z","level":"info","event":"Task instance is in running state","chan":"stdout","logger":"task"}
{"timestamp":"2025-09-05T06:08:42.238217Z","level":"info","event":" Previous state of the Task instance: TaskInstanceState.QUEUED","chan":"stdout","logger":"task"}
{"timestamp":"2025-09-05T06:08:42.240814Z","level":"info","event":"Current task name:trigger_airbyte_sync","chan":"stdout","logger":"task"}
{"timestamp":"2025-09-05T06:08:42.240952Z","level":"info","event":"Dag name:airbyte_dynamic_connection","chan":"stdout","logger":"task"}
{"timestamp":"2025-09-05T06:08:42.244543","level":"warning","event":"/home/airflow/.local/lib/python3.12/site-packages/airflow/models/connection.py:471: DeprecationWarning: Using Connection.get_connection_from_secrets from `airflow.models` is deprecated.Please use `from airflow.sdk import Connection` instead\n  warnings.warn(\n","logger":"py.warnings"}
{"timestamp":"2025-09-05T06:08:42.256421","level":"warning","event":"Skipping masking for a secret as it's too short (<5 chars)","logger":"airflow.sdk.execution_time.secrets_masker"}
{"timestamp":"2025-09-05T06:08:42.256514","level":"info","event":"Connection Retrieved 'airbyte-with-airflow'","logger":"airflow.hooks.base"}
{"timestamp":"2025-09-05T06:08:42.733212","level":"info","event":"Job 341 was submitted to Airbyte Server","logger":"airflow.task.operators.airflow.providers.airbyte.operators.airbyte.AirbyteTriggerSyncOperator"}
{"timestamp":"2025-09-05T06:08:42.733347","level":"info","event":"Waiting for job 341 to complete","logger":"airflow.task.operators.airflow.providers.airbyte.operators.airbyte.AirbyteTriggerSyncOperator"}
{"timestamp":"2025-09-05T06:09:12.751587","level":"info","event":"Connection Retrieved 'airbyte-with-airflow'","logger":"airflow.hooks.base"}
{"timestamp":"2025-09-05T06:09:12.810347","level":"info","event":"Job 341 completed successfully","logger":"airflow.task.operators.airflow.providers.airbyte.operators.airbyte.AirbyteTriggerSyncOperator"}
{"timestamp":"2025-09-05T06:09:12.813785","level":"info","event":"Pushing xcom","ti":"RuntimeTaskInstance(id=UUID('0199187c-b1e8-7a42-82f0-3f384aaed892'), task_id='trigger_airbyte_sync', dag_id='airbyte_dynamic_connection', run_id='manual__2025-09-05T06:07:29.222496+00:00', try_number=1, map_index=-1, hostname='5f5c1e41ce68', context_carrier={}, task=<Task(AirbyteTriggerSyncOperator): trigger_airbyte_sync>, bundle_instance=LocalDagBundle(name=dags-folder), max_tries=0, start_date=datetime.datetime(2025, 9, 5, 6, 8, 41, 762242, tzinfo=datetime.timezone.utc), end_date=None, state=<TaskInstanceState.RUNNING: 'running'>, is_mapped=False, rendered_map_index=None, log_url='http://localhost:8080/dags/airbyte_dynamic_connection/runs/manual__2025-09-05T06%3A07%3A29.222496%2B00%3A00/tasks/trigger_airbyte_sync?try_number=1')","logger":"task"}
{"timestamp":"2025-09-05T06:09:12.847527Z","level":"info","event":"Task instance in success state","chan":"stdout","logger":"task"}
{"timestamp":"2025-09-05T06:09:12.847717Z","level":"info","event":" Previous state of the Task instance: TaskInstanceState.RUNNING","chan":"stdout","logger":"task"}
{"timestamp":"2025-09-05T06:09:12.850162Z","level":"info","event":"Task operator:<Task(AirbyteTriggerSyncOperator): trigger_airbyte_sync>","chan":"stdout","logger":"task"}
