{"timestamp":"2025-09-04T10:55:00.447177","level":"info","event":"DAG bundles loaded: dags-folder, example_dags","logger":"airflow.dag_processing.bundles.manager.DagBundlesManager"}
{"timestamp":"2025-09-04T10:55:00.447683","level":"info","event":"Filling up the DagBag from /opt/airflow/dags/dynamic-airbyte-with-airflow.py","logger":"airflow.models.dagbag.DagBag"}
{"timestamp":"2025-09-04T10:55:01.309476","level":"info","event":"Trying to parse the dbt project using dbt ls cache cosmos_cache__airbyte_dynamic_connection__my_project_dbt_group_11...","logger":"cosmos.dbt.graph"}
{"timestamp":"2025-09-04T10:55:01.345465","level":"info","event":"Cosmos performance: time to calculate cache identifier cosmos_cache__airbyte_dynamic_connection__my_project_dbt_group_11 for current version: 0.026780457992572337","logger":"cosmos.cache"}
{"timestamp":"2025-09-04T10:55:01.345548","level":"info","event":"Cosmos performance [2b2e84620275|578]: The cache size for cosmos_cache__airbyte_dynamic_connection__my_project_dbt_group_11 is 4335","logger":"cosmos.dbt.graph"}
{"timestamp":"2025-09-04T10:55:01.345688","level":"info","event":"Cosmos performance: Cache hit for cosmos_cache__airbyte_dynamic_connection__my_project_dbt_group_11 - aad8d04d72ff7b6917b24f4cd2f34a0b,d41d8cd98f00b204e9800998ecf8427e","logger":"cosmos.dbt.graph"}
{"timestamp":"2025-09-04T10:55:01.346085","level":"info","event":"Total nodes: 6","logger":"cosmos.dbt.graph"}
{"timestamp":"2025-09-04T10:55:01.346117","level":"info","event":"Total filtered nodes: 6","logger":"cosmos.dbt.graph"}
{"timestamp":"2025-09-04T10:55:01.346155","level":"info","event":"Cosmos performance (airbyte_dynamic_connection__my_project_dbt_group_11) -  [2b2e84620275|578]: It took 0.0368s to parse the dbt project for DAG using LoadMode.DBT_LS_CACHE","logger":"cosmos.converter"}
{"timestamp":"2025-09-04T10:55:01.346318","level":"info","event":"Project /opt/airflow/dbt/my_project_dbt does not have {'dependencies.yml', 'packages.yml'}","logger":"cosmos.dbt.project"}
{"timestamp":"2025-09-04T10:55:01.346875","level":"info","event":"Project /opt/airflow/dbt/my_project_dbt does not have {'dependencies.yml', 'packages.yml'}","logger":"cosmos.dbt.project"}
{"timestamp":"2025-09-04T10:55:01.347504","level":"info","event":"Project /opt/airflow/dbt/my_project_dbt does not have {'dependencies.yml', 'packages.yml'}","logger":"cosmos.dbt.project"}
{"timestamp":"2025-09-04T10:55:01.347875","level":"info","event":"Project /opt/airflow/dbt/my_project_dbt does not have {'dependencies.yml', 'packages.yml'}","logger":"cosmos.dbt.project"}
{"timestamp":"2025-09-04T10:55:01.348259","level":"info","event":"Project /opt/airflow/dbt/my_project_dbt does not have {'dependencies.yml', 'packages.yml'}","logger":"cosmos.dbt.project"}
{"timestamp":"2025-09-04T10:55:01.348587","level":"info","event":"Project /opt/airflow/dbt/my_project_dbt does not have {'dependencies.yml', 'packages.yml'}","logger":"cosmos.dbt.project"}
{"timestamp":"2025-09-04T10:55:01.348850","level":"info","event":"Cosmos performance (airbyte_dynamic_connection__my_project_dbt_group_11) - [2b2e84620275|578]: It took 0.0027s to build the Airflow DAG.","logger":"cosmos.converter"}
{"timestamp":"2025-09-04T10:55:01.350315","level":"warning","event":"/home/airflow/.local/lib/python3.12/site-packages/pydantic/main.py:463: UserWarning: Pydantic serializer warnings:\n  PydanticSerializationUnexpectedValue(Expected `str` - serialized value may not be as expected [input_value={'version': 'aad8d04d72ff...y_project_dbt_group_11'}, input_type=dict])\n  return self.__pydantic_serializer__.to_python(\n","logger":"py.warnings"}
{"timestamp":"2025-09-04T10:55:01.352238Z","level":"info","event":"Task instance is in running state","chan":"stdout","logger":"task"}
{"timestamp":"2025-09-04T10:55:01.352299Z","level":"info","event":" Previous state of the Task instance: TaskInstanceState.QUEUED","chan":"stdout","logger":"task"}
{"timestamp":"2025-09-04T10:55:01.353108Z","level":"info","event":"Current task name:create_airbyte_connection","chan":"stdout","logger":"task"}
{"timestamp":"2025-09-04T10:55:01.353153Z","level":"info","event":"Dag name:airbyte_dynamic_connection","chan":"stdout","logger":"task"}
{"timestamp":"2025-09-04T10:55:01.778592","level":"info","event":"✅ Created Airbyte connection: 02ffe9fa-7db2-4a2d-ab4f-88df0a27f658","logger":"airflow.task.operators.unusual_prefix_e151c28edc61cde2512bcf1342da210082e12749_dynamic_airbyte_with_airflow.AirbyteConnectionCreator"}
{"timestamp":"2025-09-04T10:55:21.779252","level":"info","event":"Airbyte connection already created: 02ffe9fa-7db2-4a2d-ab4f-88df0a27f658","logger":"airflow.task.operators.unusual_prefix_e151c28edc61cde2512bcf1342da210082e12749_dynamic_airbyte_with_airflow.AirbyteConnectionCreator"}
{"timestamp":"2025-09-04T10:55:21.958409","level":"info","event":"Job(s) still running for connection 02ffe9fa-7db2-4a2d-ab4f-88df0a27f658","logger":"airflow.task.operators.unusual_prefix_e151c28edc61cde2512bcf1342da210082e12749_dynamic_airbyte_with_airflow.AirbyteConnectionCreator"}
{"timestamp":"2025-09-04T10:55:41.961081","level":"info","event":"Airbyte connection already created: 02ffe9fa-7db2-4a2d-ab4f-88df0a27f658","logger":"airflow.task.operators.unusual_prefix_e151c28edc61cde2512bcf1342da210082e12749_dynamic_airbyte_with_airflow.AirbyteConnectionCreator"}
{"timestamp":"2025-09-04T10:55:42.084134","level":"info","event":"Job(s) still running for connection 02ffe9fa-7db2-4a2d-ab4f-88df0a27f658","logger":"airflow.task.operators.unusual_prefix_e151c28edc61cde2512bcf1342da210082e12749_dynamic_airbyte_with_airflow.AirbyteConnectionCreator"}
{"timestamp":"2025-09-04T10:56:02.089786","level":"info","event":"Airbyte connection already created: 02ffe9fa-7db2-4a2d-ab4f-88df0a27f658","logger":"airflow.task.operators.unusual_prefix_e151c28edc61cde2512bcf1342da210082e12749_dynamic_airbyte_with_airflow.AirbyteConnectionCreator"}
{"timestamp":"2025-09-04T10:56:02.248173","level":"info","event":"No running jobs for connection 02ffe9fa-7db2-4a2d-ab4f-88df0a27f658. Proceeding.","logger":"airflow.task.operators.unusual_prefix_e151c28edc61cde2512bcf1342da210082e12749_dynamic_airbyte_with_airflow.AirbyteConnectionCreator"}
{"timestamp":"2025-09-04T10:56:02.248419","level":"info","event":"Success criteria met. Exiting.","logger":"airflow.task.operators.unusual_prefix_e151c28edc61cde2512bcf1342da210082e12749_dynamic_airbyte_with_airflow.AirbyteConnectionCreator"}
{"timestamp":"2025-09-04T10:56:02.262620Z","level":"info","event":"Task instance in success state","chan":"stdout","logger":"task"}
{"timestamp":"2025-09-04T10:56:02.262710Z","level":"info","event":" Previous state of the Task instance: TaskInstanceState.RUNNING","chan":"stdout","logger":"task"}
{"timestamp":"2025-09-04T10:56:02.265066Z","level":"info","event":"Task operator:<Task(AirbyteConnectionCreator): create_airbyte_connection>","chan":"stdout","logger":"task"}
