[2025-08-28T11:40:04.770+0000] {taskinstance.py:1083} INFO - Dependencies all met for <TaskInstance: airbyte_dynamic_connection.trigger_airbyte_sync manual__2025-08-28T11:39:21.532685+00:00 [queued]>
[2025-08-28T11:40:04.776+0000] {taskinstance.py:1083} INFO - Dependencies all met for <TaskInstance: airbyte_dynamic_connection.trigger_airbyte_sync manual__2025-08-28T11:39:21.532685+00:00 [queued]>
[2025-08-28T11:40:04.777+0000] {taskinstance.py:1279} INFO - 
--------------------------------------------------------------------------------
[2025-08-28T11:40:04.777+0000] {taskinstance.py:1280} INFO - Starting attempt 1 of 1
[2025-08-28T11:40:04.777+0000] {taskinstance.py:1281} INFO - 
--------------------------------------------------------------------------------
[2025-08-28T11:40:04.783+0000] {taskinstance.py:1300} INFO - Executing <Task(AirbyteTriggerSyncOperator): trigger_airbyte_sync> on 2025-08-28 11:39:21.532685+00:00
[2025-08-28T11:40:04.786+0000] {standard_task_runner.py:55} INFO - Started process 1610 to run task
[2025-08-28T11:40:04.788+0000] {standard_task_runner.py:82} INFO - Running: ['***', 'tasks', 'run', 'airbyte_dynamic_connection', 'trigger_airbyte_sync', 'manual__2025-08-28T11:39:21.532685+00:00', '--job-id', '51', '--raw', '--subdir', 'DAGS_FOLDER/dynamic-airbyte-with-***.py', '--cfg-path', '/tmp/tmpjma1al41']
[2025-08-28T11:40:04.789+0000] {standard_task_runner.py:83} INFO - Job 51: Subtask trigger_airbyte_sync
[2025-08-28T11:40:04.820+0000] {task_command.py:388} INFO - Running <TaskInstance: airbyte_dynamic_connection.trigger_airbyte_sync manual__2025-08-28T11:39:21.532685+00:00 [running]> on host 966b32814b47
[2025-08-28T11:40:04.861+0000] {taskinstance.py:1509} INFO - Exporting the following env vars:
AIRFLOW_CTX_DAG_OWNER=***
AIRFLOW_CTX_DAG_ID=airbyte_dynamic_connection
AIRFLOW_CTX_TASK_ID=trigger_airbyte_sync
AIRFLOW_CTX_EXECUTION_DATE=2025-08-28T11:39:21.532685+00:00
AIRFLOW_CTX_TRY_NUMBER=1
AIRFLOW_CTX_DAG_RUN_ID=manual__2025-08-28T11:39:21.532685+00:00
[2025-08-28T11:40:04.867+0000] {base.py:73} INFO - Using connection ID 'test-dynamic-airbyte-with-***' for task execution.
[2025-08-28T11:40:05.248+0000] {airbyte.py:77} INFO - Job 20 was submitted to Airbyte Server
[2025-08-28T11:40:05.249+0000] {airbyte.py:79} INFO - Waiting for job 20 to complete
[2025-08-28T11:40:35.275+0000] {base.py:73} INFO - Using connection ID 'test-dynamic-airbyte-with-***' for task execution.
[2025-08-28T11:41:05.521+0000] {base.py:73} INFO - Using connection ID 'test-dynamic-airbyte-with-***' for task execution.
[2025-08-28T11:41:05.591+0000] {airbyte.py:81} INFO - Job 20 completed successfully
[2025-08-28T11:41:05.625+0000] {taskinstance.py:1323} INFO - Marking task as SUCCESS. dag_id=airbyte_dynamic_connection, task_id=trigger_airbyte_sync, execution_date=20250828T113921, start_date=20250828T114004, end_date=20250828T114105
[2025-08-28T11:41:05.667+0000] {local_task_job.py:208} INFO - Task exited with return code 0
[2025-08-28T11:41:05.681+0000] {taskinstance.py:2578} INFO - 0 downstream tasks scheduled from follow-on schedule check
