{"timestamp":"2025-09-04T13:07:35.065978","level":"info","event":"DAG bundles loaded: dags-folder, example_dags","logger":"airflow.dag_processing.bundles.manager.DagBundlesManager"}
{"timestamp":"2025-09-04T13:07:35.066348","level":"info","event":"Filling up the DagBag from /opt/airflow/dags/dynamic-airbyte-with-airflow.py","logger":"airflow.models.dagbag.DagBag"}
{"timestamp":"2025-09-04T13:07:36.049561","level":"info","event":"Trying to parse the dbt project using dbt ls cache cosmos_cache__airbyte_dynamic_connection__my_project_dbt_group_11...","logger":"cosmos.dbt.graph"}
{"timestamp":"2025-09-04T13:07:36.083851","level":"info","event":"Cosmos performance: time to calculate cache identifier cosmos_cache__airbyte_dynamic_connection__my_project_dbt_group_11 for current version: 0.026260999991791323","logger":"cosmos.cache"}
{"timestamp":"2025-09-04T13:07:36.083923","level":"info","event":"Cosmos performance [08a7b81f246a|158]: The cache size for cosmos_cache__airbyte_dynamic_connection__my_project_dbt_group_11 is 4337","logger":"cosmos.dbt.graph"}
{"timestamp":"2025-09-04T13:07:36.084052","level":"info","event":"Cosmos performance: Cache hit for cosmos_cache__airbyte_dynamic_connection__my_project_dbt_group_11 - 2499a7507d070b7bbbbe009f3f50a3a8,d41d8cd98f00b204e9800998ecf8427e","logger":"cosmos.dbt.graph"}
{"timestamp":"2025-09-04T13:07:36.084414","level":"info","event":"Total nodes: 6","logger":"cosmos.dbt.graph"}
{"timestamp":"2025-09-04T13:07:36.084445","level":"info","event":"Total filtered nodes: 6","logger":"cosmos.dbt.graph"}
{"timestamp":"2025-09-04T13:07:36.084478","level":"info","event":"Cosmos performance (airbyte_dynamic_connection__my_project_dbt_group_11) -  [08a7b81f246a|158]: It took 0.0351s to parse the dbt project for DAG using LoadMode.DBT_LS_CACHE","logger":"cosmos.converter"}
{"timestamp":"2025-09-04T13:07:36.084753","level":"info","event":"Project /opt/airflow/dbt/my_project_dbt does not have {'packages.yml', 'dependencies.yml'}","logger":"cosmos.dbt.project"}
{"timestamp":"2025-09-04T13:07:36.085337","level":"info","event":"Project /opt/airflow/dbt/my_project_dbt does not have {'packages.yml', 'dependencies.yml'}","logger":"cosmos.dbt.project"}
{"timestamp":"2025-09-04T13:07:36.085965","level":"info","event":"Project /opt/airflow/dbt/my_project_dbt does not have {'packages.yml', 'dependencies.yml'}","logger":"cosmos.dbt.project"}
{"timestamp":"2025-09-04T13:07:36.086427","level":"info","event":"Project /opt/airflow/dbt/my_project_dbt does not have {'packages.yml', 'dependencies.yml'}","logger":"cosmos.dbt.project"}
{"timestamp":"2025-09-04T13:07:36.086858","level":"info","event":"Project /opt/airflow/dbt/my_project_dbt does not have {'packages.yml', 'dependencies.yml'}","logger":"cosmos.dbt.project"}
{"timestamp":"2025-09-04T13:07:36.087298","level":"info","event":"Project /opt/airflow/dbt/my_project_dbt does not have {'packages.yml', 'dependencies.yml'}","logger":"cosmos.dbt.project"}
{"timestamp":"2025-09-04T13:07:36.087603","level":"info","event":"Cosmos performance (airbyte_dynamic_connection__my_project_dbt_group_11) - [08a7b81f246a|158]: It took 0.00312s to build the Airflow DAG.","logger":"cosmos.converter"}
{"timestamp":"2025-09-04T13:07:36.088229","level":"warning","event":"/home/airflow/.local/lib/python3.12/site-packages/pydantic/main.py:463: UserWarning: Pydantic serializer warnings:\n  PydanticSerializationUnexpectedValue(Expected `str` - serialized value may not be as expected [input_value={'version': '2499a7507d07...y_project_dbt_group_11'}, input_type=dict])\n  return self.__pydantic_serializer__.to_python(\n","logger":"py.warnings"}
{"timestamp":"2025-09-04T13:07:36.117168Z","level":"info","event":"Task instance is in running state","chan":"stdout","logger":"task"}
{"timestamp":"2025-09-04T13:07:36.117329Z","level":"info","event":" Previous state of the Task instance: TaskInstanceState.QUEUED","chan":"stdout","logger":"task"}
{"timestamp":"2025-09-04T13:07:36.118600Z","level":"info","event":"Current task name:trigger_airbyte_sync","chan":"stdout","logger":"task"}
{"timestamp":"2025-09-04T13:07:36.118716Z","level":"info","event":"Dag name:airbyte_dynamic_connection","chan":"stdout","logger":"task"}
{"timestamp":"2025-09-04T13:07:36.121334","level":"warning","event":"/home/airflow/.local/lib/python3.12/site-packages/airflow/models/connection.py:471: DeprecationWarning: Using Connection.get_connection_from_secrets from `airflow.models` is deprecated.Please use `from airflow.sdk import Connection` instead\n  warnings.warn(\n","logger":"py.warnings"}
{"timestamp":"2025-09-04T13:07:36.132357","level":"warning","event":"Skipping masking for a secret as it's too short (<5 chars)","logger":"airflow.sdk.execution_time.secrets_masker"}
{"timestamp":"2025-09-04T13:07:36.133025","level":"info","event":"Connection Retrieved 'airbyte-with-airflow'","logger":"airflow.hooks.base"}
{"timestamp":"2025-09-04T13:07:36.164602","level":"error","event":"Task failed with exception","logger":"task","error_detail":[{"exc_type":"AirflowException","exc_value":"Expecting value: line 1 column 1 (char 0)","exc_notes":[],"syntax_error":null,"is_cause":false,"frames":[{"filename":"/home/airflow/.local/lib/python3.12/site-packages/airflow/sdk/execution_time/task_runner.py","lineno":918,"name":"run"},{"filename":"/home/airflow/.local/lib/python3.12/site-packages/airflow/sdk/execution_time/task_runner.py","lineno":1213,"name":"_execute_task"},{"filename":"/home/airflow/.local/lib/python3.12/site-packages/airflow/sdk/bases/operator.py","lineno":397,"name":"wrapper"},{"filename":"/home/airflow/.local/lib/python3.12/site-packages/airflow/providers/airbyte/operators/airbyte.py","lineno":84,"name":"execute"},{"filename":"/home/airflow/.local/lib/python3.12/site-packages/airflow/providers/airbyte/hooks/airbyte.py","lineno":165,"name":"submit_sync_connection"}],"is_group":false,"exceptions":[]},{"exc_type":"JSONDecodeError","exc_value":"Expecting value: line 1 column 1 (char 0)","exc_notes":[],"syntax_error":null,"is_cause":false,"frames":[{"filename":"/home/airflow/.local/lib/python3.12/site-packages/airflow/providers/airbyte/hooks/airbyte.py","lineno":157,"name":"submit_sync_connection"},{"filename":"/home/airflow/.local/lib/python3.12/site-packages/airbyte_api/jobs.py","lineno":100,"name":"create_job"},{"filename":"/home/airflow/.local/lib/python3.12/site-packages/airbyte_api/jobs.py","lineno":95,"name":"create_job"},{"filename":"/home/airflow/.local/lib/python3.12/site-packages/airbyte_api/_hooks/sdkhooks.py","lineno":41,"name":"before_request"},{"filename":"/home/airflow/.local/lib/python3.12/site-packages/airbyte_api/_hooks/clientcredentials.py","lineno":59,"name":"before_request"},{"filename":"/home/airflow/.local/lib/python3.12/site-packages/airbyte_api/_hooks/clientcredentials.py","lineno":125,"name":"do_token_request"},{"filename":"/home/airflow/.local/lib/python3.12/site-packages/requests/models.py","lineno":980,"name":"json"}],"is_group":false,"exceptions":[]},{"exc_type":"JSONDecodeError","exc_value":"Expecting value: line 1 column 1 (char 0)","exc_notes":[],"syntax_error":null,"is_cause":false,"frames":[{"filename":"/home/airflow/.local/lib/python3.12/site-packages/requests/models.py","lineno":976,"name":"json"},{"filename":"/usr/local/lib/python3.12/json/__init__.py","lineno":346,"name":"loads"},{"filename":"/usr/local/lib/python3.12/json/decoder.py","lineno":338,"name":"decode"},{"filename":"/usr/local/lib/python3.12/json/decoder.py","lineno":356,"name":"raw_decode"}],"is_group":false,"exceptions":[]}]}
{"timestamp":"2025-09-04T13:07:36.165419Z","level":"info","event":"Task instance in failure state","chan":"stdout","logger":"task"}
{"timestamp":"2025-09-04T13:07:36.169051Z","level":"info","event":"Task start","chan":"stdout","logger":"task"}
{"timestamp":"2025-09-04T13:07:36.169142Z","level":"info","event":"Task:<Task(AirbyteTriggerSyncOperator): trigger_airbyte_sync>","chan":"stdout","logger":"task"}
{"timestamp":"2025-09-04T13:07:36.169224Z","level":"info","event":"Failure caused by Expecting value: line 1 column 1 (char 0)","chan":"stdout","logger":"task"}
