{"timestamp":"2025-09-05T14:17:17.252056","level":"info","event":"DAG bundles loaded: dags-folder, example_dags","logger":"airflow.dag_processing.bundles.manager.DagBundlesManager"}
{"timestamp":"2025-09-05T14:17:17.252515","level":"info","event":"Filling up the DagBag from /opt/airflow/dags/airbyte-and-dbt-with-airflow.py","logger":"airflow.models.dagbag.DagBag"}
{"timestamp":"2025-09-05T14:17:17.266440","level":"info","event":"Trying to parse the dbt project using dbt ls cache cosmos_cache__airbyte_dynamic_connection__dbt_dynamic_alias...","logger":"cosmos.dbt.graph"}
{"timestamp":"2025-09-05T14:17:17.302021","level":"info","event":"Cosmos performance: time to calculate cache identifier cosmos_cache__airbyte_dynamic_connection__dbt_dynamic_alias for current version: 0.02612516700173728","logger":"cosmos.cache"}
{"timestamp":"2025-09-05T14:17:17.302128","level":"info","event":"Cosmos performance [5f5c1e41ce68|1313]: The cache size for cosmos_cache__airbyte_dynamic_connection__dbt_dynamic_alias is 4058","logger":"cosmos.dbt.graph"}
{"timestamp":"2025-09-05T14:17:17.302348","level":"info","event":"Cosmos performance: Cache hit for cosmos_cache__airbyte_dynamic_connection__dbt_dynamic_alias - 7f6c90e7b7fbd54d95119723ba858828,d41d8cd98f00b204e9800998ecf8427e","logger":"cosmos.dbt.graph"}
{"timestamp":"2025-09-05T14:17:17.302651","level":"info","event":"Total nodes: 5","logger":"cosmos.dbt.graph"}
{"timestamp":"2025-09-05T14:17:17.302689","level":"info","event":"Total filtered nodes: 5","logger":"cosmos.dbt.graph"}
{"timestamp":"2025-09-05T14:17:17.302740","level":"info","event":"Cosmos performance (airbyte_dynamic_connection__dbt_dynamic_alias) -  [5f5c1e41ce68|1313]: It took 0.0364s to parse the dbt project for DAG using LoadMode.DBT_LS_CACHE","logger":"cosmos.converter"}
{"timestamp":"2025-09-05T14:17:17.303012","level":"info","event":"Project /opt/airflow/dbt/my_project_dbt does not have {'packages.yml', 'dependencies.yml'}","logger":"cosmos.dbt.project"}
{"timestamp":"2025-09-05T14:17:17.303759","level":"info","event":"Project /opt/airflow/dbt/my_project_dbt does not have {'packages.yml', 'dependencies.yml'}","logger":"cosmos.dbt.project"}
{"timestamp":"2025-09-05T14:17:17.304532","level":"info","event":"Project /opt/airflow/dbt/my_project_dbt does not have {'packages.yml', 'dependencies.yml'}","logger":"cosmos.dbt.project"}
{"timestamp":"2025-09-05T14:17:17.304960","level":"info","event":"Project /opt/airflow/dbt/my_project_dbt does not have {'packages.yml', 'dependencies.yml'}","logger":"cosmos.dbt.project"}
{"timestamp":"2025-09-05T14:17:17.305369","level":"info","event":"Project /opt/airflow/dbt/my_project_dbt does not have {'packages.yml', 'dependencies.yml'}","logger":"cosmos.dbt.project"}
{"timestamp":"2025-09-05T14:17:17.305723","level":"info","event":"Project /opt/airflow/dbt/my_project_dbt does not have {'packages.yml', 'dependencies.yml'}","logger":"cosmos.dbt.project"}
{"timestamp":"2025-09-05T14:17:17.306325","level":"info","event":"Cosmos performance (airbyte_dynamic_connection__dbt_dynamic_alias) - [5f5c1e41ce68|1313]: It took 0.0036s to build the Airflow DAG.","logger":"cosmos.converter"}
{"timestamp":"2025-09-05T14:17:17.306851","level":"warning","event":"/home/airflow/.local/lib/python3.12/site-packages/pydantic/main.py:463: UserWarning: Pydantic serializer warnings:\n  PydanticSerializationUnexpectedValue(Expected `str` - serialized value may not be as expected [input_value={'version': '7f6c90e7b7fb...d': 'dbt_dynamic_alias'}, input_type=dict])\n  return self.__pydantic_serializer__.to_python(\n","logger":"py.warnings"}
{"timestamp":"2025-09-05T14:17:17.338424Z","level":"info","event":"Task instance is in running state","chan":"stdout","logger":"task"}
{"timestamp":"2025-09-05T14:17:17.338544Z","level":"info","event":" Previous state of the Task instance: TaskInstanceState.QUEUED","chan":"stdout","logger":"task"}
{"timestamp":"2025-09-05T14:17:17.339958Z","level":"info","event":"Current task name:trigger_airbyte_sync","chan":"stdout","logger":"task"}
{"timestamp":"2025-09-05T14:17:17.340065Z","level":"info","event":"Dag name:airbyte_dynamic_connection","chan":"stdout","logger":"task"}
{"timestamp":"2025-09-05T14:17:17.342290","level":"warning","event":"/home/airflow/.local/lib/python3.12/site-packages/airflow/models/connection.py:471: DeprecationWarning: Using Connection.get_connection_from_secrets from `airflow.models` is deprecated.Please use `from airflow.sdk import Connection` instead\n  warnings.warn(\n","logger":"py.warnings"}
{"timestamp":"2025-09-05T14:17:17.346924","level":"info","event":"Connection Retrieved 'airbyte-with-airflow'","logger":"airflow.hooks.base"}
{"timestamp":"2025-09-05T14:17:17.623426","level":"info","event":"Job 392 was submitted to Airbyte Server","logger":"airflow.task.operators.airflow.providers.airbyte.operators.airbyte.AirbyteTriggerSyncOperator"}
{"timestamp":"2025-09-05T14:17:17.623517","level":"info","event":"Waiting for job 392 to complete","logger":"airflow.task.operators.airflow.providers.airbyte.operators.airbyte.AirbyteTriggerSyncOperator"}
{"timestamp":"2025-09-05T14:17:47.673116","level":"info","event":"Connection Retrieved 'airbyte-with-airflow'","logger":"airflow.hooks.base"}
{"timestamp":"2025-09-05T14:17:47.701339","level":"info","event":"Job 392 completed successfully","logger":"airflow.task.operators.airflow.providers.airbyte.operators.airbyte.AirbyteTriggerSyncOperator"}
{"timestamp":"2025-09-05T14:17:47.702953","level":"info","event":"Pushing xcom","ti":"RuntimeTaskInstance(id=UUID('01991a3c-0b07-7bf9-9eeb-157d3a2352b9'), task_id='trigger_airbyte_sync', dag_id='airbyte_dynamic_connection', run_id='manual__2025-09-05T14:16:06.627895+00:00', try_number=1, map_index=-1, hostname='5f5c1e41ce68', context_carrier={}, task=<Task(AirbyteTriggerSyncOperator): trigger_airbyte_sync>, bundle_instance=LocalDagBundle(name=dags-folder), max_tries=0, start_date=datetime.datetime(2025, 9, 5, 14, 17, 16, 928187, tzinfo=datetime.timezone.utc), end_date=None, state=<TaskInstanceState.RUNNING: 'running'>, is_mapped=False, rendered_map_index=None, log_url='http://localhost:8080/dags/airbyte_dynamic_connection/runs/manual__2025-09-05T14%3A16%3A06.627895%2B00%3A00/tasks/trigger_airbyte_sync?try_number=1')","logger":"task"}
{"timestamp":"2025-09-05T14:17:47.743617Z","level":"info","event":"Task instance in success state","chan":"stdout","logger":"task"}
{"timestamp":"2025-09-05T14:17:47.743789Z","level":"info","event":" Previous state of the Task instance: TaskInstanceState.RUNNING","chan":"stdout","logger":"task"}
{"timestamp":"2025-09-05T14:17:47.746281Z","level":"info","event":"Task operator:<Task(AirbyteTriggerSyncOperator): trigger_airbyte_sync>","chan":"stdout","logger":"task"}
