[2025-08-28T11:59:17.264+0000] {taskinstance.py:1083} INFO - Dependencies all met for <TaskInstance: airbyte_dynamic_connection.wait_for_airbyte_idle manual__2025-08-28T11:59:15.459149+00:00 [queued]>
[2025-08-28T11:59:17.269+0000] {taskinstance.py:1083} INFO - Dependencies all met for <TaskInstance: airbyte_dynamic_connection.wait_for_airbyte_idle manual__2025-08-28T11:59:15.459149+00:00 [queued]>
[2025-08-28T11:59:17.269+0000] {taskinstance.py:1279} INFO - 
--------------------------------------------------------------------------------
[2025-08-28T11:59:17.269+0000] {taskinstance.py:1280} INFO - Starting attempt 1 of 1
[2025-08-28T11:59:17.269+0000] {taskinstance.py:1281} INFO - 
--------------------------------------------------------------------------------
[2025-08-28T11:59:17.276+0000] {taskinstance.py:1300} INFO - Executing <Task(AirbyteJobSensor): wait_for_airbyte_idle> on 2025-08-28 11:59:15.459149+00:00
[2025-08-28T11:59:17.280+0000] {standard_task_runner.py:55} INFO - Started process 3686 to run task
[2025-08-28T11:59:17.283+0000] {standard_task_runner.py:82} INFO - Running: ['***', 'tasks', 'run', 'airbyte_dynamic_connection', 'wait_for_airbyte_idle', 'manual__2025-08-28T11:59:15.459149+00:00', '--job-id', '53', '--raw', '--subdir', 'DAGS_FOLDER/dynamic-airbyte-with-***.py', '--cfg-path', '/tmp/tmpble04k2g']
[2025-08-28T11:59:17.284+0000] {standard_task_runner.py:83} INFO - Job 53: Subtask wait_for_airbyte_idle
[2025-08-28T11:59:17.345+0000] {task_command.py:388} INFO - Running <TaskInstance: airbyte_dynamic_connection.wait_for_airbyte_idle manual__2025-08-28T11:59:15.459149+00:00 [running]> on host 966b32814b47
[2025-08-28T11:59:17.435+0000] {taskinstance.py:1509} INFO - Exporting the following env vars:
AIRFLOW_CTX_DAG_OWNER=***
AIRFLOW_CTX_DAG_ID=airbyte_dynamic_connection
AIRFLOW_CTX_TASK_ID=wait_for_airbyte_idle
AIRFLOW_CTX_EXECUTION_DATE=2025-08-28T11:59:15.459149+00:00
AIRFLOW_CTX_TRY_NUMBER=1
AIRFLOW_CTX_DAG_RUN_ID=manual__2025-08-28T11:59:15.459149+00:00
[2025-08-28T11:59:17.492+0000] {dynamic-airbyte-with-airflow.py:38} INFO - Job(s) still running for connection d66c3452-155a-4d29-97b9-e83ed4e7ad22
[2025-08-28T11:59:37.545+0000] {dynamic-airbyte-with-airflow.py:38} INFO - Job(s) still running for connection d66c3452-155a-4d29-97b9-e83ed4e7ad22
[2025-08-28T11:59:57.599+0000] {dynamic-airbyte-with-airflow.py:41} INFO - No running jobs. Proceeding.
[2025-08-28T11:59:57.600+0000] {base.py:228} INFO - Success criteria met. Exiting.
[2025-08-28T11:59:57.606+0000] {taskinstance.py:1323} INFO - Marking task as SUCCESS. dag_id=airbyte_dynamic_connection, task_id=wait_for_airbyte_idle, execution_date=20250828T115915, start_date=20250828T115917, end_date=20250828T115957
[2025-08-28T11:59:57.666+0000] {local_task_job.py:208} INFO - Task exited with return code 0
[2025-08-28T11:59:57.692+0000] {taskinstance.py:2578} INFO - 1 downstream tasks scheduled from follow-on schedule check
