[2025-09-03T19:03:58.711+0000] {taskinstance.py:1083} INFO - Dependencies all met for <TaskInstance: airbyte_dynamic_connection.create_destination manual__2025-09-03T19:03:53+00:00 [queued]>
[2025-09-03T19:03:58.716+0000] {taskinstance.py:1083} INFO - Dependencies all met for <TaskInstance: airbyte_dynamic_connection.create_destination manual__2025-09-03T19:03:53+00:00 [queued]>
[2025-09-03T19:03:58.716+0000] {taskinstance.py:1279} INFO - 
--------------------------------------------------------------------------------
[2025-09-03T19:03:58.716+0000] {taskinstance.py:1280} INFO - Starting attempt 1 of 1
[2025-09-03T19:03:58.716+0000] {taskinstance.py:1281} INFO - 
--------------------------------------------------------------------------------
[2025-09-03T19:03:58.723+0000] {taskinstance.py:1300} INFO - Executing <Task(PythonOperator): create_destination> on 2025-09-03 19:03:53+00:00
[2025-09-03T19:03:58.725+0000] {standard_task_runner.py:55} INFO - Started process 2257 to run task
[2025-09-03T19:03:58.728+0000] {standard_task_runner.py:82} INFO - Running: ['***', 'tasks', 'run', 'airbyte_dynamic_connection', 'create_destination', 'manual__2025-09-03T19:03:53+00:00', '--job-id', '205', '--raw', '--subdir', 'DAGS_FOLDER/dynamic-airbyte-with-***.py', '--cfg-path', '/tmp/tmp2irpzwvq']
[2025-09-03T19:03:58.728+0000] {standard_task_runner.py:83} INFO - Job 205: Subtask create_destination
[2025-09-03T19:03:58.771+0000] {task_command.py:388} INFO - Running <TaskInstance: airbyte_dynamic_connection.create_destination manual__2025-09-03T19:03:53+00:00 [running]> on host 966b32814b47
[2025-09-03T19:03:58.809+0000] {taskinstance.py:1509} INFO - Exporting the following env vars:
AIRFLOW_CTX_DAG_OWNER=***
AIRFLOW_CTX_DAG_ID=airbyte_dynamic_connection
AIRFLOW_CTX_TASK_ID=create_destination
AIRFLOW_CTX_EXECUTION_DATE=2025-09-03T19:03:53+00:00
AIRFLOW_CTX_TRY_NUMBER=1
AIRFLOW_CTX_DAG_RUN_ID=manual__2025-09-03T19:03:53+00:00
[2025-09-03T19:03:58.872+0000] {python.py:177} INFO - Done. Returned value was: None
[2025-09-03T19:03:58.879+0000] {taskinstance.py:1323} INFO - Marking task as SUCCESS. dag_id=airbyte_dynamic_connection, task_id=create_destination, execution_date=20250903T190353, start_date=20250903T190358, end_date=20250903T190358
[2025-09-03T19:03:58.909+0000] {local_task_job.py:208} INFO - Task exited with return code 0
[2025-09-03T19:03:58.935+0000] {taskinstance.py:2578} INFO - 0 downstream tasks scheduled from follow-on schedule check
