{"timestamp":"2025-09-04T10:56:03.683492","level":"info","event":"DAG bundles loaded: dags-folder, example_dags","logger":"airflow.dag_processing.bundles.manager.DagBundlesManager"}
{"timestamp":"2025-09-04T10:56:03.683978","level":"info","event":"Filling up the DagBag from /opt/airflow/dags/dynamic-airbyte-with-airflow.py","logger":"airflow.models.dagbag.DagBag"}
{"timestamp":"2025-09-04T10:56:04.459727","level":"info","event":"Trying to parse the dbt project using dbt ls cache cosmos_cache__airbyte_dynamic_connection__my_project_dbt_group_11...","logger":"cosmos.dbt.graph"}
{"timestamp":"2025-09-04T10:56:04.509062","level":"info","event":"Cosmos performance: time to calculate cache identifier cosmos_cache__airbyte_dynamic_connection__my_project_dbt_group_11 for current version: 0.03978762499173172","logger":"cosmos.cache"}
{"timestamp":"2025-09-04T10:56:04.509181","level":"info","event":"Cosmos performance [2b2e84620275|619]: The cache size for cosmos_cache__airbyte_dynamic_connection__my_project_dbt_group_11 is 4335","logger":"cosmos.dbt.graph"}
{"timestamp":"2025-09-04T10:56:04.509341","level":"info","event":"Cosmos performance: Cache hit for cosmos_cache__airbyte_dynamic_connection__my_project_dbt_group_11 - aad8d04d72ff7b6917b24f4cd2f34a0b,d41d8cd98f00b204e9800998ecf8427e","logger":"cosmos.dbt.graph"}
{"timestamp":"2025-09-04T10:56:04.509736","level":"info","event":"Total nodes: 6","logger":"cosmos.dbt.graph"}
{"timestamp":"2025-09-04T10:56:04.509771","level":"info","event":"Total filtered nodes: 6","logger":"cosmos.dbt.graph"}
{"timestamp":"2025-09-04T10:56:04.509808","level":"info","event":"Cosmos performance (airbyte_dynamic_connection__my_project_dbt_group_11) -  [2b2e84620275|619]: It took 0.0503s to parse the dbt project for DAG using LoadMode.DBT_LS_CACHE","logger":"cosmos.converter"}
{"timestamp":"2025-09-04T10:56:04.510035","level":"info","event":"Project /opt/airflow/dbt/my_project_dbt does not have {'dependencies.yml', 'packages.yml'}","logger":"cosmos.dbt.project"}
{"timestamp":"2025-09-04T10:56:04.510555","level":"info","event":"Project /opt/airflow/dbt/my_project_dbt does not have {'dependencies.yml', 'packages.yml'}","logger":"cosmos.dbt.project"}
{"timestamp":"2025-09-04T10:56:04.511140","level":"info","event":"Project /opt/airflow/dbt/my_project_dbt does not have {'dependencies.yml', 'packages.yml'}","logger":"cosmos.dbt.project"}
{"timestamp":"2025-09-04T10:56:04.511458","level":"info","event":"Project /opt/airflow/dbt/my_project_dbt does not have {'dependencies.yml', 'packages.yml'}","logger":"cosmos.dbt.project"}
{"timestamp":"2025-09-04T10:56:04.511750","level":"info","event":"Project /opt/airflow/dbt/my_project_dbt does not have {'dependencies.yml', 'packages.yml'}","logger":"cosmos.dbt.project"}
{"timestamp":"2025-09-04T10:56:04.512149","level":"info","event":"Project /opt/airflow/dbt/my_project_dbt does not have {'dependencies.yml', 'packages.yml'}","logger":"cosmos.dbt.project"}
{"timestamp":"2025-09-04T10:56:04.512592","level":"info","event":"Cosmos performance (airbyte_dynamic_connection__my_project_dbt_group_11) - [2b2e84620275|619]: It took 0.00278s to build the Airflow DAG.","logger":"cosmos.converter"}
{"timestamp":"2025-09-04T10:56:04.513845","level":"warning","event":"/home/airflow/.local/lib/python3.12/site-packages/pydantic/main.py:463: UserWarning: Pydantic serializer warnings:\n  PydanticSerializationUnexpectedValue(Expected `str` - serialized value may not be as expected [input_value={'version': 'aad8d04d72ff...y_project_dbt_group_11'}, input_type=dict])\n  return self.__pydantic_serializer__.to_python(\n","logger":"py.warnings"}
{"timestamp":"2025-09-04T10:56:04.529644Z","level":"info","event":"Task instance is in running state","chan":"stdout","logger":"task"}
{"timestamp":"2025-09-04T10:56:04.529763Z","level":"info","event":" Previous state of the Task instance: TaskInstanceState.QUEUED","chan":"stdout","logger":"task"}
{"timestamp":"2025-09-04T10:56:04.530658Z","level":"info","event":"Current task name:trigger_airbyte_sync","chan":"stdout","logger":"task"}
{"timestamp":"2025-09-04T10:56:04.530727Z","level":"info","event":"Dag name:airbyte_dynamic_connection","chan":"stdout","logger":"task"}
{"timestamp":"2025-09-04T10:56:04.532788","level":"warning","event":"/home/airflow/.local/lib/python3.12/site-packages/airflow/models/connection.py:471: DeprecationWarning: Using Connection.get_connection_from_secrets from `airflow.models` is deprecated.Please use `from airflow.sdk import Connection` instead\n  warnings.warn(\n","logger":"py.warnings"}
{"timestamp":"2025-09-04T10:56:04.544141","level":"info","event":"Connection Retrieved 'test-airbyte-and-dbt-with-airflow'","logger":"airflow.hooks.base"}
{"timestamp":"2025-09-04T10:56:04.545824","level":"error","event":"Task failed with exception","logger":"task","error_detail":[{"exc_type":"AirflowException","exc_value":"Invalid URL 'host.docker.internal/jobs': No scheme supplied. Perhaps you meant https://host.docker.internal/jobs?","exc_notes":[],"syntax_error":null,"is_cause":false,"frames":[{"filename":"/home/airflow/.local/lib/python3.12/site-packages/airflow/sdk/execution_time/task_runner.py","lineno":918,"name":"run"},{"filename":"/home/airflow/.local/lib/python3.12/site-packages/airflow/sdk/execution_time/task_runner.py","lineno":1213,"name":"_execute_task"},{"filename":"/home/airflow/.local/lib/python3.12/site-packages/airflow/sdk/bases/operator.py","lineno":397,"name":"wrapper"},{"filename":"/home/airflow/.local/lib/python3.12/site-packages/airflow/providers/airbyte/operators/airbyte.py","lineno":84,"name":"execute"},{"filename":"/home/airflow/.local/lib/python3.12/site-packages/airflow/providers/airbyte/hooks/airbyte.py","lineno":185,"name":"submit_sync_connection"}],"is_group":false,"exceptions":[]},{"exc_type":"MissingSchema","exc_value":"Invalid URL 'host.docker.internal/jobs': No scheme supplied. Perhaps you meant https://host.docker.internal/jobs?","exc_notes":[],"syntax_error":null,"is_cause":false,"frames":[{"filename":"/home/airflow/.local/lib/python3.12/site-packages/airflow/providers/airbyte/hooks/airbyte.py","lineno":176,"name":"submit_sync_connection"},{"filename":"/home/airflow/.local/lib/python3.12/site-packages/airbyte_api/jobs.py","lineno":100,"name":"create_job"},{"filename":"/home/airflow/.local/lib/python3.12/site-packages/airbyte_api/jobs.py","lineno":94,"name":"create_job"},{"filename":"/home/airflow/.local/lib/python3.12/site-packages/requests/sessions.py","lineno":484,"name":"prepare_request"},{"filename":"/home/airflow/.local/lib/python3.12/site-packages/requests/models.py","lineno":367,"name":"prepare"},{"filename":"/home/airflow/.local/lib/python3.12/site-packages/requests/models.py","lineno":438,"name":"prepare_url"}],"is_group":false,"exceptions":[]}]}
{"timestamp":"2025-09-04T10:56:04.546325Z","level":"info","event":"Task instance in failure state","chan":"stdout","logger":"task"}
{"timestamp":"2025-09-04T10:56:04.547400Z","level":"info","event":"Task start","chan":"stdout","logger":"task"}
{"timestamp":"2025-09-04T10:56:04.547490Z","level":"info","event":"Task:<Task(AirbyteTriggerSyncOperator): trigger_airbyte_sync>","chan":"stdout","logger":"task"}
{"timestamp":"2025-09-04T10:56:04.547569Z","level":"info","event":"Failure caused by Invalid URL 'host.docker.internal/jobs': No scheme supplied. Perhaps you meant https://host.docker.internal/jobs?","chan":"stdout","logger":"task"}
