[2025-08-29T14:11:40.629+0000] {taskinstance.py:1083} INFO - Dependencies all met for <TaskInstance: airbyte_dynamic_connection.create_custom_source_and_discover_schema manual__2025-08-29T14:11:09+00:00 [queued]>
[2025-08-29T14:11:40.639+0000] {taskinstance.py:1083} INFO - Dependencies all met for <TaskInstance: airbyte_dynamic_connection.create_custom_source_and_discover_schema manual__2025-08-29T14:11:09+00:00 [queued]>
[2025-08-29T14:11:40.639+0000] {taskinstance.py:1279} INFO - 
--------------------------------------------------------------------------------
[2025-08-29T14:11:40.640+0000] {taskinstance.py:1280} INFO - Starting attempt 1 of 1
[2025-08-29T14:11:40.640+0000] {taskinstance.py:1281} INFO - 
--------------------------------------------------------------------------------
[2025-08-29T14:11:40.645+0000] {taskinstance.py:1300} INFO - Executing <Task(PythonOperator): create_custom_source_and_discover_schema> on 2025-08-29 14:11:09+00:00
[2025-08-29T14:11:40.648+0000] {standard_task_runner.py:55} INFO - Started process 18193 to run task
[2025-08-29T14:11:40.651+0000] {standard_task_runner.py:82} INFO - Running: ['***', 'tasks', 'run', 'airbyte_dynamic_connection', 'create_custom_source_and_discover_schema', 'manual__2025-08-29T14:11:09+00:00', '--job-id', '133', '--raw', '--subdir', 'DAGS_FOLDER/dynamic-airbyte-with-***.py', '--cfg-path', '/tmp/tmpe1qedg87']
[2025-08-29T14:11:40.651+0000] {standard_task_runner.py:83} INFO - Job 133: Subtask create_custom_source_and_discover_schema
[2025-08-29T14:11:40.688+0000] {task_command.py:388} INFO - Running <TaskInstance: airbyte_dynamic_connection.create_custom_source_and_discover_schema manual__2025-08-29T14:11:09+00:00 [running]> on host 966b32814b47
[2025-08-29T14:11:40.721+0000] {taskinstance.py:1509} INFO - Exporting the following env vars:
AIRFLOW_CTX_DAG_OWNER=***
AIRFLOW_CTX_DAG_ID=airbyte_dynamic_connection
AIRFLOW_CTX_TASK_ID=create_custom_source_and_discover_schema
AIRFLOW_CTX_EXECUTION_DATE=2025-08-29T14:11:09+00:00
AIRFLOW_CTX_TRY_NUMBER=1
AIRFLOW_CTX_DAG_RUN_ID=manual__2025-08-29T14:11:09+00:00
[2025-08-29T14:11:47.758+0000] {python.py:177} INFO - Done. Returned value was: None
[2025-08-29T14:11:47.766+0000] {taskinstance.py:1323} INFO - Marking task as SUCCESS. dag_id=airbyte_dynamic_connection, task_id=create_custom_source_and_discover_schema, execution_date=20250829T141109, start_date=20250829T141140, end_date=20250829T141147
[2025-08-29T14:11:47.794+0000] {local_task_job.py:208} INFO - Task exited with return code 0
[2025-08-29T14:11:47.810+0000] {taskinstance.py:2578} INFO - 1 downstream tasks scheduled from follow-on schedule check
