[2025-08-28T12:47:26.374+0000] {taskinstance.py:1083} INFO - Dependencies all met for <TaskInstance: airbyte_dynamic_connection.discover_schema manual__2025-08-28T12:46:51.125359+00:00 [queued]>
[2025-08-28T12:47:26.386+0000] {taskinstance.py:1083} INFO - Dependencies all met for <TaskInstance: airbyte_dynamic_connection.discover_schema manual__2025-08-28T12:46:51.125359+00:00 [queued]>
[2025-08-28T12:47:26.388+0000] {taskinstance.py:1279} INFO - 
--------------------------------------------------------------------------------
[2025-08-28T12:47:26.388+0000] {taskinstance.py:1280} INFO - Starting attempt 1 of 1
[2025-08-28T12:47:26.389+0000] {taskinstance.py:1281} INFO - 
--------------------------------------------------------------------------------
[2025-08-28T12:47:26.401+0000] {taskinstance.py:1300} INFO - Executing <Task(PythonOperator): discover_schema> on 2025-08-28 12:46:51.125359+00:00
[2025-08-28T12:47:26.408+0000] {standard_task_runner.py:55} INFO - Started process 3775 to run task
[2025-08-28T12:47:26.411+0000] {standard_task_runner.py:82} INFO - Running: ['***', 'tasks', 'run', 'airbyte_dynamic_connection', 'discover_schema', 'manual__2025-08-28T12:46:51.125359+00:00', '--job-id', '113', '--raw', '--subdir', 'DAGS_FOLDER/dynamic-airbyte-with-***.py', '--cfg-path', '/tmp/tmpe1fbob2v']
[2025-08-28T12:47:26.412+0000] {standard_task_runner.py:83} INFO - Job 113: Subtask discover_schema
[2025-08-28T12:47:26.496+0000] {task_command.py:388} INFO - Running <TaskInstance: airbyte_dynamic_connection.discover_schema manual__2025-08-28T12:46:51.125359+00:00 [running]> on host 966b32814b47
[2025-08-28T12:47:26.549+0000] {taskinstance.py:1509} INFO - Exporting the following env vars:
AIRFLOW_CTX_DAG_OWNER=***
AIRFLOW_CTX_DAG_ID=airbyte_dynamic_connection
AIRFLOW_CTX_TASK_ID=discover_schema
AIRFLOW_CTX_EXECUTION_DATE=2025-08-28T12:46:51.125359+00:00
AIRFLOW_CTX_TRY_NUMBER=1
AIRFLOW_CTX_DAG_RUN_ID=manual__2025-08-28T12:46:51.125359+00:00
[2025-08-28T12:47:26.823+0000] {python.py:177} INFO - Done. Returned value was: None
[2025-08-28T12:47:26.837+0000] {taskinstance.py:1323} INFO - Marking task as SUCCESS. dag_id=airbyte_dynamic_connection, task_id=discover_schema, execution_date=20250828T124651, start_date=20250828T124726, end_date=20250828T124726
[2025-08-28T12:47:26.883+0000] {local_task_job.py:208} INFO - Task exited with return code 0
[2025-08-28T12:47:26.907+0000] {taskinstance.py:2578} INFO - 1 downstream tasks scheduled from follow-on schedule check
