{"timestamp":"2025-09-04T13:18:15.156995","level":"info","event":"DAG bundles loaded: dags-folder, example_dags","logger":"airflow.dag_processing.bundles.manager.DagBundlesManager"}
{"timestamp":"2025-09-04T13:18:15.157385","level":"info","event":"Filling up the DagBag from /opt/airflow/dags/dynamic-airbyte-with-airflow.py","logger":"airflow.models.dagbag.DagBag"}
{"timestamp":"2025-09-04T13:18:15.916108","level":"info","event":"Trying to parse the dbt project using dbt ls cache cosmos_cache__airbyte_dynamic_connection__my_project_dbt_group_11...","logger":"cosmos.dbt.graph"}
{"timestamp":"2025-09-04T13:18:15.950215","level":"info","event":"Cosmos performance: time to calculate cache identifier cosmos_cache__airbyte_dynamic_connection__my_project_dbt_group_11 for current version: 0.027725542022380978","logger":"cosmos.cache"}
{"timestamp":"2025-09-04T13:18:15.950438","level":"info","event":"Cosmos performance [3ac800a30ceb|157]: The cache size for cosmos_cache__airbyte_dynamic_connection__my_project_dbt_group_11 is 4337","logger":"cosmos.dbt.graph"}
{"timestamp":"2025-09-04T13:18:15.950587","level":"info","event":"Cosmos performance: Cache hit for cosmos_cache__airbyte_dynamic_connection__my_project_dbt_group_11 - 2499a7507d070b7bbbbe009f3f50a3a8,d41d8cd98f00b204e9800998ecf8427e","logger":"cosmos.dbt.graph"}
{"timestamp":"2025-09-04T13:18:15.950999","level":"info","event":"Total nodes: 6","logger":"cosmos.dbt.graph"}
{"timestamp":"2025-09-04T13:18:15.951030","level":"info","event":"Total filtered nodes: 6","logger":"cosmos.dbt.graph"}
{"timestamp":"2025-09-04T13:18:15.951062","level":"info","event":"Cosmos performance (airbyte_dynamic_connection__my_project_dbt_group_11) -  [3ac800a30ceb|157]: It took 0.0351s to parse the dbt project for DAG using LoadMode.DBT_LS_CACHE","logger":"cosmos.converter"}
{"timestamp":"2025-09-04T13:18:15.951371","level":"info","event":"Project /opt/airflow/dbt/my_project_dbt does not have {'dependencies.yml', 'packages.yml'}","logger":"cosmos.dbt.project"}
{"timestamp":"2025-09-04T13:18:15.951982","level":"info","event":"Project /opt/airflow/dbt/my_project_dbt does not have {'dependencies.yml', 'packages.yml'}","logger":"cosmos.dbt.project"}
{"timestamp":"2025-09-04T13:18:15.952819","level":"info","event":"Project /opt/airflow/dbt/my_project_dbt does not have {'dependencies.yml', 'packages.yml'}","logger":"cosmos.dbt.project"}
{"timestamp":"2025-09-04T13:18:15.953533","level":"info","event":"Project /opt/airflow/dbt/my_project_dbt does not have {'dependencies.yml', 'packages.yml'}","logger":"cosmos.dbt.project"}
{"timestamp":"2025-09-04T13:18:15.954072","level":"info","event":"Project /opt/airflow/dbt/my_project_dbt does not have {'dependencies.yml', 'packages.yml'}","logger":"cosmos.dbt.project"}
{"timestamp":"2025-09-04T13:18:15.954594","level":"info","event":"Project /opt/airflow/dbt/my_project_dbt does not have {'dependencies.yml', 'packages.yml'}","logger":"cosmos.dbt.project"}
{"timestamp":"2025-09-04T13:18:15.955045","level":"info","event":"Cosmos performance (airbyte_dynamic_connection__my_project_dbt_group_11) - [3ac800a30ceb|157]: It took 0.00397s to build the Airflow DAG.","logger":"cosmos.converter"}
{"timestamp":"2025-09-04T13:18:15.955923","level":"warning","event":"/home/airflow/.local/lib/python3.12/site-packages/pydantic/main.py:463: UserWarning: Pydantic serializer warnings:\n  PydanticSerializationUnexpectedValue(Expected `str` - serialized value may not be as expected [input_value={'version': '2499a7507d07...y_project_dbt_group_11'}, input_type=dict])\n  return self.__pydantic_serializer__.to_python(\n","logger":"py.warnings"}
{"timestamp":"2025-09-04T13:18:15.959493Z","level":"info","event":"Task instance is in running state","chan":"stdout","logger":"task"}
{"timestamp":"2025-09-04T13:18:15.959600Z","level":"info","event":" Previous state of the Task instance: TaskInstanceState.QUEUED","chan":"stdout","logger":"task"}
{"timestamp":"2025-09-04T13:18:15.960427Z","level":"info","event":"Current task name:create_airbyte_connection","chan":"stdout","logger":"task"}
{"timestamp":"2025-09-04T13:18:15.960497Z","level":"info","event":"Dag name:airbyte_dynamic_connection","chan":"stdout","logger":"task"}
{"timestamp":"2025-09-04T13:18:16.097090","level":"info","event":"✅ Created Airbyte connection: 1dc17940-74ed-4eba-a638-e9c42b9dc6b7","logger":"airflow.task.operators.unusual_prefix_e151c28edc61cde2512bcf1342da210082e12749_dynamic_airbyte_with_airflow.AirbyteConnectionCreator"}
{"timestamp":"2025-09-04T13:18:36.099568","level":"info","event":"Airbyte connection already created: 1dc17940-74ed-4eba-a638-e9c42b9dc6b7","logger":"airflow.task.operators.unusual_prefix_e151c28edc61cde2512bcf1342da210082e12749_dynamic_airbyte_with_airflow.AirbyteConnectionCreator"}
{"timestamp":"2025-09-04T13:18:36.209847","level":"info","event":"Job(s) still running for connection 1dc17940-74ed-4eba-a638-e9c42b9dc6b7","logger":"airflow.task.operators.unusual_prefix_e151c28edc61cde2512bcf1342da210082e12749_dynamic_airbyte_with_airflow.AirbyteConnectionCreator"}
{"timestamp":"2025-09-04T13:18:56.212707","level":"info","event":"Airbyte connection already created: 1dc17940-74ed-4eba-a638-e9c42b9dc6b7","logger":"airflow.task.operators.unusual_prefix_e151c28edc61cde2512bcf1342da210082e12749_dynamic_airbyte_with_airflow.AirbyteConnectionCreator"}
{"timestamp":"2025-09-04T13:18:56.248665","level":"info","event":"Job(s) still running for connection 1dc17940-74ed-4eba-a638-e9c42b9dc6b7","logger":"airflow.task.operators.unusual_prefix_e151c28edc61cde2512bcf1342da210082e12749_dynamic_airbyte_with_airflow.AirbyteConnectionCreator"}
{"timestamp":"2025-09-04T13:19:16.253637","level":"info","event":"Airbyte connection already created: 1dc17940-74ed-4eba-a638-e9c42b9dc6b7","logger":"airflow.task.operators.unusual_prefix_e151c28edc61cde2512bcf1342da210082e12749_dynamic_airbyte_with_airflow.AirbyteConnectionCreator"}
{"timestamp":"2025-09-04T13:19:16.337258","level":"info","event":"No running jobs for connection 1dc17940-74ed-4eba-a638-e9c42b9dc6b7. Proceeding.","logger":"airflow.task.operators.unusual_prefix_e151c28edc61cde2512bcf1342da210082e12749_dynamic_airbyte_with_airflow.AirbyteConnectionCreator"}
{"timestamp":"2025-09-04T13:19:16.337857","level":"info","event":"Success criteria met. Exiting.","logger":"airflow.task.operators.unusual_prefix_e151c28edc61cde2512bcf1342da210082e12749_dynamic_airbyte_with_airflow.AirbyteConnectionCreator"}
{"timestamp":"2025-09-04T13:19:16.353888Z","level":"info","event":"Task instance in success state","chan":"stdout","logger":"task"}
{"timestamp":"2025-09-04T13:19:16.354056Z","level":"info","event":" Previous state of the Task instance: TaskInstanceState.RUNNING","chan":"stdout","logger":"task"}
{"timestamp":"2025-09-04T13:19:16.356748Z","level":"info","event":"Task operator:<Task(AirbyteConnectionCreator): create_airbyte_connection>","chan":"stdout","logger":"task"}
