[2025-08-29T15:04:48.209+0000] {taskinstance.py:1083} INFO - Dependencies all met for <TaskInstance: airbyte_dynamic_connection.create_custom_source_and_discover_schema manual__2025-08-29T15:04:21+00:00 [queued]>
[2025-08-29T15:04:48.215+0000] {taskinstance.py:1083} INFO - Dependencies all met for <TaskInstance: airbyte_dynamic_connection.create_custom_source_and_discover_schema manual__2025-08-29T15:04:21+00:00 [queued]>
[2025-08-29T15:04:48.215+0000] {taskinstance.py:1279} INFO - 
--------------------------------------------------------------------------------
[2025-08-29T15:04:48.215+0000] {taskinstance.py:1280} INFO - Starting attempt 1 of 1
[2025-08-29T15:04:48.215+0000] {taskinstance.py:1281} INFO - 
--------------------------------------------------------------------------------
[2025-08-29T15:04:48.222+0000] {taskinstance.py:1300} INFO - Executing <Task(PythonOperator): create_custom_source_and_discover_schema> on 2025-08-29 15:04:21+00:00
[2025-08-29T15:04:48.225+0000] {standard_task_runner.py:55} INFO - Started process 23590 to run task
[2025-08-29T15:04:48.228+0000] {standard_task_runner.py:82} INFO - Running: ['***', 'tasks', 'run', 'airbyte_dynamic_connection', 'create_custom_source_and_discover_schema', 'manual__2025-08-29T15:04:21+00:00', '--job-id', '162', '--raw', '--subdir', 'DAGS_FOLDER/dynamic-airbyte-with-***.py', '--cfg-path', '/tmp/tmpv3ll6p3k']
[2025-08-29T15:04:48.228+0000] {standard_task_runner.py:83} INFO - Job 162: Subtask create_custom_source_and_discover_schema
[2025-08-29T15:04:48.272+0000] {task_command.py:388} INFO - Running <TaskInstance: airbyte_dynamic_connection.create_custom_source_and_discover_schema manual__2025-08-29T15:04:21+00:00 [running]> on host 966b32814b47
[2025-08-29T15:04:48.318+0000] {taskinstance.py:1509} INFO - Exporting the following env vars:
AIRFLOW_CTX_DAG_OWNER=***
AIRFLOW_CTX_DAG_ID=airbyte_dynamic_connection
AIRFLOW_CTX_TASK_ID=create_custom_source_and_discover_schema
AIRFLOW_CTX_EXECUTION_DATE=2025-08-29T15:04:21+00:00
AIRFLOW_CTX_TRY_NUMBER=1
AIRFLOW_CTX_DAG_RUN_ID=manual__2025-08-29T15:04:21+00:00
[2025-08-29T15:04:56.628+0000] {python.py:177} INFO - Done. Returned value was: None
[2025-08-29T15:04:56.633+0000] {taskinstance.py:1323} INFO - Marking task as SUCCESS. dag_id=airbyte_dynamic_connection, task_id=create_custom_source_and_discover_schema, execution_date=20250829T150421, start_date=20250829T150448, end_date=20250829T150456
[2025-08-29T15:04:56.657+0000] {local_task_job.py:208} INFO - Task exited with return code 0
[2025-08-29T15:04:56.670+0000] {taskinstance.py:2578} INFO - 1 downstream tasks scheduled from follow-on schedule check
