{"timestamp":"2025-09-05T05:38:21.643649","level":"info","event":"DAG bundles loaded: dags-folder, example_dags","logger":"airflow.dag_processing.bundles.manager.DagBundlesManager"}
{"timestamp":"2025-09-05T05:38:21.644043","level":"info","event":"Filling up the DagBag from /opt/airflow/dags/airbyte-and-dbt-with-airflow.py","logger":"airflow.models.dagbag.DagBag"}
{"timestamp":"2025-09-05T05:38:21.656748","level":"info","event":"Trying to parse the dbt project using dbt ls cache cosmos_cache__airbyte_dynamic_connection__my_project_dbt_group_11...","logger":"cosmos.dbt.graph"}
{"timestamp":"2025-09-05T05:38:21.693408","level":"info","event":"Cosmos performance: time to calculate cache identifier cosmos_cache__airbyte_dynamic_connection__my_project_dbt_group_11 for current version: 0.029731250018812716","logger":"cosmos.cache"}
{"timestamp":"2025-09-05T05:38:21.693534","level":"info","event":"Cosmos performance [5f5c1e41ce68|399]: The cache size for cosmos_cache__airbyte_dynamic_connection__my_project_dbt_group_11 is 4337","logger":"cosmos.dbt.graph"}
{"timestamp":"2025-09-05T05:38:21.693768","level":"info","event":"Cosmos performance: Cache hit for cosmos_cache__airbyte_dynamic_connection__my_project_dbt_group_11 - 2499a7507d070b7bbbbe009f3f50a3a8,d41d8cd98f00b204e9800998ecf8427e","logger":"cosmos.dbt.graph"}
{"timestamp":"2025-09-05T05:38:21.694142","level":"info","event":"Total nodes: 6","logger":"cosmos.dbt.graph"}
{"timestamp":"2025-09-05T05:38:21.694193","level":"info","event":"Total filtered nodes: 6","logger":"cosmos.dbt.graph"}
{"timestamp":"2025-09-05T05:38:21.694252","level":"info","event":"Cosmos performance (airbyte_dynamic_connection__my_project_dbt_group_11) -  [5f5c1e41ce68|399]: It took 0.0376s to parse the dbt project for DAG using LoadMode.DBT_LS_CACHE","logger":"cosmos.converter"}
{"timestamp":"2025-09-05T05:38:21.694503","level":"info","event":"Project /opt/airflow/dbt/my_project_dbt does not have {'packages.yml', 'dependencies.yml'}","logger":"cosmos.dbt.project"}
{"timestamp":"2025-09-05T05:38:21.695241","level":"info","event":"Project /opt/airflow/dbt/my_project_dbt does not have {'packages.yml', 'dependencies.yml'}","logger":"cosmos.dbt.project"}
{"timestamp":"2025-09-05T05:38:21.696011","level":"info","event":"Project /opt/airflow/dbt/my_project_dbt does not have {'packages.yml', 'dependencies.yml'}","logger":"cosmos.dbt.project"}
{"timestamp":"2025-09-05T05:38:21.696442","level":"info","event":"Project /opt/airflow/dbt/my_project_dbt does not have {'packages.yml', 'dependencies.yml'}","logger":"cosmos.dbt.project"}
{"timestamp":"2025-09-05T05:38:21.696835","level":"info","event":"Project /opt/airflow/dbt/my_project_dbt does not have {'packages.yml', 'dependencies.yml'}","logger":"cosmos.dbt.project"}
{"timestamp":"2025-09-05T05:38:21.697220","level":"info","event":"Project /opt/airflow/dbt/my_project_dbt does not have {'packages.yml', 'dependencies.yml'}","logger":"cosmos.dbt.project"}
{"timestamp":"2025-09-05T05:38:21.698001","level":"info","event":"Cosmos performance (airbyte_dynamic_connection__my_project_dbt_group_11) - [5f5c1e41ce68|399]: It took 0.00377s to build the Airflow DAG.","logger":"cosmos.converter"}
{"timestamp":"2025-09-05T05:38:21.698613","level":"warning","event":"/home/airflow/.local/lib/python3.12/site-packages/pydantic/main.py:463: UserWarning: Pydantic serializer warnings:\n  PydanticSerializationUnexpectedValue(Expected `str` - serialized value may not be as expected [input_value={'version': '2499a7507d07...y_project_dbt_group_11'}, input_type=dict])\n  return self.__pydantic_serializer__.to_python(\n","logger":"py.warnings"}
{"timestamp":"2025-09-05T05:38:21.705497Z","level":"info","event":"Task instance is in running state","chan":"stdout","logger":"task"}
{"timestamp":"2025-09-05T05:38:21.705701Z","level":"info","event":" Previous state of the Task instance: TaskInstanceState.QUEUED","chan":"stdout","logger":"task"}
{"timestamp":"2025-09-05T05:38:21.706620Z","level":"info","event":"Current task name:create_airbyte_connection","chan":"stdout","logger":"task"}
{"timestamp":"2025-09-05T05:38:21.706718Z","level":"info","event":"Dag name:airbyte_dynamic_connection","chan":"stdout","logger":"task"}
{"timestamp":"2025-09-05T05:38:22.218932","level":"info","event":"✅ Created Airbyte connection: 47e7bd3a-f52a-410c-84cd-13220d68f4c3","logger":"airflow.task.operators.unusual_prefix_ac7f737a65185fdcf9ad4977cf05b6ee6574fc89_airbyte_and_dbt_with_airflow.AirbyteConnectionCreator"}
{"timestamp":"2025-09-05T05:38:42.227158","level":"info","event":"Airbyte connection already created: 47e7bd3a-f52a-410c-84cd-13220d68f4c3","logger":"airflow.task.operators.unusual_prefix_ac7f737a65185fdcf9ad4977cf05b6ee6574fc89_airbyte_and_dbt_with_airflow.AirbyteConnectionCreator"}
{"timestamp":"2025-09-05T05:38:42.436770","level":"info","event":"Job(s) still running for connection 47e7bd3a-f52a-410c-84cd-13220d68f4c3","logger":"airflow.task.operators.unusual_prefix_ac7f737a65185fdcf9ad4977cf05b6ee6574fc89_airbyte_and_dbt_with_airflow.AirbyteConnectionCreator"}
{"timestamp":"2025-09-05T05:39:02.438949","level":"info","event":"Airbyte connection already created: 47e7bd3a-f52a-410c-84cd-13220d68f4c3","logger":"airflow.task.operators.unusual_prefix_ac7f737a65185fdcf9ad4977cf05b6ee6574fc89_airbyte_and_dbt_with_airflow.AirbyteConnectionCreator"}
{"timestamp":"2025-09-05T05:39:02.519849","level":"info","event":"Job(s) still running for connection 47e7bd3a-f52a-410c-84cd-13220d68f4c3","logger":"airflow.task.operators.unusual_prefix_ac7f737a65185fdcf9ad4977cf05b6ee6574fc89_airbyte_and_dbt_with_airflow.AirbyteConnectionCreator"}
{"timestamp":"2025-09-05T05:39:22.532421","level":"info","event":"Airbyte connection already created: 47e7bd3a-f52a-410c-84cd-13220d68f4c3","logger":"airflow.task.operators.unusual_prefix_ac7f737a65185fdcf9ad4977cf05b6ee6574fc89_airbyte_and_dbt_with_airflow.AirbyteConnectionCreator"}
{"timestamp":"2025-09-05T05:39:23.298155","level":"info","event":"No running jobs for connection 47e7bd3a-f52a-410c-84cd-13220d68f4c3. Proceeding.","logger":"airflow.task.operators.unusual_prefix_ac7f737a65185fdcf9ad4977cf05b6ee6574fc89_airbyte_and_dbt_with_airflow.AirbyteConnectionCreator"}
{"timestamp":"2025-09-05T05:39:23.298753","level":"info","event":"Success criteria met. Exiting.","logger":"airflow.task.operators.unusual_prefix_ac7f737a65185fdcf9ad4977cf05b6ee6574fc89_airbyte_and_dbt_with_airflow.AirbyteConnectionCreator"}
{"timestamp":"2025-09-05T05:39:23.333646Z","level":"info","event":"Task instance in success state","chan":"stdout","logger":"task"}
{"timestamp":"2025-09-05T05:39:23.333809Z","level":"info","event":" Previous state of the Task instance: TaskInstanceState.RUNNING","chan":"stdout","logger":"task"}
{"timestamp":"2025-09-05T05:39:23.339787Z","level":"info","event":"Task operator:<Task(AirbyteConnectionCreator): create_airbyte_connection>","chan":"stdout","logger":"task"}
