[2025-08-28T07:12:28.699+0000] {taskinstance.py:1083} INFO - Dependencies all met for <TaskInstance: airbyte_dynamic_connection.create_airbyte_connection manual__2025-08-28T07:12:27.930036+00:00 [queued]>
[2025-08-28T07:12:28.705+0000] {taskinstance.py:1083} INFO - Dependencies all met for <TaskInstance: airbyte_dynamic_connection.create_airbyte_connection manual__2025-08-28T07:12:27.930036+00:00 [queued]>
[2025-08-28T07:12:28.705+0000] {taskinstance.py:1279} INFO - 
--------------------------------------------------------------------------------
[2025-08-28T07:12:28.706+0000] {taskinstance.py:1280} INFO - Starting attempt 1 of 1
[2025-08-28T07:12:28.706+0000] {taskinstance.py:1281} INFO - 
--------------------------------------------------------------------------------
[2025-08-28T07:12:28.711+0000] {taskinstance.py:1300} INFO - Executing <Task(PythonOperator): create_airbyte_connection> on 2025-08-28 07:12:27.930036+00:00
[2025-08-28T07:12:28.714+0000] {standard_task_runner.py:55} INFO - Started process 26590 to run task
[2025-08-28T07:12:28.716+0000] {standard_task_runner.py:82} INFO - Running: ['***', 'tasks', 'run', 'airbyte_dynamic_connection', 'create_airbyte_connection', 'manual__2025-08-28T07:12:27.930036+00:00', '--job-id', '15', '--raw', '--subdir', 'DAGS_FOLDER/dynamic-airbyte-with-***.py', '--cfg-path', '/tmp/tmp6722r5ec']
[2025-08-28T07:12:28.716+0000] {standard_task_runner.py:83} INFO - Job 15: Subtask create_airbyte_connection
[2025-08-28T07:12:28.746+0000] {task_command.py:388} INFO - Running <TaskInstance: airbyte_dynamic_connection.create_airbyte_connection manual__2025-08-28T07:12:27.930036+00:00 [running]> on host 966b32814b47
[2025-08-28T07:12:28.789+0000] {taskinstance.py:1509} INFO - Exporting the following env vars:
AIRFLOW_CTX_DAG_OWNER=***
AIRFLOW_CTX_DAG_ID=airbyte_dynamic_connection
AIRFLOW_CTX_TASK_ID=create_airbyte_connection
AIRFLOW_CTX_EXECUTION_DATE=2025-08-28T07:12:27.930036+00:00
AIRFLOW_CTX_TRY_NUMBER=1
AIRFLOW_CTX_DAG_RUN_ID=manual__2025-08-28T07:12:27.930036+00:00
[2025-08-28T07:12:28.930+0000] {python.py:177} INFO - Done. Returned value was: None
[2025-08-28T07:12:28.935+0000] {taskinstance.py:1323} INFO - Marking task as SUCCESS. dag_id=airbyte_dynamic_connection, task_id=create_airbyte_connection, execution_date=20250828T071227, start_date=20250828T071228, end_date=20250828T071228
[2025-08-28T07:12:28.979+0000] {local_task_job.py:208} INFO - Task exited with return code 0
[2025-08-28T07:12:28.992+0000] {taskinstance.py:2578} INFO - 1 downstream tasks scheduled from follow-on schedule check
